2026-02-09 05:16:09,208 - INFO - ==================================================
2026-02-09 05:16:09,208 - INFO - Distillation Training Configuration
2026-02-09 05:16:09,208 - INFO - ==================================================
2026-02-09 05:16:09,208 - INFO - GPUs: [4, 5, 6, 7]
2026-02-09 05:16:09,208 - INFO - World size: 4
2026-02-09 05:16:09,208 - INFO - Dataset: /media/hdd1/chuxiaohui/AI4Ocean_UATR/ShipsEar_622
2026-02-09 05:16:09,208 - INFO - Data type: wav_s@wav_t
2026-02-09 05:16:09,208 - INFO - Batch size: 16
2026-02-09 05:16:09,208 - INFO - Epochs: 100
2026-02-09 05:16:09,208 - INFO - Learning rate: 0.0005
2026-02-09 05:16:09,208 - INFO - Temperature: 2.0
2026-02-09 05:16:09,208 - INFO - Alpha: 0.3
2026-02-09 05:16:09,208 - INFO - Save dir: checkpoints/grid_shipsear/num_epochs100_weight_decay0.0001_batch_size16_lr0.0005_distill_typeMTSKD_Temp_freezeFalse_USE_DYNAMIC_DISTILL_WEIGHTTrue_p_encoder0.2_p_classifier0.3
2026-02-09 05:16:09,209 - INFO - ==================================================
2026-02-09 05:16:09,240 - INFO - Train dataset size: 2240
2026-02-09 05:16:09,240 - INFO - Validation dataset size: 749
2026-02-09 05:16:10,508 - INFO - Student params: 316,299 (0.32M)
2026-02-09 05:16:10,509 - INFO - Teacher params: 164,415,877 (164.42M)
2026-02-09 05:16:10,509 - INFO - Trainable params: 164,687,249 (164.69M)
2026-02-09 05:16:11,147 - INFO - Start training...
2026-02-09 05:16:11,148 - INFO - No checkpoint found, start from scratch
2026-02-09 05:16:32,461 - INFO - Epoch [1] Batch [0/35]                     Loss: 1.7246, Hard: 1.7246, Soft: 0.5300                     Acc: 12.50% LR: 0.000500                     Alpha: 0.5744425058364868                     Beta: 0.0                     MemKD: 0.5
2026-02-09 05:16:44,282 - INFO - Epoch [1] Batch [20/35]                     Loss: 1.6045, Hard: 1.6045, Soft: 0.3649                     Acc: 34.82% LR: 0.000500                     Alpha: 0.5744425058364868                     Beta: 0.0                     MemKD: 0.5
2026-02-09 05:17:16,362 - INFO - Epoch [1/100] Train Loss: 1.4275, Train Acc: 37.14%, Val Loss: 1.4429, Val Acc: 43.22%
2026-02-09 05:17:16,362 - INFO - Best model saved with accuracy: 43.22%
2026-02-09 05:17:37,014 - INFO - Epoch [2] Batch [0/35]                     Loss: 1.1535, Hard: 1.1535, Soft: 0.1933                     Acc: 43.75% LR: 0.000500                     Alpha: 0.5744425058364868                     Beta: 0.0                     MemKD: 0.5
2026-02-09 05:17:48,978 - INFO - Epoch [2] Batch [20/35]                     Loss: 1.3449, Hard: 1.3449, Soft: 0.2842                     Acc: 46.43% LR: 0.000500                     Alpha: 0.5744425058364868                     Beta: 0.0                     MemKD: 0.5
2026-02-09 05:18:22,405 - INFO - Epoch [2/100] Train Loss: 1.2725, Train Acc: 47.14%, Val Loss: 1.1361, Val Acc: 54.39%
2026-02-09 05:18:22,406 - INFO - Best model saved with accuracy: 54.39%
2026-02-09 05:18:41,237 - INFO - Epoch [3] Batch [0/35]                     Loss: 1.0742, Hard: 1.0742, Soft: 0.1818                     Acc: 50.00% LR: 0.000500                     Alpha: 0.5744425058364868                     Beta: 0.0                     MemKD: 0.5
2026-02-09 05:18:52,671 - INFO - Epoch [3] Batch [20/35]                     Loss: 1.3604, Hard: 1.3604, Soft: 0.2689                     Acc: 45.54% LR: 0.000500                     Alpha: 0.5744425058364868                     Beta: 0.0                     MemKD: 0.5
2026-02-09 05:19:23,385 - INFO - Epoch [3/100] Train Loss: 1.2169, Train Acc: 50.89%, Val Loss: 1.0960, Val Acc: 55.05%
2026-02-09 05:19:23,385 - INFO - Best model saved with accuracy: 55.05%
2026-02-09 05:19:43,496 - INFO - Epoch [4] Batch [0/35]                     Loss: 1.0111, Hard: 1.0111, Soft: 0.1451                     Acc: 68.75% LR: 0.000499                     Alpha: 0.5744425058364868                     Beta: 0.0                     MemKD: 0.5
2026-02-09 05:19:51,323 - INFO - Epoch [4] Batch [20/35]                     Loss: 1.2334, Hard: 1.2334, Soft: 0.2348                     Acc: 52.08% LR: 0.000499                     Alpha: 0.5744425058364868                     Beta: 0.0                     MemKD: 0.5
2026-02-09 05:20:18,699 - INFO - Epoch [4/100] Train Loss: 1.1612, Train Acc: 53.21%, Val Loss: 0.9973, Val Acc: 61.04%
2026-02-09 05:20:18,699 - INFO - Best model saved with accuracy: 61.04%
2026-02-09 05:20:37,485 - INFO - Epoch [5] Batch [0/35]                     Loss: 1.0812, Hard: 1.0812, Soft: 0.2079                     Acc: 68.75% LR: 0.000498                     Alpha: 0.5744425058364868                     Beta: 0.0                     MemKD: 0.5
2026-02-09 05:20:48,884 - INFO - Epoch [5] Batch [20/35]                     Loss: 1.1933, Hard: 1.1933, Soft: 0.1999                     Acc: 56.55% LR: 0.000498                     Alpha: 0.5744425058364868                     Beta: 0.0                     MemKD: 0.5
2026-02-09 05:21:20,911 - INFO - Epoch [5/100] Train Loss: 1.1004, Train Acc: 56.07%, Val Loss: 1.0554, Val Acc: 56.38%
2026-02-09 05:21:41,874 - INFO - Epoch [6] Batch [0/35]                     Loss: 1.0342, Hard: 1.0342, Soft: 0.1976                     Acc: 50.00% LR: 0.000497                     Alpha: 0.5744425058364868                     Beta: 0.0                     MemKD: 0.5
2026-02-09 05:21:52,570 - INFO - Epoch [6] Batch [20/35]                     Loss: 1.4053, Hard: 1.4053, Soft: 0.2445                     Acc: 58.63% LR: 0.000497                     Alpha: 0.5744425058364868                     Beta: 0.0                     MemKD: 0.5
2026-02-09 05:22:22,866 - INFO - Epoch [6/100] Train Loss: 1.0406, Train Acc: 58.93%, Val Loss: 1.0071, Val Acc: 60.64%
2026-02-09 05:22:42,999 - INFO - Epoch [7] Batch [0/35]                     Loss: 0.9610, Hard: 0.9610, Soft: 0.1493                     Acc: 56.25% LR: 0.000496                     Alpha: 0.5744425058364868                     Beta: 0.0                     MemKD: 0.5
2026-02-09 05:22:54,515 - INFO - Epoch [7] Batch [20/35]                     Loss: 0.8814, Hard: 0.8814, Soft: 0.1480                     Acc: 61.90% LR: 0.000496                     Alpha: 0.5744425058364868                     Beta: 0.0                     MemKD: 0.5
2026-02-09 05:23:26,101 - INFO - Epoch [7/100] Train Loss: 1.0001, Train Acc: 62.14%, Val Loss: 0.9623, Val Acc: 63.03%
2026-02-09 05:23:26,101 - INFO - Best model saved with accuracy: 63.03%
2026-02-09 05:23:46,218 - INFO - Epoch [8] Batch [0/35]                     Loss: 0.7106, Hard: 0.7106, Soft: 0.1396                     Acc: 81.25% LR: 0.000494                     Alpha: 0.5744425058364868                     Beta: 0.0                     MemKD: 0.5
2026-02-09 05:23:57,330 - INFO - Epoch [8] Batch [20/35]                     Loss: 0.7351, Hard: 0.7351, Soft: 0.1468                     Acc: 62.80% LR: 0.000494                     Alpha: 0.5744425058364868                     Beta: 0.0                     MemKD: 0.5
2026-02-09 05:24:26,810 - INFO - Epoch [8/100] Train Loss: 1.0200, Train Acc: 61.43%, Val Loss: 0.8460, Val Acc: 67.42%
2026-02-09 05:24:26,811 - INFO - Best model saved with accuracy: 67.42%
2026-02-09 05:24:45,257 - INFO - Epoch [9] Batch [0/35]                     Loss: 0.6809, Hard: 0.6809, Soft: 0.1112                     Acc: 68.75% LR: 0.000492                     Alpha: 0.5744425058364868                     Beta: 0.0                     MemKD: 0.5
2026-02-09 05:24:54,244 - INFO - Epoch [9] Batch [20/35]                     Loss: 1.3503, Hard: 1.3503, Soft: 0.2412                     Acc: 62.50% LR: 0.000492                     Alpha: 0.5744425058364868                     Beta: 0.0                     MemKD: 0.5
2026-02-09 05:25:22,260 - INFO - Epoch [9/100] Train Loss: 0.9338, Train Acc: 64.29%, Val Loss: 0.9011, Val Acc: 64.49%
2026-02-09 05:25:42,153 - INFO - Epoch [10] Batch [0/35]                     Loss: 0.8009, Hard: 0.8009, Soft: 0.1564                     Acc: 75.00% LR: 0.000490                     Alpha: 0.5744425058364868                     Beta: 0.0                     MemKD: 0.5
2026-02-09 05:25:53,914 - INFO - Epoch [10] Batch [20/35]                     Loss: 1.1543, Hard: 1.1543, Soft: 0.1549                     Acc: 62.20% LR: 0.000490                     Alpha: 0.5744425058364868                     Beta: 0.0                     MemKD: 0.5
2026-02-09 05:26:26,522 - INFO - Epoch [10/100] Train Loss: 0.9057, Train Acc: 64.29%, Val Loss: 0.8066, Val Acc: 69.68%
2026-02-09 05:26:26,522 - INFO - Best model saved with accuracy: 69.68%
2026-02-09 05:26:26,562 - INFO - Checkpoint saved at epoch 10
2026-02-09 05:26:46,177 - INFO - Epoch [11] Batch [0/35]                     Loss: 0.5407, Hard: 0.5407, Soft: 0.0991                     Acc: 87.50% LR: 0.000488                     Alpha: 0.5744425058364868                     Beta: 0.0                     MemKD: 0.5
2026-02-09 05:26:57,660 - INFO - Epoch [11] Batch [20/35]                     Loss: 1.0213, Hard: 1.0213, Soft: 0.1535                     Acc: 64.58% LR: 0.000488                     Alpha: 0.5744425058364868                     Beta: 0.0                     MemKD: 0.5
2026-02-09 05:27:30,765 - INFO - Epoch [11/100] Train Loss: 0.9167, Train Acc: 65.18%, Val Loss: 0.8267, Val Acc: 66.62%
2026-02-09 05:27:51,299 - INFO - Epoch [12] Batch [0/35]                     Loss: 0.6844, Hard: 0.6844, Soft: 0.1084                     Acc: 68.75% LR: 0.000485                     Alpha: 0.5744425058364868                     Beta: 0.0                     MemKD: 0.5
2026-02-09 05:28:02,737 - INFO - Epoch [12] Batch [20/35]                     Loss: 1.0700, Hard: 1.0700, Soft: 0.2035                     Acc: 69.35% LR: 0.000485                     Alpha: 0.5744425058364868                     Beta: 0.0                     MemKD: 0.5
2026-02-09 05:28:35,970 - INFO - Epoch [12/100] Train Loss: 0.7908, Train Acc: 70.18%, Val Loss: 0.8494, Val Acc: 67.15%
2026-02-09 05:28:56,654 - INFO - Epoch [13] Batch [0/35]                     Loss: 1.3729, Hard: 1.3729, Soft: 0.1696                     Acc: 43.75% LR: 0.000482                     Alpha: 0.5744425058364868                     Beta: 0.0                     MemKD: 0.5
2026-02-09 05:29:07,886 - INFO - Epoch [13] Batch [20/35]                     Loss: 1.0642, Hard: 1.0642, Soft: 0.1813                     Acc: 61.61% LR: 0.000482                     Alpha: 0.5744425058364868                     Beta: 0.0                     MemKD: 0.5
2026-02-09 05:29:39,843 - INFO - Epoch [13/100] Train Loss: 0.9359, Train Acc: 64.82%, Val Loss: 0.7656, Val Acc: 71.01%
2026-02-09 05:29:39,843 - INFO - Best model saved with accuracy: 71.01%
2026-02-09 05:30:02,247 - INFO - Epoch [14] Batch [0/35]                     Loss: 0.6486, Hard: 0.6486, Soft: 0.0931                     Acc: 75.00% LR: 0.000479                     Alpha: 0.5744425058364868                     Beta: 0.0                     MemKD: 0.5
2026-02-09 05:30:14,002 - INFO - Epoch [14] Batch [20/35]                     Loss: 0.5930, Hard: 0.5930, Soft: 0.1405                     Acc: 67.26% LR: 0.000479                     Alpha: 0.5744425058364868                     Beta: 0.0                     MemKD: 0.5
2026-02-09 05:30:44,716 - INFO - Epoch [14/100] Train Loss: 0.8315, Train Acc: 69.11%, Val Loss: 0.8013, Val Acc: 69.02%
2026-02-09 05:31:03,564 - INFO - Epoch [15] Batch [0/35]                     Loss: 0.8459, Hard: 0.8459, Soft: 0.1773                     Acc: 62.50% LR: 0.000476                     Alpha: 0.5744425058364868                     Beta: 0.0                     MemKD: 0.5
2026-02-09 05:31:12,094 - INFO - Epoch [15] Batch [20/35]                     Loss: 0.6749, Hard: 0.6749, Soft: 0.1318                     Acc: 70.54% LR: 0.000476                     Alpha: 0.5744425058364868                     Beta: 0.0                     MemKD: 0.5
2026-02-09 05:31:44,726 - INFO - Epoch [15/100] Train Loss: 0.8097, Train Acc: 70.89%, Val Loss: 0.8289, Val Acc: 65.43%
2026-02-09 05:32:04,611 - INFO - Epoch [16] Batch [0/35]                     Loss: 0.8050, Hard: 0.8050, Soft: 0.1544                     Acc: 68.75% LR: 0.000473                     Alpha: 0.5744425058364868                     Beta: 0.0                     MemKD: 0.5
2026-02-09 05:32:16,205 - INFO - Epoch [16] Batch [20/35]                     Loss: 0.8010, Hard: 0.8010, Soft: 0.1250                     Acc: 69.64% LR: 0.000473                     Alpha: 0.5744425058364868                     Beta: 0.0                     MemKD: 0.5
2026-02-09 05:32:46,733 - INFO - Epoch [16/100] Train Loss: 0.8074, Train Acc: 70.36%, Val Loss: 0.8683, Val Acc: 64.36%
2026-02-09 05:33:07,618 - INFO - Epoch [17] Batch [0/35]                     Loss: 1.1787, Hard: 1.1787, Soft: 0.2670                     Acc: 56.25% LR: 0.000469                     Alpha: 0.5744425058364868                     Beta: 0.0                     MemKD: 0.5
2026-02-09 05:33:18,940 - INFO - Epoch [17] Batch [20/35]                     Loss: 0.7798, Hard: 0.7798, Soft: 0.1502                     Acc: 72.32% LR: 0.000469                     Alpha: 0.5744425058364868                     Beta: 0.0                     MemKD: 0.5
2026-02-09 05:33:51,114 - INFO - Epoch [17/100] Train Loss: 0.7965, Train Acc: 71.61%, Val Loss: 0.8671, Val Acc: 66.49%
2026-02-09 05:34:11,265 - INFO - Epoch [18] Batch [0/35]                     Loss: 1.1519, Hard: 1.1519, Soft: 0.2530                     Acc: 56.25% LR: 0.000465                     Alpha: 0.5744425058364868                     Beta: 0.0                     MemKD: 0.5
2026-02-09 05:34:23,002 - INFO - Epoch [18] Batch [20/35]                     Loss: 0.6941, Hard: 0.6941, Soft: 0.1534                     Acc: 72.62% LR: 0.000465                     Alpha: 0.5744425058364868                     Beta: 0.0                     MemKD: 0.5
2026-02-09 05:34:54,417 - INFO - Epoch [18/100] Train Loss: 0.7639, Train Acc: 71.43%, Val Loss: 1.0786, Val Acc: 56.91%
2026-02-09 05:35:15,234 - INFO - Epoch [19] Batch [0/35]                     Loss: 0.4832, Hard: 0.4832, Soft: 0.1247                     Acc: 87.50% LR: 0.000461                     Alpha: 0.5744425058364868                     Beta: 0.0                     MemKD: 0.5
2026-02-09 05:35:27,031 - INFO - Epoch [19] Batch [20/35]                     Loss: 0.6338, Hard: 0.6338, Soft: 0.1857                     Acc: 75.60% LR: 0.000461                     Alpha: 0.5744425058364868                     Beta: 0.0                     MemKD: 0.5
2026-02-09 05:35:58,932 - INFO - Epoch [19/100] Train Loss: 0.7466, Train Acc: 71.61%, Val Loss: 0.8254, Val Acc: 66.36%
2026-02-09 05:36:18,331 - INFO - Epoch [20] Batch [0/35]                     Loss: 0.5356, Hard: 0.5356, Soft: 0.1148                     Acc: 81.25% LR: 0.000457                     Alpha: 0.5744425058364868                     Beta: 0.0                     MemKD: 0.5
2026-02-09 05:36:26,272 - INFO - Epoch [20] Batch [20/35]                     Loss: 0.8705, Hard: 0.8705, Soft: 0.1336                     Acc: 69.05% LR: 0.000457                     Alpha: 0.5744425058364868                     Beta: 0.0                     MemKD: 0.5
2026-02-09 05:36:54,341 - INFO - Epoch [20/100] Train Loss: 0.7801, Train Acc: 69.11%, Val Loss: 0.7114, Val Acc: 71.54%
2026-02-09 05:36:54,342 - INFO - Best model saved with accuracy: 71.54%
2026-02-09 05:36:54,406 - INFO - Checkpoint saved at epoch 20
2026-02-09 05:37:13,341 - INFO - Epoch [21] Batch [0/35]                     Loss: 0.6242, Hard: 0.6212, Soft: 0.1225                     Acc: 81.25% LR: 0.000452                     Alpha: 0.5744425058364868                     Beta: 0.0                     MemKD: 0.5
2026-02-09 05:37:25,202 - INFO - Epoch [21] Batch [20/35]                     Loss: 0.4505, Hard: 0.4482, Soft: 0.0903                     Acc: 74.70% LR: 0.000452                     Alpha: 0.5744425058364868                     Beta: -0.03810102120041847                     MemKD: 0.5083005428314209
2026-02-09 05:37:55,538 - INFO - Epoch [21/100] Train Loss: 0.7118, Train Acc: 73.57%, Val Loss: 0.7129, Val Acc: 72.47%
2026-02-09 05:37:55,539 - INFO - Best model saved with accuracy: 72.47%
2026-02-09 05:38:15,508 - INFO - Epoch [22] Batch [0/35]                     Loss: 0.9650, Hard: 0.9566, Soft: 0.1683                     Acc: 62.50% LR: 0.000448                     Alpha: 0.5744425058364868                     Beta: -0.06434833258390427                     MemKD: 0.5136285424232483
2026-02-09 05:38:27,307 - INFO - Epoch [22] Batch [20/35]                     Loss: 0.7972, Hard: 0.7926, Soft: 0.0926                     Acc: 75.30% LR: 0.000448                     Alpha: 0.5744425058364868                     Beta: -0.10098445415496826                     MemKD: 0.519439160823822
2026-02-09 05:38:59,805 - INFO - Epoch [22/100] Train Loss: 0.7247, Train Acc: 73.57%, Val Loss: 0.6349, Val Acc: 75.53%
2026-02-09 05:38:59,806 - INFO - Best model saved with accuracy: 75.53%
2026-02-09 05:39:19,303 - INFO - Epoch [23] Batch [0/35]                     Loss: 0.5809, Hard: 0.5751, Soft: 0.0775                     Acc: 75.00% LR: 0.000443                     Alpha: 0.5744425058364868                     Beta: -0.12482549995183945                     MemKD: 0.5233332514762878
2026-02-09 05:39:30,778 - INFO - Epoch [23] Batch [20/35]                     Loss: 0.7430, Hard: 0.7385, Soft: 0.0599                     Acc: 74.40% LR: 0.000443                     Alpha: 0.5744425058364868                     Beta: -0.15634706616401672                     MemKD: 0.5256440043449402
2026-02-09 05:40:02,625 - INFO - Epoch [23/100] Train Loss: 0.6841, Train Acc: 74.82%, Val Loss: 0.6802, Val Acc: 74.47%
2026-02-09 05:40:23,182 - INFO - Epoch [24] Batch [0/35]                     Loss: 0.7010, Hard: 0.6931, Soft: 0.0791                     Acc: 75.00% LR: 0.000438                     Alpha: 0.5744425058364868                     Beta: -0.17753513157367706                     MemKD: 0.5253605842590332
2026-02-09 05:40:34,799 - INFO - Epoch [24] Batch [20/35]                     Loss: 0.2673, Hard: 0.2707, Soft: -0.0343                     Acc: 74.40% LR: 0.000438                     Alpha: 0.5744425058364868                     Beta: -0.20704001188278198                     MemKD: 0.5234375596046448
2026-02-09 05:41:05,219 - INFO - Epoch [24/100] Train Loss: 0.7065, Train Acc: 73.57%, Val Loss: 0.7397, Val Acc: 72.74%
2026-02-09 05:41:25,895 - INFO - Epoch [25] Batch [0/35]                     Loss: 0.9084, Hard: 0.8978, Soft: 0.0852                     Acc: 62.50% LR: 0.000432                     Alpha: 0.5744425058364868                     Beta: -0.22810718417167664                     MemKD: 0.5215848684310913
2026-02-09 05:41:33,764 - INFO - Epoch [25] Batch [20/35]                     Loss: 0.4416, Hard: 0.4435, Soft: -0.0154                     Acc: 72.62% LR: 0.000432                     Alpha: 0.5744425058364868                     Beta: -0.2570771872997284                     MemKD: 0.5152788162231445
2026-02-09 05:42:03,823 - INFO - Epoch [25/100] Train Loss: 0.6926, Train Acc: 72.14%, Val Loss: 0.6559, Val Acc: 75.40%
2026-02-09 05:42:22,487 - INFO - Epoch [26] Batch [0/35]                     Loss: 0.3817, Hard: 0.3855, Soft: -0.0251                     Acc: 81.25% LR: 0.000427                     Alpha: 0.5744425058364868                     Beta: -0.27697181701660156                     MemKD: 0.511189341545105
2026-02-09 05:42:33,719 - INFO - Epoch [26] Batch [20/35]                     Loss: 0.8418, Hard: 0.8394, Soft: 0.0154                     Acc: 78.57% LR: 0.000427                     Alpha: 0.5744425058364868                     Beta: -0.30320611596107483                     MemKD: 0.5047979950904846
2026-02-09 05:43:06,364 - INFO - Epoch [26/100] Train Loss: 0.6225, Train Acc: 77.68%, Val Loss: 0.5984, Val Acc: 76.60%
2026-02-09 05:43:06,364 - INFO - Best model saved with accuracy: 76.60%
2026-02-09 05:43:27,260 - INFO - Epoch [27] Batch [0/35]                     Loss: 0.4993, Hard: 0.5039, Soft: -0.0265                     Acc: 81.25% LR: 0.000421                     Alpha: 0.5744425058364868                     Beta: -0.32190945744514465                     MemKD: 0.4996132254600525
2026-02-09 05:43:39,014 - INFO - Epoch [27] Batch [20/35]                     Loss: 0.5086, Hard: 0.5209, Soft: -0.0701                     Acc: 76.49% LR: 0.000421                     Alpha: 0.5744425058364868                     Beta: -0.34727171063423157                     MemKD: 0.49253442883491516
2026-02-09 05:44:10,866 - INFO - Epoch [27/100] Train Loss: 0.6594, Train Acc: 75.89%, Val Loss: 0.6910, Val Acc: 73.40%
2026-02-09 05:44:30,769 - INFO - Epoch [28] Batch [0/35]                     Loss: 0.7986, Hard: 0.7932, Soft: 0.0273                     Acc: 75.00% LR: 0.000415                     Alpha: 0.5744425058364868                     Beta: -0.3649243712425232                     MemKD: 0.487904816865921
2026-02-09 05:44:41,334 - INFO - Epoch [28] Batch [20/35]                     Loss: 0.4431, Hard: 0.4518, Soft: -0.0431                     Acc: 77.98% LR: 0.000415                     Alpha: 0.5744425058364868                     Beta: -0.387451708316803                     MemKD: 0.48207277059555054
2026-02-09 05:45:11,922 - INFO - Epoch [28/100] Train Loss: 0.6079, Train Acc: 77.86%, Val Loss: 0.7491, Val Acc: 70.74%
2026-02-09 05:45:30,464 - INFO - Epoch [29] Batch [0/35]                     Loss: 0.6887, Hard: 0.7111, Soft: -0.0992                     Acc: 62.50% LR: 0.000409                     Alpha: 0.5744425058364868                     Beta: -0.4047818183898926                     MemKD: 0.47705090045928955
2026-02-09 05:45:41,600 - INFO - Epoch [29] Batch [20/35]                     Loss: 0.5513, Hard: 0.5759, Soft: -0.1096                     Acc: 76.49% LR: 0.000409                     Alpha: 0.5744425058364868                     Beta: -0.4280267059803009                     MemKD: 0.47036024928092957
2026-02-09 05:46:12,532 - INFO - Epoch [29/100] Train Loss: 0.5501, Train Acc: 77.68%, Val Loss: 0.7262, Val Acc: 72.74%
2026-02-09 05:46:33,698 - INFO - Epoch [30] Batch [0/35]                     Loss: 0.5917, Hard: 0.6112, Soft: -0.0782                     Acc: 75.00% LR: 0.000403                     Alpha: 0.5744425058364868                     Beta: -0.4455351233482361                     MemKD: 0.4652588665485382
2026-02-09 05:46:41,462 - INFO - Epoch [30] Batch [20/35]                     Loss: 0.9350, Hard: 0.9398, Soft: -0.0190                     Acc: 80.65% LR: 0.000403                     Alpha: 0.5744425058364868                     Beta: -0.4680849015712738                     MemKD: 0.45870906114578247
2026-02-09 05:47:09,497 - INFO - Epoch [30/100] Train Loss: 0.5769, Train Acc: 78.57%, Val Loss: 0.6282, Val Acc: 75.13%
2026-02-09 05:47:09,528 - INFO - Checkpoint saved at epoch 30
2026-02-09 05:47:28,630 - INFO - Epoch [31] Batch [0/35]                     Loss: 0.6884, Hard: 0.7127, Soft: -0.0881                     Acc: 75.00% LR: 0.000397                     Alpha: 0.5744425058364868                     Beta: -0.4843296408653259                     MemKD: 0.45417967438697815
2026-02-09 05:47:40,376 - INFO - Epoch [31] Batch [20/35]                     Loss: 0.4522, Hard: 0.5058, Soft: -0.1950                     Acc: 75.89% LR: 0.000397                     Alpha: 0.5744425058364868                     Beta: -0.5054160952568054                     MemKD: 0.4484289586544037
2026-02-09 05:48:12,623 - INFO - Epoch [31/100] Train Loss: 0.5462, Train Acc: 77.32%, Val Loss: 0.6766, Val Acc: 74.07%
2026-02-09 05:48:32,529 - INFO - Epoch [32] Batch [0/35]                     Loss: 0.3437, Hard: 0.4115, Soft: -0.2261                     Acc: 93.75% LR: 0.000391                     Alpha: 0.5744425058364868                     Beta: -0.5211391448974609                     MemKD: 0.4440537691116333
2026-02-09 05:48:43,642 - INFO - Epoch [32] Batch [20/35]                     Loss: 0.4396, Hard: 0.5000, Soft: -0.2014                     Acc: 76.49% LR: 0.000391                     Alpha: 0.5744425058364868                     Beta: -0.5420113801956177                     MemKD: 0.4381636083126068
2026-02-09 05:49:15,855 - INFO - Epoch [32/100] Train Loss: 0.5266, Train Acc: 77.86%, Val Loss: 0.6677, Val Acc: 75.27%
2026-02-09 05:49:35,279 - INFO - Epoch [33] Batch [0/35]                     Loss: 0.3449, Hard: 0.4314, Soft: -0.2663                     Acc: 87.50% LR: 0.000384                     Alpha: 0.5744425058364868                     Beta: -0.5573426485061646                     MemKD: 0.43390077352523804
2026-02-09 05:49:46,006 - INFO - Epoch [33] Batch [20/35]                     Loss: 0.7394, Hard: 0.8080, Soft: -0.2111                     Acc: 76.19% LR: 0.000384                     Alpha: 0.5744425058364868                     Beta: -0.5771456956863403                     MemKD: 0.4284362196922302
2026-02-09 05:50:17,051 - INFO - Epoch [33/100] Train Loss: 0.5763, Train Acc: 75.18%, Val Loss: 0.5915, Val Acc: 76.99%
2026-02-09 05:50:17,052 - INFO - Best model saved with accuracy: 76.99%
2026-02-09 05:50:37,594 - INFO - Epoch [34] Batch [0/35]                     Loss: 0.4827, Hard: 0.5859, Soft: -0.2949                     Acc: 75.00% LR: 0.000377                     Alpha: 0.5744425058364868                     Beta: -0.5910466313362122                     MemKD: 0.4248465895652771
2026-02-09 05:50:48,549 - INFO - Epoch [34] Batch [20/35]                     Loss: 0.5326, Hard: 0.6305, Soft: -0.2796                     Acc: 80.36% LR: 0.000377                     Alpha: 0.5744425058364868                     Beta: -0.6103553175926208                     MemKD: 0.4195254147052765
2026-02-09 05:51:21,168 - INFO - Epoch [34/100] Train Loss: 0.4880, Train Acc: 77.86%, Val Loss: 0.9691, Val Acc: 62.77%
2026-02-09 05:51:40,252 - INFO - Epoch [35] Batch [0/35]                     Loss: 1.1409, Hard: 1.1646, Soft: -0.0633                     Acc: 56.25% LR: 0.000370                     Alpha: 0.5744425058364868                     Beta: -0.6238667368888855                     MemKD: 0.41598019003868103
2026-02-09 05:51:51,332 - INFO - Epoch [35] Batch [20/35]                     Loss: 0.2476, Hard: 0.3751, Soft: -0.3400                     Acc: 77.68% LR: 0.000370                     Alpha: 0.5744425058364868                     Beta: -0.6417558789253235                     MemKD: 0.41121160984039307
2026-02-09 05:52:23,388 - INFO - Epoch [35/100] Train Loss: 0.4932, Train Acc: 78.75%, Val Loss: 0.7505, Val Acc: 75.27%
2026-02-09 05:52:41,043 - INFO - Epoch [36] Batch [0/35]                     Loss: 0.2214, Hard: 0.3822, Soft: -0.4022                     Acc: 87.50% LR: 0.000363                     Alpha: 0.5744425058364868                     Beta: -0.6549825668334961                     MemKD: 0.407664954662323
2026-02-09 05:52:48,874 - INFO - Epoch [36] Batch [20/35]                     Loss: 0.4263, Hard: 0.5586, Soft: -0.3305                     Acc: 79.17% LR: 0.000363                     Alpha: 0.5744425058364868                     Beta: -0.672696590423584                     MemKD: 0.4028509855270386
2026-02-09 05:53:19,608 - INFO - Epoch [36/100] Train Loss: 0.4051, Train Acc: 78.93%, Val Loss: 0.5764, Val Acc: 78.72%
2026-02-09 05:53:19,608 - INFO - Best model saved with accuracy: 78.72%
2026-02-09 05:53:38,386 - INFO - Epoch [37] Batch [0/35]                     Loss: 0.1388, Hard: 0.3399, Soft: -0.4731                     Acc: 81.25% LR: 0.000356                     Alpha: 0.5744425058364868                     Beta: -0.6854427456855774                     MemKD: 0.39945846796035767
2026-02-09 05:53:50,531 - INFO - Epoch [37] Batch [20/35]                     Loss: 0.5760, Hard: 0.7324, Soft: -0.3681                     Acc: 79.17% LR: 0.000356                     Alpha: 0.5744425058364868                     Beta: -0.7022954225540161                     MemKD: 0.39499375224113464
2026-02-09 05:54:22,579 - INFO - Epoch [37/100] Train Loss: 0.3423, Train Acc: 80.00%, Val Loss: 0.5147, Val Acc: 80.85%
2026-02-09 05:54:22,579 - INFO - Best model saved with accuracy: 80.85%
2026-02-09 05:54:41,955 - INFO - Epoch [38] Batch [0/35]                     Loss: 0.0005, Hard: 0.2124, Soft: -0.4708                     Acc: 93.75% LR: 0.000349                     Alpha: 0.5744425058364868                     Beta: -0.7146907448768616                     MemKD: 0.39167967438697815
2026-02-09 05:54:53,564 - INFO - Epoch [38] Batch [20/35]                     Loss: 0.8094, Hard: 0.9181, Soft: -0.2417                     Acc: 84.82% LR: 0.000349                     Alpha: 0.5744425058364868                     Beta: -0.7310199737548828                     MemKD: 0.3872990310192108
2026-02-09 05:55:23,161 - INFO - Epoch [38/100] Train Loss: 0.2971, Train Acc: 83.04%, Val Loss: 0.9095, Val Acc: 67.82%
2026-02-09 05:55:42,716 - INFO - Epoch [39] Batch [0/35]                     Loss: 0.2216, Hard: 0.4481, Soft: -0.4770                     Acc: 75.00% LR: 0.000342                     Alpha: 0.5744425058364868                     Beta: -0.7425010204315186                     MemKD: 0.38434240221977234
2026-02-09 05:55:54,565 - INFO - Epoch [39] Batch [20/35]                     Loss: 0.0685, Hard: 0.3243, Soft: -0.5386                     Acc: 82.74% LR: 0.000342                     Alpha: 0.5744425058364868                     Beta: -0.757576584815979                     MemKD: 0.3804333508014679
2026-02-09 05:56:25,355 - INFO - Epoch [39/100] Train Loss: 0.2504, Train Acc: 82.14%, Val Loss: 0.5154, Val Acc: 81.25%
2026-02-09 05:56:25,355 - INFO - Best model saved with accuracy: 81.25%
2026-02-09 05:56:46,037 - INFO - Epoch [40] Batch [0/35]                     Loss: 0.1401, Hard: 0.4095, Soft: -0.5389                     Acc: 87.50% LR: 0.000335                     Alpha: 0.5744425058364868                     Beta: -0.7687292695045471                     MemKD: 0.37755459547042847
2026-02-09 05:56:57,098 - INFO - Epoch [40] Batch [20/35]                     Loss: 0.0010, Hard: 0.3137, Soft: -0.6253                     Acc: 79.17% LR: 0.000335                     Alpha: 0.5744425058364868                     Beta: -0.7830990552902222                     MemKD: 0.37387892603874207
2026-02-09 05:57:27,981 - INFO - Epoch [40/100] Train Loss: 0.2838, Train Acc: 80.00%, Val Loss: 0.5123, Val Acc: 80.45%
2026-02-09 05:57:28,035 - INFO - Checkpoint saved at epoch 40
2026-02-09 05:57:48,616 - INFO - Epoch [41] Batch [0/35]                     Loss: -0.0412, Hard: 0.2678, Soft: -0.5886                     Acc: 93.75% LR: 0.000327                     Alpha: 0.5744425058364868                     Beta: -0.7937039136886597                     MemKD: 0.37119102478027344
2026-02-09 05:57:56,660 - INFO - Epoch [41] Batch [20/35]                     Loss: 0.1802, Hard: 0.4449, Soft: -0.5043                     Acc: 81.85% LR: 0.000327                     Alpha: 0.5744425058364868                     Beta: -0.8074563145637512                     MemKD: 0.3677499294281006
2026-02-09 05:58:25,783 - INFO - Epoch [41/100] Train Loss: 0.2042, Train Acc: 83.39%, Val Loss: 0.5406, Val Acc: 79.92%
2026-02-09 05:58:45,958 - INFO - Epoch [42] Batch [0/35]                     Loss: 0.1893, Hard: 0.5051, Soft: -0.5741                     Acc: 75.00% LR: 0.000320                     Alpha: 0.5744425058364868                     Beta: -0.8177136182785034                     MemKD: 0.365162193775177
2026-02-09 05:58:57,780 - INFO - Epoch [42] Batch [20/35]                     Loss: 0.4381, Hard: 0.7003, Soft: -0.4768                     Acc: 83.33% LR: 0.000320                     Alpha: 0.5744425058364868                     Beta: -0.831352949142456                     MemKD: 0.3617124557495117
2026-02-09 05:59:28,040 - INFO - Epoch [42/100] Train Loss: 0.1212, Train Acc: 83.21%, Val Loss: 0.6222, Val Acc: 74.07%
2026-02-09 05:59:47,138 - INFO - Epoch [43] Batch [0/35]                     Loss: 0.1680, Hard: 0.5289, Soft: -0.6276                     Acc: 81.25% LR: 0.000312                     Alpha: 0.5744425058364868                     Beta: -0.8413194417953491                     MemKD: 0.3592149019241333
2026-02-09 05:59:58,989 - INFO - Epoch [43] Batch [20/35]                     Loss: 0.5104, Hard: 0.7216, Soft: -0.3673                     Acc: 81.55% LR: 0.000312                     Alpha: 0.5744425058364868                     Beta: -0.8542207479476929                     MemKD: 0.3560243844985962
2026-02-09 06:00:30,970 - INFO - Epoch [43/100] Train Loss: 0.1439, Train Acc: 82.14%, Val Loss: 0.8090, Val Acc: 70.48%
2026-02-09 06:00:49,987 - INFO - Epoch [44] Batch [0/35]                     Loss: -0.0498, Hard: 0.3665, Soft: -0.6937                     Acc: 87.50% LR: 0.000305                     Alpha: 0.5744425058364868                     Beta: -0.8635593056678772                     MemKD: 0.35375097393989563
2026-02-09 06:01:02,069 - INFO - Epoch [44] Batch [20/35]                     Loss: -0.1595, Hard: 0.2730, Soft: -0.7208                     Acc: 83.63% LR: 0.000305                     Alpha: 0.5744425058364868                     Beta: -0.8758901357650757                     MemKD: 0.35071513056755066
2026-02-09 06:01:35,266 - INFO - Epoch [44/100] Train Loss: 0.0790, Train Acc: 82.50%, Val Loss: 0.5154, Val Acc: 81.12%
2026-02-09 06:01:54,679 - INFO - Epoch [45] Batch [0/35]                     Loss: 0.0557, Hard: 0.4686, Soft: -0.6605                     Acc: 87.50% LR: 0.000297                     Alpha: 0.5744425058364868                     Beta: -0.8848798274993896                     MemKD: 0.3485339283943176
2026-02-09 06:02:06,127 - INFO - Epoch [45] Batch [20/35]                     Loss: 0.3022, Hard: 0.6579, Soft: -0.5690                     Acc: 86.31% LR: 0.000297                     Alpha: 0.5744425058364868                     Beta: -0.8968610763549805                     MemKD: 0.34558695554733276
2026-02-09 06:02:37,784 - INFO - Epoch [45/100] Train Loss: 0.0114, Train Acc: 83.57%, Val Loss: 0.5363, Val Acc: 80.85%
2026-02-09 06:02:57,712 - INFO - Epoch [46] Batch [0/35]                     Loss: 0.2582, Hard: 0.6548, Soft: -0.6101                     Acc: 75.00% LR: 0.000289                     Alpha: 0.5744425058364868                     Beta: -0.9055072069168091                     MemKD: 0.34351253509521484
2026-02-09 06:03:05,531 - INFO - Epoch [46] Batch [20/35]                     Loss: -0.0933, Hard: 0.3891, Soft: -0.7422                     Acc: 83.63% LR: 0.000289                     Alpha: 0.5744425058364868                     Beta: -0.9166346192359924                     MemKD: 0.34087297320365906
2026-02-09 06:03:33,886 - INFO - Epoch [46/100] Train Loss: 0.0291, Train Acc: 83.21%, Val Loss: 0.5843, Val Acc: 76.73%
2026-02-09 06:03:53,485 - INFO - Epoch [47] Batch [0/35]                     Loss: 0.1281, Hard: 0.5890, Soft: -0.6828                     Acc: 87.50% LR: 0.000281                     Alpha: 0.5744425058364868                     Beta: -0.9251144528388977                     MemKD: 0.3388315439224243
2026-02-09 06:04:05,141 - INFO - Epoch [47] Batch [20/35]                     Loss: 0.5070, Hard: 0.8736, Soft: -0.5431                     Acc: 82.14% LR: 0.000281                     Alpha: 0.5744425058364868                     Beta: -0.9357998371124268                     MemKD: 0.3363025486469269
2026-02-09 06:04:36,536 - INFO - Epoch [47/100] Train Loss: -0.0158, Train Acc: 83.21%, Val Loss: 0.4908, Val Acc: 81.38%
2026-02-09 06:04:36,537 - INFO - Best model saved with accuracy: 81.38%
2026-02-09 06:04:57,230 - INFO - Epoch [48] Batch [0/35]                     Loss: 0.2866, Hard: 0.6876, Soft: -0.5729                     Acc: 81.25% LR: 0.000274                     Alpha: 0.5744425058364868                     Beta: -0.943916916847229                     MemKD: 0.3343779146671295
2026-02-09 06:05:09,044 - INFO - Epoch [48] Batch [20/35]                     Loss: -0.3849, Hard: 0.1914, Soft: -0.8233                     Acc: 85.42% LR: 0.000274                     Alpha: 0.5744425058364868                     Beta: -0.9543225765228271                     MemKD: 0.3319326937198639
2026-02-09 06:05:39,872 - INFO - Epoch [48/100] Train Loss: -0.0588, Train Acc: 85.00%, Val Loss: 0.6921, Val Acc: 74.73%
2026-02-09 06:06:00,111 - INFO - Epoch [49] Batch [0/35]                     Loss: -0.2547, Hard: 0.2897, Soft: -0.7508                     Acc: 87.50% LR: 0.000266                     Alpha: 0.5744425058364868                     Beta: -0.9620163440704346                     MemKD: 0.3301227390766144
2026-02-09 06:06:11,580 - INFO - Epoch [49] Batch [20/35]                     Loss: 0.0833, Hard: 0.5803, Soft: -0.6856                     Acc: 83.33% LR: 0.000266                     Alpha: 0.5744425058364868                     Beta: -0.9719359278678894                     MemKD: 0.32780158519744873
2026-02-09 06:06:41,616 - INFO - Epoch [49/100] Train Loss: -0.1306, Train Acc: 85.54%, Val Loss: 0.4675, Val Acc: 82.71%
2026-02-09 06:06:41,616 - INFO - Best model saved with accuracy: 82.71%
2026-02-09 06:07:02,976 - INFO - Epoch [50] Batch [0/35]                     Loss: -0.3161, Hard: 0.3280, Soft: -0.8588                     Acc: 93.75% LR: 0.000258                     Alpha: 0.5744425058364868                     Beta: -0.9792748689651489                     MemKD: 0.3260912299156189
2026-02-09 06:07:14,368 - INFO - Epoch [50] Batch [20/35]                     Loss: -0.3833, Hard: 0.2574, Soft: -0.8542                     Acc: 86.01% LR: 0.000258                     Alpha: 0.5744425058364868                     Beta: -0.9889113903045654                     MemKD: 0.3238469958305359
2026-02-09 06:07:46,222 - INFO - Epoch [50/100] Train Loss: -0.1864, Train Acc: 85.36%, Val Loss: 0.4450, Val Acc: 84.31%
2026-02-09 06:07:46,222 - INFO - Best model saved with accuracy: 84.31%
2026-02-09 06:07:46,305 - INFO - Checkpoint saved at epoch 50
2026-02-09 06:08:07,286 - INFO - Epoch [51] Batch [0/35]                     Loss: -0.3979, Hard: 0.2854, Soft: -0.8817                     Acc: 87.50% LR: 0.000250                     Alpha: 0.5744425058364868                     Beta: -0.9962171912193298                     MemKD: 0.32214173674583435
2026-02-09 06:08:17,433 - INFO - Epoch [51] Batch [20/35]                     Loss: -0.4377, Hard: 0.2390, Soft: -0.8730                     Acc: 85.42% LR: 0.000250                     Alpha: 0.5744425058364868                     Beta: -1.0055400133132935                     MemKD: 0.31999844312667847
2026-02-09 06:08:48,173 - INFO - Epoch [51/100] Train Loss: -0.2281, Train Acc: 84.64%, Val Loss: 0.4665, Val Acc: 82.31%
2026-02-09 06:09:08,072 - INFO - Epoch [52] Batch [0/35]                     Loss: -0.2853, Hard: 0.3859, Soft: -0.8390                     Acc: 87.50% LR: 0.000242                     Alpha: 0.5744425058364868                     Beta: -1.0123852491378784                     MemKD: 0.31843453645706177
2026-02-09 06:09:18,928 - INFO - Epoch [52] Batch [20/35]                     Loss: -0.4460, Hard: 0.2527, Soft: -0.8734                     Acc: 83.93% LR: 0.000242                     Alpha: 0.5744425058364868                     Beta: -1.021146297454834                     MemKD: 0.31644976139068604
2026-02-09 06:09:49,225 - INFO - Epoch [52/100] Train Loss: -0.2242, Train Acc: 83.75%, Val Loss: 0.5510, Val Acc: 80.05%
2026-02-09 06:10:08,467 - INFO - Epoch [53] Batch [0/35]                     Loss: -0.4630, Hard: 0.2721, Soft: -0.8911                     Acc: 93.75% LR: 0.000234                     Alpha: 0.5744425058364868                     Beta: -1.02761971950531                     MemKD: 0.31499186158180237
2026-02-09 06:10:19,823 - INFO - Epoch [53] Batch [20/35]                     Loss: -0.3241, Hard: 0.3820, Soft: -0.8558                     Acc: 87.20% LR: 0.000234                     Alpha: 0.5744425058364868                     Beta: -1.0361555814743042                     MemKD: 0.3130571246147156
2026-02-09 06:10:50,174 - INFO - Epoch [53/100] Train Loss: -0.3375, Train Acc: 86.79%, Val Loss: 0.5094, Val Acc: 80.45%
2026-02-09 06:11:09,396 - INFO - Epoch [54] Batch [0/35]                     Loss: -0.0179, Hard: 0.6319, Soft: -0.7644                     Acc: 81.25% LR: 0.000226                     Alpha: 0.5744425058364868                     Beta: -1.0425108671188354                     MemKD: 0.3116246163845062
2026-02-09 06:11:20,200 - INFO - Epoch [54] Batch [20/35]                     Loss: -0.6011, Hard: 0.2243, Soft: -0.9710                     Acc: 83.63% LR: 0.000226                     Alpha: 0.5744425058364868                     Beta: -1.0506150722503662                     MemKD: 0.3098069131374359
2026-02-09 06:11:50,349 - INFO - Epoch [54/100] Train Loss: -0.3313, Train Acc: 84.11%, Val Loss: 0.4469, Val Acc: 83.24%
2026-02-09 06:12:09,902 - INFO - Epoch [55] Batch [0/35]                     Loss: -0.3805, Hard: 0.3868, Soft: -0.8769                     Acc: 87.50% LR: 0.000219                     Alpha: 0.5744425058364868                     Beta: -1.0565675497055054                     MemKD: 0.30848097801208496
2026-02-09 06:12:21,800 - INFO - Epoch [55] Batch [20/35]                     Loss: -0.3389, Hard: 0.4063, Soft: -0.8517                     Acc: 84.23% LR: 0.000219                     Alpha: 0.5744425058364868                     Beta: -1.0642796754837036                     MemKD: 0.3067626357078552
2026-02-09 06:12:52,095 - INFO - Epoch [55/100] Train Loss: -0.4024, Train Acc: 84.29%, Val Loss: 0.5753, Val Acc: 79.26%
2026-02-09 06:13:11,950 - INFO - Epoch [56] Batch [0/35]                     Loss: -0.4752, Hard: 0.3812, Soft: -0.9515                     Acc: 93.75% LR: 0.000211                     Alpha: 0.5744425058364868                     Beta: -1.0700327157974243                     MemKD: 0.3054826259613037
2026-02-09 06:13:23,411 - INFO - Epoch [56] Batch [20/35]                     Loss: -0.6176, Hard: 0.2378, Soft: -0.9505                     Acc: 86.31% LR: 0.000211                     Alpha: 0.5744425058364868                     Beta: -1.077344536781311                     MemKD: 0.3038588762283325
2026-02-09 06:13:55,262 - INFO - Epoch [56/100] Train Loss: -0.4437, Train Acc: 86.61%, Val Loss: 0.4773, Val Acc: 82.71%
2026-02-09 06:14:15,599 - INFO - Epoch [57] Batch [0/35]                     Loss: -0.0936, Hard: 0.6491, Soft: -0.8029                     Acc: 75.00% LR: 0.000203                     Alpha: 0.5744425058364868                     Beta: -1.0828230381011963                     MemKD: 0.3026471436023712
2026-02-09 06:14:23,414 - INFO - Epoch [57] Batch [20/35]                     Loss: -0.7125, Hard: 0.2481, Soft: -1.0385                     Acc: 86.31% LR: 0.000203                     Alpha: 0.5744425058364868                     Beta: -1.0898038148880005                     MemKD: 0.30112123489379883
2026-02-09 06:14:52,001 - INFO - Epoch [57/100] Train Loss: -0.4633, Train Acc: 86.43%, Val Loss: 0.4867, Val Acc: 82.18%
2026-02-09 06:15:13,491 - INFO - Epoch [58] Batch [0/35]                     Loss: -0.6964, Hard: 0.3131, Soft: -1.0627                     Acc: 87.50% LR: 0.000195                     Alpha: 0.5744425058364868                     Beta: -1.0951279401779175                     MemKD: 0.29995623230934143
2026-02-09 06:15:25,325 - INFO - Epoch [58] Batch [20/35]                     Loss: -0.6997, Hard: 0.3630, Soft: -1.1186                     Acc: 86.31% LR: 0.000195                     Alpha: 0.5744425058364868                     Beta: -1.1018863916397095                     MemKD: 0.29848286509513855
2026-02-09 06:15:59,358 - INFO - Epoch [58/100] Train Loss: -0.4792, Train Acc: 83.93%, Val Loss: 0.4813, Val Acc: 81.91%
2026-02-09 06:16:19,877 - INFO - Epoch [59] Batch [0/35]                     Loss: -0.6291, Hard: 0.3539, Soft: -1.0082                     Acc: 87.50% LR: 0.000188                     Alpha: 0.5744425058364868                     Beta: -1.1067854166030884                     MemKD: 0.297426700592041
2026-02-09 06:16:31,659 - INFO - Epoch [59] Batch [20/35]                     Loss: -0.7606, Hard: 0.2825, Soft: -1.0698                     Acc: 88.69% LR: 0.000188                     Alpha: 0.5744425058364868                     Beta: -1.113194227218628                     MemKD: 0.2960412800312042
2026-02-09 06:17:03,090 - INFO - Epoch [59/100] Train Loss: -0.6368, Train Acc: 88.21%, Val Loss: 0.5329, Val Acc: 79.92%
2026-02-09 06:17:23,544 - INFO - Epoch [60] Batch [0/35]                     Loss: -0.6726, Hard: 0.3080, Soft: -0.9806                     Acc: 87.50% LR: 0.000180                     Alpha: 0.5744425058364868                     Beta: -1.1180192232131958                     MemKD: 0.2949971556663513
2026-02-09 06:17:35,187 - INFO - Epoch [60] Batch [20/35]                     Loss: -0.7885, Hard: 0.2943, Soft: -1.0828                     Acc: 85.42% LR: 0.000180                     Alpha: 0.5744425058364868                     Beta: -1.124025821685791                     MemKD: 0.2937154173851013
2026-02-09 06:18:06,140 - INFO - Epoch [60/100] Train Loss: -0.5824, Train Acc: 86.25%, Val Loss: 0.6761, Val Acc: 76.46%
2026-02-09 06:18:06,202 - INFO - Checkpoint saved at epoch 60
2026-02-09 06:18:24,936 - INFO - Epoch [61] Batch [0/35]                     Loss: -0.1713, Hard: 0.6610, Soft: -0.8323                     Acc: 68.75% LR: 0.000173                     Alpha: 0.5744425058364868                     Beta: -1.1285494565963745                     MemKD: 0.29274603724479675
2026-02-09 06:18:36,840 - INFO - Epoch [61] Batch [20/35]                     Loss: -0.5301, Hard: 0.4104, Soft: -0.9405                     Acc: 85.71% LR: 0.000173                     Alpha: 0.5744425058364868                     Beta: -1.1342215538024902                     MemKD: 0.2915365993976593
2026-02-09 06:19:08,967 - INFO - Epoch [61/100] Train Loss: -0.5814, Train Acc: 84.82%, Val Loss: 0.5900, Val Acc: 77.13%
2026-02-09 06:19:29,033 - INFO - Epoch [62] Batch [0/35]                     Loss: -0.6491, Hard: 0.3961, Soft: -1.0452                     Acc: 81.25% LR: 0.000165                     Alpha: 0.5744425058364868                     Beta: -1.1383060216903687                     MemKD: 0.29067909717559814
2026-02-09 06:19:36,944 - INFO - Epoch [62] Batch [20/35]                     Loss: -0.5952, Hard: 0.4095, Soft: -1.0047                     Acc: 84.23% LR: 0.000165                     Alpha: 0.5744425058364868                     Beta: -1.1436141729354858                     MemKD: 0.28955596685409546
2026-02-09 06:20:04,986 - INFO - Epoch [62/100] Train Loss: -0.6465, Train Acc: 85.18%, Val Loss: 0.5712, Val Acc: 78.72%
2026-02-09 06:20:25,466 - INFO - Epoch [63] Batch [0/35]                     Loss: -0.7990, Hard: 0.3421, Soft: -1.1412                     Acc: 93.75% LR: 0.000158                     Alpha: 0.5744425058364868                     Beta: -1.1475499868392944                     MemKD: 0.28871944546699524
2026-02-09 06:20:37,000 - INFO - Epoch [63] Batch [20/35]                     Loss: -0.8571, Hard: 0.2600, Soft: -1.1171                     Acc: 87.50% LR: 0.000158                     Alpha: 0.5744425058364868                     Beta: -1.1525495052337646                     MemKD: 0.2876524031162262
2026-02-09 06:21:07,782 - INFO - Epoch [63/100] Train Loss: -0.6941, Train Acc: 87.50%, Val Loss: 0.4296, Val Acc: 83.11%
2026-02-09 06:21:25,878 - INFO - Epoch [64] Batch [0/35]                     Loss: -0.5452, Hard: 0.4919, Soft: -1.0371                     Acc: 81.25% LR: 0.000151                     Alpha: 0.5744425058364868                     Beta: -1.1562825441360474                     MemKD: 0.28686225414276123
2026-02-09 06:21:36,479 - INFO - Epoch [64] Batch [20/35]                     Loss: -0.8856, Hard: 0.1548, Soft: -1.0404                     Acc: 86.31% LR: 0.000151                     Alpha: 0.5744425058364868                     Beta: -1.1609408855438232                     MemKD: 0.2858804166316986
2026-02-09 06:22:06,228 - INFO - Epoch [64/100] Train Loss: -0.7275, Train Acc: 87.14%, Val Loss: 0.4997, Val Acc: 82.18%
2026-02-09 06:22:27,058 - INFO - Epoch [65] Batch [0/35]                     Loss: -1.0900, Hard: 0.1010, Soft: -1.1910                     Acc: 100.00% LR: 0.000144                     Alpha: 0.5744425058364868                     Beta: -1.16436767578125                     MemKD: 0.28516125679016113
2026-02-09 06:22:38,826 - INFO - Epoch [65] Batch [20/35]                     Loss: -0.4985, Hard: 0.4825, Soft: -0.9811                     Acc: 86.31% LR: 0.000144                     Alpha: 0.5744425058364868                     Beta: -1.1686545610427856                     MemKD: 0.28426170349121094
2026-02-09 06:23:09,243 - INFO - Epoch [65/100] Train Loss: -0.7396, Train Acc: 86.07%, Val Loss: 0.5277, Val Acc: 80.05%
2026-02-09 06:23:27,929 - INFO - Epoch [66] Batch [0/35]                     Loss: -0.8740, Hard: 0.2031, Soft: -1.0770                     Acc: 87.50% LR: 0.000137                     Alpha: 0.5744425058364868                     Beta: -1.1718919277191162                     MemKD: 0.28358566761016846
2026-02-09 06:23:39,097 - INFO - Epoch [66] Batch [20/35]                     Loss: -0.8200, Hard: 0.2824, Soft: -1.1025                     Acc: 85.42% LR: 0.000137                     Alpha: 0.5744425058364868                     Beta: -1.1759487390518188                     MemKD: 0.2827376425266266
2026-02-09 06:24:10,693 - INFO - Epoch [66/100] Train Loss: -0.7139, Train Acc: 86.25%, Val Loss: 0.4786, Val Acc: 82.45%
2026-02-09 06:24:29,557 - INFO - Epoch [67] Batch [0/35]                     Loss: -0.7493, Hard: 0.3573, Soft: -1.1066                     Acc: 87.50% LR: 0.000130                     Alpha: 0.5744425058364868                     Beta: -1.17888605594635                     MemKD: 0.2821279466152191
2026-02-09 06:24:37,376 - INFO - Epoch [67] Batch [20/35]                     Loss: -1.0746, Hard: 0.1733, Soft: -1.2480                     Acc: 87.20% LR: 0.000130                     Alpha: 0.5744425058364868                     Beta: -1.1826213598251343                     MemKD: 0.28135231137275696
2026-02-09 06:25:05,957 - INFO - Epoch [67/100] Train Loss: -0.7567, Train Acc: 87.68%, Val Loss: 0.4208, Val Acc: 83.51%
2026-02-09 06:25:26,260 - INFO - Epoch [68] Batch [0/35]                     Loss: -0.1406, Hard: 0.6222, Soft: -0.7628                     Acc: 81.25% LR: 0.000123                     Alpha: 0.5744425058364868                     Beta: -1.1853824853897095                     MemKD: 0.2807789146900177
2026-02-09 06:25:38,052 - INFO - Epoch [68] Batch [20/35]                     Loss: -0.7658, Hard: 0.3463, Soft: -1.1121                     Acc: 89.88% LR: 0.000123                     Alpha: 0.5744425058364868                     Beta: -1.1888718605041504                     MemKD: 0.28005486726760864
2026-02-09 06:26:10,037 - INFO - Epoch [68/100] Train Loss: -0.7722, Train Acc: 87.86%, Val Loss: 0.4066, Val Acc: 84.97%
2026-02-09 06:26:10,037 - INFO - Best model saved with accuracy: 84.97%
2026-02-09 06:26:30,676 - INFO - Epoch [69] Batch [0/35]                     Loss: -0.8818, Hard: 0.2609, Soft: -1.1427                     Acc: 93.75% LR: 0.000116                     Alpha: 0.5744425058364868                     Beta: -1.1914825439453125                     MemKD: 0.27951496839523315
2026-02-09 06:26:42,464 - INFO - Epoch [69] Batch [20/35]                     Loss: -0.3806, Hard: 0.6248, Soft: -1.0054                     Acc: 86.90% LR: 0.000116                     Alpha: 0.5744425058364868                     Beta: -1.1946972608566284                     MemKD: 0.2788551151752472
2026-02-09 06:27:14,010 - INFO - Epoch [69/100] Train Loss: -0.7287, Train Acc: 85.54%, Val Loss: 0.4107, Val Acc: 84.57%
2026-02-09 06:27:37,140 - INFO - Epoch [70] Batch [0/35]                     Loss: -0.8387, Hard: 0.3344, Soft: -1.1731                     Acc: 87.50% LR: 0.000109                     Alpha: 0.5744425058364868                     Beta: -1.1970490217208862                     MemKD: 0.2783740162849426
2026-02-09 06:27:48,179 - INFO - Epoch [70] Batch [20/35]                     Loss: -0.5372, Hard: 0.4601, Soft: -0.9973                     Acc: 88.69% LR: 0.000109                     Alpha: 0.5744425058364868                     Beta: -1.2000442743301392                     MemKD: 0.27775976061820984
2026-02-09 06:28:18,900 - INFO - Epoch [70/100] Train Loss: -0.8507, Train Acc: 89.64%, Val Loss: 0.5013, Val Acc: 81.78%
2026-02-09 06:28:18,931 - INFO - Checkpoint saved at epoch 70
2026-02-09 06:28:39,535 - INFO - Epoch [71] Batch [0/35]                     Loss: -0.5402, Hard: 0.5047, Soft: -1.0449                     Acc: 75.00% LR: 0.000103                     Alpha: 0.5744425058364868                     Beta: -1.2023276090621948                     MemKD: 0.277290016412735
2026-02-09 06:28:50,443 - INFO - Epoch [71] Batch [20/35]                     Loss: -0.8831, Hard: 0.2968, Soft: -1.1799                     Acc: 86.01% LR: 0.000103                     Alpha: 0.5744425058364868                     Beta: -1.2051218748092651                     MemKD: 0.2767174243927002
2026-02-09 06:29:21,544 - INFO - Epoch [71/100] Train Loss: -0.7530, Train Acc: 87.14%, Val Loss: 0.4436, Val Acc: 82.98%
2026-02-09 06:29:41,188 - INFO - Epoch [72] Batch [0/35]                     Loss: -0.3613, Hard: 0.5892, Soft: -0.9505                     Acc: 81.25% LR: 0.000097                     Alpha: 0.5744425058364868                     Beta: -1.207177996635437                     MemKD: 0.27629876136779785
2026-02-09 06:29:50,992 - INFO - Epoch [72] Batch [20/35]                     Loss: -1.0328, Hard: 0.2031, Soft: -1.2359                     Acc: 88.69% LR: 0.000097                     Alpha: 0.5744425058364868                     Beta: -1.2097508907318115                     MemKD: 0.2757730185985565
2026-02-09 06:30:19,257 - INFO - Epoch [72/100] Train Loss: -0.8489, Train Acc: 89.11%, Val Loss: 0.4921, Val Acc: 82.71%
2026-02-09 06:30:39,119 - INFO - Epoch [73] Batch [0/35]                     Loss: -0.7729, Hard: 0.3504, Soft: -1.1234                     Acc: 93.75% LR: 0.000091                     Alpha: 0.5744425058364868                     Beta: -1.2117103338241577                     MemKD: 0.2753717005252838
2026-02-09 06:30:50,714 - INFO - Epoch [73] Batch [20/35]                     Loss: -0.7423, Hard: 0.3783, Soft: -1.1206                     Acc: 89.88% LR: 0.000091                     Alpha: 0.5744425058364868                     Beta: -1.2141321897506714                     MemKD: 0.2748762369155884
2026-02-09 06:31:22,688 - INFO - Epoch [73/100] Train Loss: -0.8868, Train Acc: 90.18%, Val Loss: 0.3876, Val Acc: 86.84%
2026-02-09 06:31:22,688 - INFO - Best model saved with accuracy: 86.84%
2026-02-09 06:31:42,827 - INFO - Epoch [74] Batch [0/35]                     Loss: -1.1118, Hard: 0.1253, Soft: -1.2371                     Acc: 93.75% LR: 0.000085                     Alpha: 0.5744425058364868                     Beta: -1.2159548997879028                     MemKD: 0.27450287342071533
2026-02-09 06:31:54,155 - INFO - Epoch [74] Batch [20/35]                     Loss: -1.2189, Hard: 0.1102, Soft: -1.3291                     Acc: 89.29% LR: 0.000085                     Alpha: 0.5744425058364868                     Beta: -1.218178629875183                     MemKD: 0.2740507423877716
2026-02-09 06:32:25,073 - INFO - Epoch [74/100] Train Loss: -0.8696, Train Acc: 88.93%, Val Loss: 0.3912, Val Acc: 86.30%
2026-02-09 06:32:45,651 - INFO - Epoch [75] Batch [0/35]                     Loss: -1.1476, Hard: 0.1318, Soft: -1.2794                     Acc: 100.00% LR: 0.000079                     Alpha: 0.5744425058364868                     Beta: -1.2198662757873535                     MemKD: 0.27370741963386536
2026-02-09 06:32:56,948 - INFO - Epoch [75] Batch [20/35]                     Loss: -0.5481, Hard: 0.4448, Soft: -0.9929                     Acc: 91.07% LR: 0.000079                     Alpha: 0.5744425058364868                     Beta: -1.2219213247299194                     MemKD: 0.2732903063297272
2026-02-09 06:33:27,629 - INFO - Epoch [75/100] Train Loss: -0.9222, Train Acc: 91.79%, Val Loss: 0.3921, Val Acc: 85.51%
2026-02-09 06:33:48,218 - INFO - Epoch [76] Batch [0/35]                     Loss: -1.0210, Hard: 0.1834, Soft: -1.2044                     Acc: 87.50% LR: 0.000073                     Alpha: 0.5744425058364868                     Beta: -1.223446011543274                     MemKD: 0.2729804217815399
2026-02-09 06:34:00,081 - INFO - Epoch [76] Batch [20/35]                     Loss: -0.9409, Hard: 0.3107, Soft: -1.2515                     Acc: 91.67% LR: 0.000073                     Alpha: 0.5744425058364868                     Beta: -1.2253466844558716                     MemKD: 0.2725933790206909
2026-02-09 06:34:31,345 - INFO - Epoch [76/100] Train Loss: -0.9304, Train Acc: 90.71%, Val Loss: 0.4273, Val Acc: 84.44%
2026-02-09 06:34:51,529 - INFO - Epoch [77] Batch [0/35]                     Loss: -0.9483, Hard: 0.3044, Soft: -1.2527                     Acc: 87.50% LR: 0.000068                     Alpha: 0.5744425058364868                     Beta: -1.226769208908081                     MemKD: 0.27230387926101685
2026-02-09 06:35:03,473 - INFO - Epoch [77] Batch [20/35]                     Loss: -0.6663, Hard: 0.4131, Soft: -1.0794                     Acc: 88.69% LR: 0.000068                     Alpha: 0.5744425058364868                     Beta: -1.2284873723983765                     MemKD: 0.2719571590423584
2026-02-09 06:35:33,032 - INFO - Epoch [77/100] Train Loss: -0.8545, Train Acc: 89.46%, Val Loss: 0.4198, Val Acc: 84.71%
2026-02-09 06:35:51,617 - INFO - Epoch [78] Batch [0/35]                     Loss: -0.9866, Hard: 0.2503, Soft: -1.2368                     Acc: 87.50% LR: 0.000062                     Alpha: 0.5744425058364868                     Beta: -1.2297605276107788                     MemKD: 0.27170053124427795
2026-02-09 06:35:59,430 - INFO - Epoch [78] Batch [20/35]                     Loss: -0.6362, Hard: 0.4638, Soft: -1.1000                     Acc: 89.88% LR: 0.000062                     Alpha: 0.5744425058364868                     Beta: -1.2313175201416016                     MemKD: 0.2713874280452728
2026-02-09 06:36:29,180 - INFO - Epoch [78/100] Train Loss: -0.9420, Train Acc: 90.71%, Val Loss: 0.3850, Val Acc: 86.44%
2026-02-09 06:36:50,355 - INFO - Epoch [79] Batch [0/35]                     Loss: -0.8722, Hard: 0.3190, Soft: -1.1911                     Acc: 93.75% LR: 0.000057                     Alpha: 0.5744425058364868                     Beta: -1.2324925661087036                     MemKD: 0.2711505591869354
2026-02-09 06:37:01,163 - INFO - Epoch [79] Batch [20/35]                     Loss: -1.1079, Hard: 0.2093, Soft: -1.3172                     Acc: 89.88% LR: 0.000057                     Alpha: 0.5744425058364868                     Beta: -1.233925700187683                     MemKD: 0.27086183428764343
2026-02-09 06:37:31,702 - INFO - Epoch [79/100] Train Loss: -0.9351, Train Acc: 89.82%, Val Loss: 0.4218, Val Acc: 84.84%
2026-02-09 06:37:52,113 - INFO - Epoch [80] Batch [0/35]                     Loss: -0.9902, Hard: 0.2468, Soft: -1.2370                     Acc: 93.75% LR: 0.000052                     Alpha: 0.5744425058364868                     Beta: -1.2350006103515625                     MemKD: 0.2706453204154968
2026-02-09 06:38:03,454 - INFO - Epoch [80] Batch [20/35]                     Loss: -0.7555, Hard: 0.4093, Soft: -1.1647                     Acc: 88.69% LR: 0.000052                     Alpha: 0.5744425058364868                     Beta: -1.2362850904464722                     MemKD: 0.2703881859779358
2026-02-09 06:38:35,179 - INFO - Epoch [80/100] Train Loss: -0.8611, Train Acc: 89.29%, Val Loss: 0.4300, Val Acc: 82.58%
2026-02-09 06:38:35,220 - INFO - Checkpoint saved at epoch 80
2026-02-09 06:38:55,674 - INFO - Epoch [81] Batch [0/35]                     Loss: -0.8805, Hard: 0.3428, Soft: -1.2234                     Acc: 87.50% LR: 0.000048                     Alpha: 0.5744425058364868                     Beta: -1.237236499786377                     MemKD: 0.27019765973091125
2026-02-09 06:39:06,896 - INFO - Epoch [81] Batch [20/35]                     Loss: -1.0309, Hard: 0.2335, Soft: -1.2645                     Acc: 86.31% LR: 0.000048                     Alpha: 0.5744425058364868                     Beta: -1.2383900880813599                     MemKD: 0.2699674665927887
2026-02-09 06:39:39,014 - INFO - Epoch [81/100] Train Loss: -0.8943, Train Acc: 87.50%, Val Loss: 0.3931, Val Acc: 86.17%
2026-02-09 06:40:01,326 - INFO - Epoch [82] Batch [0/35]                     Loss: -0.9977, Hard: 0.2771, Soft: -1.2748                     Acc: 87.50% LR: 0.000043                     Alpha: 0.5744425058364868                     Beta: -1.2392590045928955                     MemKD: 0.26979300379753113
2026-02-09 06:40:12,333 - INFO - Epoch [82] Batch [20/35]                     Loss: -0.6659, Hard: 0.4796, Soft: -1.1455                     Acc: 88.39% LR: 0.000043                     Alpha: 0.5744425058364868                     Beta: -1.240311622619629                     MemKD: 0.2695823907852173
2026-02-09 06:40:42,776 - INFO - Epoch [82/100] Train Loss: -0.8954, Train Acc: 87.86%, Val Loss: 0.3994, Val Acc: 84.97%
2026-02-09 06:41:03,616 - INFO - Epoch [83] Batch [0/35]                     Loss: -1.1569, Hard: 0.1230, Soft: -1.2799                     Acc: 100.00% LR: 0.000039                     Alpha: 0.5744425058364868                     Beta: -1.2410955429077148                     MemKD: 0.2694256007671356
2026-02-09 06:41:11,440 - INFO - Epoch [83] Batch [20/35]                     Loss: -1.0636, Hard: 0.2104, Soft: -1.2740                     Acc: 90.48% LR: 0.000039                     Alpha: 0.5744425058364868                     Beta: -1.24204421043396                     MemKD: 0.2692357897758484
2026-02-09 06:41:39,823 - INFO - Epoch [83/100] Train Loss: -0.9418, Train Acc: 90.18%, Val Loss: 0.3762, Val Acc: 84.97%
2026-02-09 06:42:00,281 - INFO - Epoch [84] Batch [0/35]                     Loss: -0.9524, Hard: 0.2366, Soft: -1.1890                     Acc: 93.75% LR: 0.000035                     Alpha: 0.5744425058364868                     Beta: -1.2427420616149902                     MemKD: 0.2690967917442322
2026-02-09 06:42:11,257 - INFO - Epoch [84] Batch [20/35]                     Loss: -1.0043, Hard: 0.1827, Soft: -1.1871                     Acc: 91.07% LR: 0.000035                     Alpha: 0.5744425058364868                     Beta: -1.243575096130371                     MemKD: 0.2689298391342163
2026-02-09 06:42:42,765 - INFO - Epoch [84/100] Train Loss: -0.9074, Train Acc: 90.54%, Val Loss: 0.3851, Val Acc: 86.70%
2026-02-09 06:43:01,639 - INFO - Epoch [85] Batch [0/35]                     Loss: -1.0185, Hard: 0.2307, Soft: -1.2492                     Acc: 93.75% LR: 0.000031                     Alpha: 0.5744425058364868                     Beta: -1.2441908121109009                     MemKD: 0.2688075304031372
2026-02-09 06:43:12,614 - INFO - Epoch [85] Batch [20/35]                     Loss: -0.8880, Hard: 0.2829, Soft: -1.1709                     Acc: 91.67% LR: 0.000031                     Alpha: 0.5744425058364868                     Beta: -1.2449238300323486                     MemKD: 0.2686615586280823
2026-02-09 06:43:43,846 - INFO - Epoch [85/100] Train Loss: -0.9177, Train Acc: 90.54%, Val Loss: 0.3883, Val Acc: 84.18%
2026-02-09 06:44:07,225 - INFO - Epoch [86] Batch [0/35]                     Loss: -0.9094, Hard: 0.3159, Soft: -1.2253                     Acc: 93.75% LR: 0.000027                     Alpha: 0.5744425058364868                     Beta: -1.245469331741333                     MemKD: 0.26855310797691345
2026-02-09 06:44:18,453 - INFO - Epoch [86] Batch [20/35]                     Loss: -0.3731, Hard: 0.6007, Soft: -0.9738                     Acc: 91.07% LR: 0.000027                     Alpha: 0.5744425058364868                     Beta: -1.2461098432540894                     MemKD: 0.26842573285102844
2026-02-09 06:44:50,096 - INFO - Epoch [86/100] Train Loss: -0.8744, Train Acc: 88.39%, Val Loss: 0.3752, Val Acc: 86.84%
2026-02-09 06:45:12,546 - INFO - Epoch [87] Batch [0/35]                     Loss: -1.1298, Hard: 0.1849, Soft: -1.3147                     Acc: 100.00% LR: 0.000024                     Alpha: 0.5744425058364868                     Beta: -1.246575951576233                     MemKD: 0.26833418011665344
2026-02-09 06:45:23,253 - INFO - Epoch [87] Batch [20/35]                     Loss: -1.1533, Hard: 0.1535, Soft: -1.3068                     Acc: 87.50% LR: 0.000024                     Alpha: 0.5744425058364868                     Beta: -1.2471250295639038                     MemKD: 0.2682255804538727
2026-02-09 06:45:54,900 - INFO - Epoch [87/100] Train Loss: -0.8938, Train Acc: 88.57%, Val Loss: 0.3824, Val Acc: 86.84%
2026-02-09 06:46:15,869 - INFO - Epoch [88] Batch [0/35]                     Loss: -1.0033, Hard: 0.2227, Soft: -1.2259                     Acc: 93.75% LR: 0.000021                     Alpha: 0.5744425058364868                     Beta: -1.2475343942642212                     MemKD: 0.26814451813697815
2026-02-09 06:46:23,697 - INFO - Epoch [88] Batch [20/35]                     Loss: -0.7255, Hard: 0.3928, Soft: -1.1184                     Acc: 91.37% LR: 0.000021                     Alpha: 0.5744425058364868                     Beta: -1.2480146884918213                     MemKD: 0.26804858446121216
2026-02-09 06:46:52,275 - INFO - Epoch [88/100] Train Loss: -1.0062, Train Acc: 91.79%, Val Loss: 0.3737, Val Acc: 87.10%
2026-02-09 06:46:52,275 - INFO - Best model saved with accuracy: 87.10%
2026-02-09 06:47:11,778 - INFO - Epoch [89] Batch [0/35]                     Loss: -1.1164, Hard: 0.1733, Soft: -1.2897                     Acc: 100.00% LR: 0.000018                     Alpha: 0.5744425058364868                     Beta: -1.248378872871399                     MemKD: 0.26797550916671753
2026-02-09 06:47:23,114 - INFO - Epoch [89] Batch [20/35]                     Loss: -0.9343, Hard: 0.2753, Soft: -1.2096                     Acc: 91.37% LR: 0.000018                     Alpha: 0.5744425058364868                     Beta: -1.2487848997116089                     MemKD: 0.2678949534893036
2026-02-09 06:47:54,835 - INFO - Epoch [89/100] Train Loss: -0.9343, Train Acc: 90.18%, Val Loss: 0.3702, Val Acc: 87.10%
2026-02-09 06:48:14,346 - INFO - Epoch [90] Batch [0/35]                     Loss: -0.9962, Hard: 0.2005, Soft: -1.1968                     Acc: 100.00% LR: 0.000015                     Alpha: 0.5744425058364868                     Beta: -1.2490884065628052                     MemKD: 0.2678346633911133
2026-02-09 06:48:26,031 - INFO - Epoch [90] Batch [20/35]                     Loss: -0.8324, Hard: 0.3754, Soft: -1.2078                     Acc: 90.77% LR: 0.000015                     Alpha: 0.5744425058364868                     Beta: -1.249428153038025                     MemKD: 0.26776742935180664
2026-02-09 06:48:57,645 - INFO - Epoch [90/100] Train Loss: -0.9508, Train Acc: 91.07%, Val Loss: 0.3899, Val Acc: 86.04%
2026-02-09 06:48:57,707 - INFO - Checkpoint saved at epoch 90
2026-02-09 06:49:18,337 - INFO - Epoch [91] Batch [0/35]                     Loss: -0.6720, Hard: 0.4812, Soft: -1.1532                     Acc: 81.25% LR: 0.000012                     Alpha: 0.5744425058364868                     Beta: -1.2496838569641113                     MemKD: 0.26771673560142517
2026-02-09 06:49:29,106 - INFO - Epoch [91] Batch [20/35]                     Loss: -1.0772, Hard: 0.1869, Soft: -1.2641                     Acc: 89.58% LR: 0.000012                     Alpha: 0.5744425058364868                     Beta: -1.249962568283081                     MemKD: 0.26766151189804077
2026-02-09 06:50:00,515 - INFO - Epoch [91/100] Train Loss: -0.9612, Train Acc: 90.89%, Val Loss: 0.3724, Val Acc: 86.97%
2026-02-09 06:50:21,164 - INFO - Epoch [92] Batch [0/35]                     Loss: -1.0723, Hard: 0.1749, Soft: -1.2472                     Acc: 93.75% LR: 0.000010                     Alpha: 0.5744425058364868                     Beta: -1.2501733303070068                     MemKD: 0.26761960983276367
2026-02-09 06:50:32,343 - INFO - Epoch [92] Batch [20/35]                     Loss: -1.0976, Hard: 0.1757, Soft: -1.2734                     Acc: 89.88% LR: 0.000010                     Alpha: 0.5744425058364868                     Beta: -1.2503999471664429                     MemKD: 0.267574667930603
2026-02-09 06:51:03,265 - INFO - Epoch [92/100] Train Loss: -0.9718, Train Acc: 91.07%, Val Loss: 0.3820, Val Acc: 86.04%
2026-02-09 06:51:26,160 - INFO - Epoch [93] Batch [0/35]                     Loss: -0.7971, Hard: 0.3723, Soft: -1.1694                     Acc: 81.25% LR: 0.000008                     Alpha: 0.5744425058364868                     Beta: -1.2505691051483154                     MemKD: 0.26754119992256165
2026-02-09 06:51:35,691 - INFO - Epoch [93] Batch [20/35]                     Loss: -0.9267, Hard: 0.3110, Soft: -1.2377                     Acc: 91.67% LR: 0.000008                     Alpha: 0.5744425058364868                     Beta: -1.2507481575012207                     MemKD: 0.2675054669380188
2026-02-09 06:52:04,442 - INFO - Epoch [93/100] Train Loss: -0.9820, Train Acc: 91.07%, Val Loss: 0.3878, Val Acc: 86.30%
2026-02-09 06:52:24,408 - INFO - Epoch [94] Batch [0/35]                     Loss: -0.3491, Hard: 0.6613, Soft: -1.0103                     Acc: 81.25% LR: 0.000006                     Alpha: 0.5744425058364868                     Beta: -1.2508825063705444                     MemKD: 0.2674788534641266
2026-02-09 06:52:35,819 - INFO - Epoch [94] Batch [20/35]                     Loss: -1.0606, Hard: 0.1918, Soft: -1.2524                     Acc: 91.37% LR: 0.000006                     Alpha: 0.5744425058364868                     Beta: -1.2510178089141846                     MemKD: 0.26745206117630005
2026-02-09 06:53:07,183 - INFO - Epoch [94/100] Train Loss: -1.0030, Train Acc: 92.32%, Val Loss: 0.3935, Val Acc: 86.17%
2026-02-09 06:53:28,563 - INFO - Epoch [95] Batch [0/35]                     Loss: -0.6847, Hard: 0.4667, Soft: -1.1514                     Acc: 87.50% LR: 0.000004                     Alpha: 0.5744425058364868                     Beta: -1.2511200904846191                     MemKD: 0.26743167638778687
2026-02-09 06:53:40,301 - INFO - Epoch [95] Batch [20/35]                     Loss: -1.0452, Hard: 0.2044, Soft: -1.2496                     Acc: 89.29% LR: 0.000004                     Alpha: 0.5744425058364868                     Beta: -1.251219391822815                     MemKD: 0.26741206645965576
2026-02-09 06:54:10,491 - INFO - Epoch [95/100] Train Loss: -0.9385, Train Acc: 89.46%, Val Loss: 0.3783, Val Acc: 85.77%
2026-02-09 06:54:31,450 - INFO - Epoch [96] Batch [0/35]                     Loss: -1.1164, Hard: 0.1546, Soft: -1.2710                     Acc: 93.75% LR: 0.000003                     Alpha: 0.5744425058364868                     Beta: -1.2512943744659424                     MemKD: 0.2673972249031067
2026-02-09 06:54:43,295 - INFO - Epoch [96] Batch [20/35]                     Loss: -1.2398, Hard: 0.1216, Soft: -1.3614                     Acc: 91.07% LR: 0.000003                     Alpha: 0.5744425058364868                     Beta: -1.2513635158538818                     MemKD: 0.2673836052417755
2026-02-09 06:55:14,580 - INFO - Epoch [96/100] Train Loss: -0.9812, Train Acc: 90.18%, Val Loss: 0.4021, Val Acc: 85.37%
2026-02-09 06:55:35,343 - INFO - Epoch [97] Batch [0/35]                     Loss: -0.8508, Hard: 0.3271, Soft: -1.1780                     Acc: 87.50% LR: 0.000002                     Alpha: 0.5744425058364868                     Beta: -1.2514156103134155                     MemKD: 0.26737338304519653
2026-02-09 06:55:46,546 - INFO - Epoch [97] Batch [20/35]                     Loss: -0.4765, Hard: 0.5058, Soft: -0.9823                     Acc: 89.29% LR: 0.000002                     Alpha: 0.5744425058364868                     Beta: -1.2514599561691284                     MemKD: 0.267364501953125
2026-02-09 06:56:19,230 - INFO - Epoch [97/100] Train Loss: -0.9377, Train Acc: 90.36%, Val Loss: 0.3827, Val Acc: 86.30%
2026-02-09 06:56:40,129 - INFO - Epoch [98] Batch [0/35]                     Loss: -0.9830, Hard: 0.2275, Soft: -1.2104                     Acc: 93.75% LR: 0.000001                     Alpha: 0.5744425058364868                     Beta: -1.2514921426773071                     MemKD: 0.2673581838607788
2026-02-09 06:56:51,820 - INFO - Epoch [98] Batch [20/35]                     Loss: -0.9878, Hard: 0.2440, Soft: -1.2318                     Acc: 93.75% LR: 0.000001                     Alpha: 0.5744425058364868                     Beta: -1.251516342163086                     MemKD: 0.26735326647758484
2026-02-09 06:57:23,787 - INFO - Epoch [98/100] Train Loss: -1.0028, Train Acc: 91.96%, Val Loss: 0.3778, Val Acc: 86.70%
2026-02-09 06:57:43,379 - INFO - Epoch [99] Batch [0/35]                     Loss: -1.0712, Hard: 0.2088, Soft: -1.2800                     Acc: 87.50% LR: 0.000000                     Alpha: 0.5744425058364868                     Beta: -1.2515342235565186                     MemKD: 0.2673496901988983
2026-02-09 06:57:51,055 - INFO - Epoch [99] Batch [20/35]                     Loss: -1.2356, Hard: 0.1162, Soft: -1.3519                     Acc: 91.67% LR: 0.000000                     Alpha: 0.5744425058364868                     Beta: -1.2515461444854736                     MemKD: 0.2673473656177521
2026-02-09 06:58:20,796 - INFO - Epoch [99/100] Train Loss: -0.9717, Train Acc: 90.89%, Val Loss: 0.3902, Val Acc: 86.04%
2026-02-09 06:58:40,564 - INFO - Epoch [100] Batch [0/35]                     Loss: -0.8721, Hard: 0.3607, Soft: -1.2327                     Acc: 93.75% LR: 0.000000                     Alpha: 0.5744425058364868                     Beta: -1.25155508518219                     MemKD: 0.2673456072807312
2026-02-09 06:58:49,682 - INFO - Epoch [100] Batch [20/35]                     Loss: -0.9484, Hard: 0.2608, Soft: -1.2092                     Acc: 92.56% LR: 0.000000                     Alpha: 0.5744425058364868                     Beta: -1.251557469367981                     MemKD: 0.2673451602458954
2026-02-09 06:59:21,631 - INFO - Epoch [100/100] Train Loss: -1.0050, Train Acc: 92.14%, Val Loss: 0.3820, Val Acc: 86.70%
2026-02-09 06:59:21,682 - INFO - Checkpoint saved at epoch 100
2026-02-09 06:59:21,682 - INFO - ==================================================
2026-02-09 06:59:21,682 - INFO - Training finished! Best accuracy: 87.10%
2026-02-09 06:59:21,682 - INFO - ==================================================
