2026-05-26 10:38:13,169 - INFO - ==================================================
2026-05-26 10:38:13,170 - INFO - Distillation Training Configuration
2026-05-26 10:38:13,170 - INFO - ==================================================
2026-05-26 10:38:13,170 - INFO - GPUs: [4, 5, 6, 7]
2026-05-26 10:38:13,170 - INFO - World size: 4
2026-05-26 10:38:13,170 - INFO - Dataset: /media/hdd1/chuxiaohui/AI4Ocean_UATR/ShipsEar_622
2026-05-26 10:38:13,170 - INFO - Data type: wav_s@wav_t
2026-05-26 10:38:13,170 - INFO - Batch size: 20
2026-05-26 10:38:13,170 - INFO - Epochs: 200
2026-05-26 10:38:13,170 - INFO - Learning rate: 0.0005
2026-05-26 10:38:13,170 - INFO - Temperature: 2.0
2026-05-26 10:38:13,170 - INFO - Alpha: 0.3
2026-05-26 10:38:13,170 - INFO - Save dir: /media/hdd1/fubohan/Code/UATR/checkpoints/hyperparameter_analysis/shipsear/06_student_temporal_granularity/TG1_window_1_segment_1
2026-05-26 10:38:13,170 - INFO - ==================================================
2026-05-26 10:38:13,212 - INFO - Train dataset size: 2240
2026-05-26 10:38:13,212 - INFO - Validation dataset size: 749
2026-05-26 10:38:22,200 - INFO - Student params: 316,299 (0.32M)
2026-05-26 10:38:22,200 - INFO - Teacher params: 164,415,877 (164.42M)
2026-05-26 10:38:22,200 - INFO - Trainable params: 271,372 (0.27M)
2026-05-26 10:38:25,439 - INFO - Start training...
2026-05-26 10:38:25,440 - INFO - No checkpoint found, start from scratch
