2026-02-07 05:25:06,106 - INFO - ==================================================
2026-02-07 05:25:06,107 - INFO - Distillation Training Configuration
2026-02-07 05:25:06,107 - INFO - ==================================================
2026-02-07 05:25:06,107 - INFO - GPUs: [4, 5, 6, 7]
2026-02-07 05:25:06,107 - INFO - World size: 4
2026-02-07 05:25:06,107 - INFO - Dataset: /media/hdd1/chuxiaohui/AI4Ocean_UATR/ShipsEar_622
2026-02-07 05:25:06,107 - INFO - Data type: wav_s@wav_t
2026-02-07 05:25:06,107 - INFO - Batch size: 16
2026-02-07 05:25:06,107 - INFO - Epochs: 100
2026-02-07 05:25:06,107 - INFO - Learning rate: 0.0005
2026-02-07 05:25:06,107 - INFO - Temperature: 2.0
2026-02-07 05:25:06,107 - INFO - Alpha: 0.3
2026-02-07 05:25:06,107 - INFO - Save dir: checkpoints/grid_shipsear/num_epochs100_weight_decay0.0001_batch_size16_lr0.0005_distill_typeTser_freezeFalse_USE_DYNAMIC_DISTILL_WEIGHTFalse_p_encoder0.1_p_classifier0.3
2026-02-07 05:25:06,107 - INFO - ==================================================
2026-02-07 05:25:06,137 - INFO - Train dataset size: 2240
2026-02-07 05:25:06,138 - INFO - Validation dataset size: 749
2026-02-07 05:25:07,148 - INFO - Student params: 316,299 (0.32M)
2026-02-07 05:25:07,148 - INFO - Teacher params: 164,415,877 (164.42M)
2026-02-07 05:25:07,148 - INFO - Trainable params: 164,687,249 (164.69M)
2026-02-07 05:25:07,628 - INFO - Start training...
2026-02-07 05:25:07,629 - INFO - No checkpoint found, start from scratch
2026-02-07 05:25:28,574 - INFO - Epoch [1] Batch [0/35]                     Loss: 2.6992, Hard: 1.7084, Soft: 0.9908                     Acc: 6.25% LR: 0.000500                     Alpha: 0.5744425058364868                     Beta: 0.0                     MemKD: 0.0
2026-02-07 05:25:36,158 - INFO - Epoch [1] Batch [20/35]                     Loss: 2.2065, Hard: 1.6171, Soft: 0.5895                     Acc: 32.44% LR: 0.000500                     Alpha: 0.5744425058364868                     Beta: 0.009235581383109093                     MemKD: 0.0
2026-02-07 05:26:04,672 - INFO - Epoch [1/100] Train Loss: 1.9074, Train Acc: 36.96%, Val Loss: 1.3969, Val Acc: 44.55%
2026-02-07 05:26:04,673 - INFO - Best model saved with accuracy: 44.55%
2026-02-07 05:26:25,317 - INFO - Epoch [2] Batch [0/35]                     Loss: 1.2825, Hard: 1.0513, Soft: 0.2313                     Acc: 68.75% LR: 0.000500                     Alpha: 0.5744425058364868                     Beta: 0.015757592394948006                     MemKD: 0.0
2026-02-07 05:26:32,957 - INFO - Epoch [2] Batch [20/35]                     Loss: 1.9596, Hard: 1.4763, Soft: 0.4833                     Acc: 47.02% LR: 0.000500                     Alpha: 0.5744425058364868                     Beta: 0.023644516244530678                     MemKD: 0.0
2026-02-07 05:27:02,879 - INFO - Epoch [2/100] Train Loss: 1.6104, Train Acc: 46.96%, Val Loss: 1.1542, Val Acc: 55.05%
2026-02-07 05:27:02,880 - INFO - Best model saved with accuracy: 55.05%
2026-02-07 05:27:22,941 - INFO - Epoch [3] Batch [0/35]                     Loss: 1.3897, Hard: 1.1056, Soft: 0.2841                     Acc: 56.25% LR: 0.000500                     Alpha: 0.5744425058364868                     Beta: 0.029600555077195168                     MemKD: 0.0
2026-02-07 05:27:30,493 - INFO - Epoch [3] Batch [20/35]                     Loss: 1.4380, Hard: 1.1462, Soft: 0.2918                     Acc: 45.24% LR: 0.000500                     Alpha: 0.5744425058364868                     Beta: 0.03795285150408745                     MemKD: 0.0
2026-02-07 05:27:59,358 - INFO - Epoch [3/100] Train Loss: 1.5541, Train Acc: 49.11%, Val Loss: 1.0963, Val Acc: 55.85%
2026-02-07 05:27:59,358 - INFO - Best model saved with accuracy: 55.85%
2026-02-07 05:28:18,882 - INFO - Epoch [4] Batch [0/35]                     Loss: 1.2983, Hard: 1.0478, Soft: 0.2505                     Acc: 50.00% LR: 0.000499                     Alpha: 0.5744425058364868                     Beta: 0.043890368193387985                     MemKD: 0.0
2026-02-07 05:28:26,474 - INFO - Epoch [4] Batch [20/35]                     Loss: 1.5069, Hard: 1.1973, Soft: 0.3096                     Acc: 50.30% LR: 0.000499                     Alpha: 0.5744425058364868                     Beta: 0.05133558809757233                     MemKD: 0.0
2026-02-07 05:28:55,724 - INFO - Epoch [4/100] Train Loss: 1.4304, Train Acc: 53.21%, Val Loss: 1.0039, Val Acc: 59.18%
2026-02-07 05:28:55,724 - INFO - Best model saved with accuracy: 59.18%
2026-02-07 05:29:17,211 - INFO - Epoch [5] Batch [0/35]                     Loss: 1.5738, Hard: 1.2284, Soft: 0.3454                     Acc: 62.50% LR: 0.000498                     Alpha: 0.5744425058364868                     Beta: 0.05688915029168129                     MemKD: 0.0
2026-02-07 05:29:24,866 - INFO - Epoch [5] Batch [20/35]                     Loss: 1.3790, Hard: 1.1244, Soft: 0.2546                     Acc: 57.44% LR: 0.000498                     Alpha: 0.5744425058364868                     Beta: 0.06472481787204742                     MemKD: 0.0
2026-02-07 05:29:54,230 - INFO - Epoch [5/100] Train Loss: 1.3511, Train Acc: 58.57%, Val Loss: 1.0332, Val Acc: 53.86%
2026-02-07 05:30:14,075 - INFO - Epoch [6] Batch [0/35]                     Loss: 1.3973, Hard: 1.0998, Soft: 0.2975                     Acc: 56.25% LR: 0.000497                     Alpha: 0.5744425058364868                     Beta: 0.0702742338180542                     MemKD: 0.0
2026-02-07 05:30:21,645 - INFO - Epoch [6] Batch [20/35]                     Loss: 2.0391, Hard: 1.6233, Soft: 0.4158                     Acc: 58.04% LR: 0.000497                     Alpha: 0.5744425058364868                     Beta: 0.07759492844343185                     MemKD: 0.0
2026-02-07 05:30:51,445 - INFO - Epoch [6/100] Train Loss: 1.2813, Train Acc: 59.11%, Val Loss: 0.9332, Val Acc: 62.63%
2026-02-07 05:30:51,446 - INFO - Best model saved with accuracy: 62.63%
2026-02-07 05:31:11,070 - INFO - Epoch [7] Batch [0/35]                     Loss: 1.1146, Hard: 0.9278, Soft: 0.1868                     Acc: 62.50% LR: 0.000496                     Alpha: 0.5744425058364868                     Beta: 0.08324386924505234                     MemKD: 0.0
2026-02-07 05:31:18,709 - INFO - Epoch [7] Batch [20/35]                     Loss: 1.2542, Hard: 1.0189, Soft: 0.2353                     Acc: 59.23% LR: 0.000496                     Alpha: 0.5744425058364868                     Beta: 0.09028133749961853                     MemKD: 0.0
2026-02-07 05:31:46,632 - INFO - Epoch [7/100] Train Loss: 1.2299, Train Acc: 59.46%, Val Loss: 1.0127, Val Acc: 63.03%
2026-02-07 05:31:46,632 - INFO - Best model saved with accuracy: 63.03%
2026-02-07 05:32:06,844 - INFO - Epoch [8] Batch [0/35]                     Loss: 0.9138, Hard: 0.7103, Soft: 0.2035                     Acc: 81.25% LR: 0.000494                     Alpha: 0.5744425058364868                     Beta: 0.09575530141592026                     MemKD: 0.0
2026-02-07 05:32:14,365 - INFO - Epoch [8] Batch [20/35]                     Loss: 1.0117, Hard: 0.7986, Soft: 0.2131                     Acc: 63.39% LR: 0.000494                     Alpha: 0.5744425058364868                     Beta: 0.1033056378364563                     MemKD: 0.0
2026-02-07 05:32:41,183 - INFO - Epoch [8/100] Train Loss: 1.2601, Train Acc: 62.32%, Val Loss: 0.9183, Val Acc: 66.36%
2026-02-07 05:32:41,184 - INFO - Best model saved with accuracy: 66.36%
2026-02-07 05:33:00,668 - INFO - Epoch [9] Batch [0/35]                     Loss: 0.9980, Hard: 0.8448, Soft: 0.1531                     Acc: 62.50% LR: 0.000492                     Alpha: 0.5744425058364868                     Beta: 0.10937909036874771                     MemKD: 0.0
2026-02-07 05:33:08,291 - INFO - Epoch [9] Batch [20/35]                     Loss: 1.8677, Hard: 1.4836, Soft: 0.3841                     Acc: 60.71% LR: 0.000492                     Alpha: 0.5744425058364868                     Beta: 0.11710921674966812                     MemKD: 0.0
2026-02-07 05:33:36,128 - INFO - Epoch [9/100] Train Loss: 1.2023, Train Acc: 62.68%, Val Loss: 0.8609, Val Acc: 67.42%
2026-02-07 05:33:36,129 - INFO - Best model saved with accuracy: 67.42%
2026-02-07 05:33:56,602 - INFO - Epoch [10] Batch [0/35]                     Loss: 0.9840, Hard: 0.8048, Soft: 0.1792                     Acc: 81.25% LR: 0.000490                     Alpha: 0.5744425058364868                     Beta: 0.12318602204322815                     MemKD: 0.0
2026-02-07 05:34:04,189 - INFO - Epoch [10] Batch [20/35]                     Loss: 1.4306, Hard: 1.1961, Soft: 0.2345                     Acc: 61.90% LR: 0.000490                     Alpha: 0.5744425058364868                     Beta: 0.13049669563770294                     MemKD: 0.0
2026-02-07 05:34:32,962 - INFO - Epoch [10/100] Train Loss: 1.1011, Train Acc: 64.29%, Val Loss: 0.8562, Val Acc: 68.48%
2026-02-07 05:34:32,963 - INFO - Best model saved with accuracy: 68.48%
2026-02-07 05:34:33,004 - INFO - Checkpoint saved at epoch 10
2026-02-07 05:34:51,803 - INFO - Epoch [11] Batch [0/35]                     Loss: 0.5938, Hard: 0.5155, Soft: 0.0783                     Acc: 93.75% LR: 0.000488                     Alpha: 0.5744425058364868                     Beta: 0.13609768450260162                     MemKD: 0.0
2026-02-07 05:34:59,434 - INFO - Epoch [11] Batch [20/35]                     Loss: 1.1434, Hard: 0.9533, Soft: 0.1901                     Acc: 66.07% LR: 0.000488                     Alpha: 0.5744425058364868                     Beta: 0.14293459057807922                     MemKD: 0.0
2026-02-07 05:35:27,978 - INFO - Epoch [11/100] Train Loss: 1.1064, Train Acc: 64.82%, Val Loss: 0.7919, Val Acc: 68.88%
2026-02-07 05:35:27,978 - INFO - Best model saved with accuracy: 68.88%
2026-02-07 05:35:47,863 - INFO - Epoch [12] Batch [0/35]                     Loss: 0.6855, Hard: 0.5738, Soft: 0.1117                     Acc: 81.25% LR: 0.000485                     Alpha: 0.5744425058364868                     Beta: 0.1483183056116104                     MemKD: 0.0
2026-02-07 05:35:55,440 - INFO - Epoch [12] Batch [20/35]                     Loss: 1.3575, Hard: 1.0973, Soft: 0.2603                     Acc: 68.45% LR: 0.000485                     Alpha: 0.5744425058364868                     Beta: 0.1549164205789566                     MemKD: 0.0
2026-02-07 05:36:23,172 - INFO - Epoch [12/100] Train Loss: 0.9955, Train Acc: 70.00%, Val Loss: 0.9972, Val Acc: 61.70%
2026-02-07 05:36:43,717 - INFO - Epoch [13] Batch [0/35]                     Loss: 1.5072, Hard: 1.2880, Soft: 0.2193                     Acc: 25.00% LR: 0.000482                     Alpha: 0.5744425058364868                     Beta: 0.15983188152313232                     MemKD: 0.0
2026-02-07 05:36:51,400 - INFO - Epoch [13] Batch [20/35]                     Loss: 1.3425, Hard: 1.0975, Soft: 0.2450                     Acc: 57.14% LR: 0.000482                     Alpha: 0.5744425058364868                     Beta: 0.1676139086484909                     MemKD: 0.0
2026-02-07 05:37:18,992 - INFO - Epoch [13/100] Train Loss: 1.1506, Train Acc: 61.61%, Val Loss: 0.7878, Val Acc: 70.21%
2026-02-07 05:37:18,992 - INFO - Best model saved with accuracy: 70.21%
2026-02-07 05:37:38,131 - INFO - Epoch [14] Batch [0/35]                     Loss: 0.8690, Hard: 0.7674, Soft: 0.1017                     Acc: 68.75% LR: 0.000479                     Alpha: 0.5744425058364868                     Beta: 0.17350295186042786                     MemKD: 0.0
2026-02-07 05:37:45,854 - INFO - Epoch [14] Batch [20/35]                     Loss: 0.7967, Hard: 0.6644, Soft: 0.1323                     Acc: 68.75% LR: 0.000479                     Alpha: 0.5744425058364868                     Beta: 0.18029199540615082                     MemKD: 0.0
2026-02-07 05:38:15,163 - INFO - Epoch [14/100] Train Loss: 0.9928, Train Acc: 70.00%, Val Loss: 0.8329, Val Acc: 67.82%
2026-02-07 05:38:35,828 - INFO - Epoch [15] Batch [0/35]                     Loss: 1.0036, Hard: 0.8196, Soft: 0.1840                     Acc: 68.75% LR: 0.000476                     Alpha: 0.5744425058364868                     Beta: 0.1854785531759262                     MemKD: 0.0
2026-02-07 05:38:43,536 - INFO - Epoch [15] Batch [20/35]                     Loss: 1.0958, Hard: 0.9163, Soft: 0.1796                     Acc: 69.35% LR: 0.000476                     Alpha: 0.5744425058364868                     Beta: 0.1920793354511261                     MemKD: 0.0
2026-02-07 05:39:13,675 - INFO - Epoch [15/100] Train Loss: 0.9608, Train Acc: 69.64%, Val Loss: 0.8439, Val Acc: 68.35%
2026-02-07 05:39:33,193 - INFO - Epoch [16] Batch [0/35]                     Loss: 0.7606, Hard: 0.6360, Soft: 0.1246                     Acc: 75.00% LR: 0.000473                     Alpha: 0.5744425058364868                     Beta: 0.1972130835056305                     MemKD: 0.0
2026-02-07 05:39:40,855 - INFO - Epoch [16] Batch [20/35]                     Loss: 0.9671, Hard: 0.8137, Soft: 0.1534                     Acc: 64.29% LR: 0.000473                     Alpha: 0.5744425058364868                     Beta: 0.20445162057876587                     MemKD: 0.0
2026-02-07 05:40:09,021 - INFO - Epoch [16/100] Train Loss: 1.0110, Train Acc: 65.89%, Val Loss: 0.8559, Val Acc: 68.09%
2026-02-07 05:40:28,401 - INFO - Epoch [17] Batch [0/35]                     Loss: 1.2886, Hard: 1.0143, Soft: 0.2743                     Acc: 62.50% LR: 0.000469                     Alpha: 0.5744425058364868                     Beta: 0.20990325510501862                     MemKD: 0.0
2026-02-07 05:40:36,002 - INFO - Epoch [17] Batch [20/35]                     Loss: 0.9251, Hard: 0.7647, Soft: 0.1605                     Acc: 70.54% LR: 0.000469                     Alpha: 0.5744425058364868                     Beta: 0.2166508138179779                     MemKD: 0.0
2026-02-07 05:41:03,236 - INFO - Epoch [17/100] Train Loss: 0.9503, Train Acc: 68.04%, Val Loss: 0.6991, Val Acc: 72.74%
2026-02-07 05:41:03,237 - INFO - Best model saved with accuracy: 72.74%
2026-02-07 05:41:22,891 - INFO - Epoch [18] Batch [0/35]                     Loss: 1.1766, Hard: 0.9739, Soft: 0.2028                     Acc: 62.50% LR: 0.000465                     Alpha: 0.5744425058364868                     Beta: 0.22156718373298645                     MemKD: 0.0
2026-02-07 05:41:30,510 - INFO - Epoch [18] Batch [20/35]                     Loss: 0.8791, Hard: 0.7126, Soft: 0.1665                     Acc: 72.32% LR: 0.000465                     Alpha: 0.5744425058364868                     Beta: 0.2283601313829422                     MemKD: 0.0
2026-02-07 05:41:59,627 - INFO - Epoch [18/100] Train Loss: 0.9012, Train Acc: 71.96%, Val Loss: 0.9016, Val Acc: 65.29%
2026-02-07 05:42:19,249 - INFO - Epoch [19] Batch [0/35]                     Loss: 0.6635, Hard: 0.5453, Soft: 0.1183                     Acc: 68.75% LR: 0.000461                     Alpha: 0.5744425058364868                     Beta: 0.23332148790359497                     MemKD: 0.0
2026-02-07 05:42:26,811 - INFO - Epoch [19] Batch [20/35]                     Loss: 0.8463, Hard: 0.6626, Soft: 0.1837                     Acc: 70.54% LR: 0.000461                     Alpha: 0.5744425058364868                     Beta: 0.23992657661437988                     MemKD: 0.0
2026-02-07 05:42:55,355 - INFO - Epoch [19/100] Train Loss: 0.9245, Train Acc: 69.82%, Val Loss: 0.6536, Val Acc: 75.13%
2026-02-07 05:42:55,355 - INFO - Best model saved with accuracy: 75.13%
2026-02-07 05:43:15,545 - INFO - Epoch [20] Batch [0/35]                     Loss: 0.6972, Hard: 0.5976, Soft: 0.0996                     Acc: 81.25% LR: 0.000457                     Alpha: 0.5744425058364868                     Beta: 0.24511821568012238                     MemKD: 0.0
2026-02-07 05:43:23,165 - INFO - Epoch [20] Batch [20/35]                     Loss: 0.9977, Hard: 0.8583, Soft: 0.1393                     Acc: 71.43% LR: 0.000457                     Alpha: 0.5744425058364868                     Beta: 0.2513524889945984                     MemKD: 0.0
2026-02-07 05:43:51,959 - INFO - Epoch [20/100] Train Loss: 0.8990, Train Acc: 70.18%, Val Loss: 0.6407, Val Acc: 75.13%
2026-02-07 05:43:51,992 - INFO - Checkpoint saved at epoch 20
2026-02-07 05:44:13,630 - INFO - Epoch [21] Batch [0/35]                     Loss: 0.6556, Hard: 0.5640, Soft: 0.0916                     Acc: 81.25% LR: 0.000452                     Alpha: 0.5744425058364868                     Beta: 0.2566068470478058                     MemKD: 0.0
2026-02-07 05:44:21,304 - INFO - Epoch [21] Batch [20/35]                     Loss: 0.4443, Hard: 0.3761, Soft: 0.0682                     Acc: 75.89% LR: 0.000452                     Alpha: 0.5744425058364868                     Beta: 0.2634066045284271                     MemKD: 0.0
2026-02-07 05:44:49,305 - INFO - Epoch [21/100] Train Loss: 0.8560, Train Acc: 74.46%, Val Loss: 0.6720, Val Acc: 74.07%
2026-02-07 05:45:09,256 - INFO - Epoch [22] Batch [0/35]                     Loss: 1.2603, Hard: 1.0717, Soft: 0.1886                     Acc: 56.25% LR: 0.000448                     Alpha: 0.5744425058364868                     Beta: 0.26819705963134766                     MemKD: 0.0
2026-02-07 05:45:16,788 - INFO - Epoch [22] Batch [20/35]                     Loss: 1.0018, Hard: 0.8665, Soft: 0.1353                     Acc: 73.81% LR: 0.000448                     Alpha: 0.5744425058364868                     Beta: 0.274543434381485                     MemKD: 0.0
2026-02-07 05:45:43,569 - INFO - Epoch [22/100] Train Loss: 0.8810, Train Acc: 72.68%, Val Loss: 0.5854, Val Acc: 80.32%
2026-02-07 05:45:43,569 - INFO - Best model saved with accuracy: 80.32%
2026-02-07 05:46:02,622 - INFO - Epoch [23] Batch [0/35]                     Loss: 0.6996, Hard: 0.5925, Soft: 0.1070                     Acc: 81.25% LR: 0.000443                     Alpha: 0.5744425058364868                     Beta: 0.2797240912914276                     MemKD: 0.0
2026-02-07 05:46:10,213 - INFO - Epoch [23] Batch [20/35]                     Loss: 0.7663, Hard: 0.6693, Soft: 0.0970                     Acc: 78.27% LR: 0.000443                     Alpha: 0.5744425058364868                     Beta: 0.28589674830436707                     MemKD: 0.0
2026-02-07 05:46:37,117 - INFO - Epoch [23/100] Train Loss: 0.7861, Train Acc: 76.96%, Val Loss: 0.6638, Val Acc: 73.80%
2026-02-07 05:46:57,485 - INFO - Epoch [24] Batch [0/35]                     Loss: 0.7343, Hard: 0.6161, Soft: 0.1182                     Acc: 75.00% LR: 0.000438                     Alpha: 0.5744425058364868                     Beta: 0.2902109920978546                     MemKD: 0.0
2026-02-07 05:47:05,151 - INFO - Epoch [24] Batch [20/35]                     Loss: 0.4706, Hard: 0.4059, Soft: 0.0647                     Acc: 74.70% LR: 0.000438                     Alpha: 0.5744425058364868                     Beta: 0.29601147770881653                     MemKD: 0.0
2026-02-07 05:47:33,427 - INFO - Epoch [24/100] Train Loss: 0.7733, Train Acc: 74.64%, Val Loss: 0.8606, Val Acc: 64.36%
2026-02-07 05:47:51,712 - INFO - Epoch [25] Batch [0/35]                     Loss: 1.0237, Hard: 0.8739, Soft: 0.1497                     Acc: 62.50% LR: 0.000432                     Alpha: 0.5744425058364868                     Beta: 0.30052411556243896                     MemKD: 0.0
2026-02-07 05:47:59,340 - INFO - Epoch [25] Batch [20/35]                     Loss: 0.3779, Hard: 0.3209, Soft: 0.0569                     Acc: 72.62% LR: 0.000432                     Alpha: 0.5744425058364868                     Beta: 0.30627137422561646                     MemKD: 0.0
2026-02-07 05:48:29,845 - INFO - Epoch [25/100] Train Loss: 0.8160, Train Acc: 74.11%, Val Loss: 0.6654, Val Acc: 75.53%
2026-02-07 05:48:49,536 - INFO - Epoch [26] Batch [0/35]                     Loss: 0.6321, Hard: 0.5344, Soft: 0.0976                     Acc: 68.75% LR: 0.000427                     Alpha: 0.5744425058364868                     Beta: 0.310874342918396                     MemKD: 0.0
2026-02-07 05:48:57,151 - INFO - Epoch [26] Batch [20/35]                     Loss: 1.3794, Hard: 1.2081, Soft: 0.1713                     Acc: 76.49% LR: 0.000427                     Alpha: 0.5744425058364868                     Beta: 0.316811203956604                     MemKD: 0.0
2026-02-07 05:49:25,207 - INFO - Epoch [26/100] Train Loss: 0.7600, Train Acc: 76.96%, Val Loss: 0.5863, Val Acc: 76.73%
2026-02-07 05:49:46,514 - INFO - Epoch [27] Batch [0/35]                     Loss: 0.5562, Hard: 0.4831, Soft: 0.0731                     Acc: 81.25% LR: 0.000421                     Alpha: 0.5744425058364868                     Beta: 0.3212277889251709                     MemKD: 0.0
2026-02-07 05:49:54,347 - INFO - Epoch [27] Batch [20/35]                     Loss: 0.4481, Hard: 0.3803, Soft: 0.0678                     Acc: 72.02% LR: 0.000421                     Alpha: 0.5744425058364868                     Beta: 0.3273906111717224                     MemKD: 0.0
2026-02-07 05:50:24,516 - INFO - Epoch [27/100] Train Loss: 0.8086, Train Acc: 72.50%, Val Loss: 0.5947, Val Acc: 78.86%
2026-02-07 05:50:44,890 - INFO - Epoch [28] Batch [0/35]                     Loss: 1.1768, Hard: 1.0023, Soft: 0.1745                     Acc: 56.25% LR: 0.000415                     Alpha: 0.5744425058364868                     Beta: 0.33206894993782043                     MemKD: 0.0
2026-02-07 05:50:52,520 - INFO - Epoch [28] Batch [20/35]                     Loss: 0.4585, Hard: 0.3850, Soft: 0.0735                     Acc: 75.60% LR: 0.000415                     Alpha: 0.5744425058364868                     Beta: 0.338308721780777                     MemKD: 0.0
2026-02-07 05:51:21,492 - INFO - Epoch [28/100] Train Loss: 0.7448, Train Acc: 76.25%, Val Loss: 0.5954, Val Acc: 77.79%
2026-02-07 05:51:43,293 - INFO - Epoch [29] Batch [0/35]                     Loss: 0.5782, Hard: 0.5155, Soft: 0.0627                     Acc: 75.00% LR: 0.000409                     Alpha: 0.5744425058364868                     Beta: 0.3424750566482544                     MemKD: 0.0
2026-02-07 05:51:50,946 - INFO - Epoch [29] Batch [20/35]                     Loss: 0.7183, Hard: 0.5957, Soft: 0.1226                     Acc: 77.38% LR: 0.000409                     Alpha: 0.5744425058364868                     Beta: 0.3477141261100769                     MemKD: 0.0
2026-02-07 05:52:19,310 - INFO - Epoch [29/100] Train Loss: 0.6683, Train Acc: 78.57%, Val Loss: 0.6057, Val Acc: 76.86%
2026-02-07 05:52:40,745 - INFO - Epoch [30] Batch [0/35]                     Loss: 0.9551, Hard: 0.8178, Soft: 0.1372                     Acc: 62.50% LR: 0.000403                     Alpha: 0.5744425058364868                     Beta: 0.3517293632030487                     MemKD: 0.0
2026-02-07 05:52:48,374 - INFO - Epoch [30] Batch [20/35]                     Loss: 0.9087, Hard: 0.7871, Soft: 0.1215                     Acc: 78.87% LR: 0.000403                     Alpha: 0.5744425058364868                     Beta: 0.3569534718990326                     MemKD: 0.0
2026-02-07 05:53:18,861 - INFO - Epoch [30/100] Train Loss: 0.7068, Train Acc: 77.68%, Val Loss: 0.5374, Val Acc: 79.52%
2026-02-07 05:53:18,894 - INFO - Checkpoint saved at epoch 30
2026-02-07 05:53:39,530 - INFO - Epoch [31] Batch [0/35]                     Loss: 0.9004, Hard: 0.7744, Soft: 0.1259                     Acc: 75.00% LR: 0.000397                     Alpha: 0.5744425058364868                     Beta: 0.36086201667785645                     MemKD: 0.0
2026-02-07 05:53:47,147 - INFO - Epoch [31] Batch [20/35]                     Loss: 0.7436, Hard: 0.6466, Soft: 0.0970                     Acc: 78.57% LR: 0.000397                     Alpha: 0.5744425058364868                     Beta: 0.36653316020965576                     MemKD: 0.0
2026-02-07 05:54:16,509 - INFO - Epoch [31/100] Train Loss: 0.6994, Train Acc: 77.32%, Val Loss: 0.6353, Val Acc: 74.20%
2026-02-07 05:54:37,127 - INFO - Epoch [32] Batch [0/35]                     Loss: 0.6205, Hard: 0.5301, Soft: 0.0904                     Acc: 81.25% LR: 0.000391                     Alpha: 0.5744425058364868                     Beta: 0.37059688568115234                     MemKD: 0.0
2026-02-07 05:54:44,737 - INFO - Epoch [32] Batch [20/35]                     Loss: 0.8734, Hard: 0.7360, Soft: 0.1375                     Acc: 77.98% LR: 0.000391                     Alpha: 0.5744425058364868                     Beta: 0.37571293115615845                     MemKD: 0.0
2026-02-07 05:55:11,694 - INFO - Epoch [32/100] Train Loss: 0.6927, Train Acc: 78.93%, Val Loss: 0.6124, Val Acc: 75.27%
2026-02-07 05:55:30,498 - INFO - Epoch [33] Batch [0/35]                     Loss: 0.4237, Hard: 0.3578, Soft: 0.0659                     Acc: 93.75% LR: 0.000384                     Alpha: 0.5744425058364868                     Beta: 0.3799189031124115                     MemKD: 0.0
2026-02-07 05:55:38,074 - INFO - Epoch [33] Batch [20/35]                     Loss: 0.7658, Hard: 0.6720, Soft: 0.0938                     Acc: 75.89% LR: 0.000384                     Alpha: 0.5744425058364868                     Beta: 0.3855130970478058                     MemKD: 0.0
2026-02-07 05:56:05,916 - INFO - Epoch [33/100] Train Loss: 0.7588, Train Acc: 75.18%, Val Loss: 0.5984, Val Acc: 78.06%
2026-02-07 05:56:24,672 - INFO - Epoch [34] Batch [0/35]                     Loss: 0.6917, Hard: 0.6012, Soft: 0.0905                     Acc: 81.25% LR: 0.000377                     Alpha: 0.5744425058364868                     Beta: 0.3902547061443329                     MemKD: 0.0
2026-02-07 05:56:32,296 - INFO - Epoch [34] Batch [20/35]                     Loss: 0.7119, Hard: 0.6215, Soft: 0.0904                     Acc: 80.06% LR: 0.000377                     Alpha: 0.5744425058364868                     Beta: 0.3957155644893646                     MemKD: 0.0
2026-02-07 05:57:00,364 - INFO - Epoch [34/100] Train Loss: 0.6880, Train Acc: 77.86%, Val Loss: 0.7472, Val Acc: 70.48%
2026-02-07 05:57:17,985 - INFO - Epoch [35] Batch [0/35]                     Loss: 1.0896, Hard: 0.9134, Soft: 0.1763                     Acc: 68.75% LR: 0.000370                     Alpha: 0.5744425058364868                     Beta: 0.4001595079898834                     MemKD: 0.0
2026-02-07 05:57:25,523 - INFO - Epoch [35] Batch [20/35]                     Loss: 0.5868, Hard: 0.5089, Soft: 0.0779                     Acc: 77.08% LR: 0.000370                     Alpha: 0.5744425058364868                     Beta: 0.4057481288909912                     MemKD: 0.0
2026-02-07 05:57:53,010 - INFO - Epoch [35/100] Train Loss: 0.6781, Train Acc: 78.93%, Val Loss: 0.7763, Val Acc: 73.54%
2026-02-07 05:58:12,657 - INFO - Epoch [36] Batch [0/35]                     Loss: 0.4364, Hard: 0.3695, Soft: 0.0669                     Acc: 87.50% LR: 0.000363                     Alpha: 0.5744425058364868                     Beta: 0.40974676609039307                     MemKD: 0.0
2026-02-07 05:58:20,273 - INFO - Epoch [36] Batch [20/35]                     Loss: 0.6331, Hard: 0.5378, Soft: 0.0953                     Acc: 80.06% LR: 0.000363                     Alpha: 0.5744425058364868                     Beta: 0.4146510064601898                     MemKD: 0.0
2026-02-07 05:58:47,713 - INFO - Epoch [36/100] Train Loss: 0.6391, Train Acc: 80.36%, Val Loss: 0.5294, Val Acc: 80.45%
2026-02-07 05:58:47,713 - INFO - Best model saved with accuracy: 80.45%
2026-02-07 05:59:06,817 - INFO - Epoch [37] Batch [0/35]                     Loss: 0.3683, Hard: 0.3088, Soft: 0.0595                     Acc: 93.75% LR: 0.000356                     Alpha: 0.5744425058364868                     Beta: 0.41845735907554626                     MemKD: 0.0
2026-02-07 05:59:14,423 - INFO - Epoch [37] Batch [20/35]                     Loss: 0.7054, Hard: 0.6161, Soft: 0.0893                     Acc: 80.65% LR: 0.000356                     Alpha: 0.5744425058364868                     Beta: 0.42300739884376526                     MemKD: 0.0
2026-02-07 05:59:43,024 - INFO - Epoch [37/100] Train Loss: 0.5825, Train Acc: 80.36%, Val Loss: 0.5158, Val Acc: 81.12%
2026-02-07 05:59:43,025 - INFO - Best model saved with accuracy: 81.12%
2026-02-07 06:00:03,180 - INFO - Epoch [38] Batch [0/35]                     Loss: 0.3105, Hard: 0.2574, Soft: 0.0530                     Acc: 100.00% LR: 0.000349                     Alpha: 0.5744425058364868                     Beta: 0.42631644010543823                     MemKD: 0.0
2026-02-07 06:00:10,787 - INFO - Epoch [38] Batch [20/35]                     Loss: 1.3813, Hard: 1.2063, Soft: 0.1750                     Acc: 85.71% LR: 0.000349                     Alpha: 0.5744425058364868                     Beta: 0.43020734190940857                     MemKD: 0.0
2026-02-07 06:00:38,541 - INFO - Epoch [38/100] Train Loss: 0.5802, Train Acc: 83.04%, Val Loss: 0.5718, Val Acc: 78.06%
2026-02-07 06:00:57,121 - INFO - Epoch [39] Batch [0/35]                     Loss: 0.4960, Hard: 0.4296, Soft: 0.0664                     Acc: 87.50% LR: 0.000342                     Alpha: 0.5744425058364868                     Beta: 0.4339412748813629                     MemKD: 0.0
2026-02-07 06:01:04,719 - INFO - Epoch [39] Batch [20/35]                     Loss: 0.4216, Hard: 0.3509, Soft: 0.0708                     Acc: 84.52% LR: 0.000342                     Alpha: 0.5744425058364868                     Beta: 0.4384476840496063                     MemKD: 0.0
2026-02-07 06:01:31,588 - INFO - Epoch [39/100] Train Loss: 0.5815, Train Acc: 83.21%, Val Loss: 0.5576, Val Acc: 78.59%
2026-02-07 06:01:49,913 - INFO - Epoch [40] Batch [0/35]                     Loss: 0.6060, Hard: 0.5247, Soft: 0.0814                     Acc: 68.75% LR: 0.000335                     Alpha: 0.5744425058364868                     Beta: 0.4420313835144043                     MemKD: 0.0
2026-02-07 06:01:57,444 - INFO - Epoch [40] Batch [20/35]                     Loss: 0.2933, Hard: 0.2511, Soft: 0.0422                     Acc: 82.14% LR: 0.000335                     Alpha: 0.5744425058364868                     Beta: 0.4464084804058075                     MemKD: 0.0
2026-02-07 06:02:24,622 - INFO - Epoch [40/100] Train Loss: 0.5804, Train Acc: 80.54%, Val Loss: 0.6184, Val Acc: 76.46%
2026-02-07 06:02:24,671 - INFO - Checkpoint saved at epoch 40
2026-02-07 06:02:44,440 - INFO - Epoch [41] Batch [0/35]                     Loss: 0.3042, Hard: 0.2571, Soft: 0.0471                     Acc: 93.75% LR: 0.000327                     Alpha: 0.5744425058364868                     Beta: 0.4496469497680664                     MemKD: 0.0
2026-02-07 06:02:52,060 - INFO - Epoch [41] Batch [20/35]                     Loss: 0.7276, Hard: 0.6203, Soft: 0.1072                     Acc: 81.55% LR: 0.000327                     Alpha: 0.5744425058364868                     Beta: 0.45395222306251526                     MemKD: 0.0
2026-02-07 06:03:18,894 - INFO - Epoch [41/100] Train Loss: 0.5565, Train Acc: 82.86%, Val Loss: 0.5639, Val Acc: 78.06%
2026-02-07 06:03:38,371 - INFO - Epoch [42] Batch [0/35]                     Loss: 0.4726, Hard: 0.4067, Soft: 0.0659                     Acc: 87.50% LR: 0.000320                     Alpha: 0.5744425058364868                     Beta: 0.4570558965206146                     MemKD: 0.0
2026-02-07 06:03:45,911 - INFO - Epoch [42] Batch [20/35]                     Loss: 1.1606, Hard: 1.0190, Soft: 0.1416                     Acc: 85.71% LR: 0.000320                     Alpha: 0.5744425058364868                     Beta: 0.4609772562980652                     MemKD: 0.0
2026-02-07 06:04:13,099 - INFO - Epoch [42/100] Train Loss: 0.4759, Train Acc: 85.00%, Val Loss: 0.5265, Val Acc: 80.45%
2026-02-07 06:04:31,486 - INFO - Epoch [43] Batch [0/35]                     Loss: 0.4223, Hard: 0.3687, Soft: 0.0536                     Acc: 81.25% LR: 0.000312                     Alpha: 0.5744425058364868                     Beta: 0.46385884284973145                     MemKD: 0.0
2026-02-07 06:04:39,171 - INFO - Epoch [43] Batch [20/35]                     Loss: 0.7235, Hard: 0.6057, Soft: 0.1178                     Acc: 81.25% LR: 0.000312                     Alpha: 0.5744425058364868                     Beta: 0.4681122899055481                     MemKD: 0.0
2026-02-07 06:05:05,666 - INFO - Epoch [43/100] Train Loss: 0.5317, Train Acc: 83.75%, Val Loss: 0.4873, Val Acc: 81.91%
2026-02-07 06:05:05,667 - INFO - Best model saved with accuracy: 81.91%
2026-02-07 06:05:25,559 - INFO - Epoch [44] Batch [0/35]                     Loss: 0.3463, Hard: 0.3105, Soft: 0.0358                     Acc: 93.75% LR: 0.000305                     Alpha: 0.5744425058364868                     Beta: 0.47117292881011963                     MemKD: 0.0
2026-02-07 06:05:33,223 - INFO - Epoch [44] Batch [20/35]                     Loss: 0.3914, Hard: 0.3375, Soft: 0.0540                     Acc: 85.12% LR: 0.000305                     Alpha: 0.5744425058364868                     Beta: 0.47472062706947327                     MemKD: 0.0
2026-02-07 06:06:01,199 - INFO - Epoch [44/100] Train Loss: 0.4912, Train Acc: 84.64%, Val Loss: 0.5835, Val Acc: 77.39%
2026-02-07 06:06:19,937 - INFO - Epoch [45] Batch [0/35]                     Loss: 0.4608, Hard: 0.3993, Soft: 0.0615                     Acc: 81.25% LR: 0.000297                     Alpha: 0.5744425058364868                     Beta: 0.47766876220703125                     MemKD: 0.0
2026-02-07 06:06:27,498 - INFO - Epoch [45] Batch [20/35]                     Loss: 0.9061, Hard: 0.8054, Soft: 0.1007                     Acc: 85.12% LR: 0.000297                     Alpha: 0.5744425058364868                     Beta: 0.48090046644210815                     MemKD: 0.0
2026-02-07 06:06:54,243 - INFO - Epoch [45/100] Train Loss: 0.4772, Train Acc: 84.64%, Val Loss: 0.4716, Val Acc: 81.91%
2026-02-07 06:07:13,942 - INFO - Epoch [46] Batch [0/35]                     Loss: 0.6971, Hard: 0.5959, Soft: 0.1012                     Acc: 81.25% LR: 0.000289                     Alpha: 0.5744425058364868                     Beta: 0.483713835477829                     MemKD: 0.0
2026-02-07 06:07:21,592 - INFO - Epoch [46] Batch [20/35]                     Loss: 0.3423, Hard: 0.3023, Soft: 0.0399                     Acc: 82.74% LR: 0.000289                     Alpha: 0.5744425058364868                     Beta: 0.48765385150909424                     MemKD: 0.0
2026-02-07 06:07:49,352 - INFO - Epoch [46/100] Train Loss: 0.5045, Train Acc: 82.68%, Val Loss: 0.5673, Val Acc: 76.20%
2026-02-07 06:08:10,541 - INFO - Epoch [47] Batch [0/35]                     Loss: 0.6548, Hard: 0.5842, Soft: 0.0706                     Acc: 81.25% LR: 0.000281                     Alpha: 0.5744425058364868                     Beta: 0.490275502204895                     MemKD: 0.0
2026-02-07 06:08:18,160 - INFO - Epoch [47] Batch [20/35]                     Loss: 0.8459, Hard: 0.7611, Soft: 0.0848                     Acc: 79.46% LR: 0.000281                     Alpha: 0.5744425058364868                     Beta: 0.4945797920227051                     MemKD: 0.0
2026-02-07 06:08:44,111 - INFO - Epoch [47/100] Train Loss: 0.5470, Train Acc: 82.86%, Val Loss: 0.4682, Val Acc: 82.85%
2026-02-07 06:08:44,112 - INFO - Best model saved with accuracy: 82.85%
2026-02-07 06:09:02,881 - INFO - Epoch [48] Batch [0/35]                     Loss: 0.5844, Hard: 0.5143, Soft: 0.0701                     Acc: 81.25% LR: 0.000274                     Alpha: 0.5744425058364868                     Beta: 0.4972534477710724                     MemKD: 0.0
2026-02-07 06:09:10,417 - INFO - Epoch [48] Batch [20/35]                     Loss: 0.1602, Hard: 0.1337, Soft: 0.0264                     Acc: 82.44% LR: 0.000274                     Alpha: 0.5744425058364868                     Beta: 0.5008456707000732                     MemKD: 0.0
2026-02-07 06:09:37,447 - INFO - Epoch [48/100] Train Loss: 0.5095, Train Acc: 82.68%, Val Loss: 0.5271, Val Acc: 79.92%
2026-02-07 06:09:56,751 - INFO - Epoch [49] Batch [0/35]                     Loss: 0.3829, Hard: 0.3338, Soft: 0.0491                     Acc: 87.50% LR: 0.000266                     Alpha: 0.5744425058364868                     Beta: 0.503444254398346                     MemKD: 0.0
2026-02-07 06:10:04,293 - INFO - Epoch [49] Batch [20/35]                     Loss: 0.5217, Hard: 0.4554, Soft: 0.0662                     Acc: 83.93% LR: 0.000266                     Alpha: 0.5744425058364868                     Beta: 0.5069818496704102                     MemKD: 0.0
2026-02-07 06:10:31,974 - INFO - Epoch [49/100] Train Loss: 0.5117, Train Acc: 85.00%, Val Loss: 0.4925, Val Acc: 81.38%
2026-02-07 06:10:50,781 - INFO - Epoch [50] Batch [0/35]                     Loss: 0.4186, Hard: 0.3738, Soft: 0.0449                     Acc: 93.75% LR: 0.000258                     Alpha: 0.5744425058364868                     Beta: 0.5097697973251343                     MemKD: 0.0
2026-02-07 06:10:58,356 - INFO - Epoch [50] Batch [20/35]                     Loss: 0.2459, Hard: 0.1987, Soft: 0.0473                     Acc: 83.33% LR: 0.000258                     Alpha: 0.5744425058364868                     Beta: 0.5133486986160278                     MemKD: 0.0
2026-02-07 06:11:27,854 - INFO - Epoch [50/100] Train Loss: 0.4942, Train Acc: 84.82%, Val Loss: 0.4784, Val Acc: 83.24%
2026-02-07 06:11:27,854 - INFO - Best model saved with accuracy: 83.24%
2026-02-07 06:11:27,932 - INFO - Checkpoint saved at epoch 50
2026-02-07 06:11:48,196 - INFO - Epoch [51] Batch [0/35]                     Loss: 0.3569, Hard: 0.3145, Soft: 0.0425                     Acc: 81.25% LR: 0.000250                     Alpha: 0.5744425058364868                     Beta: 0.5156781673431396                     MemKD: 0.0
2026-02-07 06:11:55,834 - INFO - Epoch [51] Batch [20/35]                     Loss: 0.5193, Hard: 0.4574, Soft: 0.0619                     Acc: 82.44% LR: 0.000250                     Alpha: 0.5744425058364868                     Beta: 0.5187739729881287                     MemKD: 0.0
2026-02-07 06:12:24,739 - INFO - Epoch [51/100] Train Loss: 0.4670, Train Acc: 83.04%, Val Loss: 0.6389, Val Acc: 75.27%
2026-02-07 06:12:44,975 - INFO - Epoch [52] Batch [0/35]                     Loss: 0.4171, Hard: 0.3586, Soft: 0.0585                     Acc: 87.50% LR: 0.000242                     Alpha: 0.5744425058364868                     Beta: 0.5213068723678589                     MemKD: 0.0
2026-02-07 06:12:52,601 - INFO - Epoch [52] Batch [20/35]                     Loss: 0.3963, Hard: 0.3389, Soft: 0.0574                     Acc: 85.42% LR: 0.000242                     Alpha: 0.5744425058364868                     Beta: 0.5244602560997009                     MemKD: 0.0
2026-02-07 06:13:20,715 - INFO - Epoch [52/100] Train Loss: 0.4715, Train Acc: 84.29%, Val Loss: 0.4880, Val Acc: 81.12%
2026-02-07 06:13:39,383 - INFO - Epoch [53] Batch [0/35]                     Loss: 0.4706, Hard: 0.4088, Soft: 0.0618                     Acc: 81.25% LR: 0.000234                     Alpha: 0.5744425058364868                     Beta: 0.5269121527671814                     MemKD: 0.0
2026-02-07 06:13:46,942 - INFO - Epoch [53] Batch [20/35]                     Loss: 0.3950, Hard: 0.3346, Soft: 0.0605                     Acc: 86.61% LR: 0.000234                     Alpha: 0.5744425058364868                     Beta: 0.5298474431037903                     MemKD: 0.0
2026-02-07 06:14:14,105 - INFO - Epoch [53/100] Train Loss: 0.4261, Train Acc: 85.18%, Val Loss: 0.4605, Val Acc: 83.11%
2026-02-07 06:14:32,759 - INFO - Epoch [54] Batch [0/35]                     Loss: 0.8729, Hard: 0.7735, Soft: 0.0994                     Acc: 68.75% LR: 0.000226                     Alpha: 0.5744425058364868                     Beta: 0.5322620272636414                     MemKD: 0.0
2026-02-07 06:14:40,410 - INFO - Epoch [54] Batch [20/35]                     Loss: 0.3025, Hard: 0.2605, Soft: 0.0420                     Acc: 86.01% LR: 0.000226                     Alpha: 0.5744425058364868                     Beta: 0.5351839065551758                     MemKD: 0.0
2026-02-07 06:15:08,593 - INFO - Epoch [54/100] Train Loss: 0.4405, Train Acc: 85.36%, Val Loss: 0.4363, Val Acc: 83.38%
2026-02-07 06:15:08,594 - INFO - Best model saved with accuracy: 83.38%
2026-02-07 06:15:27,124 - INFO - Epoch [55] Batch [0/35]                     Loss: 0.3887, Hard: 0.3317, Soft: 0.0570                     Acc: 81.25% LR: 0.000219                     Alpha: 0.5744425058364868                     Beta: 0.5373513698577881                     MemKD: 0.0
2026-02-07 06:15:34,701 - INFO - Epoch [55] Batch [20/35]                     Loss: 0.3476, Hard: 0.3121, Soft: 0.0355                     Acc: 85.71% LR: 0.000219                     Alpha: 0.5744425058364868                     Beta: 0.5402756333351135                     MemKD: 0.0
2026-02-07 06:16:01,431 - INFO - Epoch [55/100] Train Loss: 0.4648, Train Acc: 86.07%, Val Loss: 0.5112, Val Acc: 81.12%
2026-02-07 06:16:21,932 - INFO - Epoch [56] Batch [0/35]                     Loss: 0.3399, Hard: 0.2911, Soft: 0.0488                     Acc: 93.75% LR: 0.000211                     Alpha: 0.5744425058364868                     Beta: 0.542346179485321                     MemKD: 0.0
2026-02-07 06:16:29,531 - INFO - Epoch [56] Batch [20/35]                     Loss: 0.3444, Hard: 0.2767, Soft: 0.0677                     Acc: 84.82% LR: 0.000211                     Alpha: 0.5744425058364868                     Beta: 0.5451986193656921                     MemKD: 0.0
2026-02-07 06:16:57,498 - INFO - Epoch [56/100] Train Loss: 0.4099, Train Acc: 86.79%, Val Loss: 0.4786, Val Acc: 82.45%
2026-02-07 06:17:15,857 - INFO - Epoch [57] Batch [0/35]                     Loss: 0.7253, Hard: 0.6627, Soft: 0.0627                     Acc: 75.00% LR: 0.000203                     Alpha: 0.5744425058364868                     Beta: 0.5471364855766296                     MemKD: 0.0
2026-02-07 06:17:23,469 - INFO - Epoch [57] Batch [20/35]                     Loss: 0.4283, Hard: 0.3729, Soft: 0.0555                     Acc: 87.20% LR: 0.000203                     Alpha: 0.5744425058364868                     Beta: 0.5497260689735413                     MemKD: 0.0
2026-02-07 06:17:51,381 - INFO - Epoch [57/100] Train Loss: 0.4174, Train Acc: 87.32%, Val Loss: 0.4484, Val Acc: 82.85%
2026-02-07 06:18:11,645 - INFO - Epoch [58] Batch [0/35]                     Loss: 0.1993, Hard: 0.1760, Soft: 0.0233                     Acc: 87.50% LR: 0.000195                     Alpha: 0.5744425058364868                     Beta: 0.551580548286438                     MemKD: 0.0
2026-02-07 06:18:19,189 - INFO - Epoch [58] Batch [20/35]                     Loss: 0.2779, Hard: 0.2455, Soft: 0.0324                     Acc: 88.99% LR: 0.000195                     Alpha: 0.5744425058364868                     Beta: 0.5538713932037354                     MemKD: 0.0
2026-02-07 06:18:46,376 - INFO - Epoch [58/100] Train Loss: 0.4020, Train Acc: 86.25%, Val Loss: 0.4579, Val Acc: 83.64%
2026-02-07 06:18:46,377 - INFO - Best model saved with accuracy: 83.64%
2026-02-07 06:19:04,483 - INFO - Epoch [59] Batch [0/35]                     Loss: 0.4580, Hard: 0.4040, Soft: 0.0540                     Acc: 87.50% LR: 0.000188                     Alpha: 0.5744425058364868                     Beta: 0.5558234453201294                     MemKD: 0.0
2026-02-07 06:19:12,077 - INFO - Epoch [59] Batch [20/35]                     Loss: 0.4491, Hard: 0.3933, Soft: 0.0557                     Acc: 88.99% LR: 0.000188                     Alpha: 0.5744425058364868                     Beta: 0.558211088180542                     MemKD: 0.0
2026-02-07 06:19:40,185 - INFO - Epoch [59/100] Train Loss: 0.3453, Train Acc: 88.93%, Val Loss: 0.4970, Val Acc: 80.32%
2026-02-07 06:19:58,128 - INFO - Epoch [60] Batch [0/35]                     Loss: 0.3499, Hard: 0.3038, Soft: 0.0461                     Acc: 87.50% LR: 0.000180                     Alpha: 0.5744425058364868                     Beta: 0.5598966479301453                     MemKD: 0.0
2026-02-07 06:20:05,726 - INFO - Epoch [60] Batch [20/35]                     Loss: 0.2016, Hard: 0.1636, Soft: 0.0380                     Acc: 86.01% LR: 0.000180                     Alpha: 0.5744425058364868                     Beta: 0.5622685551643372                     MemKD: 0.0
2026-02-07 06:20:32,327 - INFO - Epoch [60/100] Train Loss: 0.3843, Train Acc: 87.68%, Val Loss: 0.5495, Val Acc: 80.45%
2026-02-07 06:20:32,376 - INFO - Checkpoint saved at epoch 60
2026-02-07 06:20:51,760 - INFO - Epoch [61] Batch [0/35]                     Loss: 0.5981, Hard: 0.5335, Soft: 0.0645                     Acc: 87.50% LR: 0.000173                     Alpha: 0.5744425058364868                     Beta: 0.5639602541923523                     MemKD: 0.0
2026-02-07 06:20:59,342 - INFO - Epoch [61] Batch [20/35]                     Loss: 0.4588, Hard: 0.4145, Soft: 0.0443                     Acc: 87.20% LR: 0.000173                     Alpha: 0.5744425058364868                     Beta: 0.5662000775337219                     MemKD: 0.0
2026-02-07 06:21:27,073 - INFO - Epoch [61/100] Train Loss: 0.4325, Train Acc: 86.07%, Val Loss: 0.5388, Val Acc: 81.25%
2026-02-07 06:21:47,102 - INFO - Epoch [62] Batch [0/35]                     Loss: 0.3345, Hard: 0.2954, Soft: 0.0391                     Acc: 87.50% LR: 0.000165                     Alpha: 0.5744425058364868                     Beta: 0.568129301071167                     MemKD: 0.0
2026-02-07 06:21:54,665 - INFO - Epoch [62] Batch [20/35]                     Loss: 0.4891, Hard: 0.4260, Soft: 0.0631                     Acc: 87.20% LR: 0.000165                     Alpha: 0.5744425058364868                     Beta: 0.570283830165863                     MemKD: 0.0
2026-02-07 06:22:22,520 - INFO - Epoch [62/100] Train Loss: 0.3925, Train Acc: 87.86%, Val Loss: 0.4209, Val Acc: 84.84%
2026-02-07 06:22:22,520 - INFO - Best model saved with accuracy: 84.84%
2026-02-07 06:22:42,285 - INFO - Epoch [63] Batch [0/35]                     Loss: 0.2448, Hard: 0.2153, Soft: 0.0295                     Acc: 93.75% LR: 0.000158                     Alpha: 0.5744425058364868                     Beta: 0.5719769597053528                     MemKD: 0.0
2026-02-07 06:22:49,915 - INFO - Epoch [63] Batch [20/35]                     Loss: 0.2038, Hard: 0.1731, Soft: 0.0307                     Acc: 89.58% LR: 0.000158                     Alpha: 0.5744425058364868                     Beta: 0.5739096403121948                     MemKD: 0.0
2026-02-07 06:23:17,787 - INFO - Epoch [63/100] Train Loss: 0.3622, Train Acc: 88.39%, Val Loss: 0.4750, Val Acc: 83.24%
2026-02-07 06:23:35,715 - INFO - Epoch [64] Batch [0/35]                     Loss: 0.4354, Hard: 0.3978, Soft: 0.0376                     Acc: 87.50% LR: 0.000151                     Alpha: 0.5744425058364868                     Beta: 0.5753885507583618                     MemKD: 0.0
2026-02-07 06:23:43,358 - INFO - Epoch [64] Batch [20/35]                     Loss: 0.1632, Hard: 0.1249, Soft: 0.0383                     Acc: 88.39% LR: 0.000151                     Alpha: 0.5744425058364868                     Beta: 0.57735675573349                     MemKD: 0.0
2026-02-07 06:24:10,945 - INFO - Epoch [64/100] Train Loss: 0.3441, Train Acc: 89.29%, Val Loss: 0.4583, Val Acc: 84.18%
2026-02-07 06:24:29,618 - INFO - Epoch [65] Batch [0/35]                     Loss: 0.1347, Hard: 0.1075, Soft: 0.0271                     Acc: 93.75% LR: 0.000144                     Alpha: 0.5744425058364868                     Beta: 0.5787781476974487                     MemKD: 0.0
2026-02-07 06:24:37,172 - INFO - Epoch [65] Batch [20/35]                     Loss: 0.3930, Hard: 0.3431, Soft: 0.0499                     Acc: 88.10% LR: 0.000144                     Alpha: 0.5744425058364868                     Beta: 0.5804362893104553                     MemKD: 0.0
2026-02-07 06:25:04,827 - INFO - Epoch [65/100] Train Loss: 0.3552, Train Acc: 87.50%, Val Loss: 0.4528, Val Acc: 82.18%
2026-02-07 06:25:24,370 - INFO - Epoch [66] Batch [0/35]                     Loss: 0.2215, Hard: 0.1898, Soft: 0.0316                     Acc: 93.75% LR: 0.000137                     Alpha: 0.5744425058364868                     Beta: 0.5818591713905334                     MemKD: 0.0
2026-02-07 06:25:31,941 - INFO - Epoch [66] Batch [20/35]                     Loss: 0.3088, Hard: 0.2717, Soft: 0.0371                     Acc: 89.29% LR: 0.000137                     Alpha: 0.5744425058364868                     Beta: 0.5835403800010681                     MemKD: 0.0
2026-02-07 06:25:59,471 - INFO - Epoch [66/100] Train Loss: 0.3347, Train Acc: 89.64%, Val Loss: 0.4414, Val Acc: 82.85%
2026-02-07 06:26:18,719 - INFO - Epoch [67] Batch [0/35]                     Loss: 0.3689, Hard: 0.3201, Soft: 0.0488                     Acc: 87.50% LR: 0.000130                     Alpha: 0.5744425058364868                     Beta: 0.5848634243011475                     MemKD: 0.0
2026-02-07 06:26:26,306 - INFO - Epoch [67] Batch [20/35]                     Loss: 0.1146, Hard: 0.0924, Soft: 0.0222                     Acc: 88.99% LR: 0.000130                     Alpha: 0.5744425058364868                     Beta: 0.5864677429199219                     MemKD: 0.0
2026-02-07 06:26:54,385 - INFO - Epoch [67/100] Train Loss: 0.3396, Train Acc: 88.04%, Val Loss: 0.4681, Val Acc: 82.45%
2026-02-07 06:27:12,355 - INFO - Epoch [68] Batch [0/35]                     Loss: 0.6697, Hard: 0.5873, Soft: 0.0824                     Acc: 81.25% LR: 0.000123                     Alpha: 0.5744425058364868                     Beta: 0.5877236127853394                     MemKD: 0.0
2026-02-07 06:27:19,979 - INFO - Epoch [68] Batch [20/35]                     Loss: 0.2632, Hard: 0.2200, Soft: 0.0433                     Acc: 91.96% LR: 0.000123                     Alpha: 0.5744425058364868                     Beta: 0.5892801880836487                     MemKD: 0.0
2026-02-07 06:27:47,921 - INFO - Epoch [68/100] Train Loss: 0.3439, Train Acc: 89.11%, Val Loss: 0.4286, Val Acc: 85.24%
2026-02-07 06:27:47,921 - INFO - Best model saved with accuracy: 85.24%
2026-02-07 06:28:06,703 - INFO - Epoch [69] Batch [0/35]                     Loss: 0.4089, Hard: 0.3642, Soft: 0.0447                     Acc: 87.50% LR: 0.000116                     Alpha: 0.5744425058364868                     Beta: 0.5905129313468933                     MemKD: 0.0
2026-02-07 06:28:14,318 - INFO - Epoch [69] Batch [20/35]                     Loss: 0.6511, Hard: 0.5826, Soft: 0.0684                     Acc: 87.80% LR: 0.000116                     Alpha: 0.5744425058364868                     Beta: 0.592203676700592                     MemKD: 0.0
2026-02-07 06:28:41,617 - INFO - Epoch [69/100] Train Loss: 0.3532, Train Acc: 87.68%, Val Loss: 0.4393, Val Acc: 84.57%
2026-02-07 06:29:01,790 - INFO - Epoch [70] Batch [0/35]                     Loss: 0.4200, Hard: 0.3620, Soft: 0.0581                     Acc: 87.50% LR: 0.000109                     Alpha: 0.5744425058364868                     Beta: 0.5933999419212341                     MemKD: 0.0
2026-02-07 06:29:09,400 - INFO - Epoch [70] Batch [20/35]                     Loss: 0.3184, Hard: 0.2751, Soft: 0.0433                     Acc: 88.99% LR: 0.000109                     Alpha: 0.5744425058364868                     Beta: 0.5949291586875916                     MemKD: 0.0
2026-02-07 06:29:38,066 - INFO - Epoch [70/100] Train Loss: 0.3093, Train Acc: 90.18%, Val Loss: 0.4048, Val Acc: 84.57%
2026-02-07 06:29:38,119 - INFO - Checkpoint saved at epoch 70
2026-02-07 06:29:58,901 - INFO - Epoch [71] Batch [0/35]                     Loss: 0.4643, Hard: 0.4160, Soft: 0.0483                     Acc: 81.25% LR: 0.000103                     Alpha: 0.5744425058364868                     Beta: 0.5959552526473999                     MemKD: 0.0
2026-02-07 06:30:06,509 - INFO - Epoch [71] Batch [20/35]                     Loss: 0.2479, Hard: 0.2101, Soft: 0.0378                     Acc: 88.39% LR: 0.000103                     Alpha: 0.5744425058364868                     Beta: 0.5972678065299988                     MemKD: 0.0
2026-02-07 06:30:34,867 - INFO - Epoch [71/100] Train Loss: 0.3567, Train Acc: 89.11%, Val Loss: 0.4124, Val Acc: 85.11%
2026-02-07 06:30:54,908 - INFO - Epoch [72] Batch [0/35]                     Loss: 0.6004, Hard: 0.5448, Soft: 0.0555                     Acc: 81.25% LR: 0.000097                     Alpha: 0.5744425058364868                     Beta: 0.5983160138130188                     MemKD: 0.0
2026-02-07 06:31:02,540 - INFO - Epoch [72] Batch [20/35]                     Loss: 0.2262, Hard: 0.1999, Soft: 0.0263                     Acc: 88.99% LR: 0.000097                     Alpha: 0.5744425058364868                     Beta: 0.5995103120803833                     MemKD: 0.0
2026-02-07 06:31:29,426 - INFO - Epoch [72/100] Train Loss: 0.3124, Train Acc: 89.29%, Val Loss: 0.4402, Val Acc: 85.11%
2026-02-07 06:31:48,821 - INFO - Epoch [73] Batch [0/35]                     Loss: 0.3729, Hard: 0.3339, Soft: 0.0391                     Acc: 81.25% LR: 0.000091                     Alpha: 0.5744425058364868                     Beta: 0.6003760099411011                     MemKD: 0.0
2026-02-07 06:31:56,399 - INFO - Epoch [73] Batch [20/35]                     Loss: 0.4194, Hard: 0.3717, Soft: 0.0477                     Acc: 90.77% LR: 0.000091                     Alpha: 0.5744425058364868                     Beta: 0.601470947265625                     MemKD: 0.0
2026-02-07 06:32:24,124 - INFO - Epoch [73/100] Train Loss: 0.2814, Train Acc: 91.43%, Val Loss: 0.4320, Val Acc: 84.57%
2026-02-07 06:32:42,518 - INFO - Epoch [74] Batch [0/35]                     Loss: 0.0780, Hard: 0.0508, Soft: 0.0272                     Acc: 100.00% LR: 0.000085                     Alpha: 0.5744425058364868                     Beta: 0.6022304892539978                     MemKD: 0.0
2026-02-07 06:32:50,132 - INFO - Epoch [74] Batch [20/35]                     Loss: 0.1073, Hard: 0.0784, Soft: 0.0289                     Acc: 91.67% LR: 0.000085                     Alpha: 0.5744425058364868                     Beta: 0.6032578349113464                     MemKD: 0.0
2026-02-07 06:33:17,191 - INFO - Epoch [74/100] Train Loss: 0.2965, Train Acc: 90.18%, Val Loss: 0.3920, Val Acc: 85.77%
2026-02-07 06:33:17,191 - INFO - Best model saved with accuracy: 85.77%
2026-02-07 06:33:36,769 - INFO - Epoch [75] Batch [0/35]                     Loss: 0.1613, Hard: 0.1314, Soft: 0.0299                     Acc: 93.75% LR: 0.000079                     Alpha: 0.5744425058364868                     Beta: 0.6040015816688538                     MemKD: 0.0
2026-02-07 06:33:44,364 - INFO - Epoch [75] Batch [20/35]                     Loss: 0.4945, Hard: 0.4432, Soft: 0.0512                     Acc: 91.96% LR: 0.000079                     Alpha: 0.5744425058364868                     Beta: 0.6049816012382507                     MemKD: 0.0
2026-02-07 06:34:11,389 - INFO - Epoch [75/100] Train Loss: 0.2745, Train Acc: 91.79%, Val Loss: 0.3915, Val Acc: 85.11%
2026-02-07 06:34:31,420 - INFO - Epoch [76] Batch [0/35]                     Loss: 0.1179, Hard: 0.0904, Soft: 0.0275                     Acc: 100.00% LR: 0.000073                     Alpha: 0.5744425058364868                     Beta: 0.6057029962539673                     MemKD: 0.0
2026-02-07 06:34:38,909 - INFO - Epoch [76] Batch [20/35]                     Loss: 0.1347, Hard: 0.1149, Soft: 0.0197                     Acc: 89.88% LR: 0.000073                     Alpha: 0.5744425058364868                     Beta: 0.6065428853034973                     MemKD: 0.0
2026-02-07 06:35:05,809 - INFO - Epoch [76/100] Train Loss: 0.2725, Train Acc: 91.25%, Val Loss: 0.4181, Val Acc: 82.98%
2026-02-07 06:35:24,641 - INFO - Epoch [77] Batch [0/35]                     Loss: 0.4001, Hard: 0.3637, Soft: 0.0364                     Acc: 87.50% LR: 0.000068                     Alpha: 0.5744425058364868                     Beta: 0.6071620583534241                     MemKD: 0.0
2026-02-07 06:35:32,277 - INFO - Epoch [77] Batch [20/35]                     Loss: 0.4694, Hard: 0.4101, Soft: 0.0593                     Acc: 88.69% LR: 0.000068                     Alpha: 0.5744425058364868                     Beta: 0.607997715473175                     MemKD: 0.0
2026-02-07 06:36:01,092 - INFO - Epoch [77/100] Train Loss: 0.3204, Train Acc: 90.18%, Val Loss: 0.4449, Val Acc: 84.97%
2026-02-07 06:36:21,037 - INFO - Epoch [78] Batch [0/35]                     Loss: 0.2248, Hard: 0.1845, Soft: 0.0402                     Acc: 93.75% LR: 0.000062                     Alpha: 0.5744425058364868                     Beta: 0.608671247959137                     MemKD: 0.0
2026-02-07 06:36:28,632 - INFO - Epoch [78] Batch [20/35]                     Loss: 0.3884, Hard: 0.3519, Soft: 0.0365                     Acc: 91.67% LR: 0.000062                     Alpha: 0.5744425058364868                     Beta: 0.6095193028450012                     MemKD: 0.0
2026-02-07 06:36:56,073 - INFO - Epoch [78/100] Train Loss: 0.2514, Train Acc: 91.61%, Val Loss: 0.4162, Val Acc: 84.31%
2026-02-07 06:37:15,487 - INFO - Epoch [79] Batch [0/35]                     Loss: 0.3995, Hard: 0.3595, Soft: 0.0400                     Acc: 87.50% LR: 0.000057                     Alpha: 0.5744425058364868                     Beta: 0.6100762486457825                     MemKD: 0.0
2026-02-07 06:37:23,102 - INFO - Epoch [79] Batch [20/35]                     Loss: 0.1696, Hard: 0.1457, Soft: 0.0240                     Acc: 91.67% LR: 0.000057                     Alpha: 0.5744425058364868                     Beta: 0.6107914447784424                     MemKD: 0.0
2026-02-07 06:37:50,962 - INFO - Epoch [79/100] Train Loss: 0.2780, Train Acc: 91.79%, Val Loss: 0.4502, Val Acc: 84.97%
2026-02-07 06:38:12,453 - INFO - Epoch [80] Batch [0/35]                     Loss: 0.3629, Hard: 0.3244, Soft: 0.0386                     Acc: 81.25% LR: 0.000052                     Alpha: 0.5744425058364868                     Beta: 0.6113410592079163                     MemKD: 0.0
2026-02-07 06:38:20,015 - INFO - Epoch [80] Batch [20/35]                     Loss: 0.4852, Hard: 0.4485, Soft: 0.0367                     Acc: 87.20% LR: 0.000052                     Alpha: 0.5744425058364868                     Beta: 0.6121235489845276                     MemKD: 0.0
2026-02-07 06:38:48,147 - INFO - Epoch [80/100] Train Loss: 0.3637, Train Acc: 88.21%, Val Loss: 0.4638, Val Acc: 82.85%
2026-02-07 06:38:48,217 - INFO - Checkpoint saved at epoch 80
2026-02-07 06:39:07,165 - INFO - Epoch [81] Batch [0/35]                     Loss: 0.3712, Hard: 0.3271, Soft: 0.0440                     Acc: 87.50% LR: 0.000048                     Alpha: 0.5744425058364868                     Beta: 0.6127157807350159                     MemKD: 0.0
2026-02-07 06:39:14,826 - INFO - Epoch [81] Batch [20/35]                     Loss: 0.2654, Hard: 0.2376, Soft: 0.0278                     Acc: 87.80% LR: 0.000048                     Alpha: 0.5744425058364868                     Beta: 0.6134499907493591                     MemKD: 0.0
2026-02-07 06:39:42,310 - INFO - Epoch [81/100] Train Loss: 0.3001, Train Acc: 89.11%, Val Loss: 0.4261, Val Acc: 84.71%
2026-02-07 06:40:00,901 - INFO - Epoch [82] Batch [0/35]                     Loss: 0.3006, Hard: 0.2538, Soft: 0.0468                     Acc: 87.50% LR: 0.000043                     Alpha: 0.5744425058364868                     Beta: 0.6139148473739624                     MemKD: 0.0
2026-02-07 06:40:08,530 - INFO - Epoch [82] Batch [20/35]                     Loss: 0.2508, Hard: 0.2201, Soft: 0.0307                     Acc: 91.07% LR: 0.000043                     Alpha: 0.5744425058364868                     Beta: 0.6144757270812988                     MemKD: 0.0
2026-02-07 06:40:36,842 - INFO - Epoch [82/100] Train Loss: 0.2799, Train Acc: 90.71%, Val Loss: 0.3924, Val Acc: 86.44%
2026-02-07 06:40:36,842 - INFO - Best model saved with accuracy: 86.44%
2026-02-07 06:40:57,426 - INFO - Epoch [83] Batch [0/35]                     Loss: 0.3609, Hard: 0.3039, Soft: 0.0569                     Acc: 93.75% LR: 0.000039                     Alpha: 0.5744425058364868                     Beta: 0.6148847937583923                     MemKD: 0.0
2026-02-07 06:41:05,069 - INFO - Epoch [83] Batch [20/35]                     Loss: 0.1916, Hard: 0.1655, Soft: 0.0261                     Acc: 92.26% LR: 0.000039                     Alpha: 0.5744425058364868                     Beta: 0.6153566241264343                     MemKD: 0.0
2026-02-07 06:41:34,160 - INFO - Epoch [83/100] Train Loss: 0.2394, Train Acc: 92.86%, Val Loss: 0.4064, Val Acc: 85.11%
2026-02-07 06:41:53,639 - INFO - Epoch [84] Batch [0/35]                     Loss: 0.2756, Hard: 0.2311, Soft: 0.0445                     Acc: 93.75% LR: 0.000035                     Alpha: 0.5744425058364868                     Beta: 0.6157247424125671                     MemKD: 0.0
2026-02-07 06:42:01,225 - INFO - Epoch [84] Batch [20/35]                     Loss: 0.2036, Hard: 0.1732, Soft: 0.0303                     Acc: 90.77% LR: 0.000035                     Alpha: 0.5744425058364868                     Beta: 0.616190493106842                     MemKD: 0.0
2026-02-07 06:42:28,937 - INFO - Epoch [84/100] Train Loss: 0.3202, Train Acc: 89.46%, Val Loss: 0.4316, Val Acc: 84.97%
2026-02-07 06:42:49,398 - INFO - Epoch [85] Batch [0/35]                     Loss: 0.2769, Hard: 0.2384, Soft: 0.0385                     Acc: 93.75% LR: 0.000031                     Alpha: 0.5744425058364868                     Beta: 0.616582453250885                     MemKD: 0.0
2026-02-07 06:42:57,040 - INFO - Epoch [85] Batch [20/35]                     Loss: 0.2162, Hard: 0.1833, Soft: 0.0329                     Acc: 92.26% LR: 0.000031                     Alpha: 0.5744425058364868                     Beta: 0.6170049905776978                     MemKD: 0.0
2026-02-07 06:43:27,031 - INFO - Epoch [85/100] Train Loss: 0.2919, Train Acc: 91.96%, Val Loss: 0.4112, Val Acc: 84.97%
2026-02-07 06:43:47,124 - INFO - Epoch [86] Batch [0/35]                     Loss: 0.2064, Hard: 0.1758, Soft: 0.0306                     Acc: 100.00% LR: 0.000027                     Alpha: 0.5744425058364868                     Beta: 0.6173227429389954                     MemKD: 0.0
2026-02-07 06:43:54,707 - INFO - Epoch [86] Batch [20/35]                     Loss: 0.5510, Hard: 0.4906, Soft: 0.0603                     Acc: 92.26% LR: 0.000027                     Alpha: 0.5744425058364868                     Beta: 0.617673397064209                     MemKD: 0.0
2026-02-07 06:44:22,393 - INFO - Epoch [86/100] Train Loss: 0.3185, Train Acc: 89.64%, Val Loss: 0.3956, Val Acc: 85.24%
2026-02-07 06:44:42,668 - INFO - Epoch [87] Batch [0/35]                     Loss: 0.1621, Hard: 0.1402, Soft: 0.0220                     Acc: 93.75% LR: 0.000024                     Alpha: 0.5744425058364868                     Beta: 0.6180098056793213                     MemKD: 0.0
2026-02-07 06:44:50,272 - INFO - Epoch [87] Batch [20/35]                     Loss: 0.1781, Hard: 0.1492, Soft: 0.0289                     Acc: 89.88% LR: 0.000024                     Alpha: 0.5744425058364868                     Beta: 0.6183551549911499                     MemKD: 0.0
2026-02-07 06:45:19,734 - INFO - Epoch [87/100] Train Loss: 0.3029, Train Acc: 90.18%, Val Loss: 0.3999, Val Acc: 85.51%
2026-02-07 06:45:42,270 - INFO - Epoch [88] Batch [0/35]                     Loss: 0.1789, Hard: 0.1479, Soft: 0.0310                     Acc: 93.75% LR: 0.000021                     Alpha: 0.5744425058364868                     Beta: 0.6186121106147766                     MemKD: 0.0
2026-02-07 06:45:49,890 - INFO - Epoch [88] Batch [20/35]                     Loss: 0.4942, Hard: 0.4453, Soft: 0.0489                     Acc: 92.56% LR: 0.000021                     Alpha: 0.5744425058364868                     Beta: 0.6188957691192627                     MemKD: 0.0
2026-02-07 06:46:17,957 - INFO - Epoch [88/100] Train Loss: 0.2466, Train Acc: 93.04%, Val Loss: 0.3883, Val Acc: 85.51%
2026-02-07 06:46:38,303 - INFO - Epoch [89] Batch [0/35]                     Loss: 0.1101, Hard: 0.0865, Soft: 0.0236                     Acc: 100.00% LR: 0.000018                     Alpha: 0.5744425058364868                     Beta: 0.6190929412841797                     MemKD: 0.0
2026-02-07 06:46:45,915 - INFO - Epoch [89] Batch [20/35]                     Loss: 0.2918, Hard: 0.2597, Soft: 0.0321                     Acc: 92.86% LR: 0.000018                     Alpha: 0.5744425058364868                     Beta: 0.6193259954452515                     MemKD: 0.0
2026-02-07 06:47:13,600 - INFO - Epoch [89/100] Train Loss: 0.2758, Train Acc: 92.68%, Val Loss: 0.3966, Val Acc: 85.37%
2026-02-07 06:47:33,281 - INFO - Epoch [90] Batch [0/35]                     Loss: 0.0867, Hard: 0.0621, Soft: 0.0246                     Acc: 100.00% LR: 0.000015                     Alpha: 0.5744425058364868                     Beta: 0.619507908821106                     MemKD: 0.0
2026-02-07 06:47:40,852 - INFO - Epoch [90] Batch [20/35]                     Loss: 0.2949, Hard: 0.2527, Soft: 0.0422                     Acc: 92.56% LR: 0.000015                     Alpha: 0.5744425058364868                     Beta: 0.6197000741958618                     MemKD: 0.0
2026-02-07 06:48:08,573 - INFO - Epoch [90/100] Train Loss: 0.2662, Train Acc: 91.43%, Val Loss: 0.3978, Val Acc: 85.11%
2026-02-07 06:48:08,604 - INFO - Checkpoint saved at epoch 90
2026-02-07 06:48:28,334 - INFO - Epoch [91] Batch [0/35]                     Loss: 0.2534, Hard: 0.2202, Soft: 0.0331                     Acc: 87.50% LR: 0.000012                     Alpha: 0.5744425058364868                     Beta: 0.6198577284812927                     MemKD: 0.0
2026-02-07 06:48:35,941 - INFO - Epoch [91] Batch [20/35]                     Loss: 0.2398, Hard: 0.2089, Soft: 0.0308                     Acc: 91.96% LR: 0.000012                     Alpha: 0.5744425058364868                     Beta: 0.6200350522994995                     MemKD: 0.0
2026-02-07 06:49:03,803 - INFO - Epoch [91/100] Train Loss: 0.2392, Train Acc: 92.14%, Val Loss: 0.3866, Val Acc: 85.64%
2026-02-07 06:49:23,295 - INFO - Epoch [92] Batch [0/35]                     Loss: 0.1904, Hard: 0.1569, Soft: 0.0335                     Acc: 93.75% LR: 0.000010                     Alpha: 0.5744425058364868                     Beta: 0.620155394077301                     MemKD: 0.0
2026-02-07 06:49:30,887 - INFO - Epoch [92] Batch [20/35]                     Loss: 0.3139, Hard: 0.2792, Soft: 0.0347                     Acc: 92.26% LR: 0.000010                     Alpha: 0.5744425058364868                     Beta: 0.6202850341796875                     MemKD: 0.0
2026-02-07 06:49:59,828 - INFO - Epoch [92/100] Train Loss: 0.2465, Train Acc: 92.50%, Val Loss: 0.3898, Val Acc: 85.77%
2026-02-07 06:50:19,941 - INFO - Epoch [93] Batch [0/35]                     Loss: 0.2079, Hard: 0.1768, Soft: 0.0311                     Acc: 93.75% LR: 0.000008                     Alpha: 0.5744425058364868                     Beta: 0.6203833818435669                     MemKD: 0.0
2026-02-07 06:50:27,588 - INFO - Epoch [93] Batch [20/35]                     Loss: 0.2822, Hard: 0.2460, Soft: 0.0362                     Acc: 93.45% LR: 0.000008                     Alpha: 0.5744425058364868                     Beta: 0.6204776763916016                     MemKD: 0.0
2026-02-07 06:50:54,604 - INFO - Epoch [93/100] Train Loss: 0.2236, Train Acc: 93.21%, Val Loss: 0.3906, Val Acc: 85.51%
2026-02-07 06:51:13,960 - INFO - Epoch [94] Batch [0/35]                     Loss: 0.3743, Hard: 0.3312, Soft: 0.0431                     Acc: 93.75% LR: 0.000006                     Alpha: 0.5744425058364868                     Beta: 0.620553731918335                     MemKD: 0.0
2026-02-07 06:51:21,668 - INFO - Epoch [94] Batch [20/35]                     Loss: 0.2159, Hard: 0.1868, Soft: 0.0291                     Acc: 92.86% LR: 0.000006                     Alpha: 0.5744425058364868                     Beta: 0.6206315755844116                     MemKD: 0.0
2026-02-07 06:51:52,636 - INFO - Epoch [94/100] Train Loss: 0.2410, Train Acc: 93.04%, Val Loss: 0.3895, Val Acc: 86.04%
2026-02-07 06:52:14,355 - INFO - Epoch [95] Batch [0/35]                     Loss: 0.5472, Hard: 0.5007, Soft: 0.0465                     Acc: 81.25% LR: 0.000004                     Alpha: 0.5744425058364868                     Beta: 0.6206897497177124                     MemKD: 0.0
2026-02-07 06:52:21,921 - INFO - Epoch [95] Batch [20/35]                     Loss: 0.2519, Hard: 0.2266, Soft: 0.0253                     Acc: 89.88% LR: 0.000004                     Alpha: 0.5744425058364868                     Beta: 0.6207517981529236                     MemKD: 0.0
2026-02-07 06:52:51,716 - INFO - Epoch [95/100] Train Loss: 0.2754, Train Acc: 90.54%, Val Loss: 0.3868, Val Acc: 85.90%
2026-02-07 06:53:12,831 - INFO - Epoch [96] Batch [0/35]                     Loss: 0.1723, Hard: 0.1460, Soft: 0.0263                     Acc: 93.75% LR: 0.000003                     Alpha: 0.5744425058364868                     Beta: 0.6207970976829529                     MemKD: 0.0
2026-02-07 06:53:20,422 - INFO - Epoch [96] Batch [20/35]                     Loss: 0.0778, Hard: 0.0604, Soft: 0.0175                     Acc: 92.26% LR: 0.000003                     Alpha: 0.5744425058364868                     Beta: 0.62083899974823                     MemKD: 0.0
2026-02-07 06:53:48,158 - INFO - Epoch [96/100] Train Loss: 0.2488, Train Acc: 92.86%, Val Loss: 0.4023, Val Acc: 85.11%
2026-02-07 06:54:09,444 - INFO - Epoch [97] Batch [0/35]                     Loss: 0.2340, Hard: 0.2023, Soft: 0.0317                     Acc: 93.75% LR: 0.000002                     Alpha: 0.5744425058364868                     Beta: 0.6208714246749878                     MemKD: 0.0
2026-02-07 06:54:17,032 - INFO - Epoch [97] Batch [20/35]                     Loss: 0.4756, Hard: 0.4277, Soft: 0.0480                     Acc: 89.88% LR: 0.000002                     Alpha: 0.5744425058364868                     Beta: 0.6208986639976501                     MemKD: 0.0
2026-02-07 06:54:46,823 - INFO - Epoch [97/100] Train Loss: 0.2836, Train Acc: 90.54%, Val Loss: 0.3897, Val Acc: 85.37%
2026-02-07 06:55:07,408 - INFO - Epoch [98] Batch [0/35]                     Loss: 0.2822, Hard: 0.2373, Soft: 0.0449                     Acc: 93.75% LR: 0.000001                     Alpha: 0.5744425058364868                     Beta: 0.6209190487861633                     MemKD: 0.0
2026-02-07 06:55:15,046 - INFO - Epoch [98] Batch [20/35]                     Loss: 0.2630, Hard: 0.2228, Soft: 0.0402                     Acc: 92.56% LR: 0.000001                     Alpha: 0.5744425058364868                     Beta: 0.6209339499473572                     MemKD: 0.0
2026-02-07 06:55:42,456 - INFO - Epoch [98/100] Train Loss: 0.2524, Train Acc: 91.07%, Val Loss: 0.3821, Val Acc: 86.70%
2026-02-07 06:55:42,456 - INFO - Best model saved with accuracy: 86.70%
2026-02-07 06:56:03,850 - INFO - Epoch [99] Batch [0/35]                     Loss: 0.1332, Hard: 0.1082, Soft: 0.0250                     Acc: 100.00% LR: 0.000000                     Alpha: 0.5744425058364868                     Beta: 0.620945930480957                     MemKD: 0.0
2026-02-07 06:56:11,469 - INFO - Epoch [99] Batch [20/35]                     Loss: 0.2779, Hard: 0.2477, Soft: 0.0302                     Acc: 91.67% LR: 0.000000                     Alpha: 0.5744425058364868                     Beta: 0.6209530830383301                     MemKD: 0.0
2026-02-07 06:56:40,551 - INFO - Epoch [99/100] Train Loss: 0.2540, Train Acc: 91.96%, Val Loss: 0.3913, Val Acc: 85.37%
2026-02-07 06:57:00,304 - INFO - Epoch [100] Batch [0/35]                     Loss: 0.1720, Hard: 0.1460, Soft: 0.0260                     Acc: 93.75% LR: 0.000000                     Alpha: 0.5744425058364868                     Beta: 0.6209584474563599                     MemKD: 0.0
2026-02-07 06:57:07,937 - INFO - Epoch [100] Batch [20/35]                     Loss: 0.4413, Hard: 0.4011, Soft: 0.0402                     Acc: 91.96% LR: 0.000000                     Alpha: 0.5744425058364868                     Beta: 0.6209598183631897                     MemKD: 0.0
2026-02-07 06:57:36,460 - INFO - Epoch [100/100] Train Loss: 0.2583, Train Acc: 91.61%, Val Loss: 0.4013, Val Acc: 85.64%
2026-02-07 06:57:36,522 - INFO - Checkpoint saved at epoch 100
2026-02-07 06:57:36,522 - INFO - ==================================================
2026-02-07 06:57:36,522 - INFO - Training finished! Best accuracy: 86.70%
2026-02-07 06:57:36,522 - INFO - ==================================================
