2026-01-30 17:22:51,986 - INFO - ==================================================
2026-01-30 17:22:51,986 - INFO - Distillation Training Configuration
2026-01-30 17:22:51,986 - INFO - ==================================================
2026-01-30 17:22:51,986 - INFO - GPUs: [4, 5, 6, 7]
2026-01-30 17:22:51,986 - INFO - World size: 4
2026-01-30 17:22:51,987 - INFO - Dataset: /media/hdd1/chuxiaohui/AI4Ocean_UATR/DeepShip_622
2026-01-30 17:22:51,987 - INFO - Data type: wav_s@wav_t
2026-01-30 17:22:51,987 - INFO - Batch size: 32
2026-01-30 17:22:51,987 - INFO - Epochs: 100
2026-01-30 17:22:51,987 - INFO - Learning rate: 0.001
2026-01-30 17:22:51,987 - INFO - Temperature: 2.0
2026-01-30 17:22:51,987 - INFO - Alpha: 0.3
2026-01-30 17:22:51,987 - INFO - Save dir: checkpoints/DeepShip/distillation_0130_0
2026-01-30 17:22:51,987 - INFO - ==================================================
2026-01-30 17:22:52,435 - INFO - Train dataset size: 31892
2026-01-30 17:22:52,435 - INFO - Validation dataset size: 10631
2026-01-30 17:22:53,742 - INFO - Student params: 316,234 (0.32M)
2026-01-30 17:22:53,742 - INFO - Teacher params: 164,415,748 (164.42M)
2026-01-30 17:22:53,743 - INFO - Trainable params: 271,242 (0.27M)
2026-01-30 17:22:54,776 - INFO - Start training...
