2026-02-09 01:44:08,246 - INFO - ==================================================
2026-02-09 01:44:08,246 - INFO - Distillation Training Configuration
2026-02-09 01:44:08,246 - INFO - ==================================================
2026-02-09 01:44:08,246 - INFO - GPUs: [4, 5, 6, 7]
2026-02-09 01:44:08,246 - INFO - World size: 4
2026-02-09 01:44:08,246 - INFO - Dataset: /media/hdd1/chuxiaohui/AI4Ocean_UATR/ShipsEar_622
2026-02-09 01:44:08,246 - INFO - Data type: wav_s@wav_t
2026-02-09 01:44:08,246 - INFO - Batch size: 16
2026-02-09 01:44:08,246 - INFO - Epochs: 100
2026-02-09 01:44:08,246 - INFO - Learning rate: 0.0005
2026-02-09 01:44:08,246 - INFO - Temperature: 2.0
2026-02-09 01:44:08,246 - INFO - Alpha: 0.3
2026-02-09 01:44:08,246 - INFO - Save dir: checkpoints/grid_shipsear/num_epochs100_weight_decay0.0001_batch_size16_lr0.0005_distill_typeMTSKD_Temp_freezeFalse_USE_DYNAMIC_DISTILL_WEIGHTTrue_p_encoder0.1_p_classifier0.5
2026-02-09 01:44:08,246 - INFO - ==================================================
2026-02-09 01:44:08,266 - INFO - Train dataset size: 2240
2026-02-09 01:44:08,266 - INFO - Validation dataset size: 749
2026-02-09 01:44:09,094 - INFO - Student params: 316,299 (0.32M)
2026-02-09 01:44:09,094 - INFO - Teacher params: 164,415,877 (164.42M)
2026-02-09 01:44:09,094 - INFO - Trainable params: 164,687,249 (164.69M)
2026-02-09 01:44:09,749 - INFO - Start training...
2026-02-09 01:44:09,750 - INFO - No checkpoint found, start from scratch
2026-02-09 01:44:31,950 - INFO - Epoch [1] Batch [0/35]                     Loss: 1.6857, Hard: 1.6857, Soft: 0.4927                     Acc: 25.00% LR: 0.000500                     Alpha: 0.5744425058364868                     Beta: 0.0                     MemKD: 0.5
2026-02-09 01:44:43,694 - INFO - Epoch [1] Batch [20/35]                     Loss: 1.6063, Hard: 1.6063, Soft: 0.3517                     Acc: 36.90% LR: 0.000500                     Alpha: 0.5744425058364868                     Beta: 0.0                     MemKD: 0.5
2026-02-09 01:45:16,953 - INFO - Epoch [1/100] Train Loss: 1.4589, Train Acc: 38.57%, Val Loss: 1.4329, Val Acc: 42.55%
2026-02-09 01:45:16,953 - INFO - Best model saved with accuracy: 42.55%
2026-02-09 01:45:39,435 - INFO - Epoch [2] Batch [0/35]                     Loss: 1.1379, Hard: 1.1379, Soft: 0.2189                     Acc: 50.00% LR: 0.000500                     Alpha: 0.5744425058364868                     Beta: 0.0                     MemKD: 0.5
2026-02-09 01:45:50,881 - INFO - Epoch [2] Batch [20/35]                     Loss: 1.3833, Hard: 1.3833, Soft: 0.3217                     Acc: 44.35% LR: 0.000500                     Alpha: 0.5744425058364868                     Beta: 0.0                     MemKD: 0.5
2026-02-09 01:46:24,190 - INFO - Epoch [2/100] Train Loss: 1.2844, Train Acc: 44.46%, Val Loss: 1.1922, Val Acc: 50.80%
2026-02-09 01:46:24,191 - INFO - Best model saved with accuracy: 50.80%
2026-02-09 01:46:43,768 - INFO - Epoch [3] Batch [0/35]                     Loss: 1.1931, Hard: 1.1931, Soft: 0.2490                     Acc: 50.00% LR: 0.000500                     Alpha: 0.5744425058364868                     Beta: 0.0                     MemKD: 0.5
2026-02-09 01:46:55,512 - INFO - Epoch [3] Batch [20/35]                     Loss: 1.3973, Hard: 1.3973, Soft: 0.2756                     Acc: 42.56% LR: 0.000500                     Alpha: 0.5744425058364868                     Beta: 0.0                     MemKD: 0.5
2026-02-09 01:47:28,062 - INFO - Epoch [3/100] Train Loss: 1.2614, Train Acc: 45.36%, Val Loss: 1.0989, Val Acc: 54.92%
2026-02-09 01:47:28,062 - INFO - Best model saved with accuracy: 54.92%
2026-02-09 01:47:47,538 - INFO - Epoch [4] Batch [0/35]                     Loss: 1.0271, Hard: 1.0271, Soft: 0.1841                     Acc: 56.25% LR: 0.000499                     Alpha: 0.5744425058364868                     Beta: 0.0                     MemKD: 0.5
2026-02-09 01:47:59,304 - INFO - Epoch [4] Batch [20/35]                     Loss: 1.2277, Hard: 1.2277, Soft: 0.2606                     Acc: 54.17% LR: 0.000499                     Alpha: 0.5744425058364868                     Beta: 0.0                     MemKD: 0.5
2026-02-09 01:48:31,453 - INFO - Epoch [4/100] Train Loss: 1.1789, Train Acc: 54.64%, Val Loss: 1.0167, Val Acc: 60.24%
2026-02-09 01:48:31,453 - INFO - Best model saved with accuracy: 60.24%
2026-02-09 01:48:52,385 - INFO - Epoch [5] Batch [0/35]                     Loss: 1.0937, Hard: 1.0937, Soft: 0.2307                     Acc: 68.75% LR: 0.000498                     Alpha: 0.5744425058364868                     Beta: 0.0                     MemKD: 0.5
2026-02-09 01:49:03,886 - INFO - Epoch [5] Batch [20/35]                     Loss: 1.1180, Hard: 1.1180, Soft: 0.2288                     Acc: 57.14% LR: 0.000498                     Alpha: 0.5744425058364868                     Beta: 0.0                     MemKD: 0.5
2026-02-09 01:49:35,865 - INFO - Epoch [5/100] Train Loss: 1.1098, Train Acc: 57.32%, Val Loss: 1.0113, Val Acc: 56.91%
2026-02-09 01:49:56,038 - INFO - Epoch [6] Batch [0/35]                     Loss: 1.1708, Hard: 1.1708, Soft: 0.2667                     Acc: 43.75% LR: 0.000497                     Alpha: 0.5744425058364868                     Beta: 0.0                     MemKD: 0.5
2026-02-09 01:50:05,697 - INFO - Epoch [6] Batch [20/35]                     Loss: 1.6558, Hard: 1.6558, Soft: 0.2892                     Acc: 58.33% LR: 0.000497                     Alpha: 0.5744425058364868                     Beta: 0.0                     MemKD: 0.5
2026-02-09 01:50:37,043 - INFO - Epoch [6/100] Train Loss: 1.0729, Train Acc: 60.36%, Val Loss: 0.9717, Val Acc: 61.84%
2026-02-09 01:50:37,044 - INFO - Best model saved with accuracy: 61.84%
2026-02-09 01:50:58,456 - INFO - Epoch [7] Batch [0/35]                     Loss: 1.0339, Hard: 1.0339, Soft: 0.1645                     Acc: 62.50% LR: 0.000496                     Alpha: 0.5744425058364868                     Beta: 0.0                     MemKD: 0.5
2026-02-09 01:51:09,691 - INFO - Epoch [7] Batch [20/35]                     Loss: 1.0186, Hard: 1.0186, Soft: 0.2095                     Acc: 63.10% LR: 0.000496                     Alpha: 0.5744425058364868                     Beta: 0.0                     MemKD: 0.5
2026-02-09 01:51:41,436 - INFO - Epoch [7/100] Train Loss: 1.0464, Train Acc: 61.07%, Val Loss: 0.9950, Val Acc: 60.90%
2026-02-09 01:52:03,144 - INFO - Epoch [8] Batch [0/35]                     Loss: 0.8912, Hard: 0.8912, Soft: 0.1747                     Acc: 68.75% LR: 0.000494                     Alpha: 0.5744425058364868                     Beta: 0.0                     MemKD: 0.5
2026-02-09 01:52:14,060 - INFO - Epoch [8] Batch [20/35]                     Loss: 0.9073, Hard: 0.9073, Soft: 0.1914                     Acc: 60.12% LR: 0.000494                     Alpha: 0.5744425058364868                     Beta: 0.0                     MemKD: 0.5
2026-02-09 01:52:44,675 - INFO - Epoch [8/100] Train Loss: 1.0434, Train Acc: 60.18%, Val Loss: 0.9030, Val Acc: 67.29%
2026-02-09 01:52:44,675 - INFO - Best model saved with accuracy: 67.29%
2026-02-09 01:53:06,992 - INFO - Epoch [9] Batch [0/35]                     Loss: 0.7496, Hard: 0.7496, Soft: 0.1558                     Acc: 68.75% LR: 0.000492                     Alpha: 0.5744425058364868                     Beta: 0.0                     MemKD: 0.5
2026-02-09 01:53:17,700 - INFO - Epoch [9] Batch [20/35]                     Loss: 1.4643, Hard: 1.4643, Soft: 0.2944                     Acc: 59.23% LR: 0.000492                     Alpha: 0.5744425058364868                     Beta: 0.0                     MemKD: 0.5
2026-02-09 01:53:47,426 - INFO - Epoch [9/100] Train Loss: 0.9984, Train Acc: 60.89%, Val Loss: 0.8722, Val Acc: 68.22%
2026-02-09 01:53:47,427 - INFO - Best model saved with accuracy: 68.22%
2026-02-09 01:54:09,890 - INFO - Epoch [10] Batch [0/35]                     Loss: 0.8789, Hard: 0.8789, Soft: 0.1977                     Acc: 62.50% LR: 0.000490                     Alpha: 0.5744425058364868                     Beta: 0.0                     MemKD: 0.5
2026-02-09 01:54:21,563 - INFO - Epoch [10] Batch [20/35]                     Loss: 1.2034, Hard: 1.2034, Soft: 0.1904                     Acc: 62.20% LR: 0.000490                     Alpha: 0.5744425058364868                     Beta: 0.0                     MemKD: 0.5
2026-02-09 01:54:53,469 - INFO - Epoch [10/100] Train Loss: 0.9328, Train Acc: 65.18%, Val Loss: 0.9009, Val Acc: 63.03%
2026-02-09 01:54:53,517 - INFO - Checkpoint saved at epoch 10
2026-02-09 01:55:15,505 - INFO - Epoch [11] Batch [0/35]                     Loss: 0.6042, Hard: 0.6042, Soft: 0.1228                     Acc: 93.75% LR: 0.000488                     Alpha: 0.5744425058364868                     Beta: 0.0                     MemKD: 0.5
2026-02-09 01:55:23,255 - INFO - Epoch [11] Batch [20/35]                     Loss: 1.0993, Hard: 1.0993, Soft: 0.2123                     Acc: 61.61% LR: 0.000488                     Alpha: 0.5744425058364868                     Beta: 0.0                     MemKD: 0.5
2026-02-09 01:55:54,660 - INFO - Epoch [11/100] Train Loss: 0.9793, Train Acc: 62.50%, Val Loss: 0.8115, Val Acc: 71.41%
2026-02-09 01:55:54,661 - INFO - Best model saved with accuracy: 71.41%
2026-02-09 01:56:16,659 - INFO - Epoch [12] Batch [0/35]                     Loss: 0.7129, Hard: 0.7129, Soft: 0.1329                     Acc: 81.25% LR: 0.000485                     Alpha: 0.5744425058364868                     Beta: 0.0                     MemKD: 0.5
2026-02-09 01:56:28,407 - INFO - Epoch [12] Batch [20/35]                     Loss: 1.1624, Hard: 1.1624, Soft: 0.2481                     Acc: 65.77% LR: 0.000485                     Alpha: 0.5744425058364868                     Beta: 0.0                     MemKD: 0.5
2026-02-09 01:57:00,514 - INFO - Epoch [12/100] Train Loss: 0.8828, Train Acc: 67.32%, Val Loss: 0.9367, Val Acc: 66.22%
2026-02-09 01:57:21,975 - INFO - Epoch [13] Batch [0/35]                     Loss: 1.4057, Hard: 1.4057, Soft: 0.1910                     Acc: 43.75% LR: 0.000482                     Alpha: 0.5744425058364868                     Beta: 0.0                     MemKD: 0.5
2026-02-09 01:57:33,621 - INFO - Epoch [13] Batch [20/35]                     Loss: 1.1040, Hard: 1.1040, Soft: 0.2102                     Acc: 56.25% LR: 0.000482                     Alpha: 0.5744425058364868                     Beta: 0.0                     MemKD: 0.5
2026-02-09 01:58:06,842 - INFO - Epoch [13/100] Train Loss: 1.0040, Train Acc: 61.25%, Val Loss: 0.7545, Val Acc: 70.21%
2026-02-09 01:58:27,180 - INFO - Epoch [14] Batch [0/35]                     Loss: 0.7626, Hard: 0.7626, Soft: 0.1144                     Acc: 75.00% LR: 0.000479                     Alpha: 0.5744425058364868                     Beta: 0.0                     MemKD: 0.5
2026-02-09 01:58:38,679 - INFO - Epoch [14] Batch [20/35]                     Loss: 0.6972, Hard: 0.6972, Soft: 0.1584                     Acc: 66.67% LR: 0.000479                     Alpha: 0.5744425058364868                     Beta: 0.0                     MemKD: 0.5
2026-02-09 01:59:09,962 - INFO - Epoch [14/100] Train Loss: 0.8756, Train Acc: 67.86%, Val Loss: 0.7482, Val Acc: 71.54%
2026-02-09 01:59:09,962 - INFO - Best model saved with accuracy: 71.54%
2026-02-09 01:59:30,395 - INFO - Epoch [15] Batch [0/35]                     Loss: 0.8683, Hard: 0.8683, Soft: 0.2040                     Acc: 68.75% LR: 0.000476                     Alpha: 0.5744425058364868                     Beta: 0.0                     MemKD: 0.5
2026-02-09 01:59:42,079 - INFO - Epoch [15] Batch [20/35]                     Loss: 0.7719, Hard: 0.7719, Soft: 0.1631                     Acc: 70.54% LR: 0.000476                     Alpha: 0.5744425058364868                     Beta: 0.0                     MemKD: 0.5
2026-02-09 02:00:16,196 - INFO - Epoch [15/100] Train Loss: 0.8137, Train Acc: 70.36%, Val Loss: 0.7350, Val Acc: 73.40%
2026-02-09 02:00:16,197 - INFO - Best model saved with accuracy: 73.40%
2026-02-09 02:00:37,393 - INFO - Epoch [16] Batch [0/35]                     Loss: 0.7094, Hard: 0.7094, Soft: 0.1778                     Acc: 75.00% LR: 0.000473                     Alpha: 0.5744425058364868                     Beta: 0.0                     MemKD: 0.5
2026-02-09 02:00:45,273 - INFO - Epoch [16] Batch [20/35]                     Loss: 0.9459, Hard: 0.9459, Soft: 0.1542                     Acc: 69.05% LR: 0.000473                     Alpha: 0.5744425058364868                     Beta: 0.0                     MemKD: 0.5
2026-02-09 02:01:18,852 - INFO - Epoch [16/100] Train Loss: 0.8636, Train Acc: 69.11%, Val Loss: 0.7387, Val Acc: 71.14%
2026-02-09 02:01:39,388 - INFO - Epoch [17] Batch [0/35]                     Loss: 0.9575, Hard: 0.9575, Soft: 0.2726                     Acc: 62.50% LR: 0.000469                     Alpha: 0.5744425058364868                     Beta: 0.0                     MemKD: 0.5
2026-02-09 02:01:51,383 - INFO - Epoch [17] Batch [20/35]                     Loss: 0.7311, Hard: 0.7311, Soft: 0.1683                     Acc: 68.15% LR: 0.000469                     Alpha: 0.5744425058364868                     Beta: 0.0                     MemKD: 0.5
2026-02-09 02:02:23,559 - INFO - Epoch [17/100] Train Loss: 0.8352, Train Acc: 67.50%, Val Loss: 0.7828, Val Acc: 69.28%
2026-02-09 02:02:42,150 - INFO - Epoch [18] Batch [0/35]                     Loss: 1.0992, Hard: 1.0992, Soft: 0.2486                     Acc: 56.25% LR: 0.000465                     Alpha: 0.5744425058364868                     Beta: 0.0                     MemKD: 0.5
2026-02-09 02:02:53,346 - INFO - Epoch [18] Batch [20/35]                     Loss: 0.9928, Hard: 0.9928, Soft: 0.2043                     Acc: 69.64% LR: 0.000465                     Alpha: 0.5744425058364868                     Beta: 0.0                     MemKD: 0.5
2026-02-09 02:03:24,360 - INFO - Epoch [18/100] Train Loss: 0.8188, Train Acc: 69.11%, Val Loss: 0.8084, Val Acc: 66.09%
2026-02-09 02:03:44,868 - INFO - Epoch [19] Batch [0/35]                     Loss: 0.6366, Hard: 0.6366, Soft: 0.1447                     Acc: 75.00% LR: 0.000461                     Alpha: 0.5744425058364868                     Beta: 0.0                     MemKD: 0.5
2026-02-09 02:03:56,031 - INFO - Epoch [19] Batch [20/35]                     Loss: 0.7585, Hard: 0.7585, Soft: 0.2052                     Acc: 73.51% LR: 0.000461                     Alpha: 0.5744425058364868                     Beta: 0.0                     MemKD: 0.5
2026-02-09 02:04:27,185 - INFO - Epoch [19/100] Train Loss: 0.8386, Train Acc: 67.68%, Val Loss: 0.6805, Val Acc: 76.33%
2026-02-09 02:04:27,186 - INFO - Best model saved with accuracy: 76.33%
2026-02-09 02:04:47,956 - INFO - Epoch [20] Batch [0/35]                     Loss: 0.6288, Hard: 0.6288, Soft: 0.1248                     Acc: 81.25% LR: 0.000457                     Alpha: 0.5744425058364868                     Beta: 0.0                     MemKD: 0.5
2026-02-09 02:04:59,649 - INFO - Epoch [20] Batch [20/35]                     Loss: 0.9889, Hard: 0.9889, Soft: 0.1900                     Acc: 72.32% LR: 0.000457                     Alpha: 0.5744425058364868                     Beta: 0.0                     MemKD: 0.5
2026-02-09 02:05:30,401 - INFO - Epoch [20/100] Train Loss: 0.7826, Train Acc: 71.61%, Val Loss: 0.6815, Val Acc: 73.94%
2026-02-09 02:05:30,447 - INFO - Checkpoint saved at epoch 20
2026-02-09 02:05:51,000 - INFO - Epoch [21] Batch [0/35]                     Loss: 0.6411, Hard: 0.6373, Soft: 0.1536                     Acc: 68.75% LR: 0.000452                     Alpha: 0.5744425058364868                     Beta: 0.0                     MemKD: 0.5
2026-02-09 02:05:58,812 - INFO - Epoch [21] Batch [20/35]                     Loss: 0.5009, Hard: 0.4986, Soft: 0.0925                     Acc: 76.49% LR: 0.000452                     Alpha: 0.5744425058364868                     Beta: -0.0381295271217823                     MemKD: 0.5059753060340881
2026-02-09 02:06:28,632 - INFO - Epoch [21/100] Train Loss: 0.7199, Train Acc: 75.36%, Val Loss: 0.7757, Val Acc: 71.28%
2026-02-09 02:06:48,190 - INFO - Epoch [22] Batch [0/35]                     Loss: 0.9394, Hard: 0.9317, Soft: 0.1533                     Acc: 68.75% LR: 0.000448                     Alpha: 0.5744425058364868                     Beta: -0.06439159065485                     MemKD: 0.5099048614501953
2026-02-09 02:06:59,073 - INFO - Epoch [22] Batch [20/35]                     Loss: 0.9261, Hard: 0.9205, Soft: 0.1124                     Acc: 72.62% LR: 0.000448                     Alpha: 0.5744425058364868                     Beta: -0.1010652557015419                     MemKD: 0.5132333040237427
2026-02-09 02:07:31,499 - INFO - Epoch [22/100] Train Loss: 0.7663, Train Acc: 71.96%, Val Loss: 0.6385, Val Acc: 75.80%
2026-02-09 02:07:51,093 - INFO - Epoch [23] Batch [0/35]                     Loss: 0.7296, Hard: 0.7209, Soft: 0.1168                     Acc: 81.25% LR: 0.000443                     Alpha: 0.5744425058364868                     Beta: -0.1254490166902542                     MemKD: 0.5143242478370667
2026-02-09 02:08:02,786 - INFO - Epoch [23] Batch [20/35]                     Loss: 0.7116, Hard: 0.7061, Soft: 0.0730                     Acc: 74.70% LR: 0.000443                     Alpha: 0.5744425058364868                     Beta: -0.1580018699169159                     MemKD: 0.5128653645515442
2026-02-09 02:08:33,897 - INFO - Epoch [23/100] Train Loss: 0.7396, Train Acc: 72.86%, Val Loss: 0.8557, Val Acc: 66.89%
2026-02-09 02:08:53,291 - INFO - Epoch [24] Batch [0/35]                     Loss: 0.5970, Hard: 0.5896, Soft: 0.0743                     Acc: 75.00% LR: 0.000438                     Alpha: 0.5744425058364868                     Beta: -0.1798778921365738                     MemKD: 0.5103362798690796
2026-02-09 02:09:04,740 - INFO - Epoch [24] Batch [20/35]                     Loss: 0.3286, Hard: 0.3300, Soft: -0.0139                     Acc: 74.40% LR: 0.000438                     Alpha: 0.5744425058364868                     Beta: -0.20990891754627228                     MemKD: 0.5050427317619324
2026-02-09 02:09:35,759 - INFO - Epoch [24/100] Train Loss: 0.7108, Train Acc: 73.57%, Val Loss: 0.7010, Val Acc: 71.94%
2026-02-09 02:09:54,600 - INFO - Epoch [25] Batch [0/35]                     Loss: 0.8555, Hard: 0.8414, Soft: 0.1134                     Acc: 56.25% LR: 0.000432                     Alpha: 0.5744425058364868                     Beta: -0.23104286193847656                     MemKD: 0.5011062026023865
2026-02-09 02:10:06,293 - INFO - Epoch [25] Batch [20/35]                     Loss: 0.3732, Hard: 0.3773, Soft: -0.0328                     Acc: 73.81% LR: 0.000432                     Alpha: 0.5744425058364868                     Beta: -0.25990113615989685                     MemKD: 0.4937942922115326
2026-02-09 02:10:38,639 - INFO - Epoch [25/100] Train Loss: 0.7253, Train Acc: 74.11%, Val Loss: 0.6418, Val Acc: 75.80%
2026-02-09 02:10:58,798 - INFO - Epoch [26] Batch [0/35]                     Loss: 0.5398, Hard: 0.5405, Soft: -0.0045                     Acc: 87.50% LR: 0.000427                     Alpha: 0.5744425058364868                     Beta: -0.2800252139568329                     MemKD: 0.48894327878952026
2026-02-09 02:11:06,718 - INFO - Epoch [26] Batch [20/35]                     Loss: 0.7989, Hard: 0.7975, Soft: 0.0090                     Acc: 79.17% LR: 0.000427                     Alpha: 0.5744425058364868                     Beta: -0.30616021156311035                     MemKD: 0.48249033093452454
2026-02-09 02:11:36,515 - INFO - Epoch [26/100] Train Loss: 0.6650, Train Acc: 77.32%, Val Loss: 0.7277, Val Acc: 71.68%
2026-02-09 02:11:57,319 - INFO - Epoch [27] Batch [0/35]                     Loss: 0.4089, Hard: 0.4182, Soft: -0.0528                     Acc: 93.75% LR: 0.000421                     Alpha: 0.5744425058364868                     Beta: -0.3252604603767395                     MemKD: 0.47713491320610046
2026-02-09 02:12:08,178 - INFO - Epoch [27] Batch [20/35]                     Loss: 0.5092, Hard: 0.5246, Soft: -0.0877                     Acc: 74.70% LR: 0.000421                     Alpha: 0.5744425058364868                     Beta: -0.35075560212135315                     MemKD: 0.470245361328125
2026-02-09 02:12:39,238 - INFO - Epoch [27/100] Train Loss: 0.7002, Train Acc: 73.04%, Val Loss: 0.7009, Val Acc: 71.14%
2026-02-09 02:12:58,754 - INFO - Epoch [28] Batch [0/35]                     Loss: 0.9732, Hard: 0.9549, Soft: 0.0915                     Acc: 56.25% LR: 0.000415                     Alpha: 0.5744425058364868                     Beta: -0.3686743676662445                     MemKD: 0.4652245044708252
2026-02-09 02:13:10,819 - INFO - Epoch [28] Batch [20/35]                     Loss: 0.4736, Hard: 0.4815, Soft: -0.0397                     Acc: 79.46% LR: 0.000415                     Alpha: 0.5744425058364868                     Beta: -0.3914024531841278                     MemKD: 0.4591841697692871
2026-02-09 02:13:43,391 - INFO - Epoch [28/100] Train Loss: 0.6225, Train Acc: 77.50%, Val Loss: 0.7283, Val Acc: 72.61%
2026-02-09 02:14:02,449 - INFO - Epoch [29] Batch [0/35]                     Loss: 0.6052, Hard: 0.6266, Soft: -0.0951                     Acc: 68.75% LR: 0.000409                     Alpha: 0.5744425058364868                     Beta: -0.40903595089912415                     MemKD: 0.45408153533935547
2026-02-09 02:14:13,714 - INFO - Epoch [29] Batch [20/35]                     Loss: 0.6178, Hard: 0.6358, Soft: -0.0800                     Acc: 75.60% LR: 0.000409                     Alpha: 0.5744425058364868                     Beta: -0.43203744292259216                     MemKD: 0.44779035449028015
2026-02-09 02:14:47,140 - INFO - Epoch [29/100] Train Loss: 0.5960, Train Acc: 77.68%, Val Loss: 0.6478, Val Acc: 75.40%
2026-02-09 02:15:10,202 - INFO - Epoch [30] Batch [0/35]                     Loss: 0.6382, Hard: 0.6554, Soft: -0.0690                     Acc: 68.75% LR: 0.000403                     Alpha: 0.5744425058364868                     Beta: -0.4493769407272339                     MemKD: 0.4430491626262665
2026-02-09 02:15:21,094 - INFO - Epoch [30] Batch [20/35]                     Loss: 1.1803, Hard: 1.1841, Soft: -0.0153                     Acc: 76.79% LR: 0.000403                     Alpha: 0.5744425058364868                     Beta: -0.4721136689186096                     MemKD: 0.43658140301704407
2026-02-09 02:15:52,711 - INFO - Epoch [30/100] Train Loss: 0.6211, Train Acc: 75.71%, Val Loss: 0.5977, Val Acc: 76.86%
2026-02-09 02:15:52,711 - INFO - Best model saved with accuracy: 76.86%
2026-02-09 02:15:52,766 - INFO - Checkpoint saved at epoch 30
2026-02-09 02:16:15,127 - INFO - Epoch [31] Batch [0/35]                     Loss: 0.7508, Hard: 0.7825, Soft: -0.1155                     Acc: 68.75% LR: 0.000397                     Alpha: 0.5744425058364868                     Beta: -0.4884921908378601                     MemKD: 0.4321160316467285
2026-02-09 02:16:23,104 - INFO - Epoch [31] Batch [20/35]                     Loss: 0.5261, Hard: 0.5781, Soft: -0.1891                     Acc: 76.19% LR: 0.000397                     Alpha: 0.5744425058364868                     Beta: -0.5098317861557007                     MemKD: 0.4264006018638611
2026-02-09 02:16:52,510 - INFO - Epoch [31/100] Train Loss: 0.5764, Train Acc: 76.07%, Val Loss: 0.5998, Val Acc: 77.79%
2026-02-09 02:16:52,510 - INFO - Best model saved with accuracy: 77.79%
2026-02-09 02:17:13,941 - INFO - Epoch [32] Batch [0/35]                     Loss: 0.9168, Hard: 0.9276, Soft: -0.0359                     Acc: 62.50% LR: 0.000391                     Alpha: 0.5744425058364868                     Beta: -0.5257687568664551                     MemKD: 0.42201873660087585
2026-02-09 02:17:25,086 - INFO - Epoch [32] Batch [20/35]                     Loss: 0.4441, Hard: 0.5121, Soft: -0.2266                     Acc: 77.38% LR: 0.000391                     Alpha: 0.5744425058364868                     Beta: -0.5464386940002441                     MemKD: 0.41634875535964966
2026-02-09 02:17:57,108 - INFO - Epoch [32/100] Train Loss: 0.5244, Train Acc: 77.68%, Val Loss: 0.5929, Val Acc: 76.46%
2026-02-09 02:18:19,737 - INFO - Epoch [33] Batch [0/35]                     Loss: 0.3775, Hard: 0.4647, Soft: -0.2683                     Acc: 87.50% LR: 0.000384                     Alpha: 0.5744425058364868                     Beta: -0.5617907643318176                     MemKD: 0.4121677875518799
2026-02-09 02:18:30,941 - INFO - Epoch [33] Batch [20/35]                     Loss: 0.7677, Hard: 0.8392, Soft: -0.2200                     Acc: 74.11% LR: 0.000384                     Alpha: 0.5744425058364868                     Beta: -0.5812212228775024                     MemKD: 0.4069686830043793
2026-02-09 02:19:02,838 - INFO - Epoch [33/100] Train Loss: 0.5864, Train Acc: 74.46%, Val Loss: 0.5741, Val Acc: 77.13%
2026-02-09 02:19:23,269 - INFO - Epoch [34] Batch [0/35]                     Loss: 0.5173, Hard: 0.6250, Soft: -0.3077                     Acc: 75.00% LR: 0.000377                     Alpha: 0.5744425058364868                     Beta: -0.5950535535812378                     MemKD: 0.4033883213996887
2026-02-09 02:19:34,632 - INFO - Epoch [34] Batch [20/35]                     Loss: 0.7858, Hard: 0.8758, Soft: -0.2573                     Acc: 77.08% LR: 0.000377                     Alpha: 0.5744425058364868                     Beta: -0.6138765811920166                     MemKD: 0.39842426776885986
2026-02-09 02:20:07,598 - INFO - Epoch [34/100] Train Loss: 0.5695, Train Acc: 75.36%, Val Loss: 0.5983, Val Acc: 76.73%
2026-02-09 02:20:29,612 - INFO - Epoch [35] Batch [0/35]                     Loss: 0.9650, Hard: 1.0034, Soft: -0.1023                     Acc: 68.75% LR: 0.000370                     Alpha: 0.5744425058364868                     Beta: -0.6271288990974426                     MemKD: 0.39507555961608887
2026-02-09 02:20:41,208 - INFO - Epoch [35] Batch [20/35]                     Loss: 0.2675, Hard: 0.4095, Soft: -0.3787                     Acc: 78.87% LR: 0.000370                     Alpha: 0.5744425058364868                     Beta: -0.644827127456665                     MemKD: 0.39046913385391235
2026-02-09 02:21:12,811 - INFO - Epoch [35/100] Train Loss: 0.4834, Train Acc: 79.82%, Val Loss: 0.7910, Val Acc: 71.28%
2026-02-09 02:21:33,189 - INFO - Epoch [36] Batch [0/35]                     Loss: 0.4003, Hard: 0.5519, Soft: -0.3791                     Acc: 81.25% LR: 0.000363                     Alpha: 0.5744425058364868                     Beta: -0.6580011248588562                     MemKD: 0.38699981570243835
2026-02-09 02:21:41,117 - INFO - Epoch [36] Batch [20/35]                     Loss: 0.5279, Hard: 0.6549, Soft: -0.3177                     Acc: 78.57% LR: 0.000363                     Alpha: 0.5744425058364868                     Beta: -0.6754406690597534                     MemKD: 0.3824026584625244
2026-02-09 02:22:11,469 - INFO - Epoch [36/100] Train Loss: 0.4399, Train Acc: 77.32%, Val Loss: 0.6233, Val Acc: 76.33%
2026-02-09 02:22:31,971 - INFO - Epoch [37] Batch [0/35]                     Loss: 0.3003, Hard: 0.4931, Soft: -0.4538                     Acc: 87.50% LR: 0.000356                     Alpha: 0.5744425058364868                     Beta: -0.687932550907135                     MemKD: 0.3792034685611725
2026-02-09 02:22:43,534 - INFO - Epoch [37] Batch [20/35]                     Loss: 0.5477, Hard: 0.7128, Soft: -0.3887                     Acc: 81.25% LR: 0.000356                     Alpha: 0.5744425058364868                     Beta: -0.7046042084693909                     MemKD: 0.374888151884079
2026-02-09 02:23:15,377 - INFO - Epoch [37/100] Train Loss: 0.3990, Train Acc: 80.36%, Val Loss: 0.5156, Val Acc: 81.25%
2026-02-09 02:23:15,377 - INFO - Best model saved with accuracy: 81.25%
2026-02-09 02:23:38,005 - INFO - Epoch [38] Batch [0/35]                     Loss: 0.0394, Hard: 0.2701, Soft: -0.5126                     Acc: 93.75% LR: 0.000349                     Alpha: 0.5744425058364868                     Beta: -0.7167656421661377                     MemKD: 0.37173566222190857
2026-02-09 02:23:49,678 - INFO - Epoch [38] Batch [20/35]                     Loss: 0.7872, Hard: 0.9024, Soft: -0.2560                     Acc: 82.14% LR: 0.000349                     Alpha: 0.5744425058364868                     Beta: -0.7326802611351013                     MemKD: 0.36761391162872314
2026-02-09 02:24:24,059 - INFO - Epoch [38/100] Train Loss: 0.3553, Train Acc: 79.82%, Val Loss: 0.6319, Val Acc: 74.73%
2026-02-09 02:24:46,417 - INFO - Epoch [39] Batch [0/35]                     Loss: 0.1549, Hard: 0.3995, Soft: -0.5150                     Acc: 87.50% LR: 0.000342                     Alpha: 0.5744425058364868                     Beta: -0.7438510060310364                     MemKD: 0.3648560643196106
2026-02-09 02:24:57,134 - INFO - Epoch [39] Batch [20/35]                     Loss: 0.0021, Hard: 0.2738, Soft: -0.5720                     Acc: 81.85% LR: 0.000342                     Alpha: 0.5744425058364868                     Beta: -0.7589090466499329                     MemKD: 0.3610627353191376
2026-02-09 02:25:28,499 - INFO - Epoch [39/100] Train Loss: 0.2671, Train Acc: 81.43%, Val Loss: 0.6062, Val Acc: 77.66%
2026-02-09 02:25:49,331 - INFO - Epoch [40] Batch [0/35]                     Loss: 0.3390, Hard: 0.5681, Soft: -0.4581                     Acc: 81.25% LR: 0.000335                     Alpha: 0.5744425058364868                     Beta: -0.7700217366218567                     MemKD: 0.3582763969898224
2026-02-09 02:26:00,409 - INFO - Epoch [40] Batch [20/35]                     Loss: 0.0620, Hard: 0.3643, Soft: -0.6047                     Acc: 80.36% LR: 0.000335                     Alpha: 0.5744425058364868                     Beta: -0.784372091293335                     MemKD: 0.35469064116477966
2026-02-09 02:26:33,770 - INFO - Epoch [40/100] Train Loss: 0.2853, Train Acc: 80.36%, Val Loss: 0.5625, Val Acc: 79.79%
2026-02-09 02:26:33,821 - INFO - Checkpoint saved at epoch 40
2026-02-09 02:26:53,651 - INFO - Epoch [41] Batch [0/35]                     Loss: -0.0190, Hard: 0.3066, Soft: -0.6203                     Acc: 87.50% LR: 0.000327                     Alpha: 0.5744425058364868                     Beta: -0.7948755621910095                     MemKD: 0.3520936071872711
2026-02-09 02:27:01,651 - INFO - Epoch [41] Batch [20/35]                     Loss: 0.1747, Hard: 0.4546, Soft: -0.5332                     Acc: 82.14% LR: 0.000327                     Alpha: 0.5744425058364868                     Beta: -0.8085162043571472                     MemKD: 0.3487653136253357
2026-02-09 02:27:30,625 - INFO - Epoch [41/100] Train Loss: 0.2261, Train Acc: 83.21%, Val Loss: 0.4734, Val Acc: 82.31%
2026-02-09 02:27:30,625 - INFO - Best model saved with accuracy: 82.31%
2026-02-09 02:27:50,909 - INFO - Epoch [42] Batch [0/35]                     Loss: 0.0629, Hard: 0.4063, Soft: -0.6243                     Acc: 81.25% LR: 0.000320                     Alpha: 0.5744425058364868                     Beta: -0.818731427192688                     MemKD: 0.3462756276130676
2026-02-09 02:28:02,603 - INFO - Epoch [42] Batch [20/35]                     Loss: 0.4990, Hard: 0.7565, Soft: -0.4681                     Acc: 85.71% LR: 0.000320                     Alpha: 0.5744425058364868                     Beta: -0.8322439789772034                     MemKD: 0.3429597318172455
2026-02-09 02:28:33,941 - INFO - Epoch [42/100] Train Loss: 0.1218, Train Acc: 84.46%, Val Loss: 0.5197, Val Acc: 80.32%
2026-02-09 02:28:55,345 - INFO - Epoch [43] Batch [0/35]                     Loss: 0.0247, Hard: 0.4107, Soft: -0.6713                     Acc: 93.75% LR: 0.000312                     Alpha: 0.5744425058364868                     Beta: -0.8421133160591125                     MemKD: 0.34055763483047485
2026-02-09 02:29:06,807 - INFO - Epoch [43] Batch [20/35]                     Loss: 0.3030, Hard: 0.6233, Soft: -0.5570                     Acc: 81.85% LR: 0.000312                     Alpha: 0.5744425058364868                     Beta: -0.8548586368560791                     MemKD: 0.3375004827976227
2026-02-09 02:29:38,554 - INFO - Epoch [43/100] Train Loss: 0.1276, Train Acc: 82.68%, Val Loss: 0.6521, Val Acc: 74.34%
2026-02-09 02:29:59,691 - INFO - Epoch [44] Batch [0/35]                     Loss: -0.2628, Hard: 0.2022, Soft: -0.7749                     Acc: 93.75% LR: 0.000305                     Alpha: 0.5744425058364868                     Beta: -0.8643264770507812                     MemKD: 0.3352334499359131
2026-02-09 02:30:11,529 - INFO - Epoch [44] Batch [20/35]                     Loss: 0.0570, Hard: 0.4609, Soft: -0.6732                     Acc: 85.71% LR: 0.000305                     Alpha: 0.5744425058364868                     Beta: -0.8767730593681335                     MemKD: 0.33225175738334656
2026-02-09 02:30:43,613 - INFO - Epoch [44/100] Train Loss: 0.0527, Train Acc: 83.75%, Val Loss: 0.6025, Val Acc: 77.26%
2026-02-09 02:31:05,307 - INFO - Epoch [45] Batch [0/35]                     Loss: 0.0519, Hard: 0.4679, Soft: -0.6656                     Acc: 81.25% LR: 0.000297                     Alpha: 0.5744425058364868                     Beta: -0.885780394077301                     MemKD: 0.33013078570365906
2026-02-09 02:31:16,222 - INFO - Epoch [45] Batch [20/35]                     Loss: 0.1622, Hard: 0.5568, Soft: -0.6314                     Acc: 86.01% LR: 0.000297                     Alpha: 0.5744425058364868                     Beta: -0.8977120518684387                     MemKD: 0.32727763056755066
2026-02-09 02:31:48,146 - INFO - Epoch [45/100] Train Loss: -0.0039, Train Acc: 84.64%, Val Loss: 0.5253, Val Acc: 79.79%
2026-02-09 02:32:08,752 - INFO - Epoch [46] Batch [0/35]                     Loss: 0.4118, Hard: 0.7718, Soft: -0.5538                     Acc: 68.75% LR: 0.000289                     Alpha: 0.5744425058364868                     Beta: -0.9063698053359985                     MemKD: 0.32524996995925903
2026-02-09 02:32:16,607 - INFO - Epoch [46] Batch [20/35]                     Loss: -0.2694, Hard: 0.2744, Soft: -0.8367                     Acc: 81.85% LR: 0.000289                     Alpha: 0.5744425058364868                     Beta: -0.9175074696540833                     MemKD: 0.32267799973487854
2026-02-09 02:32:44,544 - INFO - Epoch [46/100] Train Loss: 0.0343, Train Acc: 81.25%, Val Loss: 0.5379, Val Acc: 78.72%
2026-02-09 02:33:03,634 - INFO - Epoch [47] Batch [0/35]                     Loss: -0.2414, Hard: 0.2609, Soft: -0.7443                     Acc: 93.75% LR: 0.000281                     Alpha: 0.5744425058364868                     Beta: -0.9259889125823975                     MemKD: 0.32069703936576843
2026-02-09 02:33:14,604 - INFO - Epoch [47] Batch [20/35]                     Loss: 0.3432, Hard: 0.7345, Soft: -0.5797                     Acc: 82.74% LR: 0.000281                     Alpha: 0.5744425058364868                     Beta: -0.9366015195846558                     MemKD: 0.31826865673065186
2026-02-09 02:33:45,742 - INFO - Epoch [47/100] Train Loss: -0.0506, Train Acc: 83.93%, Val Loss: 0.4494, Val Acc: 82.05%
2026-02-09 02:34:05,581 - INFO - Epoch [48] Batch [0/35]                     Loss: 0.3547, Hard: 0.7589, Soft: -0.5775                     Acc: 68.75% LR: 0.000274                     Alpha: 0.5744425058364868                     Beta: -0.9447492361068726                     MemKD: 0.31638795137405396
2026-02-09 02:34:17,437 - INFO - Epoch [48] Batch [20/35]                     Loss: -0.2691, Hard: 0.3133, Soft: -0.8319                     Acc: 81.85% LR: 0.000274                     Alpha: 0.5744425058364868                     Beta: -0.9551161527633667                     MemKD: 0.3140262961387634
2026-02-09 02:34:49,322 - INFO - Epoch [48/100] Train Loss: -0.0441, Train Acc: 81.96%, Val Loss: 0.4671, Val Acc: 82.85%
2026-02-09 02:34:49,323 - INFO - Best model saved with accuracy: 82.85%
2026-02-09 02:35:10,433 - INFO - Epoch [49] Batch [0/35]                     Loss: -0.1827, Hard: 0.3578, Soft: -0.7455                     Acc: 87.50% LR: 0.000266                     Alpha: 0.5744425058364868                     Beta: -0.9627727270126343                     MemKD: 0.3122864365577698
2026-02-09 02:35:21,890 - INFO - Epoch [49] Batch [20/35]                     Loss: -0.1593, Hard: 0.3935, Soft: -0.7625                     Acc: 83.93% LR: 0.000266                     Alpha: 0.5744425058364868                     Beta: -0.9726237654685974                     MemKD: 0.3100576400756836
2026-02-09 02:35:53,262 - INFO - Epoch [49/100] Train Loss: -0.0743, Train Acc: 83.57%, Val Loss: 0.5380, Val Acc: 80.05%
2026-02-09 02:36:12,664 - INFO - Epoch [50] Batch [0/35]                     Loss: -0.1196, Hard: 0.5053, Soft: -0.8332                     Acc: 93.75% LR: 0.000258                     Alpha: 0.5744425058364868                     Beta: -0.9798656105995178                     MemKD: 0.30843302607536316
2026-02-09 02:36:24,296 - INFO - Epoch [50] Batch [20/35]                     Loss: -0.1395, Hard: 0.4410, Soft: -0.7740                     Acc: 83.63% LR: 0.000258                     Alpha: 0.5744425058364868                     Beta: -0.9892122745513916                     MemKD: 0.30635955929756165
2026-02-09 02:36:56,448 - INFO - Epoch [50/100] Train Loss: -0.1311, Train Acc: 84.29%, Val Loss: 0.5051, Val Acc: 80.19%
2026-02-09 02:36:56,490 - INFO - Checkpoint saved at epoch 50
2026-02-09 02:37:15,980 - INFO - Epoch [51] Batch [0/35]                     Loss: -0.3454, Hard: 0.3397, Soft: -0.8841                     Acc: 87.50% LR: 0.000250                     Alpha: 0.5744425058364868                     Beta: -0.9963704347610474                     MemKD: 0.3047533631324768
2026-02-09 02:37:23,807 - INFO - Epoch [51] Batch [20/35]                     Loss: -0.2336, Hard: 0.4405, Soft: -0.8698                     Acc: 84.82% LR: 0.000250                     Alpha: 0.5744425058364868                     Beta: -1.0056219100952148                     MemKD: 0.3026939630508423
2026-02-09 02:37:51,529 - INFO - Epoch [51/100] Train Loss: -0.2746, Train Acc: 85.54%, Val Loss: 0.4586, Val Acc: 82.71%
2026-02-09 02:38:12,808 - INFO - Epoch [52] Batch [0/35]                     Loss: -0.3043, Hard: 0.4036, Soft: -0.8849                     Acc: 81.25% LR: 0.000242                     Alpha: 0.5744425058364868                     Beta: -1.0125079154968262                     MemKD: 0.30116456747055054
2026-02-09 02:38:24,337 - INFO - Epoch [52] Batch [20/35]                     Loss: -0.4384, Hard: 0.2696, Soft: -0.8851                     Acc: 83.04% LR: 0.000242                     Alpha: 0.5744425058364868                     Beta: -1.0212737321853638                     MemKD: 0.29923728108406067
2026-02-09 02:38:56,096 - INFO - Epoch [52/100] Train Loss: -0.2386, Train Acc: 83.21%, Val Loss: 0.4938, Val Acc: 79.79%
2026-02-09 02:39:16,224 - INFO - Epoch [53] Batch [0/35]                     Loss: -0.3841, Hard: 0.3359, Soft: -0.8727                     Acc: 87.50% LR: 0.000234                     Alpha: 0.5744425058364868                     Beta: -1.0277557373046875                     MemKD: 0.2978209853172302
2026-02-09 02:39:27,609 - INFO - Epoch [53] Batch [20/35]                     Loss: -0.6305, Hard: 0.1790, Soft: -0.9812                     Acc: 86.90% LR: 0.000234                     Alpha: 0.5744425058364868                     Beta: -1.0362098217010498                     MemKD: 0.2959766089916229
2026-02-09 02:40:00,332 - INFO - Epoch [53/100] Train Loss: -0.3483, Train Acc: 87.14%, Val Loss: 0.7279, Val Acc: 71.01%
2026-02-09 02:40:20,368 - INFO - Epoch [54] Batch [0/35]                     Loss: 0.0189, Hard: 0.6391, Soft: -0.7297                     Acc: 75.00% LR: 0.000226                     Alpha: 0.5744425058364868                     Beta: -1.0425466299057007                     MemKD: 0.2945973873138428
2026-02-09 02:40:31,479 - INFO - Epoch [54] Batch [20/35]                     Loss: -0.5778, Hard: 0.2428, Soft: -0.9654                     Acc: 85.42% LR: 0.000226                     Alpha: 0.5744425058364868                     Beta: -1.0506609678268433                     MemKD: 0.29283422231674194
2026-02-09 02:41:03,195 - INFO - Epoch [54/100] Train Loss: -0.3538, Train Acc: 85.00%, Val Loss: 0.4888, Val Acc: 79.52%
2026-02-09 02:41:23,545 - INFO - Epoch [55] Batch [0/35]                     Loss: -0.5762, Hard: 0.2607, Soft: -0.9564                     Acc: 87.50% LR: 0.000219                     Alpha: 0.5744425058364868                     Beta: -1.0566344261169434                     MemKD: 0.29154154658317566
2026-02-09 02:41:34,951 - INFO - Epoch [55] Batch [20/35]                     Loss: -0.2247, Hard: 0.5626, Soft: -0.8997                     Acc: 86.31% LR: 0.000219                     Alpha: 0.5744425058364868                     Beta: -1.06437087059021                     MemKD: 0.2898644506931305
2026-02-09 02:42:06,530 - INFO - Epoch [55/100] Train Loss: -0.4257, Train Acc: 85.89%, Val Loss: 0.4501, Val Acc: 82.71%
2026-02-09 02:42:26,172 - INFO - Epoch [56] Batch [0/35]                     Loss: -0.4582, Hard: 0.3712, Soft: -0.9215                     Acc: 81.25% LR: 0.000211                     Alpha: 0.5744425058364868                     Beta: -1.070117473602295                     MemKD: 0.2886321544647217
2026-02-09 02:42:38,076 - INFO - Epoch [56] Batch [20/35]                     Loss: -0.4822, Hard: 0.3496, Soft: -0.9242                     Acc: 83.63% LR: 0.000211                     Alpha: 0.5744425058364868                     Beta: -1.077341914176941                     MemKD: 0.287100613117218
2026-02-09 02:43:09,756 - INFO - Epoch [56/100] Train Loss: -0.4054, Train Acc: 84.29%, Val Loss: 0.4326, Val Acc: 83.24%
2026-02-09 02:43:09,756 - INFO - Best model saved with accuracy: 83.24%
2026-02-09 02:43:31,669 - INFO - Epoch [57] Batch [0/35]                     Loss: -0.4532, Hard: 0.4474, Soft: -0.9736                     Acc: 87.50% LR: 0.000203                     Alpha: 0.5744425058364868                     Beta: -1.082719326019287                     MemKD: 0.28596606850624084
2026-02-09 02:43:41,604 - INFO - Epoch [57] Batch [20/35]                     Loss: -0.5383, Hard: 0.3639, Soft: -0.9754                     Acc: 88.39% LR: 0.000203                     Alpha: 0.5744425058364868                     Beta: -1.0897562503814697                     MemKD: 0.28447580337524414
2026-02-09 02:44:14,032 - INFO - Epoch [57/100] Train Loss: -0.5269, Train Acc: 87.86%, Val Loss: 0.4642, Val Acc: 82.58%
2026-02-09 02:44:32,747 - INFO - Epoch [58] Batch [0/35]                     Loss: -0.8303, Hard: 0.2155, Soft: -1.1009                     Acc: 93.75% LR: 0.000195                     Alpha: 0.5744425058364868                     Beta: -1.0950720310211182                     MemKD: 0.283355712890625
2026-02-09 02:44:44,190 - INFO - Epoch [58] Batch [20/35]                     Loss: -0.8562, Hard: 0.2466, Soft: -1.1608                     Acc: 88.69% LR: 0.000195                     Alpha: 0.5744425058364868                     Beta: -1.1018353700637817                     MemKD: 0.2819390594959259
2026-02-09 02:45:15,565 - INFO - Epoch [58/100] Train Loss: -0.4922, Train Acc: 85.89%, Val Loss: 0.4652, Val Acc: 82.58%
2026-02-09 02:45:35,585 - INFO - Epoch [59] Batch [0/35]                     Loss: -0.5820, Hard: 0.4147, Soft: -1.0222                     Acc: 87.50% LR: 0.000188                     Alpha: 0.5744425058364868                     Beta: -1.1067280769348145                     MemKD: 0.28092122077941895
2026-02-09 02:45:47,355 - INFO - Epoch [59] Batch [20/35]                     Loss: -0.9894, Hard: 0.1397, Soft: -1.1581                     Acc: 90.48% LR: 0.000188                     Alpha: 0.5744425058364868                     Beta: -1.1131243705749512                     MemKD: 0.2795943319797516
2026-02-09 02:46:18,441 - INFO - Epoch [59/100] Train Loss: -0.6760, Train Acc: 89.11%, Val Loss: 0.4782, Val Acc: 81.52%
2026-02-09 02:46:37,515 - INFO - Epoch [60] Batch [0/35]                     Loss: -0.3774, Hard: 0.5231, Soft: -0.9005                     Acc: 81.25% LR: 0.000180                     Alpha: 0.5744425058364868                     Beta: -1.117978572845459                     MemKD: 0.27857959270477295
2026-02-09 02:46:49,364 - INFO - Epoch [60] Batch [20/35]                     Loss: -0.6795, Hard: 0.3316, Soft: -1.0110                     Acc: 88.39% LR: 0.000180                     Alpha: 0.5744425058364868                     Beta: -1.1240016222000122                     MemKD: 0.27733829617500305
2026-02-09 02:47:22,860 - INFO - Epoch [60/100] Train Loss: -0.6048, Train Acc: 86.79%, Val Loss: 0.4377, Val Acc: 82.85%
2026-02-09 02:47:22,901 - INFO - Checkpoint saved at epoch 60
2026-02-09 02:47:44,539 - INFO - Epoch [61] Batch [0/35]                     Loss: -0.2062, Hard: 0.6682, Soft: -0.8745                     Acc: 68.75% LR: 0.000173                     Alpha: 0.5744425058364868                     Beta: -1.128501057624817                     MemKD: 0.2764093279838562
2026-02-09 02:47:56,355 - INFO - Epoch [61] Batch [20/35]                     Loss: -0.4235, Hard: 0.5204, Soft: -0.9439                     Acc: 82.74% LR: 0.000173                     Alpha: 0.5744425058364868                     Beta: -1.1341030597686768                     MemKD: 0.2752659022808075
2026-02-09 02:48:26,742 - INFO - Epoch [61/100] Train Loss: -0.5045, Train Acc: 82.50%, Val Loss: 0.5748, Val Acc: 80.05%
2026-02-09 02:48:45,743 - INFO - Epoch [62] Batch [0/35]                     Loss: -0.8209, Hard: 0.2951, Soft: -1.1160                     Acc: 81.25% LR: 0.000165                     Alpha: 0.5744425058364868                     Beta: -1.1380997896194458                     MemKD: 0.27446749806404114
2026-02-09 02:48:53,573 - INFO - Epoch [62] Batch [20/35]                     Loss: -0.4585, Hard: 0.5215, Soft: -0.9800                     Acc: 84.23% LR: 0.000165                     Alpha: 0.5744425058364868                     Beta: -1.1433806419372559                     MemKD: 0.2733927369117737
2026-02-09 02:49:24,080 - INFO - Epoch [62/100] Train Loss: -0.6431, Train Acc: 85.00%, Val Loss: 0.4986, Val Acc: 81.52%
2026-02-09 02:49:43,811 - INFO - Epoch [63] Batch [0/35]                     Loss: -0.9080, Hard: 0.2595, Soft: -1.1675                     Acc: 93.75% LR: 0.000158                     Alpha: 0.5744425058364868                     Beta: -1.1472795009613037                     MemKD: 0.27259936928749084
2026-02-09 02:49:55,223 - INFO - Epoch [63] Batch [20/35]                     Loss: -0.9139, Hard: 0.2263, Soft: -1.1402                     Acc: 87.50% LR: 0.000158                     Alpha: 0.5744425058364868                     Beta: -1.1522241830825806                     MemKD: 0.27158448100090027
2026-02-09 02:50:25,647 - INFO - Epoch [63/100] Train Loss: -0.7203, Train Acc: 86.79%, Val Loss: 0.4106, Val Acc: 84.44%
2026-02-09 02:50:25,647 - INFO - Best model saved with accuracy: 84.44%
2026-02-09 02:50:45,723 - INFO - Epoch [64] Batch [0/35]                     Loss: -0.4314, Hard: 0.5684, Soft: -0.9998                     Acc: 81.25% LR: 0.000151                     Alpha: 0.5744425058364868                     Beta: -1.155955195426941                     MemKD: 0.2708222568035126
2026-02-09 02:50:57,419 - INFO - Epoch [64] Batch [20/35]                     Loss: -0.9186, Hard: 0.1678, Soft: -1.0864                     Acc: 85.12% LR: 0.000151                     Alpha: 0.5744425058364868                     Beta: -1.160593032836914                     MemKD: 0.2698824107646942
2026-02-09 02:51:29,406 - INFO - Epoch [64/100] Train Loss: -0.7316, Train Acc: 87.14%, Val Loss: 0.4555, Val Acc: 81.91%
2026-02-09 02:51:48,616 - INFO - Epoch [65] Batch [0/35]                     Loss: -0.9674, Hard: 0.2119, Soft: -1.1793                     Acc: 87.50% LR: 0.000144                     Alpha: 0.5744425058364868                     Beta: -1.1639875173568726                     MemKD: 0.26919788122177124
2026-02-09 02:51:59,731 - INFO - Epoch [65] Batch [20/35]                     Loss: -0.7561, Hard: 0.3151, Soft: -1.0711                     Acc: 88.69% LR: 0.000144                     Alpha: 0.5744425058364868                     Beta: -1.1682775020599365                     MemKD: 0.2683306932449341
2026-02-09 02:52:33,149 - INFO - Epoch [65/100] Train Loss: -0.7615, Train Acc: 88.39%, Val Loss: 0.4325, Val Acc: 83.51%
2026-02-09 02:52:53,864 - INFO - Epoch [66] Batch [0/35]                     Loss: -0.8638, Hard: 0.2241, Soft: -1.0878                     Acc: 93.75% LR: 0.000137                     Alpha: 0.5744425058364868                     Beta: -1.1715177297592163                     MemKD: 0.26768043637275696
2026-02-09 02:53:05,220 - INFO - Epoch [66] Batch [20/35]                     Loss: -0.7271, Hard: 0.3476, Soft: -1.0747                     Acc: 87.50% LR: 0.000137                     Alpha: 0.5744425058364868                     Beta: -1.1755666732788086                     MemKD: 0.2668702304363251
2026-02-09 02:53:39,462 - INFO - Epoch [66/100] Train Loss: -0.7727, Train Acc: 88.04%, Val Loss: 0.3892, Val Acc: 84.84%
2026-02-09 02:53:39,462 - INFO - Best model saved with accuracy: 84.84%
2026-02-09 02:54:00,070 - INFO - Epoch [67] Batch [0/35]                     Loss: -0.9510, Hard: 0.2298, Soft: -1.1808                     Acc: 87.50% LR: 0.000130                     Alpha: 0.5744425058364868                     Beta: -1.1785223484039307                     MemKD: 0.2662786841392517
2026-02-09 02:54:07,904 - INFO - Epoch [67] Batch [20/35]                     Loss: -0.9459, Hard: 0.2525, Soft: -1.1984                     Acc: 89.88% LR: 0.000130                     Alpha: 0.5744425058364868                     Beta: -1.182293176651001                     MemKD: 0.26552191376686096
2026-02-09 02:54:37,201 - INFO - Epoch [67/100] Train Loss: -0.7916, Train Acc: 89.29%, Val Loss: 0.4288, Val Acc: 82.71%
2026-02-09 02:54:58,069 - INFO - Epoch [68] Batch [0/35]                     Loss: -0.4697, Hard: 0.4188, Soft: -0.8885                     Acc: 75.00% LR: 0.000123                     Alpha: 0.5744425058364868                     Beta: -1.185040831565857                     MemKD: 0.2649742066860199
2026-02-09 02:55:09,959 - INFO - Epoch [68] Batch [20/35]                     Loss: -1.1277, Hard: 0.1094, Soft: -1.2372                     Acc: 88.39% LR: 0.000123                     Alpha: 0.5744425058364868                     Beta: -1.1885265111923218                     MemKD: 0.26428020000457764
2026-02-09 02:55:43,191 - INFO - Epoch [68/100] Train Loss: -0.7900, Train Acc: 87.86%, Val Loss: 0.4112, Val Acc: 84.04%
2026-02-09 02:56:05,383 - INFO - Epoch [69] Batch [0/35]                     Loss: -0.8412, Hard: 0.2931, Soft: -1.1343                     Acc: 87.50% LR: 0.000116                     Alpha: 0.5744425058364868                     Beta: -1.191123127937317                     MemKD: 0.26376599073410034
2026-02-09 02:56:17,341 - INFO - Epoch [69] Batch [20/35]                     Loss: -0.7470, Hard: 0.3806, Soft: -1.1276                     Acc: 88.10% LR: 0.000116                     Alpha: 0.5744425058364868                     Beta: -1.1943306922912598                     MemKD: 0.2631356716156006
2026-02-09 02:56:50,233 - INFO - Epoch [69/100] Train Loss: -0.7580, Train Acc: 87.32%, Val Loss: 0.4626, Val Acc: 83.11%
2026-02-09 02:57:12,529 - INFO - Epoch [70] Batch [0/35]                     Loss: -0.4748, Hard: 0.5146, Soft: -0.9894                     Acc: 87.50% LR: 0.000109                     Alpha: 0.5744425058364868                     Beta: -1.1966793537139893                     MemKD: 0.26267385482788086
2026-02-09 02:57:24,452 - INFO - Epoch [70] Batch [20/35]                     Loss: -0.7684, Hard: 0.3479, Soft: -1.1162                     Acc: 89.29% LR: 0.000109                     Alpha: 0.5744425058364868                     Beta: -1.1996352672576904                     MemKD: 0.2620933949947357
2026-02-09 02:57:57,843 - INFO - Epoch [70/100] Train Loss: -0.8665, Train Acc: 90.18%, Val Loss: 0.4328, Val Acc: 84.04%
2026-02-09 02:57:57,900 - INFO - Checkpoint saved at epoch 70
2026-02-09 02:58:19,541 - INFO - Epoch [71] Batch [0/35]                     Loss: -0.3477, Hard: 0.6610, Soft: -1.0087                     Acc: 75.00% LR: 0.000103                     Alpha: 0.5744425058364868                     Beta: -1.201914668083191                     MemKD: 0.2616421580314636
2026-02-09 02:58:31,089 - INFO - Epoch [71] Batch [20/35]                     Loss: -0.7470, Hard: 0.4332, Soft: -1.1802                     Acc: 86.31% LR: 0.000103                     Alpha: 0.5744425058364868                     Beta: -1.2047001123428345                     MemKD: 0.2610931098461151
2026-02-09 02:59:03,022 - INFO - Epoch [71/100] Train Loss: -0.7909, Train Acc: 87.50%, Val Loss: 0.4054, Val Acc: 85.90%
2026-02-09 02:59:03,022 - INFO - Best model saved with accuracy: 85.90%
2026-02-09 02:59:23,328 - INFO - Epoch [72] Batch [0/35]                     Loss: -0.3311, Hard: 0.6563, Soft: -0.9874                     Acc: 75.00% LR: 0.000097                     Alpha: 0.5744425058364868                     Beta: -1.206750750541687                     MemKD: 0.26069211959838867
2026-02-09 02:59:31,273 - INFO - Epoch [72] Batch [20/35]                     Loss: -0.8431, Hard: 0.3430, Soft: -1.1861                     Acc: 86.90% LR: 0.000097                     Alpha: 0.5744425058364868                     Beta: -1.20932137966156                     MemKD: 0.2601872980594635
2026-02-09 03:00:02,025 - INFO - Epoch [72/100] Train Loss: -0.8304, Train Acc: 87.68%, Val Loss: 0.3934, Val Acc: 84.31%
2026-02-09 03:00:25,031 - INFO - Epoch [73] Batch [0/35]                     Loss: -0.8319, Hard: 0.3475, Soft: -1.1794                     Acc: 87.50% LR: 0.000091                     Alpha: 0.5744425058364868                     Beta: -1.2112648487091064                     MemKD: 0.25980594754219055
2026-02-09 03:00:37,189 - INFO - Epoch [73] Batch [20/35]                     Loss: -0.7076, Hard: 0.4422, Soft: -1.1497                     Acc: 90.18% LR: 0.000091                     Alpha: 0.5744425058364868                     Beta: -1.213681697845459                     MemKD: 0.25933191180229187
2026-02-09 03:01:11,856 - INFO - Epoch [73/100] Train Loss: -0.9020, Train Acc: 89.64%, Val Loss: 0.3785, Val Acc: 86.84%
2026-02-09 03:01:11,856 - INFO - Best model saved with accuracy: 86.84%
2026-02-09 03:01:34,890 - INFO - Epoch [74] Batch [0/35]                     Loss: -1.2128, Hard: 0.0760, Soft: -1.2888                     Acc: 100.00% LR: 0.000085                     Alpha: 0.5744425058364868                     Beta: -1.2154979705810547                     MemKD: 0.258975625038147
2026-02-09 03:01:46,719 - INFO - Epoch [74] Batch [20/35]                     Loss: -1.1656, Hard: 0.1566, Soft: -1.3222                     Acc: 91.67% LR: 0.000085                     Alpha: 0.5744425058364868                     Beta: -1.2177283763885498                     MemKD: 0.2585386633872986
2026-02-09 03:02:19,479 - INFO - Epoch [74/100] Train Loss: -0.9302, Train Acc: 90.71%, Val Loss: 0.3757, Val Acc: 85.64%
2026-02-09 03:02:41,682 - INFO - Epoch [75] Batch [0/35]                     Loss: -0.8945, Hard: 0.3142, Soft: -1.2087                     Acc: 87.50% LR: 0.000079                     Alpha: 0.5744425058364868                     Beta: -1.2194201946258545                     MemKD: 0.25820696353912354
2026-02-09 03:02:53,452 - INFO - Epoch [75] Batch [20/35]                     Loss: -0.5916, Hard: 0.4179, Soft: -1.0095                     Acc: 89.29% LR: 0.000079                     Alpha: 0.5744425058364868                     Beta: -1.2214704751968384                     MemKD: 0.25780728459358215
2026-02-09 03:03:26,506 - INFO - Epoch [75/100] Train Loss: -0.9018, Train Acc: 90.36%, Val Loss: 0.3942, Val Acc: 85.77%
2026-02-09 03:03:48,511 - INFO - Epoch [76] Batch [0/35]                     Loss: -1.0840, Hard: 0.1670, Soft: -1.2510                     Acc: 93.75% LR: 0.000073                     Alpha: 0.5744425058364868                     Beta: -1.2229825258255005                     MemKD: 0.2575123906135559
2026-02-09 03:03:59,461 - INFO - Epoch [76] Batch [20/35]                     Loss: -1.1206, Hard: 0.1672, Soft: -1.2878                     Acc: 91.07% LR: 0.000073                     Alpha: 0.5744425058364868                     Beta: -1.2248739004135132                     MemKD: 0.2571435570716858
2026-02-09 03:04:32,338 - INFO - Epoch [76/100] Train Loss: -0.9366, Train Acc: 91.25%, Val Loss: 0.3862, Val Acc: 85.64%
2026-02-09 03:04:55,089 - INFO - Epoch [77] Batch [0/35]                     Loss: -0.8538, Hard: 0.3729, Soft: -1.2266                     Acc: 81.25% LR: 0.000068                     Alpha: 0.5744425058364868                     Beta: -1.2262883186340332                     MemKD: 0.2568680942058563
2026-02-09 03:05:02,993 - INFO - Epoch [77] Batch [20/35]                     Loss: -0.6298, Hard: 0.4692, Soft: -1.0990                     Acc: 88.69% LR: 0.000068                     Alpha: 0.5744425058364868                     Beta: -1.227999210357666                     MemKD: 0.25653645396232605
2026-02-09 03:05:33,162 - INFO - Epoch [77/100] Train Loss: -0.8852, Train Acc: 89.29%, Val Loss: 0.3676, Val Acc: 85.64%
2026-02-09 03:05:55,506 - INFO - Epoch [78] Batch [0/35]                     Loss: -1.1245, Hard: 0.1747, Soft: -1.2992                     Acc: 100.00% LR: 0.000062                     Alpha: 0.5744425058364868                     Beta: -1.2292752265930176                     MemKD: 0.25628921389579773
2026-02-09 03:06:07,339 - INFO - Epoch [78] Batch [20/35]                     Loss: -0.2301, Hard: 0.8335, Soft: -1.0636                     Acc: 88.99% LR: 0.000062                     Alpha: 0.5744425058364868                     Beta: -1.230834722518921                     MemKD: 0.25598785281181335
2026-02-09 03:06:40,118 - INFO - Epoch [78/100] Train Loss: -0.9464, Train Acc: 89.82%, Val Loss: 0.3671, Val Acc: 86.17%
2026-02-09 03:07:01,664 - INFO - Epoch [79] Batch [0/35]                     Loss: -0.8559, Hard: 0.3302, Soft: -1.1861                     Acc: 87.50% LR: 0.000057                     Alpha: 0.5744425058364868                     Beta: -1.232003927230835                     MemKD: 0.25576192140579224
2026-02-09 03:07:13,466 - INFO - Epoch [79] Batch [20/35]                     Loss: -1.0606, Hard: 0.2593, Soft: -1.3199                     Acc: 89.29% LR: 0.000057                     Alpha: 0.5744425058364868                     Beta: -1.2334314584732056                     MemKD: 0.25548607110977173
2026-02-09 03:07:46,989 - INFO - Epoch [79/100] Train Loss: -0.8945, Train Acc: 88.93%, Val Loss: 0.3751, Val Acc: 86.44%
2026-02-09 03:08:08,774 - INFO - Epoch [80] Batch [0/35]                     Loss: -1.2127, Hard: 0.1231, Soft: -1.3358                     Acc: 100.00% LR: 0.000052                     Alpha: 0.5744425058364868                     Beta: -1.2344958782196045                     MemKD: 0.25528159737586975
2026-02-09 03:08:20,392 - INFO - Epoch [80] Batch [20/35]                     Loss: -0.3176, Hard: 0.7531, Soft: -1.0707                     Acc: 88.39% LR: 0.000052                     Alpha: 0.5744425058364868                     Beta: -1.2357739210128784                     MemKD: 0.25503721833229065
2026-02-09 03:08:54,279 - INFO - Epoch [80/100] Train Loss: -0.8877, Train Acc: 89.46%, Val Loss: 0.4174, Val Acc: 84.18%
2026-02-09 03:08:54,320 - INFO - Checkpoint saved at epoch 80
2026-02-09 03:09:16,668 - INFO - Epoch [81] Batch [0/35]                     Loss: -0.9096, Hard: 0.3118, Soft: -1.2214                     Acc: 87.50% LR: 0.000048                     Alpha: 0.5744425058364868                     Beta: -1.2367242574691772                     MemKD: 0.2548545300960541
2026-02-09 03:09:28,221 - INFO - Epoch [81] Batch [20/35]                     Loss: -1.0117, Hard: 0.2676, Soft: -1.2793                     Acc: 90.48% LR: 0.000048                     Alpha: 0.5744425058364868                     Beta: -1.2378801107406616                     MemKD: 0.25463253259658813
2026-02-09 03:10:02,528 - INFO - Epoch [81/100] Train Loss: -0.9125, Train Acc: 90.54%, Val Loss: 0.3671, Val Acc: 86.70%
2026-02-09 03:10:24,404 - INFO - Epoch [82] Batch [0/35]                     Loss: -1.0369, Hard: 0.2633, Soft: -1.3002                     Acc: 93.75% LR: 0.000043                     Alpha: 0.5744425058364868                     Beta: -1.2387464046478271                     MemKD: 0.25446557998657227
2026-02-09 03:10:32,255 - INFO - Epoch [82] Batch [20/35]                     Loss: -0.8798, Hard: 0.3052, Soft: -1.1850                     Acc: 90.18% LR: 0.000043                     Alpha: 0.5744425058364868                     Beta: -1.2397959232330322                     MemKD: 0.2542637288570404
2026-02-09 03:11:02,031 - INFO - Epoch [82/100] Train Loss: -0.9462, Train Acc: 89.46%, Val Loss: 0.3936, Val Acc: 86.30%
2026-02-09 03:11:24,095 - INFO - Epoch [83] Batch [0/35]                     Loss: -1.0529, Hard: 0.1899, Soft: -1.2428                     Acc: 93.75% LR: 0.000039                     Alpha: 0.5744425058364868                     Beta: -1.2405825853347778                     MemKD: 0.2541123926639557
2026-02-09 03:11:34,832 - INFO - Epoch [83] Batch [20/35]                     Loss: -1.1197, Hard: 0.1898, Soft: -1.3095                     Acc: 92.56% LR: 0.000039                     Alpha: 0.5744425058364868                     Beta: -1.2415354251861572                     MemKD: 0.2539290189743042
2026-02-09 03:12:07,691 - INFO - Epoch [83/100] Train Loss: -1.0113, Train Acc: 92.68%, Val Loss: 0.3705, Val Acc: 87.63%
2026-02-09 03:12:07,692 - INFO - Best model saved with accuracy: 87.63%
2026-02-09 03:12:30,520 - INFO - Epoch [84] Batch [0/35]                     Loss: -1.1113, Hard: 0.1493, Soft: -1.2605                     Acc: 100.00% LR: 0.000035                     Alpha: 0.5744425058364868                     Beta: -1.2422436475753784                     MemKD: 0.2537928521633148
2026-02-09 03:12:41,726 - INFO - Epoch [84] Batch [20/35]                     Loss: -1.1303, Hard: 0.1469, Soft: -1.2772                     Acc: 93.45% LR: 0.000035                     Alpha: 0.5744425058364868                     Beta: -1.2430763244628906                     MemKD: 0.25363239645957947
2026-02-09 03:13:15,287 - INFO - Epoch [84/100] Train Loss: -0.9190, Train Acc: 90.89%, Val Loss: 0.3734, Val Acc: 87.23%
2026-02-09 03:13:38,885 - INFO - Epoch [85] Batch [0/35]                     Loss: -0.9988, Hard: 0.2489, Soft: -1.2478                     Acc: 87.50% LR: 0.000031                     Alpha: 0.5744425058364868                     Beta: -1.2436895370483398                     MemKD: 0.2535156011581421
2026-02-09 03:13:49,721 - INFO - Epoch [85] Batch [20/35]                     Loss: -0.9245, Hard: 0.2799, Soft: -1.2044                     Acc: 90.48% LR: 0.000031                     Alpha: 0.5744425058364868                     Beta: -1.2444173097610474                     MemKD: 0.25337696075439453
2026-02-09 03:14:23,341 - INFO - Epoch [85/100] Train Loss: -0.9460, Train Acc: 90.36%, Val Loss: 0.3634, Val Acc: 85.77%
2026-02-09 03:14:45,851 - INFO - Epoch [86] Batch [0/35]                     Loss: -1.1345, Hard: 0.1593, Soft: -1.2938                     Acc: 100.00% LR: 0.000027                     Alpha: 0.5744425058364868                     Beta: -1.2449642419815063                     MemKD: 0.2532723546028137
2026-02-09 03:14:58,121 - INFO - Epoch [86] Batch [20/35]                     Loss: -0.3531, Hard: 0.6947, Soft: -1.0478                     Acc: 91.67% LR: 0.000027                     Alpha: 0.5744425058364868                     Beta: -1.2456086874008179                     MemKD: 0.25314873456954956
2026-02-09 03:15:31,438 - INFO - Epoch [86/100] Train Loss: -0.8901, Train Acc: 88.39%, Val Loss: 0.3593, Val Acc: 86.57%
2026-02-09 03:15:52,004 - INFO - Epoch [87] Batch [0/35]                     Loss: -1.1593, Hard: 0.1696, Soft: -1.3290                     Acc: 93.75% LR: 0.000024                     Alpha: 0.5744425058364868                     Beta: -1.24607515335083                     MemKD: 0.2530604898929596
2026-02-09 03:15:59,816 - INFO - Epoch [87] Batch [20/35]                     Loss: -1.2376, Hard: 0.0877, Soft: -1.3253                     Acc: 89.58% LR: 0.000024                     Alpha: 0.5744425058364868                     Beta: -1.2466225624084473                     MemKD: 0.2529565393924713
2026-02-09 03:16:29,403 - INFO - Epoch [87/100] Train Loss: -0.9081, Train Acc: 91.07%, Val Loss: 0.3686, Val Acc: 86.30%
2026-02-09 03:16:51,100 - INFO - Epoch [88] Batch [0/35]                     Loss: -0.8214, Hard: 0.3454, Soft: -1.1667                     Acc: 81.25% LR: 0.000021                     Alpha: 0.5744425058364868                     Beta: -1.2470332384109497                     MemKD: 0.25287821888923645
2026-02-09 03:17:01,772 - INFO - Epoch [88] Batch [20/35]                     Loss: -0.8453, Hard: 0.2956, Soft: -1.1409                     Acc: 91.07% LR: 0.000021                     Alpha: 0.5744425058364868                     Beta: -1.2475123405456543                     MemKD: 0.2527865171432495
2026-02-09 03:17:35,729 - INFO - Epoch [88/100] Train Loss: -1.0147, Train Acc: 91.43%, Val Loss: 0.3621, Val Acc: 87.23%
2026-02-09 03:17:57,676 - INFO - Epoch [89] Batch [0/35]                     Loss: -1.1384, Hard: 0.1548, Soft: -1.2932                     Acc: 93.75% LR: 0.000018                     Alpha: 0.5744425058364868                     Beta: -1.247874140739441                     MemKD: 0.252716988325119
2026-02-09 03:18:08,995 - INFO - Epoch [89] Batch [20/35]                     Loss: -0.9193, Hard: 0.3075, Soft: -1.2268                     Acc: 92.56% LR: 0.000018                     Alpha: 0.5744425058364868                     Beta: -1.248278021812439                     MemKD: 0.2526400685310364
2026-02-09 03:18:42,503 - INFO - Epoch [89/100] Train Loss: -0.9451, Train Acc: 91.61%, Val Loss: 0.3572, Val Acc: 87.10%
2026-02-09 03:19:04,791 - INFO - Epoch [90] Batch [0/35]                     Loss: -0.9507, Hard: 0.2676, Soft: -1.2183                     Acc: 93.75% LR: 0.000015                     Alpha: 0.5744425058364868                     Beta: -1.2485806941986084                     MemKD: 0.25258222222328186
2026-02-09 03:19:16,692 - INFO - Epoch [90] Batch [20/35]                     Loss: -0.8140, Hard: 0.3599, Soft: -1.1739                     Acc: 91.07% LR: 0.000015                     Alpha: 0.5744425058364868                     Beta: -1.2489196062088013                     MemKD: 0.2525178790092468
2026-02-09 03:19:50,756 - INFO - Epoch [90/100] Train Loss: -0.9641, Train Acc: 91.07%, Val Loss: 0.3674, Val Acc: 86.44%
2026-02-09 03:19:50,803 - INFO - Checkpoint saved at epoch 90
2026-02-09 03:20:14,064 - INFO - Epoch [91] Batch [0/35]                     Loss: -1.0096, Hard: 0.2701, Soft: -1.2796                     Acc: 87.50% LR: 0.000012                     Alpha: 0.5744425058364868                     Beta: -1.249174952507019                     MemKD: 0.25246933102607727
2026-02-09 03:20:26,057 - INFO - Epoch [91] Batch [20/35]                     Loss: -1.1110, Hard: 0.1797, Soft: -1.2907                     Acc: 91.67% LR: 0.000012                     Alpha: 0.5744425058364868                     Beta: -1.2494556903839111                     MemKD: 0.25241562724113464
2026-02-09 03:20:59,036 - INFO - Epoch [91/100] Train Loss: -1.0350, Train Acc: 92.32%, Val Loss: 0.3495, Val Acc: 88.03%
2026-02-09 03:20:59,036 - INFO - Best model saved with accuracy: 88.03%
2026-02-09 03:21:19,944 - INFO - Epoch [92] Batch [0/35]                     Loss: -1.0655, Hard: 0.1839, Soft: -1.2494                     Acc: 87.50% LR: 0.000010                     Alpha: 0.5744425058364868                     Beta: -1.2496674060821533                     MemKD: 0.252375066280365
2026-02-09 03:21:27,801 - INFO - Epoch [92] Batch [20/35]                     Loss: -1.1030, Hard: 0.1939, Soft: -1.2969                     Acc: 90.48% LR: 0.000010                     Alpha: 0.5744425058364868                     Beta: -1.2498953342437744                     MemKD: 0.2523316442966461
2026-02-09 03:21:57,163 - INFO - Epoch [92/100] Train Loss: -1.0061, Train Acc: 91.07%, Val Loss: 0.3466, Val Acc: 87.77%
2026-02-09 03:22:20,276 - INFO - Epoch [93] Batch [0/35]                     Loss: -1.1420, Hard: 0.0917, Soft: -1.2337                     Acc: 100.00% LR: 0.000008                     Alpha: 0.5744425058364868                     Beta: -1.2500646114349365                     MemKD: 0.2522994577884674
2026-02-09 03:22:32,120 - INFO - Epoch [93] Batch [20/35]                     Loss: -1.1096, Hard: 0.2140, Soft: -1.3236                     Acc: 92.86% LR: 0.000008                     Alpha: 0.5744425058364868                     Beta: -1.2502423524856567                     MemKD: 0.252265602350235
2026-02-09 03:23:04,757 - INFO - Epoch [93/100] Train Loss: -1.0170, Train Acc: 92.50%, Val Loss: 0.3580, Val Acc: 86.70%
2026-02-09 03:23:24,856 - INFO - Epoch [94] Batch [0/35]                     Loss: -0.7641, Hard: 0.3914, Soft: -1.1556                     Acc: 87.50% LR: 0.000006                     Alpha: 0.5744425058364868                     Beta: -1.2503769397735596                     MemKD: 0.2522399425506592
2026-02-09 03:23:35,640 - INFO - Epoch [94] Batch [20/35]                     Loss: -1.1358, Hard: 0.1575, Soft: -1.2933                     Acc: 92.26% LR: 0.000006                     Alpha: 0.5744425058364868                     Beta: -1.2505128383636475                     MemKD: 0.2522139847278595
2026-02-09 03:24:09,126 - INFO - Epoch [94/100] Train Loss: -1.0398, Train Acc: 93.04%, Val Loss: 0.3717, Val Acc: 86.44%
2026-02-09 03:24:31,058 - INFO - Epoch [95] Batch [0/35]                     Loss: -0.7828, Hard: 0.4015, Soft: -1.1843                     Acc: 87.50% LR: 0.000004                     Alpha: 0.5744425058364868                     Beta: -1.2506152391433716                     MemKD: 0.25219449400901794
2026-02-09 03:24:42,498 - INFO - Epoch [95] Batch [20/35]                     Loss: -0.7574, Hard: 0.4298, Soft: -1.1872                     Acc: 89.58% LR: 0.000004                     Alpha: 0.5744425058364868                     Beta: -1.2507143020629883                     MemKD: 0.25217562913894653
2026-02-09 03:25:15,027 - INFO - Epoch [95/100] Train Loss: -0.9511, Train Acc: 90.18%, Val Loss: 0.3536, Val Acc: 87.37%
2026-02-09 03:25:38,494 - INFO - Epoch [96] Batch [0/35]                     Loss: -1.1284, Hard: 0.1721, Soft: -1.3005                     Acc: 100.00% LR: 0.000003                     Alpha: 0.5744425058364868                     Beta: -1.2507884502410889                     MemKD: 0.25216159224510193
2026-02-09 03:25:49,653 - INFO - Epoch [96] Batch [20/35]                     Loss: -1.3186, Hard: 0.0966, Soft: -1.4152                     Acc: 91.96% LR: 0.000003                     Alpha: 0.5744425058364868                     Beta: -1.2508575916290283                     MemKD: 0.2521485388278961
2026-02-09 03:26:23,145 - INFO - Epoch [96/100] Train Loss: -1.0043, Train Acc: 92.14%, Val Loss: 0.3650, Val Acc: 86.44%
2026-02-09 03:26:44,158 - INFO - Epoch [97] Batch [0/35]                     Loss: -0.9593, Hard: 0.2748, Soft: -1.2341                     Acc: 87.50% LR: 0.000002                     Alpha: 0.5744425058364868                     Beta: -1.250909447669983                     MemKD: 0.2521386742591858
2026-02-09 03:26:51,966 - INFO - Epoch [97] Batch [20/35]                     Loss: -0.7626, Hard: 0.2935, Soft: -1.0561                     Acc: 88.99% LR: 0.000002                     Alpha: 0.5744425058364868                     Beta: -1.2509539127349854                     MemKD: 0.2521301507949829
2026-02-09 03:27:22,826 - INFO - Epoch [97/100] Train Loss: -0.9489, Train Acc: 90.00%, Val Loss: 0.3579, Val Acc: 86.84%
2026-02-09 03:27:45,855 - INFO - Epoch [98] Batch [0/35]                     Loss: -1.1490, Hard: 0.1556, Soft: -1.3046                     Acc: 93.75% LR: 0.000001                     Alpha: 0.5744425058364868                     Beta: -1.250986099243164                     MemKD: 0.2521240711212158
2026-02-09 03:27:57,438 - INFO - Epoch [98] Batch [20/35]                     Loss: -0.8825, Hard: 0.3403, Soft: -1.2228                     Acc: 89.29% LR: 0.000001                     Alpha: 0.5744425058364868                     Beta: -1.2510099411010742                     MemKD: 0.25211960077285767
2026-02-09 03:28:31,634 - INFO - Epoch [98/100] Train Loss: -0.9675, Train Acc: 89.46%, Val Loss: 0.3516, Val Acc: 87.23%
2026-02-09 03:28:52,862 - INFO - Epoch [99] Batch [0/35]                     Loss: -1.1848, Hard: 0.1554, Soft: -1.3402                     Acc: 100.00% LR: 0.000000                     Alpha: 0.5744425058364868                     Beta: -1.2510278224945068                     MemKD: 0.25211623311042786
2026-02-09 03:29:04,649 - INFO - Epoch [99] Batch [20/35]                     Loss: -1.1783, Hard: 0.1499, Soft: -1.3282                     Acc: 92.86% LR: 0.000000                     Alpha: 0.5744425058364868                     Beta: -1.2510396242141724                     MemKD: 0.2521139979362488
2026-02-09 03:29:36,832 - INFO - Epoch [99/100] Train Loss: -1.0130, Train Acc: 92.50%, Val Loss: 0.3571, Val Acc: 87.37%
2026-02-09 03:29:58,900 - INFO - Epoch [100] Batch [0/35]                     Loss: -1.1243, Hard: 0.1966, Soft: -1.3209                     Acc: 93.75% LR: 0.000000                     Alpha: 0.5744425058364868                     Beta: -1.2510485649108887                     MemKD: 0.2521122992038727
2026-02-09 03:30:10,270 - INFO - Epoch [100] Batch [20/35]                     Loss: -0.7393, Hard: 0.4337, Soft: -1.1730                     Acc: 90.18% LR: 0.000000                     Alpha: 0.5744425058364868                     Beta: -1.2510509490966797                     MemKD: 0.25211185216903687
2026-02-09 03:30:43,458 - INFO - Epoch [100/100] Train Loss: -0.9814, Train Acc: 90.71%, Val Loss: 0.3656, Val Acc: 87.10%
2026-02-09 03:30:43,488 - INFO - Checkpoint saved at epoch 100
2026-02-09 03:30:43,488 - INFO - ==================================================
2026-02-09 03:30:43,488 - INFO - Training finished! Best accuracy: 88.03%
2026-02-09 03:30:43,488 - INFO - ==================================================
