2026-02-10 09:33:43,662 - INFO - ==================================================
2026-02-10 09:33:43,663 - INFO - Distillation Training Configuration
2026-02-10 09:33:43,663 - INFO - ==================================================
2026-02-10 09:33:43,663 - INFO - GPUs: [4, 5, 6, 7]
2026-02-10 09:33:43,663 - INFO - World size: 4
2026-02-10 09:33:43,663 - INFO - Dataset: /media/hdd1/chuxiaohui/AI4Ocean_UATR/DeepShip_622
2026-02-10 09:33:43,663 - INFO - Data type: wav_s@wav_t
2026-02-10 09:33:43,663 - INFO - Batch size: 16
2026-02-10 09:33:43,663 - INFO - Epochs: 100
2026-02-10 09:33:43,663 - INFO - Learning rate: 0.0005
2026-02-10 09:33:43,663 - INFO - Temperature: 2.0
2026-02-10 09:33:43,663 - INFO - Alpha: 0.3
2026-02-10 09:33:43,663 - INFO - Save dir: checkpoints/grid_deepship/num_epochs100_weight_decay0.0001_batch_size16_lr0.0005_distill_typeTser_freezeFalse_USE_DYNAMIC_DISTILL_WEIGHTTrue_p_encoder0.3_p_classifier0.2
2026-02-10 09:33:43,663 - INFO - ==================================================
2026-02-10 09:33:43,834 - INFO - Train dataset size: 31892
2026-02-10 09:33:43,834 - INFO - Validation dataset size: 10631
2026-02-10 09:33:46,109 - INFO - Student params: 316,234 (0.32M)
2026-02-10 09:33:46,109 - INFO - Teacher params: 164,415,748 (164.42M)
2026-02-10 09:33:46,109 - INFO - Trainable params: 164,686,990 (164.69M)
2026-02-10 09:33:46,801 - INFO - Start training...
