2026-05-26 10:38:13,528 - INFO - ==================================================
2026-05-26 10:38:13,529 - INFO - Distillation Training Configuration
2026-05-26 10:38:13,529 - INFO - ==================================================
2026-05-26 10:38:13,529 - INFO - GPUs: [4, 5, 6, 7]
2026-05-26 10:38:13,529 - INFO - World size: 4
2026-05-26 10:38:13,529 - INFO - Dataset: /media/hdd1/chuxiaohui/AI4Ocean_UATR/ShipsEar_622
2026-05-26 10:38:13,529 - INFO - Data type: wav_s@wav_t
2026-05-26 10:38:13,529 - INFO - Batch size: 20
2026-05-26 10:38:13,529 - INFO - Epochs: 200
2026-05-26 10:38:13,529 - INFO - Learning rate: 0.0005
2026-05-26 10:38:13,529 - INFO - Temperature: 2.0
2026-05-26 10:38:13,529 - INFO - Alpha: 0.3
2026-05-26 10:38:13,529 - INFO - Save dir: /media/hdd1/fubohan/Code/UATR/checkpoints/hyperparameter_analysis/shipsear/05_student_cfc_branch_ablation/BR1_full_fl_fg_bl_bg
2026-05-26 10:38:13,530 - INFO - ==================================================
2026-05-26 10:38:13,571 - INFO - Train dataset size: 2240
2026-05-26 10:38:13,571 - INFO - Validation dataset size: 749
2026-05-26 10:38:23,293 - INFO - Student params: 316,299 (0.32M)
2026-05-26 10:38:23,294 - INFO - Teacher params: 164,415,877 (164.42M)
2026-05-26 10:38:23,294 - INFO - Trainable params: 271,372 (0.27M)
2026-05-26 10:38:26,103 - INFO - Start training...
2026-05-26 10:38:26,104 - INFO - No checkpoint found, start from scratch
