2026-02-21 21:22:28,179 - INFO - ==================================================
2026-02-21 21:22:28,180 - INFO - Distillation Training Configuration
2026-02-21 21:22:28,180 - INFO - ==================================================
2026-02-21 21:22:28,180 - INFO - GPUs: [0, 1, 2, 3, 4, 5, 6, 7]
2026-02-21 21:22:28,180 - INFO - World size: 8
2026-02-21 21:22:28,180 - INFO - Dataset: /media/hdd1/chuxiaohui/AI4Ocean_UATR/ShipsEar_622
2026-02-21 21:22:28,180 - INFO - Data type: wav_s@wav_t
2026-02-21 21:22:28,180 - INFO - Batch size: 20
2026-02-21 21:22:28,180 - INFO - Epochs: 200
2026-02-21 21:22:28,180 - INFO - Learning rate: 0.0005
2026-02-21 21:22:28,181 - INFO - Temperature: 2.0
2026-02-21 21:22:28,181 - INFO - Alpha: 0.3
2026-02-21 21:22:28,181 - INFO - Save dir: checkpoints/grid_shipsear_v2/num_epochs200_weight_decay0.0002_batch_size20_lr0.0005_distill_typeMTSKD_Temp_freezeTrue_USE_DYNAMIC_DISTILL_WEIGHTFalse_p_encoder0.355_p_classifier0.255
2026-02-21 21:22:28,181 - INFO - ==================================================
2026-02-21 21:22:28,217 - INFO - Train dataset size: 2240
2026-02-21 21:22:28,217 - INFO - Validation dataset size: 749
2026-02-21 21:22:31,518 - INFO - Student params: 316,299 (0.32M)
2026-02-21 21:22:31,518 - INFO - Teacher params: 164,415,877 (164.42M)
2026-02-21 21:22:31,518 - INFO - Trainable params: 271,372 (0.27M)
2026-02-21 21:22:32,600 - INFO - Start training...
2026-02-21 21:22:32,601 - INFO - No checkpoint found, start from scratch
2026-02-21 21:22:57,414 - INFO - Epoch [1] Batch [0/14]                     Loss: 2.4821, Hard: 1.8646, Soft: 0.6175                     Acc: 10.00% LR: 0.000500                     Alpha: 0.5744425058364868                     Beta: 0.0                     MemKD: 0.5
2026-02-21 21:23:26,341 - INFO - Epoch [1/200] Train Loss: 1.7893, Train Acc: 38.21%, Val Loss: 1.5477, Val Acc: 37.63%
2026-02-21 21:23:26,341 - INFO - Best model saved with accuracy: 37.63%
2026-02-21 21:23:48,970 - INFO - Epoch [2] Batch [0/14]                     Loss: 1.5326, Hard: 1.2910, Soft: 0.2416                     Acc: 45.00% LR: 0.000500                     Alpha: 0.5744425058364868                     Beta: -0.004541211761534214                     MemKD: 0.5016136765480042
2026-02-21 21:24:16,101 - INFO - Epoch [2/200] Train Loss: 1.5005, Train Acc: 47.14%, Val Loss: 1.4704, Val Acc: 41.76%
2026-02-21 21:24:16,102 - INFO - Best model saved with accuracy: 41.76%
2026-02-21 21:24:41,800 - INFO - Epoch [3] Batch [0/14]                     Loss: 1.4190, Hard: 1.2161, Soft: 0.2029                     Acc: 55.00% LR: 0.000500                     Alpha: 0.5744425058364868                     Beta: -0.011558547616004944                     MemKD: 0.5030460953712463
2026-02-21 21:25:17,472 - INFO - Epoch [3/200] Train Loss: 1.4973, Train Acc: 45.00%, Val Loss: 1.3341, Val Acc: 35.11%
2026-02-21 21:25:46,819 - INFO - Epoch [4] Batch [0/14]                     Loss: 1.3344, Hard: 1.1482, Soft: 0.1862                     Acc: 50.00% LR: 0.000500                     Alpha: 0.5744425058364868                     Beta: -0.018579039722681046                     MemKD: 0.5044655799865723
2026-02-21 21:26:21,138 - INFO - Epoch [4/200] Train Loss: 1.3798, Train Acc: 49.29%, Val Loss: 1.1044, Val Acc: 57.98%
2026-02-21 21:26:21,138 - INFO - Best model saved with accuracy: 57.98%
2026-02-21 21:26:49,815 - INFO - Epoch [5] Batch [0/14]                     Loss: 1.2922, Hard: 1.1120, Soft: 0.1802                     Acc: 65.00% LR: 0.000500                     Alpha: 0.5744425058364868                     Beta: -0.02597530372440815                     MemKD: 0.5058145523071289
2026-02-21 21:27:23,842 - INFO - Epoch [5/200] Train Loss: 1.3700, Train Acc: 54.64%, Val Loss: 1.0242, Val Acc: 60.77%
2026-02-21 21:27:23,842 - INFO - Best model saved with accuracy: 60.77%
2026-02-21 21:27:51,485 - INFO - Epoch [6] Batch [0/14]                     Loss: 1.2674, Hard: 1.1090, Soft: 0.1584                     Acc: 55.00% LR: 0.000499                     Alpha: 0.5744425058364868                     Beta: -0.03390508145093918                     MemKD: 0.5071481466293335
2026-02-21 21:28:26,516 - INFO - Epoch [6/200] Train Loss: 1.3082, Train Acc: 53.21%, Val Loss: 1.0162, Val Acc: 57.98%
2026-02-21 21:28:54,858 - INFO - Epoch [7] Batch [0/14]                     Loss: 1.4790, Hard: 1.2835, Soft: 0.1955                     Acc: 50.00% LR: 0.000499                     Alpha: 0.5744425058364868                     Beta: -0.04179854318499565                     MemKD: 0.5084329843521118
2026-02-21 21:29:28,791 - INFO - Epoch [7/200] Train Loss: 1.3094, Train Acc: 50.71%, Val Loss: 1.0033, Val Acc: 59.04%
2026-02-21 21:29:56,407 - INFO - Epoch [8] Batch [0/14]                     Loss: 0.9004, Hard: 0.8021, Soft: 0.0983                     Acc: 70.00% LR: 0.000498                     Alpha: 0.5744425058364868                     Beta: -0.04928801581263542                     MemKD: 0.5097090005874634
2026-02-21 21:30:31,853 - INFO - Epoch [8/200] Train Loss: 1.2849, Train Acc: 53.21%, Val Loss: 0.9439, Val Acc: 65.69%
2026-02-21 21:30:31,853 - INFO - Best model saved with accuracy: 65.69%
2026-02-21 21:30:59,261 - INFO - Epoch [9] Batch [0/14]                     Loss: 1.1533, Hard: 1.0171, Soft: 0.1362                     Acc: 65.00% LR: 0.000498                     Alpha: 0.5744425058364868                     Beta: -0.05686556547880173                     MemKD: 0.5110300183296204
2026-02-21 21:31:34,490 - INFO - Epoch [9/200] Train Loss: 1.2686, Train Acc: 57.14%, Val Loss: 1.1105, Val Acc: 55.59%
2026-02-21 21:32:05,034 - INFO - Epoch [10] Batch [0/14]                     Loss: 0.9273, Hard: 0.8326, Soft: 0.0947                     Acc: 85.00% LR: 0.000498                     Alpha: 0.5744425058364868                     Beta: -0.06487800180912018                     MemKD: 0.5122591257095337
2026-02-21 21:32:39,279 - INFO - Epoch [10/200] Train Loss: 1.0700, Train Acc: 62.14%, Val Loss: 0.8799, Val Acc: 68.22%
2026-02-21 21:32:39,280 - INFO - Best model saved with accuracy: 68.22%
2026-02-21 21:32:39,334 - INFO - Checkpoint saved at epoch 10
2026-02-21 21:33:07,260 - INFO - Epoch [11] Batch [0/14]                     Loss: 0.8921, Hard: 0.8000, Soft: 0.0920                     Acc: 70.00% LR: 0.000497                     Alpha: 0.5744425058364868                     Beta: -0.073541559278965                     MemKD: 0.5132983326911926
2026-02-21 21:33:41,237 - INFO - Epoch [11/200] Train Loss: 1.1301, Train Acc: 60.00%, Val Loss: 0.8684, Val Acc: 66.76%
2026-02-21 21:34:09,652 - INFO - Epoch [12] Batch [0/14]                     Loss: 0.9483, Hard: 0.8449, Soft: 0.1034                     Acc: 55.00% LR: 0.000496                     Alpha: 0.5744425058364868                     Beta: -0.08249321579933167                     MemKD: 0.5142092108726501
2026-02-21 21:34:43,299 - INFO - Epoch [12/200] Train Loss: 1.0456, Train Acc: 61.43%, Val Loss: 1.0247, Val Acc: 61.04%
2026-02-21 21:35:12,035 - INFO - Epoch [13] Batch [0/14]                     Loss: 1.1799, Hard: 1.0697, Soft: 0.1102                     Acc: 60.00% LR: 0.000496                     Alpha: 0.5744425058364868                     Beta: -0.09123975783586502                     MemKD: 0.515164315700531
2026-02-21 21:35:45,614 - INFO - Epoch [13/200] Train Loss: 1.1510, Train Acc: 58.93%, Val Loss: 0.8484, Val Acc: 69.28%
2026-02-21 21:35:45,615 - INFO - Best model saved with accuracy: 69.28%
2026-02-21 21:36:14,798 - INFO - Epoch [14] Batch [0/14]                     Loss: 0.7505, Hard: 0.6819, Soft: 0.0686                     Acc: 80.00% LR: 0.000495                     Alpha: 0.5744425058364868                     Beta: -0.10001502186059952                     MemKD: 0.516187846660614
2026-02-21 21:36:49,263 - INFO - Epoch [14/200] Train Loss: 1.0255, Train Acc: 63.93%, Val Loss: 0.9640, Val Acc: 58.91%
2026-02-21 21:37:17,451 - INFO - Epoch [15] Batch [0/14]                     Loss: 1.2663, Hard: 1.1302, Soft: 0.1361                     Acc: 65.00% LR: 0.000494                     Alpha: 0.5744425058364868                     Beta: -0.10900258272886276                     MemKD: 0.5170632004737854
2026-02-21 21:37:53,171 - INFO - Epoch [15/200] Train Loss: 0.9984, Train Acc: 66.79%, Val Loss: 0.9326, Val Acc: 61.44%
2026-02-21 21:38:21,056 - INFO - Epoch [16] Batch [0/14]                     Loss: 1.1757, Hard: 1.0312, Soft: 0.1446                     Acc: 50.00% LR: 0.000493                     Alpha: 0.5744425058364868                     Beta: -0.11832506209611893                     MemKD: 0.5177717804908752
2026-02-21 21:38:55,130 - INFO - Epoch [16/200] Train Loss: 0.9833, Train Acc: 65.71%, Val Loss: 0.8026, Val Acc: 69.95%
2026-02-21 21:38:55,131 - INFO - Best model saved with accuracy: 69.95%
2026-02-21 21:39:23,329 - INFO - Epoch [17] Batch [0/14]                     Loss: 1.5229, Hard: 1.3291, Soft: 0.1939                     Acc: 40.00% LR: 0.000492                     Alpha: 0.5744425058364868                     Beta: -0.1278133988380432                     MemKD: 0.518400251865387
2026-02-21 21:39:59,851 - INFO - Epoch [17/200] Train Loss: 1.0769, Train Acc: 62.50%, Val Loss: 0.8430, Val Acc: 67.69%
2026-02-21 21:40:27,406 - INFO - Epoch [18] Batch [0/14]                     Loss: 0.8555, Hard: 0.7954, Soft: 0.0601                     Acc: 80.00% LR: 0.000491                     Alpha: 0.5744425058364868                     Beta: -0.13705448806285858                     MemKD: 0.5190370082855225
2026-02-21 21:41:01,234 - INFO - Epoch [18/200] Train Loss: 0.9208, Train Acc: 68.93%, Val Loss: 0.7418, Val Acc: 74.20%
2026-02-21 21:41:01,234 - INFO - Best model saved with accuracy: 74.20%
2026-02-21 21:41:31,241 - INFO - Epoch [19] Batch [0/14]                     Loss: 0.7911, Hard: 0.7753, Soft: 0.0158                     Acc: 75.00% LR: 0.000490                     Alpha: 0.5744425058364868                     Beta: -0.14626376330852509                     MemKD: 0.5194523930549622
2026-02-21 21:42:07,468 - INFO - Epoch [19/200] Train Loss: 0.9627, Train Acc: 66.43%, Val Loss: 0.9450, Val Acc: 66.22%
2026-02-21 21:42:36,341 - INFO - Epoch [20] Batch [0/14]                     Loss: 0.7168, Hard: 0.7101, Soft: 0.0067                     Acc: 85.00% LR: 0.000489                     Alpha: 0.5744425058364868                     Beta: -0.1553248167037964                     MemKD: 0.5198455452919006
2026-02-21 21:43:12,141 - INFO - Epoch [20/200] Train Loss: 0.9283, Train Acc: 67.14%, Val Loss: 0.7815, Val Acc: 69.95%
2026-02-21 21:43:12,185 - INFO - Checkpoint saved at epoch 20
2026-02-21 21:43:40,852 - INFO - Epoch [21] Batch [0/14]                     Loss: 0.9652, Hard: 0.9192, Soft: 0.0459                     Acc: 65.00% LR: 0.000488                     Alpha: 0.5744425058364868                     Beta: -0.16449496150016785                     MemKD: 0.5200991630554199
2026-02-21 21:44:16,555 - INFO - Epoch [21/200] Train Loss: 0.9242, Train Acc: 65.71%, Val Loss: 0.7986, Val Acc: 67.42%
2026-02-21 21:44:46,060 - INFO - Epoch [22] Batch [0/14]                     Loss: 0.8958, Hard: 0.8658, Soft: 0.0300                     Acc: 65.00% LR: 0.000487                     Alpha: 0.5744425058364868                     Beta: -0.1734357327222824                     MemKD: 0.5203444361686707
2026-02-21 21:45:22,207 - INFO - Epoch [22/200] Train Loss: 0.9376, Train Acc: 66.07%, Val Loss: 0.7316, Val Acc: 71.94%
2026-02-21 21:45:52,350 - INFO - Epoch [23] Batch [0/14]                     Loss: 0.6592, Hard: 0.6540, Soft: 0.0052                     Acc: 80.00% LR: 0.000485                     Alpha: 0.5744425058364868                     Beta: -0.18227314949035645                     MemKD: 0.5204474925994873
2026-02-21 21:46:26,631 - INFO - Epoch [23/200] Train Loss: 0.7926, Train Acc: 73.21%, Val Loss: 0.6870, Val Acc: 75.66%
2026-02-21 21:46:26,631 - INFO - Best model saved with accuracy: 75.66%
2026-02-21 21:46:56,216 - INFO - Epoch [24] Batch [0/14]                     Loss: 0.4665, Hard: 0.5110, Soft: -0.0445                     Acc: 85.00% LR: 0.000484                     Alpha: 0.5744425058364868                     Beta: -0.19114890694618225                     MemKD: 0.520370364189148
2026-02-21 21:47:31,513 - INFO - Epoch [24/200] Train Loss: 0.8091, Train Acc: 68.57%, Val Loss: 0.8131, Val Acc: 67.15%
2026-02-21 21:48:01,919 - INFO - Epoch [25] Batch [0/14]                     Loss: 1.0368, Hard: 0.9537, Soft: 0.0831                     Acc: 60.00% LR: 0.000482                     Alpha: 0.5744425058364868                     Beta: -0.20021505653858185                     MemKD: 0.5200541615486145
2026-02-21 21:48:37,140 - INFO - Epoch [25/200] Train Loss: 0.8863, Train Acc: 68.57%, Val Loss: 0.8179, Val Acc: 68.62%
2026-02-21 21:49:05,865 - INFO - Epoch [26] Batch [0/14]                     Loss: 0.6883, Hard: 0.6937, Soft: -0.0054                     Acc: 85.00% LR: 0.000481                     Alpha: 0.5744425058364868                     Beta: -0.20890143513679504                     MemKD: 0.5197508931159973
2026-02-21 21:49:41,850 - INFO - Epoch [26/200] Train Loss: 0.7110, Train Acc: 74.29%, Val Loss: 0.8550, Val Acc: 66.49%
2026-02-21 21:50:11,628 - INFO - Epoch [27] Batch [0/14]                     Loss: 0.4857, Hard: 0.5492, Soft: -0.0634                     Acc: 80.00% LR: 0.000479                     Alpha: 0.5744425058364868                     Beta: -0.21737788617610931                     MemKD: 0.5193759799003601
2026-02-21 21:50:48,755 - INFO - Epoch [27/200] Train Loss: 0.8597, Train Acc: 67.86%, Val Loss: 0.7246, Val Acc: 73.01%
2026-02-21 21:51:19,562 - INFO - Epoch [28] Batch [0/14]                     Loss: 0.8036, Hard: 0.7911, Soft: 0.0125                     Acc: 75.00% LR: 0.000478                     Alpha: 0.5744425058364868                     Beta: -0.225923553109169                     MemKD: 0.5188021659851074
2026-02-21 21:52:00,895 - INFO - Epoch [28/200] Train Loss: 0.7503, Train Acc: 71.79%, Val Loss: 0.9237, Val Acc: 66.76%
2026-02-21 21:52:30,950 - INFO - Epoch [29] Batch [0/14]                     Loss: 0.9870, Hard: 0.9478, Soft: 0.0391                     Acc: 60.00% LR: 0.000476                     Alpha: 0.5744425058364868                     Beta: -0.23429463803768158                     MemKD: 0.5181894302368164
2026-02-21 21:53:06,067 - INFO - Epoch [29/200] Train Loss: 0.7923, Train Acc: 67.86%, Val Loss: 0.7451, Val Acc: 71.68%
2026-02-21 21:53:34,548 - INFO - Epoch [30] Batch [0/14]                     Loss: 1.0406, Hard: 0.9988, Soft: 0.0418                     Acc: 55.00% LR: 0.000475                     Alpha: 0.5744425058364868                     Beta: -0.24261580407619476                     MemKD: 0.5174427628517151
2026-02-21 21:54:10,901 - INFO - Epoch [30/200] Train Loss: 0.7366, Train Acc: 71.43%, Val Loss: 0.7087, Val Acc: 70.35%
2026-02-21 21:54:10,941 - INFO - Checkpoint saved at epoch 30
2026-02-21 21:54:39,747 - INFO - Epoch [31] Batch [0/14]                     Loss: 0.7734, Hard: 0.7936, Soft: -0.0202                     Acc: 65.00% LR: 0.000473                     Alpha: 0.5744425058364868                     Beta: -0.2509269118309021                     MemKD: 0.5165689587593079
2026-02-21 21:55:13,900 - INFO - Epoch [31/200] Train Loss: 0.6790, Train Acc: 72.50%, Val Loss: 0.5934, Val Acc: 77.66%
2026-02-21 21:55:13,900 - INFO - Best model saved with accuracy: 77.66%
2026-02-21 21:55:43,313 - INFO - Epoch [32] Batch [0/14]                     Loss: 0.5819, Hard: 0.6306, Soft: -0.0487                     Acc: 65.00% LR: 0.000471                     Alpha: 0.5744425058364868                     Beta: -0.25934481620788574                     MemKD: 0.5154589414596558
2026-02-21 21:56:21,060 - INFO - Epoch [32/200] Train Loss: 0.5890, Train Acc: 73.57%, Val Loss: 0.5915, Val Acc: 77.66%
2026-02-21 21:56:50,012 - INFO - Epoch [33] Batch [0/14]                     Loss: 0.4974, Hard: 0.5766, Soft: -0.0792                     Acc: 75.00% LR: 0.000469                     Alpha: 0.5744425058364868                     Beta: -0.26777809858322144                     MemKD: 0.5141640901565552
2026-02-21 21:57:22,577 - INFO - Epoch [33/200] Train Loss: 0.6983, Train Acc: 72.86%, Val Loss: 0.7948, Val Acc: 68.62%
2026-02-21 21:57:51,075 - INFO - Epoch [34] Batch [0/14]                     Loss: 0.4432, Hard: 0.5121, Soft: -0.0689                     Acc: 85.00% LR: 0.000467                     Alpha: 0.5744425058364868                     Beta: -0.276133269071579                     MemKD: 0.5127509832382202
2026-02-21 21:58:26,076 - INFO - Epoch [34/200] Train Loss: 0.6438, Train Acc: 72.14%, Val Loss: 0.8105, Val Acc: 71.28%
2026-02-21 21:58:54,309 - INFO - Epoch [35] Batch [0/14]                     Loss: 0.7502, Hard: 0.7784, Soft: -0.0282                     Acc: 70.00% LR: 0.000465                     Alpha: 0.5744425058364868                     Beta: -0.2843222916126251                     MemKD: 0.5112884044647217
2026-02-21 21:59:26,492 - INFO - Epoch [35/200] Train Loss: 0.6238, Train Acc: 75.71%, Val Loss: 0.7705, Val Acc: 71.01%
2026-02-21 21:59:56,075 - INFO - Epoch [36] Batch [0/14]                     Loss: 0.4293, Hard: 0.5225, Soft: -0.0932                     Acc: 80.00% LR: 0.000463                     Alpha: 0.5744425058364868                     Beta: -0.29245465993881226                     MemKD: 0.5097427368164062
2026-02-21 22:00:31,282 - INFO - Epoch [36/200] Train Loss: 0.5575, Train Acc: 77.50%, Val Loss: 0.6260, Val Acc: 76.20%
2026-02-21 22:01:00,691 - INFO - Epoch [37] Batch [0/14]                     Loss: 0.7308, Hard: 0.7642, Soft: -0.0334                     Acc: 80.00% LR: 0.000461                     Alpha: 0.5744425058364868                     Beta: -0.30067622661590576                     MemKD: 0.5080245137214661
2026-02-21 22:01:34,754 - INFO - Epoch [37/200] Train Loss: 0.4935, Train Acc: 80.00%, Val Loss: 0.6899, Val Acc: 75.40%
2026-02-21 22:02:05,144 - INFO - Epoch [38] Batch [0/14]                     Loss: 0.3742, Hard: 0.4796, Soft: -0.1053                     Acc: 90.00% LR: 0.000459                     Alpha: 0.5744425058364868                     Beta: -0.3090357780456543                     MemKD: 0.5060417056083679
2026-02-21 22:02:40,093 - INFO - Epoch [38/200] Train Loss: 0.6809, Train Acc: 75.71%, Val Loss: 0.7343, Val Acc: 72.87%
2026-02-21 22:03:09,953 - INFO - Epoch [39] Batch [0/14]                     Loss: 0.6248, Hard: 0.6905, Soft: -0.0657                     Acc: 70.00% LR: 0.000457                     Alpha: 0.5744425058364868                     Beta: -0.31701207160949707                     MemKD: 0.5042223334312439
2026-02-21 22:03:44,499 - INFO - Epoch [39/200] Train Loss: 0.5029, Train Acc: 81.43%, Val Loss: 1.0170, Val Acc: 62.37%
2026-02-21 22:04:17,272 - INFO - Epoch [40] Batch [0/14]                     Loss: 0.1691, Hard: 0.3319, Soft: -0.1627                     Acc: 90.00% LR: 0.000455                     Alpha: 0.5744425058364868                     Beta: -0.3249519169330597                     MemKD: 0.5023400187492371
2026-02-21 22:04:51,219 - INFO - Epoch [40/200] Train Loss: 0.6608, Train Acc: 73.21%, Val Loss: 0.7366, Val Acc: 73.14%
2026-02-21 22:04:51,266 - INFO - Checkpoint saved at epoch 40
2026-02-21 22:05:20,067 - INFO - Epoch [41] Batch [0/14]                     Loss: 0.3565, Hard: 0.4875, Soft: -0.1310                     Acc: 80.00% LR: 0.000452                     Alpha: 0.5744425058364868                     Beta: -0.3327844738960266                     MemKD: 0.5004721283912659
2026-02-21 22:05:56,506 - INFO - Epoch [41/200] Train Loss: 0.5718, Train Acc: 75.36%, Val Loss: 0.6526, Val Acc: 74.34%
2026-02-21 22:06:25,997 - INFO - Epoch [42] Batch [0/14]                     Loss: 0.5913, Hard: 0.7064, Soft: -0.1151                     Acc: 65.00% LR: 0.000450                     Alpha: 0.5744425058364868                     Beta: -0.3405217230319977                     MemKD: 0.498575359582901
2026-02-21 22:07:01,611 - INFO - Epoch [42/200] Train Loss: 0.4968, Train Acc: 78.93%, Val Loss: 0.6315, Val Acc: 76.33%
2026-02-21 22:07:30,950 - INFO - Epoch [43] Batch [0/14]                     Loss: 0.3346, Hard: 0.4833, Soft: -0.1487                     Acc: 80.00% LR: 0.000448                     Alpha: 0.5744425058364868                     Beta: -0.3484402894973755                     MemKD: 0.49644747376441956
2026-02-21 22:08:07,672 - INFO - Epoch [43/200] Train Loss: 0.5371, Train Acc: 74.64%, Val Loss: 0.7305, Val Acc: 74.87%
2026-02-21 22:08:36,106 - INFO - Epoch [44] Batch [0/14]                     Loss: 0.4016, Hard: 0.5406, Soft: -0.1390                     Acc: 80.00% LR: 0.000445                     Alpha: 0.5744425058364868                     Beta: -0.3561147153377533                     MemKD: 0.4944533109664917
2026-02-21 22:09:12,713 - INFO - Epoch [44/200] Train Loss: 0.3782, Train Acc: 80.00%, Val Loss: 0.5612, Val Acc: 80.32%
2026-02-21 22:09:12,713 - INFO - Best model saved with accuracy: 80.32%
2026-02-21 22:09:43,638 - INFO - Epoch [45] Batch [0/14]                     Loss: 0.0524, Hard: 0.2582, Soft: -0.2058                     Acc: 100.00% LR: 0.000443                     Alpha: 0.5744425058364868                     Beta: -0.36395806074142456                     MemKD: 0.4921821057796478
2026-02-21 22:10:19,747 - INFO - Epoch [45/200] Train Loss: 0.3380, Train Acc: 81.07%, Val Loss: 0.7438, Val Acc: 71.81%
2026-02-21 22:10:48,620 - INFO - Epoch [46] Batch [0/14]                     Loss: 0.9229, Hard: 0.9537, Soft: -0.0307                     Acc: 65.00% LR: 0.000440                     Alpha: 0.5744425058364868                     Beta: -0.37194105982780457                     MemKD: 0.4896930158138275
2026-02-21 22:11:23,773 - INFO - Epoch [46/200] Train Loss: 0.3589, Train Acc: 82.86%, Val Loss: 0.6871, Val Acc: 75.66%
2026-02-21 22:11:52,729 - INFO - Epoch [47] Batch [0/14]                     Loss: 0.7422, Hard: 0.8316, Soft: -0.0894                     Acc: 80.00% LR: 0.000438                     Alpha: 0.5744425058364868                     Beta: -0.3797042965888977                     MemKD: 0.4873400628566742
2026-02-21 22:12:30,154 - INFO - Epoch [47/200] Train Loss: 0.4434, Train Acc: 78.21%, Val Loss: 0.5855, Val Acc: 77.26%
2026-02-21 22:12:59,000 - INFO - Epoch [48] Batch [0/14]                     Loss: 0.9997, Hard: 1.0792, Soft: -0.0795                     Acc: 65.00% LR: 0.000435                     Alpha: 0.5744425058364868                     Beta: -0.38732972741127014                     MemKD: 0.4850235879421234
2026-02-21 22:13:31,033 - INFO - Epoch [48/200] Train Loss: 0.3987, Train Acc: 79.64%, Val Loss: 0.5218, Val Acc: 79.65%
2026-02-21 22:13:51,965 - INFO - Epoch [49] Batch [0/14]                     Loss: 0.4722, Hard: 0.6456, Soft: -0.1734                     Acc: 75.00% LR: 0.000432                     Alpha: 0.5744425058364868                     Beta: -0.39493292570114136                     MemKD: 0.4826733469963074
2026-02-21 22:14:20,303 - INFO - Epoch [49/200] Train Loss: 0.4017, Train Acc: 78.93%, Val Loss: 0.7046, Val Acc: 73.94%
2026-02-21 22:14:43,008 - INFO - Epoch [50] Batch [0/14]                     Loss: 0.4302, Hard: 0.5939, Soft: -0.1637                     Acc: 65.00% LR: 0.000430                     Alpha: 0.5744425058364868                     Beta: -0.4024398922920227                     MemKD: 0.48036789894104004
2026-02-21 22:15:12,052 - INFO - Epoch [50/200] Train Loss: 0.4341, Train Acc: 77.14%, Val Loss: 0.7736, Val Acc: 68.62%
2026-02-21 22:15:12,109 - INFO - Checkpoint saved at epoch 50
2026-02-21 22:15:34,995 - INFO - Epoch [51] Batch [0/14]                     Loss: 0.4276, Hard: 0.6123, Soft: -0.1847                     Acc: 70.00% LR: 0.000427                     Alpha: 0.5744425058364868                     Beta: -0.40985599160194397                     MemKD: 0.47810813784599304
2026-02-21 22:16:05,311 - INFO - Epoch [51/200] Train Loss: 0.3497, Train Acc: 78.93%, Val Loss: 0.5101, Val Acc: 81.52%
2026-02-21 22:16:05,311 - INFO - Best model saved with accuracy: 81.52%
2026-02-21 22:16:28,727 - INFO - Epoch [52] Batch [0/14]                     Loss: 0.2387, Hard: 0.4724, Soft: -0.2336                     Acc: 85.00% LR: 0.000424                     Alpha: 0.5744425058364868                     Beta: -0.4172641932964325                     MemKD: 0.47582337260246277
2026-02-21 22:16:58,454 - INFO - Epoch [52/200] Train Loss: 0.3599, Train Acc: 77.86%, Val Loss: 0.6529, Val Acc: 74.73%
2026-02-21 22:17:21,781 - INFO - Epoch [53] Batch [0/14]                     Loss: 0.4432, Hard: 0.6009, Soft: -0.1577                     Acc: 75.00% LR: 0.000421                     Alpha: 0.5744425058364868                     Beta: -0.4247294068336487                     MemKD: 0.4734129309654236
2026-02-21 22:17:51,109 - INFO - Epoch [53/200] Train Loss: 0.3512, Train Acc: 79.29%, Val Loss: 0.7289, Val Acc: 73.27%
2026-02-21 22:18:14,514 - INFO - Epoch [54] Batch [0/14]                     Loss: 0.1763, Hard: 0.4263, Soft: -0.2500                     Acc: 80.00% LR: 0.000418                     Alpha: 0.5744425058364868                     Beta: -0.431997686624527                     MemKD: 0.47113120555877686
2026-02-21 22:18:43,112 - INFO - Epoch [54/200] Train Loss: 0.2355, Train Acc: 82.86%, Val Loss: 0.6301, Val Acc: 75.13%
2026-02-21 22:19:05,497 - INFO - Epoch [55] Batch [0/14]                     Loss: -0.0222, Hard: 0.2667, Soft: -0.2889                     Acc: 100.00% LR: 0.000415                     Alpha: 0.5744425058364868                     Beta: -0.4393855631351471                     MemKD: 0.4687097370624542
2026-02-21 22:19:35,074 - INFO - Epoch [55/200] Train Loss: 0.4027, Train Acc: 78.57%, Val Loss: 0.6145, Val Acc: 75.00%
2026-02-21 22:19:59,625 - INFO - Epoch [56] Batch [0/14]                     Loss: 0.3966, Hard: 0.5783, Soft: -0.1817                     Acc: 80.00% LR: 0.000412                     Alpha: 0.5744425058364868                     Beta: -0.4465920031070709                     MemKD: 0.4663868248462677
2026-02-21 22:20:36,450 - INFO - Epoch [56/200] Train Loss: 0.2594, Train Acc: 81.79%, Val Loss: 0.5475, Val Acc: 78.86%
2026-02-21 22:21:06,424 - INFO - Epoch [57] Batch [0/14]                     Loss: 0.3873, Hard: 0.5898, Soft: -0.2025                     Acc: 75.00% LR: 0.000409                     Alpha: 0.5744425058364868                     Beta: -0.45362183451652527                     MemKD: 0.46416473388671875
2026-02-21 22:21:42,454 - INFO - Epoch [57/200] Train Loss: 0.2133, Train Acc: 81.43%, Val Loss: 0.4877, Val Acc: 82.71%
2026-02-21 22:21:42,455 - INFO - Best model saved with accuracy: 82.71%
2026-02-21 22:22:11,450 - INFO - Epoch [58] Batch [0/14]                     Loss: 0.2609, Hard: 0.4806, Soft: -0.2197                     Acc: 85.00% LR: 0.000406                     Alpha: 0.5744425058364868                     Beta: -0.46079185605049133                     MemKD: 0.46181219816207886
2026-02-21 22:22:46,907 - INFO - Epoch [58/200] Train Loss: 0.3600, Train Acc: 79.64%, Val Loss: 0.5015, Val Acc: 80.72%
2026-02-21 22:23:16,251 - INFO - Epoch [59] Batch [0/14]                     Loss: 0.5113, Hard: 0.7125, Soft: -0.2013                     Acc: 80.00% LR: 0.000403                     Alpha: 0.5744425058364868                     Beta: -0.46770963072776794                     MemKD: 0.45963242650032043
2026-02-21 22:23:52,488 - INFO - Epoch [59/200] Train Loss: 0.2292, Train Acc: 84.29%, Val Loss: 0.6600, Val Acc: 76.20%
2026-02-21 22:24:22,054 - INFO - Epoch [60] Batch [0/14]                     Loss: 0.2004, Hard: 0.4271, Soft: -0.2267                     Acc: 85.00% LR: 0.000400                     Alpha: 0.5744425058364868                     Beta: -0.47467851638793945                     MemKD: 0.4574005901813507
2026-02-21 22:24:58,191 - INFO - Epoch [60/200] Train Loss: 0.1969, Train Acc: 82.86%, Val Loss: 0.4772, Val Acc: 82.85%
2026-02-21 22:24:58,191 - INFO - Best model saved with accuracy: 82.85%
2026-02-21 22:24:58,245 - INFO - Checkpoint saved at epoch 60
2026-02-21 22:25:29,057 - INFO - Epoch [61] Batch [0/14]                     Loss: 0.5502, Hard: 0.7445, Soft: -0.1942                     Acc: 75.00% LR: 0.000397                     Alpha: 0.5744425058364868                     Beta: -0.48169416189193726                     MemKD: 0.4551275670528412
2026-02-21 22:26:04,251 - INFO - Epoch [61/200] Train Loss: 0.4451, Train Acc: 73.21%, Val Loss: 0.5910, Val Acc: 78.59%
2026-02-21 22:26:33,428 - INFO - Epoch [62] Batch [0/14]                     Loss: 0.0741, Hard: 0.3653, Soft: -0.2913                     Acc: 85.00% LR: 0.000394                     Alpha: 0.5744425058364868                     Beta: -0.4884161651134491                     MemKD: 0.45303064584732056
2026-02-21 22:27:08,849 - INFO - Epoch [62/200] Train Loss: 0.2955, Train Acc: 80.00%, Val Loss: 0.5585, Val Acc: 78.59%
2026-02-21 22:27:41,223 - INFO - Epoch [63] Batch [0/14]                     Loss: 0.9033, Hard: 1.0353, Soft: -0.1320                     Acc: 65.00% LR: 0.000391                     Alpha: 0.5744425058364868                     Beta: -0.4950549304485321                     MemKD: 0.45095786452293396
2026-02-21 22:28:21,660 - INFO - Epoch [63/200] Train Loss: 0.4202, Train Acc: 75.71%, Val Loss: 0.6899, Val Acc: 73.67%
2026-02-21 22:28:50,897 - INFO - Epoch [64] Batch [0/14]                     Loss: 0.9830, Hard: 1.0833, Soft: -0.1003                     Acc: 60.00% LR: 0.000387                     Alpha: 0.5744425058364868                     Beta: -0.5014679431915283                     MemKD: 0.4490247666835785
2026-02-21 22:29:26,724 - INFO - Epoch [64/200] Train Loss: 0.2296, Train Acc: 82.14%, Val Loss: 0.7525, Val Acc: 73.01%
2026-02-21 22:29:57,656 - INFO - Epoch [65] Batch [0/14]                     Loss: 0.0122, Hard: 0.3273, Soft: -0.3152                     Acc: 95.00% LR: 0.000384                     Alpha: 0.5744425058364868                     Beta: -0.5079643726348877                     MemKD: 0.4470098316669464
2026-02-21 22:30:33,232 - INFO - Epoch [65/200] Train Loss: 0.2056, Train Acc: 82.86%, Val Loss: 0.4716, Val Acc: 82.18%
2026-02-21 22:31:02,424 - INFO - Epoch [66] Batch [0/14]                     Loss: -0.1539, Hard: 0.2153, Soft: -0.3691                     Acc: 90.00% LR: 0.000381                     Alpha: 0.5744425058364868                     Beta: -0.5145199298858643                     MemKD: 0.44492703676223755
2026-02-21 22:31:39,677 - INFO - Epoch [66/200] Train Loss: 0.1807, Train Acc: 81.43%, Val Loss: 0.4930, Val Acc: 81.52%
2026-02-21 22:32:08,564 - INFO - Epoch [67] Batch [0/14]                     Loss: 0.1299, Hard: 0.4397, Soft: -0.3098                     Acc: 80.00% LR: 0.000377                     Alpha: 0.5744425058364868                     Beta: -0.5211455225944519                     MemKD: 0.44277888536453247
2026-02-21 22:32:47,970 - INFO - Epoch [67/200] Train Loss: 0.2540, Train Acc: 80.36%, Val Loss: 0.7253, Val Acc: 68.75%
2026-02-21 22:33:18,033 - INFO - Epoch [68] Batch [0/14]                     Loss: 0.1572, Hard: 0.4545, Soft: -0.2973                     Acc: 85.00% LR: 0.000374                     Alpha: 0.5744425058364868                     Beta: -0.5274906158447266                     MemKD: 0.44079288840293884
2026-02-21 22:33:53,879 - INFO - Epoch [68/200] Train Loss: 0.0494, Train Acc: 87.14%, Val Loss: 0.5471, Val Acc: 78.59%
2026-02-21 22:34:22,443 - INFO - Epoch [69] Batch [0/14]                     Loss: -0.1535, Hard: 0.2355, Soft: -0.3890                     Acc: 95.00% LR: 0.000370                     Alpha: 0.5744425058364868                     Beta: -0.533980131149292                     MemKD: 0.4386981129646301
2026-02-21 22:34:56,742 - INFO - Epoch [69/200] Train Loss: 0.2146, Train Acc: 78.57%, Val Loss: 0.5125, Val Acc: 80.98%
2026-02-21 22:35:26,122 - INFO - Epoch [70] Batch [0/14]                     Loss: 0.2391, Hard: 0.5024, Soft: -0.2633                     Acc: 80.00% LR: 0.000367                     Alpha: 0.5744425058364868                     Beta: -0.5403550863265991                     MemKD: 0.43667349219322205
2026-02-21 22:35:59,937 - INFO - Epoch [70/200] Train Loss: 0.1940, Train Acc: 80.71%, Val Loss: 0.6319, Val Acc: 74.20%
2026-02-21 22:36:00,005 - INFO - Checkpoint saved at epoch 70
2026-02-21 22:36:29,589 - INFO - Epoch [71] Batch [0/14]                     Loss: 0.1190, Hard: 0.4603, Soft: -0.3412                     Acc: 85.00% LR: 0.000363                     Alpha: 0.5744425058364868                     Beta: -0.5465639233589172                     MemKD: 0.43474912643432617
2026-02-21 22:37:04,420 - INFO - Epoch [71/200] Train Loss: 0.0832, Train Acc: 83.93%, Val Loss: 0.5871, Val Acc: 79.12%
2026-02-21 22:37:34,102 - INFO - Epoch [72] Batch [0/14]                     Loss: 0.1310, Hard: 0.4709, Soft: -0.3399                     Acc: 75.00% LR: 0.000360                     Alpha: 0.5744425058364868                     Beta: -0.5528663992881775                     MemKD: 0.4327438473701477
2026-02-21 22:38:10,260 - INFO - Epoch [72/200] Train Loss: 0.1345, Train Acc: 82.14%, Val Loss: 0.8738, Val Acc: 73.80%
2026-02-21 22:38:39,132 - INFO - Epoch [73] Batch [0/14]                     Loss: 0.4901, Hard: 0.7661, Soft: -0.2760                     Acc: 65.00% LR: 0.000356                     Alpha: 0.5744425058364868                     Beta: -0.5590484738349915                     MemKD: 0.4307871162891388
2026-02-21 22:39:16,586 - INFO - Epoch [73/200] Train Loss: 0.0612, Train Acc: 83.21%, Val Loss: 0.5973, Val Acc: 77.39%
2026-02-21 22:39:45,034 - INFO - Epoch [74] Batch [0/14]                     Loss: 0.1172, Hard: 0.4099, Soft: -0.2927                     Acc: 95.00% LR: 0.000353                     Alpha: 0.5744425058364868                     Beta: -0.5651811361312866                     MemKD: 0.42884790897369385
2026-02-21 22:40:20,674 - INFO - Epoch [74/200] Train Loss: -0.0142, Train Acc: 88.93%, Val Loss: 0.5991, Val Acc: 78.32%
2026-02-21 22:40:50,405 - INFO - Epoch [75] Batch [0/14]                     Loss: -0.0166, Hard: 0.3675, Soft: -0.3841                     Acc: 95.00% LR: 0.000349                     Alpha: 0.5744425058364868                     Beta: -0.5713979601860046                     MemKD: 0.4268453121185303
2026-02-21 22:41:27,378 - INFO - Epoch [75/200] Train Loss: 0.0462, Train Acc: 87.14%, Val Loss: 0.6543, Val Acc: 74.47%
2026-02-21 22:41:55,686 - INFO - Epoch [76] Batch [0/14]                     Loss: 0.0751, Hard: 0.4215, Soft: -0.3463                     Acc: 80.00% LR: 0.000346                     Alpha: 0.5744425058364868                     Beta: -0.5775063037872314                     MemKD: 0.42490142583847046
2026-02-21 22:42:30,884 - INFO - Epoch [76/200] Train Loss: -0.0037, Train Acc: 86.07%, Val Loss: 0.7607, Val Acc: 72.61%
2026-02-21 22:43:00,992 - INFO - Epoch [77] Batch [0/14]                     Loss: 0.2272, Hard: 0.5911, Soft: -0.3639                     Acc: 80.00% LR: 0.000342                     Alpha: 0.5744425058364868                     Beta: -0.5834805369377136                     MemKD: 0.4230223298072815
2026-02-21 22:43:37,704 - INFO - Epoch [77/200] Train Loss: 0.0923, Train Acc: 84.29%, Val Loss: 0.5203, Val Acc: 81.91%
2026-02-21 22:44:06,393 - INFO - Epoch [78] Batch [0/14]                     Loss: 0.0157, Hard: 0.4327, Soft: -0.4170                     Acc: 80.00% LR: 0.000338                     Alpha: 0.5744425058364868                     Beta: -0.5893545150756836                     MemKD: 0.42118874192237854
2026-02-21 22:44:41,250 - INFO - Epoch [78/200] Train Loss: 0.0582, Train Acc: 82.86%, Val Loss: 0.5635, Val Acc: 78.86%
2026-02-21 22:45:10,651 - INFO - Epoch [79] Batch [0/14]                     Loss: -0.0264, Hard: 0.3709, Soft: -0.3973                     Acc: 90.00% LR: 0.000335                     Alpha: 0.5744425058364868                     Beta: -0.595102071762085                     MemKD: 0.41941186785697937
2026-02-21 22:45:46,143 - INFO - Epoch [79/200] Train Loss: 0.0269, Train Acc: 83.57%, Val Loss: 0.5473, Val Acc: 80.32%
2026-02-21 22:46:15,136 - INFO - Epoch [80] Batch [0/14]                     Loss: 0.3482, Hard: 0.7169, Soft: -0.3687                     Acc: 80.00% LR: 0.000331                     Alpha: 0.5744425058364868                     Beta: -0.600849449634552                     MemKD: 0.4176332354545593
2026-02-21 22:46:50,046 - INFO - Epoch [80/200] Train Loss: 0.1527, Train Acc: 82.86%, Val Loss: 0.6632, Val Acc: 75.00%
2026-02-21 22:46:50,111 - INFO - Checkpoint saved at epoch 80
2026-02-21 22:47:20,189 - INFO - Epoch [81] Batch [0/14]                     Loss: 0.2142, Hard: 0.5351, Soft: -0.3209                     Acc: 70.00% LR: 0.000327                     Alpha: 0.5744425058364868                     Beta: -0.6064207553863525                     MemKD: 0.4159504473209381
2026-02-21 22:47:54,949 - INFO - Epoch [81/200] Train Loss: 0.1035, Train Acc: 81.07%, Val Loss: 0.7435, Val Acc: 73.80%
2026-02-21 22:48:23,823 - INFO - Epoch [82] Batch [0/14]                     Loss: -0.0667, Hard: 0.3430, Soft: -0.4097                     Acc: 90.00% LR: 0.000324                     Alpha: 0.5744425058364868                     Beta: -0.6118186116218567                     MemKD: 0.4143436551094055
2026-02-21 22:48:59,267 - INFO - Epoch [82/200] Train Loss: 0.0321, Train Acc: 83.21%, Val Loss: 0.6254, Val Acc: 78.99%
2026-02-21 22:49:29,612 - INFO - Epoch [83] Batch [0/14]                     Loss: -0.0282, Hard: 0.3794, Soft: -0.4076                     Acc: 85.00% LR: 0.000320                     Alpha: 0.5744425058364868                     Beta: -0.6173028945922852                     MemKD: 0.41267937421798706
2026-02-21 22:50:06,260 - INFO - Epoch [83/200] Train Loss: -0.0813, Train Acc: 88.57%, Val Loss: 0.4735, Val Acc: 81.38%
2026-02-21 22:50:35,910 - INFO - Epoch [84] Batch [0/14]                     Loss: 0.4129, Hard: 0.6872, Soft: -0.2743                     Acc: 70.00% LR: 0.000316                     Alpha: 0.5744425058364868                     Beta: -0.6227702498435974                     MemKD: 0.41101858019828796
2026-02-21 22:51:11,043 - INFO - Epoch [84/200] Train Loss: 0.0881, Train Acc: 81.07%, Val Loss: 0.6552, Val Acc: 76.06%
2026-02-21 22:51:39,544 - INFO - Epoch [85] Batch [0/14]                     Loss: 0.3185, Hard: 0.6700, Soft: -0.3515                     Acc: 75.00% LR: 0.000312                     Alpha: 0.5744425058364868                     Beta: -0.6281265616416931                     MemKD: 0.40940266847610474
2026-02-21 22:52:14,767 - INFO - Epoch [85/200] Train Loss: 0.1676, Train Acc: 81.07%, Val Loss: 0.6317, Val Acc: 77.53%
2026-02-21 22:52:43,007 - INFO - Epoch [86] Batch [0/14]                     Loss: -0.1694, Hard: 0.2928, Soft: -0.4622                     Acc: 80.00% LR: 0.000308                     Alpha: 0.5744425058364868                     Beta: -0.6332108378410339                     MemKD: 0.40792790055274963
2026-02-21 22:53:19,278 - INFO - Epoch [86/200] Train Loss: -0.0703, Train Acc: 83.21%, Val Loss: 0.5162, Val Acc: 80.72%
2026-02-21 22:53:47,801 - INFO - Epoch [87] Batch [0/14]                     Loss: -0.3024, Hard: 0.2015, Soft: -0.5038                     Acc: 100.00% LR: 0.000305                     Alpha: 0.5744425058364868                     Beta: -0.6383684873580933                     MemKD: 0.4063882529735565
2026-02-21 22:54:21,968 - INFO - Epoch [87/200] Train Loss: -0.0303, Train Acc: 87.14%, Val Loss: 0.4564, Val Acc: 81.78%
2026-02-21 22:54:50,040 - INFO - Epoch [88] Batch [0/14]                     Loss: -0.0943, Hard: 0.3531, Soft: -0.4475                     Acc: 85.00% LR: 0.000301                     Alpha: 0.5744425058364868                     Beta: -0.643513023853302                     MemKD: 0.40484312176704407
2026-02-21 22:55:26,268 - INFO - Epoch [88/200] Train Loss: -0.0805, Train Acc: 83.93%, Val Loss: 0.4474, Val Acc: 84.04%
2026-02-21 22:55:26,268 - INFO - Best model saved with accuracy: 84.04%
2026-02-21 22:55:55,853 - INFO - Epoch [89] Batch [0/14]                     Loss: -0.2264, Hard: 0.2411, Soft: -0.4674                     Acc: 95.00% LR: 0.000297                     Alpha: 0.5744425058364868                     Beta: -0.6486465930938721                     MemKD: 0.4032944142818451
2026-02-21 22:56:33,319 - INFO - Epoch [89/200] Train Loss: -0.0101, Train Acc: 84.29%, Val Loss: 0.4772, Val Acc: 82.05%
2026-02-21 22:57:03,366 - INFO - Epoch [90] Batch [0/14]                     Loss: -0.1936, Hard: 0.3179, Soft: -0.5116                     Acc: 90.00% LR: 0.000293                     Alpha: 0.5744425058364868                     Beta: -0.6536573171615601                     MemKD: 0.4017932116985321
2026-02-21 22:57:38,400 - INFO - Epoch [90/200] Train Loss: -0.0027, Train Acc: 82.50%, Val Loss: 0.6283, Val Acc: 77.79%
2026-02-21 22:57:38,470 - INFO - Checkpoint saved at epoch 90
2026-02-21 22:58:07,618 - INFO - Epoch [91] Batch [0/14]                     Loss: -0.1148, Hard: 0.3675, Soft: -0.4823                     Acc: 85.00% LR: 0.000289                     Alpha: 0.5744425058364868                     Beta: -0.6585628390312195                     MemKD: 0.4003482758998871
2026-02-21 22:58:43,035 - INFO - Epoch [91/200] Train Loss: -0.0152, Train Acc: 84.64%, Val Loss: 0.6787, Val Acc: 73.54%
2026-02-21 22:59:12,156 - INFO - Epoch [92] Batch [0/14]                     Loss: -0.0992, Hard: 0.3737, Soft: -0.4730                     Acc: 90.00% LR: 0.000285                     Alpha: 0.5744425058364868                     Beta: -0.6633440852165222                     MemKD: 0.3989502489566803
2026-02-21 22:59:47,382 - INFO - Epoch [92/200] Train Loss: -0.1382, Train Acc: 87.50%, Val Loss: 0.5961, Val Acc: 79.52%
2026-02-21 23:00:15,296 - INFO - Epoch [93] Batch [0/14]                     Loss: -0.4205, Hard: 0.1209, Soft: -0.5414                     Acc: 95.00% LR: 0.000281                     Alpha: 0.5744425058364868                     Beta: -0.6681342720985413                     MemKD: 0.39754989743232727
2026-02-21 23:00:51,657 - INFO - Epoch [93/200] Train Loss: -0.1912, Train Acc: 89.29%, Val Loss: 0.5263, Val Acc: 80.98%
2026-02-21 23:01:20,421 - INFO - Epoch [94] Batch [0/14]                     Loss: -0.3095, Hard: 0.1982, Soft: -0.5077                     Acc: 95.00% LR: 0.000277                     Alpha: 0.5744425058364868                     Beta: -0.672958254814148                     MemKD: 0.3961107134819031
2026-02-21 23:01:54,067 - INFO - Epoch [94/200] Train Loss: -0.1669, Train Acc: 87.14%, Val Loss: 0.4393, Val Acc: 84.57%
2026-02-21 23:01:54,068 - INFO - Best model saved with accuracy: 84.57%
2026-02-21 23:02:23,672 - INFO - Epoch [95] Batch [0/14]                     Loss: 0.2470, Hard: 0.5648, Soft: -0.3178                     Acc: 80.00% LR: 0.000274                     Alpha: 0.5744425058364868                     Beta: -0.6776876449584961                     MemKD: 0.39470672607421875
2026-02-21 23:02:58,437 - INFO - Epoch [95/200] Train Loss: -0.0672, Train Acc: 85.00%, Val Loss: 0.3901, Val Acc: 84.97%
2026-02-21 23:02:58,439 - INFO - Best model saved with accuracy: 84.97%
2026-02-21 23:03:26,602 - INFO - Epoch [96] Batch [0/14]                     Loss: -0.3411, Hard: 0.2052, Soft: -0.5463                     Acc: 100.00% LR: 0.000270                     Alpha: 0.5744425058364868                     Beta: -0.6822367310523987                     MemKD: 0.3933807909488678
2026-02-21 23:04:02,119 - INFO - Epoch [96/200] Train Loss: -0.1077, Train Acc: 85.71%, Val Loss: 0.4468, Val Acc: 84.71%
2026-02-21 23:04:32,356 - INFO - Epoch [97] Batch [0/14]                     Loss: 0.0323, Hard: 0.4861, Soft: -0.4539                     Acc: 85.00% LR: 0.000266                     Alpha: 0.5744425058364868                     Beta: -0.686734139919281                     MemKD: 0.39207521080970764
2026-02-21 23:05:07,185 - INFO - Epoch [97/200] Train Loss: -0.1745, Train Acc: 87.86%, Val Loss: 0.4240, Val Acc: 83.11%
2026-02-21 23:05:30,071 - INFO - Epoch [98] Batch [0/14]                     Loss: -0.2624, Hard: 0.2522, Soft: -0.5145                     Acc: 95.00% LR: 0.000262                     Alpha: 0.5744425058364868                     Beta: -0.6912042498588562                     MemKD: 0.3907875418663025
2026-02-21 23:05:56,263 - INFO - Epoch [98/200] Train Loss: -0.2503, Train Acc: 91.07%, Val Loss: 0.7199, Val Acc: 78.72%
2026-02-21 23:06:19,734 - INFO - Epoch [99] Batch [0/14]                     Loss: -0.2473, Hard: 0.3026, Soft: -0.5499                     Acc: 85.00% LR: 0.000258                     Alpha: 0.5744425058364868                     Beta: -0.6956700086593628                     MemKD: 0.3894767165184021
2026-02-21 23:06:48,017 - INFO - Epoch [99/200] Train Loss: -0.1867, Train Acc: 88.21%, Val Loss: 0.7709, Val Acc: 73.01%
2026-02-21 23:07:09,906 - INFO - Epoch [100] Batch [0/14]                     Loss: -0.4202, Hard: 0.1518, Soft: -0.5720                     Acc: 95.00% LR: 0.000254                     Alpha: 0.5744425058364868                     Beta: -0.7000665068626404                     MemKD: 0.38819620013237
2026-02-21 23:07:37,659 - INFO - Epoch [100/200] Train Loss: -0.1707, Train Acc: 87.14%, Val Loss: 0.5324, Val Acc: 82.31%
2026-02-21 23:07:37,706 - INFO - Checkpoint saved at epoch 100
2026-02-21 23:08:00,665 - INFO - Epoch [101] Batch [0/14]                     Loss: 0.1174, Hard: 0.6228, Soft: -0.5054                     Acc: 80.00% LR: 0.000250                     Alpha: 0.5744425058364868                     Beta: -0.7043507099151611                     MemKD: 0.38695740699768066
2026-02-21 23:08:28,513 - INFO - Epoch [101/200] Train Loss: -0.2229, Train Acc: 88.93%, Val Loss: 0.4810, Val Acc: 80.98%
2026-02-21 23:08:50,818 - INFO - Epoch [102] Batch [0/14]                     Loss: -0.4401, Hard: 0.1562, Soft: -0.5963                     Acc: 95.00% LR: 0.000246                     Alpha: 0.5744425058364868                     Beta: -0.7085776925086975                     MemKD: 0.38573896884918213
2026-02-21 23:09:19,339 - INFO - Epoch [102/200] Train Loss: -0.2469, Train Acc: 88.57%, Val Loss: 0.4056, Val Acc: 84.04%
2026-02-21 23:09:42,842 - INFO - Epoch [103] Batch [0/14]                     Loss: -0.3030, Hard: 0.2710, Soft: -0.5740                     Acc: 90.00% LR: 0.000242                     Alpha: 0.5744425058364868                     Beta: -0.712716281414032                     MemKD: 0.3845479190349579
2026-02-21 23:10:10,626 - INFO - Epoch [103/200] Train Loss: -0.1954, Train Acc: 87.14%, Val Loss: 0.8648, Val Acc: 68.88%
2026-02-21 23:10:33,129 - INFO - Epoch [104] Batch [0/14]                     Loss: -0.4838, Hard: 0.1223, Soft: -0.6061                     Acc: 95.00% LR: 0.000238                     Alpha: 0.5744425058364868                     Beta: -0.7167499661445618                     MemKD: 0.3833940327167511
2026-02-21 23:11:01,763 - INFO - Epoch [104/200] Train Loss: -0.2552, Train Acc: 87.50%, Val Loss: 0.4846, Val Acc: 82.85%
2026-02-21 23:11:24,888 - INFO - Epoch [105] Batch [0/14]                     Loss: -0.3274, Hard: 0.2759, Soft: -0.6033                     Acc: 90.00% LR: 0.000234                     Alpha: 0.5744425058364868                     Beta: -0.7207589149475098                     MemKD: 0.38225096464157104
2026-02-21 23:11:52,824 - INFO - Epoch [105/200] Train Loss: -0.1801, Train Acc: 85.36%, Val Loss: 0.5167, Val Acc: 80.98%
2026-02-21 23:12:15,188 - INFO - Epoch [106] Batch [0/14]                     Loss: -0.3553, Hard: 0.2375, Soft: -0.5928                     Acc: 85.00% LR: 0.000230                     Alpha: 0.5744425058364868                     Beta: -0.7246817350387573                     MemKD: 0.38114601373672485
2026-02-21 23:12:44,290 - INFO - Epoch [106/200] Train Loss: -0.1804, Train Acc: 86.07%, Val Loss: 0.3959, Val Acc: 86.17%
2026-02-21 23:12:44,290 - INFO - Best model saved with accuracy: 86.17%
2026-02-21 23:13:07,176 - INFO - Epoch [107] Batch [0/14]                     Loss: -0.4011, Hard: 0.2066, Soft: -0.6077                     Acc: 95.00% LR: 0.000226                     Alpha: 0.5744425058364868                     Beta: -0.7285157442092896                     MemKD: 0.3800736367702484
2026-02-21 23:13:35,943 - INFO - Epoch [107/200] Train Loss: -0.2254, Train Acc: 88.57%, Val Loss: 0.4837, Val Acc: 82.71%
2026-02-21 23:13:57,665 - INFO - Epoch [108] Batch [0/14]                     Loss: -0.4391, Hard: 0.1779, Soft: -0.6170                     Acc: 90.00% LR: 0.000223                     Alpha: 0.5744425058364868                     Beta: -0.7322800755500793                     MemKD: 0.37902477383613586
2026-02-21 23:14:27,018 - INFO - Epoch [108/200] Train Loss: -0.2786, Train Acc: 88.57%, Val Loss: 0.4277, Val Acc: 84.84%
2026-02-21 23:14:50,612 - INFO - Epoch [109] Batch [0/14]                     Loss: -0.4036, Hard: 0.2253, Soft: -0.6290                     Acc: 90.00% LR: 0.000219                     Alpha: 0.5744425058364868                     Beta: -0.7359994649887085                     MemKD: 0.3779851794242859
2026-02-21 23:15:18,401 - INFO - Epoch [109/200] Train Loss: -0.3392, Train Acc: 90.00%, Val Loss: 0.4238, Val Acc: 82.45%
2026-02-21 23:15:41,185 - INFO - Epoch [110] Batch [0/14]                     Loss: -0.2466, Hard: 0.3315, Soft: -0.5782                     Acc: 90.00% LR: 0.000215                     Alpha: 0.5744425058364868                     Beta: -0.7396824359893799                     MemKD: 0.37695321440696716
2026-02-21 23:16:10,232 - INFO - Epoch [110/200] Train Loss: -0.3026, Train Acc: 89.64%, Val Loss: 0.6078, Val Acc: 78.46%
2026-02-21 23:16:10,294 - INFO - Checkpoint saved at epoch 110
2026-02-21 23:16:32,095 - INFO - Epoch [111] Batch [0/14]                     Loss: -0.2452, Hard: 0.3110, Soft: -0.5562                     Acc: 80.00% LR: 0.000211                     Alpha: 0.5744425058364868                     Beta: -0.7432995438575745                     MemKD: 0.37594130635261536
2026-02-21 23:16:59,073 - INFO - Epoch [111/200] Train Loss: -0.3213, Train Acc: 89.64%, Val Loss: 0.5010, Val Acc: 82.45%
2026-02-21 23:17:21,570 - INFO - Epoch [112] Batch [0/14]                     Loss: -0.3211, Hard: 0.2525, Soft: -0.5736                     Acc: 90.00% LR: 0.000207                     Alpha: 0.5744425058364868                     Beta: -0.7468394637107849                     MemKD: 0.37495851516723633
2026-02-21 23:17:50,420 - INFO - Epoch [112/200] Train Loss: -0.2668, Train Acc: 87.86%, Val Loss: 0.4397, Val Acc: 84.31%
2026-02-21 23:18:12,714 - INFO - Epoch [113] Batch [0/14]                     Loss: -0.3062, Hard: 0.2910, Soft: -0.5972                     Acc: 90.00% LR: 0.000203                     Alpha: 0.5744425058364868                     Beta: -0.7502917647361755                     MemKD: 0.3740023672580719
2026-02-21 23:18:40,217 - INFO - Epoch [113/200] Train Loss: -0.2286, Train Acc: 87.14%, Val Loss: 0.4397, Val Acc: 84.97%
2026-02-21 23:19:03,583 - INFO - Epoch [114] Batch [0/14]                     Loss: -0.4775, Hard: 0.1494, Soft: -0.6269                     Acc: 100.00% LR: 0.000199                     Alpha: 0.5744425058364868                     Beta: -0.7536411881446838                     MemKD: 0.3730860650539398
2026-02-21 23:19:32,213 - INFO - Epoch [114/200] Train Loss: -0.2202, Train Acc: 85.36%, Val Loss: 0.5525, Val Acc: 81.12%
2026-02-21 23:19:54,522 - INFO - Epoch [115] Batch [0/14]                     Loss: -0.1054, Hard: 0.4349, Soft: -0.5403                     Acc: 80.00% LR: 0.000195                     Alpha: 0.5744425058364868                     Beta: -0.7568878531455994                     MemKD: 0.37220701575279236
2026-02-21 23:20:22,101 - INFO - Epoch [115/200] Train Loss: -0.1824, Train Acc: 86.07%, Val Loss: 0.7064, Val Acc: 75.40%
2026-02-21 23:20:45,158 - INFO - Epoch [116] Batch [0/14]                     Loss: 0.2246, Hard: 0.6947, Soft: -0.4702                     Acc: 70.00% LR: 0.000192                     Alpha: 0.5744425058364868                     Beta: -0.7600550651550293                     MemKD: 0.3713536560535431
2026-02-21 23:21:14,569 - INFO - Epoch [116/200] Train Loss: -0.2470, Train Acc: 85.71%, Val Loss: 0.3560, Val Acc: 87.63%
2026-02-21 23:21:14,570 - INFO - Best model saved with accuracy: 87.63%
2026-02-21 23:21:37,788 - INFO - Epoch [117] Batch [0/14]                     Loss: -0.2929, Hard: 0.3164, Soft: -0.6093                     Acc: 90.00% LR: 0.000188                     Alpha: 0.5744425058364868                     Beta: -0.7631402611732483                     MemKD: 0.37052732706069946
2026-02-21 23:22:06,093 - INFO - Epoch [117/200] Train Loss: -0.2658, Train Acc: 88.21%, Val Loss: 0.4191, Val Acc: 84.84%
2026-02-21 23:22:28,921 - INFO - Epoch [118] Batch [0/14]                     Loss: -0.3411, Hard: 0.2873, Soft: -0.6283                     Acc: 85.00% LR: 0.000184                     Alpha: 0.5744425058364868                     Beta: -0.7661841511726379                     MemKD: 0.3697054088115692
2026-02-21 23:22:58,225 - INFO - Epoch [118/200] Train Loss: -0.2025, Train Acc: 87.50%, Val Loss: 0.4101, Val Acc: 86.57%
2026-02-21 23:23:21,462 - INFO - Epoch [119] Batch [0/14]                     Loss: -0.4841, Hard: 0.1853, Soft: -0.6694                     Acc: 90.00% LR: 0.000180                     Alpha: 0.5744425058364868                     Beta: -0.7691981792449951                     MemKD: 0.36889010667800903
2026-02-21 23:23:49,022 - INFO - Epoch [119/200] Train Loss: -0.3878, Train Acc: 90.00%, Val Loss: 0.4307, Val Acc: 83.91%
2026-02-21 23:24:12,175 - INFO - Epoch [120] Batch [0/14]                     Loss: -0.4773, Hard: 0.2082, Soft: -0.6854                     Acc: 95.00% LR: 0.000176                     Alpha: 0.5744425058364868                     Beta: -0.7721477150917053                     MemKD: 0.36809241771698
2026-02-21 23:24:40,771 - INFO - Epoch [120/200] Train Loss: -0.3154, Train Acc: 89.64%, Val Loss: 0.3926, Val Acc: 84.57%
2026-02-21 23:24:40,809 - INFO - Checkpoint saved at epoch 120
2026-02-21 23:25:03,504 - INFO - Epoch [121] Batch [0/14]                     Loss: -0.2830, Hard: 0.3649, Soft: -0.6479                     Acc: 85.00% LR: 0.000173                     Alpha: 0.5744425058364868                     Beta: -0.7750254273414612                     MemKD: 0.3673165738582611
2026-02-21 23:25:32,623 - INFO - Epoch [121/200] Train Loss: -0.3276, Train Acc: 90.00%, Val Loss: 0.4524, Val Acc: 83.51%
2026-02-21 23:25:55,752 - INFO - Epoch [122] Batch [0/14]                     Loss: -0.3865, Hard: 0.2427, Soft: -0.6291                     Acc: 90.00% LR: 0.000169                     Alpha: 0.5744425058364868                     Beta: -0.777850866317749                     MemKD: 0.3665541708469391
2026-02-21 23:26:23,347 - INFO - Epoch [122/200] Train Loss: -0.3674, Train Acc: 91.79%, Val Loss: 0.3716, Val Acc: 86.04%
2026-02-21 23:26:44,830 - INFO - Epoch [123] Batch [0/14]                     Loss: -0.1773, Hard: 0.4506, Soft: -0.6280                     Acc: 85.00% LR: 0.000165                     Alpha: 0.5744425058364868                     Beta: -0.7806183695793152                     MemKD: 0.3658069670200348
2026-02-21 23:27:13,767 - INFO - Epoch [123/200] Train Loss: -0.2740, Train Acc: 85.00%, Val Loss: 0.4528, Val Acc: 85.77%
2026-02-21 23:27:37,229 - INFO - Epoch [124] Batch [0/14]                     Loss: -0.4280, Hard: 0.2024, Soft: -0.6305                     Acc: 95.00% LR: 0.000162                     Alpha: 0.5744425058364868                     Beta: -0.7833038568496704                     MemKD: 0.36509060859680176
2026-02-21 23:28:06,287 - INFO - Epoch [124/200] Train Loss: -0.3649, Train Acc: 90.71%, Val Loss: 0.4501, Val Acc: 81.38%
2026-02-21 23:28:28,360 - INFO - Epoch [125] Batch [0/14]                     Loss: -0.2859, Hard: 0.3157, Soft: -0.6016                     Acc: 85.00% LR: 0.000158                     Alpha: 0.5744425058364868                     Beta: -0.7859257459640503                     MemKD: 0.36439260840415955
2026-02-21 23:28:58,114 - INFO - Epoch [125/200] Train Loss: -0.2847, Train Acc: 87.14%, Val Loss: 0.5156, Val Acc: 81.65%
2026-02-21 23:29:21,465 - INFO - Epoch [126] Batch [0/14]                     Loss: -0.2827, Hard: 0.3639, Soft: -0.6466                     Acc: 80.00% LR: 0.000154                     Alpha: 0.5744425058364868                     Beta: -0.7884791493415833                     MemKD: 0.36371442675590515
2026-02-21 23:29:48,757 - INFO - Epoch [126/200] Train Loss: -0.2990, Train Acc: 87.50%, Val Loss: 0.5050, Val Acc: 80.98%
2026-02-21 23:30:11,809 - INFO - Epoch [127] Batch [0/14]                     Loss: -0.1419, Hard: 0.4590, Soft: -0.6009                     Acc: 85.00% LR: 0.000151                     Alpha: 0.5744425058364868                     Beta: -0.7909550666809082                     MemKD: 0.3630600869655609
2026-02-21 23:30:41,522 - INFO - Epoch [127/200] Train Loss: -0.3911, Train Acc: 91.43%, Val Loss: 0.3529, Val Acc: 87.10%
2026-02-21 23:31:04,283 - INFO - Epoch [128] Batch [0/14]                     Loss: -0.2711, Hard: 0.3636, Soft: -0.6347                     Acc: 90.00% LR: 0.000147                     Alpha: 0.5744425058364868                     Beta: -0.7933806777000427                     MemKD: 0.36242029070854187
2026-02-21 23:31:30,690 - INFO - Epoch [128/200] Train Loss: -0.3472, Train Acc: 90.71%, Val Loss: 0.4999, Val Acc: 80.05%
2026-02-21 23:31:53,864 - INFO - Epoch [129] Batch [0/14]                     Loss: -0.3234, Hard: 0.2902, Soft: -0.6136                     Acc: 95.00% LR: 0.000144                     Alpha: 0.5744425058364868                     Beta: -0.7957574129104614                     MemKD: 0.3617923855781555
2026-02-21 23:32:23,084 - INFO - Epoch [129/200] Train Loss: -0.3480, Train Acc: 90.36%, Val Loss: 0.4103, Val Acc: 85.11%
2026-02-21 23:32:45,940 - INFO - Epoch [130] Batch [0/14]                     Loss: -0.3734, Hard: 0.2806, Soft: -0.6541                     Acc: 90.00% LR: 0.000140                     Alpha: 0.5744425058364868                     Beta: -0.7980794906616211                     MemKD: 0.36117976903915405
2026-02-21 23:33:14,155 - INFO - Epoch [130/200] Train Loss: -0.3575, Train Acc: 89.29%, Val Loss: 0.4230, Val Acc: 83.78%
2026-02-21 23:33:14,209 - INFO - Checkpoint saved at epoch 130
2026-02-21 23:33:37,404 - INFO - Epoch [131] Batch [0/14]                     Loss: -0.2143, Hard: 0.3600, Soft: -0.5743                     Acc: 95.00% LR: 0.000137                     Alpha: 0.5744425058364868                     Beta: -0.8003314733505249                     MemKD: 0.36058953404426575
2026-02-21 23:34:07,274 - INFO - Epoch [131/200] Train Loss: -0.3929, Train Acc: 88.93%, Val Loss: 0.4537, Val Acc: 84.97%
2026-02-21 23:34:30,901 - INFO - Epoch [132] Batch [0/14]                     Loss: -0.3528, Hard: 0.3030, Soft: -0.6557                     Acc: 90.00% LR: 0.000133                     Alpha: 0.5744425058364868                     Beta: -0.802516758441925                     MemKD: 0.3600178062915802
2026-02-21 23:34:58,346 - INFO - Epoch [132/200] Train Loss: -0.3873, Train Acc: 90.36%, Val Loss: 0.3754, Val Acc: 85.24%
2026-02-21 23:35:22,278 - INFO - Epoch [133] Batch [0/14]                     Loss: -0.4904, Hard: 0.1903, Soft: -0.6807                     Acc: 95.00% LR: 0.000130                     Alpha: 0.5744425058364868                     Beta: -0.8046518564224243                     MemKD: 0.3594582974910736
2026-02-21 23:35:50,699 - INFO - Epoch [133/200] Train Loss: -0.4230, Train Acc: 90.36%, Val Loss: 0.3478, Val Acc: 86.70%
2026-02-21 23:36:13,361 - INFO - Epoch [134] Batch [0/14]                     Loss: -0.3074, Hard: 0.3057, Soft: -0.6131                     Acc: 85.00% LR: 0.000126                     Alpha: 0.5744425058364868                     Beta: -0.8067681193351746                     MemKD: 0.35890236496925354
2026-02-21 23:36:41,324 - INFO - Epoch [134/200] Train Loss: -0.3800, Train Acc: 89.29%, Val Loss: 0.3523, Val Acc: 85.90%
2026-02-21 23:37:04,048 - INFO - Epoch [135] Batch [0/14]                     Loss: -0.5075, Hard: 0.2210, Soft: -0.7285                     Acc: 95.00% LR: 0.000123                     Alpha: 0.5744425058364868                     Beta: -0.808794379234314                     MemKD: 0.35837796330451965
2026-02-21 23:37:32,658 - INFO - Epoch [135/200] Train Loss: -0.3374, Train Acc: 87.50%, Val Loss: 0.4092, Val Acc: 85.24%
2026-02-21 23:37:55,411 - INFO - Epoch [136] Batch [0/14]                     Loss: 0.0437, Hard: 0.6221, Soft: -0.5784                     Acc: 70.00% LR: 0.000119                     Alpha: 0.5744425058364868                     Beta: -0.8107671737670898                     MemKD: 0.35786664485931396
2026-02-21 23:38:21,680 - INFO - Epoch [136/200] Train Loss: -0.4331, Train Acc: 90.00%, Val Loss: 0.4113, Val Acc: 85.37%
2026-02-21 23:38:43,674 - INFO - Epoch [137] Batch [0/14]                     Loss: -0.6220, Hard: 0.1176, Soft: -0.7395                     Acc: 100.00% LR: 0.000116                     Alpha: 0.5744425058364868                     Beta: -0.8126862645149231                     MemKD: 0.357368528842926
2026-02-21 23:39:12,909 - INFO - Epoch [137/200] Train Loss: -0.3036, Train Acc: 86.79%, Val Loss: 0.3782, Val Acc: 86.30%
2026-02-21 23:39:36,267 - INFO - Epoch [138] Batch [0/14]                     Loss: -0.5625, Hard: 0.1731, Soft: -0.7356                     Acc: 90.00% LR: 0.000113                     Alpha: 0.5744425058364868                     Beta: -0.8145197629928589                     MemKD: 0.35689735412597656
2026-02-21 23:40:04,255 - INFO - Epoch [138/200] Train Loss: -0.4327, Train Acc: 89.64%, Val Loss: 0.3554, Val Acc: 86.04%
2026-02-21 23:40:27,725 - INFO - Epoch [139] Batch [0/14]                     Loss: -0.0663, Hard: 0.5605, Soft: -0.6268                     Acc: 80.00% LR: 0.000109                     Alpha: 0.5744425058364868                     Beta: -0.8163145780563354                     MemKD: 0.3564349114894867
2026-02-21 23:40:56,519 - INFO - Epoch [139/200] Train Loss: -0.3507, Train Acc: 88.21%, Val Loss: 0.3537, Val Acc: 88.16%
2026-02-21 23:40:56,519 - INFO - Best model saved with accuracy: 88.16%
2026-02-21 23:41:19,198 - INFO - Epoch [140] Batch [0/14]                     Loss: -0.5222, Hard: 0.1924, Soft: -0.7146                     Acc: 95.00% LR: 0.000106                     Alpha: 0.5744425058364868                     Beta: -0.8180719614028931                     MemKD: 0.35598307847976685
2026-02-21 23:41:45,752 - INFO - Epoch [140/200] Train Loss: -0.4440, Train Acc: 89.29%, Val Loss: 0.4310, Val Acc: 85.11%
2026-02-21 23:41:45,802 - INFO - Checkpoint saved at epoch 140
2026-02-21 23:42:08,280 - INFO - Epoch [141] Batch [0/14]                     Loss: -0.6327, Hard: 0.1350, Soft: -0.7678                     Acc: 95.00% LR: 0.000103                     Alpha: 0.5744425058364868                     Beta: -0.8197668790817261                     MemKD: 0.3555476665496826
2026-02-21 23:42:37,439 - INFO - Epoch [141/200] Train Loss: -0.3771, Train Acc: 89.29%, Val Loss: 0.4594, Val Acc: 83.91%
2026-02-21 23:43:00,437 - INFO - Epoch [142] Batch [0/14]                     Loss: -0.5455, Hard: 0.1604, Soft: -0.7059                     Acc: 95.00% LR: 0.000100                     Alpha: 0.5744425058364868                     Beta: -0.8214195370674133                     MemKD: 0.35512349009513855
2026-02-21 23:43:27,708 - INFO - Epoch [142/200] Train Loss: -0.4076, Train Acc: 90.36%, Val Loss: 0.4014, Val Acc: 84.84%
2026-02-21 23:43:50,678 - INFO - Epoch [143] Batch [0/14]                     Loss: -0.4797, Hard: 0.2196, Soft: -0.6993                     Acc: 90.00% LR: 0.000097                     Alpha: 0.5744425058364868                     Beta: -0.8230040073394775                     MemKD: 0.3547190725803375
2026-02-21 23:44:20,020 - INFO - Epoch [143/200] Train Loss: -0.3946, Train Acc: 89.64%, Val Loss: 0.3887, Val Acc: 85.64%
2026-02-21 23:44:43,418 - INFO - Epoch [144] Batch [0/14]                     Loss: -0.5739, Hard: 0.1819, Soft: -0.7558                     Acc: 95.00% LR: 0.000094                     Alpha: 0.5744425058364868                     Beta: -0.8245483636856079                     MemKD: 0.35432419180870056
2026-02-21 23:45:11,794 - INFO - Epoch [144/200] Train Loss: -0.4695, Train Acc: 91.79%, Val Loss: 0.3211, Val Acc: 86.84%
2026-02-21 23:45:35,702 - INFO - Epoch [145] Batch [0/14]                     Loss: -0.3333, Hard: 0.3037, Soft: -0.6369                     Acc: 85.00% LR: 0.000091                     Alpha: 0.5744425058364868                     Beta: -0.8260458707809448                     MemKD: 0.3539416491985321
2026-02-21 23:46:03,666 - INFO - Epoch [145/200] Train Loss: -0.3869, Train Acc: 90.36%, Val Loss: 0.4010, Val Acc: 85.51%
2026-02-21 23:46:26,623 - INFO - Epoch [146] Batch [0/14]                     Loss: -0.4971, Hard: 0.2248, Soft: -0.7218                     Acc: 85.00% LR: 0.000088                     Alpha: 0.5744425058364868                     Beta: -0.8274636268615723                     MemKD: 0.3535844087600708
2026-02-21 23:46:54,723 - INFO - Epoch [146/200] Train Loss: -0.4462, Train Acc: 90.00%, Val Loss: 0.3912, Val Acc: 86.57%
2026-02-21 23:47:17,334 - INFO - Epoch [147] Batch [0/14]                     Loss: -0.4505, Hard: 0.2569, Soft: -0.7074                     Acc: 85.00% LR: 0.000085                     Alpha: 0.5744425058364868                     Beta: -0.8288565278053284                     MemKD: 0.3532300591468811
2026-02-21 23:47:44,353 - INFO - Epoch [147/200] Train Loss: -0.4340, Train Acc: 90.71%, Val Loss: 0.3676, Val Acc: 86.84%
2026-02-21 23:48:07,116 - INFO - Epoch [148] Batch [0/14]                     Loss: -0.5851, Hard: 0.1935, Soft: -0.7787                     Acc: 95.00% LR: 0.000082                     Alpha: 0.5744425058364868                     Beta: -0.8301956057548523                     MemKD: 0.3528909981250763
2026-02-21 23:48:36,263 - INFO - Epoch [148/200] Train Loss: -0.5073, Train Acc: 91.43%, Val Loss: 0.3609, Val Acc: 87.63%
2026-02-21 23:48:58,515 - INFO - Epoch [149] Batch [0/14]                     Loss: -0.5600, Hard: 0.1792, Soft: -0.7392                     Acc: 95.00% LR: 0.000079                     Alpha: 0.5744425058364868                     Beta: -0.8314984440803528                     MemKD: 0.35255852341651917
2026-02-21 23:49:26,997 - INFO - Epoch [149/200] Train Loss: -0.4474, Train Acc: 91.43%, Val Loss: 0.3703, Val Acc: 87.10%
2026-02-21 23:49:49,556 - INFO - Epoch [150] Batch [0/14]                     Loss: -0.5979, Hard: 0.1774, Soft: -0.7753                     Acc: 95.00% LR: 0.000076                     Alpha: 0.5744425058364868                     Beta: -0.8327456712722778                     MemKD: 0.3522418141365051
2026-02-21 23:50:19,071 - INFO - Epoch [150/200] Train Loss: -0.4719, Train Acc: 90.71%, Val Loss: 0.3684, Val Acc: 86.57%
2026-02-21 23:50:19,120 - INFO - Checkpoint saved at epoch 150
2026-02-21 23:50:42,967 - INFO - Epoch [151] Batch [0/14]                     Loss: -0.4277, Hard: 0.2735, Soft: -0.7013                     Acc: 85.00% LR: 0.000073                     Alpha: 0.5744425058364868                     Beta: -0.8339554667472839                     MemKD: 0.3519356846809387
2026-02-21 23:51:11,676 - INFO - Epoch [151/200] Train Loss: -0.4887, Train Acc: 91.43%, Val Loss: 0.3816, Val Acc: 85.64%
2026-02-21 23:51:33,879 - INFO - Epoch [152] Batch [0/14]                     Loss: -0.5627, Hard: 0.1447, Soft: -0.7073                     Acc: 90.00% LR: 0.000070                     Alpha: 0.5744425058364868                     Beta: -0.8351112008094788                     MemKD: 0.351644366979599
2026-02-21 23:52:03,187 - INFO - Epoch [152/200] Train Loss: -0.5287, Train Acc: 93.57%, Val Loss: 0.3330, Val Acc: 88.56%
2026-02-21 23:52:03,187 - INFO - Best model saved with accuracy: 88.56%
2026-02-21 23:52:26,410 - INFO - Epoch [153] Batch [0/14]                     Loss: -0.6430, Hard: 0.1189, Soft: -0.7620                     Acc: 100.00% LR: 0.000068                     Alpha: 0.5744425058364868                     Beta: -0.8362335562705994                     MemKD: 0.35135960578918457
2026-02-21 23:52:54,758 - INFO - Epoch [153/200] Train Loss: -0.4409, Train Acc: 90.71%, Val Loss: 0.3427, Val Acc: 88.30%
2026-02-21 23:53:17,298 - INFO - Epoch [154] Batch [0/14]                     Loss: -0.5626, Hard: 0.1876, Soft: -0.7502                     Acc: 90.00% LR: 0.000065                     Alpha: 0.5744425058364868                     Beta: -0.8373082876205444                     MemKD: 0.35108882188796997
2026-02-21 23:53:47,410 - INFO - Epoch [154/200] Train Loss: -0.5003, Train Acc: 92.86%, Val Loss: 0.3718, Val Acc: 86.44%
2026-02-21 23:54:11,107 - INFO - Epoch [155] Batch [0/14]                     Loss: -0.6948, Hard: 0.0845, Soft: -0.7794                     Acc: 95.00% LR: 0.000062                     Alpha: 0.5744425058364868                     Beta: -0.8383341431617737                     MemKD: 0.3508315980434418
2026-02-21 23:54:37,490 - INFO - Epoch [155/200] Train Loss: -0.5528, Train Acc: 93.21%, Val Loss: 0.3749, Val Acc: 87.10%
2026-02-21 23:55:00,417 - INFO - Epoch [156] Batch [0/14]                     Loss: -0.6347, Hard: 0.1359, Soft: -0.7706                     Acc: 95.00% LR: 0.000060                     Alpha: 0.5744425058364868                     Beta: -0.8393310904502869                     MemKD: 0.3505803942680359
2026-02-21 23:55:29,817 - INFO - Epoch [156/200] Train Loss: -0.4644, Train Acc: 90.36%, Val Loss: 0.4011, Val Acc: 84.84%
2026-02-21 23:55:52,648 - INFO - Epoch [157] Batch [0/14]                     Loss: -0.3224, Hard: 0.3430, Soft: -0.6654                     Acc: 85.00% LR: 0.000057                     Alpha: 0.5744425058364868                     Beta: -0.8402804136276245                     MemKD: 0.3503427803516388
2026-02-21 23:56:19,004 - INFO - Epoch [157/200] Train Loss: -0.4620, Train Acc: 90.36%, Val Loss: 0.3583, Val Acc: 87.23%
2026-02-21 23:56:42,873 - INFO - Epoch [158] Batch [0/14]                     Loss: -0.4258, Hard: 0.3199, Soft: -0.7457                     Acc: 90.00% LR: 0.000055                     Alpha: 0.5744425058364868                     Beta: -0.8411788940429688                     MemKD: 0.35011860728263855
2026-02-21 23:57:12,234 - INFO - Epoch [158/200] Train Loss: -0.4758, Train Acc: 90.71%, Val Loss: 0.3327, Val Acc: 87.37%
2026-02-21 23:57:34,727 - INFO - Epoch [159] Batch [0/14]                     Loss: -0.6679, Hard: 0.1177, Soft: -0.7856                     Acc: 95.00% LR: 0.000052                     Alpha: 0.5744425058364868                     Beta: -0.8420283794403076                     MemKD: 0.3499077260494232
2026-02-21 23:58:02,640 - INFO - Epoch [159/200] Train Loss: -0.4567, Train Acc: 91.79%, Val Loss: 0.3931, Val Acc: 86.44%
2026-02-21 23:58:26,152 - INFO - Epoch [160] Batch [0/14]                     Loss: -0.6593, Hard: 0.1258, Soft: -0.7851                     Acc: 95.00% LR: 0.000050                     Alpha: 0.5744425058364868                     Beta: -0.8428401350975037                     MemKD: 0.34970617294311523
2026-02-21 23:58:54,028 - INFO - Epoch [160/200] Train Loss: -0.4747, Train Acc: 91.79%, Val Loss: 0.3463, Val Acc: 86.30%
2026-02-21 23:58:54,067 - INFO - Checkpoint saved at epoch 160
2026-02-21 23:59:16,084 - INFO - Epoch [161] Batch [0/14]                     Loss: -0.1103, Hard: 0.5393, Soft: -0.6496                     Acc: 85.00% LR: 0.000048                     Alpha: 0.5744425058364868                     Beta: -0.843607485294342                     MemKD: 0.3495159149169922
2026-02-21 23:59:44,851 - INFO - Epoch [161/200] Train Loss: -0.5045, Train Acc: 90.71%, Val Loss: 0.3176, Val Acc: 88.03%
2026-02-22 00:00:07,887 - INFO - Epoch [162] Batch [0/14]                     Loss: -0.7036, Hard: 0.0867, Soft: -0.7903                     Acc: 100.00% LR: 0.000045                     Alpha: 0.5744425058364868                     Beta: -0.8443471789360046                     MemKD: 0.3493325114250183
2026-02-22 00:00:35,704 - INFO - Epoch [162/200] Train Loss: -0.5624, Train Acc: 92.86%, Val Loss: 0.3434, Val Acc: 87.77%
2026-02-22 00:00:58,711 - INFO - Epoch [163] Batch [0/14]                     Loss: -0.4707, Hard: 0.2618, Soft: -0.7325                     Acc: 95.00% LR: 0.000043                     Alpha: 0.5744425058364868                     Beta: -0.8450644016265869                     MemKD: 0.34915366768836975
2026-02-22 00:01:28,191 - INFO - Epoch [163/200] Train Loss: -0.5575, Train Acc: 92.50%, Val Loss: 0.3437, Val Acc: 88.56%
2026-02-22 00:01:51,875 - INFO - Epoch [164] Batch [0/14]                     Loss: -0.7424, Hard: 0.0676, Soft: -0.8100                     Acc: 100.00% LR: 0.000041                     Alpha: 0.5744425058364868                     Beta: -0.845746636390686                     MemKD: 0.3489835858345032
2026-02-22 00:02:20,291 - INFO - Epoch [164/200] Train Loss: -0.5394, Train Acc: 93.93%, Val Loss: 0.3299, Val Acc: 88.83%
2026-02-22 00:02:20,292 - INFO - Best model saved with accuracy: 88.83%
2026-02-22 00:02:43,466 - INFO - Epoch [165] Batch [0/14]                     Loss: -0.5034, Hard: 0.1932, Soft: -0.6966                     Acc: 95.00% LR: 0.000039                     Alpha: 0.5744425058364868                     Beta: -0.846386194229126                     MemKD: 0.3488254249095917
2026-02-22 00:03:12,675 - INFO - Epoch [165/200] Train Loss: -0.5815, Train Acc: 94.64%, Val Loss: 0.3321, Val Acc: 88.03%
2026-02-22 00:03:36,048 - INFO - Epoch [166] Batch [0/14]                     Loss: -0.4271, Hard: 0.3083, Soft: -0.7353                     Acc: 90.00% LR: 0.000037                     Alpha: 0.5744425058364868                     Beta: -0.8469939231872559                     MemKD: 0.34867486357688904
2026-02-22 00:04:03,455 - INFO - Epoch [166/200] Train Loss: -0.5298, Train Acc: 93.21%, Val Loss: 0.3421, Val Acc: 88.16%
2026-02-22 00:04:26,608 - INFO - Epoch [167] Batch [0/14]                     Loss: -0.4845, Hard: 0.2648, Soft: -0.7494                     Acc: 90.00% LR: 0.000035                     Alpha: 0.5744425058364868                     Beta: -0.8475695848464966                     MemKD: 0.34853240847587585
2026-02-22 00:04:54,836 - INFO - Epoch [167/200] Train Loss: -0.5079, Train Acc: 91.07%, Val Loss: 0.3247, Val Acc: 88.70%
2026-02-22 00:05:17,931 - INFO - Epoch [168] Batch [0/14]                     Loss: -0.5001, Hard: 0.2307, Soft: -0.7309                     Acc: 90.00% LR: 0.000033                     Alpha: 0.5744425058364868                     Beta: -0.8481059074401855                     MemKD: 0.3484007716178894
2026-02-22 00:05:46,718 - INFO - Epoch [168/200] Train Loss: -0.4670, Train Acc: 92.86%, Val Loss: 0.3213, Val Acc: 88.70%
2026-02-22 00:06:09,579 - INFO - Epoch [169] Batch [0/14]                     Loss: -0.6851, Hard: 0.1299, Soft: -0.8150                     Acc: 95.00% LR: 0.000031                     Alpha: 0.5744425058364868                     Beta: -0.8486067056655884                     MemKD: 0.34827885031700134
2026-02-22 00:06:38,980 - INFO - Epoch [169/200] Train Loss: -0.5439, Train Acc: 92.86%, Val Loss: 0.3168, Val Acc: 88.96%
2026-02-22 00:06:38,980 - INFO - Best model saved with accuracy: 88.96%
2026-02-22 00:07:02,209 - INFO - Epoch [170] Batch [0/14]                     Loss: -0.2048, Hard: 0.4299, Soft: -0.6348                     Acc: 85.00% LR: 0.000029                     Alpha: 0.5744425058364868                     Beta: -0.8490857481956482                     MemKD: 0.34816133975982666
2026-02-22 00:07:29,876 - INFO - Epoch [170/200] Train Loss: -0.5194, Train Acc: 92.14%, Val Loss: 0.3218, Val Acc: 89.23%
2026-02-22 00:07:29,876 - INFO - Best model saved with accuracy: 89.23%
2026-02-22 00:07:29,939 - INFO - Checkpoint saved at epoch 170
2026-02-22 00:07:52,540 - INFO - Epoch [171] Batch [0/14]                     Loss: -0.7930, Hard: 0.0373, Soft: -0.8303                     Acc: 100.00% LR: 0.000027                     Alpha: 0.5744425058364868                     Beta: -0.8495309352874756                     MemKD: 0.3480525016784668
2026-02-22 00:08:22,171 - INFO - Epoch [171/200] Train Loss: -0.5761, Train Acc: 93.57%, Val Loss: 0.3201, Val Acc: 88.70%
2026-02-22 00:08:44,738 - INFO - Epoch [172] Batch [0/14]                     Loss: -0.4156, Hard: 0.2992, Soft: -0.7148                     Acc: 85.00% LR: 0.000025                     Alpha: 0.5744425058364868                     Beta: -0.8499553203582764                     MemKD: 0.3479481041431427
2026-02-22 00:09:12,864 - INFO - Epoch [172/200] Train Loss: -0.4742, Train Acc: 90.71%, Val Loss: 0.3162, Val Acc: 89.49%
2026-02-22 00:09:12,864 - INFO - Best model saved with accuracy: 89.49%
2026-02-22 00:09:35,995 - INFO - Epoch [173] Batch [0/14]                     Loss: -0.3990, Hard: 0.2789, Soft: -0.6779                     Acc: 90.00% LR: 0.000024                     Alpha: 0.5744425058364868                     Beta: -0.8503444194793701                     MemKD: 0.34785348176956177
2026-02-22 00:10:04,810 - INFO - Epoch [173/200] Train Loss: -0.4262, Train Acc: 91.43%, Val Loss: 0.3216, Val Acc: 88.83%
2026-02-22 00:10:27,015 - INFO - Epoch [174] Batch [0/14]                     Loss: -0.6843, Hard: 0.1267, Soft: -0.8109                     Acc: 95.00% LR: 0.000022                     Alpha: 0.5744425058364868                     Beta: -0.850703239440918                     MemKD: 0.34776660799980164
2026-02-22 00:10:55,513 - INFO - Epoch [174/200] Train Loss: -0.4927, Train Acc: 89.29%, Val Loss: 0.3167, Val Acc: 88.83%
2026-02-22 00:11:19,468 - INFO - Epoch [175] Batch [0/14]                     Loss: -0.5501, Hard: 0.2098, Soft: -0.7599                     Acc: 85.00% LR: 0.000021                     Alpha: 0.5744425058364868                     Beta: -0.8510362505912781                     MemKD: 0.3476862907409668
2026-02-22 00:11:46,818 - INFO - Epoch [175/200] Train Loss: -0.5495, Train Acc: 90.36%, Val Loss: 0.3116, Val Acc: 89.10%
2026-02-22 00:12:09,063 - INFO - Epoch [176] Batch [0/14]                     Loss: -0.4450, Hard: 0.3127, Soft: -0.7577                     Acc: 90.00% LR: 0.000019                     Alpha: 0.5744425058364868                     Beta: -0.851349413394928                     MemKD: 0.3476105034351349
2026-02-22 00:12:38,284 - INFO - Epoch [176/200] Train Loss: -0.5128, Train Acc: 90.71%, Val Loss: 0.3204, Val Acc: 88.30%
2026-02-22 00:13:02,063 - INFO - Epoch [177] Batch [0/14]                     Loss: -0.4074, Hard: 0.3197, Soft: -0.7270                     Acc: 85.00% LR: 0.000018                     Alpha: 0.5744425058364868                     Beta: -0.8516411185264587                     MemKD: 0.34753960371017456
2026-02-22 00:13:29,244 - INFO - Epoch [177/200] Train Loss: -0.4557, Train Acc: 90.00%, Val Loss: 0.3200, Val Acc: 89.10%
2026-02-22 00:13:50,594 - INFO - Epoch [178] Batch [0/14]                     Loss: -0.6240, Hard: 0.1405, Soft: -0.7645                     Acc: 90.00% LR: 0.000016                     Alpha: 0.5744425058364868                     Beta: -0.851908266544342                     MemKD: 0.34747493267059326
2026-02-22 00:14:18,950 - INFO - Epoch [178/200] Train Loss: -0.5407, Train Acc: 93.57%, Val Loss: 0.3279, Val Acc: 87.77%
2026-02-22 00:14:42,326 - INFO - Epoch [179] Batch [0/14]                     Loss: -0.4158, Hard: 0.2875, Soft: -0.7033                     Acc: 80.00% LR: 0.000015                     Alpha: 0.5744425058364868                     Beta: -0.852156400680542                     MemKD: 0.34741485118865967
2026-02-22 00:15:09,277 - INFO - Epoch [179/200] Train Loss: -0.5150, Train Acc: 91.79%, Val Loss: 0.3198, Val Acc: 88.43%
2026-02-22 00:15:32,718 - INFO - Epoch [180] Batch [0/14]                     Loss: -0.5277, Hard: 0.2045, Soft: -0.7322                     Acc: 95.00% LR: 0.000013                     Alpha: 0.5744425058364868                     Beta: -0.8523804545402527                     MemKD: 0.3473605811595917
2026-02-22 00:16:01,817 - INFO - Epoch [180/200] Train Loss: -0.5606, Train Acc: 93.93%, Val Loss: 0.3241, Val Acc: 89.23%
2026-02-22 00:16:01,866 - INFO - Checkpoint saved at epoch 180
2026-02-22 00:16:24,529 - INFO - Epoch [181] Batch [0/14]                     Loss: -0.3751, Hard: 0.3296, Soft: -0.7047                     Acc: 90.00% LR: 0.000012                     Alpha: 0.5744425058364868                     Beta: -0.8525843620300293                     MemKD: 0.34731122851371765
2026-02-22 00:16:51,987 - INFO - Epoch [181/200] Train Loss: -0.5455, Train Acc: 93.93%, Val Loss: 0.3352, Val Acc: 89.10%
2026-02-22 00:17:15,721 - INFO - Epoch [182] Batch [0/14]                     Loss: -0.5880, Hard: 0.1899, Soft: -0.7779                     Acc: 95.00% LR: 0.000011                     Alpha: 0.5744425058364868                     Beta: -0.8527706861495972                     MemKD: 0.34726595878601074
2026-02-22 00:17:43,869 - INFO - Epoch [182/200] Train Loss: -0.5002, Train Acc: 90.71%, Val Loss: 0.3262, Val Acc: 88.96%
2026-02-22 00:18:06,229 - INFO - Epoch [183] Batch [0/14]                     Loss: -0.4674, Hard: 0.2924, Soft: -0.7597                     Acc: 90.00% LR: 0.000010                     Alpha: 0.5744425058364868                     Beta: -0.8529390096664429                     MemKD: 0.34722524881362915
2026-02-22 00:18:34,398 - INFO - Epoch [183/200] Train Loss: -0.5543, Train Acc: 91.79%, Val Loss: 0.3228, Val Acc: 89.23%
2026-02-22 00:18:57,080 - INFO - Epoch [184] Batch [0/14]                     Loss: -0.2343, Hard: 0.4143, Soft: -0.6486                     Acc: 85.00% LR: 0.000009                     Alpha: 0.5744425058364868                     Beta: -0.8530892729759216                     MemKD: 0.3471890985965729
2026-02-22 00:19:26,163 - INFO - Epoch [184/200] Train Loss: -0.4827, Train Acc: 88.93%, Val Loss: 0.3130, Val Acc: 89.49%
2026-02-22 00:19:49,063 - INFO - Epoch [185] Batch [0/14]                     Loss: -0.3964, Hard: 0.2765, Soft: -0.6729                     Acc: 100.00% LR: 0.000008                     Alpha: 0.5744425058364868                     Beta: -0.8532227873802185                     MemKD: 0.3471570312976837
2026-02-22 00:20:16,080 - INFO - Epoch [185/200] Train Loss: -0.4846, Train Acc: 91.43%, Val Loss: 0.3196, Val Acc: 89.36%
2026-02-22 00:20:39,151 - INFO - Epoch [186] Batch [0/14]                     Loss: -0.2151, Hard: 0.4674, Soft: -0.6825                     Acc: 85.00% LR: 0.000007                     Alpha: 0.5744425058364868                     Beta: -0.8533414006233215                     MemKD: 0.34712842106819153
2026-02-22 00:21:07,539 - INFO - Epoch [186/200] Train Loss: -0.5017, Train Acc: 91.43%, Val Loss: 0.3099, Val Acc: 89.76%
2026-02-22 00:21:07,540 - INFO - Best model saved with accuracy: 89.76%
2026-02-22 00:21:30,651 - INFO - Epoch [187] Batch [0/14]                     Loss: -0.5692, Hard: 0.2018, Soft: -0.7710                     Acc: 90.00% LR: 0.000006                     Alpha: 0.5744425058364868                     Beta: -0.8534436225891113                     MemKD: 0.34710410237312317
2026-02-22 00:21:57,446 - INFO - Epoch [187/200] Train Loss: -0.5261, Train Acc: 92.50%, Val Loss: 0.3109, Val Acc: 89.63%
2026-02-22 00:22:20,759 - INFO - Epoch [188] Batch [0/14]                     Loss: -0.5949, Hard: 0.1972, Soft: -0.7921                     Acc: 95.00% LR: 0.000005                     Alpha: 0.5744425058364868                     Beta: -0.853534460067749                     MemKD: 0.34708231687545776
2026-02-22 00:22:50,158 - INFO - Epoch [188/200] Train Loss: -0.5657, Train Acc: 92.14%, Val Loss: 0.3106, Val Acc: 89.23%
2026-02-22 00:23:13,734 - INFO - Epoch [189] Batch [0/14]                     Loss: 0.0906, Hard: 0.6934, Soft: -0.6028                     Acc: 85.00% LR: 0.000004                     Alpha: 0.5744425058364868                     Beta: -0.8536131978034973                     MemKD: 0.34706345200538635
2026-02-22 00:23:41,642 - INFO - Epoch [189/200] Train Loss: -0.5427, Train Acc: 93.21%, Val Loss: 0.3159, Val Acc: 90.03%
2026-02-22 00:23:41,643 - INFO - Best model saved with accuracy: 90.03%
2026-02-22 00:24:04,753 - INFO - Epoch [190] Batch [0/14]                     Loss: -0.4320, Hard: 0.3112, Soft: -0.7432                     Acc: 95.00% LR: 0.000004                     Alpha: 0.5744425058364868                     Beta: -0.853680431842804                     MemKD: 0.3470473885536194
2026-02-22 00:24:33,839 - INFO - Epoch [190/200] Train Loss: -0.4482, Train Acc: 88.57%, Val Loss: 0.3155, Val Acc: 89.10%
2026-02-22 00:24:33,879 - INFO - Checkpoint saved at epoch 190
2026-02-22 00:24:56,178 - INFO - Epoch [191] Batch [0/14]                     Loss: -0.5751, Hard: 0.1868, Soft: -0.7619                     Acc: 95.00% LR: 0.000003                     Alpha: 0.5744425058364868                     Beta: -0.8537359237670898                     MemKD: 0.347034215927124
2026-02-22 00:25:23,971 - INFO - Epoch [191/200] Train Loss: -0.5140, Train Acc: 92.14%, Val Loss: 0.3180, Val Acc: 89.10%
2026-02-22 00:25:47,358 - INFO - Epoch [192] Batch [0/14]                     Loss: -0.4854, Hard: 0.2681, Soft: -0.7535                     Acc: 90.00% LR: 0.000002                     Alpha: 0.5744425058364868                     Beta: -0.853782057762146                     MemKD: 0.3470231890678406
2026-02-22 00:26:18,571 - INFO - Epoch [192/200] Train Loss: -0.5315, Train Acc: 92.50%, Val Loss: 0.3153, Val Acc: 89.49%
2026-02-22 00:26:40,974 - INFO - Epoch [193] Batch [0/14]                     Loss: -0.7316, Hard: 0.0762, Soft: -0.8078                     Acc: 100.00% LR: 0.000002                     Alpha: 0.5744425058364868                     Beta: -0.853819727897644                     MemKD: 0.3470141291618347
2026-02-22 00:27:09,544 - INFO - Epoch [193/200] Train Loss: -0.5745, Train Acc: 93.57%, Val Loss: 0.3137, Val Acc: 89.23%
2026-02-22 00:27:32,025 - INFO - Epoch [194] Batch [0/14]                     Loss: -0.1332, Hard: 0.5098, Soft: -0.6430                     Acc: 85.00% LR: 0.000002                     Alpha: 0.5744425058364868                     Beta: -0.8538497090339661                     MemKD: 0.3470069468021393
2026-02-22 00:27:59,496 - INFO - Epoch [194/200] Train Loss: -0.5260, Train Acc: 91.07%, Val Loss: 0.3095, Val Acc: 89.76%
2026-02-22 00:28:21,004 - INFO - Epoch [195] Batch [0/14]                     Loss: -0.5012, Hard: 0.2715, Soft: -0.7727                     Acc: 85.00% LR: 0.000001                     Alpha: 0.5744425058364868                     Beta: -0.8538722395896912                     MemKD: 0.3470016121864319
2026-02-22 00:28:49,165 - INFO - Epoch [195/200] Train Loss: -0.5490, Train Acc: 92.14%, Val Loss: 0.3140, Val Acc: 89.89%
2026-02-22 00:29:14,037 - INFO - Epoch [196] Batch [0/14]                     Loss: -0.7392, Hard: 0.0865, Soft: -0.8257                     Acc: 95.00% LR: 0.000001                     Alpha: 0.5744425058364868                     Beta: -0.8538889288902283                     MemKD: 0.3469976484775543
2026-02-22 00:29:49,255 - INFO - Epoch [196/200] Train Loss: -0.5732, Train Acc: 92.14%, Val Loss: 0.3230, Val Acc: 88.56%
2026-02-22 00:30:18,602 - INFO - Epoch [197] Batch [0/14]                     Loss: -0.5216, Hard: 0.2152, Soft: -0.7368                     Acc: 95.00% LR: 0.000000                     Alpha: 0.5744425058364868                     Beta: -0.8539006114006042                     MemKD: 0.3469948172569275
2026-02-22 00:30:54,124 - INFO - Epoch [197/200] Train Loss: -0.5450, Train Acc: 92.86%, Val Loss: 0.3145, Val Acc: 90.03%
2026-02-22 00:31:23,237 - INFO - Epoch [198] Batch [0/14]                     Loss: -0.5888, Hard: 0.1619, Soft: -0.7507                     Acc: 95.00% LR: 0.000000                     Alpha: 0.5744425058364868                     Beta: -0.853908121585846                     MemKD: 0.346993088722229
2026-02-22 00:31:57,277 - INFO - Epoch [198/200] Train Loss: -0.5041, Train Acc: 92.14%, Val Loss: 0.3143, Val Acc: 89.23%
2026-02-22 00:32:27,398 - INFO - Epoch [199] Batch [0/14]                     Loss: -0.6068, Hard: 0.1450, Soft: -0.7518                     Acc: 95.00% LR: 0.000000                     Alpha: 0.5744425058364868                     Beta: -0.8539122939109802                     MemKD: 0.3469921350479126
2026-02-22 00:33:02,907 - INFO - Epoch [199/200] Train Loss: -0.5989, Train Acc: 93.93%, Val Loss: 0.3136, Val Acc: 89.89%
2026-02-22 00:33:32,293 - INFO - Epoch [200] Batch [0/14]                     Loss: -0.5207, Hard: 0.2205, Soft: -0.7412                     Acc: 95.00% LR: 0.000000                     Alpha: 0.5744425058364868                     Beta: -0.8539139628410339                     MemKD: 0.34699177742004395
2026-02-22 00:34:05,933 - INFO - Epoch [200/200] Train Loss: -0.4950, Train Acc: 90.00%, Val Loss: 0.3238, Val Acc: 88.70%
2026-02-22 00:34:06,010 - INFO - Checkpoint saved at epoch 200
2026-02-22 00:34:06,011 - INFO - ==================================================
2026-02-22 00:34:06,011 - INFO - Training finished! Best accuracy: 90.03%
2026-02-22 00:34:06,011 - INFO - ==================================================
