2026-02-01 17:39:51,510 - INFO - ==================================================
2026-02-01 17:39:51,511 - INFO - Distillation Training Configuration
2026-02-01 17:39:51,511 - INFO - ==================================================
2026-02-01 17:39:51,511 - INFO - GPUs: [4, 5, 6, 7]
2026-02-01 17:39:51,511 - INFO - World size: 4
2026-02-01 17:39:51,511 - INFO - Dataset: /media/hdd1/chuxiaohui/AI4Ocean_UATR/ShipsEar_622
2026-02-01 17:39:51,511 - INFO - Data type: wav_s@wav_t
2026-02-01 17:39:51,511 - INFO - Batch size: 16
2026-02-01 17:39:51,511 - INFO - Epochs: 100
2026-02-01 17:39:51,511 - INFO - Learning rate: 0.001
2026-02-01 17:39:51,511 - INFO - Temperature: 2.0
2026-02-01 17:39:51,511 - INFO - Alpha: 0.3
2026-02-01 17:39:51,511 - INFO - Save dir: checkpoints/ShipsEar/dis_0201_3
2026-02-01 17:39:51,511 - INFO - ==================================================
2026-02-01 17:39:51,542 - INFO - Train dataset size: 2240
2026-02-01 17:39:51,542 - INFO - Validation dataset size: 749
2026-02-01 17:39:52,548 - INFO - Student params: 316,299 (0.32M)
2026-02-01 17:39:52,548 - INFO - Teacher params: 164,415,877 (164.42M)
2026-02-01 17:39:52,548 - INFO - Trainable params: 271,372 (0.27M)
2026-02-01 17:39:53,046 - INFO - Start training...
2026-02-01 17:40:16,162 - INFO - Epoch [1] Batch [0/35]                     Loss: 1.5494, Hard: 1.7175, Soft: 1.3813                     Acc: 18.75% LR: 0.001000                     Alpha: 0.5                     Beta: 0.5                     MemKD: 0.622459352016449
2026-02-01 17:40:19,208 - INFO - Epoch [1] Batch [20/35]                     Loss: 1.3368, Hard: 1.5076, Soft: 1.1692                     Acc: 36.90% LR: 0.001000                     Alpha: 0.504654049873352                     Beta: 0.5197782516479492                     MemKD: 0.6270974278450012
2026-02-01 17:40:46,772 - INFO - Epoch [1/100] Train Loss: 1.2913, Train Acc: 40.71%, Val Loss: 1.4699, Val Acc: 44.15%
2026-02-01 17:40:46,772 - INFO - Best model saved with accuracy: 44.15%
2026-02-01 17:41:08,807 - INFO - Epoch [2] Batch [0/35]                     Loss: 1.0618, Hard: 1.1396, Soft: 0.9864                     Acc: 50.00% LR: 0.001000                     Alpha: 0.5080956816673279                     Beta: 0.5342938303947449                     MemKD: 0.6304696202278137
2026-02-01 17:41:11,955 - INFO - Epoch [2] Batch [20/35]                     Loss: 1.2129, Hard: 1.4430, Soft: 0.9943                     Acc: 43.45% LR: 0.001000                     Alpha: 0.512786865234375                     Beta: 0.5532493591308594                     MemKD: 0.6348046064376831
2026-02-01 17:41:39,923 - INFO - Epoch [2/100] Train Loss: 1.1309, Train Acc: 44.11%, Val Loss: 1.2366, Val Acc: 44.28%
2026-02-01 17:41:39,924 - INFO - Best model saved with accuracy: 44.28%
2026-02-01 17:42:02,778 - INFO - Epoch [3] Batch [0/35]                     Loss: 0.9929, Hard: 1.1054, Soft: 0.8876                     Acc: 50.00% LR: 0.000999                     Alpha: 0.516672670841217                     Beta: 0.567526638507843                     MemKD: 0.6380090713500977
2026-02-01 17:42:06,463 - INFO - Epoch [3] Batch [20/35]                     Loss: 1.0244, Hard: 1.2103, Soft: 0.8543                     Acc: 43.75% LR: 0.000999                     Alpha: 0.5222774744033813                     Beta: 0.5867622494697571                     MemKD: 0.6422457695007324
2026-02-01 17:42:35,280 - INFO - Epoch [3/100] Train Loss: 1.0814, Train Acc: 45.89%, Val Loss: 1.1732, Val Acc: 47.61%
2026-02-01 17:42:35,280 - INFO - Best model saved with accuracy: 47.61%
2026-02-01 17:42:58,371 - INFO - Epoch [4] Batch [0/35]                     Loss: 1.0090, Hard: 1.2178, Soft: 0.8213                     Acc: 43.75% LR: 0.000998                     Alpha: 0.5264195799827576                     Beta: 0.6008357405662537                     MemKD: 0.6452878713607788
2026-02-01 17:43:02,167 - INFO - Epoch [4] Batch [20/35]                     Loss: 1.0171, Hard: 1.2709, Soft: 0.7936                     Acc: 47.32% LR: 0.000998                     Alpha: 0.531838059425354                     Beta: 0.6193509101867676                     MemKD: 0.6492018103599548
2026-02-01 17:43:30,507 - INFO - Epoch [4/100] Train Loss: 0.9987, Train Acc: 49.29%, Val Loss: 1.1716, Val Acc: 50.00%
2026-02-01 17:43:30,508 - INFO - Best model saved with accuracy: 50.00%
2026-02-01 17:43:52,636 - INFO - Epoch [5] Batch [0/35]                     Loss: 0.9221, Hard: 1.1505, Soft: 0.7246                     Acc: 62.50% LR: 0.000996                     Alpha: 0.5363539457321167                     Beta: 0.6334561109542847                     MemKD: 0.6521175503730774
2026-02-01 17:43:56,282 - INFO - Epoch [5] Batch [20/35]                     Loss: 0.9098, Hard: 1.1731, Soft: 0.6878                     Acc: 50.89% LR: 0.000996                     Alpha: 0.5425013303756714                     Beta: 0.6525088548660278                     MemKD: 0.6559605002403259
2026-02-01 17:44:24,753 - INFO - Epoch [5/100] Train Loss: 0.9129, Train Acc: 53.39%, Val Loss: 1.0487, Val Acc: 57.05%
2026-02-01 17:44:24,753 - INFO - Best model saved with accuracy: 57.05%
2026-02-01 17:44:47,827 - INFO - Epoch [6] Batch [0/35]                     Loss: 1.0167, Hard: 1.3735, Soft: 0.7207                     Acc: 50.00% LR: 0.000994                     Alpha: 0.5465907454490662                     Beta: 0.6660696268081665                     MemKD: 0.658642590045929
2026-02-01 17:44:51,503 - INFO - Epoch [6] Batch [20/35]                     Loss: 1.0925, Hard: 1.5470, Soft: 0.7239                     Acc: 54.46% LR: 0.000994                     Alpha: 0.5521774291992188                     Beta: 0.6841793060302734                     MemKD: 0.6621285080909729
2026-02-01 17:45:18,892 - INFO - Epoch [6/100] Train Loss: 0.8567, Train Acc: 53.93%, Val Loss: 0.9740, Val Acc: 58.91%
2026-02-01 17:45:18,893 - INFO - Best model saved with accuracy: 58.91%
2026-02-01 17:45:41,372 - INFO - Epoch [7] Batch [0/35]                     Loss: 0.7933, Hard: 1.0818, Soft: 0.5633                     Acc: 56.25% LR: 0.000991                     Alpha: 0.5564773678779602                     Beta: 0.6977092027664185                     MemKD: 0.6646724939346313
2026-02-01 17:45:45,123 - INFO - Epoch [7] Batch [20/35]                     Loss: 0.8018, Hard: 1.1227, Soft: 0.5520                     Acc: 56.25% LR: 0.000991                     Alpha: 0.5623192191123962                     Beta: 0.7156072854995728                     MemKD: 0.6679490804672241
2026-02-01 17:46:14,018 - INFO - Epoch [7/100] Train Loss: 0.8189, Train Acc: 55.36%, Val Loss: 1.0225, Val Acc: 60.37%
2026-02-01 17:46:14,018 - INFO - Best model saved with accuracy: 60.37%
2026-02-01 17:46:37,181 - INFO - Epoch [8] Batch [0/35]                     Loss: 0.5628, Hard: 0.6991, Soft: 0.4587                     Acc: 75.00% LR: 0.000988                     Alpha: 0.5669069290161133                     Beta: 0.72931307554245                     MemKD: 0.6703691482543945
2026-02-01 17:46:41,040 - INFO - Epoch [8] Batch [20/35]                     Loss: 0.7179, Hard: 1.0217, Soft: 0.4913                     Acc: 57.44% LR: 0.000988                     Alpha: 0.5728225111961365                     Beta: 0.7472190260887146                     MemKD: 0.6734448075294495
2026-02-01 17:47:09,163 - INFO - Epoch [8/100] Train Loss: 0.7656, Train Acc: 56.96%, Val Loss: 1.0381, Val Acc: 57.58%
2026-02-01 17:47:31,044 - INFO - Epoch [9] Batch [0/35]                     Loss: 0.5551, Hard: 0.7550, Soft: 0.4088                     Acc: 68.75% LR: 0.000984                     Alpha: 0.5772638916969299                     Beta: 0.7606499791145325                     MemKD: 0.675673246383667
2026-02-01 17:47:34,651 - INFO - Epoch [9] Batch [20/35]                     Loss: 0.8427, Hard: 1.3434, Soft: 0.4848                     Acc: 53.87% LR: 0.000984                     Alpha: 0.5831726789474487                     Beta: 0.7786008715629578                     MemKD: 0.6785495281219482
2026-02-01 17:48:03,592 - INFO - Epoch [9/100] Train Loss: 0.7166, Train Acc: 55.89%, Val Loss: 0.9722, Val Acc: 62.23%
2026-02-01 17:48:03,592 - INFO - Best model saved with accuracy: 62.23%
2026-02-01 17:48:26,550 - INFO - Epoch [10] Batch [0/35]                     Loss: 0.6706, Hard: 1.0353, Soft: 0.4146                     Acc: 68.75% LR: 0.000980                     Alpha: 0.587613582611084                     Beta: 0.7920178174972534                     MemKD: 0.6806212067604065
2026-02-01 17:48:30,281 - INFO - Epoch [10] Batch [20/35]                     Loss: 0.7135, Hard: 1.1488, Soft: 0.4151                     Acc: 53.87% LR: 0.000980                     Alpha: 0.5932402014732361                     Beta: 0.8095013499259949                     MemKD: 0.6832236647605896
2026-02-01 17:48:58,648 - INFO - Epoch [10/100] Train Loss: 0.6521, Train Acc: 55.89%, Val Loss: 0.9879, Val Acc: 60.11%
2026-02-01 17:48:58,715 - INFO - Checkpoint saved at epoch 10
2026-02-01 17:49:22,049 - INFO - Epoch [11] Batch [0/35]                     Loss: 0.4017, Hard: 0.5608, Soft: 0.2946                     Acc: 87.50% LR: 0.000976                     Alpha: 0.5976238250732422                     Beta: 0.8229215145111084                     MemKD: 0.6851352453231812
2026-02-01 17:49:25,934 - INFO - Epoch [11] Batch [20/35]                     Loss: 0.7060, Hard: 1.2338, Soft: 0.3589                     Acc: 57.44% LR: 0.000976                     Alpha: 0.6031918525695801                     Beta: 0.8403705358505249                     MemKD: 0.6875053644180298
2026-02-01 17:49:54,826 - INFO - Epoch [11/100] Train Loss: 0.6318, Train Acc: 57.14%, Val Loss: 0.9074, Val Acc: 61.84%
2026-02-01 17:50:18,069 - INFO - Epoch [12] Batch [0/35]                     Loss: 0.4046, Hard: 0.6025, Soft: 0.2768                     Acc: 81.25% LR: 0.000970                     Alpha: 0.6075220704078674                     Beta: 0.8537192940711975                     MemKD: 0.6892313361167908
2026-02-01 17:50:21,876 - INFO - Epoch [12] Batch [20/35]                     Loss: 0.7799, Hard: 1.4872, Soft: 0.3328                     Acc: 61.90% LR: 0.000970                     Alpha: 0.6127065420150757                     Beta: 0.8706189393997192                     MemKD: 0.6913295984268188
2026-02-01 17:50:50,038 - INFO - Epoch [12/100] Train Loss: 0.5430, Train Acc: 63.75%, Val Loss: 0.9183, Val Acc: 59.71%
2026-02-01 17:51:12,939 - INFO - Epoch [13] Batch [0/35]                     Loss: 0.7648, Hard: 1.4815, Soft: 0.3194                     Acc: 31.25% LR: 0.000965                     Alpha: 0.616712212562561                     Beta: 0.8833290338516235                     MemKD: 0.6928120851516724
2026-02-01 17:51:16,659 - INFO - Epoch [13] Batch [20/35]                     Loss: 0.5994, Hard: 1.1296, Soft: 0.2781                     Acc: 51.49% LR: 0.000965                     Alpha: 0.6226469278335571                     Beta: 0.9012019634246826                     MemKD: 0.694750189781189
2026-02-01 17:51:44,850 - INFO - Epoch [13/100] Train Loss: 0.5681, Train Acc: 56.43%, Val Loss: 0.9680, Val Acc: 58.51%
2026-02-01 17:52:08,142 - INFO - Epoch [14] Batch [0/35]                     Loss: 0.4915, Hard: 0.9287, Soft: 0.2313                     Acc: 56.25% LR: 0.000959                     Alpha: 0.6269360780715942                     Beta: 0.9146221876144409                     MemKD: 0.6961103081703186
2026-02-01 17:52:11,776 - INFO - Epoch [14] Batch [20/35]                     Loss: 0.3662, Hard: 0.6718, Soft: 0.1886                     Acc: 56.55% LR: 0.000959                     Alpha: 0.6324055790901184                     Beta: 0.9321029782295227                     MemKD: 0.6977458000183105
2026-02-01 17:52:40,437 - INFO - Epoch [14/100] Train Loss: 0.5070, Train Acc: 58.39%, Val Loss: 0.9402, Val Acc: 59.84%
2026-02-01 17:53:03,996 - INFO - Epoch [15] Batch [0/35]                     Loss: 0.4385, Hard: 0.8727, Soft: 0.1905                     Acc: 68.75% LR: 0.000952                     Alpha: 0.6364519000053406                     Beta: 0.9452100396156311                     MemKD: 0.6988748908042908
2026-02-01 17:53:07,587 - INFO - Epoch [15] Batch [20/35]                     Loss: 0.4863, Hard: 1.0119, Soft: 0.1929                     Acc: 62.80% LR: 0.000952                     Alpha: 0.6416715383529663                     Beta: 0.9626437425613403                     MemKD: 0.7002381682395935
2026-02-01 17:53:36,885 - INFO - Epoch [15/100] Train Loss: 0.4660, Train Acc: 61.61%, Val Loss: 0.9109, Val Acc: 64.36%
2026-02-01 17:53:36,885 - INFO - Best model saved with accuracy: 64.36%
2026-02-01 17:54:00,432 - INFO - Epoch [16] Batch [0/35]                     Loss: 0.3971, Hard: 0.8488, Soft: 0.1492                     Acc: 68.75% LR: 0.000946                     Alpha: 0.6456261873245239                     Beta: 0.9757556915283203                     MemKD: 0.7011420726776123
2026-02-01 17:54:04,126 - INFO - Epoch [16] Batch [20/35]                     Loss: 0.4559, Hard: 1.0309, Soft: 0.1471                     Acc: 63.39% LR: 0.000946                     Alpha: 0.6505628824234009                     Beta: 0.9927035570144653                     MemKD: 0.7021849751472473
2026-02-01 17:54:33,094 - INFO - Epoch [16/100] Train Loss: 0.4266, Train Acc: 61.96%, Val Loss: 0.8867, Val Acc: 63.43%
2026-02-01 17:54:55,923 - INFO - Epoch [17] Batch [0/35]                     Loss: 0.4249, Hard: 1.0031, Soft: 0.1197                     Acc: 50.00% LR: 0.000938                     Alpha: 0.6544674038887024                     Beta: 1.005957007408142                     MemKD: 0.7028669118881226
2026-02-01 17:54:59,613 - INFO - Epoch [17] Batch [20/35]                     Loss: 0.4120, Hard: 1.0206, Soft: 0.0981                     Acc: 60.42% LR: 0.000938                     Alpha: 0.6597145199775696                     Beta: 1.023819088935852                     MemKD: 0.7035951614379883
2026-02-01 17:55:27,898 - INFO - Epoch [17/100] Train Loss: 0.4080, Train Acc: 59.46%, Val Loss: 1.0245, Val Acc: 58.91%
2026-02-01 17:55:51,002 - INFO - Epoch [18] Batch [0/35]                     Loss: 0.5486, Hard: 1.4487, Soft: 0.0921                     Acc: 43.75% LR: 0.000930                     Alpha: 0.6635007262229919                     Beta: 1.036977767944336                     MemKD: 0.7040225863456726
2026-02-01 17:55:54,716 - INFO - Epoch [18] Batch [20/35]                     Loss: 0.4512, Hard: 1.2410, Soft: 0.0602                     Acc: 59.52% LR: 0.000930                     Alpha: 0.6688546538352966                     Beta: 1.0551731586456299                     MemKD: 0.7043959498405457
2026-02-01 17:56:24,227 - INFO - Epoch [18/100] Train Loss: 0.3663, Train Acc: 62.14%, Val Loss: 1.0002, Val Acc: 59.57%
2026-02-01 17:56:47,445 - INFO - Epoch [19] Batch [0/35]                     Loss: 0.2853, Hard: 0.7441, Soft: 0.0619                     Acc: 68.75% LR: 0.000922                     Alpha: 0.672527551651001                     Beta: 1.068359375                     MemKD: 0.7045488357543945
2026-02-01 17:56:51,118 - INFO - Epoch [19] Batch [20/35]                     Loss: 0.3331, Hard: 0.9759, Soft: 0.0261                     Acc: 68.15% LR: 0.000922                     Alpha: 0.6767756938934326                     Beta: 1.0848506689071655                     MemKD: 0.704589307308197
2026-02-01 17:57:19,961 - INFO - Epoch [19/100] Train Loss: 0.3034, Train Acc: 65.36%, Val Loss: 0.9090, Val Acc: 63.03%
2026-02-01 17:57:42,675 - INFO - Epoch [20] Batch [0/35]                     Loss: 0.2521, Hard: 0.7437, Soft: 0.0210                     Acc: 68.75% LR: 0.000914                     Alpha: 0.6802083253860474                     Beta: 1.0977368354797363                     MemKD: 0.704472541809082
2026-02-01 17:57:46,523 - INFO - Epoch [20] Batch [20/35]                     Loss: 0.3421, Hard: 1.0905, Soft: -0.0026                     Acc: 63.10% LR: 0.000914                     Alpha: 0.6846747994422913                     Beta: 1.1150305271148682                     MemKD: 0.704106330871582
2026-02-01 17:58:15,471 - INFO - Epoch [20/100] Train Loss: 0.2903, Train Acc: 63.21%, Val Loss: 0.8095, Val Acc: 67.69%
2026-02-01 17:58:15,471 - INFO - Best model saved with accuracy: 67.69%
2026-02-01 17:58:15,534 - INFO - Checkpoint saved at epoch 20
2026-02-01 17:58:38,226 - INFO - Epoch [21] Batch [0/35]                     Loss: 0.2270, Hard: 0.7692, Soft: -0.0184                     Acc: 75.00% LR: 0.000905                     Alpha: 0.6883833408355713                     Beta: 1.128687858581543                     MemKD: 0.7036427855491638
2026-02-01 17:58:41,998 - INFO - Epoch [21] Batch [20/35]                     Loss: 0.2142, Hard: 0.7766, Soft: -0.0349                     Acc: 63.69% LR: 0.000905                     Alpha: 0.693005383014679                     Beta: 1.1465420722961426                     MemKD: 0.7028154134750366
2026-02-01 17:59:09,862 - INFO - Epoch [21/100] Train Loss: 0.2483, Train Acc: 64.46%, Val Loss: 0.8233, Val Acc: 68.09%
2026-02-01 17:59:09,862 - INFO - Best model saved with accuracy: 68.09%
2026-02-01 17:59:32,826 - INFO - Epoch [22] Batch [0/35]                     Loss: 0.2875, Hard: 1.1364, Soft: -0.0827                     Acc: 43.75% LR: 0.000895                     Alpha: 0.6963422298431396                     Beta: 1.1598210334777832                     MemKD: 0.702026903629303
2026-02-01 17:59:36,634 - INFO - Epoch [22] Batch [20/35]                     Loss: 0.2231, Hard: 0.9283, Soft: -0.0781                     Acc: 63.69% LR: 0.000895                     Alpha: 0.7006705403327942                     Beta: 1.177478313446045                     MemKD: 0.7007453441619873
2026-02-01 18:00:05,212 - INFO - Epoch [22/100] Train Loss: 0.2150, Train Acc: 64.46%, Val Loss: 0.8774, Val Acc: 62.10%
2026-02-01 18:00:28,093 - INFO - Epoch [23] Batch [0/35]                     Loss: 0.1655, Hard: 0.7869, Soft: -0.0958                     Acc: 75.00% LR: 0.000885                     Alpha: 0.704049825668335                     Beta: 1.1911935806274414                     MemKD: 0.6995514035224915
2026-02-01 18:00:31,729 - INFO - Epoch [23] Batch [20/35]                     Loss: 0.1980, Hard: 0.9928, Soft: -0.1290                     Acc: 68.45% LR: 0.000885                     Alpha: 0.7084722518920898                     Beta: 1.2097233533859253                     MemKD: 0.6976553797721863
2026-02-01 18:01:00,588 - INFO - Epoch [23/100] Train Loss: 0.1676, Train Acc: 66.96%, Val Loss: 0.8185, Val Acc: 67.42%
2026-02-01 18:01:23,840 - INFO - Epoch [24] Batch [0/35]                     Loss: 0.1439, Hard: 0.8711, Soft: -0.1507                     Acc: 56.25% LR: 0.000875                     Alpha: 0.7116917371749878                     Beta: 1.2236056327819824                     MemKD: 0.6960209012031555
2026-02-01 18:01:27,762 - INFO - Epoch [24] Batch [20/35]                     Loss: 0.0608, Hard: 0.5385, Soft: -0.1286                     Acc: 63.99% LR: 0.000875                     Alpha: 0.716044008731842                     Beta: 1.2425888776779175                     MemKD: 0.6934729814529419
2026-02-01 18:01:57,682 - INFO - Epoch [24/100] Train Loss: 0.1300, Train Acc: 65.71%, Val Loss: 0.7575, Val Acc: 74.73%
2026-02-01 18:01:57,682 - INFO - Best model saved with accuracy: 74.73%
2026-02-01 18:02:20,750 - INFO - Epoch [25] Batch [0/35]                     Loss: 0.1483, Hard: 1.1007, Soft: -0.2234                     Acc: 50.00% LR: 0.000864                     Alpha: 0.7192783355712891                     Beta: 1.257089614868164                     MemKD: 0.6913008093833923
2026-02-01 18:02:24,441 - INFO - Epoch [25] Batch [20/35]                     Loss: 0.0180, Hard: 0.6474, Soft: -0.2224                     Acc: 69.64% LR: 0.000864                     Alpha: 0.723594069480896                     Beta: 1.276651382446289                     MemKD: 0.6880595684051514
2026-02-01 18:02:52,655 - INFO - Epoch [25/100] Train Loss: 0.0850, Train Acc: 67.14%, Val Loss: 0.7832, Val Acc: 74.60%
2026-02-01 18:03:15,901 - INFO - Epoch [26] Batch [0/35]                     Loss: 0.0434, Hard: 0.7910, Soft: -0.2374                     Acc: 81.25% LR: 0.000854                     Alpha: 0.7269083261489868                     Beta: 1.291866660118103                     MemKD: 0.6852781772613525
2026-02-01 18:03:19,602 - INFO - Epoch [26] Batch [20/35]                     Loss: 0.0405, Hard: 1.0165, Soft: -0.3184                     Acc: 71.73% LR: 0.000854                     Alpha: 0.7311484217643738                     Beta: 1.3119317293167114                     MemKD: 0.6812511682510376
2026-02-01 18:03:48,726 - INFO - Epoch [26/100] Train Loss: 0.0218, Train Acc: 71.79%, Val Loss: 0.8447, Val Acc: 75.40%
2026-02-01 18:03:48,726 - INFO - Best model saved with accuracy: 75.40%
2026-02-01 18:04:10,975 - INFO - Epoch [27] Batch [0/35]                     Loss: -0.0230, Hard: 0.7970, Soft: -0.3195                     Acc: 81.25% LR: 0.000842                     Alpha: 0.7344115972518921                     Beta: 1.3275192975997925                     MemKD: 0.6778527498245239
2026-02-01 18:04:14,868 - INFO - Epoch [27] Batch [20/35]                     Loss: -0.0691, Hard: 0.8030, Soft: -0.3775                     Acc: 69.94% LR: 0.000842                     Alpha: 0.7387628555297852                     Beta: 1.3485952615737915                     MemKD: 0.6729210019111633
2026-02-01 18:04:43,217 - INFO - Epoch [27/100] Train Loss: -0.0325, Train Acc: 68.57%, Val Loss: 0.9874, Val Acc: 70.08%
2026-02-01 18:05:05,668 - INFO - Epoch [28] Batch [0/35]                     Loss: -0.0537, Hard: 1.0993, Soft: -0.4542                     Acc: 68.75% LR: 0.000831                     Alpha: 0.7422150373458862                     Beta: 1.3652580976486206                     MemKD: 0.6687785983085632
2026-02-01 18:05:09,431 - INFO - Epoch [28] Batch [20/35]                     Loss: -0.1198, Hard: 1.0565, Soft: -0.5185                     Acc: 69.94% LR: 0.000831                     Alpha: 0.7468541860580444                     Beta: 1.3878639936447144                     MemKD: 0.6628219485282898
2026-02-01 18:05:38,397 - INFO - Epoch [28/100] Train Loss: -0.1062, Train Acc: 70.18%, Val Loss: 1.0942, Val Acc: 75.13%
2026-02-01 18:06:01,837 - INFO - Epoch [29] Batch [0/35]                     Loss: -0.1587, Hard: 1.0760, Soft: -0.5693                     Acc: 87.50% LR: 0.000819                     Alpha: 0.750454306602478                     Beta: 1.4055379629135132                     MemKD: 0.6579190492630005
2026-02-01 18:06:05,440 - INFO - Epoch [29] Batch [20/35]                     Loss: -0.2075, Hard: 1.3077, Soft: -0.6982                     Acc: 75.60% LR: 0.000819                     Alpha: 0.7553884387016296                     Beta: 1.4298338890075684                     MemKD: 0.6508768796920776
2026-02-01 18:06:33,154 - INFO - Epoch [29/100] Train Loss: -0.1975, Train Acc: 70.18%, Val Loss: 1.4117, Val Acc: 73.54%
2026-02-01 18:06:55,852 - INFO - Epoch [30] Batch [0/35]                     Loss: -0.2482, Hard: 1.5050, Soft: -0.8039                     Acc: 31.25% LR: 0.000806                     Alpha: 0.7593019604682922                     Beta: 1.4490326642990112                     MemKD: 0.6450971961021423
2026-02-01 18:06:59,556 - INFO - Epoch [30] Batch [20/35]                     Loss: -0.3211, Hard: 1.6593, Soft: -0.9299                     Acc: 29.76% LR: 0.000806                     Alpha: 0.7648516893386841                     Beta: 1.4761031866073608                     MemKD: 0.6367374062538147
2026-02-01 18:07:27,229 - INFO - Epoch [30/100] Train Loss: -0.3187, Train Acc: 20.89%, Val Loss: 2.3266, Val Acc: 1.86%
2026-02-01 18:07:27,285 - INFO - Checkpoint saved at epoch 30
2026-02-01 18:07:50,317 - INFO - Epoch [31] Batch [0/35]                     Loss: -0.4309, Hard: 2.3836, Soft: -1.2746                     Acc: 12.50% LR: 0.000794                     Alpha: 0.7693694829940796                     Beta: 1.497962236404419                     MemKD: 0.6298744082450867
2026-02-01 18:07:54,007 - INFO - Epoch [31] Batch [20/35]                     Loss: -0.6193, Hard: 3.7262, Soft: -1.8691                     Acc: 3.87% LR: 0.000794                     Alpha: 0.7766274213790894                     Beta: 1.5319255590438843                     MemKD: 0.6191311478614807
2026-02-01 18:08:23,290 - INFO - Epoch [31/100] Train Loss: -0.6272, Train Acc: 2.86%, Val Loss: 5.8048, Val Acc: 0.40%
2026-02-01 18:08:45,944 - INFO - Epoch [32] Batch [0/35]                     Loss: -0.9928, Hard: 5.5944, Soft: -2.8120                     Acc: 0.00% LR: 0.000781                     Alpha: 0.7835928797721863                     Beta: 1.5645045042037964                     MemKD: 0.6090566515922546
2026-02-01 18:08:49,549 - INFO - Epoch [32] Batch [20/35]                     Loss: -1.9603, Hard: 9.0527, Soft: -4.8240                     Acc: 0.60% LR: 0.000781                     Alpha: 0.7936285734176636                     Beta: 1.6152163743972778                     MemKD: 0.5940398573875427
2026-02-01 18:09:17,058 - INFO - Epoch [32/100] Train Loss: -1.7460, Train Acc: 2.14%, Val Loss: 10.2856, Val Acc: 3.32%
2026-02-01 18:09:39,877 - INFO - Epoch [33] Batch [0/35]                     Loss: -3.2695, Hard: 12.6554, Soft: -7.2143                     Acc: 6.25% LR: 0.000768                     Alpha: 0.8014699220657349                     Beta: 1.658708930015564                     MemKD: 0.5817403793334961
2026-02-01 18:09:43,626 - INFO - Epoch [33] Batch [20/35]                     Loss: -5.3801, Hard: 17.1528, Soft: -10.6209                     Acc: 3.57% LR: 0.000768                     Alpha: 0.8113025426864624                     Beta: 1.7179068326950073                     MemKD: 0.5654500722885132
2026-02-01 18:10:12,411 - INFO - Epoch [33/100] Train Loss: -4.6322, Train Acc: 3.75%, Val Loss: 18.4302, Val Acc: 7.31%
2026-02-01 18:10:35,268 - INFO - Epoch [34] Batch [0/35]                     Loss: -8.0975, Hard: 21.8510, Soft: -14.7407                     Acc: 0.00% LR: 0.000755                     Alpha: 0.8184521198272705                     Beta: 1.7640560865402222                     MemKD: 0.5529761910438538
2026-02-01 18:10:38,919 - INFO - Epoch [34] Batch [20/35]                     Loss: -8.4083, Hard: 18.5576, Soft: -14.0285                     Acc: 2.38% LR: 0.000755                     Alpha: 0.827527642250061                     Beta: 1.826367974281311                     MemKD: 0.5363495945930481
2026-02-01 18:11:07,338 - INFO - Epoch [34/100] Train Loss: -10.0886, Train Acc: 2.86%, Val Loss: 25.6682, Val Acc: 9.57%
2026-02-01 18:11:29,455 - INFO - Epoch [35] Batch [0/35]                     Loss: -14.2715, Hard: 27.9391, Soft: -22.6981                     Acc: 0.00% LR: 0.000741                     Alpha: 0.8335882425308228                     Beta: 1.870281457901001                     MemKD: 0.524673581123352
2026-02-01 18:11:33,100 - INFO - Epoch [35] Batch [20/35]                     Loss: -16.1026, Hard: 27.1252, Soft: -24.2752                     Acc: 3.87% LR: 0.000741                     Alpha: 0.8410025835037231                     Beta: 1.9264726638793945                     MemKD: 0.5097486972808838
2026-02-01 18:12:02,152 - INFO - Epoch [35/100] Train Loss: -17.3945, Train Acc: 5.18%, Val Loss: 34.6335, Val Acc: 1.46%
2026-02-01 18:12:24,911 - INFO - Epoch [36] Batch [0/35]                     Loss: -21.3300, Hard: 32.4836, Soft: -31.1189                     Acc: 0.00% LR: 0.000727                     Alpha: 0.8460919260978699                     Beta: 1.9666314125061035                     MemKD: 0.4990985095500946
2026-02-01 18:12:28,612 - INFO - Epoch [36] Batch [20/35]                     Loss: -27.2684, Hard: 36.9780, Soft: -38.3937                     Acc: 6.85% LR: 0.000727                     Alpha: 0.8523945808410645                     Beta: 2.0182406902313232                     MemKD: 0.4854533076286316
2026-02-01 18:12:56,143 - INFO - Epoch [36/100] Train Loss: -27.3604, Train Acc: 7.50%, Val Loss: 42.3672, Val Acc: 5.45%
2026-02-01 18:13:18,726 - INFO - Epoch [37] Batch [0/35]                     Loss: -36.9887, Hard: 46.2090, Soft: -50.8833                     Acc: 6.25% LR: 0.000713                     Alpha: 0.8568930625915527                     Beta: 2.0563693046569824                     MemKD: 0.47541874647140503
2026-02-01 18:13:22,496 - INFO - Epoch [37] Batch [20/35]                     Loss: -39.7006, Hard: 45.1509, Soft: -53.2234                     Acc: 5.95% LR: 0.000713                     Alpha: 0.8625375628471375                     Beta: 2.1058146953582764                     MemKD: 0.4624805450439453
2026-02-01 18:13:51,612 - INFO - Epoch [37/100] Train Loss: -40.9440, Train Acc: 5.71%, Val Loss: 47.2581, Val Acc: 5.59%
2026-02-01 18:14:14,179 - INFO - Epoch [38] Batch [0/35]                     Loss: -47.5419, Hard: 50.7215, Soft: -62.6794                     Acc: 12.50% LR: 0.000699                     Alpha: 0.8665129542350769                     Beta: 2.1417806148529053                     MemKD: 0.45312780141830444
2026-02-01 18:14:17,867 - INFO - Epoch [38] Batch [20/35]                     Loss: -55.3279, Hard: 54.4473, Soft: -71.5505                     Acc: 5.36% LR: 0.000699                     Alpha: 0.8712472319602966                     Beta: 2.1859731674194336                     MemKD: 0.44170376658439636
2026-02-01 18:14:46,928 - INFO - Epoch [38/100] Train Loss: -52.2945, Train Acc: 6.25%, Val Loss: 54.9467, Val Acc: 9.71%
2026-02-01 18:15:09,775 - INFO - Epoch [39] Batch [0/35]                     Loss: -53.1037, Hard: 49.5306, Soft: -67.8205                     Acc: 18.75% LR: 0.000684                     Alpha: 0.874591052532196                     Beta: 2.2181344032287598                     MemKD: 0.43344438076019287
2026-02-01 18:15:13,482 - INFO - Epoch [39] Batch [20/35]                     Loss: -67.6138, Hard: 58.9202, Soft: -85.0809                     Acc: 6.55% LR: 0.000684                     Alpha: 0.8787020444869995                     Beta: 2.25882887840271                     MemKD: 0.4230688810348511
2026-02-01 18:15:40,696 - INFO - Epoch [39/100] Train Loss: -66.2458, Train Acc: 5.36%, Val Loss: 62.0229, Val Acc: 1.86%
2026-02-01 18:16:03,512 - INFO - Epoch [40] Batch [0/35]                     Loss: -71.9977, Hard: 59.7998, Soft: -89.6875                     Acc: 18.75% LR: 0.000669                     Alpha: 0.8816637992858887                     Beta: 2.288965940475464                     MemKD: 0.4154454469680786
2026-02-01 18:16:07,287 - INFO - Epoch [40] Batch [20/35]                     Loss: -75.1916, Hard: 59.0878, Soft: -92.5805                     Acc: 5.36% LR: 0.000669                     Alpha: 0.8853492736816406                     Beta: 2.3274734020233154                     MemKD: 0.40578871965408325
2026-02-01 18:16:35,491 - INFO - Epoch [40/100] Train Loss: -83.1301, Train Acc: 5.89%, Val Loss: 69.7820, Val Acc: 2.53%
2026-02-01 18:16:35,537 - INFO - Checkpoint saved at epoch 40
2026-02-01 18:16:58,320 - INFO - Epoch [41] Batch [0/35]                     Loss: -85.4844, Hard: 64.4396, Soft: -104.3986                     Acc: 18.75% LR: 0.000655                     Alpha: 0.8879745602607727                     Beta: 2.3556222915649414                     MemKD: 0.3987921178340912
2026-02-01 18:17:02,055 - INFO - Epoch [41] Batch [20/35]                     Loss: -113.6722, Hard: 81.2941, Soft: -137.4394                     Acc: 5.06% LR: 0.000655                     Alpha: 0.8913417458534241                     Beta: 2.3926384449005127                     MemKD: 0.38967981934547424
2026-02-01 18:17:30,142 - INFO - Epoch [41/100] Train Loss: -103.0721, Train Acc: 7.14%, Val Loss: 75.7377, Val Acc: 7.31%
2026-02-01 18:17:52,561 - INFO - Epoch [42] Batch [0/35]                     Loss: -123.6320, Hard: 85.1859, Soft: -148.4595                     Acc: 0.00% LR: 0.000639                     Alpha: 0.8937385082244873                     Beta: 2.419630765914917                     MemKD: 0.38310134410858154
2026-02-01 18:17:56,206 - INFO - Epoch [42] Batch [20/35]                     Loss: -112.7160, Hard: 74.2079, Soft: -134.2516                     Acc: 5.65% LR: 0.000639                     Alpha: 0.8966918587684631                     Beta: 2.4537220001220703                     MemKD: 0.3748731315135956
2026-02-01 18:18:25,126 - INFO - Epoch [42/100] Train Loss: -121.9825, Train Acc: 3.93%, Val Loss: 83.0130, Val Acc: 4.39%
2026-02-01 18:18:48,435 - INFO - Epoch [43] Batch [0/35]                     Loss: -138.7620, Hard: 88.2946, Soft: -164.3159                     Acc: 0.00% LR: 0.000624                     Alpha: 0.898840606212616                     Beta: 2.4791152477264404                     MemKD: 0.36880558729171753
2026-02-01 18:18:52,119 - INFO - Epoch [43] Batch [20/35]                     Loss: -115.0845, Hard: 70.3370, Soft: -135.3286                     Acc: 2.98% LR: 0.000624                     Alpha: 0.9015676975250244                     Beta: 2.5120773315429688                     MemKD: 0.3610115647315979
2026-02-01 18:19:21,423 - INFO - Epoch [43/100] Train Loss: -140.4829, Train Acc: 3.21%, Val Loss: 89.7488, Val Acc: 2.79%
2026-02-01 18:19:44,144 - INFO - Epoch [44] Batch [0/35]                     Loss: -131.7990, Hard: 78.0832, Soft: -154.2297                     Acc: 6.25% LR: 0.000609                     Alpha: 0.9034461975097656                     Beta: 2.5353097915649414                     MemKD: 0.3555738031864166
2026-02-01 18:19:47,730 - INFO - Epoch [44] Batch [20/35]                     Loss: -136.5810, Hard: 78.2066, Soft: -158.9136                     Acc: 1.49% LR: 0.000609                     Alpha: 0.905817449092865                     Beta: 2.5652735233306885                     MemKD: 0.34863102436065674
2026-02-01 18:20:16,006 - INFO - Epoch [44/100] Train Loss: -151.1647, Train Acc: 2.50%, Val Loss: 92.5876, Val Acc: 9.71%
2026-02-01 18:20:38,724 - INFO - Epoch [45] Batch [0/35]                     Loss: -136.6334, Hard: 76.4485, Soft: -158.3719                     Acc: 18.75% LR: 0.000594                     Alpha: 0.9074246287345886                     Beta: 2.586029052734375                     MemKD: 0.34386926889419556
2026-02-01 18:20:42,318 - INFO - Epoch [45] Batch [20/35]                     Loss: -178.1348, Hard: 96.3506, Soft: -205.4288                     Acc: 6.55% LR: 0.000594                     Alpha: 0.9095566272735596                     Beta: 2.614093780517578                     MemKD: 0.3374940752983093
2026-02-01 18:21:09,884 - INFO - Epoch [45/100] Train Loss: -179.7395, Train Acc: 5.71%, Val Loss: 95.7604, Val Acc: 0.40%
2026-02-01 18:21:31,879 - INFO - Epoch [46] Batch [0/35]                     Loss: -188.7839, Hard: 99.6754, Soft: -216.9119                     Acc: 6.25% LR: 0.000578                     Alpha: 0.9111524820327759                     Beta: 2.6355082988739014                     MemKD: 0.33267951011657715
2026-02-01 18:21:35,595 - INFO - Epoch [46] Batch [20/35]                     Loss: -182.8688, Hard: 93.7710, Soft: -209.2024                     Acc: 5.06% LR: 0.000578                     Alpha: 0.9130828380584717                     Beta: 2.661910057067871                     MemKD: 0.32680439949035645
2026-02-01 18:22:04,107 - INFO - Epoch [46/100] Train Loss: -182.9855, Train Acc: 4.29%, Val Loss: 99.2440, Val Acc: 0.80%
2026-02-01 18:22:27,191 - INFO - Epoch [47] Batch [0/35]                     Loss: -199.7667, Hard: 100.5319, Soft: -227.8798                     Acc: 6.25% LR: 0.000563                     Alpha: 0.9143968224525452                     Beta: 2.6802408695220947                     MemKD: 0.32276520133018494
2026-02-01 18:22:30,842 - INFO - Epoch [47] Batch [20/35]                     Loss: -164.0608, Hard: 80.3071, Soft: -186.4125                     Acc: 6.85% LR: 0.000563                     Alpha: 0.9161978960037231                     Beta: 2.705798625946045                     MemKD: 0.31718865036964417
2026-02-01 18:22:59,781 - INFO - Epoch [47/100] Train Loss: -220.0098, Train Acc: 9.82%, Val Loss: 108.4282, Val Acc: 10.11%
2026-02-01 18:23:21,529 - INFO - Epoch [48] Batch [0/35]                     Loss: -227.9518, Hard: 109.5329, Soft: -258.2968                     Acc: 6.25% LR: 0.000547                     Alpha: 0.9175025820732117                     Beta: 2.724639654159546                     MemKD: 0.31311893463134766
2026-02-01 18:23:25,339 - INFO - Epoch [48] Batch [20/35]                     Loss: -244.8296, Hard: 114.4489, Soft: -276.4162                     Acc: 6.55% LR: 0.000547                     Alpha: 0.9191879034042358                     Beta: 2.7493879795074463                     MemKD: 0.30782729387283325
2026-02-01 18:23:53,887 - INFO - Epoch [48/100] Train Loss: -246.3379, Train Acc: 6.07%, Val Loss: 115.2702, Val Acc: 6.91%
2026-02-01 18:24:16,421 - INFO - Epoch [49] Batch [0/35]                     Loss: -246.7773, Hard: 113.2843, Soft: -277.9048                     Acc: 6.25% LR: 0.000531                     Alpha: 0.9204286336898804                     Beta: 2.767918825149536                     MemKD: 0.3039054870605469
2026-02-01 18:24:20,052 - INFO - Epoch [49] Batch [20/35]                     Loss: -264.2760, Hard: 118.6358, Soft: -296.6932                     Acc: 9.52% LR: 0.000531                     Alpha: 0.921948254108429                     Beta: 2.7909984588623047                     MemKD: 0.29906967282295227
2026-02-01 18:24:48,484 - INFO - Epoch [49/100] Train Loss: -260.6324, Train Acc: 10.00%, Val Loss: 119.9488, Val Acc: 9.71%
2026-02-01 18:25:10,335 - INFO - Epoch [50] Batch [0/35]                     Loss: -268.3708, Hard: 118.2315, Soft: -300.6026                     Acc: 12.50% LR: 0.000516                     Alpha: 0.9230439066886902                     Beta: 2.807913303375244                     MemKD: 0.2955602705478668
2026-02-01 18:25:14,019 - INFO - Epoch [50] Batch [20/35]                     Loss: -315.4915, Hard: 136.1518, Soft: -352.4105                     Acc: 9.23% LR: 0.000516                     Alpha: 0.9244333505630493                     Beta: 2.8297085762023926                     MemKD: 0.29108184576034546
2026-02-01 18:25:42,983 - INFO - Epoch [50/100] Train Loss: -281.5431, Train Acc: 8.39%, Val Loss: 118.8655, Val Acc: 0.66%
2026-02-01 18:25:43,030 - INFO - Checkpoint saved at epoch 50
2026-02-01 18:26:05,037 - INFO - Epoch [51] Batch [0/35]                     Loss: -321.5172, Hard: 136.5851, Soft: -358.4174                     Acc: 0.00% LR: 0.000500                     Alpha: 0.9254544377326965                     Beta: 2.845973491668701                     MemKD: 0.2877715528011322
2026-02-01 18:26:08,828 - INFO - Epoch [51] Batch [20/35]                     Loss: -327.1252, Hard: 136.4898, Soft: -363.7820                     Acc: 4.76% LR: 0.000500                     Alpha: 0.9267263412475586                     Beta: 2.8665413856506348                     MemKD: 0.2836250364780426
2026-02-01 18:26:38,004 - INFO - Epoch [51/100] Train Loss: -305.3330, Train Acc: 5.18%, Val Loss: 129.9725, Val Acc: 8.11%
2026-02-01 18:27:00,769 - INFO - Epoch [52] Batch [0/35]                     Loss: -333.1557, Hard: 136.8958, Soft: -369.8051                     Acc: 0.00% LR: 0.000484                     Alpha: 0.9276704788208008                     Beta: 2.882031202316284                     MemKD: 0.2805311679840088
2026-02-01 18:27:04,513 - INFO - Epoch [52] Batch [20/35]                     Loss: -341.0794, Hard: 137.7393, Soft: -377.7460                     Acc: 4.46% LR: 0.000484                     Alpha: 0.9288697838783264                     Beta: 2.901984453201294                     MemKD: 0.27658239006996155
2026-02-01 18:27:32,932 - INFO - Epoch [52/100] Train Loss: -338.9944, Train Acc: 4.46%, Val Loss: 135.2343, Val Acc: 6.78%
2026-02-01 18:27:55,317 - INFO - Epoch [53] Batch [0/35]                     Loss: -402.9589, Hard: 160.3259, Soft: -445.5106                     Acc: 0.00% LR: 0.000469                     Alpha: 0.929763674736023                     Beta: 2.9170608520507812                     MemKD: 0.2736259698867798
2026-02-01 18:27:58,926 - INFO - Epoch [53] Batch [20/35]                     Loss: -330.5399, Hard: 129.3214, Soft: -364.6874                     Acc: 4.46% LR: 0.000469                     Alpha: 0.9308766722679138                     Beta: 2.936087131500244                     MemKD: 0.2699286639690399
2026-02-01 18:28:27,871 - INFO - Epoch [53/100] Train Loss: -352.4218, Train Acc: 3.93%, Val Loss: 130.0983, Val Acc: 0.53%
2026-02-01 18:28:51,012 - INFO - Epoch [54] Batch [0/35]                     Loss: -333.1643, Hard: 128.8469, Soft: -367.0445                     Acc: 6.25% LR: 0.000453                     Alpha: 0.931678295135498                     Beta: 2.9499762058258057                     MemKD: 0.26725348830223083
2026-02-01 18:28:54,745 - INFO - Epoch [54] Batch [20/35]                     Loss: -345.0746, Hard: 131.3077, Soft: -379.4561                     Acc: 5.65% LR: 0.000453                     Alpha: 0.9326860308647156                     Beta: 2.9676613807678223                     MemKD: 0.2638765573501587
2026-02-01 18:29:23,856 - INFO - Epoch [54/100] Train Loss: -371.0698, Train Acc: 5.71%, Val Loss: 146.7260, Val Acc: 2.39%
2026-02-01 18:29:46,707 - INFO - Epoch [55] Batch [0/35]                     Loss: -367.3650, Hard: 138.3857, Soft: -403.4393                     Acc: 6.25% LR: 0.000437                     Alpha: 0.933420717716217                     Beta: 2.980717897415161                     MemKD: 0.2614043354988098
2026-02-01 18:29:50,444 - INFO - Epoch [55] Batch [20/35]                     Loss: -413.8051, Hard: 153.6549, Soft: -453.6668                     Acc: 5.95% LR: 0.000437                     Alpha: 0.9343647360801697                     Beta: 2.9976940155029297                     MemKD: 0.2582164406776428
2026-02-01 18:30:18,222 - INFO - Epoch [55/100] Train Loss: -398.9865, Train Acc: 6.07%, Val Loss: 149.3461, Val Acc: 3.99%
2026-02-01 18:30:39,778 - INFO - Epoch [56] Batch [0/35]                     Loss: -461.4782, Hard: 169.2536, Soft: -505.2825                     Acc: 0.00% LR: 0.000422                     Alpha: 0.9350600838661194                     Beta: 3.0103440284729004                     MemKD: 0.25586017966270447
2026-02-01 18:30:43,638 - INFO - Epoch [56] Batch [20/35]                     Loss: -441.9695, Hard: 160.0008, Soft: -483.1875                     Acc: 10.42% LR: 0.000422                     Alpha: 0.9359160661697388                     Beta: 3.0260989665985107                     MemKD: 0.25294890999794006
2026-02-01 18:31:11,332 - INFO - Epoch [56/100] Train Loss: -415.0406, Train Acc: 8.04%, Val Loss: 151.4121, Val Acc: 8.51%
2026-02-01 18:31:32,798 - INFO - Epoch [57] Batch [0/35]                     Loss: -413.3013, Hard: 148.1247, Soft: -451.3380                     Acc: 6.25% LR: 0.000406                     Alpha: 0.9365487098693848                     Beta: 3.0378730297088623                     MemKD: 0.2507900297641754
2026-02-01 18:31:36,414 - INFO - Epoch [57] Batch [20/35]                     Loss: -471.9536, Hard: 167.6993, Soft: -514.7052                     Acc: 8.93% LR: 0.000406                     Alpha: 0.9373515248298645                     Beta: 3.0529730319976807                     MemKD: 0.2480432391166687
2026-02-01 18:32:04,999 - INFO - Epoch [57/100] Train Loss: -433.7440, Train Acc: 9.46%, Val Loss: 157.4837, Val Acc: 4.39%
2026-02-01 18:32:27,474 - INFO - Epoch [58] Batch [0/35]                     Loss: -430.7317, Hard: 151.0347, Soft: -469.2251                     Acc: 12.50% LR: 0.000391                     Alpha: 0.9379398822784424                     Beta: 3.0641562938690186                     MemKD: 0.24602389335632324
2026-02-01 18:32:31,074 - INFO - Epoch [58] Batch [20/35]                     Loss: -527.7303, Hard: 182.8552, Soft: -574.1595                     Acc: 7.74% LR: 0.000391                     Alpha: 0.9386679530143738                     Beta: 3.0781376361846924                     MemKD: 0.24351763725280762
2026-02-01 18:32:59,868 - INFO - Epoch [58/100] Train Loss: -451.1006, Train Acc: 7.14%, Val Loss: 151.1904, Val Acc: 1.99%
2026-02-01 18:33:22,463 - INFO - Epoch [59] Batch [0/35]                     Loss: -450.5164, Hard: 154.9661, Soft: -489.7074                     Acc: 6.25% LR: 0.000376                     Alpha: 0.939207911491394                     Beta: 3.0886080265045166                     MemKD: 0.24165381491184235
2026-02-01 18:33:26,206 - INFO - Epoch [59] Batch [20/35]                     Loss: -500.5787, Hard: 170.1813, Soft: -543.4802                     Acc: 3.57% LR: 0.000376                     Alpha: 0.9398854374885559                     Beta: 3.101870059967041                     MemKD: 0.23930911719799042
2026-02-01 18:33:54,751 - INFO - Epoch [59/100] Train Loss: -482.5053, Train Acc: 4.46%, Val Loss: 162.4859, Val Acc: 9.18%
2026-02-01 18:34:16,255 - INFO - Epoch [60] Batch [0/35]                     Loss: -377.0441, Hard: 127.4457, Soft: -409.0150                     Acc: 25.00% LR: 0.000361                     Alpha: 0.9404040575027466                     Beta: 3.1121129989624023                     MemKD: 0.2375103235244751
2026-02-01 18:34:20,072 - INFO - Epoch [60] Batch [20/35]                     Loss: -496.4167, Hard: 166.0987, Soft: -537.9161                     Acc: 7.14% LR: 0.000361                     Alpha: 0.9410533308982849                     Beta: 3.125053882598877                     MemKD: 0.2352525144815445
2026-02-01 18:34:49,493 - INFO - Epoch [60/100] Train Loss: -495.9613, Train Acc: 8.39%, Val Loss: 167.6127, Val Acc: 4.65%
2026-02-01 18:34:49,549 - INFO - Checkpoint saved at epoch 60
2026-02-01 18:35:11,496 - INFO - Epoch [61] Batch [0/35]                     Loss: -494.7496, Hard: 164.1030, Soft: -535.6683                     Acc: 12.50% LR: 0.000345                     Alpha: 0.9415255188941956                     Beta: 3.1345455646514893                     MemKD: 0.23360735177993774
2026-02-01 18:35:15,307 - INFO - Epoch [61] Batch [20/35]                     Loss: -385.5339, Hard: 126.6012, Soft: -417.0036                     Acc: 10.12% LR: 0.000345                     Alpha: 0.9421091675758362                     Beta: 3.1463797092437744                     MemKD: 0.23156891763210297
2026-02-01 18:35:43,514 - INFO - Epoch [61/100] Train Loss: -505.2498, Train Acc: 8.57%, Val Loss: 172.2897, Val Acc: 5.05%
2026-02-01 18:36:06,205 - INFO - Epoch [62] Batch [0/35]                     Loss: -567.8632, Hard: 185.4871, Soft: -613.7949                     Acc: 0.00% LR: 0.000331                     Alpha: 0.9425337910652161                     Beta: 3.1550607681274414                     MemKD: 0.2300826758146286
2026-02-01 18:36:09,871 - INFO - Epoch [62] Batch [20/35]                     Loss: -533.3625, Hard: 172.6105, Soft: -575.9592                     Acc: 4.76% LR: 0.000331                     Alpha: 0.9430959224700928                     Beta: 3.1666409969329834                     MemKD: 0.2281113862991333
2026-02-01 18:36:38,708 - INFO - Epoch [62/100] Train Loss: -540.4136, Train Acc: 5.36%, Val Loss: 176.8723, Val Acc: 3.86%
2026-02-01 18:37:01,611 - INFO - Epoch [63] Batch [0/35]                     Loss: -569.4005, Hard: 183.1157, Soft: -614.4609                     Acc: 12.50% LR: 0.000316                     Alpha: 0.9435033202171326                     Beta: 3.175096035003662                     MemKD: 0.22668039798736572
2026-02-01 18:37:05,258 - INFO - Epoch [63] Batch [20/35]                     Loss: -663.2625, Hard: 211.4068, Soft: -715.1274                     Acc: 2.68% LR: 0.000316                     Alpha: 0.9440226554870605                     Beta: 3.18595552444458                     MemKD: 0.22485263645648956
2026-02-01 18:37:33,157 - INFO - Epoch [63/100] Train Loss: -568.4636, Train Acc: 3.75%, Val Loss: 174.2853, Val Acc: 7.85%
2026-02-01 18:37:55,213 - INFO - Epoch [64] Batch [0/35]                     Loss: -585.5090, Hard: 185.3748, Soft: -630.8854                     Acc: 12.50% LR: 0.000301                     Alpha: 0.9444093108177185                     Beta: 3.194096565246582                     MemKD: 0.22348995506763458
2026-02-01 18:37:58,902 - INFO - Epoch [64] Batch [20/35]                     Loss: -582.8912, Hard: 183.3257, Soft: -627.5836                     Acc: 7.74% LR: 0.000301                     Alpha: 0.9448860883712769                     Beta: 3.204207181930542                     MemKD: 0.22180654108524323
2026-02-01 18:38:27,255 - INFO - Epoch [64/100] Train Loss: -571.4809, Train Acc: 8.39%, Val Loss: 178.9320, Val Acc: 9.31%
2026-02-01 18:38:50,153 - INFO - Epoch [65] Batch [0/35]                     Loss: -582.0938, Hard: 181.8735, Soft: -626.3539                     Acc: 12.50% LR: 0.000287                     Alpha: 0.9452379941940308                     Beta: 3.211718797683716                     MemKD: 0.22056236863136292
2026-02-01 18:38:53,922 - INFO - Epoch [65] Batch [20/35]                     Loss: -653.5159, Hard: 203.2881, Soft: -702.7393                     Acc: 10.12% LR: 0.000287                     Alpha: 0.9456712603569031                     Beta: 3.221022129058838                     MemKD: 0.21902839839458466
2026-02-01 18:39:21,981 - INFO - Epoch [65/100] Train Loss: -587.7035, Train Acc: 8.21%, Val Loss: 183.3812, Val Acc: 7.58%
2026-02-01 18:39:44,840 - INFO - Epoch [66] Batch [0/35]                     Loss: -628.2943, Hard: 194.0813, Soft: -675.2375                     Acc: 6.25% LR: 0.000273                     Alpha: 0.9460000395774841                     Beta: 3.2281265258789062                     MemKD: 0.21786269545555115
2026-02-01 18:39:48,592 - INFO - Epoch [66] Batch [20/35]                     Loss: -578.8511, Hard: 177.5584, Soft: -621.6802                     Acc: 6.25% LR: 0.000273                     Alpha: 0.9464126229286194                     Beta: 3.2370946407318115                     MemKD: 0.21639782190322876
2026-02-01 18:40:17,246 - INFO - Epoch [66/100] Train Loss: -610.1974, Train Acc: 5.18%, Val Loss: 184.5269, Val Acc: 4.92%
2026-02-01 18:40:39,490 - INFO - Epoch [67] Batch [0/35]                     Loss: -694.0414, Hard: 211.9155, Soft: -745.0294                     Acc: 0.00% LR: 0.000259                     Alpha: 0.9467180371284485                     Beta: 3.243767499923706                     MemKD: 0.21531273424625397
2026-02-01 18:40:43,204 - INFO - Epoch [67] Batch [20/35]                     Loss: -635.5168, Hard: 192.9601, Soft: -681.7954                     Acc: 4.17% LR: 0.000259                     Alpha: 0.9470953345298767                     Beta: 3.252058506011963                     MemKD: 0.21397040784358978
2026-02-01 18:41:11,762 - INFO - Epoch [67/100] Train Loss: -614.9256, Train Acc: 3.21%, Val Loss: 179.0979, Val Acc: 0.40%
2026-02-01 18:41:34,469 - INFO - Epoch [68] Batch [0/35]                     Loss: -709.3029, Hard: 214.7740, Soft: -760.6381                     Acc: 0.00% LR: 0.000245                     Alpha: 0.9473707675933838                     Beta: 3.2581446170806885                     MemKD: 0.21298909187316895
2026-02-01 18:41:38,160 - INFO - Epoch [68] Batch [20/35]                     Loss: -702.2233, Hard: 211.0301, Soft: -752.6145                     Acc: 2.68% LR: 0.000245                     Alpha: 0.9477076530456543                     Beta: 3.2656264305114746                     MemKD: 0.21178767085075378
2026-02-01 18:42:06,515 - INFO - Epoch [68/100] Train Loss: -628.5075, Train Acc: 2.86%, Val Loss: 194.0972, Val Acc: 1.33%
2026-02-01 18:42:28,743 - INFO - Epoch [69] Batch [0/35]                     Loss: -604.3945, Hard: 181.1966, Soft: -647.5143                     Acc: 0.00% LR: 0.000232                     Alpha: 0.9479675889015198                     Beta: 3.271427631378174                     MemKD: 0.21085962653160095
2026-02-01 18:42:32,402 - INFO - Epoch [69] Batch [20/35]                     Loss: -745.8500, Hard: 222.1625, Soft: -798.6310                     Acc: 4.46% LR: 0.000232                     Alpha: 0.9482941031455994                     Beta: 3.2787466049194336                     MemKD: 0.20969301462173462
2026-02-01 18:43:00,306 - INFO - Epoch [69/100] Train Loss: -656.6394, Train Acc: 4.46%, Val Loss: 195.9824, Val Acc: 0.40%
2026-02-01 18:43:23,196 - INFO - Epoch [70] Batch [0/35]                     Loss: -662.2310, Hard: 196.4567, Soft: -708.8182                     Acc: 6.25% LR: 0.000219                     Alpha: 0.948538064956665                     Beta: 3.2842369079589844                     MemKD: 0.20882101356983185
2026-02-01 18:43:26,795 - INFO - Epoch [70] Batch [20/35]                     Loss: -655.2465, Hard: 193.5634, Soft: -701.0173                     Acc: 2.98% LR: 0.000219                     Alpha: 0.9488354921340942                     Beta: 3.2909610271453857                     MemKD: 0.20775671303272247
2026-02-01 18:43:55,359 - INFO - Epoch [70/100] Train Loss: -661.7661, Train Acc: 2.14%, Val Loss: 194.5227, Val Acc: 0.13%
2026-02-01 18:43:55,405 - INFO - Checkpoint saved at epoch 70
2026-02-01 18:44:17,963 - INFO - Epoch [71] Batch [0/35]                     Loss: -677.4164, Hard: 199.2040, Soft: -724.4706                     Acc: 0.00% LR: 0.000206                     Alpha: 0.9490575790405273                     Beta: 3.2960045337677                     MemKD: 0.20696112513542175
2026-02-01 18:44:21,688 - INFO - Epoch [71] Batch [20/35]                     Loss: -688.7846, Hard: 201.6958, Soft: -736.3084                     Acc: 2.68% LR: 0.000206                     Alpha: 0.9493352174758911                     Beta: 3.302330493927002                     MemKD: 0.20596639811992645
2026-02-01 18:44:50,491 - INFO - Epoch [71/100] Train Loss: -674.7180, Train Acc: 3.04%, Val Loss: 197.7156, Val Acc: 0.66%
2026-02-01 18:45:12,926 - INFO - Epoch [72] Batch [0/35]                     Loss: -622.9872, Hard: 181.9039, Soft: -665.7620                     Acc: 0.00% LR: 0.000194                     Alpha: 0.9495381116867065                     Beta: 3.3069722652435303                     MemKD: 0.20523864030838013
2026-02-01 18:45:16,645 - INFO - Epoch [72] Batch [20/35]                     Loss: -678.4553, Hard: 197.2788, Soft: -724.7474                     Acc: 3.57% LR: 0.000194                     Alpha: 0.9497931003570557                     Beta: 3.3128254413604736                     MemKD: 0.20432358980178833
2026-02-01 18:45:44,629 - INFO - Epoch [72/100] Train Loss: -697.9435, Train Acc: 3.75%, Val Loss: 198.1455, Val Acc: 4.12%
2026-02-01 18:46:07,963 - INFO - Epoch [73] Batch [0/35]                     Loss: -517.0150, Hard: 149.9712, Soft: -552.1310                     Acc: 18.75% LR: 0.000181                     Alpha: 0.9499844908714294                     Beta: 3.3172318935394287                     MemKD: 0.20363660156726837
2026-02-01 18:46:11,553 - INFO - Epoch [73] Batch [20/35]                     Loss: -720.6236, Hard: 208.1486, Soft: -769.2867                     Acc: 5.65% LR: 0.000181                     Alpha: 0.9502134919166565                     Beta: 3.322521448135376                     MemKD: 0.2028140276670456
2026-02-01 18:46:39,501 - INFO - Epoch [73/100] Train Loss: -685.4989, Train Acc: 4.82%, Val Loss: 203.3350, Val Acc: 1.06%
2026-02-01 18:47:02,970 - INFO - Epoch [74] Batch [0/35]                     Loss: -577.8464, Hard: 166.4520, Soft: -616.7037                     Acc: 6.25% LR: 0.000169                     Alpha: 0.9503836631774902                     Beta: 3.3264660835266113                     MemKD: 0.20220226049423218
2026-02-01 18:47:06,660 - INFO - Epoch [74] Batch [20/35]                     Loss: -706.4327, Hard: 202.7617, Soft: -753.6844                     Acc: 4.46% LR: 0.000169                     Alpha: 0.9505965709686279                     Beta: 3.3314170837402344                     MemKD: 0.2014368325471878
2026-02-01 18:47:34,919 - INFO - Epoch [74/100] Train Loss: -708.0357, Train Acc: 4.46%, Val Loss: 204.5860, Val Acc: 1.99%
2026-02-01 18:47:58,263 - INFO - Epoch [75] Batch [0/35]                     Loss: -624.2820, Hard: 178.6368, Soft: -665.8693                     Acc: 12.50% LR: 0.000158                     Alpha: 0.9507554173469543                     Beta: 3.3351213932037354                     MemKD: 0.20086544752120972
2026-02-01 18:48:01,999 - INFO - Epoch [75] Batch [20/35]                     Loss: -840.2998, Hard: 239.6660, Soft: -896.0012                     Acc: 3.87% LR: 0.000158                     Alpha: 0.9509527087211609                     Beta: 3.339735269546509                     MemKD: 0.20015525817871094
2026-02-01 18:48:31,449 - INFO - Epoch [75/100] Train Loss: -724.0148, Train Acc: 3.75%, Val Loss: 204.7471, Val Acc: 4.79%
2026-02-01 18:48:53,890 - INFO - Epoch [76] Batch [0/35]                     Loss: -733.9821, Hard: 208.9488, Soft: -782.4627                     Acc: 0.00% LR: 0.000146                     Alpha: 0.9510994553565979                     Beta: 3.343173027038574                     MemKD: 0.19962729513645172
2026-02-01 18:48:57,570 - INFO - Epoch [76] Batch [20/35]                     Loss: -724.5464, Hard: 206.0475, Soft: -772.2054                     Acc: 4.17% LR: 0.000146                     Alpha: 0.9512815475463867                     Beta: 3.347449541091919                     MemKD: 0.19897158443927765
2026-02-01 18:49:26,232 - INFO - Epoch [76/100] Train Loss: -748.4886, Train Acc: 4.11%, Val Loss: 207.1035, Val Acc: 1.86%
2026-02-01 18:49:48,090 - INFO - Epoch [77] Batch [0/35]                     Loss: -762.7121, Hard: 215.9883, Soft: -812.6870                     Acc: 0.00% LR: 0.000136                     Alpha: 0.9514181613922119                     Beta: 3.350663185119629                     MemKD: 0.1984798163175583
2026-02-01 18:49:52,029 - INFO - Epoch [77] Batch [20/35]                     Loss: -646.1797, Hard: 182.5236, Soft: -688.3430                     Acc: 3.57% LR: 0.000136                     Alpha: 0.9515846371650696                     Beta: 3.3545897006988525                     MemKD: 0.1978800892829895
2026-02-01 18:50:20,266 - INFO - Epoch [77/100] Train Loss: -744.0615, Train Acc: 4.46%, Val Loss: 208.5457, Val Acc: 0.80%
2026-02-01 18:50:42,229 - INFO - Epoch [78] Batch [0/35]                     Loss: -800.5806, Hard: 225.5843, Soft: -852.6520                     Acc: 0.00% LR: 0.000125                     Alpha: 0.9517068862915039                     Beta: 3.3574745655059814                     MemKD: 0.19744007289409637
2026-02-01 18:50:45,980 - INFO - Epoch [78] Batch [20/35]                     Loss: -713.3732, Hard: 200.4109, Soft: -759.5935                     Acc: 3.57% LR: 0.000125                     Alpha: 0.9518540501594543                     Beta: 3.360957384109497                     MemKD: 0.19690977036952972
2026-02-01 18:51:13,390 - INFO - Epoch [78/100] Train Loss: -747.4398, Train Acc: 2.86%, Val Loss: 203.7133, Val Acc: 0.66%
2026-02-01 18:51:35,727 - INFO - Epoch [79] Batch [0/35]                     Loss: -713.5632, Hard: 200.5420, Soft: -759.6885                     Acc: 0.00% LR: 0.000115                     Alpha: 0.951964259147644                     Beta: 3.3635687828063965                     MemKD: 0.1965126395225525
2026-02-01 18:51:39,375 - INFO - Epoch [79] Batch [20/35]                     Loss: -652.3121, Hard: 182.6643, Soft: -694.3177                     Acc: 2.38% LR: 0.000115                     Alpha: 0.9521021246910095                     Beta: 3.3668372631073                     MemKD: 0.19601614773273468
2026-02-01 18:52:08,126 - INFO - Epoch [79/100] Train Loss: -789.1246, Train Acc: 1.61%, Val Loss: 209.5846, Val Acc: 0.93%
2026-02-01 18:52:30,907 - INFO - Epoch [80] Batch [0/35]                     Loss: -744.4780, Hard: 208.1560, Soft: -792.2932                     Acc: 0.00% LR: 0.000105                     Alpha: 0.9522063136100769                     Beta: 3.369312286376953                     MemKD: 0.1956406980752945
2026-02-01 18:52:34,679 - INFO - Epoch [80] Batch [20/35]                     Loss: -748.8295, Hard: 210.5385, Soft: -796.8500                     Acc: 2.08% LR: 0.000105                     Alpha: 0.9523316025733948                     Beta: 3.3722925186157227                     MemKD: 0.1951892375946045
2026-02-01 18:53:03,129 - INFO - Epoch [80/100] Train Loss: -762.2985, Train Acc: 3.04%, Val Loss: 212.5637, Val Acc: 1.33%
2026-02-01 18:53:03,166 - INFO - Checkpoint saved at epoch 80
2026-02-01 18:53:25,105 - INFO - Epoch [81] Batch [0/35]                     Loss: -715.0801, Hard: 199.2002, Soft: -760.7521                     Acc: 0.00% LR: 0.000095                     Alpha: 0.9524227380752563                     Beta: 3.374462127685547                     MemKD: 0.19486086070537567
2026-02-01 18:53:28,854 - INFO - Epoch [81] Batch [20/35]                     Loss: -765.9172, Hard: 213.0628, Soft: -814.7059                     Acc: 1.79% LR: 0.000095                     Alpha: 0.9525294899940491                     Beta: 3.3770039081573486                     MemKD: 0.19447648525238037
2026-02-01 18:53:58,012 - INFO - Epoch [81/100] Train Loss: -763.9268, Train Acc: 2.86%, Val Loss: 210.1913, Val Acc: 0.66%
2026-02-01 18:54:21,315 - INFO - Epoch [82] Batch [0/35]                     Loss: -808.6218, Hard: 224.6057, Soft: -860.0226                     Acc: 0.00% LR: 0.000086                     Alpha: 0.9526097178459167                     Beta: 3.3789191246032715                     MemKD: 0.19418707489967346
2026-02-01 18:54:24,872 - INFO - Epoch [82] Batch [20/35]                     Loss: -812.3060, Hard: 225.2908, Soft: -863.8125                     Acc: 3.57% LR: 0.000086                     Alpha: 0.9527074098587036                     Beta: 3.3812506198883057                     MemKD: 0.19383515417575836
2026-02-01 18:54:54,292 - INFO - Epoch [82/100] Train Loss: -778.3577, Train Acc: 3.04%, Val Loss: 214.3104, Val Acc: 0.80%
2026-02-01 18:55:17,640 - INFO - Epoch [83] Batch [0/35]                     Loss: -870.3538, Hard: 241.2173, Soft: -925.4432                     Acc: 0.00% LR: 0.000078                     Alpha: 0.9527802467346191                     Beta: 3.382988691329956                     MemKD: 0.19357286393642426
2026-02-01 18:55:21,321 - INFO - Epoch [83] Batch [20/35]                     Loss: -851.9018, Hard: 235.5706, Soft: -905.6923                     Acc: 2.98% LR: 0.000078                     Alpha: 0.9528675675392151                     Beta: 3.3850767612457275                     MemKD: 0.19325798749923706
2026-02-01 18:55:50,523 - INFO - Epoch [83/100] Train Loss: -775.1116, Train Acc: 3.21%, Val Loss: 215.0135, Val Acc: 0.66%
2026-02-01 18:56:13,243 - INFO - Epoch [84] Batch [0/35]                     Loss: -804.5891, Hard: 222.4116, Soft: -855.3154                     Acc: 0.00% LR: 0.000070                     Alpha: 0.9529321193695068                     Beta: 3.3866190910339355                     MemKD: 0.1930255889892578
2026-02-01 18:56:16,923 - INFO - Epoch [84] Batch [20/35]                     Loss: -705.2180, Hard: 194.8332, Soft: -749.5974                     Acc: 3.57% LR: 0.000070                     Alpha: 0.953009307384491                     Beta: 3.3884642124176025                     MemKD: 0.19274766743183136
2026-02-01 18:56:44,947 - INFO - Epoch [84/100] Train Loss: -805.6012, Train Acc: 3.04%, Val Loss: 216.1831, Val Acc: 1.06%
2026-02-01 18:57:08,374 - INFO - Epoch [85] Batch [0/35]                     Loss: -822.7653, Hard: 226.8985, Soft: -874.4547                     Acc: 0.00% LR: 0.000062                     Alpha: 0.9530673623085022                     Beta: 3.389852523803711                     MemKD: 0.19253872334957123
2026-02-01 18:57:11,970 - INFO - Epoch [85] Batch [20/35]                     Loss: -764.2169, Hard: 210.6324, Soft: -812.1487                     Acc: 4.76% LR: 0.000062                     Alpha: 0.9531357884407043                     Beta: 3.3914895057678223                     MemKD: 0.19229231774806976
2026-02-01 18:57:39,912 - INFO - Epoch [85/100] Train Loss: -784.1166, Train Acc: 4.82%, Val Loss: 216.2518, Val Acc: 1.33%
2026-02-01 18:58:01,861 - INFO - Epoch [86] Batch [0/35]                     Loss: -746.6943, Hard: 205.7849, Soft: -793.4736                     Acc: 0.00% LR: 0.000054                     Alpha: 0.9531859159469604                     Beta: 3.3926889896392822                     MemKD: 0.1921117752790451
2026-02-01 18:58:05,530 - INFO - Epoch [86] Batch [20/35]                     Loss: -699.1226, Hard: 193.7586, Soft: -742.9161                     Acc: 1.49% LR: 0.000054                     Alpha: 0.9532458186149597                     Beta: 3.3941197395324707                     MemKD: 0.19189690053462982
2026-02-01 18:58:33,772 - INFO - Epoch [86/100] Train Loss: -814.3202, Train Acc: 2.14%, Val Loss: 216.9405, Val Acc: 1.46%
2026-02-01 18:58:56,485 - INFO - Epoch [87] Batch [0/35]                     Loss: -804.0043, Hard: 220.9066, Soft: -854.2230                     Acc: 0.00% LR: 0.000048                     Alpha: 0.953290581703186                     Beta: 3.3951900005340576                     MemKD: 0.1917361170053482
2026-02-01 18:59:00,073 - INFO - Epoch [87] Batch [20/35]                     Loss: -801.8344, Hard: 220.1769, Soft: -851.8531                     Acc: 4.46% LR: 0.000048                     Alpha: 0.9533420205116272                     Beta: 3.396420478820801                     MemKD: 0.19155141711235046
2026-02-01 18:59:28,882 - INFO - Epoch [87/100] Train Loss: -799.6781, Train Acc: 4.64%, Val Loss: 218.0168, Val Acc: 0.93%
2026-02-01 18:59:51,863 - INFO - Epoch [88] Batch [0/35]                     Loss: -733.0129, Hard: 201.1125, Soft: -778.6910                     Acc: 0.00% LR: 0.000041                     Alpha: 0.953380286693573                     Beta: 3.397334098815918                     MemKD: 0.1914142221212387
2026-02-01 18:59:55,675 - INFO - Epoch [88] Batch [20/35]                     Loss: -756.4713, Hard: 207.3981, Soft: -803.5576                     Acc: 3.57% LR: 0.000041                     Alpha: 0.9534240365028381                     Beta: 3.3983802795410156                     MemKD: 0.19125719368457794
2026-02-01 19:00:24,978 - INFO - Epoch [88/100] Train Loss: -786.9558, Train Acc: 3.57%, Val Loss: 218.1042, Val Acc: 0.66%
2026-02-01 19:00:47,500 - INFO - Epoch [89] Batch [0/35]                     Loss: -763.0181, Hard: 208.9579, Soft: -810.4660                     Acc: 6.25% LR: 0.000035                     Alpha: 0.9534561038017273                     Beta: 3.399146795272827                     MemKD: 0.19114209711551666
2026-02-01 19:00:51,224 - INFO - Epoch [89] Batch [20/35]                     Loss: -848.8270, Hard: 232.4446, Soft: -901.5661                     Acc: 2.98% LR: 0.000035                     Alpha: 0.9534932971000671                     Beta: 3.4000351428985596                     MemKD: 0.19100874662399292
2026-02-01 19:01:19,301 - INFO - Epoch [89/100] Train Loss: -814.4829, Train Acc: 2.86%, Val Loss: 218.1903, Val Acc: 0.66%
2026-02-01 19:01:42,054 - INFO - Epoch [90] Batch [0/35]                     Loss: -889.3588, Hard: 243.8524, Soft: -944.5961                     Acc: 0.00% LR: 0.000030                     Alpha: 0.9535214900970459                     Beta: 3.4007089138031006                     MemKD: 0.19090762734413147
2026-02-01 19:01:45,840 - INFO - Epoch [90] Batch [20/35]                     Loss: -831.6223, Hard: 227.8598, Soft: -883.2297                     Acc: 2.98% LR: 0.000030                     Alpha: 0.9535523653030396                     Beta: 3.401445150375366                     MemKD: 0.1907971203327179
2026-02-01 19:02:14,236 - INFO - Epoch [90/100] Train Loss: -806.4474, Train Acc: 2.32%, Val Loss: 217.6470, Val Acc: 1.06%
2026-02-01 19:02:14,283 - INFO - Checkpoint saved at epoch 90
2026-02-01 19:02:37,540 - INFO - Epoch [91] Batch [0/35]                     Loss: -798.6666, Hard: 218.3838, Soft: -848.1813                     Acc: 0.00% LR: 0.000024                     Alpha: 0.9535755515098572                     Beta: 3.401998519897461                     MemKD: 0.19071397185325623
2026-02-01 19:02:41,328 - INFO - Epoch [91] Batch [20/35]                     Loss: -797.6027, Hard: 218.0347, Soft: -847.0198                     Acc: 1.79% LR: 0.000024                     Alpha: 0.9536013603210449                     Beta: 3.402613639831543                     MemKD: 0.19062162935733795
2026-02-01 19:03:09,775 - INFO - Epoch [91/100] Train Loss: -806.8895, Train Acc: 3.04%, Val Loss: 218.8736, Val Acc: 0.80%
2026-02-01 19:03:32,043 - INFO - Epoch [92] Batch [0/35]                     Loss: -764.7487, Hard: 208.9840, Soft: -812.1066                     Acc: 6.25% LR: 0.000020                     Alpha: 0.9536203145980835                     Beta: 3.4030654430389404                     MemKD: 0.19055379927158356
2026-02-01 19:03:35,772 - INFO - Epoch [92] Batch [20/35]                     Loss: -845.7833, Hard: 231.0296, Soft: -898.1304                     Acc: 3.27% LR: 0.000020                     Alpha: 0.9536406993865967                     Beta: 3.4035515785217285                     MemKD: 0.19048073887825012
2026-02-01 19:04:05,154 - INFO - Epoch [92/100] Train Loss: -809.8413, Train Acc: 3.21%, Val Loss: 218.8141, Val Acc: 0.66%
2026-02-01 19:04:27,990 - INFO - Epoch [93] Batch [0/35]                     Loss: -716.5391, Hard: 195.8027, Soft: -760.8753                     Acc: 0.00% LR: 0.000016                     Alpha: 0.953656017780304                     Beta: 3.4039156436920166                     MemKD: 0.19042594730854034
2026-02-01 19:04:31,691 - INFO - Epoch [93] Batch [20/35]                     Loss: -833.6586, Hard: 227.9869, Soft: -885.2315                     Acc: 1.79% LR: 0.000016                     Alpha: 0.9536722302436829                     Beta: 3.404301404953003                     MemKD: 0.1903679221868515
2026-02-01 19:05:00,205 - INFO - Epoch [93/100] Train Loss: -822.2870, Train Acc: 1.79%, Val Loss: 219.3920, Val Acc: 0.66%
2026-02-01 19:05:22,582 - INFO - Epoch [94] Batch [0/35]                     Loss: -741.6042, Hard: 202.5900, Soft: -787.4589                     Acc: 0.00% LR: 0.000012                     Alpha: 0.9536845088005066                     Beta: 3.404592275619507                     MemKD: 0.19032423198223114
2026-02-01 19:05:26,172 - INFO - Epoch [94] Batch [20/35]                     Loss: -913.0858, Hard: 249.4808, Soft: -969.5301                     Acc: 4.46% LR: 0.000012                     Alpha: 0.9536966681480408                     Beta: 3.4048802852630615                     MemKD: 0.1902807503938675
2026-02-01 19:05:54,524 - INFO - Epoch [94/100] Train Loss: -789.0362, Train Acc: 4.11%, Val Loss: 219.3429, Val Acc: 0.80%
2026-02-01 19:06:17,170 - INFO - Epoch [95] Batch [0/35]                     Loss: -678.1079, Hard: 185.8379, Soft: -720.0453                     Acc: 12.50% LR: 0.000009                     Alpha: 0.9537055492401123                     Beta: 3.4050912857055664                     MemKD: 0.1902489960193634
2026-02-01 19:06:20,795 - INFO - Epoch [95] Batch [20/35]                     Loss: -675.9324, Hard: 184.5063, Soft: -717.6911                     Acc: 2.08% LR: 0.000009                     Alpha: 0.9537144303321838                     Beta: 3.4053025245666504                     MemKD: 0.19021721184253693
2026-02-01 19:06:50,403 - INFO - Epoch [95/100] Train Loss: -807.6280, Train Acc: 2.14%, Val Loss: 219.0184, Val Acc: 0.66%
2026-02-01 19:07:12,705 - INFO - Epoch [96] Batch [0/35]                     Loss: -808.1442, Hard: 221.0375, Soft: -858.0848                     Acc: 0.00% LR: 0.000006                     Alpha: 0.9537211656570435                     Beta: 3.4054617881774902                     MemKD: 0.1901932805776596
2026-02-01 19:07:16,460 - INFO - Epoch [96] Batch [20/35]                     Loss: -787.5533, Hard: 214.9121, Soft: -836.1906                     Acc: 2.38% LR: 0.000006                     Alpha: 0.9537273645401001                     Beta: 3.4056079387664795                     MemKD: 0.19017113745212555
2026-02-01 19:07:45,393 - INFO - Epoch [96/100] Train Loss: -817.8185, Train Acc: 1.61%, Val Loss: 217.3808, Val Acc: 0.80%
2026-02-01 19:08:06,990 - INFO - Epoch [97] Batch [0/35]                     Loss: -832.3170, Hard: 227.5980, Soft: -883.7360                     Acc: 0.00% LR: 0.000004                     Alpha: 0.9537321329116821                     Beta: 3.4057188034057617                     MemKD: 0.19015434384346008
2026-02-01 19:08:10,697 - INFO - Epoch [97] Batch [20/35]                     Loss: -790.9191, Hard: 215.8698, Soft: -839.7566                     Acc: 3.57% LR: 0.000004                     Alpha: 0.9537360072135925                     Beta: 3.4058122634887695                     MemKD: 0.19014020264148712
2026-02-01 19:08:40,254 - INFO - Epoch [97/100] Train Loss: -816.9662, Train Acc: 3.21%, Val Loss: 219.2067, Val Acc: 0.66%
2026-02-01 19:09:02,834 - INFO - Epoch [98] Batch [0/35]                     Loss: -810.1169, Hard: 221.2177, Soft: -860.1417                     Acc: 0.00% LR: 0.000002                     Alpha: 0.9537390470504761                     Beta: 3.4058825969696045                     MemKD: 0.19012963771820068
2026-02-01 19:09:06,701 - INFO - Epoch [98] Batch [20/35]                     Loss: -872.3160, Hard: 238.0811, Soft: -926.1729                     Acc: 2.08% LR: 0.000002                     Alpha: 0.9537413120269775                     Beta: 3.405935049057007                     MemKD: 0.19012165069580078
2026-02-01 19:09:35,566 - INFO - Epoch [98/100] Train Loss: -813.4747, Train Acc: 3.04%, Val Loss: 219.4993, Val Acc: 0.66%
2026-02-01 19:09:59,205 - INFO - Epoch [99] Batch [0/35]                     Loss: -779.3344, Hard: 212.8759, Soft: -827.4570                     Acc: 12.50% LR: 0.000001                     Alpha: 0.953743040561676                     Beta: 3.4059743881225586                     MemKD: 0.19011573493480682
2026-02-01 19:10:02,920 - INFO - Epoch [99] Batch [20/35]                     Loss: -872.4108, Hard: 237.9927, Soft: -926.2646                     Acc: 2.68% LR: 0.000001                     Alpha: 0.9537440538406372                     Beta: 3.4059982299804688                     MemKD: 0.19011232256889343
2026-02-01 19:10:32,199 - INFO - Epoch [99/100] Train Loss: -823.2844, Train Acc: 2.50%, Val Loss: 218.0132, Val Acc: 0.80%
2026-02-01 19:10:54,148 - INFO - Epoch [100] Batch [0/35]                     Loss: -793.5763, Hard: 216.4352, Soft: -842.5602                     Acc: 0.00% LR: 0.000000                     Alpha: 0.9537448883056641                     Beta: 3.4060161113739014                     MemKD: 0.19010959565639496
2026-02-01 19:10:57,949 - INFO - Epoch [100] Batch [20/35]                     Loss: -762.1748, Hard: 207.9039, Soft: -809.2219                     Acc: 1.49% LR: 0.000000                     Alpha: 0.9537451267242432                     Beta: 3.4060208797454834                     MemKD: 0.19010886549949646
2026-02-01 19:11:25,985 - INFO - Epoch [100/100] Train Loss: -825.7586, Train Acc: 1.61%, Val Loss: 218.9433, Val Acc: 0.66%
2026-02-01 19:11:26,036 - INFO - Checkpoint saved at epoch 100
2026-02-01 19:11:26,036 - INFO - ==================================================
2026-02-01 19:11:26,036 - INFO - Training finished! Best accuracy: 75.40%
2026-02-01 19:11:26,036 - INFO - ==================================================
