2026-02-09 03:30:57,349 - INFO - ==================================================
2026-02-09 03:30:57,350 - INFO - Distillation Training Configuration
2026-02-09 03:30:57,350 - INFO - ==================================================
2026-02-09 03:30:57,350 - INFO - GPUs: [4, 5, 6, 7]
2026-02-09 03:30:57,350 - INFO - World size: 4
2026-02-09 03:30:57,350 - INFO - Dataset: /media/hdd1/chuxiaohui/AI4Ocean_UATR/ShipsEar_622
2026-02-09 03:30:57,350 - INFO - Data type: wav_s@wav_t
2026-02-09 03:30:57,350 - INFO - Batch size: 16
2026-02-09 03:30:57,350 - INFO - Epochs: 100
2026-02-09 03:30:57,350 - INFO - Learning rate: 0.0005
2026-02-09 03:30:57,350 - INFO - Temperature: 2.0
2026-02-09 03:30:57,350 - INFO - Alpha: 0.3
2026-02-09 03:30:57,350 - INFO - Save dir: checkpoints/grid_shipsear/num_epochs100_weight_decay0.0001_batch_size16_lr0.0005_distill_typeMTSKD_Temp_freezeFalse_USE_DYNAMIC_DISTILL_WEIGHTTrue_p_encoder0.2_p_classifier0.2
2026-02-09 03:30:57,350 - INFO - ==================================================
2026-02-09 03:30:57,405 - INFO - Train dataset size: 2240
2026-02-09 03:30:57,405 - INFO - Validation dataset size: 749
2026-02-09 03:30:58,602 - INFO - Student params: 316,299 (0.32M)
2026-02-09 03:30:58,602 - INFO - Teacher params: 164,415,877 (164.42M)
2026-02-09 03:30:58,602 - INFO - Trainable params: 164,687,249 (164.69M)
2026-02-09 03:30:59,297 - INFO - Start training...
2026-02-09 03:30:59,297 - INFO - No checkpoint found, start from scratch
2026-02-09 03:31:20,438 - INFO - Epoch [1] Batch [0/35]                     Loss: 1.7016, Hard: 1.7016, Soft: 0.5463                     Acc: 12.50% LR: 0.000500                     Alpha: 0.5744425058364868                     Beta: 0.0                     MemKD: 0.5
2026-02-09 03:31:30,228 - INFO - Epoch [1] Batch [20/35]                     Loss: 1.5469, Hard: 1.5469, Soft: 0.3477                     Acc: 36.61% LR: 0.000500                     Alpha: 0.5744425058364868                     Beta: 0.0                     MemKD: 0.5
2026-02-09 03:31:59,673 - INFO - Epoch [1/100] Train Loss: 1.4115, Train Acc: 40.00%, Val Loss: 1.4620, Val Acc: 42.69%
2026-02-09 03:31:59,674 - INFO - Best model saved with accuracy: 42.69%
2026-02-09 03:32:21,074 - INFO - Epoch [2] Batch [0/35]                     Loss: 1.0776, Hard: 1.0776, Soft: 0.1717                     Acc: 43.75% LR: 0.000500                     Alpha: 0.5744425058364868                     Beta: 0.0                     MemKD: 0.5
2026-02-09 03:32:33,171 - INFO - Epoch [2] Batch [20/35]                     Loss: 1.4281, Hard: 1.4281, Soft: 0.2863                     Acc: 47.02% LR: 0.000500                     Alpha: 0.5744425058364868                     Beta: 0.0                     MemKD: 0.5
2026-02-09 03:33:04,769 - INFO - Epoch [2/100] Train Loss: 1.2699, Train Acc: 45.71%, Val Loss: 1.1316, Val Acc: 53.06%
2026-02-09 03:33:04,770 - INFO - Best model saved with accuracy: 53.06%
2026-02-09 03:33:25,965 - INFO - Epoch [3] Batch [0/35]                     Loss: 1.0199, Hard: 1.0199, Soft: 0.1728                     Acc: 50.00% LR: 0.000500                     Alpha: 0.5744425058364868                     Beta: 0.0                     MemKD: 0.5
2026-02-09 03:33:36,370 - INFO - Epoch [3] Batch [20/35]                     Loss: 1.2743, Hard: 1.2743, Soft: 0.2285                     Acc: 45.54% LR: 0.000500                     Alpha: 0.5744425058364868                     Beta: 0.0                     MemKD: 0.5
2026-02-09 03:34:07,346 - INFO - Epoch [3/100] Train Loss: 1.2168, Train Acc: 49.11%, Val Loss: 1.0087, Val Acc: 60.11%
2026-02-09 03:34:07,346 - INFO - Best model saved with accuracy: 60.11%
2026-02-09 03:34:26,566 - INFO - Epoch [4] Batch [0/35]                     Loss: 1.1566, Hard: 1.1566, Soft: 0.1927                     Acc: 50.00% LR: 0.000499                     Alpha: 0.5744425058364868                     Beta: 0.0                     MemKD: 0.5
2026-02-09 03:34:38,474 - INFO - Epoch [4] Batch [20/35]                     Loss: 1.2822, Hard: 1.2822, Soft: 0.2707                     Acc: 52.08% LR: 0.000499                     Alpha: 0.5744425058364868                     Beta: 0.0                     MemKD: 0.5
2026-02-09 03:35:11,324 - INFO - Epoch [4/100] Train Loss: 1.1362, Train Acc: 53.39%, Val Loss: 1.0375, Val Acc: 55.59%
2026-02-09 03:35:32,754 - INFO - Epoch [5] Batch [0/35]                     Loss: 1.1412, Hard: 1.1412, Soft: 0.2339                     Acc: 56.25% LR: 0.000498                     Alpha: 0.5744425058364868                     Beta: 0.0                     MemKD: 0.5
2026-02-09 03:35:44,466 - INFO - Epoch [5] Batch [20/35]                     Loss: 1.1225, Hard: 1.1225, Soft: 0.1821                     Acc: 57.44% LR: 0.000498                     Alpha: 0.5744425058364868                     Beta: 0.0                     MemKD: 0.5
2026-02-09 03:36:16,168 - INFO - Epoch [5/100] Train Loss: 1.0843, Train Acc: 57.86%, Val Loss: 1.0167, Val Acc: 58.91%
2026-02-09 03:36:36,955 - INFO - Epoch [6] Batch [0/35]                     Loss: 1.0710, Hard: 1.0710, Soft: 0.1944                     Acc: 43.75% LR: 0.000497                     Alpha: 0.5744425058364868                     Beta: 0.0                     MemKD: 0.5
2026-02-09 03:36:47,663 - INFO - Epoch [6] Batch [20/35]                     Loss: 1.5122, Hard: 1.5122, Soft: 0.2604                     Acc: 59.52% LR: 0.000497                     Alpha: 0.5744425058364868                     Beta: 0.0                     MemKD: 0.5
2026-02-09 03:37:19,437 - INFO - Epoch [6/100] Train Loss: 1.0326, Train Acc: 60.54%, Val Loss: 0.9058, Val Acc: 63.96%
2026-02-09 03:37:19,438 - INFO - Best model saved with accuracy: 63.96%
2026-02-09 03:37:39,863 - INFO - Epoch [7] Batch [0/35]                     Loss: 0.9672, Hard: 0.9672, Soft: 0.1558                     Acc: 62.50% LR: 0.000496                     Alpha: 0.5744425058364868                     Beta: 0.0                     MemKD: 0.5
2026-02-09 03:37:47,686 - INFO - Epoch [7] Batch [20/35]                     Loss: 0.8955, Hard: 0.8955, Soft: 0.1689                     Acc: 62.50% LR: 0.000496                     Alpha: 0.5744425058364868                     Beta: 0.0                     MemKD: 0.5
2026-02-09 03:38:17,420 - INFO - Epoch [7/100] Train Loss: 0.9821, Train Acc: 62.32%, Val Loss: 0.9217, Val Acc: 62.63%
2026-02-09 03:38:37,922 - INFO - Epoch [8] Batch [0/35]                     Loss: 0.5988, Hard: 0.5988, Soft: 0.1181                     Acc: 81.25% LR: 0.000494                     Alpha: 0.5744425058364868                     Beta: 0.0                     MemKD: 0.5
2026-02-09 03:38:49,297 - INFO - Epoch [8] Batch [20/35]                     Loss: 0.8757, Hard: 0.8757, Soft: 0.1495                     Acc: 60.71% LR: 0.000494                     Alpha: 0.5744425058364868                     Beta: 0.0                     MemKD: 0.5
2026-02-09 03:39:21,110 - INFO - Epoch [8/100] Train Loss: 1.0200, Train Acc: 59.46%, Val Loss: 0.9924, Val Acc: 58.64%
2026-02-09 03:39:41,450 - INFO - Epoch [9] Batch [0/35]                     Loss: 0.7169, Hard: 0.7169, Soft: 0.1108                     Acc: 75.00% LR: 0.000492                     Alpha: 0.5744425058364868                     Beta: 0.0                     MemKD: 0.5
2026-02-09 03:39:53,634 - INFO - Epoch [9] Batch [20/35]                     Loss: 1.4968, Hard: 1.4968, Soft: 0.2573                     Acc: 61.31% LR: 0.000492                     Alpha: 0.5744425058364868                     Beta: 0.0                     MemKD: 0.5
2026-02-09 03:40:26,642 - INFO - Epoch [9/100] Train Loss: 0.9302, Train Acc: 63.57%, Val Loss: 0.8794, Val Acc: 64.76%
2026-02-09 03:40:26,642 - INFO - Best model saved with accuracy: 64.76%
2026-02-09 03:40:47,049 - INFO - Epoch [10] Batch [0/35]                     Loss: 0.9029, Hard: 0.9029, Soft: 0.1771                     Acc: 75.00% LR: 0.000490                     Alpha: 0.5744425058364868                     Beta: 0.0                     MemKD: 0.5
2026-02-09 03:40:58,803 - INFO - Epoch [10] Batch [20/35]                     Loss: 1.0793, Hard: 1.0793, Soft: 0.1562                     Acc: 62.50% LR: 0.000490                     Alpha: 0.5744425058364868                     Beta: 0.0                     MemKD: 0.5
2026-02-09 03:41:31,490 - INFO - Epoch [10/100] Train Loss: 0.8724, Train Acc: 65.71%, Val Loss: 0.8254, Val Acc: 68.88%
2026-02-09 03:41:31,491 - INFO - Best model saved with accuracy: 68.88%
2026-02-09 03:41:31,568 - INFO - Checkpoint saved at epoch 10
2026-02-09 03:41:51,549 - INFO - Epoch [11] Batch [0/35]                     Loss: 0.4923, Hard: 0.4923, Soft: 0.1142                     Acc: 87.50% LR: 0.000488                     Alpha: 0.5744425058364868                     Beta: 0.0                     MemKD: 0.5
2026-02-09 03:42:03,319 - INFO - Epoch [11] Batch [20/35]                     Loss: 0.9577, Hard: 0.9577, Soft: 0.1617                     Acc: 63.99% LR: 0.000488                     Alpha: 0.5744425058364868                     Beta: 0.0                     MemKD: 0.5
2026-02-09 03:42:34,752 - INFO - Epoch [11/100] Train Loss: 0.9090, Train Acc: 63.75%, Val Loss: 0.8429, Val Acc: 68.09%
2026-02-09 03:42:54,270 - INFO - Epoch [12] Batch [0/35]                     Loss: 0.7216, Hard: 0.7216, Soft: 0.1000                     Acc: 68.75% LR: 0.000485                     Alpha: 0.5744425058364868                     Beta: 0.0                     MemKD: 0.5
2026-02-09 03:43:02,181 - INFO - Epoch [12] Batch [20/35]                     Loss: 1.0220, Hard: 1.0220, Soft: 0.1895                     Acc: 73.51% LR: 0.000485                     Alpha: 0.5744425058364868                     Beta: 0.0                     MemKD: 0.5
2026-02-09 03:43:31,243 - INFO - Epoch [12/100] Train Loss: 0.7786, Train Acc: 72.50%, Val Loss: 0.8331, Val Acc: 67.15%
2026-02-09 03:43:52,442 - INFO - Epoch [13] Batch [0/35]                     Loss: 1.5833, Hard: 1.5833, Soft: 0.1815                     Acc: 37.50% LR: 0.000482                     Alpha: 0.5744425058364868                     Beta: 0.0                     MemKD: 0.5
2026-02-09 03:44:03,551 - INFO - Epoch [13] Batch [20/35]                     Loss: 1.1087, Hard: 1.1087, Soft: 0.1799                     Acc: 60.42% LR: 0.000482                     Alpha: 0.5744425058364868                     Beta: 0.0                     MemKD: 0.5
2026-02-09 03:44:37,023 - INFO - Epoch [13/100] Train Loss: 0.9511, Train Acc: 63.93%, Val Loss: 0.7435, Val Acc: 70.61%
2026-02-09 03:44:37,024 - INFO - Best model saved with accuracy: 70.61%
2026-02-09 03:44:58,882 - INFO - Epoch [14] Batch [0/35]                     Loss: 0.7139, Hard: 0.7139, Soft: 0.1006                     Acc: 68.75% LR: 0.000479                     Alpha: 0.5744425058364868                     Beta: 0.0                     MemKD: 0.5
2026-02-09 03:45:10,517 - INFO - Epoch [14] Batch [20/35]                     Loss: 0.6138, Hard: 0.6138, Soft: 0.1287                     Acc: 67.86% LR: 0.000479                     Alpha: 0.5744425058364868                     Beta: 0.0                     MemKD: 0.5
2026-02-09 03:45:42,631 - INFO - Epoch [14/100] Train Loss: 0.8452, Train Acc: 68.39%, Val Loss: 0.7786, Val Acc: 70.48%
2026-02-09 03:46:03,091 - INFO - Epoch [15] Batch [0/35]                     Loss: 0.8349, Hard: 0.8349, Soft: 0.1539                     Acc: 68.75% LR: 0.000476                     Alpha: 0.5744425058364868                     Beta: 0.0                     MemKD: 0.5
2026-02-09 03:46:14,460 - INFO - Epoch [15] Batch [20/35]                     Loss: 0.7810, Hard: 0.7810, Soft: 0.1322                     Acc: 71.73% LR: 0.000476                     Alpha: 0.5744425058364868                     Beta: 0.0                     MemKD: 0.5
2026-02-09 03:46:45,396 - INFO - Epoch [15/100] Train Loss: 0.7992, Train Acc: 71.61%, Val Loss: 0.8585, Val Acc: 66.36%
2026-02-09 03:47:06,016 - INFO - Epoch [16] Batch [0/35]                     Loss: 0.9161, Hard: 0.9161, Soft: 0.2089                     Acc: 68.75% LR: 0.000473                     Alpha: 0.5744425058364868                     Beta: 0.0                     MemKD: 0.5
2026-02-09 03:47:16,555 - INFO - Epoch [16] Batch [20/35]                     Loss: 0.7631, Hard: 0.7631, Soft: 0.1155                     Acc: 67.56% LR: 0.000473                     Alpha: 0.5744425058364868                     Beta: 0.0                     MemKD: 0.5
2026-02-09 03:47:47,293 - INFO - Epoch [16/100] Train Loss: 0.8440, Train Acc: 67.68%, Val Loss: 0.8604, Val Acc: 65.56%
2026-02-09 03:48:08,534 - INFO - Epoch [17] Batch [0/35]                     Loss: 0.8082, Hard: 0.8082, Soft: 0.2121                     Acc: 62.50% LR: 0.000469                     Alpha: 0.5744425058364868                     Beta: 0.0                     MemKD: 0.5
2026-02-09 03:48:16,330 - INFO - Epoch [17] Batch [20/35]                     Loss: 0.6891, Hard: 0.6891, Soft: 0.1412                     Acc: 70.24% LR: 0.000469                     Alpha: 0.5744425058364868                     Beta: 0.0                     MemKD: 0.5
2026-02-09 03:48:46,232 - INFO - Epoch [17/100] Train Loss: 0.7929, Train Acc: 69.82%, Val Loss: 0.8122, Val Acc: 67.15%
2026-02-09 03:49:06,191 - INFO - Epoch [18] Batch [0/35]                     Loss: 1.0670, Hard: 1.0670, Soft: 0.2279                     Acc: 62.50% LR: 0.000465                     Alpha: 0.5744425058364868                     Beta: 0.0                     MemKD: 0.5
2026-02-09 03:49:17,916 - INFO - Epoch [18] Batch [20/35]                     Loss: 0.7809, Hard: 0.7809, Soft: 0.1625                     Acc: 71.73% LR: 0.000465                     Alpha: 0.5744425058364868                     Beta: 0.0                     MemKD: 0.5
2026-02-09 03:49:49,370 - INFO - Epoch [18/100] Train Loss: 0.7456, Train Acc: 71.25%, Val Loss: 0.7784, Val Acc: 71.14%
2026-02-09 03:49:49,370 - INFO - Best model saved with accuracy: 71.14%
2026-02-09 03:50:07,987 - INFO - Epoch [19] Batch [0/35]                     Loss: 0.5653, Hard: 0.5653, Soft: 0.1061                     Acc: 81.25% LR: 0.000461                     Alpha: 0.5744425058364868                     Beta: 0.0                     MemKD: 0.5
2026-02-09 03:50:19,084 - INFO - Epoch [19] Batch [20/35]                     Loss: 0.7068, Hard: 0.7068, Soft: 0.1988                     Acc: 72.92% LR: 0.000461                     Alpha: 0.5744425058364868                     Beta: 0.0                     MemKD: 0.5
2026-02-09 03:50:51,498 - INFO - Epoch [19/100] Train Loss: 0.7689, Train Acc: 71.25%, Val Loss: 0.8243, Val Acc: 67.29%
2026-02-09 03:51:11,683 - INFO - Epoch [20] Batch [0/35]                     Loss: 0.7033, Hard: 0.7033, Soft: 0.1191                     Acc: 68.75% LR: 0.000457                     Alpha: 0.5744425058364868                     Beta: 0.0                     MemKD: 0.5
2026-02-09 03:51:22,658 - INFO - Epoch [20] Batch [20/35]                     Loss: 0.9817, Hard: 0.9817, Soft: 0.1651                     Acc: 70.24% LR: 0.000457                     Alpha: 0.5744425058364868                     Beta: 0.0                     MemKD: 0.5
2026-02-09 03:51:55,382 - INFO - Epoch [20/100] Train Loss: 0.7529, Train Acc: 68.75%, Val Loss: 0.8264, Val Acc: 65.82%
2026-02-09 03:51:55,451 - INFO - Checkpoint saved at epoch 20
2026-02-09 03:52:14,840 - INFO - Epoch [21] Batch [0/35]                     Loss: 0.6779, Hard: 0.6743, Soft: 0.1459                     Acc: 62.50% LR: 0.000452                     Alpha: 0.5744425058364868                     Beta: 0.0                     MemKD: 0.5
2026-02-09 03:52:26,522 - INFO - Epoch [21] Batch [20/35]                     Loss: 0.5395, Hard: 0.5371, Soft: 0.0943                     Acc: 75.89% LR: 0.000452                     Alpha: 0.5744425058364868                     Beta: -0.038010407239198685                     MemKD: 0.5075641870498657
2026-02-09 03:52:58,997 - INFO - Epoch [21/100] Train Loss: 0.7190, Train Acc: 74.29%, Val Loss: 0.9496, Val Acc: 65.03%
2026-02-09 03:53:20,294 - INFO - Epoch [22] Batch [0/35]                     Loss: 1.2253, Hard: 1.2156, Soft: 0.1940                     Acc: 50.00% LR: 0.000448                     Alpha: 0.5744425058364868                     Beta: -0.06437220424413681                     MemKD: 0.5132511258125305
2026-02-09 03:53:28,166 - INFO - Epoch [22] Batch [20/35]                     Loss: 0.7254, Hard: 0.7215, Soft: 0.0781                     Acc: 71.43% LR: 0.000448                     Alpha: 0.5744425058364868                     Beta: -0.1009044349193573                     MemKD: 0.5195751786231995
2026-02-09 03:53:59,160 - INFO - Epoch [22/100] Train Loss: 0.7441, Train Acc: 71.96%, Val Loss: 0.7503, Val Acc: 70.61%
2026-02-09 03:54:20,538 - INFO - Epoch [23] Batch [0/35]                     Loss: 0.6543, Hard: 0.6469, Soft: 0.0989                     Acc: 81.25% LR: 0.000443                     Alpha: 0.5744425058364868                     Beta: -0.12503425776958466                     MemKD: 0.5227330923080444
2026-02-09 03:54:32,335 - INFO - Epoch [23] Batch [20/35]                     Loss: 0.7831, Hard: 0.7742, Soft: 0.1197                     Acc: 76.19% LR: 0.000443                     Alpha: 0.5744425058364868                     Beta: -0.15616008639335632                     MemKD: 0.5255463719367981
2026-02-09 03:55:05,056 - INFO - Epoch [23/100] Train Loss: 0.6626, Train Acc: 75.89%, Val Loss: 0.8239, Val Acc: 66.09%
2026-02-09 03:55:24,850 - INFO - Epoch [24] Batch [0/35]                     Loss: 0.4806, Hard: 0.4753, Soft: 0.0525                     Acc: 81.25% LR: 0.000438                     Alpha: 0.5744425058364868                     Beta: -0.17750218510627747                     MemKD: 0.525437593460083
2026-02-09 03:55:36,651 - INFO - Epoch [24] Batch [20/35]                     Loss: 0.3837, Hard: 0.3835, Soft: 0.0022                     Acc: 75.60% LR: 0.000438                     Alpha: 0.5744425058364868                     Beta: -0.20685185492038727                     MemKD: 0.5236316919326782
2026-02-09 03:56:09,356 - INFO - Epoch [24/100] Train Loss: 0.6832, Train Acc: 73.93%, Val Loss: 0.7247, Val Acc: 73.40%
2026-02-09 03:56:09,357 - INFO - Best model saved with accuracy: 73.40%
2026-02-09 03:56:31,164 - INFO - Epoch [25] Batch [0/35]                     Loss: 1.0345, Hard: 1.0204, Soft: 0.1129                     Acc: 62.50% LR: 0.000432                     Alpha: 0.5744425058364868                     Beta: -0.2275669276714325                     MemKD: 0.5216681361198425
2026-02-09 03:56:42,234 - INFO - Epoch [25] Batch [20/35]                     Loss: 0.4883, Hard: 0.4899, Soft: -0.0125                     Acc: 73.21% LR: 0.000432                     Alpha: 0.5744425058364868                     Beta: -0.256013423204422                     MemKD: 0.5160377621650696
2026-02-09 03:57:14,962 - INFO - Epoch [25/100] Train Loss: 0.6934, Train Acc: 73.57%, Val Loss: 0.6865, Val Acc: 73.54%
2026-02-09 03:57:14,962 - INFO - Best model saved with accuracy: 73.54%
2026-02-09 03:57:35,649 - INFO - Epoch [26] Batch [0/35]                     Loss: 0.3361, Hard: 0.3372, Soft: -0.0071                     Acc: 93.75% LR: 0.000427                     Alpha: 0.5744425058364868                     Beta: -0.276034951210022                     MemKD: 0.5121292471885681
2026-02-09 03:57:46,215 - INFO - Epoch [26] Batch [20/35]                     Loss: 0.9141, Hard: 0.9125, Soft: 0.0107                     Acc: 77.08% LR: 0.000427                     Alpha: 0.5744425058364868                     Beta: -0.30152931809425354                     MemKD: 0.5064272284507751
2026-02-09 03:58:18,492 - INFO - Epoch [26/100] Train Loss: 0.6362, Train Acc: 76.61%, Val Loss: 0.6675, Val Acc: 73.94%
2026-02-09 03:58:18,492 - INFO - Best model saved with accuracy: 73.94%
2026-02-09 03:58:38,878 - INFO - Epoch [27] Batch [0/35]                     Loss: 0.4584, Hard: 0.4673, Soft: -0.0507                     Acc: 75.00% LR: 0.000421                     Alpha: 0.5744425058364868                     Beta: -0.320132851600647                     MemKD: 0.5016212463378906
2026-02-09 03:58:46,764 - INFO - Epoch [27] Batch [20/35]                     Loss: 0.3672, Hard: 0.3818, Soft: -0.0837                     Acc: 74.11% LR: 0.000421                     Alpha: 0.5744425058364868                     Beta: -0.3450566232204437                     MemKD: 0.4952441453933716
2026-02-09 03:59:14,249 - INFO - Epoch [27/100] Train Loss: 0.6972, Train Acc: 73.39%, Val Loss: 0.7142, Val Acc: 73.40%
2026-02-09 03:59:34,363 - INFO - Epoch [28] Batch [0/35]                     Loss: 1.0236, Hard: 1.0062, Soft: 0.0869                     Acc: 56.25% LR: 0.000415                     Alpha: 0.5744425058364868                     Beta: -0.3626467287540436                     MemKD: 0.49069979786872864
2026-02-09 03:59:45,516 - INFO - Epoch [28] Batch [20/35]                     Loss: 0.4097, Hard: 0.4158, Soft: -0.0307                     Acc: 75.60% LR: 0.000415                     Alpha: 0.5744425058364868                     Beta: -0.38521748781204224                     MemKD: 0.4850589632987976
2026-02-09 04:00:18,626 - INFO - Epoch [28/100] Train Loss: 0.6160, Train Acc: 76.61%, Val Loss: 0.6917, Val Acc: 72.07%
2026-02-09 04:00:39,892 - INFO - Epoch [29] Batch [0/35]                     Loss: 0.4891, Hard: 0.5114, Soft: -0.0993                     Acc: 87.50% LR: 0.000409                     Alpha: 0.5744425058364868                     Beta: -0.40278029441833496                     MemKD: 0.47989189624786377
2026-02-09 04:00:51,436 - INFO - Epoch [29] Batch [20/35]                     Loss: 0.6034, Hard: 0.6119, Soft: -0.0379                     Acc: 77.68% LR: 0.000409                     Alpha: 0.5744425058364868                     Beta: -0.4259728789329529                     MemKD: 0.4731430113315582
2026-02-09 04:01:24,010 - INFO - Epoch [29/100] Train Loss: 0.5757, Train Acc: 78.93%, Val Loss: 0.9309, Val Acc: 66.89%
2026-02-09 04:01:43,933 - INFO - Epoch [30] Batch [0/35]                     Loss: 0.6788, Hard: 0.6845, Soft: -0.0231                     Acc: 62.50% LR: 0.000403                     Alpha: 0.5744425058364868                     Beta: -0.4436236619949341                     MemKD: 0.46795928478240967
2026-02-09 04:01:55,365 - INFO - Epoch [30] Batch [20/35]                     Loss: 0.8960, Hard: 0.8974, Soft: -0.0057                     Acc: 76.19% LR: 0.000403                     Alpha: 0.5744425058364868                     Beta: -0.46638187766075134                     MemKD: 0.461239755153656
2026-02-09 04:02:27,994 - INFO - Epoch [30/100] Train Loss: 0.6147, Train Acc: 75.18%, Val Loss: 0.6079, Val Acc: 77.93%
2026-02-09 04:02:27,994 - INFO - Best model saved with accuracy: 77.93%
2026-02-09 04:02:28,084 - INFO - Checkpoint saved at epoch 30
2026-02-09 04:02:49,013 - INFO - Epoch [31] Batch [0/35]                     Loss: 0.6666, Hard: 0.6785, Soft: -0.0432                     Acc: 68.75% LR: 0.000397                     Alpha: 0.5744425058364868                     Beta: -0.4829747974872589                     MemKD: 0.4565924108028412
2026-02-09 04:03:00,861 - INFO - Epoch [31] Batch [20/35]                     Loss: 0.3780, Hard: 0.4208, Soft: -0.1556                     Acc: 77.98% LR: 0.000397                     Alpha: 0.5744425058364868                     Beta: -0.504028856754303                     MemKD: 0.4507996141910553
2026-02-09 04:03:34,172 - INFO - Epoch [31/100] Train Loss: 0.5649, Train Acc: 77.50%, Val Loss: 0.6880, Val Acc: 72.34%
2026-02-09 04:03:54,730 - INFO - Epoch [32] Batch [0/35]                     Loss: 0.6687, Hard: 0.7079, Soft: -0.1309                     Acc: 68.75% LR: 0.000391                     Alpha: 0.5744425058364868                     Beta: -0.5197246074676514                     MemKD: 0.4463964104652405
2026-02-09 04:04:02,553 - INFO - Epoch [32] Batch [20/35]                     Loss: 0.4929, Hard: 0.5339, Soft: -0.1366                     Acc: 77.98% LR: 0.000391                     Alpha: 0.5744425058364868                     Beta: -0.5407558083534241                     MemKD: 0.44040459394454956
2026-02-09 04:04:29,758 - INFO - Epoch [32/100] Train Loss: 0.5117, Train Acc: 79.11%, Val Loss: 0.6837, Val Acc: 73.27%
2026-02-09 04:04:50,606 - INFO - Epoch [33] Batch [0/35]                     Loss: 0.2926, Hard: 0.3729, Soft: -0.2470                     Acc: 93.75% LR: 0.000384                     Alpha: 0.5744425058364868                     Beta: -0.5565620064735413                     MemKD: 0.4359065294265747
2026-02-09 04:05:02,497 - INFO - Epoch [33] Batch [20/35]                     Loss: 0.6817, Hard: 0.7439, Soft: -0.1916                     Acc: 77.38% LR: 0.000384                     Alpha: 0.5744425058364868                     Beta: -0.5773470401763916                     MemKD: 0.43007853627204895
2026-02-09 04:05:35,074 - INFO - Epoch [33/100] Train Loss: 0.5344, Train Acc: 77.32%, Val Loss: 0.7413, Val Acc: 73.80%
2026-02-09 04:05:54,763 - INFO - Epoch [34] Batch [0/35]                     Loss: 0.4010, Hard: 0.5029, Soft: -0.2912                     Acc: 81.25% LR: 0.000377                     Alpha: 0.5744425058364868                     Beta: -0.5919948220252991                     MemKD: 0.426247239112854
2026-02-09 04:06:05,252 - INFO - Epoch [34] Batch [20/35]                     Loss: 0.5021, Hard: 0.5900, Soft: -0.2511                     Acc: 80.36% LR: 0.000377                     Alpha: 0.5744425058364868                     Beta: -0.6121798753738403                     MemKD: 0.4207499027252197
2026-02-09 04:06:36,359 - INFO - Epoch [34/100] Train Loss: 0.5071, Train Acc: 77.32%, Val Loss: 0.7819, Val Acc: 70.48%
2026-02-09 04:06:56,222 - INFO - Epoch [35] Batch [0/35]                     Loss: 1.0902, Hard: 1.1102, Soft: -0.0536                     Acc: 56.25% LR: 0.000370                     Alpha: 0.5744425058364868                     Beta: -0.6263560652732849                     MemKD: 0.4170280694961548
2026-02-09 04:07:07,060 - INFO - Epoch [35] Batch [20/35]                     Loss: 0.2201, Hard: 0.3562, Soft: -0.3628                     Acc: 77.98% LR: 0.000370                     Alpha: 0.5744425058364868                     Beta: -0.6450738906860352                     MemKD: 0.4120396375656128
2026-02-09 04:07:39,215 - INFO - Epoch [35/100] Train Loss: 0.5018, Train Acc: 78.04%, Val Loss: 0.6988, Val Acc: 74.20%
2026-02-09 04:08:00,277 - INFO - Epoch [36] Batch [0/35]                     Loss: 0.3381, Hard: 0.4849, Soft: -0.3670                     Acc: 75.00% LR: 0.000363                     Alpha: 0.5744425058364868                     Beta: -0.6589519381523132                     MemKD: 0.408342182636261
2026-02-09 04:08:11,909 - INFO - Epoch [36] Batch [20/35]                     Loss: 0.5073, Hard: 0.6225, Soft: -0.2880                     Acc: 78.87% LR: 0.000363                     Alpha: 0.5744425058364868                     Beta: -0.6772834062576294                     MemKD: 0.4033709764480591
2026-02-09 04:08:46,550 - INFO - Epoch [36/100] Train Loss: 0.4287, Train Acc: 78.04%, Val Loss: 0.6678, Val Acc: 74.60%
2026-02-09 04:09:08,867 - INFO - Epoch [37] Batch [0/35]                     Loss: 0.0989, Hard: 0.3234, Soft: -0.5280                     Acc: 87.50% LR: 0.000356                     Alpha: 0.5744425058364868                     Beta: -0.6902488470077515                     MemKD: 0.3999614417552948
2026-02-09 04:09:17,785 - INFO - Epoch [37] Batch [20/35]                     Loss: 0.5621, Hard: 0.7276, Soft: -0.3893                     Acc: 78.57% LR: 0.000356                     Alpha: 0.5744425058364868                     Beta: -0.7074442505836487                     MemKD: 0.39543619751930237
2026-02-09 04:09:48,295 - INFO - Epoch [37/100] Train Loss: 0.3339, Train Acc: 80.00%, Val Loss: 0.5549, Val Acc: 79.79%
2026-02-09 04:09:48,295 - INFO - Best model saved with accuracy: 79.79%
2026-02-09 04:10:09,373 - INFO - Epoch [38] Batch [0/35]                     Loss: 0.0721, Hard: 0.2736, Soft: -0.4477                     Acc: 93.75% LR: 0.000349                     Alpha: 0.5744425058364868                     Beta: -0.7200942635536194                     MemKD: 0.3920626938343048
2026-02-09 04:10:21,115 - INFO - Epoch [38] Batch [20/35]                     Loss: 0.8451, Hard: 0.9587, Soft: -0.2523                     Acc: 81.25% LR: 0.000349                     Alpha: 0.5744425058364868                     Beta: -0.7366358637809753                     MemKD: 0.3876643776893616
2026-02-09 04:10:53,235 - INFO - Epoch [38/100] Train Loss: 0.2994, Train Acc: 81.25%, Val Loss: 0.5772, Val Acc: 77.39%
2026-02-09 04:11:12,619 - INFO - Epoch [39] Batch [0/35]                     Loss: 0.2589, Hard: 0.4647, Soft: -0.4332                     Acc: 81.25% LR: 0.000342                     Alpha: 0.5744425058364868                     Beta: -0.7483052015304565                     MemKD: 0.3846430480480194
2026-02-09 04:11:24,148 - INFO - Epoch [39] Batch [20/35]                     Loss: 0.0594, Hard: 0.3170, Soft: -0.5423                     Acc: 83.04% LR: 0.000342                     Alpha: 0.5744425058364868                     Beta: -0.7637130618095398                     MemKD: 0.3806374967098236
2026-02-09 04:11:56,006 - INFO - Epoch [39/100] Train Loss: 0.2569, Train Acc: 81.43%, Val Loss: 0.5453, Val Acc: 79.52%
2026-02-09 04:12:16,588 - INFO - Epoch [40] Batch [0/35]                     Loss: 0.3703, Hard: 0.5907, Soft: -0.4408                     Acc: 68.75% LR: 0.000335                     Alpha: 0.5744425058364868                     Beta: -0.7750880718231201                     MemKD: 0.3776990473270416
2026-02-09 04:12:27,821 - INFO - Epoch [40] Batch [20/35]                     Loss: 0.1299, Hard: 0.4150, Soft: -0.5703                     Acc: 80.95% LR: 0.000335                     Alpha: 0.5744425058364868                     Beta: -0.7895565629005432                     MemKD: 0.3740293085575104
2026-02-09 04:13:01,593 - INFO - Epoch [40/100] Train Loss: 0.2913, Train Acc: 80.18%, Val Loss: 0.5418, Val Acc: 77.93%
2026-02-09 04:13:01,639 - INFO - Checkpoint saved at epoch 40
2026-02-09 04:13:23,947 - INFO - Epoch [41] Batch [0/35]                     Loss: -0.0309, Hard: 0.2852, Soft: -0.6021                     Acc: 93.75% LR: 0.000327                     Alpha: 0.5744425058364868                     Beta: -0.8002414107322693                     MemKD: 0.3713208734989166
2026-02-09 04:13:34,568 - INFO - Epoch [41] Batch [20/35]                     Loss: 0.1179, Hard: 0.3965, Soft: -0.5308                     Acc: 80.06% LR: 0.000327                     Alpha: 0.5744425058364868                     Beta: -0.8141034245491028                     MemKD: 0.36784908175468445
2026-02-09 04:14:06,897 - INFO - Epoch [41/100] Train Loss: 0.2281, Train Acc: 81.25%, Val Loss: 0.5111, Val Acc: 79.92%
2026-02-09 04:14:06,898 - INFO - Best model saved with accuracy: 79.92%
2026-02-09 04:14:27,777 - INFO - Epoch [42] Batch [0/35]                     Loss: 0.3914, Hard: 0.6952, Soft: -0.5525                     Acc: 68.75% LR: 0.000320                     Alpha: 0.5744425058364868                     Beta: -0.8244412541389465                     MemKD: 0.3652559816837311
2026-02-09 04:14:38,963 - INFO - Epoch [42] Batch [20/35]                     Loss: 0.5973, Hard: 0.8244, Soft: -0.4129                     Acc: 84.52% LR: 0.000320                     Alpha: 0.5744425058364868                     Beta: -0.8381751179695129                     MemKD: 0.36179298162460327
2026-02-09 04:15:08,919 - INFO - Epoch [42/100] Train Loss: 0.1145, Train Acc: 84.82%, Val Loss: 0.4993, Val Acc: 80.98%
2026-02-09 04:15:08,919 - INFO - Best model saved with accuracy: 80.98%
2026-02-09 04:15:30,349 - INFO - Epoch [43] Batch [0/35]                     Loss: 0.0735, Hard: 0.4589, Soft: -0.6704                     Acc: 87.50% LR: 0.000312                     Alpha: 0.5744425058364868                     Beta: -0.8482662439346313                     MemKD: 0.35924944281578064
2026-02-09 04:15:41,347 - INFO - Epoch [43] Batch [20/35]                     Loss: 0.2357, Hard: 0.5358, Soft: -0.5220                     Acc: 80.65% LR: 0.000312                     Alpha: 0.5744425058364868                     Beta: -0.8612619042396545                     MemKD: 0.35602468252182007
2026-02-09 04:16:12,474 - INFO - Epoch [43/100] Train Loss: 0.0975, Train Acc: 83.04%, Val Loss: 0.5807, Val Acc: 77.93%
2026-02-09 04:16:32,194 - INFO - Epoch [44] Batch [0/35]                     Loss: -0.0391, Hard: 0.3914, Soft: -0.7175                     Acc: 87.50% LR: 0.000305                     Alpha: 0.5744425058364868                     Beta: -0.8708223700523376                     MemKD: 0.3536635637283325
2026-02-09 04:16:44,333 - INFO - Epoch [44] Batch [20/35]                     Loss: -0.0202, Hard: 0.3949, Soft: -0.6917                     Acc: 85.42% LR: 0.000305                     Alpha: 0.5744425058364868                     Beta: -0.8833557963371277                     MemKD: 0.3505704998970032
2026-02-09 04:17:17,427 - INFO - Epoch [44/100] Train Loss: 0.0633, Train Acc: 84.11%, Val Loss: 0.5971, Val Acc: 76.46%
2026-02-09 04:17:37,669 - INFO - Epoch [45] Batch [0/35]                     Loss: 0.0344, Hard: 0.4365, Soft: -0.6432                     Acc: 81.25% LR: 0.000297                     Alpha: 0.5744425058364868                     Beta: -0.8924157023429871                     MemKD: 0.3483688533306122
2026-02-09 04:17:49,379 - INFO - Epoch [45] Batch [20/35]                     Loss: 0.1247, Hard: 0.5247, Soft: -0.6401                     Acc: 84.23% LR: 0.000297                     Alpha: 0.5744425058364868                     Beta: -0.9043851494789124                     MemKD: 0.3454407751560211
2026-02-09 04:18:21,214 - INFO - Epoch [45/100] Train Loss: 0.0252, Train Acc: 83.93%, Val Loss: 0.5607, Val Acc: 78.99%
2026-02-09 04:18:41,543 - INFO - Epoch [46] Batch [0/35]                     Loss: 0.3710, Hard: 0.7375, Soft: -0.5638                     Acc: 75.00% LR: 0.000289                     Alpha: 0.5744425058364868                     Beta: -0.9130856990814209                     MemKD: 0.3433544635772705
2026-02-09 04:18:52,407 - INFO - Epoch [46] Batch [20/35]                     Loss: -0.1315, Hard: 0.3646, Soft: -0.7632                     Acc: 83.04% LR: 0.000289                     Alpha: 0.5744425058364868                     Beta: -0.9243828654289246                     MemKD: 0.34065762162208557
2026-02-09 04:19:24,806 - INFO - Epoch [46/100] Train Loss: -0.0200, Train Acc: 83.75%, Val Loss: 0.4819, Val Acc: 82.58%
2026-02-09 04:19:24,806 - INFO - Best model saved with accuracy: 82.58%
2026-02-09 04:19:45,130 - INFO - Epoch [47] Batch [0/35]                     Loss: -0.0358, Hard: 0.4528, Soft: -0.7240                     Acc: 75.00% LR: 0.000281                     Alpha: 0.5744425058364868                     Beta: -0.9329798221588135                     MemKD: 0.3385832905769348
2026-02-09 04:19:56,798 - INFO - Epoch [47] Batch [20/35]                     Loss: 0.5911, Hard: 0.9695, Soft: -0.5606                     Acc: 79.46% LR: 0.000281                     Alpha: 0.5744425058364868                     Beta: -0.9437187314033508                     MemKD: 0.33604228496551514
2026-02-09 04:20:29,611 - INFO - Epoch [47/100] Train Loss: -0.0237, Train Acc: 81.07%, Val Loss: 0.5322, Val Acc: 76.06%
2026-02-09 04:20:50,436 - INFO - Epoch [48] Batch [0/35]                     Loss: 0.2090, Hard: 0.6242, Soft: -0.5931                     Acc: 81.25% LR: 0.000274                     Alpha: 0.5744425058364868                     Beta: -0.9518642425537109                     MemKD: 0.334114670753479
2026-02-09 04:20:59,338 - INFO - Epoch [48] Batch [20/35]                     Loss: -0.3275, Hard: 0.2576, Soft: -0.8360                     Acc: 81.85% LR: 0.000274                     Alpha: 0.5744425058364868                     Beta: -0.9622820019721985                     MemKD: 0.3316785395145416
2026-02-09 04:21:31,370 - INFO - Epoch [48/100] Train Loss: -0.0243, Train Acc: 81.96%, Val Loss: 0.7531, Val Acc: 74.60%
2026-02-09 04:21:51,802 - INFO - Epoch [49] Batch [0/35]                     Loss: -0.1948, Hard: 0.3287, Soft: -0.7220                     Acc: 87.50% LR: 0.000266                     Alpha: 0.5744425058364868                     Beta: -0.969955563545227                     MemKD: 0.3298894166946411
2026-02-09 04:22:03,392 - INFO - Epoch [49] Batch [20/35]                     Loss: 0.0167, Hard: 0.5236, Soft: -0.6992                     Acc: 81.25% LR: 0.000266                     Alpha: 0.5744425058364868                     Beta: -0.9798222780227661                     MemKD: 0.3275998532772064
2026-02-09 04:22:35,968 - INFO - Epoch [49/100] Train Loss: -0.0647, Train Acc: 83.21%, Val Loss: 0.4864, Val Acc: 81.38%
2026-02-09 04:22:56,845 - INFO - Epoch [50] Batch [0/35]                     Loss: -0.2438, Hard: 0.3874, Soft: -0.8416                     Acc: 87.50% LR: 0.000258                     Alpha: 0.5744425058364868                     Beta: -0.9871191382408142                     MemKD: 0.3259091377258301
2026-02-09 04:23:08,463 - INFO - Epoch [50] Batch [20/35]                     Loss: -0.2855, Hard: 0.3177, Soft: -0.8043                     Acc: 82.74% LR: 0.000258                     Alpha: 0.5744425058364868                     Beta: -0.99665367603302                     MemKD: 0.3236999213695526
2026-02-09 04:23:39,542 - INFO - Epoch [50/100] Train Loss: -0.1324, Train Acc: 83.57%, Val Loss: 0.6032, Val Acc: 76.73%
2026-02-09 04:23:39,589 - INFO - Checkpoint saved at epoch 50
2026-02-09 04:23:58,916 - INFO - Epoch [51] Batch [0/35]                     Loss: -0.0887, Hard: 0.4961, Soft: -0.7546                     Acc: 75.00% LR: 0.000250                     Alpha: 0.5744425058364868                     Beta: -1.003902792930603                     MemKD: 0.3220193088054657
2026-02-09 04:24:10,786 - INFO - Epoch [51] Batch [20/35]                     Loss: -0.1562, Hard: 0.4706, Soft: -0.8087                     Acc: 84.23% LR: 0.000250                     Alpha: 0.5744425058364868                     Beta: -1.0131852626800537                     MemKD: 0.3198898732662201
2026-02-09 04:24:40,967 - INFO - Epoch [51/100] Train Loss: -0.2423, Train Acc: 84.64%, Val Loss: 0.6004, Val Acc: 77.26%
2026-02-09 04:25:00,440 - INFO - Epoch [52] Batch [0/35]                     Loss: -0.0122, Hard: 0.5717, Soft: -0.7299                     Acc: 81.25% LR: 0.000242                     Alpha: 0.5744425058364868                     Beta: -1.0200858116149902                     MemKD: 0.31831130385398865
2026-02-09 04:25:12,086 - INFO - Epoch [52] Batch [20/35]                     Loss: -0.2650, Hard: 0.3627, Soft: -0.7847                     Acc: 82.14% LR: 0.000242                     Alpha: 0.5744425058364868                     Beta: -1.0289015769958496                     MemKD: 0.3163173198699951
2026-02-09 04:25:43,952 - INFO - Epoch [52/100] Train Loss: -0.2304, Train Acc: 83.39%, Val Loss: 0.5258, Val Acc: 80.32%
2026-02-09 04:26:04,412 - INFO - Epoch [53] Batch [0/35]                     Loss: -0.2687, Hard: 0.4116, Soft: -0.8245                     Acc: 81.25% LR: 0.000234                     Alpha: 0.5744425058364868                     Beta: -1.0354084968566895                     MemKD: 0.31484749913215637
2026-02-09 04:26:12,297 - INFO - Epoch [53] Batch [20/35]                     Loss: -0.3865, Hard: 0.3277, Soft: -0.8657                     Acc: 86.31% LR: 0.000234                     Alpha: 0.5744425058364868                     Beta: -1.0439321994781494                     MemKD: 0.31292322278022766
2026-02-09 04:26:40,708 - INFO - Epoch [53/100] Train Loss: -0.3045, Train Acc: 85.00%, Val Loss: 0.4739, Val Acc: 81.52%
2026-02-09 04:27:00,996 - INFO - Epoch [54] Batch [0/35]                     Loss: -0.1628, Hard: 0.5401, Soft: -0.8270                     Acc: 81.25% LR: 0.000226                     Alpha: 0.5744425058364868                     Beta: -1.050252914428711                     MemKD: 0.311506986618042
2026-02-09 04:27:12,784 - INFO - Epoch [54] Batch [20/35]                     Loss: -0.4254, Hard: 0.3665, Soft: -0.9317                     Acc: 84.23% LR: 0.000226                     Alpha: 0.5744425058364868                     Beta: -1.058437466621399                     MemKD: 0.3096650242805481
2026-02-09 04:27:43,725 - INFO - Epoch [54/100] Train Loss: -0.3434, Train Acc: 85.00%, Val Loss: 0.4560, Val Acc: 82.98%
2026-02-09 04:27:43,726 - INFO - Best model saved with accuracy: 82.98%
2026-02-09 04:28:03,481 - INFO - Epoch [55] Batch [0/35]                     Loss: -0.3632, Hard: 0.4139, Soft: -0.8881                     Acc: 81.25% LR: 0.000219                     Alpha: 0.5744425058364868                     Beta: -1.0644375085830688                     MemKD: 0.3083227872848511
2026-02-09 04:28:15,413 - INFO - Epoch [55] Batch [20/35]                     Loss: -0.4061, Hard: 0.3610, Soft: -0.8766                     Acc: 85.42% LR: 0.000219                     Alpha: 0.5744425058364868                     Beta: -1.072172999382019                     MemKD: 0.3066002428531647
2026-02-09 04:28:48,000 - INFO - Epoch [55/100] Train Loss: -0.3864, Train Acc: 83.93%, Val Loss: 0.4737, Val Acc: 81.38%
2026-02-09 04:29:09,947 - INFO - Epoch [56] Batch [0/35]                     Loss: -0.3634, Hard: 0.4446, Soft: -0.8977                     Acc: 87.50% LR: 0.000211                     Alpha: 0.5744425058364868                     Beta: -1.0779573917388916                     MemKD: 0.3053152561187744
2026-02-09 04:29:20,873 - INFO - Epoch [56] Batch [20/35]                     Loss: -0.5849, Hard: 0.2548, Soft: -0.9330                     Acc: 83.04% LR: 0.000211                     Alpha: 0.5744425058364868                     Beta: -1.0852206945419312                     MemKD: 0.3037170469760895
2026-02-09 04:29:52,550 - INFO - Epoch [56/100] Train Loss: -0.4458, Train Acc: 84.46%, Val Loss: 0.4710, Val Acc: 82.45%
2026-02-09 04:30:12,297 - INFO - Epoch [57] Batch [0/35]                     Loss: -0.4145, Hard: 0.4536, Soft: -0.9385                     Acc: 75.00% LR: 0.000203                     Alpha: 0.5744425058364868                     Beta: -1.0907151699066162                     MemKD: 0.3025045394897461
2026-02-09 04:30:24,294 - INFO - Epoch [57] Batch [20/35]                     Loss: -0.6121, Hard: 0.3282, Soft: -1.0166                     Acc: 85.71% LR: 0.000203                     Alpha: 0.5744425058364868                     Beta: -1.0977973937988281                     MemKD: 0.300946444272995
2026-02-09 04:30:53,893 - INFO - Epoch [57/100] Train Loss: -0.5132, Train Acc: 85.36%, Val Loss: 0.5416, Val Acc: 78.19%
2026-02-09 04:31:15,367 - INFO - Epoch [58] Batch [0/35]                     Loss: -0.7820, Hard: 0.2268, Soft: -1.0619                     Acc: 87.50% LR: 0.000195                     Alpha: 0.5744425058364868                     Beta: -1.1031579971313477                     MemKD: 0.2997693121433258
2026-02-09 04:31:23,208 - INFO - Epoch [58] Batch [20/35]                     Loss: -0.8051, Hard: 0.2940, Soft: -1.1569                     Acc: 86.31% LR: 0.000195                     Alpha: 0.5744425058364868                     Beta: -1.1099205017089844                     MemKD: 0.29829728603363037
2026-02-09 04:31:53,188 - INFO - Epoch [58/100] Train Loss: -0.5119, Train Acc: 85.00%, Val Loss: 0.4318, Val Acc: 84.31%
2026-02-09 04:31:53,189 - INFO - Best model saved with accuracy: 84.31%
2026-02-09 04:32:15,559 - INFO - Epoch [59] Batch [0/35]                     Loss: -0.9302, Hard: 0.1757, Soft: -1.1343                     Acc: 100.00% LR: 0.000188                     Alpha: 0.5744425058364868                     Beta: -1.11489737033844                     MemKD: 0.2972157895565033
2026-02-09 04:32:26,978 - INFO - Epoch [59] Batch [20/35]                     Loss: -0.9540, Hard: 0.1686, Soft: -1.1514                     Acc: 87.80% LR: 0.000188                     Alpha: 0.5744425058364868                     Beta: -1.1213139295578003                     MemKD: 0.2958337664604187
2026-02-09 04:33:01,426 - INFO - Epoch [59/100] Train Loss: -0.6305, Train Acc: 87.50%, Val Loss: 0.5202, Val Acc: 80.72%
2026-02-09 04:33:21,923 - INFO - Epoch [60] Batch [0/35]                     Loss: -0.7849, Hard: 0.2530, Soft: -1.0379                     Acc: 87.50% LR: 0.000180                     Alpha: 0.5744425058364868                     Beta: -1.1261669397354126                     MemKD: 0.2947812080383301
2026-02-09 04:33:33,534 - INFO - Epoch [60] Batch [20/35]                     Loss: -0.7562, Hard: 0.2977, Soft: -1.0538                     Acc: 87.20% LR: 0.000180                     Alpha: 0.5744425058364868                     Beta: -1.1322039365768433                     MemKD: 0.2934921979904175
2026-02-09 04:34:05,104 - INFO - Epoch [60/100] Train Loss: -0.6094, Train Acc: 87.68%, Val Loss: 0.4501, Val Acc: 82.85%
2026-02-09 04:34:05,150 - INFO - Checkpoint saved at epoch 60
2026-02-09 04:34:25,558 - INFO - Epoch [61] Batch [0/35]                     Loss: -0.2110, Hard: 0.6562, Soft: -0.8672                     Acc: 75.00% LR: 0.000173                     Alpha: 0.5744425058364868                     Beta: -1.1367391347885132                     MemKD: 0.2925209403038025
2026-02-09 04:34:37,312 - INFO - Epoch [61] Batch [20/35]                     Loss: -0.7088, Hard: 0.3054, Soft: -1.0142                     Acc: 84.82% LR: 0.000173                     Alpha: 0.5744425058364868                     Beta: -1.1423912048339844                     MemKD: 0.2913194000720978
2026-02-09 04:35:08,626 - INFO - Epoch [61/100] Train Loss: -0.6047, Train Acc: 85.36%, Val Loss: 0.5471, Val Acc: 80.32%
2026-02-09 04:35:29,456 - INFO - Epoch [62] Batch [0/35]                     Loss: -0.6355, Hard: 0.3855, Soft: -1.0210                     Acc: 81.25% LR: 0.000165                     Alpha: 0.5744425058364868                     Beta: -1.1465113162994385                     MemKD: 0.29044803977012634
2026-02-09 04:35:40,929 - INFO - Epoch [62] Batch [20/35]                     Loss: -0.6780, Hard: 0.3658, Soft: -1.0438                     Acc: 84.23% LR: 0.000165                     Alpha: 0.5744425058364868                     Beta: -1.1518340110778809                     MemKD: 0.28932255506515503
2026-02-09 04:36:12,069 - INFO - Epoch [62/100] Train Loss: -0.6438, Train Acc: 85.71%, Val Loss: 0.4541, Val Acc: 81.52%
2026-02-09 04:36:33,375 - INFO - Epoch [63] Batch [0/35]                     Loss: -1.1169, Hard: 0.1275, Soft: -1.2443                     Acc: 100.00% LR: 0.000158                     Alpha: 0.5744425058364868                     Beta: -1.1557799577713013                     MemKD: 0.2884862422943115
2026-02-09 04:36:41,191 - INFO - Epoch [63] Batch [20/35]                     Loss: -0.8462, Hard: 0.2660, Soft: -1.1121                     Acc: 88.10% LR: 0.000158                     Alpha: 0.5744425058364868                     Beta: -1.1607565879821777                     MemKD: 0.28742554783821106
2026-02-09 04:37:09,829 - INFO - Epoch [63/100] Train Loss: -0.6939, Train Acc: 87.50%, Val Loss: 0.5202, Val Acc: 80.32%
2026-02-09 04:37:30,284 - INFO - Epoch [64] Batch [0/35]                     Loss: -0.6541, Hard: 0.4178, Soft: -1.0720                     Acc: 87.50% LR: 0.000151                     Alpha: 0.5744425058364868                     Beta: -1.1644827127456665                     MemKD: 0.2866379916667938
2026-02-09 04:37:42,101 - INFO - Epoch [64] Batch [20/35]                     Loss: -0.8088, Hard: 0.2131, Soft: -1.0219                     Acc: 86.01% LR: 0.000151                     Alpha: 0.5744425058364868                     Beta: -1.169121265411377                     MemKD: 0.2856646478176117
2026-02-09 04:38:15,073 - INFO - Epoch [64/100] Train Loss: -0.6945, Train Acc: 86.61%, Val Loss: 0.4749, Val Acc: 82.18%
2026-02-09 04:38:35,831 - INFO - Epoch [65] Batch [0/35]                     Loss: -1.1354, Hard: 0.0883, Soft: -1.2237                     Acc: 100.00% LR: 0.000144                     Alpha: 0.5744425058364868                     Beta: -1.1725317239761353                     MemKD: 0.2849506139755249
2026-02-09 04:38:47,008 - INFO - Epoch [65] Batch [20/35]                     Loss: -0.7033, Hard: 0.3237, Soft: -1.0270                     Acc: 87.80% LR: 0.000144                     Alpha: 0.5744425058364868                     Beta: -1.1768152713775635                     MemKD: 0.2840519845485687
2026-02-09 04:39:19,410 - INFO - Epoch [65/100] Train Loss: -0.7439, Train Acc: 87.50%, Val Loss: 0.5253, Val Acc: 80.45%
2026-02-09 04:39:39,811 - INFO - Epoch [66] Batch [0/35]                     Loss: -1.0293, Hard: 0.1099, Soft: -1.1392                     Acc: 100.00% LR: 0.000137                     Alpha: 0.5744425058364868                     Beta: -1.180062174797058                     MemKD: 0.2833770513534546
2026-02-09 04:39:51,799 - INFO - Epoch [66] Batch [20/35]                     Loss: -0.8509, Hard: 0.2829, Soft: -1.1338                     Acc: 89.29% LR: 0.000137                     Alpha: 0.5744425058364868                     Beta: -1.1841459274291992                     MemKD: 0.28252553939819336
2026-02-09 04:40:23,886 - INFO - Epoch [66/100] Train Loss: -0.7715, Train Acc: 89.11%, Val Loss: 0.4381, Val Acc: 83.51%
2026-02-09 04:40:44,477 - INFO - Epoch [67] Batch [0/35]                     Loss: -0.8281, Hard: 0.3340, Soft: -1.1621                     Acc: 87.50% LR: 0.000130                     Alpha: 0.5744425058364868                     Beta: -1.1871286630630493                     MemKD: 0.28190577030181885
2026-02-09 04:40:55,976 - INFO - Epoch [67] Batch [20/35]                     Loss: -1.1452, Hard: 0.1035, Soft: -1.2488                     Acc: 88.69% LR: 0.000130                     Alpha: 0.5744425058364868                     Beta: -1.1909024715423584                     MemKD: 0.2811218798160553
2026-02-09 04:41:30,611 - INFO - Epoch [67/100] Train Loss: -0.7499, Train Acc: 87.50%, Val Loss: 0.4520, Val Acc: 80.98%
2026-02-09 04:41:49,891 - INFO - Epoch [68] Batch [0/35]                     Loss: -0.2430, Hard: 0.5387, Soft: -0.7816                     Acc: 75.00% LR: 0.000123                     Alpha: 0.5744425058364868                     Beta: -1.1936613321304321                     MemKD: 0.28055045008659363
2026-02-09 04:41:57,742 - INFO - Epoch [68] Batch [20/35]                     Loss: -0.8498, Hard: 0.2742, Soft: -1.1240                     Acc: 88.39% LR: 0.000123                     Alpha: 0.5744425058364868                     Beta: -1.1971503496170044                     MemKD: 0.2798287868499756
2026-02-09 04:42:26,694 - INFO - Epoch [68/100] Train Loss: -0.7614, Train Acc: 87.68%, Val Loss: 0.4794, Val Acc: 82.71%
2026-02-09 04:42:46,936 - INFO - Epoch [69] Batch [0/35]                     Loss: -0.6357, Hard: 0.4417, Soft: -1.0774                     Acc: 87.50% LR: 0.000116                     Alpha: 0.5744425058364868                     Beta: -1.1997421979904175                     MemKD: 0.27929452061653137
2026-02-09 04:42:58,651 - INFO - Epoch [69] Batch [20/35]                     Loss: -0.4492, Hard: 0.5422, Soft: -0.9913                     Acc: 87.20% LR: 0.000116                     Alpha: 0.5744425058364868                     Beta: -1.2029616832733154                     MemKD: 0.27863410115242004
2026-02-09 04:43:31,449 - INFO - Epoch [69/100] Train Loss: -0.7372, Train Acc: 87.50%, Val Loss: 0.4714, Val Acc: 82.71%
2026-02-09 04:43:52,900 - INFO - Epoch [70] Batch [0/35]                     Loss: -0.9193, Hard: 0.2466, Soft: -1.1659                     Acc: 93.75% LR: 0.000109                     Alpha: 0.5744425058364868                     Beta: -1.2053128480911255                     MemKD: 0.2781536877155304
2026-02-09 04:44:04,160 - INFO - Epoch [70] Batch [20/35]                     Loss: -0.7324, Hard: 0.3390, Soft: -1.0714                     Acc: 89.29% LR: 0.000109                     Alpha: 0.5744425058364868                     Beta: -1.2082862854003906                     MemKD: 0.27754470705986023
2026-02-09 04:44:36,367 - INFO - Epoch [70/100] Train Loss: -0.8390, Train Acc: 89.11%, Val Loss: 0.4551, Val Acc: 84.84%
2026-02-09 04:44:36,368 - INFO - Best model saved with accuracy: 84.84%
2026-02-09 04:44:36,431 - INFO - Checkpoint saved at epoch 70
2026-02-09 04:44:58,379 - INFO - Epoch [71] Batch [0/35]                     Loss: -0.5356, Hard: 0.5212, Soft: -1.0568                     Acc: 75.00% LR: 0.000103                     Alpha: 0.5744425058364868                     Beta: -1.2105777263641357                     MemKD: 0.2770725190639496
2026-02-09 04:45:10,243 - INFO - Epoch [71] Batch [20/35]                     Loss: -1.0891, Hard: 0.1892, Soft: -1.2783                     Acc: 88.10% LR: 0.000103                     Alpha: 0.5744425058364868                     Beta: -1.2133792638778687                     MemKD: 0.2764972746372223
2026-02-09 04:45:42,341 - INFO - Epoch [71/100] Train Loss: -0.7848, Train Acc: 87.50%, Val Loss: 0.4732, Val Acc: 83.64%
2026-02-09 04:46:03,567 - INFO - Epoch [72] Batch [0/35]                     Loss: -0.2555, Hard: 0.6922, Soft: -0.9477                     Acc: 75.00% LR: 0.000097                     Alpha: 0.5744425058364868                     Beta: -1.2154417037963867                     MemKD: 0.2760779559612274
2026-02-09 04:46:14,512 - INFO - Epoch [72] Batch [20/35]                     Loss: -0.9788, Hard: 0.2233, Soft: -1.2022                     Acc: 87.50% LR: 0.000097                     Alpha: 0.5744425058364868                     Beta: -1.2180166244506836                     MemKD: 0.2755519151687622
2026-02-09 04:46:46,228 - INFO - Epoch [72/100] Train Loss: -0.8353, Train Acc: 88.75%, Val Loss: 0.3879, Val Acc: 85.37%
2026-02-09 04:46:46,228 - INFO - Best model saved with accuracy: 85.37%
2026-02-09 04:47:05,720 - INFO - Epoch [73] Batch [0/35]                     Loss: -0.8290, Hard: 0.3323, Soft: -1.1613                     Acc: 87.50% LR: 0.000091                     Alpha: 0.5744425058364868                     Beta: -1.219963788986206                     MemKD: 0.27515432238578796
2026-02-09 04:47:13,576 - INFO - Epoch [73] Batch [20/35]                     Loss: -0.8776, Hard: 0.2922, Soft: -1.1698                     Acc: 89.88% LR: 0.000091                     Alpha: 0.5744425058364868                     Beta: -1.2223917245864868                     MemKD: 0.2746584415435791
2026-02-09 04:47:41,801 - INFO - Epoch [73/100] Train Loss: -0.9084, Train Acc: 90.36%, Val Loss: 0.4668, Val Acc: 82.18%
2026-02-09 04:48:01,447 - INFO - Epoch [74] Batch [0/35]                     Loss: -1.1369, Hard: 0.1128, Soft: -1.2497                     Acc: 100.00% LR: 0.000085                     Alpha: 0.5744425058364868                     Beta: -1.2242268323898315                     MemKD: 0.27428215742111206
2026-02-09 04:48:11,964 - INFO - Epoch [74] Batch [20/35]                     Loss: -1.2541, Hard: 0.0549, Soft: -1.3090                     Acc: 88.69% LR: 0.000085                     Alpha: 0.5744425058364868                     Beta: -1.226452350616455                     MemKD: 0.27382951974868774
2026-02-09 04:48:43,946 - INFO - Epoch [74/100] Train Loss: -0.8618, Train Acc: 88.57%, Val Loss: 0.3744, Val Acc: 87.10%
2026-02-09 04:48:43,947 - INFO - Best model saved with accuracy: 87.10%
2026-02-09 04:49:03,760 - INFO - Epoch [75] Batch [0/35]                     Loss: -1.1107, Hard: 0.1503, Soft: -1.2610                     Acc: 93.75% LR: 0.000079                     Alpha: 0.5744425058364868                     Beta: -1.2281367778778076                     MemKD: 0.2734873592853546
2026-02-09 04:49:15,217 - INFO - Epoch [75] Batch [20/35]                     Loss: -0.5952, Hard: 0.4037, Soft: -0.9989                     Acc: 89.58% LR: 0.000079                     Alpha: 0.5744425058364868                     Beta: -1.2301965951919556                     MemKD: 0.2730697691440582
2026-02-09 04:49:48,501 - INFO - Epoch [75/100] Train Loss: -0.9173, Train Acc: 90.18%, Val Loss: 0.4287, Val Acc: 83.91%
2026-02-09 04:50:09,745 - INFO - Epoch [76] Batch [0/35]                     Loss: -0.8561, Hard: 0.3381, Soft: -1.1942                     Acc: 93.75% LR: 0.000073                     Alpha: 0.5744425058364868                     Beta: -1.2317122220993042                     MemKD: 0.27276238799095154
2026-02-09 04:50:20,514 - INFO - Epoch [76] Batch [20/35]                     Loss: -1.1693, Hard: 0.1375, Soft: -1.3068                     Acc: 89.58% LR: 0.000073                     Alpha: 0.5744425058364868                     Beta: -1.2335904836654663                     MemKD: 0.27238279581069946
2026-02-09 04:50:52,904 - INFO - Epoch [76/100] Train Loss: -0.8891, Train Acc: 89.46%, Val Loss: 0.4052, Val Acc: 85.77%
2026-02-09 04:51:14,830 - INFO - Epoch [77] Batch [0/35]                     Loss: -0.8819, Hard: 0.3431, Soft: -1.2250                     Acc: 87.50% LR: 0.000068                     Alpha: 0.5744425058364868                     Beta: -1.2350085973739624                     MemKD: 0.2720954418182373
2026-02-09 04:51:26,396 - INFO - Epoch [77] Batch [20/35]                     Loss: -0.8859, Hard: 0.2697, Soft: -1.1556                     Acc: 90.18% LR: 0.000068                     Alpha: 0.5744425058364868                     Beta: -1.2367260456085205                     MemKD: 0.27174851298332214
2026-02-09 04:51:59,451 - INFO - Epoch [77/100] Train Loss: -0.8693, Train Acc: 90.36%, Val Loss: 0.4351, Val Acc: 84.31%
2026-02-09 04:52:19,829 - INFO - Epoch [78] Batch [0/35]                     Loss: -1.0077, Hard: 0.2440, Soft: -1.2517                     Acc: 87.50% LR: 0.000062                     Alpha: 0.5744425058364868                     Beta: -1.2380021810531616                     MemKD: 0.27149125933647156
2026-02-09 04:52:31,183 - INFO - Epoch [78] Batch [20/35]                     Loss: -0.3487, Hard: 0.7048, Soft: -1.0535                     Acc: 89.58% LR: 0.000062                     Alpha: 0.5744425058364868                     Beta: -1.2395635843276978                     MemKD: 0.27117720246315
2026-02-09 04:52:59,374 - INFO - Epoch [78/100] Train Loss: -0.9303, Train Acc: 90.36%, Val Loss: 0.3948, Val Acc: 85.51%
2026-02-09 04:53:19,770 - INFO - Epoch [79] Batch [0/35]                     Loss: -0.7521, Hard: 0.3975, Soft: -1.1496                     Acc: 75.00% LR: 0.000057                     Alpha: 0.5744425058364868                     Beta: -1.2407349348068237                     MemKD: 0.27094152569770813
2026-02-09 04:53:30,393 - INFO - Epoch [79] Batch [20/35]                     Loss: -1.2062, Hard: 0.1555, Soft: -1.3617                     Acc: 86.61% LR: 0.000057                     Alpha: 0.5744425058364868                     Beta: -1.242154836654663                     MemKD: 0.2706572115421295
2026-02-09 04:54:03,187 - INFO - Epoch [79/100] Train Loss: -0.8735, Train Acc: 87.50%, Val Loss: 0.4008, Val Acc: 85.11%
2026-02-09 04:54:24,031 - INFO - Epoch [80] Batch [0/35]                     Loss: -0.8742, Hard: 0.3555, Soft: -1.2297                     Acc: 87.50% LR: 0.000052                     Alpha: 0.5744425058364868                     Beta: -1.2432228326797485                     MemKD: 0.2704431712627411
2026-02-09 04:54:35,560 - INFO - Epoch [80] Batch [20/35]                     Loss: -0.5945, Hard: 0.5512, Soft: -1.1456                     Acc: 87.50% LR: 0.000052                     Alpha: 0.5744425058364868                     Beta: -1.244499921798706                     MemKD: 0.27018865942955017
2026-02-09 04:55:08,681 - INFO - Epoch [80/100] Train Loss: -0.8459, Train Acc: 87.68%, Val Loss: 0.4285, Val Acc: 83.64%
2026-02-09 04:55:08,710 - INFO - Checkpoint saved at epoch 80
2026-02-09 04:55:28,578 - INFO - Epoch [81] Batch [0/35]                     Loss: -0.9057, Hard: 0.2843, Soft: -1.1900                     Acc: 93.75% LR: 0.000048                     Alpha: 0.5744425058364868                     Beta: -1.2454488277435303                     MemKD: 0.2699991464614868
2026-02-09 04:55:39,345 - INFO - Epoch [81] Batch [20/35]                     Loss: -0.9744, Hard: 0.2739, Soft: -1.2482                     Acc: 86.31% LR: 0.000048                     Alpha: 0.5744425058364868                     Beta: -1.2465975284576416                     MemKD: 0.26977047324180603
2026-02-09 04:56:13,291 - INFO - Epoch [81/100] Train Loss: -0.8632, Train Acc: 87.68%, Val Loss: 0.3765, Val Acc: 86.30%
2026-02-09 04:56:33,352 - INFO - Epoch [82] Batch [0/35]                     Loss: -0.9837, Hard: 0.2311, Soft: -1.2147                     Acc: 87.50% LR: 0.000043                     Alpha: 0.5744425058364868                     Beta: -1.247462272644043                     MemKD: 0.26959744095802307
2026-02-09 04:56:44,306 - INFO - Epoch [82] Batch [20/35]                     Loss: -0.9055, Hard: 0.3007, Soft: -1.2062                     Acc: 88.69% LR: 0.000043                     Alpha: 0.5744425058364868                     Beta: -1.2485066652297974                     MemKD: 0.26938900351524353
2026-02-09 04:57:16,679 - INFO - Epoch [82/100] Train Loss: -0.8811, Train Acc: 88.21%, Val Loss: 0.3847, Val Acc: 86.30%
2026-02-09 04:57:36,690 - INFO - Epoch [83] Batch [0/35]                     Loss: -0.9839, Hard: 0.2274, Soft: -1.2113                     Acc: 93.75% LR: 0.000039                     Alpha: 0.5744425058364868                     Beta: -1.2492882013320923                     MemKD: 0.26923292875289917
2026-02-09 04:57:47,760 - INFO - Epoch [83] Batch [20/35]                     Loss: -0.9495, Hard: 0.2779, Soft: -1.2274                     Acc: 90.18% LR: 0.000039                     Alpha: 0.5744425058364868                     Beta: -1.2502390146255493                     MemKD: 0.2690429985523224
2026-02-09 04:58:16,981 - INFO - Epoch [83/100] Train Loss: -0.9760, Train Acc: 90.89%, Val Loss: 0.4004, Val Acc: 84.44%
2026-02-09 04:58:36,810 - INFO - Epoch [84] Batch [0/35]                     Loss: -0.9945, Hard: 0.2095, Soft: -1.2040                     Acc: 93.75% LR: 0.000035                     Alpha: 0.5744425058364868                     Beta: -1.250941276550293                     MemKD: 0.26890334486961365
2026-02-09 04:58:45,312 - INFO - Epoch [84] Batch [20/35]                     Loss: -1.0423, Hard: 0.1999, Soft: -1.2422                     Acc: 90.48% LR: 0.000035                     Alpha: 0.5744425058364868                     Beta: -1.2517757415771484                     MemKD: 0.2687366008758545
2026-02-09 04:59:17,329 - INFO - Epoch [84/100] Train Loss: -0.8789, Train Acc: 88.39%, Val Loss: 0.4089, Val Acc: 84.57%
2026-02-09 04:59:37,400 - INFO - Epoch [85] Batch [0/35]                     Loss: -0.9650, Hard: 0.2535, Soft: -1.2185                     Acc: 87.50% LR: 0.000031                     Alpha: 0.5744425058364868                     Beta: -1.252390742301941                     MemKD: 0.2686145305633545
2026-02-09 04:59:49,122 - INFO - Epoch [85] Batch [20/35]                     Loss: -0.9789, Hard: 0.2697, Soft: -1.2486                     Acc: 88.99% LR: 0.000031                     Alpha: 0.5744425058364868                     Beta: -1.2531243562698364                     MemKD: 0.26846858859062195
2026-02-09 05:00:21,867 - INFO - Epoch [85/100] Train Loss: -0.9395, Train Acc: 89.82%, Val Loss: 0.4138, Val Acc: 82.85%
2026-02-09 05:00:42,368 - INFO - Epoch [86] Batch [0/35]                     Loss: -1.1070, Hard: 0.1537, Soft: -1.2607                     Acc: 93.75% LR: 0.000027                     Alpha: 0.5744425058364868                     Beta: -1.2536765336990356                     MemKD: 0.26835840940475464
2026-02-09 05:00:53,127 - INFO - Epoch [86] Batch [20/35]                     Loss: -0.7330, Hard: 0.3746, Soft: -1.1076                     Acc: 88.69% LR: 0.000027                     Alpha: 0.5744425058364868                     Beta: -1.2543201446533203                     MemKD: 0.2682301700115204
2026-02-09 05:01:25,656 - INFO - Epoch [86/100] Train Loss: -0.8565, Train Acc: 85.71%, Val Loss: 0.3896, Val Acc: 85.77%
2026-02-09 05:01:47,095 - INFO - Epoch [87] Batch [0/35]                     Loss: -1.0653, Hard: 0.2270, Soft: -1.2922                     Acc: 93.75% LR: 0.000024                     Alpha: 0.5744425058364868                     Beta: -1.2547860145568848                     MemKD: 0.26813843846321106
2026-02-09 05:01:58,916 - INFO - Epoch [87] Batch [20/35]                     Loss: -1.0878, Hard: 0.1835, Soft: -1.2713                     Acc: 86.31% LR: 0.000024                     Alpha: 0.5744425058364868                     Beta: -1.2553340196609497                     MemKD: 0.2680302858352661
2026-02-09 05:02:30,534 - INFO - Epoch [87/100] Train Loss: -0.8703, Train Acc: 88.04%, Val Loss: 0.3972, Val Acc: 86.70%
2026-02-09 05:02:50,303 - INFO - Epoch [88] Batch [0/35]                     Loss: -0.7914, Hard: 0.3464, Soft: -1.1378                     Acc: 87.50% LR: 0.000021                     Alpha: 0.5744425058364868                     Beta: -1.2557440996170044                     MemKD: 0.26794934272766113
2026-02-09 05:03:01,670 - INFO - Epoch [88] Batch [20/35]                     Loss: -0.6738, Hard: 0.4336, Soft: -1.1074                     Acc: 91.37% LR: 0.000021                     Alpha: 0.5744425058364868                     Beta: -1.2562227249145508                     MemKD: 0.267854243516922
2026-02-09 05:03:32,689 - INFO - Epoch [88/100] Train Loss: -0.9767, Train Acc: 91.43%, Val Loss: 0.3844, Val Acc: 85.37%
2026-02-09 05:03:53,161 - INFO - Epoch [89] Batch [0/35]                     Loss: -1.1039, Hard: 0.1726, Soft: -1.2765                     Acc: 93.75% LR: 0.000018                     Alpha: 0.5744425058364868                     Beta: -1.2565851211547852                     MemKD: 0.26778167486190796
2026-02-09 05:04:00,959 - INFO - Epoch [89] Batch [20/35]                     Loss: -0.8194, Hard: 0.3642, Soft: -1.1836                     Acc: 89.29% LR: 0.000018                     Alpha: 0.5744425058364868                     Beta: -1.2569903135299683                     MemKD: 0.26770132780075073
2026-02-09 05:04:30,495 - INFO - Epoch [89/100] Train Loss: -0.8805, Train Acc: 88.57%, Val Loss: 0.3875, Val Acc: 86.30%
2026-02-09 05:04:50,443 - INFO - Epoch [90] Batch [0/35]                     Loss: -1.1035, Hard: 0.1485, Soft: -1.2520                     Acc: 93.75% LR: 0.000015                     Alpha: 0.5744425058364868                     Beta: -1.2572916746139526                     MemKD: 0.2676416337490082
2026-02-09 05:05:02,380 - INFO - Epoch [90] Batch [20/35]                     Loss: -0.9762, Hard: 0.2360, Soft: -1.2122                     Acc: 90.48% LR: 0.000015                     Alpha: 0.5744425058364868                     Beta: -1.2576318979263306                     MemKD: 0.267574280500412
2026-02-09 05:05:34,408 - INFO - Epoch [90/100] Train Loss: -0.9237, Train Acc: 89.11%, Val Loss: 0.4036, Val Acc: 84.31%
2026-02-09 05:05:34,449 - INFO - Checkpoint saved at epoch 90
2026-02-09 05:05:54,501 - INFO - Epoch [91] Batch [0/35]                     Loss: -0.8638, Hard: 0.3565, Soft: -1.2203                     Acc: 87.50% LR: 0.000012                     Alpha: 0.5744425058364868                     Beta: -1.257887840270996                     MemKD: 0.2675236165523529
2026-02-09 05:06:05,860 - INFO - Epoch [91] Batch [20/35]                     Loss: -0.9947, Hard: 0.2662, Soft: -1.2608                     Acc: 88.69% LR: 0.000012                     Alpha: 0.5744425058364868                     Beta: -1.2581676244735718                     MemKD: 0.26746824383735657
2026-02-09 05:06:38,631 - INFO - Epoch [91/100] Train Loss: -0.9951, Train Acc: 89.29%, Val Loss: 0.3780, Val Acc: 86.84%
2026-02-09 05:06:59,251 - INFO - Epoch [92] Batch [0/35]                     Loss: -1.0358, Hard: 0.2057, Soft: -1.2415                     Acc: 93.75% LR: 0.000010                     Alpha: 0.5744425058364868                     Beta: -1.2583801746368408                     MemKD: 0.267426073551178
2026-02-09 05:07:11,190 - INFO - Epoch [92] Batch [20/35]                     Loss: -1.0017, Hard: 0.2633, Soft: -1.2650                     Acc: 91.07% LR: 0.000010                     Alpha: 0.5744425058364868                     Beta: -1.258609414100647                     MemKD: 0.26738035678863525
2026-02-09 05:07:42,979 - INFO - Epoch [92/100] Train Loss: -0.9754, Train Acc: 90.89%, Val Loss: 0.3926, Val Acc: 86.57%
2026-02-09 05:08:04,322 - INFO - Epoch [93] Batch [0/35]                     Loss: -0.7321, Hard: 0.4214, Soft: -1.1535                     Acc: 75.00% LR: 0.000008                     Alpha: 0.5744425058364868                     Beta: -1.2587780952453613                     MemKD: 0.26734697818756104
2026-02-09 05:08:15,082 - INFO - Epoch [93] Batch [20/35]                     Loss: -1.1042, Hard: 0.2063, Soft: -1.3104                     Acc: 91.37% LR: 0.000008                     Alpha: 0.5744425058364868                     Beta: -1.258956789970398                     MemKD: 0.2673114538192749
2026-02-09 05:08:46,584 - INFO - Epoch [93/100] Train Loss: -0.9776, Train Acc: 90.89%, Val Loss: 0.3792, Val Acc: 86.97%
2026-02-09 05:09:07,563 - INFO - Epoch [94] Batch [0/35]                     Loss: -0.7333, Hard: 0.4037, Soft: -1.1370                     Acc: 87.50% LR: 0.000006                     Alpha: 0.5744425058364868                     Beta: -1.2590916156768799                     MemKD: 0.2672848105430603
2026-02-09 05:09:15,327 - INFO - Epoch [94] Batch [20/35]                     Loss: -1.1442, Hard: 0.1729, Soft: -1.3171                     Acc: 91.96% LR: 0.000006                     Alpha: 0.5744425058364868                     Beta: -1.259227991104126                     MemKD: 0.2672578692436218
2026-02-09 05:09:43,446 - INFO - Epoch [94/100] Train Loss: -1.0130, Train Acc: 92.86%, Val Loss: 0.3873, Val Acc: 85.51%
2026-02-09 05:10:03,574 - INFO - Epoch [95] Batch [0/35]                     Loss: -0.7919, Hard: 0.3785, Soft: -1.1704                     Acc: 93.75% LR: 0.000004                     Alpha: 0.5744425058364868                     Beta: -1.259331226348877                     MemKD: 0.2672373354434967
2026-02-09 05:10:15,224 - INFO - Epoch [95] Batch [20/35]                     Loss: -0.9323, Hard: 0.3266, Soft: -1.2590                     Acc: 89.58% LR: 0.000004                     Alpha: 0.5744425058364868                     Beta: -1.2594308853149414                     MemKD: 0.2672175467014313
2026-02-09 05:10:48,848 - INFO - Epoch [95/100] Train Loss: -0.9468, Train Acc: 89.64%, Val Loss: 0.3873, Val Acc: 86.17%
2026-02-09 05:11:09,975 - INFO - Epoch [96] Batch [0/35]                     Loss: -0.8465, Hard: 0.3502, Soft: -1.1967                     Acc: 87.50% LR: 0.000003                     Alpha: 0.5744425058364868                     Beta: -1.2595059871673584                     MemKD: 0.2672026753425598
2026-02-09 05:11:21,660 - INFO - Epoch [96] Batch [20/35]                     Loss: -1.3085, Hard: 0.0960, Soft: -1.4045                     Acc: 89.88% LR: 0.000003                     Alpha: 0.5744425058364868                     Beta: -1.2595747709274292                     MemKD: 0.2671891450881958
2026-02-09 05:11:52,206 - INFO - Epoch [96/100] Train Loss: -0.9903, Train Acc: 91.43%, Val Loss: 0.4047, Val Acc: 85.64%
2026-02-09 05:12:12,555 - INFO - Epoch [97] Batch [0/35]                     Loss: -0.8791, Hard: 0.3102, Soft: -1.1893                     Acc: 87.50% LR: 0.000002                     Alpha: 0.5744425058364868                     Beta: -1.2596266269683838                     MemKD: 0.26717889308929443
2026-02-09 05:12:23,962 - INFO - Epoch [97] Batch [20/35]                     Loss: -0.6854, Hard: 0.4137, Soft: -1.0991                     Acc: 89.58% LR: 0.000002                     Alpha: 0.5744425058364868                     Beta: -1.2596718072891235                     MemKD: 0.2671700119972229
2026-02-09 05:12:55,063 - INFO - Epoch [97/100] Train Loss: -0.9456, Train Acc: 89.64%, Val Loss: 0.3843, Val Acc: 86.17%
2026-02-09 05:13:15,210 - INFO - Epoch [98] Batch [0/35]                     Loss: -1.0940, Hard: 0.1616, Soft: -1.2556                     Acc: 93.75% LR: 0.000001                     Alpha: 0.5744425058364868                     Beta: -1.2597039937973022                     MemKD: 0.2671636641025543
2026-02-09 05:13:26,791 - INFO - Epoch [98] Batch [20/35]                     Loss: -1.1358, Hard: 0.1734, Soft: -1.3092                     Acc: 91.07% LR: 0.000001                     Alpha: 0.5744425058364868                     Beta: -1.2597278356552124                     MemKD: 0.2671588361263275
2026-02-09 05:13:59,430 - INFO - Epoch [98/100] Train Loss: -0.9704, Train Acc: 90.18%, Val Loss: 0.3812, Val Acc: 86.04%
2026-02-09 05:14:20,582 - INFO - Epoch [99] Batch [0/35]                     Loss: -1.2632, Hard: 0.1009, Soft: -1.3641                     Acc: 100.00% LR: 0.000000                     Alpha: 0.5744425058364868                     Beta: -1.259745717048645                     MemKD: 0.26715531945228577
2026-02-09 05:14:28,418 - INFO - Epoch [99] Batch [20/35]                     Loss: -1.1893, Hard: 0.1426, Soft: -1.3319                     Acc: 90.48% LR: 0.000000                     Alpha: 0.5744425058364868                     Beta: -1.2597576379776                     MemKD: 0.2671529948711395
2026-02-09 05:14:56,288 - INFO - Epoch [99/100] Train Loss: -0.9827, Train Acc: 90.89%, Val Loss: 0.3942, Val Acc: 86.04%
2026-02-09 05:15:14,894 - INFO - Epoch [100] Batch [0/35]                     Loss: -1.2219, Hard: 0.1194, Soft: -1.3413                     Acc: 100.00% LR: 0.000000                     Alpha: 0.5744425058364868                     Beta: -1.2597665786743164                     MemKD: 0.26715120673179626
2026-02-09 05:15:25,603 - INFO - Epoch [100] Batch [20/35]                     Loss: -0.9010, Hard: 0.2829, Soft: -1.1839                     Acc: 90.48% LR: 0.000000                     Alpha: 0.5744425058364868                     Beta: -1.2597689628601074                     MemKD: 0.26715075969696045
2026-02-09 05:15:56,700 - INFO - Epoch [100/100] Train Loss: -0.9884, Train Acc: 90.54%, Val Loss: 0.3889, Val Acc: 86.17%
2026-02-09 05:15:56,746 - INFO - Checkpoint saved at epoch 100
2026-02-09 05:15:56,746 - INFO - ==================================================
2026-02-09 05:15:56,746 - INFO - Training finished! Best accuracy: 87.10%
2026-02-09 05:15:56,746 - INFO - ==================================================
