2026-04-27 15:35:30,748 - INFO - ============================================================
2026-04-27 15:35:30,748 - INFO - 超参数分析开始
2026-04-27 15:35:30,749 - INFO - ============================================================
2026-04-27 15:35:30,749 - INFO - 配置: /media/hdd1/fubohan/Code/UATR/configs/hyperparameter_tuning.yaml
2026-04-27 15:35:30,749 - INFO - GPUs: [4, 5, 6, 7]
2026-04-27 15:35:30,749 - INFO - World size: 4
2026-04-27 15:35:30,749 - INFO - Step A - 扫描 lambda_m: 0.0,0.25,0.5,0.75,1.0
2026-04-27 15:35:30,749 - INFO - Step B - 扫描 beta: 0.0,0.25,0.5,0.75,1.0
2026-04-27 15:35:30,749 - INFO - 每轮训练 epochs: 20
2026-04-27 15:35:30,749 - INFO - 固定 beta (Step A): 0.5
2026-04-27 15:35:30,749 - INFO - ============================================================
2026-04-27 15:35:30,749 - INFO - 
############################################################
2026-04-27 15:35:30,749 - INFO - Step A: 扫描 lambda_m (固定 beta=0.5)
2026-04-27 15:35:30,749 - INFO - ############################################################

2026-04-27 15:35:33,020 - INFO - ============================================================
2026-04-27 15:35:33,021 - INFO - 开始训练: lambda_m=0.0, beta=0.5
2026-04-27 15:35:33,021 - INFO - 训练轮数: 20
2026-04-27 15:35:33,021 - INFO - ============================================================
2026-04-27 15:39:58,542 - INFO - Epoch [5/20] Train Loss: 1.0302, Train Acc: 59.46%, Val Loss: 1.2209, Val Acc: 56.38%, Best Val Acc: 59.84%, LR: 0.000905
2026-04-27 15:44:20,783 - INFO - Epoch [10/20] Train Loss: 0.8345, Train Acc: 68.57%, Val Loss: 0.7598, Val Acc: 70.08%, Best Val Acc: 70.08%, LR: 0.000578
2026-04-27 15:48:44,542 - INFO - Epoch [15/20] Train Loss: 0.7588, Train Acc: 72.14%, Val Loss: 0.6680, Val Acc: 73.14%, Best Val Acc: 73.14%, LR: 0.000206
