2026-02-27 08:44:16,683 - INFO - ==================================================
2026-02-27 08:44:16,683 - INFO - Distillation Training Configuration
2026-02-27 08:44:16,683 - INFO - ==================================================
2026-02-27 08:44:16,683 - INFO - GPUs: [0]
2026-02-27 08:44:16,684 - INFO - World size: 1
2026-02-27 08:44:16,684 - INFO - Dataset: /media/hdd1/chuxiaohui/AI4Ocean_UATR/ShipsEar_622
2026-02-27 08:44:16,684 - INFO - Data type: wav_s@wav_t
2026-02-27 08:44:16,684 - INFO - Batch size: 20
2026-02-27 08:44:16,684 - INFO - Epochs: 200
2026-02-27 08:44:16,684 - INFO - Learning rate: 0.0005
2026-02-27 08:44:16,684 - INFO - Temperature: 2.0
2026-02-27 08:44:16,684 - INFO - Alpha: 0.3
2026-02-27 08:44:16,684 - INFO - Save dir: checkpoints/ablation_shipsear/num_epochs200_weight_decay0.0001_batch_size20_lr0.0005_distill_typeTser_freezeTrue_USE_DYNAMIC_DISTILL_WEIGHTFalse_p_encoder0.355_p_classifier0.255
2026-02-27 08:44:16,684 - INFO - ==================================================
2026-02-27 08:44:16,722 - INFO - Train dataset size: 2240
2026-02-27 08:44:16,722 - INFO - Validation dataset size: 749
2026-02-27 08:44:17,726 - INFO - Student params: 316,299 (0.32M)
2026-02-27 08:44:17,726 - INFO - Teacher params: 164,415,877 (164.42M)
2026-02-27 08:44:17,726 - INFO - Trainable params: 271,372 (0.27M)
2026-02-27 08:44:18,055 - INFO - Start training...
2026-02-27 08:44:18,055 - INFO - No checkpoint found, start from scratch
