2026-02-10 02:58:56,755 - INFO - ==================================================
2026-02-10 02:58:56,755 - INFO - Distillation Training Configuration
2026-02-10 02:58:56,755 - INFO - ==================================================
2026-02-10 02:58:56,756 - INFO - GPUs: [4, 5, 6, 7]
2026-02-10 02:58:56,756 - INFO - World size: 4
2026-02-10 02:58:56,756 - INFO - Dataset: /media/hdd1/chuxiaohui/AI4Ocean_UATR/ShipsEar_622
2026-02-10 02:58:56,756 - INFO - Data type: wav_s@wav_t
2026-02-10 02:58:56,756 - INFO - Batch size: 16
2026-02-10 02:58:56,756 - INFO - Epochs: 130
2026-02-10 02:58:56,756 - INFO - Learning rate: 0.0005
2026-02-10 02:58:56,756 - INFO - Temperature: 2.0
2026-02-10 02:58:56,756 - INFO - Alpha: 0.3
2026-02-10 02:58:56,756 - INFO - Save dir: checkpoints/grid_shipsear_v2/num_epochs130_weight_decay0.0001_batch_size16_lr0.0005_distill_typeTser_freezeTrue_USE_DYNAMIC_DISTILL_WEIGHTFalse_p_encoder0.35_p_classifier0.25
2026-02-10 02:58:56,756 - INFO - ==================================================
2026-02-10 02:58:56,787 - INFO - Train dataset size: 2240
2026-02-10 02:58:56,787 - INFO - Validation dataset size: 749
2026-02-10 02:58:59,059 - INFO - Student params: 316,299 (0.32M)
2026-02-10 02:58:59,059 - INFO - Teacher params: 164,415,877 (164.42M)
2026-02-10 02:58:59,059 - INFO - Trainable params: 271,372 (0.27M)
2026-02-10 02:58:59,551 - INFO - Start training...
2026-02-10 02:58:59,551 - INFO - No checkpoint found, start from scratch
2026-02-10 02:59:22,882 - INFO - Epoch [1] Batch [0/35]                     Loss: 2.6586, Hard: 1.6862, Soft: 0.9724                     Acc: 12.50% LR: 0.000500                     Alpha: 0.5744425058364868                     Beta: 0.0                     MemKD: 0.0
2026-02-10 02:59:26,062 - INFO - Epoch [1] Batch [20/35]                     Loss: 2.2038, Hard: 1.5649, Soft: 0.6388                     Acc: 36.90% LR: 0.000500                     Alpha: 0.5744425058364868                     Beta: 0.009319711476564407                     MemKD: 0.0
2026-02-10 02:59:53,685 - INFO - Epoch [1/130] Train Loss: 1.9447, Train Acc: 40.18%, Val Loss: 1.3800, Val Acc: 45.88%
2026-02-10 02:59:53,686 - INFO - Best model saved with accuracy: 45.88%
2026-02-10 03:00:15,511 - INFO - Epoch [2] Batch [0/35]                     Loss: 1.4997, Hard: 1.1600, Soft: 0.3396                     Acc: 50.00% LR: 0.000500                     Alpha: 0.5744425058364868                     Beta: 0.015953727066516876                     MemKD: 0.0
2026-02-10 03:00:18,563 - INFO - Epoch [2] Batch [20/35]                     Loss: 1.9271, Hard: 1.4493, Soft: 0.4778                     Acc: 46.73% LR: 0.000500                     Alpha: 0.5744425058364868                     Beta: 0.02392672561109066                     MemKD: 0.0
2026-02-10 03:00:44,920 - INFO - Epoch [2/130] Train Loss: 1.6427, Train Acc: 45.36%, Val Loss: 1.1715, Val Acc: 51.46%
2026-02-10 03:00:44,921 - INFO - Best model saved with accuracy: 51.46%
2026-02-10 03:01:06,939 - INFO - Epoch [3] Batch [0/35]                     Loss: 1.3956, Hard: 1.0718, Soft: 0.3238                     Acc: 50.00% LR: 0.000500                     Alpha: 0.5744425058364868                     Beta: 0.030093858018517494                     MemKD: 0.0
2026-02-10 03:01:09,971 - INFO - Epoch [3] Batch [20/35]                     Loss: 1.3747, Hard: 1.1045, Soft: 0.2702                     Acc: 43.75% LR: 0.000500                     Alpha: 0.5744425058364868                     Beta: 0.03864945471286774                     MemKD: 0.0
2026-02-10 03:01:37,345 - INFO - Epoch [3/130] Train Loss: 1.5902, Train Acc: 47.32%, Val Loss: 1.0833, Val Acc: 55.19%
2026-02-10 03:01:37,345 - INFO - Best model saved with accuracy: 55.19%
2026-02-10 03:01:58,893 - INFO - Epoch [4] Batch [0/35]                     Loss: 1.3075, Hard: 1.0580, Soft: 0.2495                     Acc: 62.50% LR: 0.000499                     Alpha: 0.5744425058364868                     Beta: 0.04482834413647652                     MemKD: 0.0
2026-02-10 03:02:01,908 - INFO - Epoch [4] Batch [20/35]                     Loss: 1.8286, Hard: 1.3755, Soft: 0.4531                     Acc: 51.19% LR: 0.000499                     Alpha: 0.5744425058364868                     Beta: 0.05268769711256027                     MemKD: 0.0
2026-02-10 03:02:28,810 - INFO - Epoch [4/130] Train Loss: 1.4825, Train Acc: 53.21%, Val Loss: 1.1063, Val Acc: 54.26%
2026-02-10 03:02:51,365 - INFO - Epoch [5] Batch [0/35]                     Loss: 1.5988, Hard: 1.2197, Soft: 0.3791                     Acc: 50.00% LR: 0.000499                     Alpha: 0.5744425058364868                     Beta: 0.05892123281955719                     MemKD: 0.0
2026-02-10 03:02:54,385 - INFO - Epoch [5] Batch [20/35]                     Loss: 1.1846, Hard: 0.9834, Soft: 0.2011                     Acc: 54.17% LR: 0.000499                     Alpha: 0.5744425058364868                     Beta: 0.06726455688476562                     MemKD: 0.0
2026-02-10 03:03:21,806 - INFO - Epoch [5/130] Train Loss: 1.4005, Train Acc: 56.07%, Val Loss: 0.9889, Val Acc: 57.18%
2026-02-10 03:03:21,807 - INFO - Best model saved with accuracy: 57.18%
2026-02-10 03:03:44,257 - INFO - Epoch [6] Batch [0/35]                     Loss: 1.3187, Hard: 1.0453, Soft: 0.2735                     Acc: 50.00% LR: 0.000498                     Alpha: 0.5744425058364868                     Beta: 0.07301639020442963                     MemKD: 0.0
2026-02-10 03:03:47,338 - INFO - Epoch [6] Batch [20/35]                     Loss: 1.9979, Hard: 1.5302, Soft: 0.4677                     Acc: 58.04% LR: 0.000498                     Alpha: 0.5744425058364868                     Beta: 0.08030691742897034                     MemKD: 0.0
2026-02-10 03:04:14,775 - INFO - Epoch [6/130] Train Loss: 1.3126, Train Acc: 58.75%, Val Loss: 1.1264, Val Acc: 61.57%
2026-02-10 03:04:14,775 - INFO - Best model saved with accuracy: 61.57%
2026-02-10 03:04:36,601 - INFO - Epoch [7] Batch [0/35]                     Loss: 1.1778, Hard: 0.9809, Soft: 0.1969                     Acc: 62.50% LR: 0.000497                     Alpha: 0.5744425058364868                     Beta: 0.08607479184865952                     MemKD: 0.0
2026-02-10 03:04:39,667 - INFO - Epoch [7] Batch [20/35]                     Loss: 1.4965, Hard: 1.1910, Soft: 0.3055                     Acc: 58.63% LR: 0.000497                     Alpha: 0.5744425058364868                     Beta: 0.09354235231876373                     MemKD: 0.0
2026-02-10 03:05:06,297 - INFO - Epoch [7/130] Train Loss: 1.2881, Train Acc: 58.39%, Val Loss: 0.9163, Val Acc: 61.70%
2026-02-10 03:05:06,298 - INFO - Best model saved with accuracy: 61.70%
2026-02-10 03:05:27,904 - INFO - Epoch [8] Batch [0/35]                     Loss: 0.8813, Hard: 0.6762, Soft: 0.2051                     Acc: 81.25% LR: 0.000496                     Alpha: 0.5744425058364868                     Beta: 0.09927483648061752                     MemKD: 0.0
2026-02-10 03:05:30,941 - INFO - Epoch [8] Batch [20/35]                     Loss: 0.9736, Hard: 0.7674, Soft: 0.2062                     Acc: 61.01% LR: 0.000496                     Alpha: 0.5744425058364868                     Beta: 0.10712464153766632                     MemKD: 0.0
2026-02-10 03:05:57,541 - INFO - Epoch [8/130] Train Loss: 1.2534, Train Acc: 60.36%, Val Loss: 0.9973, Val Acc: 63.70%
2026-02-10 03:05:57,542 - INFO - Best model saved with accuracy: 63.70%
2026-02-10 03:06:18,759 - INFO - Epoch [9] Batch [0/35]                     Loss: 0.9053, Hard: 0.7327, Soft: 0.1727                     Acc: 68.75% LR: 0.000495                     Alpha: 0.5744425058364868                     Beta: 0.11274206638336182                     MemKD: 0.0
2026-02-10 03:06:21,804 - INFO - Epoch [9] Batch [20/35]                     Loss: 1.7081, Hard: 1.3555, Soft: 0.3527                     Acc: 60.42% LR: 0.000495                     Alpha: 0.5744425058364868                     Beta: 0.12032259255647659                     MemKD: 0.0
2026-02-10 03:06:48,995 - INFO - Epoch [9/130] Train Loss: 1.2121, Train Acc: 61.96%, Val Loss: 0.8933, Val Acc: 64.89%
2026-02-10 03:06:48,996 - INFO - Best model saved with accuracy: 64.89%
2026-02-10 03:07:10,612 - INFO - Epoch [10] Batch [0/35]                     Loss: 1.1530, Hard: 0.8925, Soft: 0.2606                     Acc: 75.00% LR: 0.000494                     Alpha: 0.5744425058364868                     Beta: 0.1261536031961441                     MemKD: 0.0
2026-02-10 03:07:13,618 - INFO - Epoch [10] Batch [20/35]                     Loss: 1.2855, Hard: 1.0664, Soft: 0.2190                     Acc: 63.69% LR: 0.000494                     Alpha: 0.5744425058364868                     Beta: 0.13381728529930115                     MemKD: 0.0
2026-02-10 03:07:40,276 - INFO - Epoch [10/130] Train Loss: 1.1411, Train Acc: 64.82%, Val Loss: 0.8777, Val Acc: 66.22%
2026-02-10 03:07:40,276 - INFO - Best model saved with accuracy: 66.22%
2026-02-10 03:07:40,319 - INFO - Checkpoint saved at epoch 10
2026-02-10 03:08:01,980 - INFO - Epoch [11] Batch [0/35]                     Loss: 0.6737, Hard: 0.5540, Soft: 0.1197                     Acc: 87.50% LR: 0.000493                     Alpha: 0.5744425058364868                     Beta: 0.13933680951595306                     MemKD: 0.0
2026-02-10 03:08:05,041 - INFO - Epoch [11] Batch [20/35]                     Loss: 1.5477, Hard: 1.2659, Soft: 0.2818                     Acc: 64.58% LR: 0.000493                     Alpha: 0.5744425058364868                     Beta: 0.14645318686962128                     MemKD: 0.0
2026-02-10 03:08:32,208 - INFO - Epoch [11/130] Train Loss: 1.1655, Train Acc: 63.21%, Val Loss: 0.8658, Val Acc: 65.82%
2026-02-10 03:08:54,146 - INFO - Epoch [12] Batch [0/35]                     Loss: 0.8595, Hard: 0.6943, Soft: 0.1651                     Acc: 68.75% LR: 0.000491                     Alpha: 0.5744425058364868                     Beta: 0.152055025100708                     MemKD: 0.0
2026-02-10 03:08:57,182 - INFO - Epoch [12] Batch [20/35]                     Loss: 1.5581, Hard: 1.2167, Soft: 0.3414                     Acc: 69.05% LR: 0.000491                     Alpha: 0.5744425058364868                     Beta: 0.1588870733976364                     MemKD: 0.0
2026-02-10 03:09:23,441 - INFO - Epoch [12/130] Train Loss: 1.0285, Train Acc: 69.11%, Val Loss: 0.8611, Val Acc: 66.76%
2026-02-10 03:09:23,442 - INFO - Best model saved with accuracy: 66.76%
2026-02-10 03:09:45,429 - INFO - Epoch [13] Batch [0/35]                     Loss: 1.6259, Hard: 1.3503, Soft: 0.2757                     Acc: 37.50% LR: 0.000490                     Alpha: 0.5744425058364868                     Beta: 0.16404730081558228                     MemKD: 0.0
2026-02-10 03:09:48,416 - INFO - Epoch [13] Batch [20/35]                     Loss: 1.5612, Hard: 1.2624, Soft: 0.2988                     Acc: 56.25% LR: 0.000490                     Alpha: 0.5744425058364868                     Beta: 0.17226938903331757                     MemKD: 0.0
2026-02-10 03:10:13,920 - INFO - Epoch [13/130] Train Loss: 1.2278, Train Acc: 60.89%, Val Loss: 0.8096, Val Acc: 69.41%
2026-02-10 03:10:13,920 - INFO - Best model saved with accuracy: 69.41%
2026-02-10 03:10:35,652 - INFO - Epoch [14] Batch [0/35]                     Loss: 0.8188, Hard: 0.7002, Soft: 0.1186                     Acc: 68.75% LR: 0.000488                     Alpha: 0.5744425058364868                     Beta: 0.17867271602153778                     MemKD: 0.0
2026-02-10 03:10:38,674 - INFO - Epoch [14] Batch [20/35]                     Loss: 0.7736, Hard: 0.6448, Soft: 0.1288                     Acc: 66.67% LR: 0.000488                     Alpha: 0.5744425058364868                     Beta: 0.186146080493927                     MemKD: 0.0
2026-02-10 03:11:05,857 - INFO - Epoch [14/130] Train Loss: 1.0195, Train Acc: 68.21%, Val Loss: 0.8842, Val Acc: 63.83%
2026-02-10 03:11:26,699 - INFO - Epoch [15] Batch [0/35]                     Loss: 1.0420, Hard: 0.8446, Soft: 0.1974                     Acc: 68.75% LR: 0.000486                     Alpha: 0.5744425058364868                     Beta: 0.19143633544445038                     MemKD: 0.0
2026-02-10 03:11:29,738 - INFO - Epoch [15] Batch [20/35]                     Loss: 1.0123, Hard: 0.8497, Soft: 0.1626                     Acc: 68.15% LR: 0.000486                     Alpha: 0.5744425058364868                     Beta: 0.1981656700372696                     MemKD: 0.0
2026-02-10 03:11:55,781 - INFO - Epoch [15/130] Train Loss: 0.9966, Train Acc: 67.68%, Val Loss: 0.8600, Val Acc: 66.62%
2026-02-10 03:12:16,949 - INFO - Epoch [16] Batch [0/35]                     Loss: 1.3335, Hard: 1.0719, Soft: 0.2616                     Acc: 56.25% LR: 0.000484                     Alpha: 0.5744425058364868                     Beta: 0.20334318280220032                     MemKD: 0.0
2026-02-10 03:12:19,979 - INFO - Epoch [16] Batch [20/35]                     Loss: 1.1138, Hard: 0.9079, Soft: 0.2059                     Acc: 69.05% LR: 0.000484                     Alpha: 0.5744425058364868                     Beta: 0.21047505736351013                     MemKD: 0.0
2026-02-10 03:12:46,495 - INFO - Epoch [16/130] Train Loss: 1.0285, Train Acc: 69.29%, Val Loss: 0.8425, Val Acc: 65.03%
2026-02-10 03:13:08,395 - INFO - Epoch [17] Batch [0/35]                     Loss: 1.0885, Hard: 0.8651, Soft: 0.2234                     Acc: 56.25% LR: 0.000482                     Alpha: 0.5744425058364868                     Beta: 0.21609023213386536                     MemKD: 0.0
2026-02-10 03:13:11,445 - INFO - Epoch [17] Batch [20/35]                     Loss: 0.8429, Hard: 0.7007, Soft: 0.1422                     Acc: 70.24% LR: 0.000482                     Alpha: 0.5744425058364868                     Beta: 0.22325560450553894                     MemKD: 0.0
2026-02-10 03:13:39,349 - INFO - Epoch [17/130] Train Loss: 1.0068, Train Acc: 68.21%, Val Loss: 0.8257, Val Acc: 66.62%
2026-02-10 03:14:01,043 - INFO - Epoch [18] Batch [0/35]                     Loss: 1.5634, Hard: 1.2749, Soft: 0.2885                     Acc: 56.25% LR: 0.000479                     Alpha: 0.5744425058364868                     Beta: 0.2285364270210266                     MemKD: 0.0
2026-02-10 03:14:04,038 - INFO - Epoch [18] Batch [20/35]                     Loss: 1.1823, Hard: 0.9728, Soft: 0.2095                     Acc: 68.45% LR: 0.000479                     Alpha: 0.5744425058364868                     Beta: 0.23602063953876495                     MemKD: 0.0
2026-02-10 03:14:29,406 - INFO - Epoch [18/130] Train Loss: 0.9828, Train Acc: 68.93%, Val Loss: 0.9968, Val Acc: 61.04%
2026-02-10 03:14:50,651 - INFO - Epoch [19] Batch [0/35]                     Loss: 0.9091, Hard: 0.7432, Soft: 0.1659                     Acc: 62.50% LR: 0.000477                     Alpha: 0.5744425058364868                     Beta: 0.24145139753818512                     MemKD: 0.0
2026-02-10 03:14:53,718 - INFO - Epoch [19] Batch [20/35]                     Loss: 0.6100, Hard: 0.4908, Soft: 0.1192                     Acc: 74.11% LR: 0.000477                     Alpha: 0.5744425058364868                     Beta: 0.24818158149719238                     MemKD: 0.0
2026-02-10 03:15:20,084 - INFO - Epoch [19/130] Train Loss: 0.9387, Train Acc: 70.89%, Val Loss: 0.6679, Val Acc: 74.47%
2026-02-10 03:15:20,084 - INFO - Best model saved with accuracy: 74.47%
2026-02-10 03:15:42,066 - INFO - Epoch [20] Batch [0/35]                     Loss: 0.7698, Hard: 0.6509, Soft: 0.1190                     Acc: 81.25% LR: 0.000474                     Alpha: 0.5744425058364868                     Beta: 0.25346606969833374                     MemKD: 0.0
2026-02-10 03:15:45,136 - INFO - Epoch [20] Batch [20/35]                     Loss: 1.0640, Hard: 0.8957, Soft: 0.1684                     Acc: 70.83% LR: 0.000474                     Alpha: 0.5744425058364868                     Beta: 0.26019495725631714                     MemKD: 0.0
2026-02-10 03:16:11,695 - INFO - Epoch [20/130] Train Loss: 0.9630, Train Acc: 68.39%, Val Loss: 0.7111, Val Acc: 71.94%
2026-02-10 03:16:11,728 - INFO - Checkpoint saved at epoch 20
2026-02-10 03:16:32,406 - INFO - Epoch [21] Batch [0/35]                     Loss: 0.8218, Hard: 0.6883, Soft: 0.1335                     Acc: 75.00% LR: 0.000471                     Alpha: 0.5744425058364868                     Beta: 0.26570913195610046                     MemKD: 0.0
2026-02-10 03:16:35,488 - INFO - Epoch [21] Batch [20/35]                     Loss: 0.5407, Hard: 0.4522, Soft: 0.0886                     Acc: 73.51% LR: 0.000471                     Alpha: 0.5744425058364868                     Beta: 0.27283361554145813                     MemKD: 0.0
2026-02-10 03:17:02,954 - INFO - Epoch [21/130] Train Loss: 0.9079, Train Acc: 71.96%, Val Loss: 0.6737, Val Acc: 74.47%
2026-02-10 03:17:24,988 - INFO - Epoch [22] Batch [0/35]                     Loss: 1.4568, Hard: 1.2293, Soft: 0.2275                     Acc: 56.25% LR: 0.000468                     Alpha: 0.5744425058364868                     Beta: 0.27795684337615967                     MemKD: 0.0
2026-02-10 03:17:28,048 - INFO - Epoch [22] Batch [20/35]                     Loss: 0.9298, Hard: 0.8035, Soft: 0.1263                     Acc: 74.11% LR: 0.000468                     Alpha: 0.5744425058364868                     Beta: 0.2847519516944885                     MemKD: 0.0
2026-02-10 03:17:54,705 - INFO - Epoch [22/130] Train Loss: 0.8945, Train Acc: 72.86%, Val Loss: 0.6086, Val Acc: 76.33%
2026-02-10 03:17:54,706 - INFO - Best model saved with accuracy: 76.33%
2026-02-10 03:18:17,418 - INFO - Epoch [23] Batch [0/35]                     Loss: 0.6454, Hard: 0.5382, Soft: 0.1072                     Acc: 87.50% LR: 0.000465                     Alpha: 0.5744425058364868                     Beta: 0.2899346649646759                     MemKD: 0.0
2026-02-10 03:18:20,412 - INFO - Epoch [23] Batch [20/35]                     Loss: 0.7573, Hard: 0.6524, Soft: 0.1049                     Acc: 75.60% LR: 0.000465                     Alpha: 0.5744425058364868                     Beta: 0.29651695489883423                     MemKD: 0.0
2026-02-10 03:18:47,735 - INFO - Epoch [23/130] Train Loss: 0.8017, Train Acc: 74.46%, Val Loss: 0.6895, Val Acc: 74.20%
2026-02-10 03:19:09,824 - INFO - Epoch [24] Batch [0/35]                     Loss: 0.9226, Hard: 0.7578, Soft: 0.1648                     Acc: 68.75% LR: 0.000462                     Alpha: 0.5744425058364868                     Beta: 0.301180899143219                     MemKD: 0.0
2026-02-10 03:19:12,897 - INFO - Epoch [24] Batch [20/35]                     Loss: 0.5205, Hard: 0.4345, Soft: 0.0860                     Acc: 72.62% LR: 0.000462                     Alpha: 0.5744425058364868                     Beta: 0.30824393033981323                     MemKD: 0.0
2026-02-10 03:19:40,950 - INFO - Epoch [24/130] Train Loss: 0.9028, Train Acc: 71.96%, Val Loss: 0.9967, Val Acc: 63.16%
2026-02-10 03:20:02,319 - INFO - Epoch [25] Batch [0/35]                     Loss: 1.1014, Hard: 0.9301, Soft: 0.1713                     Acc: 56.25% LR: 0.000459                     Alpha: 0.5744425058364868                     Beta: 0.31360697746276855                     MemKD: 0.0
2026-02-10 03:20:05,307 - INFO - Epoch [25] Batch [20/35]                     Loss: 0.3836, Hard: 0.3219, Soft: 0.0616                     Acc: 72.62% LR: 0.000459                     Alpha: 0.5744425058364868                     Beta: 0.32026174664497375                     MemKD: 0.0
2026-02-10 03:20:32,848 - INFO - Epoch [25/130] Train Loss: 0.8107, Train Acc: 74.29%, Val Loss: 0.8923, Val Acc: 69.55%
2026-02-10 03:20:55,887 - INFO - Epoch [26] Batch [0/35]                     Loss: 0.5466, Hard: 0.4741, Soft: 0.0725                     Acc: 87.50% LR: 0.000456                     Alpha: 0.5744425058364868                     Beta: 0.3248988687992096                     MemKD: 0.0
2026-02-10 03:20:58,939 - INFO - Epoch [26] Batch [20/35]                     Loss: 1.1199, Hard: 0.9641, Soft: 0.1558                     Acc: 76.79% LR: 0.000456                     Alpha: 0.5744425058364868                     Beta: 0.33152320981025696                     MemKD: 0.0
2026-02-10 03:21:24,857 - INFO - Epoch [26/130] Train Loss: 0.8222, Train Acc: 75.54%, Val Loss: 0.7505, Val Acc: 71.14%
2026-02-10 03:21:47,619 - INFO - Epoch [27] Batch [0/35]                     Loss: 0.6102, Hard: 0.5192, Soft: 0.0910                     Acc: 87.50% LR: 0.000452                     Alpha: 0.5744425058364868                     Beta: 0.3367958068847656                     MemKD: 0.0
2026-02-10 03:21:50,697 - INFO - Epoch [27] Batch [20/35]                     Loss: 0.5385, Hard: 0.4657, Soft: 0.0728                     Acc: 70.54% LR: 0.000452                     Alpha: 0.5744425058364868                     Beta: 0.34363505244255066                     MemKD: 0.0
2026-02-10 03:22:17,671 - INFO - Epoch [27/130] Train Loss: 0.8969, Train Acc: 70.71%, Val Loss: 0.7112, Val Acc: 74.07%
2026-02-10 03:22:40,281 - INFO - Epoch [28] Batch [0/35]                     Loss: 0.9657, Hard: 0.7985, Soft: 0.1672                     Acc: 68.75% LR: 0.000449                     Alpha: 0.5744425058364868                     Beta: 0.3490387201309204                     MemKD: 0.0
2026-02-10 03:22:43,456 - INFO - Epoch [28] Batch [20/35]                     Loss: 0.5791, Hard: 0.4932, Soft: 0.0859                     Acc: 73.51% LR: 0.000449                     Alpha: 0.5744425058364868                     Beta: 0.3562312722206116                     MemKD: 0.0
2026-02-10 03:23:10,814 - INFO - Epoch [28/130] Train Loss: 0.8208, Train Acc: 73.39%, Val Loss: 0.6426, Val Acc: 75.13%
2026-02-10 03:23:31,988 - INFO - Epoch [29] Batch [0/35]                     Loss: 0.6686, Hard: 0.5812, Soft: 0.0874                     Acc: 75.00% LR: 0.000445                     Alpha: 0.5744425058364868                     Beta: 0.3612913191318512                     MemKD: 0.0
2026-02-10 03:23:35,039 - INFO - Epoch [29] Batch [20/35]                     Loss: 0.8128, Hard: 0.6723, Soft: 0.1405                     Acc: 72.92% LR: 0.000445                     Alpha: 0.5744425058364868                     Beta: 0.3677525818347931                     MemKD: 0.0
2026-02-10 03:24:01,582 - INFO - Epoch [29/130] Train Loss: 0.7392, Train Acc: 75.00%, Val Loss: 0.7992, Val Acc: 69.15%
2026-02-10 03:24:24,196 - INFO - Epoch [30] Batch [0/35]                     Loss: 0.7089, Hard: 0.5831, Soft: 0.1258                     Acc: 75.00% LR: 0.000441                     Alpha: 0.5744425058364868                     Beta: 0.37239763140678406                     MemKD: 0.0
2026-02-10 03:24:27,161 - INFO - Epoch [30] Batch [20/35]                     Loss: 1.2152, Hard: 1.0377, Soft: 0.1776                     Acc: 79.17% LR: 0.000441                     Alpha: 0.5744425058364868                     Beta: 0.37816599011421204                     MemKD: 0.0
2026-02-10 03:24:54,796 - INFO - Epoch [30/130] Train Loss: 0.7498, Train Acc: 75.54%, Val Loss: 0.5737, Val Acc: 78.86%
2026-02-10 03:24:54,796 - INFO - Best model saved with accuracy: 78.86%
2026-02-10 03:24:55,027 - INFO - Checkpoint saved at epoch 30
2026-02-10 03:25:17,364 - INFO - Epoch [31] Batch [0/35]                     Loss: 0.9784, Hard: 0.8240, Soft: 0.1544                     Acc: 68.75% LR: 0.000437                     Alpha: 0.5744425058364868                     Beta: 0.38288798928260803                     MemKD: 0.0
2026-02-10 03:25:20,393 - INFO - Epoch [31] Batch [20/35]                     Loss: 0.6564, Hard: 0.5580, Soft: 0.0984                     Acc: 77.68% LR: 0.000437                     Alpha: 0.5744425058364868                     Beta: 0.38942545652389526                     MemKD: 0.0
2026-02-10 03:25:47,685 - INFO - Epoch [31/130] Train Loss: 0.7577, Train Acc: 76.61%, Val Loss: 0.7433, Val Acc: 71.41%
2026-02-10 03:26:09,802 - INFO - Epoch [32] Batch [0/35]                     Loss: 0.6500, Hard: 0.5589, Soft: 0.0911                     Acc: 81.25% LR: 0.000433                     Alpha: 0.5744425058364868                     Beta: 0.39438122510910034                     MemKD: 0.0
2026-02-10 03:26:12,804 - INFO - Epoch [32] Batch [20/35]                     Loss: 0.4924, Hard: 0.4136, Soft: 0.0788                     Acc: 78.87% LR: 0.000433                     Alpha: 0.5744425058364868                     Beta: 0.40028125047683716                     MemKD: 0.0
2026-02-10 03:26:40,182 - INFO - Epoch [32/130] Train Loss: 0.7061, Train Acc: 77.68%, Val Loss: 0.7313, Val Acc: 72.21%
2026-02-10 03:27:02,896 - INFO - Epoch [33] Batch [0/35]                     Loss: 0.6038, Hard: 0.5208, Soft: 0.0829                     Acc: 87.50% LR: 0.000429                     Alpha: 0.5744425058364868                     Beta: 0.4047459065914154                     MemKD: 0.0
2026-02-10 03:27:05,904 - INFO - Epoch [33] Batch [20/35]                     Loss: 0.9468, Hard: 0.8126, Soft: 0.1342                     Acc: 75.30% LR: 0.000429                     Alpha: 0.5744425058364868                     Beta: 0.41105538606643677                     MemKD: 0.0
2026-02-10 03:27:32,998 - INFO - Epoch [33/130] Train Loss: 0.8069, Train Acc: 74.46%, Val Loss: 0.6412, Val Acc: 73.94%
2026-02-10 03:27:55,053 - INFO - Epoch [34] Batch [0/35]                     Loss: 0.7930, Hard: 0.6874, Soft: 0.1056                     Acc: 68.75% LR: 0.000425                     Alpha: 0.5744425058364868                     Beta: 0.4163128137588501                     MemKD: 0.0
2026-02-10 03:27:58,072 - INFO - Epoch [34] Batch [20/35]                     Loss: 0.7001, Hard: 0.6040, Soft: 0.0961                     Acc: 76.19% LR: 0.000425                     Alpha: 0.5744425058364868                     Beta: 0.42271679639816284                     MemKD: 0.0
2026-02-10 03:28:24,920 - INFO - Epoch [34/130] Train Loss: 0.7778, Train Acc: 75.36%, Val Loss: 1.1140, Val Acc: 62.23%
2026-02-10 03:28:46,760 - INFO - Epoch [35] Batch [0/35]                     Loss: 1.4522, Hard: 1.2456, Soft: 0.2065                     Acc: 62.50% LR: 0.000420                     Alpha: 0.5744425058364868                     Beta: 0.4279095530509949                     MemKD: 0.0
2026-02-10 03:28:49,813 - INFO - Epoch [35] Batch [20/35]                     Loss: 0.6023, Hard: 0.5025, Soft: 0.0998                     Acc: 76.79% LR: 0.000420                     Alpha: 0.5744425058364868                     Beta: 0.43494802713394165                     MemKD: 0.0
2026-02-10 03:29:17,524 - INFO - Epoch [35/130] Train Loss: 0.7356, Train Acc: 76.79%, Val Loss: 0.7900, Val Acc: 70.74%
2026-02-10 03:29:39,960 - INFO - Epoch [36] Batch [0/35]                     Loss: 0.7566, Hard: 0.6421, Soft: 0.1146                     Acc: 75.00% LR: 0.000416                     Alpha: 0.5744425058364868                     Beta: 0.4394701421260834                     MemKD: 0.0
2026-02-10 03:29:43,048 - INFO - Epoch [36] Batch [20/35]                     Loss: 1.0434, Hard: 0.9007, Soft: 0.1427                     Acc: 77.68% LR: 0.000416                     Alpha: 0.5744425058364868                     Beta: 0.4452515244483948                     MemKD: 0.0
2026-02-10 03:30:10,573 - INFO - Epoch [36/130] Train Loss: 0.7131, Train Acc: 76.07%, Val Loss: 0.6926, Val Acc: 73.40%
2026-02-10 03:30:33,442 - INFO - Epoch [37] Batch [0/35]                     Loss: 0.3633, Hard: 0.3019, Soft: 0.0615                     Acc: 87.50% LR: 0.000411                     Alpha: 0.5744425058364868                     Beta: 0.44974467158317566                     MemKD: 0.0
2026-02-10 03:30:36,457 - INFO - Epoch [37] Batch [20/35]                     Loss: 0.7849, Hard: 0.6799, Soft: 0.1050                     Acc: 76.49% LR: 0.000411                     Alpha: 0.5744425058364868                     Beta: 0.4557853639125824                     MemKD: 0.0
2026-02-10 03:31:04,149 - INFO - Epoch [37/130] Train Loss: 0.7080, Train Acc: 76.79%, Val Loss: 0.6253, Val Acc: 75.40%
2026-02-10 03:31:27,054 - INFO - Epoch [38] Batch [0/35]                     Loss: 0.5275, Hard: 0.4351, Soft: 0.0924                     Acc: 93.75% LR: 0.000407                     Alpha: 0.5744425058364868                     Beta: 0.4602147042751312                     MemKD: 0.0
2026-02-10 03:31:30,092 - INFO - Epoch [38] Batch [20/35]                     Loss: 1.2078, Hard: 1.0391, Soft: 0.1687                     Acc: 80.65% LR: 0.000407                     Alpha: 0.5744425058364868                     Beta: 0.46577224135398865                     MemKD: 0.0
2026-02-10 03:31:56,635 - INFO - Epoch [38/130] Train Loss: 0.6573, Train Acc: 79.29%, Val Loss: 0.7267, Val Acc: 71.94%
2026-02-10 03:32:18,883 - INFO - Epoch [39] Batch [0/35]                     Loss: 0.9312, Hard: 0.8047, Soft: 0.1265                     Acc: 75.00% LR: 0.000402                     Alpha: 0.5744425058364868                     Beta: 0.4703097641468048                     MemKD: 0.0
2026-02-10 03:32:21,999 - INFO - Epoch [39] Batch [20/35]                     Loss: 0.4123, Hard: 0.3400, Soft: 0.0723                     Acc: 80.95% LR: 0.000402                     Alpha: 0.5744425058364868                     Beta: 0.4760778248310089                     MemKD: 0.0
2026-02-10 03:32:49,723 - INFO - Epoch [39/130] Train Loss: 0.6129, Train Acc: 80.89%, Val Loss: 0.6913, Val Acc: 71.28%
2026-02-10 03:33:11,213 - INFO - Epoch [40] Batch [0/35]                     Loss: 0.4188, Hard: 0.3540, Soft: 0.0648                     Acc: 93.75% LR: 0.000397                     Alpha: 0.5744425058364868                     Beta: 0.4800530970096588                     MemKD: 0.0
2026-02-10 03:33:14,246 - INFO - Epoch [40] Batch [20/35]                     Loss: 0.4105, Hard: 0.3572, Soft: 0.0533                     Acc: 76.79% LR: 0.000397                     Alpha: 0.5744425058364868                     Beta: 0.4856588840484619                     MemKD: 0.0
2026-02-10 03:33:41,644 - INFO - Epoch [40/130] Train Loss: 0.7502, Train Acc: 74.82%, Val Loss: 0.5451, Val Acc: 80.32%
2026-02-10 03:33:41,645 - INFO - Best model saved with accuracy: 80.32%
2026-02-10 03:33:41,720 - INFO - Checkpoint saved at epoch 40
2026-02-10 03:34:02,545 - INFO - Epoch [41] Batch [0/35]                     Loss: 0.4558, Hard: 0.3952, Soft: 0.0606                     Acc: 81.25% LR: 0.000392                     Alpha: 0.5744425058364868                     Beta: 0.4903579354286194                     MemKD: 0.0
2026-02-10 03:34:05,606 - INFO - Epoch [41] Batch [20/35]                     Loss: 0.5687, Hard: 0.4861, Soft: 0.0826                     Acc: 80.36% LR: 0.000392                     Alpha: 0.5744425058364868                     Beta: 0.4963005483150482                     MemKD: 0.0
2026-02-10 03:34:31,875 - INFO - Epoch [41/130] Train Loss: 0.6231, Train Acc: 81.07%, Val Loss: 0.5987, Val Acc: 78.32%
2026-02-10 03:34:53,824 - INFO - Epoch [42] Batch [0/35]                     Loss: 0.6385, Hard: 0.5684, Soft: 0.0701                     Acc: 81.25% LR: 0.000387                     Alpha: 0.5744425058364868                     Beta: 0.5003560781478882                     MemKD: 0.0
2026-02-10 03:34:56,846 - INFO - Epoch [42] Batch [20/35]                     Loss: 1.1384, Hard: 0.9773, Soft: 0.1612                     Acc: 84.23% LR: 0.000387                     Alpha: 0.5744425058364868                     Beta: 0.5054315328598022                     MemKD: 0.0
2026-02-10 03:35:23,394 - INFO - Epoch [42/130] Train Loss: 0.6029, Train Acc: 82.32%, Val Loss: 0.6429, Val Acc: 75.53%
2026-02-10 03:35:44,331 - INFO - Epoch [43] Batch [0/35]                     Loss: 0.5258, Hard: 0.4623, Soft: 0.0635                     Acc: 87.50% LR: 0.000382                     Alpha: 0.5744425058364868                     Beta: 0.5095070004463196                     MemKD: 0.0
2026-02-10 03:35:47,449 - INFO - Epoch [43] Batch [20/35]                     Loss: 0.7539, Hard: 0.6402, Soft: 0.1137                     Acc: 79.17% LR: 0.000382                     Alpha: 0.5744425058364868                     Beta: 0.5151749849319458                     MemKD: 0.0
2026-02-10 03:36:14,464 - INFO - Epoch [43/130] Train Loss: 0.5807, Train Acc: 81.79%, Val Loss: 0.7820, Val Acc: 72.34%
2026-02-10 03:36:36,266 - INFO - Epoch [44] Batch [0/35]                     Loss: 0.4152, Hard: 0.3702, Soft: 0.0450                     Acc: 93.75% LR: 0.000377                     Alpha: 0.5744425058364868                     Beta: 0.5190309286117554                     MemKD: 0.0
2026-02-10 03:36:39,478 - INFO - Epoch [44] Batch [20/35]                     Loss: 0.3572, Hard: 0.3044, Soft: 0.0529                     Acc: 83.33% LR: 0.000377                     Alpha: 0.5744425058364868                     Beta: 0.5235442519187927                     MemKD: 0.0
2026-02-10 03:37:06,662 - INFO - Epoch [44/130] Train Loss: 0.5728, Train Acc: 80.71%, Val Loss: 0.5439, Val Acc: 80.05%
2026-02-10 03:37:29,177 - INFO - Epoch [45] Batch [0/35]                     Loss: 0.6507, Hard: 0.5661, Soft: 0.0847                     Acc: 81.25% LR: 0.000371                     Alpha: 0.5744425058364868                     Beta: 0.5277215242385864                     MemKD: 0.0
2026-02-10 03:37:32,267 - INFO - Epoch [45] Batch [20/35]                     Loss: 1.1730, Hard: 1.0445, Soft: 0.1284                     Acc: 83.93% LR: 0.000371                     Alpha: 0.5744425058364868                     Beta: 0.5324613451957703                     MemKD: 0.0
2026-02-10 03:37:59,414 - INFO - Epoch [45/130] Train Loss: 0.5597, Train Acc: 82.50%, Val Loss: 0.7868, Val Acc: 73.67%
2026-02-10 03:38:20,170 - INFO - Epoch [46] Batch [0/35]                     Loss: 1.0932, Hard: 0.9701, Soft: 0.1230                     Acc: 68.75% LR: 0.000366                     Alpha: 0.5744425058364868                     Beta: 0.536389172077179                     MemKD: 0.0
2026-02-10 03:38:23,207 - INFO - Epoch [46] Batch [20/35]                     Loss: 0.6183, Hard: 0.5487, Soft: 0.0695                     Acc: 80.36% LR: 0.000366                     Alpha: 0.5744425058364868                     Beta: 0.5420994758605957                     MemKD: 0.0
2026-02-10 03:38:50,456 - INFO - Epoch [46/130] Train Loss: 0.6106, Train Acc: 79.29%, Val Loss: 0.6841, Val Acc: 72.47%
2026-02-10 03:39:12,542 - INFO - Epoch [47] Batch [0/35]                     Loss: 0.7307, Hard: 0.6516, Soft: 0.0790                     Acc: 75.00% LR: 0.000361                     Alpha: 0.5744425058364868                     Beta: 0.5458065271377563                     MemKD: 0.0
2026-02-10 03:39:15,561 - INFO - Epoch [47] Batch [20/35]                     Loss: 0.9454, Hard: 0.8429, Soft: 0.1025                     Acc: 77.08% LR: 0.000361                     Alpha: 0.5744425058364868                     Beta: 0.5510771870613098                     MemKD: 0.0
2026-02-10 03:39:42,433 - INFO - Epoch [47/130] Train Loss: 0.6227, Train Acc: 78.21%, Val Loss: 0.5261, Val Acc: 79.26%
2026-02-10 03:40:03,951 - INFO - Epoch [48] Batch [0/35]                     Loss: 0.7711, Hard: 0.6811, Soft: 0.0900                     Acc: 81.25% LR: 0.000355                     Alpha: 0.5744425058364868                     Beta: 0.5548394322395325                     MemKD: 0.0
2026-02-10 03:40:07,006 - INFO - Epoch [48] Batch [20/35]                     Loss: 0.2213, Hard: 0.1969, Soft: 0.0244                     Acc: 82.74% LR: 0.000355                     Alpha: 0.5744425058364868                     Beta: 0.5598922967910767                     MemKD: 0.0
2026-02-10 03:40:31,853 - INFO - Epoch [48/130] Train Loss: 0.5833, Train Acc: 81.79%, Val Loss: 0.5927, Val Acc: 78.06%
2026-02-10 03:40:53,755 - INFO - Epoch [49] Batch [0/35]                     Loss: 0.5778, Hard: 0.5211, Soft: 0.0568                     Acc: 87.50% LR: 0.000350                     Alpha: 0.5744425058364868                     Beta: 0.5637161135673523                     MemKD: 0.0
2026-02-10 03:40:56,736 - INFO - Epoch [49] Batch [20/35]                     Loss: 0.7031, Hard: 0.6250, Soft: 0.0781                     Acc: 79.17% LR: 0.000350                     Alpha: 0.5744425058364868                     Beta: 0.568940281867981                     MemKD: 0.0
2026-02-10 03:41:24,888 - INFO - Epoch [49/130] Train Loss: 0.6359, Train Acc: 79.46%, Val Loss: 0.5858, Val Acc: 77.66%
2026-02-10 03:41:46,376 - INFO - Epoch [50] Batch [0/35]                     Loss: 0.6956, Hard: 0.6303, Soft: 0.0653                     Acc: 87.50% LR: 0.000344                     Alpha: 0.5744425058364868                     Beta: 0.5732450485229492                     MemKD: 0.0
2026-02-10 03:41:49,368 - INFO - Epoch [50] Batch [20/35]                     Loss: 0.3811, Hard: 0.3417, Soft: 0.0394                     Acc: 82.74% LR: 0.000344                     Alpha: 0.5744425058364868                     Beta: 0.5784146189689636                     MemKD: 0.0
2026-02-10 03:42:16,760 - INFO - Epoch [50/130] Train Loss: 0.5446, Train Acc: 83.21%, Val Loss: 0.4793, Val Acc: 81.65%
2026-02-10 03:42:16,761 - INFO - Best model saved with accuracy: 81.65%
2026-02-10 03:42:16,827 - INFO - Checkpoint saved at epoch 50
2026-02-10 03:42:39,353 - INFO - Epoch [51] Batch [0/35]                     Loss: 0.4137, Hard: 0.3596, Soft: 0.0541                     Acc: 81.25% LR: 0.000339                     Alpha: 0.5744425058364868                     Beta: 0.5816674828529358                     MemKD: 0.0
2026-02-10 03:42:42,448 - INFO - Epoch [51] Batch [20/35]                     Loss: 0.4115, Hard: 0.3768, Soft: 0.0347                     Acc: 82.44% LR: 0.000339                     Alpha: 0.5744425058364868                     Beta: 0.5861704349517822                     MemKD: 0.0
2026-02-10 03:43:10,016 - INFO - Epoch [51/130] Train Loss: 0.5361, Train Acc: 82.32%, Val Loss: 0.6516, Val Acc: 74.47%
2026-02-10 03:43:30,090 - INFO - Epoch [52] Batch [0/35]                     Loss: 0.8515, Hard: 0.7578, Soft: 0.0937                     Acc: 68.75% LR: 0.000333                     Alpha: 0.5744425058364868                     Beta: 0.5895949006080627                     MemKD: 0.0
2026-02-10 03:43:33,168 - INFO - Epoch [52] Batch [20/35]                     Loss: 0.4757, Hard: 0.4144, Soft: 0.0612                     Acc: 80.06% LR: 0.000333                     Alpha: 0.5744425058364868                     Beta: 0.5945209860801697                     MemKD: 0.0
2026-02-10 03:43:59,837 - INFO - Epoch [52/130] Train Loss: 0.5844, Train Acc: 79.11%, Val Loss: 0.5305, Val Acc: 78.86%
2026-02-10 03:44:21,273 - INFO - Epoch [53] Batch [0/35]                     Loss: 0.6993, Hard: 0.6248, Soft: 0.0745                     Acc: 81.25% LR: 0.000327                     Alpha: 0.5744425058364868                     Beta: 0.5983476042747498                     MemKD: 0.0
2026-02-10 03:44:24,260 - INFO - Epoch [53] Batch [20/35]                     Loss: 0.4628, Hard: 0.4106, Soft: 0.0522                     Acc: 83.93% LR: 0.000327                     Alpha: 0.5744425058364868                     Beta: 0.6030233502388                     MemKD: 0.0
2026-02-10 03:44:51,128 - INFO - Epoch [53/130] Train Loss: 0.5192, Train Acc: 83.39%, Val Loss: 0.5891, Val Acc: 77.53%
2026-02-10 03:45:13,015 - INFO - Epoch [54] Batch [0/35]                     Loss: 0.6944, Hard: 0.6263, Soft: 0.0681                     Acc: 87.50% LR: 0.000321                     Alpha: 0.5744425058364868                     Beta: 0.6064921617507935                     MemKD: 0.0
2026-02-10 03:45:16,003 - INFO - Epoch [54] Batch [20/35]                     Loss: 0.3648, Hard: 0.3284, Soft: 0.0364                     Acc: 83.93% LR: 0.000321                     Alpha: 0.5744425058364868                     Beta: 0.6108974814414978                     MemKD: 0.0
2026-02-10 03:45:42,858 - INFO - Epoch [54/130] Train Loss: 0.5123, Train Acc: 83.04%, Val Loss: 0.4897, Val Acc: 80.98%
2026-02-10 03:46:05,375 - INFO - Epoch [55] Batch [0/35]                     Loss: 0.5224, Hard: 0.4598, Soft: 0.0625                     Acc: 87.50% LR: 0.000316                     Alpha: 0.5744425058364868                     Beta: 0.6139805912971497                     MemKD: 0.0
2026-02-10 03:46:08,441 - INFO - Epoch [55] Batch [20/35]                     Loss: 0.5164, Hard: 0.4600, Soft: 0.0564                     Acc: 82.74% LR: 0.000316                     Alpha: 0.5744425058364868                     Beta: 0.6184101104736328                     MemKD: 0.0
2026-02-10 03:46:33,371 - INFO - Epoch [55/130] Train Loss: 0.5661, Train Acc: 81.43%, Val Loss: 0.5099, Val Acc: 81.65%
2026-02-10 03:46:55,798 - INFO - Epoch [56] Batch [0/35]                     Loss: 0.4525, Hard: 0.4038, Soft: 0.0487                     Acc: 87.50% LR: 0.000310                     Alpha: 0.5744425058364868                     Beta: 0.6216863393783569                     MemKD: 0.0
2026-02-10 03:46:58,792 - INFO - Epoch [56] Batch [20/35]                     Loss: 0.3306, Hard: 0.2848, Soft: 0.0458                     Acc: 80.95% LR: 0.000310                     Alpha: 0.5744425058364868                     Beta: 0.6263923645019531                     MemKD: 0.0
2026-02-10 03:47:24,664 - INFO - Epoch [56/130] Train Loss: 0.5366, Train Acc: 83.21%, Val Loss: 0.5022, Val Acc: 80.19%
2026-02-10 03:47:46,378 - INFO - Epoch [57] Batch [0/35]                     Loss: 0.6040, Hard: 0.5520, Soft: 0.0521                     Acc: 81.25% LR: 0.000304                     Alpha: 0.5744425058364868                     Beta: 0.6297752857208252                     MemKD: 0.0
2026-02-10 03:47:49,371 - INFO - Epoch [57] Batch [20/35]                     Loss: 0.2846, Hard: 0.2577, Soft: 0.0269                     Acc: 85.12% LR: 0.000304                     Alpha: 0.5744425058364868                     Beta: 0.6341047286987305                     MemKD: 0.0
2026-02-10 03:48:14,983 - INFO - Epoch [57/130] Train Loss: 0.5000, Train Acc: 84.64%, Val Loss: 0.6426, Val Acc: 74.60%
2026-02-10 03:48:36,937 - INFO - Epoch [58] Batch [0/35]                     Loss: 0.2174, Hard: 0.1954, Soft: 0.0220                     Acc: 93.75% LR: 0.000298                     Alpha: 0.5744425058364868                     Beta: 0.6370538473129272                     MemKD: 0.0
2026-02-10 03:48:39,960 - INFO - Epoch [58] Batch [20/35]                     Loss: 0.2741, Hard: 0.2462, Soft: 0.0279                     Acc: 85.42% LR: 0.000298                     Alpha: 0.5744425058364868                     Beta: 0.6408681869506836                     MemKD: 0.0
2026-02-10 03:49:06,794 - INFO - Epoch [58/130] Train Loss: 0.5221, Train Acc: 82.68%, Val Loss: 0.5868, Val Acc: 78.06%
2026-02-10 03:49:29,062 - INFO - Epoch [59] Batch [0/35]                     Loss: 0.3865, Hard: 0.3529, Soft: 0.0336                     Acc: 87.50% LR: 0.000292                     Alpha: 0.5744425058364868                     Beta: 0.6442152857780457                     MemKD: 0.0
2026-02-10 03:49:32,065 - INFO - Epoch [59] Batch [20/35]                     Loss: 0.1874, Hard: 0.1641, Soft: 0.0233                     Acc: 86.01% LR: 0.000292                     Alpha: 0.5744425058364868                     Beta: 0.6484079957008362                     MemKD: 0.0
2026-02-10 03:49:59,093 - INFO - Epoch [59/130] Train Loss: 0.4541, Train Acc: 85.54%, Val Loss: 0.5065, Val Acc: 80.45%
2026-02-10 03:50:20,134 - INFO - Epoch [60] Batch [0/35]                     Loss: 0.8146, Hard: 0.7325, Soft: 0.0821                     Acc: 75.00% LR: 0.000286                     Alpha: 0.5744425058364868                     Beta: 0.6511473059654236                     MemKD: 0.0
2026-02-10 03:50:23,135 - INFO - Epoch [60] Batch [20/35]                     Loss: 0.3071, Hard: 0.2647, Soft: 0.0424                     Acc: 84.23% LR: 0.000286                     Alpha: 0.5744425058364868                     Beta: 0.6552935838699341                     MemKD: 0.0
2026-02-10 03:50:48,334 - INFO - Epoch [60/130] Train Loss: 0.4952, Train Acc: 83.93%, Val Loss: 0.6655, Val Acc: 76.06%
2026-02-10 03:50:48,384 - INFO - Checkpoint saved at epoch 60
2026-02-10 03:51:10,364 - INFO - Epoch [61] Batch [0/35]                     Loss: 0.6702, Hard: 0.6033, Soft: 0.0669                     Acc: 75.00% LR: 0.000280                     Alpha: 0.5744425058364868                     Beta: 0.6581862568855286                     MemKD: 0.0
2026-02-10 03:51:13,362 - INFO - Epoch [61] Batch [20/35]                     Loss: 0.6076, Hard: 0.5564, Soft: 0.0512                     Acc: 81.25% LR: 0.000280                     Alpha: 0.5744425058364868                     Beta: 0.6621774435043335                     MemKD: 0.0
2026-02-10 03:51:41,264 - INFO - Epoch [61/130] Train Loss: 0.5401, Train Acc: 80.89%, Val Loss: 0.5123, Val Acc: 80.32%
2026-02-10 03:52:03,604 - INFO - Epoch [62] Batch [0/35]                     Loss: 0.5117, Hard: 0.4687, Soft: 0.0430                     Acc: 81.25% LR: 0.000274                     Alpha: 0.5744425058364868                     Beta: 0.6656135320663452                     MemKD: 0.0
2026-02-10 03:52:06,663 - INFO - Epoch [62] Batch [20/35]                     Loss: 0.5032, Hard: 0.4550, Soft: 0.0482                     Acc: 82.14% LR: 0.000274                     Alpha: 0.5744425058364868                     Beta: 0.6697648763656616                     MemKD: 0.0
2026-02-10 03:52:34,459 - INFO - Epoch [62/130] Train Loss: 0.5274, Train Acc: 82.50%, Val Loss: 0.5199, Val Acc: 80.05%
2026-02-10 03:52:56,125 - INFO - Epoch [63] Batch [0/35]                     Loss: 0.1963, Hard: 0.1815, Soft: 0.0148                     Acc: 100.00% LR: 0.000268                     Alpha: 0.5744425058364868                     Beta: 0.672810971736908                     MemKD: 0.0
2026-02-10 03:52:59,149 - INFO - Epoch [63] Batch [20/35]                     Loss: 0.2633, Hard: 0.2313, Soft: 0.0320                     Acc: 86.61% LR: 0.000268                     Alpha: 0.5744425058364868                     Beta: 0.6765222549438477                     MemKD: 0.0
2026-02-10 03:53:27,142 - INFO - Epoch [63/130] Train Loss: 0.4554, Train Acc: 85.89%, Val Loss: 0.4373, Val Acc: 83.24%
2026-02-10 03:53:27,142 - INFO - Best model saved with accuracy: 83.24%
2026-02-10 03:53:48,190 - INFO - Epoch [64] Batch [0/35]                     Loss: 0.5190, Hard: 0.4684, Soft: 0.0507                     Acc: 81.25% LR: 0.000262                     Alpha: 0.5744425058364868                     Beta: 0.6792305707931519                     MemKD: 0.0
2026-02-10 03:53:51,159 - INFO - Epoch [64] Batch [20/35]                     Loss: 0.3356, Hard: 0.2961, Soft: 0.0394                     Acc: 80.95% LR: 0.000262                     Alpha: 0.5744425058364868                     Beta: 0.6830295324325562                     MemKD: 0.0
2026-02-10 03:54:18,056 - INFO - Epoch [64/130] Train Loss: 0.4884, Train Acc: 81.61%, Val Loss: 0.6385, Val Acc: 77.26%
2026-02-10 03:54:40,501 - INFO - Epoch [65] Batch [0/35]                     Loss: 0.1433, Hard: 0.1191, Soft: 0.0242                     Acc: 100.00% LR: 0.000256                     Alpha: 0.5744425058364868                     Beta: 0.6858930587768555                     MemKD: 0.0
2026-02-10 03:54:43,628 - INFO - Epoch [65] Batch [20/35]                     Loss: 0.5288, Hard: 0.4754, Soft: 0.0534                     Acc: 87.20% LR: 0.000256                     Alpha: 0.5744425058364868                     Beta: 0.6894627213478088                     MemKD: 0.0
2026-02-10 03:55:09,866 - INFO - Epoch [65/130] Train Loss: 0.4288, Train Acc: 86.43%, Val Loss: 0.4753, Val Acc: 84.04%
2026-02-10 03:55:09,867 - INFO - Best model saved with accuracy: 84.04%
2026-02-10 03:55:32,186 - INFO - Epoch [66] Batch [0/35]                     Loss: 0.1659, Hard: 0.1459, Soft: 0.0200                     Acc: 100.00% LR: 0.000250                     Alpha: 0.5744425058364868                     Beta: 0.6921815872192383                     MemKD: 0.0
2026-02-10 03:55:35,188 - INFO - Epoch [66] Batch [20/35]                     Loss: 0.3665, Hard: 0.3338, Soft: 0.0327                     Acc: 86.31% LR: 0.000250                     Alpha: 0.5744425058364868                     Beta: 0.6952605843544006                     MemKD: 0.0
2026-02-10 03:56:02,289 - INFO - Epoch [66/130] Train Loss: 0.4213, Train Acc: 87.14%, Val Loss: 0.5500, Val Acc: 78.19%
2026-02-10 03:56:23,818 - INFO - Epoch [67] Batch [0/35]                     Loss: 0.2259, Hard: 0.2011, Soft: 0.0249                     Acc: 93.75% LR: 0.000244                     Alpha: 0.5744425058364868                     Beta: 0.6978471875190735                     MemKD: 0.0
2026-02-10 03:56:26,848 - INFO - Epoch [67] Batch [20/35]                     Loss: 0.2553, Hard: 0.2245, Soft: 0.0307                     Acc: 86.90% LR: 0.000244                     Alpha: 0.5744425058364868                     Beta: 0.7010367512702942                     MemKD: 0.0
2026-02-10 03:56:53,443 - INFO - Epoch [67/130] Train Loss: 0.4712, Train Acc: 84.29%, Val Loss: 0.4616, Val Acc: 83.24%
2026-02-10 03:57:13,883 - INFO - Epoch [68] Batch [0/35]                     Loss: 0.5874, Hard: 0.5206, Soft: 0.0668                     Acc: 81.25% LR: 0.000238                     Alpha: 0.5744425058364868                     Beta: 0.7037988901138306                     MemKD: 0.0
2026-02-10 03:57:16,940 - INFO - Epoch [68] Batch [20/35]                     Loss: 0.4014, Hard: 0.3662, Soft: 0.0352                     Acc: 86.01% LR: 0.000238                     Alpha: 0.5744425058364868                     Beta: 0.7070798873901367                     MemKD: 0.0
2026-02-10 03:57:44,115 - INFO - Epoch [68/130] Train Loss: 0.4483, Train Acc: 84.64%, Val Loss: 0.6647, Val Acc: 77.39%
2026-02-10 03:58:05,561 - INFO - Epoch [69] Batch [0/35]                     Loss: 0.3000, Hard: 0.2734, Soft: 0.0266                     Acc: 93.75% LR: 0.000232                     Alpha: 0.5744425058364868                     Beta: 0.7095770835876465                     MemKD: 0.0
2026-02-10 03:58:08,635 - INFO - Epoch [69] Batch [20/35]                     Loss: 0.5699, Hard: 0.5229, Soft: 0.0471                     Acc: 83.33% LR: 0.000232                     Alpha: 0.5744425058364868                     Beta: 0.713208019733429                     MemKD: 0.0
2026-02-10 03:58:35,172 - INFO - Epoch [69/130] Train Loss: 0.4521, Train Acc: 84.64%, Val Loss: 0.5204, Val Acc: 80.59%
2026-02-10 03:58:57,668 - INFO - Epoch [70] Batch [0/35]                     Loss: 0.5887, Hard: 0.5422, Soft: 0.0465                     Acc: 75.00% LR: 0.000226                     Alpha: 0.5744425058364868                     Beta: 0.7159305810928345                     MemKD: 0.0
2026-02-10 03:59:00,748 - INFO - Epoch [70] Batch [20/35]                     Loss: 0.4683, Hard: 0.4188, Soft: 0.0495                     Acc: 86.01% LR: 0.000226                     Alpha: 0.5744425058364868                     Beta: 0.7191407680511475                     MemKD: 0.0
2026-02-10 03:59:28,790 - INFO - Epoch [70/130] Train Loss: 0.3902, Train Acc: 87.68%, Val Loss: 0.5285, Val Acc: 80.72%
2026-02-10 03:59:28,823 - INFO - Checkpoint saved at epoch 70
2026-02-10 03:59:50,920 - INFO - Epoch [71] Batch [0/35]                     Loss: 0.5672, Hard: 0.5258, Soft: 0.0414                     Acc: 81.25% LR: 0.000220                     Alpha: 0.5744425058364868                     Beta: 0.7214000821113586                     MemKD: 0.0
2026-02-10 03:59:53,936 - INFO - Epoch [71] Batch [20/35]                     Loss: 0.5041, Hard: 0.4698, Soft: 0.0342                     Acc: 84.82% LR: 0.000220                     Alpha: 0.5744425058364868                     Beta: 0.7242224812507629                     MemKD: 0.0
2026-02-10 04:00:19,324 - INFO - Epoch [71/130] Train Loss: 0.4502, Train Acc: 84.11%, Val Loss: 0.4521, Val Acc: 84.04%
2026-02-10 04:00:41,986 - INFO - Epoch [72] Batch [0/35]                     Loss: 0.5656, Hard: 0.5279, Soft: 0.0377                     Acc: 75.00% LR: 0.000214                     Alpha: 0.5744425058364868                     Beta: 0.7266525626182556                     MemKD: 0.0
2026-02-10 04:00:45,027 - INFO - Epoch [72] Batch [20/35]                     Loss: 0.3850, Hard: 0.3469, Soft: 0.0381                     Acc: 84.82% LR: 0.000214                     Alpha: 0.5744425058364868                     Beta: 0.7298213839530945                     MemKD: 0.0
2026-02-10 04:01:12,166 - INFO - Epoch [72/130] Train Loss: 0.4060, Train Acc: 86.79%, Val Loss: 0.4629, Val Acc: 84.04%
2026-02-10 04:01:33,702 - INFO - Epoch [73] Batch [0/35]                     Loss: 0.3467, Hard: 0.3207, Soft: 0.0259                     Acc: 93.75% LR: 0.000208                     Alpha: 0.5744425058364868                     Beta: 0.7319039106369019                     MemKD: 0.0
2026-02-10 04:01:36,702 - INFO - Epoch [73] Batch [20/35]                     Loss: 0.4314, Hard: 0.4010, Soft: 0.0303                     Acc: 87.20% LR: 0.000208                     Alpha: 0.5744425058364868                     Beta: 0.7344823479652405                     MemKD: 0.0
2026-02-10 04:02:04,232 - INFO - Epoch [73/130] Train Loss: 0.3728, Train Acc: 86.79%, Val Loss: 0.7084, Val Acc: 77.13%
2026-02-10 04:02:26,583 - INFO - Epoch [74] Batch [0/35]                     Loss: 0.2080, Hard: 0.1819, Soft: 0.0261                     Acc: 87.50% LR: 0.000202                     Alpha: 0.5744425058364868                     Beta: 0.736414909362793                     MemKD: 0.0
2026-02-10 04:02:29,612 - INFO - Epoch [74] Batch [20/35]                     Loss: 0.1070, Hard: 0.0951, Soft: 0.0119                     Acc: 85.71% LR: 0.000202                     Alpha: 0.5744425058364868                     Beta: 0.739213228225708                     MemKD: 0.0
2026-02-10 04:02:55,115 - INFO - Epoch [74/130] Train Loss: 0.4176, Train Acc: 85.71%, Val Loss: 0.4772, Val Acc: 82.45%
2026-02-10 04:03:17,281 - INFO - Epoch [75] Batch [0/35]                     Loss: 0.1469, Hard: 0.1315, Soft: 0.0154                     Acc: 100.00% LR: 0.000196                     Alpha: 0.5744425058364868                     Beta: 0.7412060499191284                     MemKD: 0.0
2026-02-10 04:03:20,404 - INFO - Epoch [75] Batch [20/35]                     Loss: 0.4237, Hard: 0.3865, Soft: 0.0373                     Acc: 88.39% LR: 0.000196                     Alpha: 0.5744425058364868                     Beta: 0.7439408302307129                     MemKD: 0.0
2026-02-10 04:03:47,316 - INFO - Epoch [75/130] Train Loss: 0.3436, Train Acc: 88.75%, Val Loss: 0.5679, Val Acc: 79.39%
2026-02-10 04:04:08,529 - INFO - Epoch [76] Batch [0/35]                     Loss: 0.5622, Hard: 0.5297, Soft: 0.0325                     Acc: 87.50% LR: 0.000190                     Alpha: 0.5744425058364868                     Beta: 0.7459303736686707                     MemKD: 0.0
2026-02-10 04:04:11,525 - INFO - Epoch [76] Batch [20/35]                     Loss: 0.1559, Hard: 0.1372, Soft: 0.0187                     Acc: 87.20% LR: 0.000190                     Alpha: 0.5744425058364868                     Beta: 0.7485414743423462                     MemKD: 0.0
2026-02-10 04:04:37,942 - INFO - Epoch [76/130] Train Loss: 0.4107, Train Acc: 87.32%, Val Loss: 0.4748, Val Acc: 82.45%
2026-02-10 04:05:00,216 - INFO - Epoch [77] Batch [0/35]                     Loss: 0.3966, Hard: 0.3681, Soft: 0.0286                     Acc: 81.25% LR: 0.000184                     Alpha: 0.5744425058364868                     Beta: 0.7504733800888062                     MemKD: 0.0
2026-02-10 04:05:03,158 - INFO - Epoch [77] Batch [20/35]                     Loss: 0.6576, Hard: 0.6128, Soft: 0.0448                     Acc: 85.42% LR: 0.000184                     Alpha: 0.5744425058364868                     Beta: 0.753136396408081                     MemKD: 0.0
2026-02-10 04:05:29,733 - INFO - Epoch [77/130] Train Loss: 0.4529, Train Acc: 84.46%, Val Loss: 0.6747, Val Acc: 76.86%
2026-02-10 04:05:51,149 - INFO - Epoch [78] Batch [0/35]                     Loss: 0.2870, Hard: 0.2633, Soft: 0.0237                     Acc: 87.50% LR: 0.000179                     Alpha: 0.5744425058364868                     Beta: 0.7552581429481506                     MemKD: 0.0
2026-02-10 04:05:54,168 - INFO - Epoch [78] Batch [20/35]                     Loss: 0.6500, Hard: 0.6034, Soft: 0.0466                     Acc: 85.12% LR: 0.000179                     Alpha: 0.5744425058364868                     Beta: 0.7578738331794739                     MemKD: 0.0
2026-02-10 04:06:21,118 - INFO - Epoch [78/130] Train Loss: 0.3872, Train Acc: 86.43%, Val Loss: 0.4780, Val Acc: 83.11%
2026-02-10 04:06:42,948 - INFO - Epoch [79] Batch [0/35]                     Loss: 0.4485, Hard: 0.4124, Soft: 0.0361                     Acc: 81.25% LR: 0.000173                     Alpha: 0.5744425058364868                     Beta: 0.7597455978393555                     MemKD: 0.0
2026-02-10 04:06:45,958 - INFO - Epoch [79] Batch [20/35]                     Loss: 0.2806, Hard: 0.2570, Soft: 0.0236                     Acc: 84.82% LR: 0.000173                     Alpha: 0.5744425058364868                     Beta: 0.7622755765914917                     MemKD: 0.0
2026-02-10 04:07:14,544 - INFO - Epoch [79/130] Train Loss: 0.4098, Train Acc: 85.36%, Val Loss: 0.5196, Val Acc: 80.32%
2026-02-10 04:07:36,889 - INFO - Epoch [80] Batch [0/35]                     Loss: 0.3447, Hard: 0.3183, Soft: 0.0263                     Acc: 81.25% LR: 0.000167                     Alpha: 0.5744425058364868                     Beta: 0.7642128467559814                     MemKD: 0.0
2026-02-10 04:07:39,889 - INFO - Epoch [80] Batch [20/35]                     Loss: 0.6955, Hard: 0.6606, Soft: 0.0349                     Acc: 85.12% LR: 0.000167                     Alpha: 0.5744425058364868                     Beta: 0.7668869495391846                     MemKD: 0.0
2026-02-10 04:08:06,109 - INFO - Epoch [80/130] Train Loss: 0.4020, Train Acc: 86.07%, Val Loss: 0.4658, Val Acc: 82.05%
2026-02-10 04:08:06,143 - INFO - Checkpoint saved at epoch 80
2026-02-10 04:08:27,230 - INFO - Epoch [81] Batch [0/35]                     Loss: 0.3918, Hard: 0.3555, Soft: 0.0363                     Acc: 87.50% LR: 0.000161                     Alpha: 0.5744425058364868                     Beta: 0.7687596678733826                     MemKD: 0.0
2026-02-10 04:08:30,250 - INFO - Epoch [81] Batch [20/35]                     Loss: 0.4784, Hard: 0.4483, Soft: 0.0302                     Acc: 86.01% LR: 0.000161                     Alpha: 0.5744425058364868                     Beta: 0.771177351474762                     MemKD: 0.0
2026-02-10 04:08:58,296 - INFO - Epoch [81/130] Train Loss: 0.4063, Train Acc: 85.36%, Val Loss: 0.4691, Val Acc: 83.38%
2026-02-10 04:09:21,008 - INFO - Epoch [82] Batch [0/35]                     Loss: 0.2674, Hard: 0.2417, Soft: 0.0257                     Acc: 93.75% LR: 0.000156                     Alpha: 0.5744425058364868                     Beta: 0.7729246020317078                     MemKD: 0.0
2026-02-10 04:09:24,035 - INFO - Epoch [82] Batch [20/35]                     Loss: 0.4607, Hard: 0.4262, Soft: 0.0345                     Acc: 87.20% LR: 0.000156                     Alpha: 0.5744425058364868                     Beta: 0.7750816941261292                     MemKD: 0.0
2026-02-10 04:09:51,025 - INFO - Epoch [82/130] Train Loss: 0.3700, Train Acc: 87.50%, Val Loss: 0.4642, Val Acc: 82.31%
2026-02-10 04:10:13,564 - INFO - Epoch [83] Batch [0/35]                     Loss: 0.3715, Hard: 0.3458, Soft: 0.0258                     Acc: 75.00% LR: 0.000150                     Alpha: 0.5744425058364868                     Beta: 0.7767819166183472                     MemKD: 0.0
2026-02-10 04:10:16,573 - INFO - Epoch [83] Batch [20/35]                     Loss: 0.3344, Hard: 0.3094, Soft: 0.0250                     Acc: 88.10% LR: 0.000150                     Alpha: 0.5744425058364868                     Beta: 0.7788704037666321                     MemKD: 0.0
2026-02-10 04:10:44,739 - INFO - Epoch [83/130] Train Loss: 0.3398, Train Acc: 89.11%, Val Loss: 0.4695, Val Acc: 82.85%
2026-02-10 04:11:06,982 - INFO - Epoch [84] Batch [0/35]                     Loss: 0.2824, Hard: 0.2546, Soft: 0.0278                     Acc: 93.75% LR: 0.000145                     Alpha: 0.5744425058364868                     Beta: 0.780324399471283                     MemKD: 0.0
2026-02-10 04:11:10,015 - INFO - Epoch [84] Batch [20/35]                     Loss: 0.3550, Hard: 0.3286, Soft: 0.0264                     Acc: 87.80% LR: 0.000145                     Alpha: 0.5744425058364868                     Beta: 0.7823138236999512                     MemKD: 0.0
2026-02-10 04:11:36,695 - INFO - Epoch [84/130] Train Loss: 0.4324, Train Acc: 85.89%, Val Loss: 0.4362, Val Acc: 84.84%
2026-02-10 04:11:36,695 - INFO - Best model saved with accuracy: 84.84%
2026-02-10 04:11:59,151 - INFO - Epoch [85] Batch [0/35]                     Loss: 0.4578, Hard: 0.4273, Soft: 0.0306                     Acc: 81.25% LR: 0.000139                     Alpha: 0.5744425058364868                     Beta: 0.7841268181800842                     MemKD: 0.0
2026-02-10 04:12:02,166 - INFO - Epoch [85] Batch [20/35]                     Loss: 0.3230, Hard: 0.3016, Soft: 0.0214                     Acc: 89.29% LR: 0.000139                     Alpha: 0.5744425058364868                     Beta: 0.7862405776977539                     MemKD: 0.0
2026-02-10 04:12:29,195 - INFO - Epoch [85/130] Train Loss: 0.3642, Train Acc: 88.39%, Val Loss: 0.4310, Val Acc: 84.04%
2026-02-10 04:12:51,265 - INFO - Epoch [86] Batch [0/35]                     Loss: 0.2403, Hard: 0.2196, Soft: 0.0207                     Acc: 93.75% LR: 0.000134                     Alpha: 0.5744425058364868                     Beta: 0.7876879572868347                     MemKD: 0.0
2026-02-10 04:12:54,285 - INFO - Epoch [86] Batch [20/35]                     Loss: 0.4546, Hard: 0.4267, Soft: 0.0279                     Acc: 87.80% LR: 0.000134                     Alpha: 0.5744425058364868                     Beta: 0.789533793926239                     MemKD: 0.0
2026-02-10 04:13:22,581 - INFO - Epoch [86/130] Train Loss: 0.4030, Train Acc: 85.71%, Val Loss: 0.3966, Val Acc: 85.77%
2026-02-10 04:13:22,582 - INFO - Best model saved with accuracy: 85.77%
2026-02-10 04:13:44,422 - INFO - Epoch [87] Batch [0/35]                     Loss: 0.3449, Hard: 0.3233, Soft: 0.0217                     Acc: 87.50% LR: 0.000129                     Alpha: 0.5744425058364868                     Beta: 0.7911748886108398                     MemKD: 0.0
2026-02-10 04:13:47,479 - INFO - Epoch [87] Batch [20/35]                     Loss: 0.1684, Hard: 0.1551, Soft: 0.0133                     Acc: 85.71% LR: 0.000129                     Alpha: 0.5744425058364868                     Beta: 0.7932353615760803                     MemKD: 0.0
2026-02-10 04:14:15,179 - INFO - Epoch [87/130] Train Loss: 0.3783, Train Acc: 86.79%, Val Loss: 0.4516, Val Acc: 82.71%
2026-02-10 04:14:37,665 - INFO - Epoch [88] Batch [0/35]                     Loss: 0.1947, Hard: 0.1740, Soft: 0.0207                     Acc: 93.75% LR: 0.000123                     Alpha: 0.5744425058364868                     Beta: 0.7947034239768982                     MemKD: 0.0
2026-02-10 04:14:40,693 - INFO - Epoch [88] Batch [20/35]                     Loss: 0.3527, Hard: 0.3305, Soft: 0.0222                     Acc: 86.61% LR: 0.000123                     Alpha: 0.5744425058364868                     Beta: 0.7963113188743591                     MemKD: 0.0
2026-02-10 04:15:08,092 - INFO - Epoch [88/130] Train Loss: 0.3129, Train Acc: 88.39%, Val Loss: 0.4422, Val Acc: 84.04%
2026-02-10 04:15:29,380 - INFO - Epoch [89] Batch [0/35]                     Loss: 0.1858, Hard: 0.1686, Soft: 0.0172                     Acc: 93.75% LR: 0.000118                     Alpha: 0.5744425058364868                     Beta: 0.7974116802215576                     MemKD: 0.0
2026-02-10 04:15:32,393 - INFO - Epoch [89] Batch [20/35]                     Loss: 0.4051, Hard: 0.3780, Soft: 0.0270                     Acc: 87.50% LR: 0.000118                     Alpha: 0.5744425058364868                     Beta: 0.7990618348121643                     MemKD: 0.0
2026-02-10 04:15:59,083 - INFO - Epoch [89/130] Train Loss: 0.3685, Train Acc: 87.32%, Val Loss: 0.4231, Val Acc: 83.91%
2026-02-10 04:16:20,744 - INFO - Epoch [90] Batch [0/35]                     Loss: 0.2678, Hard: 0.2450, Soft: 0.0229                     Acc: 93.75% LR: 0.000113                     Alpha: 0.5744425058364868                     Beta: 0.8003607988357544                     MemKD: 0.0
2026-02-10 04:16:23,747 - INFO - Epoch [90] Batch [20/35]                     Loss: 0.2769, Hard: 0.2568, Soft: 0.0201                     Acc: 88.99% LR: 0.000113                     Alpha: 0.5744425058364868                     Beta: 0.8019599914550781                     MemKD: 0.0
2026-02-10 04:16:51,882 - INFO - Epoch [90/130] Train Loss: 0.3618, Train Acc: 88.21%, Val Loss: 0.5158, Val Acc: 78.86%
2026-02-10 04:16:51,933 - INFO - Checkpoint saved at epoch 90
2026-02-10 04:17:13,044 - INFO - Epoch [91] Batch [0/35]                     Loss: 0.3337, Hard: 0.3132, Soft: 0.0204                     Acc: 87.50% LR: 0.000108                     Alpha: 0.5744425058364868                     Beta: 0.8031055331230164                     MemKD: 0.0
2026-02-10 04:17:16,061 - INFO - Epoch [91] Batch [20/35]                     Loss: 0.3286, Hard: 0.3061, Soft: 0.0224                     Acc: 86.61% LR: 0.000108                     Alpha: 0.5744425058364868                     Beta: 0.8046630024909973                     MemKD: 0.0
2026-02-10 04:17:42,662 - INFO - Epoch [91/130] Train Loss: 0.3041, Train Acc: 88.93%, Val Loss: 0.4608, Val Acc: 84.31%
2026-02-10 04:18:04,528 - INFO - Epoch [92] Batch [0/35]                     Loss: 0.2981, Hard: 0.2777, Soft: 0.0204                     Acc: 81.25% LR: 0.000103                     Alpha: 0.5744425058364868                     Beta: 0.8057071566581726                     MemKD: 0.0
2026-02-10 04:18:07,508 - INFO - Epoch [92] Batch [20/35]                     Loss: 0.2297, Hard: 0.2107, Soft: 0.0191                     Acc: 88.39% LR: 0.000103                     Alpha: 0.5744425058364868                     Beta: 0.8069821000099182                     MemKD: 0.0
2026-02-10 04:18:34,907 - INFO - Epoch [92/130] Train Loss: 0.3165, Train Acc: 89.29%, Val Loss: 0.4530, Val Acc: 83.24%
2026-02-10 04:18:57,337 - INFO - Epoch [93] Batch [0/35]                     Loss: 0.4487, Hard: 0.4205, Soft: 0.0282                     Acc: 87.50% LR: 0.000098                     Alpha: 0.5744425058364868                     Beta: 0.8080477118492126                     MemKD: 0.0
2026-02-10 04:19:00,399 - INFO - Epoch [93] Batch [20/35]                     Loss: 0.2320, Hard: 0.2114, Soft: 0.0206                     Acc: 88.69% LR: 0.000098                     Alpha: 0.5744425058364868                     Beta: 0.809299111366272                     MemKD: 0.0
2026-02-10 04:19:26,957 - INFO - Epoch [93/130] Train Loss: 0.3037, Train Acc: 88.75%, Val Loss: 0.5172, Val Acc: 83.51%
2026-02-10 04:19:47,359 - INFO - Epoch [94] Batch [0/35]                     Loss: 0.5047, Hard: 0.4733, Soft: 0.0314                     Acc: 81.25% LR: 0.000093                     Alpha: 0.5744425058364868                     Beta: 0.8102899193763733                     MemKD: 0.0
2026-02-10 04:19:50,387 - INFO - Epoch [94] Batch [20/35]                     Loss: 0.2098, Hard: 0.1911, Soft: 0.0187                     Acc: 90.18% LR: 0.000093                     Alpha: 0.5744425058364868                     Beta: 0.8116305470466614                     MemKD: 0.0
2026-02-10 04:20:16,873 - INFO - Epoch [94/130] Train Loss: 0.2884, Train Acc: 90.89%, Val Loss: 0.4633, Val Acc: 83.38%
2026-02-10 04:20:38,133 - INFO - Epoch [95] Batch [0/35]                     Loss: 0.4689, Hard: 0.4433, Soft: 0.0256                     Acc: 93.75% LR: 0.000089                     Alpha: 0.5744425058364868                     Beta: 0.8125244379043579                     MemKD: 0.0
2026-02-10 04:20:41,150 - INFO - Epoch [95] Batch [20/35]                     Loss: 0.3536, Hard: 0.3332, Soft: 0.0204                     Acc: 89.29% LR: 0.000089                     Alpha: 0.5744425058364868                     Beta: 0.8137825727462769                     MemKD: 0.0
2026-02-10 04:21:08,210 - INFO - Epoch [95/130] Train Loss: 0.3145, Train Acc: 89.46%, Val Loss: 0.4388, Val Acc: 83.51%
2026-02-10 04:21:30,495 - INFO - Epoch [96] Batch [0/35]                     Loss: 0.2681, Hard: 0.2466, Soft: 0.0215                     Acc: 93.75% LR: 0.000084                     Alpha: 0.5744425058364868                     Beta: 0.8146509528160095                     MemKD: 0.0
2026-02-10 04:21:33,518 - INFO - Epoch [96] Batch [20/35]                     Loss: 0.1428, Hard: 0.1295, Soft: 0.0134                     Acc: 90.77% LR: 0.000084                     Alpha: 0.5744425058364868                     Beta: 0.8158494830131531                     MemKD: 0.0
2026-02-10 04:22:00,667 - INFO - Epoch [96/130] Train Loss: 0.3018, Train Acc: 90.71%, Val Loss: 0.4318, Val Acc: 84.97%
2026-02-10 04:22:23,831 - INFO - Epoch [97] Batch [0/35]                     Loss: 0.2145, Hard: 0.1980, Soft: 0.0165                     Acc: 87.50% LR: 0.000080                     Alpha: 0.5744425058364868                     Beta: 0.8167374134063721                     MemKD: 0.0
2026-02-10 04:22:26,790 - INFO - Epoch [97] Batch [20/35]                     Loss: 0.4022, Hard: 0.3790, Soft: 0.0233                     Acc: 88.69% LR: 0.000080                     Alpha: 0.5744425058364868                     Beta: 0.8178670406341553                     MemKD: 0.0
2026-02-10 04:22:54,275 - INFO - Epoch [97/130] Train Loss: 0.3322, Train Acc: 88.39%, Val Loss: 0.4578, Val Acc: 84.84%
2026-02-10 04:23:16,910 - INFO - Epoch [98] Batch [0/35]                     Loss: 0.3285, Hard: 0.3018, Soft: 0.0267                     Acc: 93.75% LR: 0.000075                     Alpha: 0.5744425058364868                     Beta: 0.8187750577926636                     MemKD: 0.0
2026-02-10 04:23:19,919 - INFO - Epoch [98] Batch [20/35]                     Loss: 0.2044, Hard: 0.1879, Soft: 0.0165                     Acc: 88.69% LR: 0.000075                     Alpha: 0.5744425058364868                     Beta: 0.8198650479316711                     MemKD: 0.0
2026-02-10 04:23:47,485 - INFO - Epoch [98/130] Train Loss: 0.3229, Train Acc: 88.21%, Val Loss: 0.4532, Val Acc: 84.44%
2026-02-10 04:24:09,413 - INFO - Epoch [99] Batch [0/35]                     Loss: 0.1491, Hard: 0.1325, Soft: 0.0166                     Acc: 100.00% LR: 0.000071                     Alpha: 0.5744425058364868                     Beta: 0.8207008838653564                     MemKD: 0.0
2026-02-10 04:24:12,420 - INFO - Epoch [99] Batch [20/35]                     Loss: 0.2463, Hard: 0.2284, Soft: 0.0179                     Acc: 90.48% LR: 0.000071                     Alpha: 0.5744425058364868                     Beta: 0.8216919302940369                     MemKD: 0.0
2026-02-10 04:24:40,754 - INFO - Epoch [99/130] Train Loss: 0.3054, Train Acc: 90.00%, Val Loss: 0.4103, Val Acc: 86.44%
2026-02-10 04:24:40,754 - INFO - Best model saved with accuracy: 86.44%
2026-02-10 04:25:02,428 - INFO - Epoch [100] Batch [0/35]                     Loss: 0.3837, Hard: 0.3590, Soft: 0.0247                     Acc: 81.25% LR: 0.000067                     Alpha: 0.5744425058364868                     Beta: 0.8224672675132751                     MemKD: 0.0
2026-02-10 04:25:05,437 - INFO - Epoch [100] Batch [20/35]                     Loss: 0.3394, Hard: 0.3216, Soft: 0.0178                     Acc: 89.88% LR: 0.000067                     Alpha: 0.5744425058364868                     Beta: 0.8234567046165466                     MemKD: 0.0
2026-02-10 04:25:33,153 - INFO - Epoch [100/130] Train Loss: 0.3238, Train Acc: 89.29%, Val Loss: 0.4367, Val Acc: 84.97%
2026-02-10 04:25:33,205 - INFO - Checkpoint saved at epoch 100
2026-02-10 04:25:55,579 - INFO - Epoch [101] Batch [0/35]                     Loss: 0.6488, Hard: 0.6140, Soft: 0.0348                     Acc: 81.25% LR: 0.000063                     Alpha: 0.5744425058364868                     Beta: 0.8241990804672241                     MemKD: 0.0
2026-02-10 04:25:58,764 - INFO - Epoch [101] Batch [20/35]                     Loss: 0.0791, Hard: 0.0681, Soft: 0.0111                     Acc: 91.37% LR: 0.000063                     Alpha: 0.5744425058364868                     Beta: 0.825100302696228                     MemKD: 0.0
2026-02-10 04:26:26,527 - INFO - Epoch [101/130] Train Loss: 0.3175, Train Acc: 89.29%, Val Loss: 0.5344, Val Acc: 81.12%
2026-02-10 04:26:49,688 - INFO - Epoch [102] Batch [0/35]                     Loss: 0.2997, Hard: 0.2809, Soft: 0.0189                     Acc: 93.75% LR: 0.000059                     Alpha: 0.5744425058364868                     Beta: 0.8258158564567566                     MemKD: 0.0
2026-02-10 04:26:52,640 - INFO - Epoch [102] Batch [20/35]                     Loss: 0.2909, Hard: 0.2762, Soft: 0.0146                     Acc: 91.67% LR: 0.000059                     Alpha: 0.5744425058364868                     Beta: 0.8266391754150391                     MemKD: 0.0
2026-02-10 04:27:20,870 - INFO - Epoch [102/130] Train Loss: 0.2883, Train Acc: 90.00%, Val Loss: 0.3948, Val Acc: 85.11%
2026-02-10 04:27:42,717 - INFO - Epoch [103] Batch [0/35]                     Loss: 0.1590, Hard: 0.1417, Soft: 0.0173                     Acc: 100.00% LR: 0.000055                     Alpha: 0.5744425058364868                     Beta: 0.8272807598114014                     MemKD: 0.0
2026-02-10 04:27:45,717 - INFO - Epoch [103] Batch [20/35]                     Loss: 0.1640, Hard: 0.1512, Soft: 0.0128                     Acc: 89.88% LR: 0.000055                     Alpha: 0.5744425058364868                     Beta: 0.8280625343322754                     MemKD: 0.0
2026-02-10 04:28:12,278 - INFO - Epoch [103/130] Train Loss: 0.3002, Train Acc: 89.64%, Val Loss: 0.4390, Val Acc: 84.57%
2026-02-10 04:28:34,677 - INFO - Epoch [104] Batch [0/35]                     Loss: 0.7229, Hard: 0.6893, Soft: 0.0336                     Acc: 75.00% LR: 0.000051                     Alpha: 0.5744425058364868                     Beta: 0.8286755084991455                     MemKD: 0.0
2026-02-10 04:28:37,686 - INFO - Epoch [104] Batch [20/35]                     Loss: 0.6074, Hard: 0.5754, Soft: 0.0319                     Acc: 88.99% LR: 0.000051                     Alpha: 0.5744425058364868                     Beta: 0.8294236660003662                     MemKD: 0.0
2026-02-10 04:29:06,288 - INFO - Epoch [104/130] Train Loss: 0.2984, Train Acc: 89.29%, Val Loss: 0.4145, Val Acc: 84.04%
2026-02-10 04:29:27,309 - INFO - Epoch [105] Batch [0/35]                     Loss: 0.3650, Hard: 0.3456, Soft: 0.0194                     Acc: 87.50% LR: 0.000048                     Alpha: 0.5744425058364868                     Beta: 0.829998254776001                     MemKD: 0.0
2026-02-10 04:29:30,305 - INFO - Epoch [105] Batch [20/35]                     Loss: 0.1922, Hard: 0.1768, Soft: 0.0154                     Acc: 91.37% LR: 0.000048                     Alpha: 0.5744425058364868                     Beta: 0.8306162357330322                     MemKD: 0.0
2026-02-10 04:29:56,671 - INFO - Epoch [105/130] Train Loss: 0.3091, Train Acc: 90.00%, Val Loss: 0.4045, Val Acc: 85.24%
2026-02-10 04:30:17,437 - INFO - Epoch [106] Batch [0/35]                     Loss: 0.2664, Hard: 0.2479, Soft: 0.0184                     Acc: 93.75% LR: 0.000044                     Alpha: 0.5744425058364868                     Beta: 0.8311411142349243                     MemKD: 0.0
2026-02-10 04:30:20,502 - INFO - Epoch [106] Batch [20/35]                     Loss: 0.4527, Hard: 0.4304, Soft: 0.0223                     Acc: 88.39% LR: 0.000044                     Alpha: 0.5744425058364868                     Beta: 0.8318301439285278                     MemKD: 0.0
2026-02-10 04:30:47,046 - INFO - Epoch [106/130] Train Loss: 0.3361, Train Acc: 87.86%, Val Loss: 0.4501, Val Acc: 84.44%
2026-02-10 04:31:08,947 - INFO - Epoch [107] Batch [0/35]                     Loss: 0.4557, Hard: 0.4192, Soft: 0.0364                     Acc: 81.25% LR: 0.000041                     Alpha: 0.5744425058364868                     Beta: 0.8323760628700256                     MemKD: 0.0
2026-02-10 04:31:12,072 - INFO - Epoch [107] Batch [20/35]                     Loss: 0.1473, Hard: 0.1329, Soft: 0.0144                     Acc: 89.29% LR: 0.000041                     Alpha: 0.5744425058364868                     Beta: 0.8330268859863281                     MemKD: 0.0
2026-02-10 04:31:40,455 - INFO - Epoch [107/130] Train Loss: 0.3056, Train Acc: 90.36%, Val Loss: 0.3981, Val Acc: 85.77%
2026-02-10 04:32:01,582 - INFO - Epoch [108] Batch [0/35]                     Loss: 0.3000, Hard: 0.2795, Soft: 0.0205                     Acc: 87.50% LR: 0.000038                     Alpha: 0.5744425058364868                     Beta: 0.8334782123565674                     MemKD: 0.0
2026-02-10 04:32:04,581 - INFO - Epoch [108] Batch [20/35]                     Loss: 0.5810, Hard: 0.5522, Soft: 0.0288                     Acc: 90.77% LR: 0.000038                     Alpha: 0.5744425058364868                     Beta: 0.8339807391166687                     MemKD: 0.0
2026-02-10 04:32:33,166 - INFO - Epoch [108/130] Train Loss: 0.3008, Train Acc: 90.18%, Val Loss: 0.4067, Val Acc: 85.37%
2026-02-10 04:32:54,948 - INFO - Epoch [109] Batch [0/35]                     Loss: 0.2189, Hard: 0.2053, Soft: 0.0136                     Acc: 93.75% LR: 0.000035                     Alpha: 0.5744425058364868                     Beta: 0.8344107866287231                     MemKD: 0.0
2026-02-10 04:32:57,961 - INFO - Epoch [109] Batch [20/35]                     Loss: 0.1131, Hard: 0.1034, Soft: 0.0097                     Acc: 90.48% LR: 0.000035                     Alpha: 0.5744425058364868                     Beta: 0.8349711298942566                     MemKD: 0.0
2026-02-10 04:33:24,808 - INFO - Epoch [109/130] Train Loss: 0.2927, Train Acc: 88.93%, Val Loss: 0.3858, Val Acc: 85.64%
2026-02-10 04:33:47,595 - INFO - Epoch [110] Batch [0/35]                     Loss: 0.2781, Hard: 0.2594, Soft: 0.0187                     Acc: 93.75% LR: 0.000032                     Alpha: 0.5744425058364868                     Beta: 0.835376501083374                     MemKD: 0.0
2026-02-10 04:33:50,634 - INFO - Epoch [110] Batch [20/35]                     Loss: 0.1744, Hard: 0.1636, Soft: 0.0108                     Acc: 89.88% LR: 0.000032                     Alpha: 0.5744425058364868                     Beta: 0.8358693718910217                     MemKD: 0.0
2026-02-10 04:34:18,280 - INFO - Epoch [110/130] Train Loss: 0.2766, Train Acc: 90.00%, Val Loss: 0.4070, Val Acc: 85.37%
2026-02-10 04:34:18,315 - INFO - Checkpoint saved at epoch 110
2026-02-10 04:34:40,414 - INFO - Epoch [111] Batch [0/35]                     Loss: 0.1897, Hard: 0.1718, Soft: 0.0179                     Acc: 93.75% LR: 0.000029                     Alpha: 0.5744425058364868                     Beta: 0.8362063765525818                     MemKD: 0.0
2026-02-10 04:34:43,409 - INFO - Epoch [111] Batch [20/35]                     Loss: 0.2762, Hard: 0.2564, Soft: 0.0198                     Acc: 91.37% LR: 0.000029                     Alpha: 0.5744425058364868                     Beta: 0.83659827709198                     MemKD: 0.0
2026-02-10 04:35:10,679 - INFO - Epoch [111/130] Train Loss: 0.2514, Train Acc: 90.71%, Val Loss: 0.4193, Val Acc: 85.90%
2026-02-10 04:35:33,055 - INFO - Epoch [112] Batch [0/35]                     Loss: 0.2002, Hard: 0.1833, Soft: 0.0168                     Acc: 93.75% LR: 0.000026                     Alpha: 0.5744425058364868                     Beta: 0.8368895649909973                     MemKD: 0.0
2026-02-10 04:35:36,121 - INFO - Epoch [112] Batch [20/35]                     Loss: 0.1596, Hard: 0.1474, Soft: 0.0122                     Acc: 90.18% LR: 0.000026                     Alpha: 0.5744425058364868                     Beta: 0.8372753858566284                     MemKD: 0.0
2026-02-10 04:36:04,122 - INFO - Epoch [112/130] Train Loss: 0.2721, Train Acc: 89.46%, Val Loss: 0.4103, Val Acc: 86.17%
2026-02-10 04:36:26,300 - INFO - Epoch [113] Batch [0/35]                     Loss: 0.3242, Hard: 0.3045, Soft: 0.0197                     Acc: 87.50% LR: 0.000023                     Alpha: 0.5744425058364868                     Beta: 0.8375566005706787                     MemKD: 0.0
2026-02-10 04:36:29,330 - INFO - Epoch [113] Batch [20/35]                     Loss: 0.3345, Hard: 0.3157, Soft: 0.0188                     Acc: 89.88% LR: 0.000023                     Alpha: 0.5744425058364868                     Beta: 0.8378936648368835                     MemKD: 0.0
2026-02-10 04:36:56,615 - INFO - Epoch [113/130] Train Loss: 0.2862, Train Acc: 90.36%, Val Loss: 0.4191, Val Acc: 84.84%
2026-02-10 04:37:17,972 - INFO - Epoch [114] Batch [0/35]                     Loss: 0.2449, Hard: 0.2296, Soft: 0.0153                     Acc: 100.00% LR: 0.000021                     Alpha: 0.5744425058364868                     Beta: 0.8381524682044983                     MemKD: 0.0
2026-02-10 04:37:20,951 - INFO - Epoch [114] Batch [20/35]                     Loss: 0.3850, Hard: 0.3678, Soft: 0.0173                     Acc: 91.07% LR: 0.000021                     Alpha: 0.5744425058364868                     Beta: 0.8384478688240051                     MemKD: 0.0
2026-02-10 04:37:48,591 - INFO - Epoch [114/130] Train Loss: 0.2817, Train Acc: 90.89%, Val Loss: 0.4007, Val Acc: 86.84%
2026-02-10 04:37:48,591 - INFO - Best model saved with accuracy: 86.84%
2026-02-10 04:38:09,875 - INFO - Epoch [115] Batch [0/35]                     Loss: 0.0813, Hard: 0.0668, Soft: 0.0144                     Acc: 100.00% LR: 0.000018                     Alpha: 0.5744425058364868                     Beta: 0.8386683464050293                     MemKD: 0.0
2026-02-10 04:38:12,897 - INFO - Epoch [115] Batch [20/35]                     Loss: 0.4153, Hard: 0.3933, Soft: 0.0220                     Acc: 88.69% LR: 0.000018                     Alpha: 0.5744425058364868                     Beta: 0.8389391303062439                     MemKD: 0.0
2026-02-10 04:38:40,119 - INFO - Epoch [115/130] Train Loss: 0.3116, Train Acc: 88.39%, Val Loss: 0.4086, Val Acc: 85.11%
2026-02-10 04:39:01,143 - INFO - Epoch [116] Batch [0/35]                     Loss: 0.2946, Hard: 0.2772, Soft: 0.0174                     Acc: 87.50% LR: 0.000016                     Alpha: 0.5744425058364868                     Beta: 0.8391594886779785                     MemKD: 0.0
2026-02-10 04:39:04,259 - INFO - Epoch [116] Batch [20/35]                     Loss: 0.1355, Hard: 0.1239, Soft: 0.0116                     Acc: 88.99% LR: 0.000016                     Alpha: 0.5744425058364868                     Beta: 0.8394065499305725                     MemKD: 0.0
2026-02-10 04:39:30,126 - INFO - Epoch [116/130] Train Loss: 0.3088, Train Acc: 88.39%, Val Loss: 0.3983, Val Acc: 86.04%
2026-02-10 04:39:52,292 - INFO - Epoch [117] Batch [0/35]                     Loss: 0.1296, Hard: 0.1156, Soft: 0.0139                     Acc: 100.00% LR: 0.000014                     Alpha: 0.5744425058364868                     Beta: 0.8396068811416626                     MemKD: 0.0
2026-02-10 04:39:55,339 - INFO - Epoch [117] Batch [20/35]                     Loss: 0.2447, Hard: 0.2295, Soft: 0.0152                     Acc: 89.58% LR: 0.000014                     Alpha: 0.5744425058364868                     Beta: 0.8398371934890747                     MemKD: 0.0
2026-02-10 04:40:23,495 - INFO - Epoch [117/130] Train Loss: 0.2595, Train Acc: 90.71%, Val Loss: 0.4123, Val Acc: 84.84%
2026-02-10 04:40:46,301 - INFO - Epoch [118] Batch [0/35]                     Loss: 0.3308, Hard: 0.3101, Soft: 0.0207                     Acc: 87.50% LR: 0.000012                     Alpha: 0.5744425058364868                     Beta: 0.8399782180786133                     MemKD: 0.0
2026-02-10 04:40:49,325 - INFO - Epoch [118] Batch [20/35]                     Loss: 0.3563, Hard: 0.3327, Soft: 0.0236                     Acc: 90.77% LR: 0.000012                     Alpha: 0.5744425058364868                     Beta: 0.8401463031768799                     MemKD: 0.0
2026-02-10 04:41:15,934 - INFO - Epoch [118/130] Train Loss: 0.2727, Train Acc: 91.07%, Val Loss: 0.4132, Val Acc: 86.04%
2026-02-10 04:41:38,344 - INFO - Epoch [119] Batch [0/35]                     Loss: 0.3016, Hard: 0.2852, Soft: 0.0164                     Acc: 87.50% LR: 0.000010                     Alpha: 0.5744425058364868                     Beta: 0.840282678604126                     MemKD: 0.0
2026-02-10 04:41:41,350 - INFO - Epoch [119] Batch [20/35]                     Loss: 0.3885, Hard: 0.3626, Soft: 0.0259                     Acc: 92.56% LR: 0.000010                     Alpha: 0.5744425058364868                     Beta: 0.8404300212860107                     MemKD: 0.0
2026-02-10 04:42:07,025 - INFO - Epoch [119/130] Train Loss: 0.2737, Train Acc: 90.89%, Val Loss: 0.4146, Val Acc: 84.44%
2026-02-10 04:42:28,774 - INFO - Epoch [120] Batch [0/35]                     Loss: 0.5894, Hard: 0.5636, Soft: 0.0258                     Acc: 81.25% LR: 0.000009                     Alpha: 0.5744425058364868                     Beta: 0.8405566811561584                     MemKD: 0.0
2026-02-10 04:42:31,810 - INFO - Epoch [120] Batch [20/35]                     Loss: 0.1307, Hard: 0.1175, Soft: 0.0132                     Acc: 89.29% LR: 0.000009                     Alpha: 0.5744425058364868                     Beta: 0.8406913876533508                     MemKD: 0.0
2026-02-10 04:42:57,575 - INFO - Epoch [120/130] Train Loss: 0.2658, Train Acc: 91.07%, Val Loss: 0.4114, Val Acc: 84.84%
2026-02-10 04:42:57,607 - INFO - Checkpoint saved at epoch 120
2026-02-10 04:43:19,221 - INFO - Epoch [121] Batch [0/35]                     Loss: 0.2580, Hard: 0.2440, Soft: 0.0140                     Acc: 93.75% LR: 0.000007                     Alpha: 0.5744425058364868                     Beta: 0.8407807350158691                     MemKD: 0.0
2026-02-10 04:43:22,195 - INFO - Epoch [121] Batch [20/35]                     Loss: 0.2956, Hard: 0.2809, Soft: 0.0147                     Acc: 93.15% LR: 0.000007                     Alpha: 0.5744425058364868                     Beta: 0.8408689498901367                     MemKD: 0.0
2026-02-10 04:43:49,298 - INFO - Epoch [121/130] Train Loss: 0.2418, Train Acc: 92.68%, Val Loss: 0.3918, Val Acc: 87.10%
2026-02-10 04:43:49,298 - INFO - Best model saved with accuracy: 87.10%
2026-02-10 04:44:11,603 - INFO - Epoch [122] Batch [0/35]                     Loss: 0.3321, Hard: 0.3150, Soft: 0.0171                     Acc: 81.25% LR: 0.000006                     Alpha: 0.5744425058364868                     Beta: 0.8409437537193298                     MemKD: 0.0
2026-02-10 04:44:14,644 - INFO - Epoch [122] Batch [20/35]                     Loss: 0.3140, Hard: 0.2929, Soft: 0.0211                     Acc: 91.07% LR: 0.000006                     Alpha: 0.5744425058364868                     Beta: 0.841029167175293                     MemKD: 0.0
2026-02-10 04:44:42,247 - INFO - Epoch [122/130] Train Loss: 0.2660, Train Acc: 90.71%, Val Loss: 0.4127, Val Acc: 84.97%
2026-02-10 04:45:04,219 - INFO - Epoch [123] Batch [0/35]                     Loss: 0.6568, Hard: 0.6331, Soft: 0.0237                     Acc: 81.25% LR: 0.000005                     Alpha: 0.5744425058364868                     Beta: 0.8410975337028503                     MemKD: 0.0
2026-02-10 04:45:07,454 - INFO - Epoch [123] Batch [20/35]                     Loss: 0.4669, Hard: 0.4437, Soft: 0.0232                     Acc: 88.10% LR: 0.000005                     Alpha: 0.5744425058364868                     Beta: 0.8411715626716614                     MemKD: 0.0
2026-02-10 04:45:34,946 - INFO - Epoch [123/130] Train Loss: 0.2885, Train Acc: 89.82%, Val Loss: 0.4025, Val Acc: 84.97%
2026-02-10 04:45:57,432 - INFO - Epoch [124] Batch [0/35]                     Loss: 0.0990, Hard: 0.0872, Soft: 0.0118                     Acc: 93.75% LR: 0.000004                     Alpha: 0.5744425058364868                     Beta: 0.8412238955497742                     MemKD: 0.0
2026-02-10 04:46:00,406 - INFO - Epoch [124] Batch [20/35]                     Loss: 0.2792, Hard: 0.2625, Soft: 0.0167                     Acc: 91.37% LR: 0.000004                     Alpha: 0.5744425058364868                     Beta: 0.8412756323814392                     MemKD: 0.0
2026-02-10 04:46:26,578 - INFO - Epoch [124/130] Train Loss: 0.2781, Train Acc: 91.07%, Val Loss: 0.3918, Val Acc: 87.10%
2026-02-10 04:46:47,573 - INFO - Epoch [125] Batch [0/35]                     Loss: 0.3960, Hard: 0.3774, Soft: 0.0186                     Acc: 87.50% LR: 0.000003                     Alpha: 0.5744425058364868                     Beta: 0.8413154482841492                     MemKD: 0.0
2026-02-10 04:46:50,688 - INFO - Epoch [125] Batch [20/35]                     Loss: 0.4948, Hard: 0.4664, Soft: 0.0284                     Acc: 91.07% LR: 0.000003                     Alpha: 0.5744425058364868                     Beta: 0.8413563966751099                     MemKD: 0.0
2026-02-10 04:47:17,037 - INFO - Epoch [125/130] Train Loss: 0.2752, Train Acc: 90.00%, Val Loss: 0.4064, Val Acc: 85.77%
2026-02-10 04:47:38,586 - INFO - Epoch [126] Batch [0/35]                     Loss: 0.2741, Hard: 0.2584, Soft: 0.0157                     Acc: 87.50% LR: 0.000002                     Alpha: 0.5744425058364868                     Beta: 0.8413885831832886                     MemKD: 0.0
2026-02-10 04:47:41,599 - INFO - Epoch [126] Batch [20/35]                     Loss: 0.2259, Hard: 0.2165, Soft: 0.0094                     Acc: 89.29% LR: 0.000002                     Alpha: 0.5744425058364868                     Beta: 0.8414185047149658                     MemKD: 0.0
2026-02-10 04:48:09,103 - INFO - Epoch [126/130] Train Loss: 0.3152, Train Acc: 88.75%, Val Loss: 0.4041, Val Acc: 85.64%
2026-02-10 04:48:31,724 - INFO - Epoch [127] Batch [0/35]                     Loss: 0.1269, Hard: 0.1152, Soft: 0.0117                     Acc: 93.75% LR: 0.000001                     Alpha: 0.5744425058364868                     Beta: 0.8414406776428223                     MemKD: 0.0
2026-02-10 04:48:34,707 - INFO - Epoch [127] Batch [20/35]                     Loss: 0.3607, Hard: 0.3407, Soft: 0.0200                     Acc: 88.39% LR: 0.000001                     Alpha: 0.5744425058364868                     Beta: 0.8414598703384399                     MemKD: 0.0
2026-02-10 04:49:03,330 - INFO - Epoch [127/130] Train Loss: 0.2918, Train Acc: 89.64%, Val Loss: 0.3803, Val Acc: 86.17%
2026-02-10 04:49:24,389 - INFO - Epoch [128] Batch [0/35]                     Loss: 0.1087, Hard: 0.0963, Soft: 0.0123                     Acc: 93.75% LR: 0.000001                     Alpha: 0.5744425058364868                     Beta: 0.8414732813835144                     MemKD: 0.0
2026-02-10 04:49:27,401 - INFO - Epoch [128] Batch [20/35]                     Loss: 0.2033, Hard: 0.1834, Soft: 0.0199                     Acc: 88.99% LR: 0.000001                     Alpha: 0.5744425058364868                     Beta: 0.8414835929870605                     MemKD: 0.0
2026-02-10 04:49:55,307 - INFO - Epoch [128/130] Train Loss: 0.2905, Train Acc: 89.29%, Val Loss: 0.3897, Val Acc: 86.84%
2026-02-10 04:50:17,633 - INFO - Epoch [129] Batch [0/35]                     Loss: 0.4337, Hard: 0.4121, Soft: 0.0216                     Acc: 81.25% LR: 0.000000                     Alpha: 0.5744425058364868                     Beta: 0.8414918184280396                     MemKD: 0.0
2026-02-10 04:50:20,659 - INFO - Epoch [129] Batch [20/35]                     Loss: 0.2832, Hard: 0.2654, Soft: 0.0178                     Acc: 90.48% LR: 0.000000                     Alpha: 0.5744425058364868                     Beta: 0.8414962887763977                     MemKD: 0.0
2026-02-10 04:50:47,791 - INFO - Epoch [129/130] Train Loss: 0.2758, Train Acc: 90.00%, Val Loss: 0.3826, Val Acc: 86.04%
2026-02-10 04:51:09,917 - INFO - Epoch [130] Batch [0/35]                     Loss: 0.4101, Hard: 0.3909, Soft: 0.0192                     Acc: 81.25% LR: 0.000000                     Alpha: 0.5744425058364868                     Beta: 0.841499924659729                     MemKD: 0.0
2026-02-10 04:51:12,903 - INFO - Epoch [130] Batch [20/35]                     Loss: 0.2850, Hard: 0.2667, Soft: 0.0182                     Acc: 90.48% LR: 0.000000                     Alpha: 0.5744425058364868                     Beta: 0.8415011167526245                     MemKD: 0.0
2026-02-10 04:51:39,341 - INFO - Epoch [130/130] Train Loss: 0.2786, Train Acc: 90.18%, Val Loss: 0.4068, Val Acc: 85.77%
2026-02-10 04:51:39,392 - INFO - Checkpoint saved at epoch 130
2026-02-10 04:51:39,392 - INFO - ==================================================
2026-02-10 04:51:39,393 - INFO - Training finished! Best accuracy: 87.10%
2026-02-10 04:51:39,393 - INFO - ==================================================
