2026-02-18 17:13:46,239 - INFO - ==================================================
2026-02-18 17:13:46,239 - INFO - Distillation Training Configuration
2026-02-18 17:13:46,239 - INFO - ==================================================
2026-02-18 17:13:46,240 - INFO - GPUs: [0, 1, 2, 3, 4, 5, 6, 7]
2026-02-18 17:13:46,240 - INFO - World size: 8
2026-02-18 17:13:46,240 - INFO - Dataset: /media/hdd1/chuxiaohui/AI4Ocean_UATR/ShipsEar_622
2026-02-18 17:13:46,240 - INFO - Data type: wav_s@wav_t
2026-02-18 17:13:46,240 - INFO - Batch size: 16
2026-02-18 17:13:46,240 - INFO - Epochs: 200
2026-02-18 17:13:46,240 - INFO - Learning rate: 0.0005
2026-02-18 17:13:46,240 - INFO - Temperature: 2.0
2026-02-18 17:13:46,240 - INFO - Alpha: 0.3
2026-02-18 17:13:46,241 - INFO - Save dir: checkpoints/grid_shipsear_v2/num_epochs200_weight_decay0.0001_batch_size16_lr0.0005_distill_typeMTSKD_Temp_freezeTrue_USE_DYNAMIC_DISTILL_WEIGHTFalse_p_encoder0.355_p_classifier0.26
2026-02-18 17:13:46,241 - INFO - ==================================================
2026-02-18 17:13:46,281 - INFO - Train dataset size: 2240
2026-02-18 17:13:46,281 - INFO - Validation dataset size: 749
2026-02-18 17:13:51,433 - INFO - Student params: 316,299 (0.32M)
2026-02-18 17:13:51,433 - INFO - Teacher params: 164,415,877 (164.42M)
2026-02-18 17:13:51,433 - INFO - Trainable params: 271,372 (0.27M)
2026-02-18 17:13:53,020 - INFO - Start training...
2026-02-18 17:13:53,021 - INFO - No checkpoint found, start from scratch
2026-02-18 17:14:15,423 - INFO - Epoch [1] Batch [0/17]                     Loss: 2.3778, Hard: 1.8066, Soft: 0.5713                     Acc: 12.50% LR: 0.000500                     Alpha: 0.5744425058364868                     Beta: 0.0                     MemKD: 0.5
2026-02-18 17:14:43,194 - INFO - Epoch [1/200] Train Loss: 1.7643, Train Acc: 41.91%, Val Loss: 1.5230, Val Acc: 37.63%
2026-02-18 17:14:43,195 - INFO - Best model saved with accuracy: 37.63%
2026-02-18 17:15:05,381 - INFO - Epoch [2] Batch [0/17]                     Loss: 1.6486, Hard: 1.3731, Soft: 0.2755                     Acc: 43.75% LR: 0.000500                     Alpha: 0.5744425058364868                     Beta: -0.006026357877999544                     MemKD: 0.5019618272781372
2026-02-18 17:15:34,933 - INFO - Epoch [2/200] Train Loss: 1.5217, Train Acc: 48.16%, Val Loss: 1.3420, Val Acc: 45.88%
2026-02-18 17:15:34,934 - INFO - Best model saved with accuracy: 45.88%
2026-02-18 17:15:57,401 - INFO - Epoch [3] Batch [0/17]                     Loss: 1.2838, Hard: 1.1023, Soft: 0.1815                     Acc: 56.25% LR: 0.000500                     Alpha: 0.5744425058364868                     Beta: -0.014382628723978996                     MemKD: 0.5036682486534119
2026-02-18 17:16:25,622 - INFO - Epoch [3/200] Train Loss: 1.5246, Train Acc: 40.44%, Val Loss: 1.2388, Val Acc: 46.54%
2026-02-18 17:16:25,622 - INFO - Best model saved with accuracy: 46.54%
2026-02-18 17:16:48,495 - INFO - Epoch [4] Batch [0/17]                     Loss: 1.4312, Hard: 1.2269, Soft: 0.2043                     Acc: 25.00% LR: 0.000500                     Alpha: 0.5744425058364868                     Beta: -0.02285810559988022                     MemKD: 0.5054102540016174
2026-02-18 17:17:19,352 - INFO - Epoch [4/200] Train Loss: 1.4152, Train Acc: 46.69%, Val Loss: 1.1230, Val Acc: 54.79%
2026-02-18 17:17:19,352 - INFO - Best model saved with accuracy: 54.79%
2026-02-18 17:17:41,377 - INFO - Epoch [5] Batch [0/17]                     Loss: 1.3835, Hard: 1.1904, Soft: 0.1931                     Acc: 50.00% LR: 0.000500                     Alpha: 0.5744425058364868                     Beta: -0.0314473994076252                     MemKD: 0.507063090801239
2026-02-18 17:18:10,697 - INFO - Epoch [5/200] Train Loss: 1.3378, Train Acc: 48.90%, Val Loss: 1.0764, Val Acc: 55.59%
2026-02-18 17:18:10,697 - INFO - Best model saved with accuracy: 55.59%
2026-02-18 17:18:33,365 - INFO - Epoch [6] Batch [0/17]                     Loss: 1.2057, Hard: 1.0660, Soft: 0.1397                     Acc: 62.50% LR: 0.000499                     Alpha: 0.5744425058364868                     Beta: -0.04089618846774101                     MemKD: 0.5086092352867126
2026-02-18 17:19:04,341 - INFO - Epoch [6/200] Train Loss: 1.2812, Train Acc: 52.94%, Val Loss: 1.0233, Val Acc: 56.25%
2026-02-18 17:19:04,341 - INFO - Best model saved with accuracy: 56.25%
2026-02-18 17:19:27,701 - INFO - Epoch [7] Batch [0/17]                     Loss: 1.3987, Hard: 1.2161, Soft: 0.1825                     Acc: 37.50% LR: 0.000499                     Alpha: 0.5744425058364868                     Beta: -0.05092557147145271                     MemKD: 0.5100386738777161
2026-02-18 17:19:57,670 - INFO - Epoch [7/200] Train Loss: 1.2729, Train Acc: 54.04%, Val Loss: 1.0285, Val Acc: 59.71%
2026-02-18 17:19:57,670 - INFO - Best model saved with accuracy: 59.71%
2026-02-18 17:20:20,678 - INFO - Epoch [8] Batch [0/17]                     Loss: 1.2627, Hard: 1.0965, Soft: 0.1663                     Acc: 56.25% LR: 0.000498                     Alpha: 0.5744425058364868                     Beta: -0.06019565835595131                     MemKD: 0.5114803910255432
2026-02-18 17:20:52,530 - INFO - Epoch [8/200] Train Loss: 1.2849, Train Acc: 53.31%, Val Loss: 0.9693, Val Acc: 64.89%
2026-02-18 17:20:52,531 - INFO - Best model saved with accuracy: 64.89%
2026-02-18 17:21:16,225 - INFO - Epoch [9] Batch [0/17]                     Loss: 1.0339, Hard: 0.9095, Soft: 0.1244                     Acc: 68.75% LR: 0.000498                     Alpha: 0.5744425058364868                     Beta: -0.06917756795883179                     MemKD: 0.5130296945571899
2026-02-18 17:21:46,852 - INFO - Epoch [9/200] Train Loss: 1.2706, Train Acc: 56.99%, Val Loss: 0.9067, Val Acc: 65.16%
2026-02-18 17:21:46,852 - INFO - Best model saved with accuracy: 65.16%
2026-02-18 17:22:09,601 - INFO - Epoch [10] Batch [0/17]                     Loss: 1.3163, Hard: 1.1221, Soft: 0.1941                     Acc: 50.00% LR: 0.000498                     Alpha: 0.5744425058364868                     Beta: -0.0785113200545311                     MemKD: 0.5144808888435364
2026-02-18 17:22:39,257 - INFO - Epoch [10/200] Train Loss: 1.0814, Train Acc: 62.50%, Val Loss: 0.9967, Val Acc: 60.64%
2026-02-18 17:22:39,293 - INFO - Checkpoint saved at epoch 10
2026-02-18 17:23:02,181 - INFO - Epoch [11] Batch [0/17]                     Loss: 0.8960, Hard: 0.7871, Soft: 0.1089                     Acc: 75.00% LR: 0.000497                     Alpha: 0.5744425058364868                     Beta: -0.08892491459846497                     MemKD: 0.5157278776168823
2026-02-18 17:23:32,113 - INFO - Epoch [11/200] Train Loss: 1.0939, Train Acc: 58.46%, Val Loss: 0.8384, Val Acc: 69.68%
2026-02-18 17:23:32,114 - INFO - Best model saved with accuracy: 69.68%
2026-02-18 17:23:54,989 - INFO - Epoch [12] Batch [0/17]                     Loss: 0.7392, Hard: 0.6683, Soft: 0.0709                     Acc: 75.00% LR: 0.000496                     Alpha: 0.5744425058364868                     Beta: -0.09977217763662338                     MemKD: 0.5168210864067078
2026-02-18 17:24:25,673 - INFO - Epoch [12/200] Train Loss: 1.0014, Train Acc: 65.07%, Val Loss: 0.9851, Val Acc: 62.23%
2026-02-18 17:24:49,321 - INFO - Epoch [13] Batch [0/17]                     Loss: 0.9271, Hard: 0.8479, Soft: 0.0792                     Acc: 68.75% LR: 0.000496                     Alpha: 0.5744425058364868                     Beta: -0.11080064624547958                     MemKD: 0.5177767276763916
2026-02-18 17:25:19,120 - INFO - Epoch [13/200] Train Loss: 1.1266, Train Acc: 60.29%, Val Loss: 0.8257, Val Acc: 69.28%
2026-02-18 17:25:42,401 - INFO - Epoch [14] Batch [0/17]                     Loss: 0.6472, Hard: 0.6156, Soft: 0.0315                     Acc: 87.50% LR: 0.000495                     Alpha: 0.5744425058364868                     Beta: -0.12175904214382172                     MemKD: 0.5188141465187073
2026-02-18 17:26:11,988 - INFO - Epoch [14/200] Train Loss: 1.0187, Train Acc: 67.28%, Val Loss: 0.8390, Val Acc: 67.15%
2026-02-18 17:26:34,616 - INFO - Epoch [15] Batch [0/17]                     Loss: 0.8700, Hard: 0.8225, Soft: 0.0476                     Acc: 75.00% LR: 0.000494                     Alpha: 0.5744425058364868                     Beta: -0.13304507732391357                     MemKD: 0.5196609497070312
2026-02-18 17:27:06,037 - INFO - Epoch [15/200] Train Loss: 0.9539, Train Acc: 69.85%, Val Loss: 0.8253, Val Acc: 67.82%
2026-02-18 17:27:29,819 - INFO - Epoch [16] Batch [0/17]                     Loss: 1.1484, Hard: 1.0703, Soft: 0.0780                     Acc: 62.50% LR: 0.000493                     Alpha: 0.5744425058364868                     Beta: -0.14473000168800354                     MemKD: 0.5202003717422485
2026-02-18 17:27:57,738 - INFO - Epoch [16/200] Train Loss: 0.9439, Train Acc: 68.01%, Val Loss: 0.7474, Val Acc: 72.87%
2026-02-18 17:27:57,739 - INFO - Best model saved with accuracy: 72.87%
2026-02-18 17:28:18,923 - INFO - Epoch [17] Batch [0/17]                     Loss: 0.8879, Hard: 0.8513, Soft: 0.0366                     Acc: 81.25% LR: 0.000492                     Alpha: 0.5744425058364868                     Beta: -0.15639396011829376                     MemKD: 0.5206368565559387
2026-02-18 17:28:47,141 - INFO - Epoch [17/200] Train Loss: 0.9509, Train Acc: 63.60%, Val Loss: 0.8694, Val Acc: 67.15%
2026-02-18 17:29:09,175 - INFO - Epoch [18] Batch [0/17]                     Loss: 0.9009, Hard: 0.8360, Soft: 0.0649                     Acc: 75.00% LR: 0.000491                     Alpha: 0.5744425058364868                     Beta: -0.16780048608779907                     MemKD: 0.5209153890609741
2026-02-18 17:29:37,116 - INFO - Epoch [18/200] Train Loss: 0.9241, Train Acc: 67.65%, Val Loss: 0.8696, Val Acc: 66.76%
2026-02-18 17:29:59,019 - INFO - Epoch [19] Batch [0/17]                     Loss: 0.8227, Hard: 0.8084, Soft: 0.0143                     Acc: 68.75% LR: 0.000490                     Alpha: 0.5744425058364868                     Beta: -0.17880429327487946                     MemKD: 0.5211724638938904
2026-02-18 17:30:30,034 - INFO - Epoch [19/200] Train Loss: 0.8903, Train Acc: 67.65%, Val Loss: 0.8926, Val Acc: 65.29%
2026-02-18 17:30:53,530 - INFO - Epoch [20] Batch [0/17]                     Loss: 0.4743, Hard: 0.5290, Soft: -0.0547                     Acc: 81.25% LR: 0.000489                     Alpha: 0.5744425058364868                     Beta: -0.1895689219236374                     MemKD: 0.5213152170181274
2026-02-18 17:31:25,355 - INFO - Epoch [20/200] Train Loss: 0.8822, Train Acc: 65.44%, Val Loss: 0.8207, Val Acc: 68.48%
2026-02-18 17:31:25,393 - INFO - Checkpoint saved at epoch 20
2026-02-18 17:31:48,167 - INFO - Epoch [21] Batch [0/17]                     Loss: 0.7351, Hard: 0.7334, Soft: 0.0017                     Acc: 75.00% LR: 0.000488                     Alpha: 0.5744425058364868                     Beta: -0.2005254477262497                     MemKD: 0.5212370753288269
2026-02-18 17:32:19,006 - INFO - Epoch [21/200] Train Loss: 0.9238, Train Acc: 64.34%, Val Loss: 0.7895, Val Acc: 69.68%
2026-02-18 17:32:42,678 - INFO - Epoch [22] Batch [0/17]                     Loss: 0.7877, Hard: 0.7747, Soft: 0.0130                     Acc: 68.75% LR: 0.000487                     Alpha: 0.5744425058364868                     Beta: -0.21121320128440857                     MemKD: 0.5210874080657959
2026-02-18 17:33:12,323 - INFO - Epoch [22/200] Train Loss: 0.7839, Train Acc: 72.79%, Val Loss: 0.8341, Val Acc: 70.21%
2026-02-18 17:33:36,561 - INFO - Epoch [23] Batch [0/17]                     Loss: 0.4874, Hard: 0.5438, Soft: -0.0564                     Acc: 81.25% LR: 0.000485                     Alpha: 0.5744425058364868                     Beta: -0.22182999551296234                     MemKD: 0.520645260810852
2026-02-18 17:34:07,762 - INFO - Epoch [23/200] Train Loss: 0.7624, Train Acc: 70.59%, Val Loss: 1.2035, Val Acc: 53.86%
2026-02-18 17:34:31,718 - INFO - Epoch [24] Batch [0/17]                     Loss: 0.4641, Hard: 0.5170, Soft: -0.0530                     Acc: 81.25% LR: 0.000484                     Alpha: 0.5744425058364868                     Beta: -0.23252157866954803                     MemKD: 0.5199447274208069
2026-02-18 17:35:00,568 - INFO - Epoch [24/200] Train Loss: 0.7863, Train Acc: 70.59%, Val Loss: 0.7348, Val Acc: 71.81%
2026-02-18 17:35:23,072 - INFO - Epoch [25] Batch [0/17]                     Loss: 0.7970, Hard: 0.7794, Soft: 0.0176                     Acc: 68.75% LR: 0.000482                     Alpha: 0.5744425058364868                     Beta: -0.24328000843524933                     MemKD: 0.5190085768699646
2026-02-18 17:35:52,355 - INFO - Epoch [25/200] Train Loss: 0.8304, Train Acc: 69.49%, Val Loss: 0.6783, Val Acc: 75.40%
2026-02-18 17:35:52,356 - INFO - Best model saved with accuracy: 75.40%
2026-02-18 17:36:14,394 - INFO - Epoch [26] Batch [0/17]                     Loss: 0.7985, Hard: 0.8076, Soft: -0.0092                     Acc: 81.25% LR: 0.000481                     Alpha: 0.5744425058364868                     Beta: -0.253484845161438                     MemKD: 0.5182339549064636
2026-02-18 17:36:43,941 - INFO - Epoch [26/200] Train Loss: 0.6982, Train Acc: 73.16%, Val Loss: 0.7907, Val Acc: 68.48%
2026-02-18 17:37:06,008 - INFO - Epoch [27] Batch [0/17]                     Loss: 0.5892, Hard: 0.6618, Soft: -0.0727                     Acc: 75.00% LR: 0.000479                     Alpha: 0.5744425058364868                     Beta: -0.26364898681640625                     MemKD: 0.5171900987625122
2026-02-18 17:37:34,357 - INFO - Epoch [27/200] Train Loss: 0.7859, Train Acc: 69.85%, Val Loss: 0.7899, Val Acc: 69.68%
2026-02-18 17:37:56,599 - INFO - Epoch [28] Batch [0/17]                     Loss: 0.8881, Hard: 0.8510, Soft: 0.0372                     Acc: 68.75% LR: 0.000478                     Alpha: 0.5744425058364868                     Beta: -0.27394697070121765                     MemKD: 0.5157980918884277
2026-02-18 17:38:27,655 - INFO - Epoch [28/200] Train Loss: 0.6590, Train Acc: 72.79%, Val Loss: 0.8437, Val Acc: 65.82%
2026-02-18 17:38:50,235 - INFO - Epoch [29] Batch [0/17]                     Loss: 0.5512, Hard: 0.6222, Soft: -0.0710                     Acc: 75.00% LR: 0.000476                     Alpha: 0.5744425058364868                     Beta: -0.2842003405094147                     MemKD: 0.5142176151275635
2026-02-18 17:39:18,578 - INFO - Epoch [29/200] Train Loss: 0.6994, Train Acc: 69.49%, Val Loss: 0.6884, Val Acc: 71.81%
2026-02-18 17:39:41,679 - INFO - Epoch [30] Batch [0/17]                     Loss: 0.8354, Hard: 0.8289, Soft: 0.0066                     Acc: 75.00% LR: 0.000475                     Alpha: 0.5744425058364868                     Beta: -0.294217973947525                     MemKD: 0.5125814080238342
2026-02-18 17:40:13,083 - INFO - Epoch [30/200] Train Loss: 0.7060, Train Acc: 74.26%, Val Loss: 0.7364, Val Acc: 71.81%
2026-02-18 17:40:13,130 - INFO - Checkpoint saved at epoch 30
2026-02-18 17:40:36,464 - INFO - Epoch [31] Batch [0/17]                     Loss: 0.9221, Hard: 0.8902, Soft: 0.0319                     Acc: 68.75% LR: 0.000473                     Alpha: 0.5744425058364868                     Beta: -0.30426275730133057                     MemKD: 0.5107879042625427
2026-02-18 17:41:04,936 - INFO - Epoch [31/200] Train Loss: 0.6586, Train Acc: 71.69%, Val Loss: 0.6167, Val Acc: 77.93%
2026-02-18 17:41:04,937 - INFO - Best model saved with accuracy: 77.93%
2026-02-18 17:41:26,730 - INFO - Epoch [32] Batch [0/17]                     Loss: 0.6172, Hard: 0.6860, Soft: -0.0689                     Acc: 68.75% LR: 0.000471                     Alpha: 0.5744425058364868                     Beta: -0.31416839361190796                     MemKD: 0.5089061260223389
2026-02-18 17:41:56,826 - INFO - Epoch [32/200] Train Loss: 0.6322, Train Acc: 71.69%, Val Loss: 0.6269, Val Acc: 75.93%
2026-02-18 17:42:19,356 - INFO - Epoch [33] Batch [0/17]                     Loss: 0.2040, Hard: 0.3701, Soft: -0.1662                     Acc: 93.75% LR: 0.000469                     Alpha: 0.5744425058364868                     Beta: -0.32423004508018494                     MemKD: 0.5067346096038818
2026-02-18 17:42:48,896 - INFO - Epoch [33/200] Train Loss: 0.6651, Train Acc: 74.26%, Val Loss: 0.6441, Val Acc: 76.20%
2026-02-18 17:43:12,843 - INFO - Epoch [34] Batch [0/17]                     Loss: 0.4896, Hard: 0.6026, Soft: -0.1130                     Acc: 87.50% LR: 0.000467                     Alpha: 0.5744425058364868                     Beta: -0.33413851261138916                     MemKD: 0.5044549703598022
2026-02-18 17:43:44,424 - INFO - Epoch [34/200] Train Loss: 0.5991, Train Acc: 74.63%, Val Loss: 0.6514, Val Acc: 74.34%
2026-02-18 17:44:08,647 - INFO - Epoch [35] Batch [0/17]                     Loss: 0.5298, Hard: 0.6257, Soft: -0.0959                     Acc: 81.25% LR: 0.000465                     Alpha: 0.5744425058364868                     Beta: -0.3438222408294678                     MemKD: 0.5022029876708984
2026-02-18 17:44:36,902 - INFO - Epoch [35/200] Train Loss: 0.7033, Train Acc: 69.85%, Val Loss: 0.7967, Val Acc: 70.74%
2026-02-18 17:44:59,580 - INFO - Epoch [36] Batch [0/17]                     Loss: 0.3511, Hard: 0.4956, Soft: -0.1445                     Acc: 81.25% LR: 0.000463                     Alpha: 0.5744425058364868                     Beta: -0.35335773229599                     MemKD: 0.5000077486038208
2026-02-18 17:45:30,705 - INFO - Epoch [36/200] Train Loss: 0.4150, Train Acc: 80.88%, Val Loss: 0.8301, Val Acc: 68.09%
2026-02-18 17:45:54,984 - INFO - Epoch [37] Batch [0/17]                     Loss: 0.7717, Hard: 0.8246, Soft: -0.0529                     Acc: 68.75% LR: 0.000461                     Alpha: 0.5744425058364868                     Beta: -0.36331313848495483                     MemKD: 0.4972975552082062
2026-02-18 17:46:25,719 - INFO - Epoch [37/200] Train Loss: 0.4766, Train Acc: 80.15%, Val Loss: 0.6835, Val Acc: 74.07%
2026-02-18 17:46:49,252 - INFO - Epoch [38] Batch [0/17]                     Loss: 0.3644, Hard: 0.5132, Soft: -0.1488                     Acc: 81.25% LR: 0.000459                     Alpha: 0.5744425058364868                     Beta: -0.373431533575058                     MemKD: 0.49430540204048157
2026-02-18 17:47:18,203 - INFO - Epoch [38/200] Train Loss: 0.6091, Train Acc: 74.26%, Val Loss: 0.6086, Val Acc: 76.33%
2026-02-18 17:47:41,307 - INFO - Epoch [39] Batch [0/17]                     Loss: 0.0982, Hard: 0.2942, Soft: -0.1961                     Acc: 93.75% LR: 0.000457                     Alpha: 0.5744425058364868                     Beta: -0.3830912709236145                     MemKD: 0.49157997965812683
2026-02-18 17:48:10,341 - INFO - Epoch [39/200] Train Loss: 0.3961, Train Acc: 79.04%, Val Loss: 0.6881, Val Acc: 74.47%
2026-02-18 17:48:32,826 - INFO - Epoch [40] Batch [0/17]                     Loss: 0.0994, Hard: 0.3226, Soft: -0.2232                     Acc: 87.50% LR: 0.000455                     Alpha: 0.5744425058364868                     Beta: -0.39283621311187744                     MemKD: 0.48869818449020386
2026-02-18 17:49:04,827 - INFO - Epoch [40/200] Train Loss: 0.6001, Train Acc: 73.90%, Val Loss: 0.5516, Val Acc: 79.26%
2026-02-18 17:49:04,828 - INFO - Best model saved with accuracy: 79.26%
2026-02-18 17:49:04,889 - INFO - Checkpoint saved at epoch 40
2026-02-18 17:49:28,789 - INFO - Epoch [41] Batch [0/17]                     Loss: 0.0892, Hard: 0.3156, Soft: -0.2264                     Acc: 93.75% LR: 0.000452                     Alpha: 0.5744425058364868                     Beta: -0.4022415578365326                     MemKD: 0.48603904247283936
2026-02-18 17:49:59,366 - INFO - Epoch [41/200] Train Loss: 0.5442, Train Acc: 75.74%, Val Loss: 0.6207, Val Acc: 76.99%
2026-02-18 17:50:23,060 - INFO - Epoch [42] Batch [0/17]                     Loss: 0.7571, Hard: 0.8717, Soft: -0.1146                     Acc: 62.50% LR: 0.000450                     Alpha: 0.5744425058364868                     Beta: -0.41156598925590515                     MemKD: 0.4833846092224121
2026-02-18 17:50:54,366 - INFO - Epoch [42/200] Train Loss: 0.4586, Train Acc: 77.94%, Val Loss: 0.5441, Val Acc: 80.59%
2026-02-18 17:50:54,367 - INFO - Best model saved with accuracy: 80.59%
2026-02-18 17:51:18,872 - INFO - Epoch [43] Batch [0/17]                     Loss: 0.1864, Hard: 0.4101, Soft: -0.2237                     Acc: 81.25% LR: 0.000448                     Alpha: 0.5744425058364868                     Beta: -0.4209708869457245                     MemKD: 0.4806000292301178
2026-02-18 17:51:48,846 - INFO - Epoch [43/200] Train Loss: 0.3940, Train Acc: 77.94%, Val Loss: 0.6545, Val Acc: 74.60%
2026-02-18 17:52:12,839 - INFO - Epoch [44] Batch [0/17]                     Loss: 0.1899, Hard: 0.4269, Soft: -0.2370                     Acc: 93.75% LR: 0.000445                     Alpha: 0.5744425058364868                     Beta: -0.4304148554801941                     MemKD: 0.4777081608772278
2026-02-18 17:52:43,532 - INFO - Epoch [44/200] Train Loss: 0.3708, Train Acc: 81.25%, Val Loss: 0.6510, Val Acc: 73.67%
2026-02-18 17:53:06,963 - INFO - Epoch [45] Batch [0/17]                     Loss: -0.0064, Hard: 0.2650, Soft: -0.2715                     Acc: 93.75% LR: 0.000443                     Alpha: 0.5744425058364868                     Beta: -0.4398634731769562                     MemKD: 0.47476017475128174
2026-02-18 17:53:35,665 - INFO - Epoch [45/200] Train Loss: 0.3838, Train Acc: 81.62%, Val Loss: 0.8840, Val Acc: 65.82%
2026-02-18 17:53:59,218 - INFO - Epoch [46] Batch [0/17]                     Loss: 0.5296, Hard: 0.6652, Soft: -0.1356                     Acc: 81.25% LR: 0.000440                     Alpha: 0.5744425058364868                     Beta: -0.44939345121383667                     MemKD: 0.47167786955833435
2026-02-18 17:54:29,455 - INFO - Epoch [46/200] Train Loss: 0.3630, Train Acc: 79.41%, Val Loss: 0.5412, Val Acc: 79.65%
2026-02-18 17:54:53,163 - INFO - Epoch [47] Batch [0/17]                     Loss: 1.2522, Hard: 1.3072, Soft: -0.0550                     Acc: 68.75% LR: 0.000438                     Alpha: 0.5744425058364868                     Beta: -0.4584164321422577                     MemKD: 0.4689425230026245
2026-02-18 17:55:22,888 - INFO - Epoch [47/200] Train Loss: 0.4723, Train Acc: 73.90%, Val Loss: 0.5615, Val Acc: 78.72%
2026-02-18 17:55:45,726 - INFO - Epoch [48] Batch [0/17]                     Loss: 0.8680, Hard: 1.0078, Soft: -0.1397                     Acc: 62.50% LR: 0.000435                     Alpha: 0.5744425058364868                     Beta: -0.4673400819301605                     MemKD: 0.46622276306152344
2026-02-18 17:56:17,050 - INFO - Epoch [48/200] Train Loss: 0.3568, Train Acc: 79.04%, Val Loss: 0.5517, Val Acc: 78.06%
2026-02-18 17:56:41,523 - INFO - Epoch [49] Batch [0/17]                     Loss: 0.5427, Hard: 0.7489, Soft: -0.2062                     Acc: 68.75% LR: 0.000432                     Alpha: 0.5744425058364868                     Beta: -0.47645267844200134                     MemKD: 0.4633043110370636
2026-02-18 17:57:13,164 - INFO - Epoch [49/200] Train Loss: 0.4437, Train Acc: 76.10%, Val Loss: 0.6011, Val Acc: 76.06%
2026-02-18 17:57:37,522 - INFO - Epoch [50] Batch [0/17]                     Loss: 0.4438, Hard: 0.6718, Soft: -0.2280                     Acc: 75.00% LR: 0.000430                     Alpha: 0.5744425058364868                     Beta: -0.48537442088127136                     MemKD: 0.4605357348918915
2026-02-18 17:58:11,087 - INFO - Epoch [50/200] Train Loss: 0.3395, Train Acc: 78.68%, Val Loss: 0.5328, Val Acc: 80.19%
2026-02-18 17:58:11,337 - INFO - Checkpoint saved at epoch 50
2026-02-18 17:58:35,908 - INFO - Epoch [51] Batch [0/17]                     Loss: 0.3764, Hard: 0.6068, Soft: -0.2304                     Acc: 75.00% LR: 0.000427                     Alpha: 0.5744425058364868                     Beta: -0.4942769706249237                     MemKD: 0.45773813128471375
2026-02-18 17:59:06,533 - INFO - Epoch [51/200] Train Loss: 0.3213, Train Acc: 79.41%, Val Loss: 0.5739, Val Acc: 78.59%
2026-02-18 17:59:31,063 - INFO - Epoch [52] Batch [0/17]                     Loss: 0.0104, Hard: 0.3516, Soft: -0.3412                     Acc: 81.25% LR: 0.000424                     Alpha: 0.5744425058364868                     Beta: -0.5032092928886414                     MemKD: 0.45489081740379333
2026-02-18 18:00:03,869 - INFO - Epoch [52/200] Train Loss: 0.3305, Train Acc: 77.94%, Val Loss: 0.5908, Val Acc: 78.32%
2026-02-18 18:00:29,121 - INFO - Epoch [53] Batch [0/17]                     Loss: 0.1694, Hard: 0.4279, Soft: -0.2585                     Acc: 87.50% LR: 0.000421                     Alpha: 0.5744425058364868                     Beta: -0.5121501684188843                     MemKD: 0.45203593373298645
2026-02-18 18:00:59,856 - INFO - Epoch [53/200] Train Loss: 0.2676, Train Acc: 81.99%, Val Loss: 0.5912, Val Acc: 77.39%
2026-02-18 18:01:24,303 - INFO - Epoch [54] Batch [0/17]                     Loss: -0.2002, Hard: 0.1852, Soft: -0.3854                     Acc: 100.00% LR: 0.000418                     Alpha: 0.5744425058364868                     Beta: -0.520910918712616                     MemKD: 0.44927164912223816
2026-02-18 18:01:58,320 - INFO - Epoch [54/200] Train Loss: 0.1718, Train Acc: 84.93%, Val Loss: 0.5126, Val Acc: 81.38%
2026-02-18 18:01:58,321 - INFO - Best model saved with accuracy: 81.38%
2026-02-18 18:02:23,131 - INFO - Epoch [55] Batch [0/17]                     Loss: 0.0105, Hard: 0.3583, Soft: -0.3478                     Acc: 93.75% LR: 0.000415                     Alpha: 0.5744425058364868                     Beta: -0.5298255085945129                     MemKD: 0.4463542103767395
2026-02-18 18:02:54,346 - INFO - Epoch [55/200] Train Loss: 0.3025, Train Acc: 79.78%, Val Loss: 0.7206, Val Acc: 72.21%
2026-02-18 18:03:18,226 - INFO - Epoch [56] Batch [0/17]                     Loss: -0.0761, Hard: 0.2882, Soft: -0.3643                     Acc: 87.50% LR: 0.000412                     Alpha: 0.5744425058364868                     Beta: -0.5385263562202454                     MemKD: 0.4435438811779022
2026-02-18 18:03:51,888 - INFO - Epoch [56/200] Train Loss: 0.2623, Train Acc: 77.57%, Val Loss: 0.6579, Val Acc: 77.26%
2026-02-18 18:04:15,847 - INFO - Epoch [57] Batch [0/17]                     Loss: 0.2732, Hard: 0.5715, Soft: -0.2982                     Acc: 68.75% LR: 0.000409                     Alpha: 0.5744425058364868                     Beta: -0.547008752822876                     MemKD: 0.4408797323703766
2026-02-18 18:04:45,461 - INFO - Epoch [57/200] Train Loss: 0.2422, Train Acc: 78.68%, Val Loss: 0.5806, Val Acc: 77.93%
2026-02-18 18:05:09,091 - INFO - Epoch [58] Batch [0/17]                     Loss: -0.0857, Hard: 0.2966, Soft: -0.3823                     Acc: 81.25% LR: 0.000406                     Alpha: 0.5744425058364868                     Beta: -0.5555353760719299                     MemKD: 0.43816423416137695
2026-02-18 18:05:42,664 - INFO - Epoch [58/200] Train Loss: 0.2619, Train Acc: 78.31%, Val Loss: 0.6046, Val Acc: 75.80%
2026-02-18 18:06:06,693 - INFO - Epoch [59] Batch [0/17]                     Loss: 0.5235, Hard: 0.7905, Soft: -0.2670                     Acc: 68.75% LR: 0.000403                     Alpha: 0.5744425058364868                     Beta: -0.563867449760437                     MemKD: 0.43557417392730713
2026-02-18 18:06:37,661 - INFO - Epoch [59/200] Train Loss: 0.1560, Train Acc: 82.35%, Val Loss: 0.6085, Val Acc: 76.46%
2026-02-18 18:07:01,505 - INFO - Epoch [60] Batch [0/17]                     Loss: 0.2409, Hard: 0.5354, Soft: -0.2945                     Acc: 81.25% LR: 0.000400                     Alpha: 0.5744425058364868                     Beta: -0.5722823143005371                     MemKD: 0.4329369068145752
2026-02-18 18:07:33,014 - INFO - Epoch [60/200] Train Loss: 0.1669, Train Acc: 82.72%, Val Loss: 0.5355, Val Acc: 79.12%
2026-02-18 18:07:33,063 - INFO - Checkpoint saved at epoch 60
2026-02-18 18:07:58,013 - INFO - Epoch [61] Batch [0/17]                     Loss: -0.1018, Hard: 0.3378, Soft: -0.4396                     Acc: 87.50% LR: 0.000397                     Alpha: 0.5744425058364868                     Beta: -0.5806977152824402                     MemKD: 0.43027999997138977
2026-02-18 18:08:28,333 - INFO - Epoch [61/200] Train Loss: 0.4383, Train Acc: 72.43%, Val Loss: 0.5604, Val Acc: 78.19%
2026-02-18 18:08:52,044 - INFO - Epoch [62] Batch [0/17]                     Loss: 0.0251, Hard: 0.4155, Soft: -0.3904                     Acc: 81.25% LR: 0.000394                     Alpha: 0.5744425058364868                     Beta: -0.588683545589447                     MemKD: 0.4278815686702728
2026-02-18 18:09:25,073 - INFO - Epoch [62/200] Train Loss: 0.2818, Train Acc: 76.47%, Val Loss: 0.5147, Val Acc: 81.12%
2026-02-18 18:09:49,735 - INFO - Epoch [63] Batch [0/17]                     Loss: 0.0537, Hard: 0.4451, Soft: -0.3914                     Acc: 81.25% LR: 0.000391                     Alpha: 0.5744425058364868                     Beta: -0.5965121984481812                     MemKD: 0.4255475103855133
2026-02-18 18:10:20,721 - INFO - Epoch [63/200] Train Loss: 0.0993, Train Acc: 83.82%, Val Loss: 0.4794, Val Acc: 81.65%
2026-02-18 18:10:20,721 - INFO - Best model saved with accuracy: 81.65%
2026-02-18 18:10:45,485 - INFO - Epoch [64] Batch [0/17]                     Loss: 0.8143, Hard: 1.0222, Soft: -0.2079                     Acc: 68.75% LR: 0.000387                     Alpha: 0.5744425058364868                     Beta: -0.6045167446136475                     MemKD: 0.4230524003505707
2026-02-18 18:11:18,366 - INFO - Epoch [64/200] Train Loss: 0.2278, Train Acc: 80.51%, Val Loss: 0.4951, Val Acc: 82.98%
2026-02-18 18:11:18,367 - INFO - Best model saved with accuracy: 82.98%
2026-02-18 18:11:42,430 - INFO - Epoch [65] Batch [0/17]                     Loss: 0.0967, Hard: 0.4780, Soft: -0.3813                     Acc: 81.25% LR: 0.000384                     Alpha: 0.5744425058364868                     Beta: -0.6125032901763916                     MemKD: 0.4205735921859741
2026-02-18 18:12:13,010 - INFO - Epoch [65/200] Train Loss: 0.1343, Train Acc: 81.62%, Val Loss: 0.4497, Val Acc: 83.64%
2026-02-18 18:12:13,011 - INFO - Best model saved with accuracy: 83.64%
2026-02-18 18:12:36,313 - INFO - Epoch [66] Batch [0/17]                     Loss: -0.1749, Hard: 0.2825, Soft: -0.4574                     Acc: 93.75% LR: 0.000381                     Alpha: 0.5744425058364868                     Beta: -0.6204450726509094                     MemKD: 0.4181082248687744
2026-02-18 18:13:07,668 - INFO - Epoch [66/200] Train Loss: 0.0439, Train Acc: 84.19%, Val Loss: 0.5235, Val Acc: 80.32%
2026-02-18 18:13:32,849 - INFO - Epoch [67] Batch [0/17]                     Loss: -0.2766, Hard: 0.2227, Soft: -0.4993                     Acc: 100.00% LR: 0.000377                     Alpha: 0.5744425058364868                     Beta: -0.6285474896430969                     MemKD: 0.4155474305152893
2026-02-18 18:14:04,579 - INFO - Epoch [67/200] Train Loss: 0.1851, Train Acc: 80.51%, Val Loss: 0.5850, Val Acc: 78.46%
2026-02-18 18:14:28,502 - INFO - Epoch [68] Batch [0/17]                     Loss: 0.6266, Hard: 0.8932, Soft: -0.2665                     Acc: 68.75% LR: 0.000374                     Alpha: 0.5744425058364868                     Beta: -0.6362094283103943                     MemKD: 0.4132346212863922
2026-02-18 18:15:01,170 - INFO - Epoch [68/200] Train Loss: 0.0339, Train Acc: 83.09%, Val Loss: 0.5225, Val Acc: 81.25%
2026-02-18 18:15:26,512 - INFO - Epoch [69] Batch [0/17]                     Loss: -0.3297, Hard: 0.1951, Soft: -0.5249                     Acc: 93.75% LR: 0.000370                     Alpha: 0.5744425058364868                     Beta: -0.6440197825431824                     MemKD: 0.4108084738254547
2026-02-18 18:15:58,861 - INFO - Epoch [69/200] Train Loss: 0.1748, Train Acc: 77.57%, Val Loss: 0.5970, Val Acc: 78.06%
2026-02-18 18:16:23,554 - INFO - Epoch [70] Batch [0/17]                     Loss: 0.1826, Hard: 0.5811, Soft: -0.3985                     Acc: 87.50% LR: 0.000367                     Alpha: 0.5744425058364868                     Beta: -0.6516903042793274                     MemKD: 0.40846729278564453
2026-02-18 18:16:56,445 - INFO - Epoch [70/200] Train Loss: 0.1201, Train Acc: 79.41%, Val Loss: 0.5546, Val Acc: 77.66%
2026-02-18 18:16:56,492 - INFO - Checkpoint saved at epoch 70
2026-02-18 18:17:21,239 - INFO - Epoch [71] Batch [0/17]                     Loss: -0.0258, Hard: 0.4265, Soft: -0.4523                     Acc: 75.00% LR: 0.000363                     Alpha: 0.5744425058364868                     Beta: -0.6590715646743774                     MemKD: 0.4062969982624054
2026-02-18 18:17:52,059 - INFO - Epoch [71/200] Train Loss: 0.0070, Train Acc: 83.09%, Val Loss: 0.5566, Val Acc: 79.52%
2026-02-18 18:18:15,925 - INFO - Epoch [72] Batch [0/17]                     Loss: 0.4272, Hard: 0.7655, Soft: -0.3383                     Acc: 75.00% LR: 0.000360                     Alpha: 0.5744425058364868                     Beta: -0.6667187809944153                     MemKD: 0.4039662182331085
2026-02-18 18:18:47,465 - INFO - Epoch [72/200] Train Loss: 0.0671, Train Acc: 82.35%, Val Loss: 0.5564, Val Acc: 80.19%
2026-02-18 18:19:12,112 - INFO - Epoch [73] Batch [0/17]                     Loss: 0.3120, Hard: 0.6963, Soft: -0.3843                     Acc: 75.00% LR: 0.000356                     Alpha: 0.5744425058364868                     Beta: -0.6741639375686646                     MemKD: 0.40171927213668823
2026-02-18 18:19:43,712 - INFO - Epoch [73/200] Train Loss: -0.1014, Train Acc: 85.66%, Val Loss: 0.6641, Val Acc: 76.20%
2026-02-18 18:20:06,481 - INFO - Epoch [74] Batch [0/17]                     Loss: -0.1488, Hard: 0.3424, Soft: -0.4912                     Acc: 93.75% LR: 0.000353                     Alpha: 0.5744425058364868                     Beta: -0.6816433072090149                     MemKD: 0.39942607283592224
2026-02-18 18:20:38,329 - INFO - Epoch [74/200] Train Loss: -0.0722, Train Acc: 84.56%, Val Loss: 0.5086, Val Acc: 81.12%
2026-02-18 18:21:01,862 - INFO - Epoch [75] Batch [0/17]                     Loss: -0.3112, Hard: 0.2473, Soft: -0.5585                     Acc: 93.75% LR: 0.000349                     Alpha: 0.5744425058364868                     Beta: -0.6891999840736389                     MemKD: 0.39710041880607605
2026-02-18 18:21:32,667 - INFO - Epoch [75/200] Train Loss: -0.1110, Train Acc: 85.66%, Val Loss: 0.5812, Val Acc: 78.46%
2026-02-18 18:21:56,115 - INFO - Epoch [76] Batch [0/17]                     Loss: 0.2459, Hard: 0.6599, Soft: -0.4139                     Acc: 68.75% LR: 0.000346                     Alpha: 0.5744425058364868                     Beta: -0.6965705752372742                     MemKD: 0.3948644697666168
2026-02-18 18:22:28,058 - INFO - Epoch [76/200] Train Loss: -0.0812, Train Acc: 85.66%, Val Loss: 0.5175, Val Acc: 80.85%
2026-02-18 18:22:52,603 - INFO - Epoch [77] Batch [0/17]                     Loss: 0.0638, Hard: 0.5485, Soft: -0.4847                     Acc: 75.00% LR: 0.000342                     Alpha: 0.5744425058364868                     Beta: -0.7038198113441467                     MemKD: 0.39269527792930603
2026-02-18 18:23:24,497 - INFO - Epoch [77/200] Train Loss: -0.0801, Train Acc: 84.56%, Val Loss: 0.4840, Val Acc: 80.05%
2026-02-18 18:23:48,390 - INFO - Epoch [78] Batch [0/17]                     Loss: -0.2080, Hard: 0.3776, Soft: -0.5855                     Acc: 81.25% LR: 0.000338                     Alpha: 0.5744425058364868                     Beta: -0.7109941840171814                     MemKD: 0.39055055379867554
2026-02-18 18:24:19,490 - INFO - Epoch [78/200] Train Loss: -0.1798, Train Acc: 87.87%, Val Loss: 0.4982, Val Acc: 81.91%
2026-02-18 18:24:43,666 - INFO - Epoch [79] Batch [0/17]                     Loss: -0.1484, Hard: 0.3707, Soft: -0.5191                     Acc: 87.50% LR: 0.000335                     Alpha: 0.5744425058364868                     Beta: -0.7181199789047241                     MemKD: 0.3884229063987732
2026-02-18 18:25:15,392 - INFO - Epoch [79/200] Train Loss: 0.0060, Train Acc: 82.35%, Val Loss: 0.4903, Val Acc: 81.91%
2026-02-18 18:25:39,443 - INFO - Epoch [80] Batch [0/17]                     Loss: -0.1066, Hard: 0.4532, Soft: -0.5598                     Acc: 81.25% LR: 0.000331                     Alpha: 0.5744425058364868                     Beta: -0.725031852722168                     MemKD: 0.38641753792762756
2026-02-18 18:26:09,772 - INFO - Epoch [80/200] Train Loss: -0.0105, Train Acc: 83.46%, Val Loss: 0.5056, Val Acc: 79.39%
2026-02-18 18:26:09,819 - INFO - Checkpoint saved at epoch 80
2026-02-18 18:26:32,037 - INFO - Epoch [81] Batch [0/17]                     Loss: -0.0955, Hard: 0.4218, Soft: -0.5173                     Acc: 87.50% LR: 0.000327                     Alpha: 0.5744425058364868                     Beta: -0.7317697405815125                     MemKD: 0.3844934105873108
2026-02-18 18:27:04,286 - INFO - Epoch [81/200] Train Loss: -0.0807, Train Acc: 83.46%, Val Loss: 0.5155, Val Acc: 81.12%
2026-02-18 18:27:28,016 - INFO - Epoch [82] Batch [0/17]                     Loss: -0.2518, Hard: 0.3111, Soft: -0.5629                     Acc: 87.50% LR: 0.000324                     Alpha: 0.5744425058364868                     Beta: -0.7383667826652527                     MemKD: 0.38260895013809204
2026-02-18 18:27:58,367 - INFO - Epoch [82/200] Train Loss: -0.1274, Train Acc: 82.72%, Val Loss: 0.4927, Val Acc: 81.12%
2026-02-18 18:28:23,253 - INFO - Epoch [83] Batch [0/17]                     Loss: 0.0855, Hard: 0.5075, Soft: -0.4220                     Acc: 75.00% LR: 0.000320                     Alpha: 0.5744425058364868                     Beta: -0.7450016736984253                     MemKD: 0.3807049095630646
2026-02-18 18:28:54,533 - INFO - Epoch [83/200] Train Loss: -0.0768, Train Acc: 82.35%, Val Loss: 0.7586, Val Acc: 73.01%
2026-02-18 18:29:17,962 - INFO - Epoch [84] Batch [0/17]                     Loss: 0.1086, Hard: 0.5514, Soft: -0.4428                     Acc: 75.00% LR: 0.000316                     Alpha: 0.5744425058364868                     Beta: -0.7515017986297607                     MemKD: 0.3788670599460602
2026-02-18 18:29:47,844 - INFO - Epoch [84/200] Train Loss: -0.0576, Train Acc: 81.99%, Val Loss: 0.5660, Val Acc: 79.26%
2026-02-18 18:30:11,377 - INFO - Epoch [85] Batch [0/17]                     Loss: -0.0828, Hard: 0.4456, Soft: -0.5284                     Acc: 87.50% LR: 0.000312                     Alpha: 0.5744425058364868                     Beta: -0.7579129338264465                     MemKD: 0.3770522177219391
2026-02-18 18:30:43,492 - INFO - Epoch [85/200] Train Loss: -0.0982, Train Acc: 84.19%, Val Loss: 0.4264, Val Acc: 84.97%
2026-02-18 18:30:43,493 - INFO - Best model saved with accuracy: 84.97%
2026-02-18 18:31:06,696 - INFO - Epoch [86] Batch [0/17]                     Loss: -0.3166, Hard: 0.2847, Soft: -0.6013                     Acc: 93.75% LR: 0.000308                     Alpha: 0.5744425058364868                     Beta: -0.7642222046852112                     MemKD: 0.3752768337726593
2026-02-18 18:31:38,395 - INFO - Epoch [86/200] Train Loss: -0.1663, Train Acc: 85.29%, Val Loss: 0.4621, Val Acc: 83.51%
2026-02-18 18:32:02,268 - INFO - Epoch [87] Batch [0/17]                     Loss: -0.3906, Hard: 0.2479, Soft: -0.6385                     Acc: 93.75% LR: 0.000305                     Alpha: 0.5744425058364868                     Beta: -0.7704671025276184                     MemKD: 0.3735218644142151
2026-02-18 18:32:34,325 - INFO - Epoch [87/200] Train Loss: -0.1725, Train Acc: 84.93%, Val Loss: 0.4747, Val Acc: 82.85%
2026-02-18 18:33:00,057 - INFO - Epoch [88] Batch [0/17]                     Loss: -0.1098, Hard: 0.4354, Soft: -0.5452                     Acc: 75.00% LR: 0.000301                     Alpha: 0.5744425058364868                     Beta: -0.7766660451889038                     MemKD: 0.37177926301956177
2026-02-18 18:33:31,946 - INFO - Epoch [88/200] Train Loss: -0.2144, Train Acc: 81.99%, Val Loss: 0.5751, Val Acc: 79.79%
2026-02-18 18:33:54,513 - INFO - Epoch [89] Batch [0/17]                     Loss: -0.1653, Hard: 0.4419, Soft: -0.6072                     Acc: 87.50% LR: 0.000297                     Alpha: 0.5744425058364868                     Beta: -0.7828565239906311                     MemKD: 0.3700341284275055
2026-02-18 18:34:26,039 - INFO - Epoch [89/200] Train Loss: -0.2447, Train Acc: 86.03%, Val Loss: 0.5295, Val Acc: 80.59%
2026-02-18 18:34:51,562 - INFO - Epoch [90] Batch [0/17]                     Loss: -0.4628, Hard: 0.2262, Soft: -0.6890                     Acc: 87.50% LR: 0.000293                     Alpha: 0.5744425058364868                     Beta: -0.7889691591262817                     MemKD: 0.36831769347190857
2026-02-18 18:35:21,225 - INFO - Epoch [90/200] Train Loss: -0.1761, Train Acc: 84.93%, Val Loss: 0.5196, Val Acc: 79.12%
2026-02-18 18:35:21,262 - INFO - Checkpoint saved at epoch 90
2026-02-18 18:35:45,941 - INFO - Epoch [91] Batch [0/17]                     Loss: -0.2504, Hard: 0.3646, Soft: -0.6150                     Acc: 87.50% LR: 0.000289                     Alpha: 0.5744425058364868                     Beta: -0.7950147986412048                     MemKD: 0.36663150787353516
2026-02-18 18:36:17,430 - INFO - Epoch [91/200] Train Loss: -0.1974, Train Acc: 83.82%, Val Loss: 0.4977, Val Acc: 81.65%
2026-02-18 18:36:40,926 - INFO - Epoch [92] Batch [0/17]                     Loss: -0.2525, Hard: 0.3573, Soft: -0.6099                     Acc: 81.25% LR: 0.000285                     Alpha: 0.5744425058364868                     Beta: -0.8008219003677368                     MemKD: 0.3650447428226471
2026-02-18 18:37:09,923 - INFO - Epoch [92/200] Train Loss: -0.3160, Train Acc: 88.60%, Val Loss: 0.5639, Val Acc: 79.26%
2026-02-18 18:37:33,059 - INFO - Epoch [93] Batch [0/17]                     Loss: -0.5580, Hard: 0.1514, Soft: -0.7093                     Acc: 93.75% LR: 0.000281                     Alpha: 0.5744425058364868                     Beta: -0.806702196598053                     MemKD: 0.3634165823459625
2026-02-18 18:38:04,272 - INFO - Epoch [93/200] Train Loss: -0.2837, Train Acc: 87.13%, Val Loss: 0.4572, Val Acc: 82.85%
2026-02-18 18:38:28,101 - INFO - Epoch [94] Batch [0/17]                     Loss: -0.5079, Hard: 0.1853, Soft: -0.6932                     Acc: 93.75% LR: 0.000277                     Alpha: 0.5744425058364868                     Beta: -0.812527060508728                     MemKD: 0.3617972433567047
2026-02-18 18:38:59,957 - INFO - Epoch [94/200] Train Loss: -0.3253, Train Acc: 86.40%, Val Loss: 0.4463, Val Acc: 84.18%
2026-02-18 18:39:23,771 - INFO - Epoch [95] Batch [0/17]                     Loss: 0.1743, Hard: 0.5570, Soft: -0.3827                     Acc: 75.00% LR: 0.000274                     Alpha: 0.5744425058364868                     Beta: -0.8182293176651001                     MemKD: 0.3602244257926941
2026-02-18 18:39:54,059 - INFO - Epoch [95/200] Train Loss: -0.3019, Train Acc: 86.76%, Val Loss: 0.3950, Val Acc: 85.24%
2026-02-18 18:39:54,060 - INFO - Best model saved with accuracy: 85.24%
2026-02-18 18:40:18,155 - INFO - Epoch [96] Batch [0/17]                     Loss: -0.5080, Hard: 0.1962, Soft: -0.7042                     Acc: 93.75% LR: 0.000270                     Alpha: 0.5744425058364868                     Beta: -0.8237916231155396                     MemKD: 0.35870590806007385
2026-02-18 18:40:51,351 - INFO - Epoch [96/200] Train Loss: -0.3308, Train Acc: 88.24%, Val Loss: 0.4523, Val Acc: 83.24%
2026-02-18 18:41:16,146 - INFO - Epoch [97] Batch [0/17]                     Loss: -0.1031, Hard: 0.4937, Soft: -0.5968                     Acc: 75.00% LR: 0.000266                     Alpha: 0.5744425058364868                     Beta: -0.8292707204818726                     MemKD: 0.3572169840335846
2026-02-18 18:41:47,342 - INFO - Epoch [97/200] Train Loss: -0.3208, Train Acc: 86.76%, Val Loss: 0.5760, Val Acc: 78.46%
2026-02-18 18:42:10,944 - INFO - Epoch [98] Batch [0/17]                     Loss: -0.4797, Hard: 0.1843, Soft: -0.6640                     Acc: 93.75% LR: 0.000262                     Alpha: 0.5744425058364868                     Beta: -0.8347439169883728                     MemKD: 0.35573509335517883
2026-02-18 18:42:43,372 - INFO - Epoch [98/200] Train Loss: -0.2485, Train Acc: 82.72%, Val Loss: 0.4989, Val Acc: 82.58%
2026-02-18 18:43:07,826 - INFO - Epoch [99] Batch [0/17]                     Loss: -0.1650, Hard: 0.4600, Soft: -0.6250                     Acc: 75.00% LR: 0.000258                     Alpha: 0.5744425058364868                     Beta: -0.8400574922561646                     MemKD: 0.3543086051940918
2026-02-18 18:43:39,651 - INFO - Epoch [99/200] Train Loss: -0.4119, Train Acc: 89.34%, Val Loss: 0.4839, Val Acc: 82.58%
2026-02-18 18:44:03,252 - INFO - Epoch [100] Batch [0/17]                     Loss: -0.7386, Hard: 0.0633, Soft: -0.8019                     Acc: 100.00% LR: 0.000254                     Alpha: 0.5744425058364868                     Beta: -0.8453397154808044                     MemKD: 0.35289713740348816
2026-02-18 18:44:34,597 - INFO - Epoch [100/200] Train Loss: -0.2528, Train Acc: 84.56%, Val Loss: 0.4415, Val Acc: 84.57%
2026-02-18 18:44:34,644 - INFO - Checkpoint saved at epoch 100
2026-02-18 18:44:58,811 - INFO - Epoch [101] Batch [0/17]                     Loss: -0.4025, Hard: 0.3298, Soft: -0.7323                     Acc: 93.75% LR: 0.000250                     Alpha: 0.5744425058364868                     Beta: -0.850486159324646                     MemKD: 0.3515318036079407
2026-02-18 18:45:31,188 - INFO - Epoch [101/200] Train Loss: -0.3522, Train Acc: 87.13%, Val Loss: 0.4159, Val Acc: 85.37%
2026-02-18 18:45:31,188 - INFO - Best model saved with accuracy: 85.37%
2026-02-18 18:45:55,139 - INFO - Epoch [102] Batch [0/17]                     Loss: -0.6512, Hard: 0.1238, Soft: -0.7749                     Acc: 100.00% LR: 0.000246                     Alpha: 0.5744425058364868                     Beta: -0.8555386066436768                     MemKD: 0.35019975900650024
2026-02-18 18:46:27,184 - INFO - Epoch [102/200] Train Loss: -0.3863, Train Acc: 86.76%, Val Loss: 0.3966, Val Acc: 85.90%
2026-02-18 18:46:27,184 - INFO - Best model saved with accuracy: 85.90%
2026-02-18 18:46:51,118 - INFO - Epoch [103] Batch [0/17]                     Loss: -0.5446, Hard: 0.2293, Soft: -0.7739                     Acc: 87.50% LR: 0.000242                     Alpha: 0.5744425058364868                     Beta: -0.8604951500892639                     MemKD: 0.348890483379364
2026-02-18 18:47:21,591 - INFO - Epoch [103/200] Train Loss: -0.2950, Train Acc: 86.40%, Val Loss: 0.4711, Val Acc: 84.18%
2026-02-18 18:47:43,787 - INFO - Epoch [104] Batch [0/17]                     Loss: -0.5732, Hard: 0.2110, Soft: -0.7842                     Acc: 87.50% LR: 0.000238                     Alpha: 0.5744425058364868                     Beta: -0.8653238415718079                     MemKD: 0.3476228713989258
2026-02-18 18:48:16,245 - INFO - Epoch [104/200] Train Loss: -0.3442, Train Acc: 86.40%, Val Loss: 0.4330, Val Acc: 83.91%
2026-02-18 18:48:39,455 - INFO - Epoch [105] Batch [0/17]                     Loss: -0.4084, Hard: 0.3783, Soft: -0.7867                     Acc: 93.75% LR: 0.000234                     Alpha: 0.5744425058364868                     Beta: -0.8700945973396301                     MemKD: 0.3463798463344574
2026-02-18 18:49:09,894 - INFO - Epoch [105/200] Train Loss: -0.3388, Train Acc: 84.93%, Val Loss: 0.4518, Val Acc: 83.78%
2026-02-18 18:49:34,472 - INFO - Epoch [106] Batch [0/17]                     Loss: -0.4247, Hard: 0.3231, Soft: -0.7477                     Acc: 81.25% LR: 0.000230                     Alpha: 0.5744425058364868                     Beta: -0.8748267292976379                     MemKD: 0.3451474606990814
2026-02-18 18:50:06,410 - INFO - Epoch [106/200] Train Loss: -0.4081, Train Acc: 89.34%, Val Loss: 0.4620, Val Acc: 83.24%
2026-02-18 18:50:29,990 - INFO - Epoch [107] Batch [0/17]                     Loss: -0.5215, Hard: 0.2697, Soft: -0.7912                     Acc: 93.75% LR: 0.000226                     Alpha: 0.5744425058364868                     Beta: -0.8794353008270264                     MemKD: 0.34395620226860046
2026-02-18 18:51:00,375 - INFO - Epoch [107/200] Train Loss: -0.4071, Train Acc: 88.24%, Val Loss: 0.5178, Val Acc: 78.59%
2026-02-18 18:51:24,630 - INFO - Epoch [108] Batch [0/17]                     Loss: -0.6802, Hard: 0.1629, Soft: -0.8432                     Acc: 100.00% LR: 0.000223                     Alpha: 0.5744425058364868                     Beta: -0.8839626908302307                     MemKD: 0.3427896797657013
2026-02-18 18:51:56,885 - INFO - Epoch [108/200] Train Loss: -0.4863, Train Acc: 90.44%, Val Loss: 0.4918, Val Acc: 83.78%
2026-02-18 18:52:19,150 - INFO - Epoch [109] Batch [0/17]                     Loss: -0.5041, Hard: 0.2951, Soft: -0.7992                     Acc: 87.50% LR: 0.000219                     Alpha: 0.5744425058364868                     Beta: -0.888469398021698                     MemKD: 0.3416176736354828
2026-02-18 18:52:48,864 - INFO - Epoch [109/200] Train Loss: -0.4679, Train Acc: 86.76%, Val Loss: 0.4127, Val Acc: 84.84%
2026-02-18 18:53:12,040 - INFO - Epoch [110] Batch [0/17]                     Loss: -0.7133, Hard: 0.1173, Soft: -0.8306                     Acc: 100.00% LR: 0.000215                     Alpha: 0.5744425058364868                     Beta: -0.8928810358047485                     MemKD: 0.3404789865016937
2026-02-18 18:53:41,646 - INFO - Epoch [110/200] Train Loss: -0.4598, Train Acc: 89.71%, Val Loss: 0.4155, Val Acc: 84.84%
2026-02-18 18:53:41,686 - INFO - Checkpoint saved at epoch 110
2026-02-18 18:54:04,845 - INFO - Epoch [111] Batch [0/17]                     Loss: -0.4996, Hard: 0.2486, Soft: -0.7482                     Acc: 93.75% LR: 0.000211                     Alpha: 0.5744425058364868                     Beta: -0.8971832394599915                     MemKD: 0.3393767476081848
2026-02-18 18:54:36,240 - INFO - Epoch [111/200] Train Loss: -0.4655, Train Acc: 87.87%, Val Loss: 0.5458, Val Acc: 80.19%
2026-02-18 18:55:01,141 - INFO - Epoch [112] Batch [0/17]                     Loss: -0.6091, Hard: 0.1807, Soft: -0.7898                     Acc: 93.75% LR: 0.000207                     Alpha: 0.5744425058364868                     Beta: -0.9014198780059814                     MemKD: 0.3382912576198578
2026-02-18 18:55:32,176 - INFO - Epoch [112/200] Train Loss: -0.3823, Train Acc: 87.50%, Val Loss: 0.5401, Val Acc: 78.86%
2026-02-18 18:55:56,447 - INFO - Epoch [113] Batch [0/17]                     Loss: -0.7541, Hard: 0.1041, Soft: -0.8582                     Acc: 100.00% LR: 0.000203                     Alpha: 0.5744425058364868                     Beta: -0.9055252075195312                     MemKD: 0.3372478187084198
2026-02-18 18:56:26,506 - INFO - Epoch [113/200] Train Loss: -0.4376, Train Acc: 87.50%, Val Loss: 0.5556, Val Acc: 79.92%
2026-02-18 18:56:50,925 - INFO - Epoch [114] Batch [0/17]                     Loss: -0.6372, Hard: 0.1813, Soft: -0.8185                     Acc: 93.75% LR: 0.000199                     Alpha: 0.5744425058364868                     Beta: -0.9095118045806885                     MemKD: 0.3362482786178589
2026-02-18 18:57:23,092 - INFO - Epoch [114/200] Train Loss: -0.3563, Train Acc: 86.76%, Val Loss: 0.4266, Val Acc: 85.64%
2026-02-18 18:57:46,800 - INFO - Epoch [115] Batch [0/17]                     Loss: -0.5057, Hard: 0.2891, Soft: -0.7949                     Acc: 87.50% LR: 0.000195                     Alpha: 0.5744425058364868                     Beta: -0.9134091734886169                     MemKD: 0.33527401089668274
2026-02-18 18:58:16,971 - INFO - Epoch [115/200] Train Loss: -0.3686, Train Acc: 85.29%, Val Loss: 0.4120, Val Acc: 85.77%
2026-02-18 18:58:41,254 - INFO - Epoch [116] Batch [0/17]                     Loss: -0.2316, Hard: 0.4586, Soft: -0.6902                     Acc: 81.25% LR: 0.000192                     Alpha: 0.5744425058364868                     Beta: -0.9172219038009644                     MemKD: 0.33432355523109436
2026-02-18 18:59:10,863 - INFO - Epoch [116/200] Train Loss: -0.4047, Train Acc: 86.40%, Val Loss: 0.4640, Val Acc: 84.44%
2026-02-18 18:59:34,948 - INFO - Epoch [117] Batch [0/17]                     Loss: -0.3287, Hard: 0.3977, Soft: -0.7264                     Acc: 93.75% LR: 0.000188                     Alpha: 0.5744425058364868                     Beta: -0.9209490418434143                     MemKD: 0.3333980441093445
2026-02-18 19:00:06,052 - INFO - Epoch [117/200] Train Loss: -0.4975, Train Acc: 88.97%, Val Loss: 0.4581, Val Acc: 80.85%
2026-02-18 19:00:28,893 - INFO - Epoch [118] Batch [0/17]                     Loss: -0.1794, Hard: 0.5479, Soft: -0.7273                     Acc: 87.50% LR: 0.000184                     Alpha: 0.5744425058364868                     Beta: -0.9246020913124084                     MemKD: 0.33249011635780334
2026-02-18 19:01:00,152 - INFO - Epoch [118/200] Train Loss: -0.4794, Train Acc: 89.71%, Val Loss: 0.6471, Val Acc: 78.72%
2026-02-18 19:01:23,799 - INFO - Epoch [119] Batch [0/17]                     Loss: -0.6041, Hard: 0.2548, Soft: -0.8589                     Acc: 87.50% LR: 0.000180                     Alpha: 0.5744425058364868                     Beta: -0.9282271265983582                     MemKD: 0.3315855860710144
2026-02-18 19:01:54,183 - INFO - Epoch [119/200] Train Loss: -0.5587, Train Acc: 91.18%, Val Loss: 0.4453, Val Acc: 83.38%
2026-02-18 19:02:16,402 - INFO - Epoch [120] Batch [0/17]                     Loss: -0.5951, Hard: 0.2678, Soft: -0.8630                     Acc: 87.50% LR: 0.000176                     Alpha: 0.5744425058364868                     Beta: -0.9317914247512817                     MemKD: 0.33069708943367004
2026-02-18 19:02:48,316 - INFO - Epoch [120/200] Train Loss: -0.5423, Train Acc: 90.44%, Val Loss: 0.4270, Val Acc: 84.04%
2026-02-18 19:02:48,359 - INFO - Checkpoint saved at epoch 120
2026-02-18 19:03:11,869 - INFO - Epoch [121] Batch [0/17]                     Loss: -0.6544, Hard: 0.2353, Soft: -0.8897                     Acc: 93.75% LR: 0.000173                     Alpha: 0.5744425058364868                     Beta: -0.9353004693984985                     MemKD: 0.3298228979110718
2026-02-18 19:03:41,539 - INFO - Epoch [121/200] Train Loss: -0.5716, Train Acc: 90.07%, Val Loss: 0.4994, Val Acc: 82.58%
2026-02-18 19:04:06,551 - INFO - Epoch [122] Batch [0/17]                     Loss: -0.6056, Hard: 0.2175, Soft: -0.8231                     Acc: 93.75% LR: 0.000169                     Alpha: 0.5744425058364868                     Beta: -0.938733696937561                     MemKD: 0.32896754145622253
2026-02-18 19:04:38,886 - INFO - Epoch [122/200] Train Loss: -0.5211, Train Acc: 88.97%, Val Loss: 0.4364, Val Acc: 83.78%
2026-02-18 19:05:04,185 - INFO - Epoch [123] Batch [0/17]                     Loss: 0.0715, Hard: 0.7116, Soft: -0.6400                     Acc: 81.25% LR: 0.000165                     Alpha: 0.5744425058364868                     Beta: -0.9420668482780457                     MemKD: 0.3281422555446625
2026-02-18 19:05:34,978 - INFO - Epoch [123/200] Train Loss: -0.4053, Train Acc: 86.76%, Val Loss: 0.4270, Val Acc: 83.38%
2026-02-18 19:05:58,613 - INFO - Epoch [124] Batch [0/17]                     Loss: -0.7933, Hard: 0.1128, Soft: -0.9060                     Acc: 100.00% LR: 0.000162                     Alpha: 0.5744425058364868                     Beta: -0.9452540278434753                     MemKD: 0.3273683786392212
2026-02-18 19:06:29,292 - INFO - Epoch [124/200] Train Loss: -0.5433, Train Acc: 89.71%, Val Loss: 0.3950, Val Acc: 85.11%
2026-02-18 19:06:53,052 - INFO - Epoch [125] Batch [0/17]                     Loss: -0.2127, Hard: 0.5030, Soft: -0.7157                     Acc: 81.25% LR: 0.000158                     Alpha: 0.5744425058364868                     Beta: -0.9483928680419922                     MemKD: 0.32660341262817383
2026-02-18 19:07:24,695 - INFO - Epoch [125/200] Train Loss: -0.5009, Train Acc: 87.87%, Val Loss: 0.4326, Val Acc: 84.31%
2026-02-18 19:07:48,650 - INFO - Epoch [126] Batch [0/17]                     Loss: -0.5058, Hard: 0.3467, Soft: -0.8525                     Acc: 75.00% LR: 0.000154                     Alpha: 0.5744425058364868                     Beta: -0.9514274597167969                     MemKD: 0.3258694112300873
2026-02-18 19:08:20,242 - INFO - Epoch [126/200] Train Loss: -0.5348, Train Acc: 89.34%, Val Loss: 0.4049, Val Acc: 85.11%
2026-02-18 19:08:45,220 - INFO - Epoch [127] Batch [0/17]                     Loss: -0.5420, Hard: 0.3018, Soft: -0.8439                     Acc: 93.75% LR: 0.000151                     Alpha: 0.5744425058364868                     Beta: -0.9544259905815125                     MemKD: 0.32513970136642456
2026-02-18 19:09:16,521 - INFO - Epoch [127/200] Train Loss: -0.5730, Train Acc: 89.71%, Val Loss: 0.3989, Val Acc: 84.71%
2026-02-18 19:09:39,557 - INFO - Epoch [128] Batch [0/17]                     Loss: -0.6297, Hard: 0.2420, Soft: -0.8717                     Acc: 93.75% LR: 0.000147                     Alpha: 0.5744425058364868                     Beta: -0.9573460817337036                     MemKD: 0.3244328796863556
2026-02-18 19:10:09,784 - INFO - Epoch [128/200] Train Loss: -0.5893, Train Acc: 89.34%, Val Loss: 0.4463, Val Acc: 84.31%
2026-02-18 19:10:33,870 - INFO - Epoch [129] Batch [0/17]                     Loss: -0.7737, Hard: 0.1218, Soft: -0.8955                     Acc: 100.00% LR: 0.000144                     Alpha: 0.5744425058364868                     Beta: -0.9602322578430176                     MemKD: 0.3237285614013672
2026-02-18 19:11:04,410 - INFO - Epoch [129/200] Train Loss: -0.6155, Train Acc: 91.18%, Val Loss: 0.4081, Val Acc: 85.11%
2026-02-18 19:11:28,312 - INFO - Epoch [130] Batch [0/17]                     Loss: -0.5367, Hard: 0.3178, Soft: -0.8546                     Acc: 81.25% LR: 0.000140                     Alpha: 0.5744425058364868                     Beta: -0.9630481600761414                     MemKD: 0.32304486632347107
2026-02-18 19:11:58,979 - INFO - Epoch [130/200] Train Loss: -0.5669, Train Acc: 89.34%, Val Loss: 0.4083, Val Acc: 85.11%
2026-02-18 19:11:59,019 - INFO - Checkpoint saved at epoch 130
2026-02-18 19:12:23,664 - INFO - Epoch [131] Batch [0/17]                     Loss: -0.7151, Hard: 0.1622, Soft: -0.8773                     Acc: 100.00% LR: 0.000137                     Alpha: 0.5744425058364868                     Beta: -0.9657849073410034                     MemKD: 0.32238510251045227
2026-02-18 19:12:54,307 - INFO - Epoch [131/200] Train Loss: -0.6020, Train Acc: 90.07%, Val Loss: 0.4767, Val Acc: 82.85%
2026-02-18 19:13:18,828 - INFO - Epoch [132] Batch [0/17]                     Loss: -0.5140, Hard: 0.3072, Soft: -0.8212                     Acc: 81.25% LR: 0.000133                     Alpha: 0.5744425058364868                     Beta: -0.9684428572654724                     MemKD: 0.32174447178840637
2026-02-18 19:13:49,752 - INFO - Epoch [132/200] Train Loss: -0.6004, Train Acc: 89.34%, Val Loss: 0.4118, Val Acc: 84.57%
2026-02-18 19:14:13,539 - INFO - Epoch [133] Batch [0/17]                     Loss: -0.6732, Hard: 0.2331, Soft: -0.9064                     Acc: 87.50% LR: 0.000130                     Alpha: 0.5744425058364868                     Beta: -0.9710214138031006                     MemKD: 0.3211246132850647
2026-02-18 19:14:44,853 - INFO - Epoch [133/200] Train Loss: -0.5576, Train Acc: 88.24%, Val Loss: 0.4098, Val Acc: 86.30%
2026-02-18 19:14:44,853 - INFO - Best model saved with accuracy: 86.30%
2026-02-18 19:15:08,497 - INFO - Epoch [134] Batch [0/17]                     Loss: -0.4478, Hard: 0.3605, Soft: -0.8083                     Acc: 81.25% LR: 0.000126                     Alpha: 0.5744425058364868                     Beta: -0.9735332727432251                     MemKD: 0.320524662733078
2026-02-18 19:15:38,055 - INFO - Epoch [134/200] Train Loss: -0.6297, Train Acc: 88.60%, Val Loss: 0.3868, Val Acc: 85.77%
2026-02-18 19:15:59,510 - INFO - Epoch [135] Batch [0/17]                     Loss: -0.6939, Hard: 0.2305, Soft: -0.9245                     Acc: 93.75% LR: 0.000123                     Alpha: 0.5744425058364868                     Beta: -0.9759632349014282                     MemKD: 0.3199465870857239
2026-02-18 19:16:31,547 - INFO - Epoch [135/200] Train Loss: -0.6131, Train Acc: 88.24%, Val Loss: 0.5193, Val Acc: 79.92%
2026-02-18 19:16:57,299 - INFO - Epoch [136] Batch [0/17]                     Loss: -0.1928, Hard: 0.5846, Soft: -0.7774                     Acc: 81.25% LR: 0.000119                     Alpha: 0.5744425058364868                     Beta: -0.9783549904823303                     MemKD: 0.31937646865844727
2026-02-18 19:17:28,880 - INFO - Epoch [136/200] Train Loss: -0.5835, Train Acc: 88.60%, Val Loss: 0.3690, Val Acc: 88.30%
2026-02-18 19:17:28,880 - INFO - Best model saved with accuracy: 88.30%
2026-02-18 19:17:52,644 - INFO - Epoch [137] Batch [0/17]                     Loss: -0.6886, Hard: 0.2150, Soft: -0.9035                     Acc: 93.75% LR: 0.000116                     Alpha: 0.5744425058364868                     Beta: -0.980634331703186                     MemKD: 0.3188376724720001
2026-02-18 19:18:24,428 - INFO - Epoch [137/200] Train Loss: -0.5873, Train Acc: 90.07%, Val Loss: 0.3632, Val Acc: 87.23%
2026-02-18 19:18:49,743 - INFO - Epoch [138] Batch [0/17]                     Loss: -0.6151, Hard: 0.2978, Soft: -0.9130                     Acc: 87.50% LR: 0.000113                     Alpha: 0.5744425058364868                     Beta: -0.9828560948371887                     MemKD: 0.3183116614818573
2026-02-18 19:19:20,928 - INFO - Epoch [138/200] Train Loss: -0.6274, Train Acc: 91.18%, Val Loss: 0.3930, Val Acc: 86.44%
2026-02-18 19:19:44,564 - INFO - Epoch [139] Batch [0/17]                     Loss: -0.5080, Hard: 0.3815, Soft: -0.8895                     Acc: 93.75% LR: 0.000109                     Alpha: 0.5744425058364868                     Beta: -0.9850015640258789                     MemKD: 0.31780436635017395
2026-02-18 19:20:15,316 - INFO - Epoch [139/200] Train Loss: -0.5631, Train Acc: 88.60%, Val Loss: 0.3953, Val Acc: 87.50%
2026-02-18 19:20:39,668 - INFO - Epoch [140] Batch [0/17]                     Loss: -0.7539, Hard: 0.1906, Soft: -0.9445                     Acc: 87.50% LR: 0.000106                     Alpha: 0.5744425058364868                     Beta: -0.987108051776886                     MemKD: 0.31730762124061584
2026-02-18 19:21:11,296 - INFO - Epoch [140/200] Train Loss: -0.6588, Train Acc: 90.44%, Val Loss: 0.3919, Val Acc: 87.23%
2026-02-18 19:21:11,338 - INFO - Checkpoint saved at epoch 140
2026-02-18 19:21:34,837 - INFO - Epoch [141] Batch [0/17]                     Loss: -0.9466, Hard: 0.0894, Soft: -1.0360                     Acc: 100.00% LR: 0.000103                     Alpha: 0.5744425058364868                     Beta: -0.9891237616539001                     MemKD: 0.31683608889579773
2026-02-18 19:22:04,778 - INFO - Epoch [141/200] Train Loss: -0.5760, Train Acc: 87.87%, Val Loss: 0.4756, Val Acc: 85.64%
2026-02-18 19:22:29,843 - INFO - Epoch [142] Batch [0/17]                     Loss: -0.9042, Hard: 0.0533, Soft: -0.9575                     Acc: 100.00% LR: 0.000100                     Alpha: 0.5744425058364868                     Beta: -0.9910964965820312                     MemKD: 0.3163743317127228
2026-02-18 19:23:02,072 - INFO - Epoch [142/200] Train Loss: -0.7017, Train Acc: 92.65%, Val Loss: 0.3551, Val Acc: 86.30%
2026-02-18 19:23:24,746 - INFO - Epoch [143] Batch [0/17]                     Loss: -0.8339, Hard: 0.1514, Soft: -0.9853                     Acc: 93.75% LR: 0.000097                     Alpha: 0.5744425058364868                     Beta: -0.9930049180984497                     MemKD: 0.3159256875514984
2026-02-18 19:23:57,077 - INFO - Epoch [143/200] Train Loss: -0.5800, Train Acc: 87.87%, Val Loss: 0.3918, Val Acc: 86.30%
2026-02-18 19:24:22,523 - INFO - Epoch [144] Batch [0/17]                     Loss: -0.7743, Hard: 0.1743, Soft: -0.9486                     Acc: 87.50% LR: 0.000094                     Alpha: 0.5744425058364868                     Beta: -0.994866132736206                     MemKD: 0.31548914313316345
2026-02-18 19:24:53,794 - INFO - Epoch [144/200] Train Loss: -0.6877, Train Acc: 91.91%, Val Loss: 0.4059, Val Acc: 85.24%
2026-02-18 19:25:18,244 - INFO - Epoch [145] Batch [0/17]                     Loss: -0.5277, Hard: 0.3183, Soft: -0.8460                     Acc: 81.25% LR: 0.000091                     Alpha: 0.5744425058364868                     Beta: -0.9966512322425842                     MemKD: 0.31507378816604614
2026-02-18 19:25:50,475 - INFO - Epoch [145/200] Train Loss: -0.6191, Train Acc: 90.07%, Val Loss: 0.3629, Val Acc: 86.17%
2026-02-18 19:26:14,535 - INFO - Epoch [146] Batch [0/17]                     Loss: -0.2398, Hard: 0.4612, Soft: -0.7011                     Acc: 87.50% LR: 0.000088                     Alpha: 0.5744425058364868                     Beta: -0.9983665943145752                     MemKD: 0.3146760165691376
2026-02-18 19:26:45,054 - INFO - Epoch [146/200] Train Loss: -0.5738, Train Acc: 87.87%, Val Loss: 0.3426, Val Acc: 87.50%
2026-02-18 19:27:09,843 - INFO - Epoch [147] Batch [0/17]                     Loss: -0.6962, Hard: 0.2320, Soft: -0.9282                     Acc: 87.50% LR: 0.000085                     Alpha: 0.5744425058364868                     Beta: -1.0000215768814087                     MemKD: 0.31429243087768555
2026-02-18 19:27:41,193 - INFO - Epoch [147/200] Train Loss: -0.6914, Train Acc: 88.97%, Val Loss: 0.3557, Val Acc: 87.10%
2026-02-18 19:28:04,361 - INFO - Epoch [148] Batch [0/17]                     Loss: -0.7720, Hard: 0.2077, Soft: -0.9797                     Acc: 87.50% LR: 0.000082                     Alpha: 0.5744425058364868                     Beta: -1.0016275644302368                     MemKD: 0.3139199912548065
2026-02-18 19:28:36,006 - INFO - Epoch [148/200] Train Loss: -0.6739, Train Acc: 92.28%, Val Loss: 0.3453, Val Acc: 88.03%
2026-02-18 19:28:59,802 - INFO - Epoch [149] Batch [0/17]                     Loss: -0.7773, Hard: 0.2001, Soft: -0.9775                     Acc: 93.75% LR: 0.000079                     Alpha: 0.5744425058364868                     Beta: -1.0031849145889282                     MemKD: 0.3135570287704468
2026-02-18 19:29:30,288 - INFO - Epoch [149/200] Train Loss: -0.6866, Train Acc: 90.81%, Val Loss: 0.3843, Val Acc: 85.64%
2026-02-18 19:29:53,461 - INFO - Epoch [150] Batch [0/17]                     Loss: -0.7322, Hard: 0.2561, Soft: -0.9883                     Acc: 87.50% LR: 0.000076                     Alpha: 0.5744425058364868                     Beta: -1.0046766996383667                     MemKD: 0.31321021914482117
2026-02-18 19:30:25,581 - INFO - Epoch [150/200] Train Loss: -0.6550, Train Acc: 89.71%, Val Loss: 0.3792, Val Acc: 86.84%
2026-02-18 19:30:25,621 - INFO - Checkpoint saved at epoch 150
2026-02-18 19:30:50,025 - INFO - Epoch [151] Batch [0/17]                     Loss: -0.7174, Hard: 0.2522, Soft: -0.9697                     Acc: 93.75% LR: 0.000073                     Alpha: 0.5744425058364868                     Beta: -1.0061166286468506                     MemKD: 0.3128771185874939
2026-02-18 19:31:20,645 - INFO - Epoch [151/200] Train Loss: -0.6939, Train Acc: 90.07%, Val Loss: 0.3698, Val Acc: 86.04%
2026-02-18 19:31:44,264 - INFO - Epoch [152] Batch [0/17]                     Loss: -0.7104, Hard: 0.1913, Soft: -0.9017                     Acc: 93.75% LR: 0.000070                     Alpha: 0.5744425058364868                     Beta: -1.0075000524520874                     MemKD: 0.31255853176116943
2026-02-18 19:32:16,677 - INFO - Epoch [152/200] Train Loss: -0.7238, Train Acc: 92.65%, Val Loss: 0.3910, Val Acc: 85.51%
2026-02-18 19:32:40,817 - INFO - Epoch [153] Batch [0/17]                     Loss: -0.7483, Hard: 0.1925, Soft: -0.9409                     Acc: 93.75% LR: 0.000068                     Alpha: 0.5744425058364868                     Beta: -1.008843183517456                     MemKD: 0.31224843859672546
2026-02-18 19:33:10,464 - INFO - Epoch [153/200] Train Loss: -0.6096, Train Acc: 87.50%, Val Loss: 0.4182, Val Acc: 86.57%
2026-02-18 19:33:33,620 - INFO - Epoch [154] Batch [0/17]                     Loss: -0.1472, Hard: 0.6090, Soft: -0.7562                     Acc: 75.00% LR: 0.000065                     Alpha: 0.5744425058364868                     Beta: -1.0101158618927002                     MemKD: 0.311957448720932
2026-02-18 19:34:06,706 - INFO - Epoch [154/200] Train Loss: -0.6825, Train Acc: 91.91%, Val Loss: 0.3663, Val Acc: 87.90%
2026-02-18 19:34:30,231 - INFO - Epoch [155] Batch [0/17]                     Loss: -0.9578, Hard: 0.0589, Soft: -1.0167                     Acc: 100.00% LR: 0.000062                     Alpha: 0.5744425058364868                     Beta: -1.0113286972045898                     MemKD: 0.3116813004016876
2026-02-18 19:35:01,739 - INFO - Epoch [155/200] Train Loss: -0.7964, Train Acc: 94.85%, Val Loss: 0.4001, Val Acc: 86.57%
2026-02-18 19:35:24,463 - INFO - Epoch [156] Batch [0/17]                     Loss: -0.7776, Hard: 0.2164, Soft: -0.9940                     Acc: 87.50% LR: 0.000060                     Alpha: 0.5744425058364868                     Beta: -1.0125247240066528                     MemKD: 0.3114047348499298
2026-02-18 19:35:53,104 - INFO - Epoch [156/200] Train Loss: -0.6700, Train Acc: 89.34%, Val Loss: 0.3775, Val Acc: 85.24%
2026-02-18 19:36:16,260 - INFO - Epoch [157] Batch [0/17]                     Loss: -0.7691, Hard: 0.1796, Soft: -0.9488                     Acc: 100.00% LR: 0.000057                     Alpha: 0.5744425058364868                     Beta: -1.013655185699463                     MemKD: 0.31114616990089417
2026-02-18 19:36:47,506 - INFO - Epoch [157/200] Train Loss: -0.6892, Train Acc: 89.34%, Val Loss: 0.4232, Val Acc: 86.30%
2026-02-18 19:37:10,759 - INFO - Epoch [158] Batch [0/17]                     Loss: -0.5120, Hard: 0.4048, Soft: -0.9168                     Acc: 75.00% LR: 0.000055                     Alpha: 0.5744425058364868                     Beta: -1.0147361755371094                     MemKD: 0.310899555683136
2026-02-18 19:37:40,580 - INFO - Epoch [158/200] Train Loss: -0.5517, Train Acc: 87.13%, Val Loss: 0.3581, Val Acc: 87.90%
2026-02-18 19:38:05,169 - INFO - Epoch [159] Batch [0/17]                     Loss: -0.9680, Hard: 0.0577, Soft: -1.0257                     Acc: 100.00% LR: 0.000052                     Alpha: 0.5744425058364868                     Beta: -1.0157324075698853                     MemKD: 0.3106754720211029
2026-02-18 19:38:35,259 - INFO - Epoch [159/200] Train Loss: -0.6703, Train Acc: 90.44%, Val Loss: 0.3868, Val Acc: 87.10%
2026-02-18 19:38:59,363 - INFO - Epoch [160] Batch [0/17]                     Loss: -0.8915, Hard: 0.1256, Soft: -1.0171                     Acc: 100.00% LR: 0.000050                     Alpha: 0.5744425058364868                     Beta: -1.0166953802108765                     MemKD: 0.3104572594165802
2026-02-18 19:39:30,260 - INFO - Epoch [160/200] Train Loss: -0.6496, Train Acc: 90.81%, Val Loss: 0.4091, Val Acc: 86.97%
2026-02-18 19:39:30,308 - INFO - Checkpoint saved at epoch 160
2026-02-18 19:39:52,528 - INFO - Epoch [161] Batch [0/17]                     Loss: -0.5209, Hard: 0.3859, Soft: -0.9068                     Acc: 87.50% LR: 0.000048                     Alpha: 0.5744425058364868                     Beta: -1.017615795135498                     MemKD: 0.31024816632270813
2026-02-18 19:40:22,755 - INFO - Epoch [161/200] Train Loss: -0.7337, Train Acc: 91.91%, Val Loss: 0.3615, Val Acc: 87.77%
2026-02-18 19:40:45,889 - INFO - Epoch [162] Batch [0/17]                     Loss: -0.9280, Hard: 0.0975, Soft: -1.0255                     Acc: 100.00% LR: 0.000045                     Alpha: 0.5744425058364868                     Beta: -1.0185037851333618                     MemKD: 0.3100462853908539
2026-02-18 19:41:15,851 - INFO - Epoch [162/200] Train Loss: -0.7550, Train Acc: 93.01%, Val Loss: 0.3688, Val Acc: 87.63%
2026-02-18 19:41:38,127 - INFO - Epoch [163] Batch [0/17]                     Loss: -0.7956, Hard: 0.1904, Soft: -0.9860                     Acc: 93.75% LR: 0.000043                     Alpha: 0.5744425058364868                     Beta: -1.019360065460205                     MemKD: 0.3098515272140503
2026-02-18 19:42:09,658 - INFO - Epoch [163/200] Train Loss: -0.7638, Train Acc: 93.75%, Val Loss: 0.3733, Val Acc: 88.16%
2026-02-18 19:42:34,404 - INFO - Epoch [164] Batch [0/17]                     Loss: -0.9009, Hard: 0.1219, Soft: -1.0228                     Acc: 100.00% LR: 0.000041                     Alpha: 0.5744425058364868                     Beta: -1.0201764106750488                     MemKD: 0.30966484546661377
2026-02-18 19:43:05,954 - INFO - Epoch [164/200] Train Loss: -0.7616, Train Acc: 91.91%, Val Loss: 0.3701, Val Acc: 87.90%
2026-02-18 19:43:28,452 - INFO - Epoch [165] Batch [0/17]                     Loss: -0.5319, Hard: 0.3184, Soft: -0.8503                     Acc: 87.50% LR: 0.000039                     Alpha: 0.5744425058364868                     Beta: -1.0209416151046753                     MemKD: 0.3094916343688965
2026-02-18 19:44:00,259 - INFO - Epoch [165/200] Train Loss: -0.7892, Train Acc: 93.38%, Val Loss: 0.3514, Val Acc: 86.97%
2026-02-18 19:44:23,948 - INFO - Epoch [166] Batch [0/17]                     Loss: -0.6497, Hard: 0.3160, Soft: -0.9658                     Acc: 87.50% LR: 0.000037                     Alpha: 0.5744425058364868                     Beta: -1.021670937538147                     MemKD: 0.3093262016773224
2026-02-18 19:44:56,873 - INFO - Epoch [166/200] Train Loss: -0.7052, Train Acc: 91.54%, Val Loss: 0.3737, Val Acc: 86.70%
2026-02-18 19:45:20,090 - INFO - Epoch [167] Batch [0/17]                     Loss: -0.8195, Hard: 0.1988, Soft: -1.0182                     Acc: 93.75% LR: 0.000035                     Alpha: 0.5744425058364868                     Beta: -1.0223575830459595                     MemKD: 0.3091711699962616
2026-02-18 19:45:52,188 - INFO - Epoch [167/200] Train Loss: -0.7023, Train Acc: 90.07%, Val Loss: 0.3781, Val Acc: 85.37%
2026-02-18 19:46:16,681 - INFO - Epoch [168] Batch [0/17]                     Loss: -0.8935, Hard: 0.1373, Soft: -1.0308                     Acc: 100.00% LR: 0.000033                     Alpha: 0.5744425058364868                     Beta: -1.0229992866516113                     MemKD: 0.309026837348938
2026-02-18 19:46:48,432 - INFO - Epoch [168/200] Train Loss: -0.6663, Train Acc: 90.81%, Val Loss: 0.3732, Val Acc: 87.37%
2026-02-18 19:47:12,997 - INFO - Epoch [169] Batch [0/17]                     Loss: -0.7522, Hard: 0.2217, Soft: -0.9739                     Acc: 93.75% LR: 0.000031                     Alpha: 0.5744425058364868                     Beta: -1.0235940217971802                     MemKD: 0.30889424681663513
2026-02-18 19:47:44,785 - INFO - Epoch [169/200] Train Loss: -0.7770, Train Acc: 94.49%, Val Loss: 0.3535, Val Acc: 87.50%
2026-02-18 19:48:09,465 - INFO - Epoch [170] Batch [0/17]                     Loss: -0.7213, Hard: 0.2099, Soft: -0.9313                     Acc: 93.75% LR: 0.000029                     Alpha: 0.5744425058364868                     Beta: -1.0241670608520508                     MemKD: 0.30876538157463074
2026-02-18 19:48:40,854 - INFO - Epoch [170/200] Train Loss: -0.7382, Train Acc: 91.54%, Val Loss: 0.3602, Val Acc: 87.63%
2026-02-18 19:48:40,902 - INFO - Checkpoint saved at epoch 170
2026-02-18 19:49:04,041 - INFO - Epoch [171] Batch [0/17]                     Loss: -1.0466, Hard: 0.0307, Soft: -1.0773                     Acc: 100.00% LR: 0.000027                     Alpha: 0.5744425058364868                     Beta: -1.0247023105621338                     MemKD: 0.3086448907852173
2026-02-18 19:49:35,795 - INFO - Epoch [171/200] Train Loss: -0.7820, Train Acc: 93.38%, Val Loss: 0.3654, Val Acc: 88.56%
2026-02-18 19:49:35,796 - INFO - Best model saved with accuracy: 88.56%
2026-02-18 19:50:00,181 - INFO - Epoch [172] Batch [0/17]                     Loss: -0.9867, Hard: 0.0617, Soft: -1.0484                     Acc: 100.00% LR: 0.000025                     Alpha: 0.5744425058364868                     Beta: -1.0252089500427246                     MemKD: 0.30853071808815
2026-02-18 19:50:31,491 - INFO - Epoch [172/200] Train Loss: -0.7218, Train Acc: 91.18%, Val Loss: 0.3505, Val Acc: 88.30%
2026-02-18 19:50:56,067 - INFO - Epoch [173] Batch [0/17]                     Loss: -0.3426, Hard: 0.5047, Soft: -0.8472                     Acc: 81.25% LR: 0.000024                     Alpha: 0.5744425058364868                     Beta: -1.0256757736206055                     MemKD: 0.30842599272727966
2026-02-18 19:51:28,096 - INFO - Epoch [173/200] Train Loss: -0.6492, Train Acc: 88.97%, Val Loss: 0.3839, Val Acc: 87.90%
2026-02-18 19:51:52,982 - INFO - Epoch [174] Batch [0/17]                     Loss: -0.7464, Hard: 0.2452, Soft: -0.9916                     Acc: 87.50% LR: 0.000022                     Alpha: 0.5744425058364868                     Beta: -1.0261070728302002                     MemKD: 0.3083297908306122
2026-02-18 19:52:25,823 - INFO - Epoch [174/200] Train Loss: -0.7415, Train Acc: 90.81%, Val Loss: 0.3564, Val Acc: 87.90%
2026-02-18 19:52:49,471 - INFO - Epoch [175] Batch [0/17]                     Loss: -0.7532, Hard: 0.2463, Soft: -0.9994                     Acc: 81.25% LR: 0.000021                     Alpha: 0.5744425058364868                     Beta: -1.0265076160430908                     MemKD: 0.3082406222820282
2026-02-18 19:53:20,122 - INFO - Epoch [175/200] Train Loss: -0.7187, Train Acc: 90.44%, Val Loss: 0.3387, Val Acc: 88.16%
2026-02-18 19:53:44,564 - INFO - Epoch [176] Batch [0/17]                     Loss: -0.8247, Hard: 0.1796, Soft: -1.0043                     Acc: 93.75% LR: 0.000019                     Alpha: 0.5744425058364868                     Beta: -1.0268828868865967                     MemKD: 0.30815714597702026
2026-02-18 19:54:15,950 - INFO - Epoch [176/200] Train Loss: -0.7416, Train Acc: 91.18%, Val Loss: 0.3437, Val Acc: 87.77%
2026-02-18 19:54:39,805 - INFO - Epoch [177] Batch [0/17]                     Loss: -0.5757, Hard: 0.3557, Soft: -0.9314                     Acc: 87.50% LR: 0.000018                     Alpha: 0.5744425058364868                     Beta: -1.027232050895691                     MemKD: 0.30807924270629883
2026-02-18 19:55:10,450 - INFO - Epoch [177/200] Train Loss: -0.5954, Train Acc: 88.60%, Val Loss: 0.3374, Val Acc: 89.23%
2026-02-18 19:55:10,450 - INFO - Best model saved with accuracy: 89.23%
2026-02-18 19:55:34,471 - INFO - Epoch [178] Batch [0/17]                     Loss: -0.5221, Hard: 0.3677, Soft: -0.8898                     Acc: 81.25% LR: 0.000016                     Alpha: 0.5744425058364868                     Beta: -1.0275496244430542                     MemKD: 0.30800870060920715
2026-02-18 19:56:07,249 - INFO - Epoch [178/200] Train Loss: -0.7920, Train Acc: 91.54%, Val Loss: 0.3465, Val Acc: 87.77%
2026-02-18 19:56:31,572 - INFO - Epoch [179] Batch [0/17]                     Loss: -0.4901, Hard: 0.3844, Soft: -0.8745                     Acc: 81.25% LR: 0.000015                     Alpha: 0.5744425058364868                     Beta: -1.0278451442718506                     MemKD: 0.3079429268836975
2026-02-18 19:57:02,634 - INFO - Epoch [179/200] Train Loss: -0.6524, Train Acc: 90.81%, Val Loss: 0.3384, Val Acc: 88.16%
2026-02-18 19:57:27,146 - INFO - Epoch [180] Batch [0/17]                     Loss: -0.7869, Hard: 0.1880, Soft: -0.9749                     Acc: 93.75% LR: 0.000013                     Alpha: 0.5744425058364868                     Beta: -1.0281115770339966                     MemKD: 0.3078838586807251
2026-02-18 19:58:00,061 - INFO - Epoch [180/200] Train Loss: -0.7516, Train Acc: 93.38%, Val Loss: 0.3513, Val Acc: 87.63%
2026-02-18 19:58:00,103 - INFO - Checkpoint saved at epoch 180
2026-02-18 19:58:23,953 - INFO - Epoch [181] Batch [0/17]                     Loss: -0.7706, Hard: 0.2073, Soft: -0.9779                     Acc: 100.00% LR: 0.000012                     Alpha: 0.5744425058364868                     Beta: -1.0283552408218384                     MemKD: 0.3078297972679138
2026-02-18 19:58:54,932 - INFO - Epoch [181/200] Train Loss: -0.7796, Train Acc: 93.38%, Val Loss: 0.3601, Val Acc: 87.37%
2026-02-18 19:59:18,941 - INFO - Epoch [182] Batch [0/17]                     Loss: -0.6644, Hard: 0.3091, Soft: -0.9735                     Acc: 81.25% LR: 0.000011                     Alpha: 0.5744425058364868                     Beta: -1.0285794734954834                     MemKD: 0.3077796995639801
2026-02-18 19:59:51,628 - INFO - Epoch [182/200] Train Loss: -0.7108, Train Acc: 89.71%, Val Loss: 0.3571, Val Acc: 87.77%
2026-02-18 20:00:15,070 - INFO - Epoch [183] Batch [0/17]                     Loss: -0.8745, Hard: 0.1767, Soft: -1.0512                     Acc: 93.75% LR: 0.000010                     Alpha: 0.5744425058364868                     Beta: -1.0287814140319824                     MemKD: 0.307734876871109
2026-02-18 20:00:46,222 - INFO - Epoch [183/200] Train Loss: -0.7638, Train Acc: 91.18%, Val Loss: 0.3533, Val Acc: 88.16%
2026-02-18 20:01:09,613 - INFO - Epoch [184] Batch [0/17]                     Loss: -0.3889, Hard: 0.4548, Soft: -0.8437                     Acc: 81.25% LR: 0.000009                     Alpha: 0.5744425058364868                     Beta: -1.0289621353149414                     MemKD: 0.30769482254981995
2026-02-18 20:01:41,925 - INFO - Epoch [184/200] Train Loss: -0.7297, Train Acc: 90.07%, Val Loss: 0.3460, Val Acc: 89.10%
2026-02-18 20:02:06,687 - INFO - Epoch [185] Batch [0/17]                     Loss: -0.3287, Hard: 0.4433, Soft: -0.7720                     Acc: 75.00% LR: 0.000008                     Alpha: 0.5744425058364868                     Beta: -1.0291237831115723                     MemKD: 0.30765900015830994
2026-02-18 20:02:40,160 - INFO - Epoch [185/200] Train Loss: -0.7485, Train Acc: 92.28%, Val Loss: 0.3568, Val Acc: 88.30%
2026-02-18 20:03:04,857 - INFO - Epoch [186] Batch [0/17]                     Loss: -0.5034, Hard: 0.4354, Soft: -0.9388                     Acc: 93.75% LR: 0.000007                     Alpha: 0.5744425058364868                     Beta: -1.029266595840454                     MemKD: 0.3076273798942566
2026-02-18 20:03:36,511 - INFO - Epoch [186/200] Train Loss: -0.6481, Train Acc: 90.07%, Val Loss: 0.3350, Val Acc: 88.43%
2026-02-18 20:04:01,991 - INFO - Epoch [187] Batch [0/17]                     Loss: -0.7355, Hard: 0.2092, Soft: -0.9447                     Acc: 100.00% LR: 0.000006                     Alpha: 0.5744425058364868                     Beta: -1.0293898582458496                     MemKD: 0.3076002299785614
2026-02-18 20:04:35,424 - INFO - Epoch [187/200] Train Loss: -0.7387, Train Acc: 91.91%, Val Loss: 0.3488, Val Acc: 88.03%
2026-02-18 20:04:58,950 - INFO - Epoch [188] Batch [0/17]                     Loss: -0.7467, Hard: 0.2516, Soft: -0.9983                     Acc: 93.75% LR: 0.000005                     Alpha: 0.5744425058364868                     Beta: -1.0294981002807617                     MemKD: 0.30757638812065125
2026-02-18 20:05:31,079 - INFO - Epoch [188/200] Train Loss: -0.7627, Train Acc: 90.44%, Val Loss: 0.3467, Val Acc: 87.90%
2026-02-18 20:05:56,618 - INFO - Epoch [189] Batch [0/17]                     Loss: -0.5381, Hard: 0.3651, Soft: -0.9032                     Acc: 87.50% LR: 0.000004                     Alpha: 0.5744425058364868                     Beta: -1.029591679573059                     MemKD: 0.3075556755065918
2026-02-18 20:06:28,965 - INFO - Epoch [189/200] Train Loss: -0.7195, Train Acc: 90.07%, Val Loss: 0.3544, Val Acc: 88.56%
2026-02-18 20:06:53,055 - INFO - Epoch [190] Batch [0/17]                     Loss: -0.6370, Hard: 0.3166, Soft: -0.9536                     Acc: 87.50% LR: 0.000004                     Alpha: 0.5744425058364868                     Beta: -1.029672384262085                     MemKD: 0.3075379729270935
2026-02-18 20:07:25,314 - INFO - Epoch [190/200] Train Loss: -0.6641, Train Acc: 86.76%, Val Loss: 0.3369, Val Acc: 88.30%
2026-02-18 20:07:25,355 - INFO - Checkpoint saved at epoch 190
2026-02-18 20:07:50,653 - INFO - Epoch [191] Batch [0/17]                     Loss: -0.7587, Hard: 0.2413, Soft: -1.0000                     Acc: 93.75% LR: 0.000003                     Alpha: 0.5744425058364868                     Beta: -1.0297387838363647                     MemKD: 0.3075235188007355
2026-02-18 20:08:22,080 - INFO - Epoch [191/200] Train Loss: -0.7516, Train Acc: 90.81%, Val Loss: 0.3334, Val Acc: 88.70%
2026-02-18 20:08:45,592 - INFO - Epoch [192] Batch [0/17]                     Loss: -0.7882, Hard: 0.2321, Soft: -1.0202                     Acc: 93.75% LR: 0.000002                     Alpha: 0.5744425058364868                     Beta: -1.0297938585281372                     MemKD: 0.3075113594532013
2026-02-18 20:09:15,635 - INFO - Epoch [192/200] Train Loss: -0.7639, Train Acc: 92.28%, Val Loss: 0.3464, Val Acc: 88.43%
2026-02-18 20:09:38,665 - INFO - Epoch [193] Batch [0/17]                     Loss: -0.9896, Hard: 0.0638, Soft: -1.0534                     Acc: 100.00% LR: 0.000002                     Alpha: 0.5744425058364868                     Beta: -1.0298388004302979                     MemKD: 0.3075014352798462
2026-02-18 20:10:08,748 - INFO - Epoch [193/200] Train Loss: -0.7457, Train Acc: 91.18%, Val Loss: 0.3639, Val Acc: 87.37%
2026-02-18 20:10:31,918 - INFO - Epoch [194] Batch [0/17]                     Loss: -0.0464, Hard: 0.7118, Soft: -0.7582                     Acc: 75.00% LR: 0.000002                     Alpha: 0.5744425058364868                     Beta: -1.0298751592636108                     MemKD: 0.3074934482574463
2026-02-18 20:11:01,788 - INFO - Epoch [194/200] Train Loss: -0.6757, Train Acc: 89.34%, Val Loss: 0.3466, Val Acc: 89.10%
2026-02-18 20:11:25,413 - INFO - Epoch [195] Batch [0/17]                     Loss: -0.7101, Hard: 0.3003, Soft: -1.0105                     Acc: 93.75% LR: 0.000001                     Alpha: 0.5744425058364868                     Beta: -1.0299015045166016                     MemKD: 0.3074876666069031
2026-02-18 20:11:55,527 - INFO - Epoch [195/200] Train Loss: -0.7483, Train Acc: 89.71%, Val Loss: 0.3620, Val Acc: 88.56%
2026-02-18 20:12:18,571 - INFO - Epoch [196] Batch [0/17]                     Loss: -0.9962, Hard: 0.0752, Soft: -1.0713                     Acc: 100.00% LR: 0.000001                     Alpha: 0.5744425058364868                     Beta: -1.0299217700958252                     MemKD: 0.30748334527015686
2026-02-18 20:12:48,987 - INFO - Epoch [196/200] Train Loss: -0.8544, Train Acc: 94.12%, Val Loss: 0.3525, Val Acc: 87.23%
2026-02-18 20:13:11,688 - INFO - Epoch [197] Batch [0/17]                     Loss: -0.9338, Hard: 0.1252, Soft: -1.0591                     Acc: 100.00% LR: 0.000000                     Alpha: 0.5744425058364868                     Beta: -1.0299359560012817                     MemKD: 0.3074803054332733
2026-02-18 20:13:40,763 - INFO - Epoch [197/200] Train Loss: -0.7786, Train Acc: 91.18%, Val Loss: 0.3424, Val Acc: 88.43%
2026-02-18 20:14:04,690 - INFO - Epoch [198] Batch [0/17]                     Loss: -0.6239, Hard: 0.3170, Soft: -0.9409                     Acc: 87.50% LR: 0.000000                     Alpha: 0.5744425058364868                     Beta: -1.0299440622329712                     MemKD: 0.3074783682823181
2026-02-18 20:14:35,066 - INFO - Epoch [198/200] Train Loss: -0.7283, Train Acc: 92.28%, Val Loss: 0.3377, Val Acc: 88.16%
2026-02-18 20:14:58,134 - INFO - Epoch [199] Batch [0/17]                     Loss: -0.7844, Hard: 0.1779, Soft: -0.9623                     Acc: 93.75% LR: 0.000000                     Alpha: 0.5744425058364868                     Beta: -1.029948115348816                     MemKD: 0.30747729539871216
2026-02-18 20:15:28,075 - INFO - Epoch [199/200] Train Loss: -0.8011, Train Acc: 93.38%, Val Loss: 0.3476, Val Acc: 88.03%
2026-02-18 20:15:50,428 - INFO - Epoch [200] Batch [0/17]                     Loss: -0.6840, Hard: 0.2970, Soft: -0.9810                     Acc: 93.75% LR: 0.000000                     Alpha: 0.5744425058364868                     Beta: -1.0299501419067383                     MemKD: 0.30747684836387634
2026-02-18 20:16:21,211 - INFO - Epoch [200/200] Train Loss: -0.7330, Train Acc: 88.97%, Val Loss: 0.3360, Val Acc: 87.90%
2026-02-18 20:16:21,249 - INFO - Checkpoint saved at epoch 200
2026-02-18 20:16:21,249 - INFO - ==================================================
2026-02-18 20:16:21,249 - INFO - Training finished! Best accuracy: 89.23%
2026-02-18 20:16:21,249 - INFO - ==================================================
