2026-02-09 06:59:35,428 - INFO - ==================================================
2026-02-09 06:59:35,428 - INFO - Distillation Training Configuration
2026-02-09 06:59:35,429 - INFO - ==================================================
2026-02-09 06:59:35,429 - INFO - GPUs: [4, 5, 6, 7]
2026-02-09 06:59:35,429 - INFO - World size: 4
2026-02-09 06:59:35,429 - INFO - Dataset: /media/hdd1/chuxiaohui/AI4Ocean_UATR/ShipsEar_622
2026-02-09 06:59:35,429 - INFO - Data type: wav_s@wav_t
2026-02-09 06:59:35,429 - INFO - Batch size: 16
2026-02-09 06:59:35,429 - INFO - Epochs: 100
2026-02-09 06:59:35,429 - INFO - Learning rate: 0.0005
2026-02-09 06:59:35,429 - INFO - Temperature: 2.0
2026-02-09 06:59:35,429 - INFO - Alpha: 0.3
2026-02-09 06:59:35,429 - INFO - Save dir: checkpoints/grid_shipsear/num_epochs100_weight_decay0.0001_batch_size16_lr0.0005_distill_typeMTSKD_Temp_freezeFalse_USE_DYNAMIC_DISTILL_WEIGHTTrue_p_encoder0.2_p_classifier0.5
2026-02-09 06:59:35,429 - INFO - ==================================================
2026-02-09 06:59:35,459 - INFO - Train dataset size: 2240
2026-02-09 06:59:35,459 - INFO - Validation dataset size: 749
2026-02-09 06:59:36,616 - INFO - Student params: 316,299 (0.32M)
2026-02-09 06:59:36,616 - INFO - Teacher params: 164,415,877 (164.42M)
2026-02-09 06:59:36,616 - INFO - Trainable params: 164,687,249 (164.69M)
2026-02-09 06:59:37,183 - INFO - Start training...
2026-02-09 06:59:37,184 - INFO - No checkpoint found, start from scratch
2026-02-09 06:59:58,679 - INFO - Epoch [1] Batch [0/35]                     Loss: 1.7076, Hard: 1.7076, Soft: 0.5039                     Acc: 12.50% LR: 0.000500                     Alpha: 0.5744425058364868                     Beta: 0.0                     MemKD: 0.5
2026-02-09 07:00:10,033 - INFO - Epoch [1] Batch [20/35]                     Loss: 1.6747, Hard: 1.6747, Soft: 0.3630                     Acc: 34.82% LR: 0.000500                     Alpha: 0.5744425058364868                     Beta: 0.0                     MemKD: 0.5
2026-02-09 07:00:42,720 - INFO - Epoch [1/100] Train Loss: 1.4694, Train Acc: 38.04%, Val Loss: 1.3983, Val Acc: 43.88%
2026-02-09 07:00:42,720 - INFO - Best model saved with accuracy: 43.88%
2026-02-09 07:01:02,998 - INFO - Epoch [2] Batch [0/35]                     Loss: 1.1291, Hard: 1.1291, Soft: 0.1983                     Acc: 50.00% LR: 0.000500                     Alpha: 0.5744425058364868                     Beta: 0.0                     MemKD: 0.5
2026-02-09 07:01:14,806 - INFO - Epoch [2] Batch [20/35]                     Loss: 1.3280, Hard: 1.3280, Soft: 0.2494                     Acc: 46.73% LR: 0.000500                     Alpha: 0.5744425058364868                     Beta: 0.0                     MemKD: 0.5
2026-02-09 07:01:46,133 - INFO - Epoch [2/100] Train Loss: 1.2752, Train Acc: 45.18%, Val Loss: 1.1608, Val Acc: 50.80%
2026-02-09 07:01:46,134 - INFO - Best model saved with accuracy: 50.80%
2026-02-09 07:02:05,878 - INFO - Epoch [3] Batch [0/35]                     Loss: 1.1137, Hard: 1.1137, Soft: 0.2096                     Acc: 56.25% LR: 0.000500                     Alpha: 0.5744425058364868                     Beta: 0.0                     MemKD: 0.5
2026-02-09 07:02:17,365 - INFO - Epoch [3] Batch [20/35]                     Loss: 1.3323, Hard: 1.3323, Soft: 0.2364                     Acc: 41.96% LR: 0.000500                     Alpha: 0.5744425058364868                     Beta: 0.0                     MemKD: 0.5
2026-02-09 07:02:50,304 - INFO - Epoch [3/100] Train Loss: 1.2528, Train Acc: 45.54%, Val Loss: 1.1172, Val Acc: 53.86%
2026-02-09 07:02:50,304 - INFO - Best model saved with accuracy: 53.86%
2026-02-09 07:03:09,991 - INFO - Epoch [4] Batch [0/35]                     Loss: 1.0678, Hard: 1.0678, Soft: 0.1692                     Acc: 56.25% LR: 0.000499                     Alpha: 0.5744425058364868                     Beta: 0.0                     MemKD: 0.5
2026-02-09 07:03:20,579 - INFO - Epoch [4] Batch [20/35]                     Loss: 1.2885, Hard: 1.2885, Soft: 0.2187                     Acc: 50.60% LR: 0.000499                     Alpha: 0.5744425058364868                     Beta: 0.0                     MemKD: 0.5
2026-02-09 07:03:50,129 - INFO - Epoch [4/100] Train Loss: 1.1973, Train Acc: 51.25%, Val Loss: 1.0836, Val Acc: 58.91%
2026-02-09 07:03:50,129 - INFO - Best model saved with accuracy: 58.91%
2026-02-09 07:04:08,862 - INFO - Epoch [5] Batch [0/35]                     Loss: 1.1122, Hard: 1.1122, Soft: 0.2174                     Acc: 62.50% LR: 0.000498                     Alpha: 0.5744425058364868                     Beta: 0.0                     MemKD: 0.5
2026-02-09 07:04:20,214 - INFO - Epoch [5] Batch [20/35]                     Loss: 1.0639, Hard: 1.0639, Soft: 0.1823                     Acc: 57.44% LR: 0.000498                     Alpha: 0.5744425058364868                     Beta: 0.0                     MemKD: 0.5
2026-02-09 07:04:52,988 - INFO - Epoch [5/100] Train Loss: 1.1109, Train Acc: 58.39%, Val Loss: 1.1104, Val Acc: 52.26%
2026-02-09 07:05:11,545 - INFO - Epoch [6] Batch [0/35]                     Loss: 1.1416, Hard: 1.1416, Soft: 0.2230                     Acc: 50.00% LR: 0.000497                     Alpha: 0.5744425058364868                     Beta: 0.0                     MemKD: 0.5
2026-02-09 07:05:23,058 - INFO - Epoch [6] Batch [20/35]                     Loss: 1.4845, Hard: 1.4845, Soft: 0.2582                     Acc: 58.04% LR: 0.000497                     Alpha: 0.5744425058364868                     Beta: 0.0                     MemKD: 0.5
2026-02-09 07:05:53,920 - INFO - Epoch [6/100] Train Loss: 1.0617, Train Acc: 58.75%, Val Loss: 1.0101, Val Acc: 61.17%
2026-02-09 07:05:53,921 - INFO - Best model saved with accuracy: 61.17%
2026-02-09 07:06:14,576 - INFO - Epoch [7] Batch [0/35]                     Loss: 1.0215, Hard: 1.0215, Soft: 0.1471                     Acc: 62.50% LR: 0.000496                     Alpha: 0.5744425058364868                     Beta: 0.0                     MemKD: 0.5
2026-02-09 07:06:26,583 - INFO - Epoch [7] Batch [20/35]                     Loss: 0.9127, Hard: 0.9127, Soft: 0.1599                     Acc: 60.71% LR: 0.000496                     Alpha: 0.5744425058364868                     Beta: 0.0                     MemKD: 0.5
2026-02-09 07:06:58,060 - INFO - Epoch [7/100] Train Loss: 1.0181, Train Acc: 60.89%, Val Loss: 0.9752, Val Acc: 58.78%
2026-02-09 07:07:18,413 - INFO - Epoch [8] Batch [0/35]                     Loss: 0.7372, Hard: 0.7372, Soft: 0.1183                     Acc: 75.00% LR: 0.000494                     Alpha: 0.5744425058364868                     Beta: 0.0                     MemKD: 0.5
2026-02-09 07:07:29,667 - INFO - Epoch [8] Batch [20/35]                     Loss: 0.8113, Hard: 0.8113, Soft: 0.1629                     Acc: 62.80% LR: 0.000494                     Alpha: 0.5744425058364868                     Beta: 0.0                     MemKD: 0.5
2026-02-09 07:08:01,166 - INFO - Epoch [8/100] Train Loss: 0.9970, Train Acc: 62.14%, Val Loss: 0.8933, Val Acc: 66.22%
2026-02-09 07:08:01,166 - INFO - Best model saved with accuracy: 66.22%
2026-02-09 07:08:20,748 - INFO - Epoch [9] Batch [0/35]                     Loss: 0.7208, Hard: 0.7208, Soft: 0.1251                     Acc: 68.75% LR: 0.000492                     Alpha: 0.5744425058364868                     Beta: 0.0                     MemKD: 0.5
2026-02-09 07:08:31,942 - INFO - Epoch [9] Batch [20/35]                     Loss: 1.3629, Hard: 1.3629, Soft: 0.2538                     Acc: 58.04% LR: 0.000492                     Alpha: 0.5744425058364868                     Beta: 0.0                     MemKD: 0.5
2026-02-09 07:09:04,565 - INFO - Epoch [9/100] Train Loss: 0.9871, Train Acc: 60.71%, Val Loss: 0.9418, Val Acc: 63.16%
2026-02-09 07:09:23,478 - INFO - Epoch [10] Batch [0/35]                     Loss: 0.8757, Hard: 0.8757, Soft: 0.1788                     Acc: 68.75% LR: 0.000490                     Alpha: 0.5744425058364868                     Beta: 0.0                     MemKD: 0.5
2026-02-09 07:09:31,332 - INFO - Epoch [10] Batch [20/35]                     Loss: 1.2899, Hard: 1.2899, Soft: 0.1602                     Acc: 62.20% LR: 0.000490                     Alpha: 0.5744425058364868                     Beta: 0.0                     MemKD: 0.5
2026-02-09 07:10:02,592 - INFO - Epoch [10/100] Train Loss: 0.9143, Train Acc: 64.64%, Val Loss: 0.8353, Val Acc: 66.76%
2026-02-09 07:10:02,593 - INFO - Best model saved with accuracy: 66.76%
2026-02-09 07:10:02,675 - INFO - Checkpoint saved at epoch 10
2026-02-09 07:10:23,382 - INFO - Epoch [11] Batch [0/35]                     Loss: 0.6239, Hard: 0.6239, Soft: 0.1103                     Acc: 87.50% LR: 0.000488                     Alpha: 0.5744425058364868                     Beta: 0.0                     MemKD: 0.5
2026-02-09 07:10:34,822 - INFO - Epoch [11] Batch [20/35]                     Loss: 1.0669, Hard: 1.0669, Soft: 0.1774                     Acc: 63.99% LR: 0.000488                     Alpha: 0.5744425058364868                     Beta: 0.0                     MemKD: 0.5
2026-02-09 07:11:07,769 - INFO - Epoch [11/100] Train Loss: 0.9547, Train Acc: 63.04%, Val Loss: 0.8706, Val Acc: 65.43%
2026-02-09 07:11:28,695 - INFO - Epoch [12] Batch [0/35]                     Loss: 0.6201, Hard: 0.6201, Soft: 0.0946                     Acc: 81.25% LR: 0.000485                     Alpha: 0.5744425058364868                     Beta: 0.0                     MemKD: 0.5
2026-02-09 07:11:40,051 - INFO - Epoch [12] Batch [20/35]                     Loss: 1.0559, Hard: 1.0559, Soft: 0.2110                     Acc: 68.75% LR: 0.000485                     Alpha: 0.5744425058364868                     Beta: 0.0                     MemKD: 0.5
2026-02-09 07:12:11,957 - INFO - Epoch [12/100] Train Loss: 0.8333, Train Acc: 69.64%, Val Loss: 0.8135, Val Acc: 67.42%
2026-02-09 07:12:11,958 - INFO - Best model saved with accuracy: 67.42%
2026-02-09 07:12:31,862 - INFO - Epoch [13] Batch [0/35]                     Loss: 1.3319, Hard: 1.3319, Soft: 0.1483                     Acc: 43.75% LR: 0.000482                     Alpha: 0.5744425058364868                     Beta: 0.0                     MemKD: 0.5
2026-02-09 07:12:43,137 - INFO - Epoch [13] Batch [20/35]                     Loss: 1.0269, Hard: 1.0269, Soft: 0.1746                     Acc: 58.93% LR: 0.000482                     Alpha: 0.5744425058364868                     Beta: 0.0                     MemKD: 0.5
2026-02-09 07:13:14,218 - INFO - Epoch [13/100] Train Loss: 0.9730, Train Acc: 62.32%, Val Loss: 0.7998, Val Acc: 68.35%
2026-02-09 07:13:14,219 - INFO - Best model saved with accuracy: 68.35%
2026-02-09 07:13:33,251 - INFO - Epoch [14] Batch [0/35]                     Loss: 0.6894, Hard: 0.6894, Soft: 0.0928                     Acc: 75.00% LR: 0.000479                     Alpha: 0.5744425058364868                     Beta: 0.0                     MemKD: 0.5
2026-02-09 07:13:44,682 - INFO - Epoch [14] Batch [20/35]                     Loss: 0.6061, Hard: 0.6061, Soft: 0.1166                     Acc: 66.67% LR: 0.000479                     Alpha: 0.5744425058364868                     Beta: 0.0                     MemKD: 0.5
2026-02-09 07:14:15,933 - INFO - Epoch [14/100] Train Loss: 0.8757, Train Acc: 68.04%, Val Loss: 0.7574, Val Acc: 70.21%
2026-02-09 07:14:15,933 - INFO - Best model saved with accuracy: 70.21%
2026-02-09 07:14:36,541 - INFO - Epoch [15] Batch [0/35]                     Loss: 0.8528, Hard: 0.8528, Soft: 0.1856                     Acc: 62.50% LR: 0.000476                     Alpha: 0.5744425058364868                     Beta: 0.0                     MemKD: 0.5
2026-02-09 07:14:44,346 - INFO - Epoch [15] Batch [20/35]                     Loss: 0.7869, Hard: 0.7869, Soft: 0.1393                     Acc: 69.05% LR: 0.000476                     Alpha: 0.5744425058364868                     Beta: 0.0                     MemKD: 0.5
2026-02-09 07:15:13,733 - INFO - Epoch [15/100] Train Loss: 0.8158, Train Acc: 69.46%, Val Loss: 0.7711, Val Acc: 70.21%
2026-02-09 07:15:34,555 - INFO - Epoch [16] Batch [0/35]                     Loss: 0.9436, Hard: 0.9436, Soft: 0.1833                     Acc: 62.50% LR: 0.000473                     Alpha: 0.5744425058364868                     Beta: 0.0                     MemKD: 0.5
2026-02-09 07:15:45,667 - INFO - Epoch [16] Batch [20/35]                     Loss: 0.7646, Hard: 0.7646, Soft: 0.1211                     Acc: 67.26% LR: 0.000473                     Alpha: 0.5744425058364868                     Beta: 0.0                     MemKD: 0.5
2026-02-09 07:16:18,053 - INFO - Epoch [16/100] Train Loss: 0.8414, Train Acc: 68.04%, Val Loss: 1.0121, Val Acc: 61.30%
2026-02-09 07:16:38,110 - INFO - Epoch [17] Batch [0/35]                     Loss: 0.7639, Hard: 0.7639, Soft: 0.1859                     Acc: 68.75% LR: 0.000469                     Alpha: 0.5744425058364868                     Beta: 0.0                     MemKD: 0.5
2026-02-09 07:16:48,928 - INFO - Epoch [17] Batch [20/35]                     Loss: 0.8384, Hard: 0.8384, Soft: 0.1619                     Acc: 71.73% LR: 0.000469                     Alpha: 0.5744425058364868                     Beta: 0.0                     MemKD: 0.5
2026-02-09 07:17:20,238 - INFO - Epoch [17/100] Train Loss: 0.8070, Train Acc: 70.36%, Val Loss: 0.6629, Val Acc: 76.20%
2026-02-09 07:17:20,239 - INFO - Best model saved with accuracy: 76.20%
2026-02-09 07:17:41,978 - INFO - Epoch [18] Batch [0/35]                     Loss: 1.1716, Hard: 1.1716, Soft: 0.2380                     Acc: 68.75% LR: 0.000465                     Alpha: 0.5744425058364868                     Beta: 0.0                     MemKD: 0.5
2026-02-09 07:17:53,766 - INFO - Epoch [18] Batch [20/35]                     Loss: 0.9588, Hard: 0.9588, Soft: 0.1704                     Acc: 72.92% LR: 0.000465                     Alpha: 0.5744425058364868                     Beta: 0.0                     MemKD: 0.5
2026-02-09 07:18:26,470 - INFO - Epoch [18/100] Train Loss: 0.8014, Train Acc: 72.50%, Val Loss: 0.6873, Val Acc: 74.07%
2026-02-09 07:18:46,311 - INFO - Epoch [19] Batch [0/35]                     Loss: 0.6224, Hard: 0.6224, Soft: 0.1520                     Acc: 81.25% LR: 0.000461                     Alpha: 0.5744425058364868                     Beta: 0.0                     MemKD: 0.5
2026-02-09 07:18:57,359 - INFO - Epoch [19] Batch [20/35]                     Loss: 0.5672, Hard: 0.5672, Soft: 0.1701                     Acc: 76.49% LR: 0.000461                     Alpha: 0.5744425058364868                     Beta: 0.0                     MemKD: 0.5
2026-02-09 07:19:29,317 - INFO - Epoch [19/100] Train Loss: 0.7981, Train Acc: 71.43%, Val Loss: 0.7595, Val Acc: 72.34%
2026-02-09 07:19:46,990 - INFO - Epoch [20] Batch [0/35]                     Loss: 0.8797, Hard: 0.8797, Soft: 0.1448                     Acc: 62.50% LR: 0.000457                     Alpha: 0.5744425058364868                     Beta: 0.0                     MemKD: 0.5
2026-02-09 07:19:54,757 - INFO - Epoch [20] Batch [20/35]                     Loss: 0.8883, Hard: 0.8883, Soft: 0.1684                     Acc: 72.02% LR: 0.000457                     Alpha: 0.5744425058364868                     Beta: 0.0                     MemKD: 0.5
2026-02-09 07:20:23,918 - INFO - Epoch [20/100] Train Loss: 0.7744, Train Acc: 71.61%, Val Loss: 0.7212, Val Acc: 70.74%
2026-02-09 07:20:23,959 - INFO - Checkpoint saved at epoch 20
2026-02-09 07:20:42,423 - INFO - Epoch [21] Batch [0/35]                     Loss: 0.5853, Hard: 0.5823, Soft: 0.1206                     Acc: 75.00% LR: 0.000452                     Alpha: 0.5744425058364868                     Beta: 0.0                     MemKD: 0.5
2026-02-09 07:20:54,608 - INFO - Epoch [21] Batch [20/35]                     Loss: 0.5242, Hard: 0.5218, Soft: 0.0953                     Acc: 75.60% LR: 0.000452                     Alpha: 0.5744425058364868                     Beta: -0.03817273676395416                     MemKD: 0.5075641870498657
2026-02-09 07:21:26,479 - INFO - Epoch [21/100] Train Loss: 0.7356, Train Acc: 74.64%, Val Loss: 0.7871, Val Acc: 67.42%
2026-02-09 07:21:47,495 - INFO - Epoch [22] Batch [0/35]                     Loss: 1.1960, Hard: 1.1865, Soft: 0.1896                     Acc: 56.25% LR: 0.000448                     Alpha: 0.5744425058364868                     Beta: -0.06421525776386261                     MemKD: 0.5128235220909119
2026-02-09 07:21:58,984 - INFO - Epoch [22] Batch [20/35]                     Loss: 0.7745, Hard: 0.7703, Soft: 0.0842                     Acc: 74.11% LR: 0.000448                     Alpha: 0.5744425058364868                     Beta: -0.10060032457113266                     MemKD: 0.5194424986839294
2026-02-09 07:22:30,226 - INFO - Epoch [22/100] Train Loss: 0.7417, Train Acc: 73.21%, Val Loss: 0.6181, Val Acc: 76.73%
2026-02-09 07:22:30,226 - INFO - Best model saved with accuracy: 76.73%
2026-02-09 07:22:51,612 - INFO - Epoch [23] Batch [0/35]                     Loss: 0.6658, Hard: 0.6600, Soft: 0.0775                     Acc: 87.50% LR: 0.000443                     Alpha: 0.5744425058364868                     Beta: -0.1250598430633545                     MemKD: 0.5229642987251282
2026-02-09 07:23:03,154 - INFO - Epoch [23] Batch [20/35]                     Loss: 0.6871, Hard: 0.6821, Soft: 0.0661                     Acc: 75.30% LR: 0.000443                     Alpha: 0.5744425058364868                     Beta: -0.1574006974697113                     MemKD: 0.5252760648727417
2026-02-09 07:23:34,166 - INFO - Epoch [23/100] Train Loss: 0.7213, Train Acc: 74.46%, Val Loss: 0.7450, Val Acc: 71.41%
2026-02-09 07:23:53,927 - INFO - Epoch [24] Batch [0/35]                     Loss: 0.7445, Hard: 0.7343, Soft: 0.1016                     Acc: 75.00% LR: 0.000438                     Alpha: 0.5744425058364868                     Beta: -0.17962822318077087                     MemKD: 0.5245091319084167
2026-02-09 07:24:04,559 - INFO - Epoch [24] Batch [20/35]                     Loss: 0.3473, Hard: 0.3498, Soft: -0.0253                     Acc: 72.92% LR: 0.000438                     Alpha: 0.5744425058364868                     Beta: -0.20945283770561218                     MemKD: 0.5236431956291199
2026-02-09 07:24:35,790 - INFO - Epoch [24/100] Train Loss: 0.7520, Train Acc: 74.11%, Val Loss: 0.7382, Val Acc: 69.41%
2026-02-09 07:24:55,116 - INFO - Epoch [25] Batch [0/35]                     Loss: 0.9566, Hard: 0.9414, Soft: 0.1209                     Acc: 56.25% LR: 0.000432                     Alpha: 0.5744425058364868                     Beta: -0.23044534027576447                     MemKD: 0.5223761200904846
2026-02-09 07:25:02,883 - INFO - Epoch [25] Batch [20/35]                     Loss: 0.3268, Hard: 0.3323, Soft: -0.0443                     Acc: 74.11% LR: 0.000432                     Alpha: 0.5744425058364868                     Beta: -0.2588682472705841                     MemKD: 0.5168275833129883
2026-02-09 07:25:31,149 - INFO - Epoch [25/100] Train Loss: 0.7165, Train Acc: 74.64%, Val Loss: 0.5885, Val Acc: 78.99%
2026-02-09 07:25:31,149 - INFO - Best model saved with accuracy: 78.99%
2026-02-09 07:25:51,486 - INFO - Epoch [26] Batch [0/35]                     Loss: 0.3658, Hard: 0.3711, Soft: -0.0354                     Acc: 93.75% LR: 0.000427                     Alpha: 0.5744425058364868                     Beta: -0.2786910831928253                     MemKD: 0.5130627155303955
2026-02-09 07:26:02,653 - INFO - Epoch [26] Batch [20/35]                     Loss: 0.8781, Hard: 0.8743, Soft: 0.0256                     Acc: 78.57% LR: 0.000427                     Alpha: 0.5744425058364868                     Beta: -0.3052757680416107                     MemKD: 0.5064514875411987
2026-02-09 07:26:34,029 - INFO - Epoch [26/100] Train Loss: 0.6654, Train Acc: 76.79%, Val Loss: 0.7122, Val Acc: 73.94%
2026-02-09 07:26:53,793 - INFO - Epoch [27] Batch [0/35]                     Loss: 0.3907, Hard: 0.4013, Soft: -0.0604                     Acc: 87.50% LR: 0.000421                     Alpha: 0.5744425058364868                     Beta: -0.3242405652999878                     MemKD: 0.5013750791549683
2026-02-09 07:27:04,277 - INFO - Epoch [27] Batch [20/35]                     Loss: 0.4181, Hard: 0.4357, Soft: -0.1003                     Acc: 76.19% LR: 0.000421                     Alpha: 0.5744425058364868                     Beta: -0.3498614430427551                     MemKD: 0.4944600760936737
2026-02-09 07:27:34,585 - INFO - Epoch [27/100] Train Loss: 0.6841, Train Acc: 75.00%, Val Loss: 0.8060, Val Acc: 66.22%
2026-02-09 07:27:54,598 - INFO - Epoch [28] Batch [0/35]                     Loss: 1.0490, Hard: 1.0336, Soft: 0.0771                     Acc: 62.50% LR: 0.000415                     Alpha: 0.5744425058364868                     Beta: -0.36807581782341003                     MemKD: 0.48958510160446167
2026-02-09 07:28:05,464 - INFO - Epoch [28] Batch [20/35]                     Loss: 0.4984, Hard: 0.5159, Soft: -0.0878                     Acc: 76.19% LR: 0.000415                     Alpha: 0.5744425058364868                     Beta: -0.3911760151386261                     MemKD: 0.48375165462493896
2026-02-09 07:28:36,807 - INFO - Epoch [28/100] Train Loss: 0.6689, Train Acc: 76.25%, Val Loss: 0.7775, Val Acc: 70.35%
2026-02-09 07:28:56,786 - INFO - Epoch [29] Batch [0/35]                     Loss: 0.6894, Hard: 0.7122, Soft: -0.1013                     Acc: 75.00% LR: 0.000409                     Alpha: 0.5744425058364868                     Beta: -0.40871039032936096                     MemKD: 0.4788724482059479
2026-02-09 07:29:08,748 - INFO - Epoch [29] Batch [20/35]                     Loss: 0.6527, Hard: 0.6663, Soft: -0.0602                     Acc: 75.60% LR: 0.000409                     Alpha: 0.5744425058364868                     Beta: -0.43192631006240845                     MemKD: 0.4721630811691284
2026-02-09 07:29:40,292 - INFO - Epoch [29/100] Train Loss: 0.5863, Train Acc: 77.32%, Val Loss: 0.5913, Val Acc: 78.86%
2026-02-09 07:29:59,764 - INFO - Epoch [30] Batch [0/35]                     Loss: 0.8307, Hard: 0.8386, Soft: -0.0318                     Acc: 68.75% LR: 0.000403                     Alpha: 0.5744425058364868                     Beta: -0.4493553638458252                     MemKD: 0.467056006193161
2026-02-09 07:30:08,459 - INFO - Epoch [30] Batch [20/35]                     Loss: 0.9446, Hard: 0.9572, Soft: -0.0505                     Acc: 78.87% LR: 0.000403                     Alpha: 0.5744425058364868                     Beta: -0.47223803400993347                     MemKD: 0.46035948395729065
2026-02-09 07:30:36,344 - INFO - Epoch [30/100] Train Loss: 0.6092, Train Acc: 76.07%, Val Loss: 0.5730, Val Acc: 78.59%
2026-02-09 07:30:36,396 - INFO - Checkpoint saved at epoch 30
2026-02-09 07:30:56,548 - INFO - Epoch [31] Batch [0/35]                     Loss: 0.6041, Hard: 0.6473, Soft: -0.1571                     Acc: 75.00% LR: 0.000397                     Alpha: 0.5744425058364868                     Beta: -0.4888100326061249                     MemKD: 0.45567813515663147
2026-02-09 07:31:08,381 - INFO - Epoch [31] Batch [20/35]                     Loss: 0.6395, Hard: 0.6846, Soft: -0.1643                     Acc: 77.68% LR: 0.000397                     Alpha: 0.5744425058364868                     Beta: -0.510028064250946                     MemKD: 0.44980955123901367
2026-02-09 07:31:40,560 - INFO - Epoch [31/100] Train Loss: 0.5605, Train Acc: 78.39%, Val Loss: 0.5648, Val Acc: 78.99%
2026-02-09 07:31:59,956 - INFO - Epoch [32] Batch [0/35]                     Loss: 0.7995, Hard: 0.8288, Soft: -0.0974                     Acc: 68.75% LR: 0.000391                     Alpha: 0.5744425058364868                     Beta: -0.5259693264961243                     MemKD: 0.4452594518661499
2026-02-09 07:32:11,753 - INFO - Epoch [32] Batch [20/35]                     Loss: 0.3486, Hard: 0.4213, Soft: -0.2423                     Acc: 77.38% LR: 0.000391                     Alpha: 0.5744425058364868                     Beta: -0.5469818115234375                     MemKD: 0.4392062723636627
2026-02-09 07:32:42,526 - INFO - Epoch [32/100] Train Loss: 0.5430, Train Acc: 76.61%, Val Loss: 0.7247, Val Acc: 72.47%
2026-02-09 07:33:01,381 - INFO - Epoch [33] Batch [0/35]                     Loss: 0.3524, Hard: 0.4447, Soft: -0.2837                     Acc: 87.50% LR: 0.000384                     Alpha: 0.5744425058364868                     Beta: -0.5624155402183533                     MemKD: 0.4348282814025879
2026-02-09 07:33:13,470 - INFO - Epoch [33] Batch [20/35]                     Loss: 0.5785, Hard: 0.6589, Soft: -0.2475                     Acc: 74.40% LR: 0.000384                     Alpha: 0.5744425058364868                     Beta: -0.5819676518440247                     MemKD: 0.42946475744247437
2026-02-09 07:33:44,332 - INFO - Epoch [33/100] Train Loss: 0.5749, Train Acc: 75.54%, Val Loss: 0.6328, Val Acc: 72.61%
2026-02-09 07:34:02,784 - INFO - Epoch [34] Batch [0/35]                     Loss: 0.3495, Hard: 0.4579, Soft: -0.3098                     Acc: 87.50% LR: 0.000377                     Alpha: 0.5744425058364868                     Beta: -0.5959456562995911                     MemKD: 0.4257643222808838
2026-02-09 07:34:14,231 - INFO - Epoch [34] Batch [20/35]                     Loss: 0.4046, Hard: 0.5164, Soft: -0.3195                     Acc: 82.14% LR: 0.000377                     Alpha: 0.5744425058364868                     Beta: -0.6147856116294861                     MemKD: 0.4205906391143799
2026-02-09 07:34:44,944 - INFO - Epoch [34/100] Train Loss: 0.5210, Train Acc: 78.21%, Val Loss: 0.8238, Val Acc: 68.75%
2026-02-09 07:35:04,670 - INFO - Epoch [35] Batch [0/35]                     Loss: 1.0304, Hard: 1.0421, Soft: -0.0313                     Acc: 56.25% LR: 0.000370                     Alpha: 0.5744425058364868                     Beta: -0.6281154751777649                     MemKD: 0.4171043038368225
2026-02-09 07:35:15,902 - INFO - Epoch [35] Batch [20/35]                     Loss: 0.3469, Hard: 0.4625, Soft: -0.3083                     Acc: 75.00% LR: 0.000370                     Alpha: 0.5744425058364868                     Beta: -0.6454712748527527                     MemKD: 0.4125758111476898
2026-02-09 07:35:47,875 - INFO - Epoch [35/100] Train Loss: 0.5448, Train Acc: 75.71%, Val Loss: 0.7010, Val Acc: 73.27%
2026-02-09 07:36:07,239 - INFO - Epoch [36] Batch [0/35]                     Loss: 0.4184, Hard: 0.5592, Soft: -0.3519                     Acc: 75.00% LR: 0.000363                     Alpha: 0.5744425058364868                     Beta: -0.6584014296531677                     MemKD: 0.4091774821281433
2026-02-09 07:36:15,105 - INFO - Epoch [36] Batch [20/35]                     Loss: 0.7082, Hard: 0.8168, Soft: -0.2716                     Acc: 77.98% LR: 0.000363                     Alpha: 0.5744425058364868                     Beta: -0.6756811738014221                     MemKD: 0.4045121967792511
2026-02-09 07:36:43,703 - INFO - Epoch [36/100] Train Loss: 0.4528, Train Acc: 77.68%, Val Loss: 0.6149, Val Acc: 75.80%
2026-02-09 07:37:02,844 - INFO - Epoch [37] Batch [0/35]                     Loss: 0.1055, Hard: 0.3276, Soft: -0.5225                     Acc: 93.75% LR: 0.000356                     Alpha: 0.5744425058364868                     Beta: -0.6881828308105469                     MemKD: 0.40121084451675415
2026-02-09 07:37:14,513 - INFO - Epoch [37] Batch [20/35]                     Loss: 0.2764, Hard: 0.4639, Soft: -0.4413                     Acc: 82.74% LR: 0.000356                     Alpha: 0.5744425058364868                     Beta: -0.7048966288566589                     MemKD: 0.3966967463493347
2026-02-09 07:37:44,815 - INFO - Epoch [37/100] Train Loss: 0.3605, Train Acc: 82.86%, Val Loss: 0.6440, Val Acc: 76.99%
2026-02-09 07:38:05,037 - INFO - Epoch [38] Batch [0/35]                     Loss: -0.0275, Hard: 0.1949, Soft: -0.4941                     Acc: 93.75% LR: 0.000349                     Alpha: 0.5744425058364868                     Beta: -0.7170872092247009                     MemKD: 0.3933812379837036
2026-02-09 07:38:16,203 - INFO - Epoch [38] Batch [20/35]                     Loss: 0.6767, Hard: 0.8133, Soft: -0.3037                     Acc: 81.85% LR: 0.000349                     Alpha: 0.5744425058364868                     Beta: -0.7328106164932251                     MemKD: 0.38919797539711
2026-02-09 07:38:48,029 - INFO - Epoch [38/100] Train Loss: 0.3573, Train Acc: 80.36%, Val Loss: 0.7175, Val Acc: 71.28%
2026-02-09 07:39:08,283 - INFO - Epoch [39] Batch [0/35]                     Loss: 0.0693, Hard: 0.3082, Soft: -0.5030                     Acc: 93.75% LR: 0.000342                     Alpha: 0.5744425058364868                     Beta: -0.7440223693847656                     MemKD: 0.386323481798172
2026-02-09 07:39:20,140 - INFO - Epoch [39] Batch [20/35]                     Loss: 0.0581, Hard: 0.3106, Soft: -0.5315                     Acc: 83.93% LR: 0.000342                     Alpha: 0.5744425058364868                     Beta: -0.7590417265892029                     MemKD: 0.38239604234695435
2026-02-09 07:39:50,979 - INFO - Epoch [39/100] Train Loss: 0.2786, Train Acc: 82.50%, Val Loss: 0.6126, Val Acc: 75.93%
2026-02-09 07:40:10,140 - INFO - Epoch [40] Batch [0/35]                     Loss: 0.3654, Hard: 0.5843, Soft: -0.4379                     Acc: 81.25% LR: 0.000335                     Alpha: 0.5744425058364868                     Beta: -0.7700235247612                     MemKD: 0.3795619010925293
2026-02-09 07:40:21,325 - INFO - Epoch [40] Batch [20/35]                     Loss: 0.3993, Hard: 0.6546, Soft: -0.5106                     Acc: 78.57% LR: 0.000335                     Alpha: 0.5744425058364868                     Beta: -0.7841009497642517                     MemKD: 0.37597203254699707
2026-02-09 07:40:52,834 - INFO - Epoch [40/100] Train Loss: 0.3423, Train Acc: 78.39%, Val Loss: 0.5860, Val Acc: 78.32%
2026-02-09 07:40:52,864 - INFO - Checkpoint saved at epoch 40
2026-02-09 07:41:13,049 - INFO - Epoch [41] Batch [0/35]                     Loss: 0.1356, Hard: 0.4254, Soft: -0.5522                     Acc: 81.25% LR: 0.000327                     Alpha: 0.5744425058364868                     Beta: -0.794501543045044                     MemKD: 0.3733389377593994
2026-02-09 07:41:20,790 - INFO - Epoch [41] Batch [20/35]                     Loss: 0.3276, Hard: 0.5746, Soft: -0.4706                     Acc: 80.95% LR: 0.000327                     Alpha: 0.5744425058364868                     Beta: -0.8081251382827759                     MemKD: 0.369899719953537
2026-02-09 07:41:50,880 - INFO - Epoch [41/100] Train Loss: 0.2027, Train Acc: 83.39%, Val Loss: 0.7190, Val Acc: 74.20%
2026-02-09 07:42:10,638 - INFO - Epoch [42] Batch [0/35]                     Loss: 0.1263, Hard: 0.4395, Soft: -0.5693                     Acc: 81.25% LR: 0.000320                     Alpha: 0.5744425058364868                     Beta: -0.8183842897415161                     MemKD: 0.3672786056995392
2026-02-09 07:42:21,148 - INFO - Epoch [42] Batch [20/35]                     Loss: 0.7774, Hard: 0.9651, Soft: -0.3413                     Acc: 83.63% LR: 0.000320                     Alpha: 0.5744425058364868                     Beta: -0.8318868279457092                     MemKD: 0.3638400733470917
2026-02-09 07:42:53,052 - INFO - Epoch [42/100] Train Loss: 0.1418, Train Acc: 84.29%, Val Loss: 0.6597, Val Acc: 73.67%
2026-02-09 07:43:14,697 - INFO - Epoch [43] Batch [0/35]                     Loss: 0.1780, Hard: 0.5390, Soft: -0.6278                     Acc: 81.25% LR: 0.000312                     Alpha: 0.5744425058364868                     Beta: -0.8417001962661743                     MemKD: 0.361368328332901
2026-02-09 07:43:26,200 - INFO - Epoch [43] Batch [20/35]                     Loss: 0.5385, Hard: 0.7948, Soft: -0.4458                     Acc: 81.55% LR: 0.000312                     Alpha: 0.5744425058364868                     Beta: -0.8544483780860901                     MemKD: 0.358195036649704
2026-02-09 07:43:57,864 - INFO - Epoch [43/100] Train Loss: 0.1641, Train Acc: 82.68%, Val Loss: 0.5468, Val Acc: 80.05%
2026-02-09 07:43:57,865 - INFO - Best model saved with accuracy: 80.05%
2026-02-09 07:44:19,814 - INFO - Epoch [44] Batch [0/35]                     Loss: -0.2749, Hard: 0.1832, Soft: -0.7635                     Acc: 100.00% LR: 0.000305                     Alpha: 0.5744425058364868                     Beta: -0.8638089299201965                     MemKD: 0.3558797836303711
2026-02-09 07:44:31,599 - INFO - Epoch [44] Batch [20/35]                     Loss: -0.0413, Hard: 0.3632, Soft: -0.6741                     Acc: 84.23% LR: 0.000305                     Alpha: 0.5744425058364868                     Beta: -0.8760960102081299                     MemKD: 0.35282406210899353
2026-02-09 07:45:02,871 - INFO - Epoch [44/100] Train Loss: 0.1121, Train Acc: 83.21%, Val Loss: 0.5211, Val Acc: 81.12%
2026-02-09 07:45:02,871 - INFO - Best model saved with accuracy: 81.12%
2026-02-09 07:45:24,770 - INFO - Epoch [45] Batch [0/35]                     Loss: -0.1065, Hard: 0.3390, Soft: -0.7129                     Acc: 87.50% LR: 0.000297                     Alpha: 0.5744425058364868                     Beta: -0.8849518895149231                     MemKD: 0.35067886114120483
2026-02-09 07:45:36,372 - INFO - Epoch [45] Batch [20/35]                     Loss: 0.2325, Hard: 0.5893, Soft: -0.5708                     Acc: 84.23% LR: 0.000297                     Alpha: 0.5744425058364868                     Beta: -0.8968619704246521                     MemKD: 0.3477295935153961
2026-02-09 07:46:09,650 - INFO - Epoch [45/100] Train Loss: 0.0341, Train Acc: 82.68%, Val Loss: 0.5344, Val Acc: 79.65%
2026-02-09 07:46:28,549 - INFO - Epoch [46] Batch [0/35]                     Loss: 0.4350, Hard: 0.8136, Soft: -0.5825                     Acc: 75.00% LR: 0.000289                     Alpha: 0.5744425058364868                     Beta: -0.9054623246192932                     MemKD: 0.3456435799598694
2026-02-09 07:46:36,310 - INFO - Epoch [46] Batch [20/35]                     Loss: -0.2147, Hard: 0.3110, Soft: -0.8087                     Acc: 84.52% LR: 0.000289                     Alpha: 0.5744425058364868                     Beta: -0.916646420955658                     MemKD: 0.34295251965522766
2026-02-09 07:47:05,148 - INFO - Epoch [46/100] Train Loss: 0.0417, Train Acc: 83.39%, Val Loss: 0.6179, Val Acc: 76.86%
2026-02-09 07:47:25,192 - INFO - Epoch [47] Batch [0/35]                     Loss: -0.1453, Hard: 0.3259, Soft: -0.6981                     Acc: 87.50% LR: 0.000281                     Alpha: 0.5744425058364868                     Beta: -0.9250973463058472                     MemKD: 0.34090664982795715
2026-02-09 07:47:36,603 - INFO - Epoch [47] Batch [20/35]                     Loss: 0.1945, Hard: 0.6041, Soft: -0.6068                     Acc: 82.14% LR: 0.000281                     Alpha: 0.5744425058364868                     Beta: -0.9357541799545288                     MemKD: 0.3383590281009674
2026-02-09 07:48:09,564 - INFO - Epoch [47/100] Train Loss: -0.0584, Train Acc: 83.75%, Val Loss: 0.5657, Val Acc: 76.99%
2026-02-09 07:48:29,936 - INFO - Epoch [48] Batch [0/35]                     Loss: 0.1108, Hard: 0.5267, Soft: -0.5941                     Acc: 87.50% LR: 0.000274                     Alpha: 0.5744425058364868                     Beta: -0.9439189434051514                     MemKD: 0.3363928198814392
2026-02-09 07:48:41,324 - INFO - Epoch [48] Batch [20/35]                     Loss: -0.4116, Hard: 0.1813, Soft: -0.8470                     Acc: 83.33% LR: 0.000274                     Alpha: 0.5744425058364868                     Beta: -0.9542439579963684                     MemKD: 0.3339569568634033
2026-02-09 07:49:14,446 - INFO - Epoch [48/100] Train Loss: -0.0181, Train Acc: 83.39%, Val Loss: 0.5578, Val Acc: 79.26%
2026-02-09 07:49:33,405 - INFO - Epoch [49] Batch [0/35]                     Loss: -0.1694, Hard: 0.3488, Soft: -0.7148                     Acc: 87.50% LR: 0.000266                     Alpha: 0.5744425058364868                     Beta: -0.9618895053863525                     MemKD: 0.3321476876735687
2026-02-09 07:49:45,279 - INFO - Epoch [49] Batch [20/35]                     Loss: -0.0127, Hard: 0.4709, Soft: -0.6670                     Acc: 83.93% LR: 0.000266                     Alpha: 0.5744425058364868                     Beta: -0.9717708826065063                     MemKD: 0.32982075214385986
2026-02-09 07:50:15,770 - INFO - Epoch [49/100] Train Loss: -0.0797, Train Acc: 84.11%, Val Loss: 0.5205, Val Acc: 80.72%
2026-02-09 07:50:35,868 - INFO - Epoch [50] Batch [0/35]                     Loss: -0.1769, Hard: 0.4302, Soft: -0.8094                     Acc: 93.75% LR: 0.000258                     Alpha: 0.5744425058364868                     Beta: -0.978970468044281                     MemKD: 0.328154057264328
2026-02-09 07:50:47,605 - INFO - Epoch [50] Batch [20/35]                     Loss: -0.2616, Hard: 0.3296, Soft: -0.7882                     Acc: 85.71% LR: 0.000258                     Alpha: 0.5744425058364868                     Beta: -0.9884921908378601                     MemKD: 0.32593488693237305
2026-02-09 07:51:19,957 - INFO - Epoch [50/100] Train Loss: -0.1460, Train Acc: 85.54%, Val Loss: 0.5269, Val Acc: 81.25%
2026-02-09 07:51:19,958 - INFO - Best model saved with accuracy: 81.25%
2026-02-09 07:51:20,023 - INFO - Checkpoint saved at epoch 50
2026-02-09 07:51:40,026 - INFO - Epoch [51] Batch [0/35]                     Loss: -0.1293, Hard: 0.4827, Soft: -0.7896                     Acc: 81.25% LR: 0.000250                     Alpha: 0.5744425058364868                     Beta: -0.9957358241081238                     MemKD: 0.3242376148700714
2026-02-09 07:51:49,136 - INFO - Epoch [51] Batch [20/35]                     Loss: -0.1027, Hard: 0.5396, Soft: -0.8288                     Acc: 86.61% LR: 0.000250                     Alpha: 0.5744425058364868                     Beta: -1.0050209760665894                     MemKD: 0.32208818197250366
2026-02-09 07:52:18,019 - INFO - Epoch [51/100] Train Loss: -0.2326, Train Acc: 86.07%, Val Loss: 0.5031, Val Acc: 80.98%
2026-02-09 07:52:39,641 - INFO - Epoch [52] Batch [0/35]                     Loss: -0.0059, Hard: 0.5920, Soft: -0.7474                     Acc: 81.25% LR: 0.000242                     Alpha: 0.5744425058364868                     Beta: -1.0119086503982544                     MemKD: 0.3204999566078186
2026-02-09 07:52:51,260 - INFO - Epoch [52] Batch [20/35]                     Loss: -0.1695, Hard: 0.4564, Soft: -0.7824                     Acc: 83.63% LR: 0.000242                     Alpha: 0.5744425058364868                     Beta: -1.0206862688064575                     MemKD: 0.31850022077560425
2026-02-09 07:53:24,536 - INFO - Epoch [52/100] Train Loss: -0.1719, Train Acc: 82.32%, Val Loss: 0.5075, Val Acc: 80.19%
2026-02-09 07:53:46,673 - INFO - Epoch [53] Batch [0/35]                     Loss: -0.4204, Hard: 0.2825, Soft: -0.8520                     Acc: 93.75% LR: 0.000234                     Alpha: 0.5744425058364868                     Beta: -1.0271283388137817                     MemKD: 0.3170475661754608
2026-02-09 07:53:58,135 - INFO - Epoch [53] Batch [20/35]                     Loss: -0.3788, Hard: 0.3583, Soft: -0.8934                     Acc: 86.90% LR: 0.000234                     Alpha: 0.5744425058364868                     Beta: -1.0356464385986328                     MemKD: 0.31511518359184265
2026-02-09 07:54:28,858 - INFO - Epoch [53/100] Train Loss: -0.3419, Train Acc: 87.32%, Val Loss: 0.4852, Val Acc: 82.58%
2026-02-09 07:54:28,858 - INFO - Best model saved with accuracy: 82.58%
2026-02-09 07:54:49,229 - INFO - Epoch [54] Batch [0/35]                     Loss: -0.1127, Hard: 0.5726, Soft: -0.8062                     Acc: 87.50% LR: 0.000226                     Alpha: 0.5744425058364868                     Beta: -1.0420347452163696                     MemKD: 0.31366485357284546
2026-02-09 07:55:00,872 - INFO - Epoch [54] Batch [20/35]                     Loss: -0.6427, Hard: 0.1880, Soft: -0.9773                     Acc: 86.31% LR: 0.000226                     Alpha: 0.5744425058364868                     Beta: -1.0502506494522095                     MemKD: 0.31179895997047424
2026-02-09 07:55:32,374 - INFO - Epoch [54/100] Train Loss: -0.3422, Train Acc: 86.25%, Val Loss: 0.5079, Val Acc: 82.85%
2026-02-09 07:55:32,374 - INFO - Best model saved with accuracy: 82.85%
2026-02-09 07:55:52,127 - INFO - Epoch [55] Batch [0/35]                     Loss: -0.4561, Hard: 0.3226, Soft: -0.8899                     Acc: 87.50% LR: 0.000219                     Alpha: 0.5744425058364868                     Beta: -1.0562530755996704                     MemKD: 0.31044942140579224
2026-02-09 07:56:03,927 - INFO - Epoch [55] Batch [20/35]                     Loss: 0.1370, Hard: 0.7878, Soft: -0.7438                     Acc: 84.52% LR: 0.000219                     Alpha: 0.5744425058364868                     Beta: -1.063982367515564                     MemKD: 0.3087127208709717
2026-02-09 07:56:35,477 - INFO - Epoch [55/100] Train Loss: -0.3639, Train Acc: 85.18%, Val Loss: 0.5272, Val Acc: 81.12%
2026-02-09 07:56:56,451 - INFO - Epoch [56] Batch [0/35]                     Loss: -0.3810, Hard: 0.3990, Soft: -0.8667                     Acc: 87.50% LR: 0.000211                     Alpha: 0.5744425058364868                     Beta: -1.0697237253189087                     MemKD: 0.30743274092674255
2026-02-09 07:57:08,045 - INFO - Epoch [56] Batch [20/35]                     Loss: -0.5505, Hard: 0.2717, Soft: -0.9135                     Acc: 82.74% LR: 0.000211                     Alpha: 0.5744425058364868                     Beta: -1.076951503753662                     MemKD: 0.30584150552749634
2026-02-09 07:57:38,511 - INFO - Epoch [56/100] Train Loss: -0.4078, Train Acc: 85.18%, Val Loss: 0.5829, Val Acc: 78.99%
2026-02-09 07:57:57,549 - INFO - Epoch [57] Batch [0/35]                     Loss: -0.0264, Hard: 0.7514, Soft: -0.8409                     Acc: 68.75% LR: 0.000203                     Alpha: 0.5744425058364868                     Beta: -1.082410454750061                     MemKD: 0.3046353757381439
2026-02-09 07:58:07,295 - INFO - Epoch [57] Batch [20/35]                     Loss: -0.5040, Hard: 0.4018, Soft: -0.9792                     Acc: 86.31% LR: 0.000203                     Alpha: 0.5744425058364868                     Beta: -1.0894019603729248                     MemKD: 0.303096741437912
2026-02-09 07:58:37,723 - INFO - Epoch [57/100] Train Loss: -0.4714, Train Acc: 86.43%, Val Loss: 0.6284, Val Acc: 79.79%
2026-02-09 07:58:57,593 - INFO - Epoch [58] Batch [0/35]                     Loss: -0.4057, Hard: 0.5332, Soft: -0.9883                     Acc: 87.50% LR: 0.000195                     Alpha: 0.5744425058364868                     Beta: -1.0947425365447998                     MemKD: 0.3019200265407562
2026-02-09 07:59:09,263 - INFO - Epoch [58] Batch [20/35]                     Loss: -0.7241, Hard: 0.3284, Soft: -1.1078                     Acc: 86.61% LR: 0.000195                     Alpha: 0.5744425058364868                     Beta: -1.1015050411224365                     MemKD: 0.3004409968852997
2026-02-09 07:59:42,061 - INFO - Epoch [58/100] Train Loss: -0.4610, Train Acc: 84.11%, Val Loss: 0.5533, Val Acc: 79.92%
2026-02-09 08:00:02,506 - INFO - Epoch [59] Batch [0/35]                     Loss: -0.7125, Hard: 0.3269, Soft: -1.0660                     Acc: 93.75% LR: 0.000188                     Alpha: 0.5744425058364868                     Beta: -1.1064587831497192                     MemKD: 0.2993648052215576
2026-02-09 08:00:14,633 - INFO - Epoch [59] Batch [20/35]                     Loss: -0.9106, Hard: 0.1875, Soft: -1.1263                     Acc: 88.10% LR: 0.000188                     Alpha: 0.5744425058364868                     Beta: -1.1128807067871094                     MemKD: 0.2979753017425537
2026-02-09 08:00:46,860 - INFO - Epoch [59/100] Train Loss: -0.6098, Train Acc: 87.86%, Val Loss: 0.5353, Val Acc: 79.12%
2026-02-09 08:01:09,065 - INFO - Epoch [60] Batch [0/35]                     Loss: -0.3491, Hard: 0.5113, Soft: -0.8604                     Acc: 81.25% LR: 0.000180                     Alpha: 0.5744425058364868                     Beta: -1.1177446842193604                     MemKD: 0.2969127595424652
2026-02-09 08:01:20,104 - INFO - Epoch [60] Batch [20/35]                     Loss: -0.8185, Hard: 0.2558, Soft: -1.0743                     Acc: 86.01% LR: 0.000180                     Alpha: 0.5744425058364868                     Beta: -1.1237910985946655                     MemKD: 0.29561421275138855
2026-02-09 08:01:51,574 - INFO - Epoch [60/100] Train Loss: -0.5820, Train Acc: 85.18%, Val Loss: 0.6075, Val Acc: 76.86%
2026-02-09 08:01:51,623 - INFO - Checkpoint saved at epoch 60
2026-02-09 08:02:13,024 - INFO - Epoch [61] Batch [0/35]                     Loss: -0.2589, Hard: 0.5867, Soft: -0.8456                     Acc: 81.25% LR: 0.000173                     Alpha: 0.5744425058364868                     Beta: -1.1283295154571533                     MemKD: 0.29463350772857666
2026-02-09 08:02:24,762 - INFO - Epoch [61] Batch [20/35]                     Loss: -0.3357, Hard: 0.5181, Soft: -0.8537                     Acc: 86.31% LR: 0.000173                     Alpha: 0.5744425058364868                     Beta: -1.1339586973190308                     MemKD: 0.2934330403804779
2026-02-09 08:02:56,099 - INFO - Epoch [61/100] Train Loss: -0.5319, Train Acc: 84.82%, Val Loss: 0.4763, Val Acc: 83.11%
2026-02-09 08:02:56,100 - INFO - Best model saved with accuracy: 83.11%
2026-02-09 08:03:14,890 - INFO - Epoch [62] Batch [0/35]                     Loss: -0.5423, Hard: 0.4487, Soft: -0.9909                     Acc: 81.25% LR: 0.000165                     Alpha: 0.5744425058364868                     Beta: -1.138031005859375                     MemKD: 0.2925752103328705
2026-02-09 08:03:22,775 - INFO - Epoch [62] Batch [20/35]                     Loss: -0.4823, Hard: 0.5033, Soft: -0.9856                     Acc: 84.82% LR: 0.000165                     Alpha: 0.5744425058364868                     Beta: -1.143327236175537                     MemKD: 0.29144981503486633
2026-02-09 08:03:52,273 - INFO - Epoch [62/100] Train Loss: -0.5667, Train Acc: 85.00%, Val Loss: 0.5074, Val Acc: 81.78%
2026-02-09 08:04:12,551 - INFO - Epoch [63] Batch [0/35]                     Loss: -1.0215, Hard: 0.1850, Soft: -1.2065                     Acc: 100.00% LR: 0.000158                     Alpha: 0.5744425058364868                     Beta: -1.147204041481018                     MemKD: 0.29062995314598083
2026-02-09 08:04:23,969 - INFO - Epoch [63] Batch [20/35]                     Loss: -0.8959, Hard: 0.2495, Soft: -1.1454                     Acc: 86.90% LR: 0.000158                     Alpha: 0.5744425058364868                     Beta: -1.1520977020263672                     MemKD: 0.28959161043167114
2026-02-09 08:04:55,103 - INFO - Epoch [63/100] Train Loss: -0.6638, Train Acc: 88.04%, Val Loss: 0.5023, Val Acc: 81.25%
2026-02-09 08:05:14,238 - INFO - Epoch [64] Batch [0/35]                     Loss: -0.5086, Hard: 0.4791, Soft: -0.9876                     Acc: 81.25% LR: 0.000151                     Alpha: 0.5744425058364868                     Beta: -1.1558454036712646                     MemKD: 0.28879353404045105
2026-02-09 08:05:25,343 - INFO - Epoch [64] Batch [20/35]                     Loss: -0.6216, Hard: 0.3255, Soft: -0.9471                     Acc: 85.71% LR: 0.000151                     Alpha: 0.5744425058364868                     Beta: -1.1604992151260376                     MemKD: 0.2878066897392273
2026-02-09 08:05:56,904 - INFO - Epoch [64/100] Train Loss: -0.6889, Train Acc: 86.43%, Val Loss: 0.4545, Val Acc: 83.91%
2026-02-09 08:05:56,904 - INFO - Best model saved with accuracy: 83.91%
2026-02-09 08:06:16,476 - INFO - Epoch [65] Batch [0/35]                     Loss: -0.8982, Hard: 0.2437, Soft: -1.1418                     Acc: 93.75% LR: 0.000144                     Alpha: 0.5744425058364868                     Beta: -1.1639200448989868                     MemKD: 0.2870846092700958
2026-02-09 08:06:28,335 - INFO - Epoch [65] Batch [20/35]                     Loss: -0.6023, Hard: 0.3816, Soft: -0.9839                     Acc: 89.88% LR: 0.000144                     Alpha: 0.5744425058364868                     Beta: -1.1682289838790894                     MemKD: 0.28617390990257263
2026-02-09 08:06:59,517 - INFO - Epoch [65/100] Train Loss: -0.6911, Train Acc: 88.39%, Val Loss: 0.4740, Val Acc: 82.71%
2026-02-09 08:07:20,203 - INFO - Epoch [66] Batch [0/35]                     Loss: -0.9949, Hard: 0.1223, Soft: -1.1172                     Acc: 100.00% LR: 0.000137                     Alpha: 0.5744425058364868                     Beta: -1.1714526414871216                     MemKD: 0.28549906611442566
2026-02-09 08:07:31,652 - INFO - Epoch [66] Batch [20/35]                     Loss: -0.7316, Hard: 0.3270, Soft: -1.0586                     Acc: 86.01% LR: 0.000137                     Alpha: 0.5744425058364868                     Beta: -1.1755059957504272                     MemKD: 0.2846487760543823
2026-02-09 08:08:01,630 - INFO - Epoch [66/100] Train Loss: -0.7140, Train Acc: 86.96%, Val Loss: 0.4374, Val Acc: 83.38%
2026-02-09 08:08:21,543 - INFO - Epoch [67] Batch [0/35]                     Loss: -0.7473, Hard: 0.3628, Soft: -1.1101                     Acc: 81.25% LR: 0.000130                     Alpha: 0.5744425058364868                     Beta: -1.1784602403640747                     MemKD: 0.28403201699256897
2026-02-09 08:08:29,374 - INFO - Epoch [67] Batch [20/35]                     Loss: -1.0851, Hard: 0.1285, Soft: -1.2136                     Acc: 88.10% LR: 0.000130                     Alpha: 0.5744425058364868                     Beta: -1.1822178363800049                     MemKD: 0.2832455337047577
2026-02-09 08:08:58,901 - INFO - Epoch [67/100] Train Loss: -0.6928, Train Acc: 87.68%, Val Loss: 0.4763, Val Acc: 82.18%
2026-02-09 08:09:21,115 - INFO - Epoch [68] Batch [0/35]                     Loss: -0.5598, Hard: 0.3555, Soft: -0.9153                     Acc: 81.25% LR: 0.000123                     Alpha: 0.5744425058364868                     Beta: -1.1849437952041626                     MemKD: 0.28268009424209595
2026-02-09 08:09:32,947 - INFO - Epoch [68] Batch [20/35]                     Loss: -0.8917, Hard: 0.2602, Soft: -1.1518                     Acc: 88.39% LR: 0.000123                     Alpha: 0.5744425058364868                     Beta: -1.1884551048278809                     MemKD: 0.2819468379020691
2026-02-09 08:10:04,617 - INFO - Epoch [68/100] Train Loss: -0.7616, Train Acc: 87.14%, Val Loss: 0.4578, Val Acc: 84.31%
2026-02-09 08:10:04,617 - INFO - Best model saved with accuracy: 84.31%
2026-02-09 08:10:25,380 - INFO - Epoch [69] Batch [0/35]                     Loss: -1.0677, Hard: 0.1453, Soft: -1.2130                     Acc: 100.00% LR: 0.000116                     Alpha: 0.5744425058364868                     Beta: -1.191069483757019                     MemKD: 0.2814030051231384
2026-02-09 08:10:37,199 - INFO - Epoch [69] Batch [20/35]                     Loss: -0.6457, Hard: 0.3930, Soft: -1.0387                     Acc: 87.80% LR: 0.000116                     Alpha: 0.5744425058364868                     Beta: -1.194298505783081                     MemKD: 0.2807355523109436
2026-02-09 08:11:06,427 - INFO - Epoch [69/100] Train Loss: -0.7074, Train Acc: 87.68%, Val Loss: 0.4308, Val Acc: 85.11%
2026-02-09 08:11:06,428 - INFO - Best model saved with accuracy: 85.11%
2026-02-09 08:11:26,062 - INFO - Epoch [70] Batch [0/35]                     Loss: -0.7453, Hard: 0.3735, Soft: -1.1189                     Acc: 87.50% LR: 0.000109                     Alpha: 0.5744425058364868                     Beta: -1.1966485977172852                     MemKD: 0.28025323152542114
2026-02-09 08:11:37,772 - INFO - Epoch [70] Batch [20/35]                     Loss: -0.6355, Hard: 0.4175, Soft: -1.0530                     Acc: 91.07% LR: 0.000109                     Alpha: 0.5744425058364868                     Beta: -1.1996400356292725                     MemKD: 0.27963465452194214
2026-02-09 08:12:08,067 - INFO - Epoch [70/100] Train Loss: -0.8110, Train Acc: 90.36%, Val Loss: 0.4441, Val Acc: 85.24%
2026-02-09 08:12:08,067 - INFO - Best model saved with accuracy: 85.24%
2026-02-09 08:12:08,130 - INFO - Checkpoint saved at epoch 70
2026-02-09 08:12:27,938 - INFO - Epoch [71] Batch [0/35]                     Loss: -0.2468, Hard: 0.7374, Soft: -0.9841                     Acc: 68.75% LR: 0.000103                     Alpha: 0.5744425058364868                     Beta: -1.2019160985946655                     MemKD: 0.279163658618927
2026-02-09 08:12:39,903 - INFO - Epoch [71] Batch [20/35]                     Loss: -0.8692, Hard: 0.3133, Soft: -1.1826                     Acc: 86.31% LR: 0.000103                     Alpha: 0.5744425058364868                     Beta: -1.2046974897384644                     MemKD: 0.2785911560058594
2026-02-09 08:13:11,549 - INFO - Epoch [71/100] Train Loss: -0.7433, Train Acc: 87.32%, Val Loss: 0.5020, Val Acc: 82.58%
2026-02-09 08:13:30,577 - INFO - Epoch [72] Batch [0/35]                     Loss: -0.3607, Hard: 0.5954, Soft: -0.9561                     Acc: 75.00% LR: 0.000097                     Alpha: 0.5744425058364868                     Beta: -1.2067582607269287                     MemKD: 0.2781696319580078
2026-02-09 08:13:38,344 - INFO - Epoch [72] Batch [20/35]                     Loss: -0.9046, Hard: 0.2634, Soft: -1.1680                     Acc: 86.90% LR: 0.000097                     Alpha: 0.5744425058364868                     Beta: -1.2093122005462646                     MemKD: 0.27764642238616943
2026-02-09 08:14:07,506 - INFO - Epoch [72/100] Train Loss: -0.7210, Train Acc: 86.07%, Val Loss: 0.4444, Val Acc: 84.44%
2026-02-09 08:14:27,990 - INFO - Epoch [73] Batch [0/35]                     Loss: -0.7658, Hard: 0.3447, Soft: -1.1105                     Acc: 87.50% LR: 0.000091                     Alpha: 0.5744425058364868                     Beta: -1.2112408876419067                     MemKD: 0.27725228667259216
2026-02-09 08:14:39,563 - INFO - Epoch [73] Batch [20/35]                     Loss: -0.7273, Hard: 0.3866, Soft: -1.1138                     Acc: 88.99% LR: 0.000091                     Alpha: 0.5744425058364868                     Beta: -1.2136344909667969                     MemKD: 0.2767638564109802
2026-02-09 08:15:10,426 - INFO - Epoch [73/100] Train Loss: -0.8292, Train Acc: 89.29%, Val Loss: 0.4329, Val Acc: 84.31%
2026-02-09 08:15:29,956 - INFO - Epoch [74] Batch [0/35]                     Loss: -1.1372, Hard: 0.0935, Soft: -1.2308                     Acc: 100.00% LR: 0.000085                     Alpha: 0.5744425058364868                     Beta: -1.2154513597488403                     MemKD: 0.2763899862766266
2026-02-09 08:15:41,618 - INFO - Epoch [74] Batch [20/35]                     Loss: -1.1573, Hard: 0.1231, Soft: -1.2804                     Acc: 90.18% LR: 0.000085                     Alpha: 0.5744425058364868                     Beta: -1.2176837921142578                     MemKD: 0.2759316861629486
2026-02-09 08:16:13,525 - INFO - Epoch [74/100] Train Loss: -0.8329, Train Acc: 88.57%, Val Loss: 0.4172, Val Acc: 85.11%
2026-02-09 08:16:33,516 - INFO - Epoch [75] Batch [0/35]                     Loss: -1.0062, Hard: 0.2334, Soft: -1.2396                     Acc: 87.50% LR: 0.000079                     Alpha: 0.5744425058364868                     Beta: -1.2193714380264282                     MemKD: 0.27558568120002747
2026-02-09 08:16:44,412 - INFO - Epoch [75] Batch [20/35]                     Loss: -0.6513, Hard: 0.3629, Soft: -1.0142                     Acc: 90.77% LR: 0.000079                     Alpha: 0.5744425058364868                     Beta: -1.2214173078536987                     MemKD: 0.2751704752445221
2026-02-09 08:17:17,543 - INFO - Epoch [75/100] Train Loss: -0.8817, Train Acc: 91.43%, Val Loss: 0.4079, Val Acc: 85.37%
2026-02-09 08:17:17,544 - INFO - Best model saved with accuracy: 85.37%
2026-02-09 08:17:37,938 - INFO - Epoch [76] Batch [0/35]                     Loss: -1.1142, Hard: 0.1161, Soft: -1.2303                     Acc: 100.00% LR: 0.000073                     Alpha: 0.5744425058364868                     Beta: -1.2229546308517456                     MemKD: 0.27485519647598267
2026-02-09 08:17:50,043 - INFO - Epoch [76] Batch [20/35]                     Loss: -1.0445, Hard: 0.2310, Soft: -1.2755                     Acc: 91.37% LR: 0.000073                     Alpha: 0.5744425058364868                     Beta: -1.224857211112976                     MemKD: 0.2744651734828949
2026-02-09 08:18:22,940 - INFO - Epoch [76/100] Train Loss: -0.9127, Train Acc: 90.54%, Val Loss: 0.4413, Val Acc: 83.51%
2026-02-09 08:18:42,743 - INFO - Epoch [77] Batch [0/35]                     Loss: -0.8995, Hard: 0.3282, Soft: -1.2276                     Acc: 87.50% LR: 0.000068                     Alpha: 0.5744425058364868                     Beta: -1.2262787818908691                     MemKD: 0.27417436242103577
2026-02-09 08:18:50,468 - INFO - Epoch [77] Batch [20/35]                     Loss: -0.8269, Hard: 0.2958, Soft: -1.1227                     Acc: 88.10% LR: 0.000068                     Alpha: 0.5744425058364868                     Beta: -1.2279961109161377                     MemKD: 0.27382558584213257
2026-02-09 08:19:17,931 - INFO - Epoch [77/100] Train Loss: -0.8004, Train Acc: 87.68%, Val Loss: 0.4376, Val Acc: 84.57%
2026-02-09 08:19:36,160 - INFO - Epoch [78] Batch [0/35]                     Loss: -1.0157, Hard: 0.2402, Soft: -1.2559                     Acc: 93.75% LR: 0.000062                     Alpha: 0.5744425058364868                     Beta: -1.2292654514312744                     MemKD: 0.27356886863708496
2026-02-09 08:19:47,893 - INFO - Epoch [78] Batch [20/35]                     Loss: 0.0995, Hard: 0.9781, Soft: -0.8786                     Acc: 87.20% LR: 0.000062                     Alpha: 0.5744425058364868                     Beta: -1.2308114767074585                     MemKD: 0.27325767278671265
2026-02-09 08:20:20,068 - INFO - Epoch [78/100] Train Loss: -0.8909, Train Acc: 89.82%, Val Loss: 0.4222, Val Acc: 84.18%
2026-02-09 08:20:42,547 - INFO - Epoch [79] Batch [0/35]                     Loss: -0.8001, Hard: 0.3632, Soft: -1.1633                     Acc: 93.75% LR: 0.000057                     Alpha: 0.5744425058364868                     Beta: -1.2319815158843994                     MemKD: 0.2730214595794678
2026-02-09 08:20:54,174 - INFO - Epoch [79] Batch [20/35]                     Loss: -1.0249, Hard: 0.2585, Soft: -1.2834                     Acc: 86.90% LR: 0.000057                     Alpha: 0.5744425058364868                     Beta: -1.2333987951278687                     MemKD: 0.27273690700531006
2026-02-09 08:21:24,056 - INFO - Epoch [79/100] Train Loss: -0.8498, Train Acc: 88.93%, Val Loss: 0.4401, Val Acc: 83.91%
2026-02-09 08:21:44,847 - INFO - Epoch [80] Batch [0/35]                     Loss: -1.0971, Hard: 0.1838, Soft: -1.2810                     Acc: 93.75% LR: 0.000052                     Alpha: 0.5744425058364868                     Beta: -1.234466314315796                     MemKD: 0.2725222110748291
2026-02-09 08:21:56,157 - INFO - Epoch [80] Batch [20/35]                     Loss: -0.5355, Hard: 0.5861, Soft: -1.1216                     Acc: 86.61% LR: 0.000052                     Alpha: 0.5744425058364868                     Beta: -1.2357456684112549                     MemKD: 0.27226656675338745
2026-02-09 08:22:27,922 - INFO - Epoch [80/100] Train Loss: -0.7780, Train Acc: 87.14%, Val Loss: 0.4526, Val Acc: 82.18%
2026-02-09 08:22:27,963 - INFO - Checkpoint saved at epoch 80
2026-02-09 08:22:46,343 - INFO - Epoch [81] Batch [0/35]                     Loss: -1.0519, Hard: 0.1789, Soft: -1.2308                     Acc: 93.75% LR: 0.000048                     Alpha: 0.5744425058364868                     Beta: -1.2366925477981567                     MemKD: 0.27207672595977783
2026-02-09 08:22:58,255 - INFO - Epoch [81] Batch [20/35]                     Loss: -0.9743, Hard: 0.2814, Soft: -1.2558                     Acc: 86.90% LR: 0.000048                     Alpha: 0.5744425058364868                     Beta: -1.237849473953247                     MemKD: 0.2718447148799896
2026-02-09 08:23:29,193 - INFO - Epoch [81/100] Train Loss: -0.8538, Train Acc: 87.50%, Val Loss: 0.4077, Val Acc: 85.64%
2026-02-09 08:23:29,193 - INFO - Best model saved with accuracy: 85.64%
2026-02-09 08:23:49,808 - INFO - Epoch [82] Batch [0/35]                     Loss: -1.0188, Hard: 0.2000, Soft: -1.2189                     Acc: 93.75% LR: 0.000043                     Alpha: 0.5744425058364868                     Beta: -1.2387200593948364                     MemKD: 0.2716692090034485
2026-02-09 08:24:01,588 - INFO - Epoch [82] Batch [20/35]                     Loss: -0.8859, Hard: 0.3017, Soft: -1.1877                     Acc: 89.29% LR: 0.000043                     Alpha: 0.5744425058364868                     Beta: -1.2397716045379639                     MemKD: 0.27145764231681824
