2026-02-07 18:56:41,168 - INFO - ==================================================
2026-02-07 18:56:41,169 - INFO - Distillation Training Configuration
2026-02-07 18:56:41,169 - INFO - ==================================================
2026-02-07 18:56:41,169 - INFO - GPUs: [4, 5, 6, 7]
2026-02-07 18:56:41,169 - INFO - World size: 4
2026-02-07 18:56:41,169 - INFO - Dataset: /media/hdd1/chuxiaohui/AI4Ocean_UATR/ShipsEar_622
2026-02-07 18:56:41,169 - INFO - Data type: wav_s@wav_t
2026-02-07 18:56:41,169 - INFO - Batch size: 16
2026-02-07 18:56:41,169 - INFO - Epochs: 100
2026-02-07 18:56:41,169 - INFO - Learning rate: 0.0005
2026-02-07 18:56:41,169 - INFO - Temperature: 2.0
2026-02-07 18:56:41,169 - INFO - Alpha: 0.3
2026-02-07 18:56:41,169 - INFO - Save dir: checkpoints/grid_shipsear/num_epochs100_weight_decay0.0001_batch_size16_lr0.0005_distill_typeMemKD_freezeTrue_USE_DYNAMIC_DISTILL_WEIGHTFalse_p_encoder0.1_p_classifier0.5
2026-02-07 18:56:41,169 - INFO - ==================================================
2026-02-07 18:56:41,224 - INFO - Train dataset size: 2240
2026-02-07 18:56:41,224 - INFO - Validation dataset size: 749
2026-02-07 18:56:42,664 - INFO - Student params: 316,299 (0.32M)
2026-02-07 18:56:42,665 - INFO - Teacher params: 164,415,877 (164.42M)
2026-02-07 18:56:42,665 - INFO - Trainable params: 271,372 (0.27M)
2026-02-07 18:56:43,650 - INFO - Start training...
2026-02-07 18:56:43,650 - INFO - No checkpoint found, start from scratch
