2026-05-30 13:05:07,725 - INFO - ==================================================
2026-05-30 13:05:07,725 - INFO - Distillation Training Configuration
2026-05-30 13:05:07,725 - INFO - ==================================================
2026-05-30 13:05:07,725 - INFO - GPUs: [4, 5, 6, 7]
2026-05-30 13:05:07,725 - INFO - World size: 4
2026-05-30 13:05:07,725 - INFO - Dataset: /media/hdd1/chuxiaohui/AI4Ocean_UATR/DeepShip_622
2026-05-30 13:05:07,725 - INFO - Data type: wav_s@wav_t
2026-05-30 13:05:07,725 - INFO - Batch size: 16
2026-05-30 13:05:07,725 - INFO - Epochs: 200
2026-05-30 13:05:07,725 - INFO - Learning rate: 0.0004
2026-05-30 13:05:07,725 - INFO - Temperature: 2.0
2026-05-30 13:05:07,725 - INFO - Alpha: 0.3
2026-05-30 13:05:07,725 - INFO - Save dir: /media/hdd1/fubohan/Code/UATR/checkpoints/hyperparameter_analysis/01_beta_analysis/B1_learnable_beta_init_0_1
2026-05-30 13:05:07,725 - INFO - ==================================================
2026-05-30 13:05:08,151 - INFO - Train dataset size: 31892
2026-05-30 13:05:08,151 - INFO - Validation dataset size: 10631
2026-05-30 13:05:09,561 - INFO - Student params: 316,234 (0.32M)
2026-05-30 13:05:09,562 - INFO - Teacher params: 164,415,748 (164.42M)
2026-05-30 13:05:09,562 - INFO - Trainable params: 271,242 (0.27M)
2026-05-30 13:05:10,137 - INFO - Start training...
2026-05-30 13:05:10,138 - INFO - 🔥 Resume from: /media/hdd1/fubohan/Code/UATR/checkpoints/hyperparameter_analysis/01_beta_analysis/B1_learnable_beta_init_0_1/checkpoint_epoch_5.pth
