2026-02-12 06:55:57,879 - INFO - ==================================================
2026-02-12 06:55:57,879 - INFO - Distillation Training Configuration
2026-02-12 06:55:57,879 - INFO - ==================================================
2026-02-12 06:55:57,879 - INFO - GPUs: [4, 5, 6, 7]
2026-02-12 06:55:57,879 - INFO - World size: 4
2026-02-12 06:55:57,880 - INFO - Dataset: /media/hdd1/chuxiaohui/AI4Ocean_UATR/ShipsEar_622
2026-02-12 06:55:57,880 - INFO - Data type: wav_s@wav_t
2026-02-12 06:55:57,880 - INFO - Batch size: 16
2026-02-12 06:55:57,880 - INFO - Epochs: 130
2026-02-12 06:55:57,880 - INFO - Learning rate: 0.0005
2026-02-12 06:55:57,880 - INFO - Temperature: 2.0
2026-02-12 06:55:57,880 - INFO - Alpha: 0.3
2026-02-12 06:55:57,880 - INFO - Save dir: checkpoints/grid_shipsear_v2/num_epochs130_weight_decay0.0001_batch_size16_lr0.0005_distill_typeMemKD_freezeTrue_USE_DYNAMIC_DISTILL_WEIGHTFalse_p_encoder0.25_p_classifier0.3
2026-02-12 06:55:57,880 - INFO - ==================================================
2026-02-12 06:55:57,934 - INFO - Train dataset size: 2240
2026-02-12 06:55:57,934 - INFO - Validation dataset size: 749
2026-02-12 06:55:59,550 - INFO - Student params: 316,299 (0.32M)
2026-02-12 06:55:59,550 - INFO - Teacher params: 164,415,877 (164.42M)
2026-02-12 06:55:59,550 - INFO - Trainable params: 271,372 (0.27M)
2026-02-12 06:56:00,064 - INFO - Start training...
2026-02-12 06:56:00,065 - INFO - No checkpoint found, start from scratch
