2026-02-11 04:15:41,540 - INFO - ==================================================
2026-02-11 04:15:41,540 - INFO - Distillation Training Configuration
2026-02-11 04:15:41,540 - INFO - ==================================================
2026-02-11 04:15:41,540 - INFO - GPUs: [4, 5, 6, 7]
2026-02-11 04:15:41,540 - INFO - World size: 4
2026-02-11 04:15:41,540 - INFO - Dataset: /media/hdd1/chuxiaohui/AI4Ocean_UATR/ShipsEar_622
2026-02-11 04:15:41,540 - INFO - Data type: wav_s@wav_t
2026-02-11 04:15:41,540 - INFO - Batch size: 16
2026-02-11 04:15:41,540 - INFO - Epochs: 130
2026-02-11 04:15:41,540 - INFO - Learning rate: 0.0005
2026-02-11 04:15:41,540 - INFO - Temperature: 2.0
2026-02-11 04:15:41,540 - INFO - Alpha: 0.3
2026-02-11 04:15:41,540 - INFO - Save dir: checkpoints/grid_shipsear_v2/num_epochs130_weight_decay0.0001_batch_size16_lr0.0005_distill_typeMTSKD_Temp_freezeTrue_USE_DYNAMIC_DISTILL_WEIGHTFalse_p_encoder0.3_p_classifier0.35
2026-02-11 04:15:41,540 - INFO - ==================================================
2026-02-11 04:15:41,560 - INFO - Train dataset size: 2240
2026-02-11 04:15:41,560 - INFO - Validation dataset size: 749
2026-02-11 04:15:43,245 - INFO - Student params: 316,299 (0.32M)
2026-02-11 04:15:43,245 - INFO - Teacher params: 164,415,877 (164.42M)
2026-02-11 04:15:43,245 - INFO - Trainable params: 271,372 (0.27M)
2026-02-11 04:15:43,823 - INFO - Start training...
2026-02-11 04:15:43,823 - INFO - No checkpoint found, start from scratch
2026-02-11 04:16:07,809 - INFO - Epoch [1] Batch [0/35]                     Loss: 2.1559, Hard: 1.6539, Soft: 0.5020                     Acc: 18.75% LR: 0.000500                     Alpha: 0.5744425058364868                     Beta: 0.0                     MemKD: 0.5
2026-02-11 04:16:10,956 - INFO - Epoch [1] Batch [20/35]                     Loss: 1.7551, Hard: 1.4727, Soft: 0.2823                     Acc: 35.12% LR: 0.000500                     Alpha: 0.5744425058364868                     Beta: -0.008351543918251991                     MemKD: 0.5023455023765564
2026-02-11 04:16:39,601 - INFO - Epoch [1/130] Train Loss: 1.7041, Train Acc: 38.75%, Val Loss: 1.3885, Val Acc: 45.08%
2026-02-11 04:16:39,602 - INFO - Best model saved with accuracy: 45.08%
2026-02-11 04:17:02,342 - INFO - Epoch [2] Batch [0/35]                     Loss: 1.3906, Hard: 1.1783, Soft: 0.2123                     Acc: 50.00% LR: 0.000500                     Alpha: 0.5744425058364868                     Beta: -0.015892980620265007                     MemKD: 0.5039452314376831
2026-02-11 04:17:06,254 - INFO - Epoch [2] Batch [20/35]                     Loss: 1.8089, Hard: 1.5187, Soft: 0.2902                     Acc: 47.02% LR: 0.000500                     Alpha: 0.5744425058364868                     Beta: -0.026124395430088043                     MemKD: 0.5059354305267334
2026-02-11 04:17:35,855 - INFO - Epoch [2/130] Train Loss: 1.4830, Train Acc: 46.25%, Val Loss: 1.1814, Val Acc: 51.60%
2026-02-11 04:17:35,855 - INFO - Best model saved with accuracy: 51.60%
2026-02-11 04:17:58,689 - INFO - Epoch [3] Batch [0/35]                     Loss: 1.2480, Hard: 1.0706, Soft: 0.1773                     Acc: 62.50% LR: 0.000500                     Alpha: 0.5744425058364868                     Beta: -0.03352354094386101                     MemKD: 0.5074256658554077
2026-02-11 04:18:01,703 - INFO - Epoch [3] Batch [20/35]                     Loss: 1.3494, Hard: 1.1718, Soft: 0.1775                     Acc: 47.02% LR: 0.000500                     Alpha: 0.5744425058364868                     Beta: -0.04396821931004524                     MemKD: 0.5094365477561951
2026-02-11 04:18:27,301 - INFO - Epoch [3/130] Train Loss: 1.4157, Train Acc: 49.11%, Val Loss: 1.1147, Val Acc: 53.06%
2026-02-11 04:18:27,302 - INFO - Best model saved with accuracy: 53.06%
2026-02-11 04:18:48,935 - INFO - Epoch [4] Batch [0/35]                     Loss: 1.1742, Hard: 1.0414, Soft: 0.1328                     Acc: 56.25% LR: 0.000499                     Alpha: 0.5744425058364868                     Beta: -0.05273013561964035                     MemKD: 0.5108567476272583
2026-02-11 04:18:52,520 - INFO - Epoch [4] Batch [20/35]                     Loss: 1.4405, Hard: 1.2341, Soft: 0.2064                     Acc: 50.30% LR: 0.000499                     Alpha: 0.5744425058364868                     Beta: -0.06426338851451874                     MemKD: 0.5125967860221863
2026-02-11 04:19:21,619 - INFO - Epoch [4/130] Train Loss: 1.3282, Train Acc: 52.68%, Val Loss: 0.9973, Val Acc: 61.30%
2026-02-11 04:19:21,620 - INFO - Best model saved with accuracy: 61.30%
2026-02-11 04:19:43,729 - INFO - Epoch [5] Batch [0/35]                     Loss: 1.2219, Hard: 1.0654, Soft: 0.1566                     Acc: 56.25% LR: 0.000499                     Alpha: 0.5744425058364868                     Beta: -0.0727255567908287                     MemKD: 0.5139044523239136
2026-02-11 04:19:47,596 - INFO - Epoch [5] Batch [20/35]                     Loss: 1.1308, Hard: 1.0153, Soft: 0.1155                     Acc: 54.46% LR: 0.000499                     Alpha: 0.5744425058364868                     Beta: -0.08411932736635208                     MemKD: 0.5157273411750793
2026-02-11 04:20:16,702 - INFO - Epoch [5/130] Train Loss: 1.2747, Train Acc: 55.00%, Val Loss: 0.9925, Val Acc: 60.24%
2026-02-11 04:20:38,397 - INFO - Epoch [6] Batch [0/35]                     Loss: 1.2153, Hard: 1.0725, Soft: 0.1428                     Acc: 43.75% LR: 0.000498                     Alpha: 0.5744425058364868                     Beta: -0.09340281784534454                     MemKD: 0.5169026851654053
2026-02-11 04:20:42,118 - INFO - Epoch [6] Batch [20/35]                     Loss: 1.6877, Hard: 1.4599, Soft: 0.2277                     Acc: 55.65% LR: 0.000498                     Alpha: 0.5744425058364868                     Beta: -0.10579286515712738                     MemKD: 0.5183789134025574
2026-02-11 04:21:10,983 - INFO - Epoch [6/130] Train Loss: 1.1953, Train Acc: 55.89%, Val Loss: 0.9244, Val Acc: 63.03%
2026-02-11 04:21:10,984 - INFO - Best model saved with accuracy: 63.03%
2026-02-11 04:21:34,175 - INFO - Epoch [7] Batch [0/35]                     Loss: 1.2073, Hard: 1.1087, Soft: 0.0986                     Acc: 62.50% LR: 0.000497                     Alpha: 0.5744425058364868                     Beta: -0.11570210009813309                     MemKD: 0.519391655921936
2026-02-11 04:21:37,862 - INFO - Epoch [7] Batch [20/35]                     Loss: 1.0968, Hard: 0.9952, Soft: 0.1016                     Acc: 57.74% LR: 0.000497                     Alpha: 0.5744425058364868                     Beta: -0.1283808797597885                     MemKD: 0.5207018852233887
2026-02-11 04:22:06,837 - INFO - Epoch [7/130] Train Loss: 1.2046, Train Acc: 57.50%, Val Loss: 1.1119, Val Acc: 59.04%
2026-02-11 04:22:29,631 - INFO - Epoch [8] Batch [0/35]                     Loss: 0.9893, Hard: 0.8794, Soft: 0.1100                     Acc: 75.00% LR: 0.000496                     Alpha: 0.5744425058364868                     Beta: -0.13768987357616425                     MemKD: 0.5217087268829346
2026-02-11 04:22:32,774 - INFO - Epoch [8] Batch [20/35]                     Loss: 0.9827, Hard: 0.8980, Soft: 0.0847                     Acc: 59.82% LR: 0.000496                     Alpha: 0.5744425058364868                     Beta: -0.15022151172161102                     MemKD: 0.5229666233062744
2026-02-11 04:23:01,515 - INFO - Epoch [8/130] Train Loss: 1.1532, Train Acc: 60.00%, Val Loss: 0.9274, Val Acc: 65.56%
2026-02-11 04:23:01,515 - INFO - Best model saved with accuracy: 65.56%
2026-02-11 04:23:24,871 - INFO - Epoch [9] Batch [0/35]                     Loss: 0.8241, Hard: 0.7943, Soft: 0.0298                     Acc: 75.00% LR: 0.000495                     Alpha: 0.5744425058364868                     Beta: -0.15989051759243011                     MemKD: 0.5237166285514832
2026-02-11 04:23:28,832 - INFO - Epoch [9] Batch [20/35]                     Loss: 1.5693, Hard: 1.4091, Soft: 0.1603                     Acc: 59.23% LR: 0.000495                     Alpha: 0.5744425058364868                     Beta: -0.17305755615234375                     MemKD: 0.5245264172554016
2026-02-11 04:23:58,374 - INFO - Epoch [9/130] Train Loss: 1.0452, Train Acc: 61.61%, Val Loss: 0.9042, Val Acc: 65.43%
2026-02-11 04:24:21,620 - INFO - Epoch [10] Batch [0/35]                     Loss: 1.0829, Hard: 1.0093, Soft: 0.0736                     Acc: 68.75% LR: 0.000494                     Alpha: 0.5744425058364868                     Beta: -0.18305009603500366                     MemKD: 0.5249549746513367
2026-02-11 04:24:25,351 - INFO - Epoch [10] Batch [20/35]                     Loss: 1.1480, Hard: 1.1064, Soft: 0.0416                     Acc: 63.39% LR: 0.000494                     Alpha: 0.5744425058364868                     Beta: -0.1966487169265747                     MemKD: 0.5252019166946411
2026-02-11 04:24:54,677 - INFO - Epoch [10/130] Train Loss: 0.9404, Train Acc: 64.46%, Val Loss: 1.1060, Val Acc: 59.57%
2026-02-11 04:24:54,738 - INFO - Checkpoint saved at epoch 10
2026-02-11 04:25:17,372 - INFO - Epoch [11] Batch [0/35]                     Loss: 0.5807, Hard: 0.6153, Soft: -0.0347                     Acc: 87.50% LR: 0.000493                     Alpha: 0.5744425058364868                     Beta: -0.20673920214176178                     MemKD: 0.5252183675765991
2026-02-11 04:25:21,092 - INFO - Epoch [11] Batch [20/35]                     Loss: 1.2571, Hard: 1.2041, Soft: 0.0530                     Acc: 63.69% LR: 0.000493                     Alpha: 0.5744425058364868                     Beta: -0.2198033332824707                     MemKD: 0.5252665281295776
2026-02-11 04:25:49,689 - INFO - Epoch [11/130] Train Loss: 1.0439, Train Acc: 62.32%, Val Loss: 0.8308, Val Acc: 67.82%
2026-02-11 04:25:49,689 - INFO - Best model saved with accuracy: 67.82%
2026-02-11 04:26:12,418 - INFO - Epoch [12] Batch [0/35]                     Loss: 0.7872, Hard: 0.7982, Soft: -0.0110                     Acc: 68.75% LR: 0.000491                     Alpha: 0.5744425058364868                     Beta: -0.2292431741952896                     MemKD: 0.5253106951713562
2026-02-11 04:26:16,088 - INFO - Epoch [12] Batch [20/35]                     Loss: 1.3214, Hard: 1.1967, Soft: 0.1247                     Acc: 67.86% LR: 0.000491                     Alpha: 0.5744425058364868                     Beta: -0.24213962256908417                     MemKD: 0.5248509645462036
2026-02-11 04:26:45,497 - INFO - Epoch [12/130] Train Loss: 0.8688, Train Acc: 67.68%, Val Loss: 0.8291, Val Acc: 67.95%
2026-02-11 04:26:45,497 - INFO - Best model saved with accuracy: 67.95%
2026-02-11 04:27:09,663 - INFO - Epoch [13] Batch [0/35]                     Loss: 1.3661, Hard: 1.3084, Soft: 0.0577                     Acc: 37.50% LR: 0.000490                     Alpha: 0.5744425058364868                     Beta: -0.25173136591911316                     MemKD: 0.5244038701057434
2026-02-11 04:27:12,850 - INFO - Epoch [13] Batch [20/35]                     Loss: 1.3401, Hard: 1.2484, Soft: 0.0916                     Acc: 56.55% LR: 0.000490                     Alpha: 0.5744425058364868                     Beta: -0.26366835832595825                     MemKD: 0.5241698622703552
2026-02-11 04:27:42,098 - INFO - Epoch [13/130] Train Loss: 1.0466, Train Acc: 59.29%, Val Loss: 0.9942, Val Acc: 59.18%
2026-02-11 04:28:05,915 - INFO - Epoch [14] Batch [0/35]                     Loss: 0.5252, Hard: 0.6198, Soft: -0.0946                     Acc: 81.25% LR: 0.000488                     Alpha: 0.5744425058364868                     Beta: -0.2724897563457489                     MemKD: 0.5239599347114563
2026-02-11 04:28:09,913 - INFO - Epoch [14] Batch [20/35]                     Loss: 0.6834, Hard: 0.7032, Soft: -0.0198                     Acc: 63.99% LR: 0.000488                     Alpha: 0.5744425058364868                     Beta: -0.2843843400478363                     MemKD: 0.5232143402099609
2026-02-11 04:28:38,790 - INFO - Epoch [14/130] Train Loss: 0.9056, Train Acc: 65.54%, Val Loss: 0.8313, Val Acc: 67.42%
2026-02-11 04:29:01,440 - INFO - Epoch [15] Batch [0/35]                     Loss: 0.9205, Hard: 0.9135, Soft: 0.0071                     Acc: 68.75% LR: 0.000486                     Alpha: 0.5744425058364868                     Beta: -0.29323258996009827                     MemKD: 0.5226042866706848
2026-02-11 04:29:05,313 - INFO - Epoch [15] Batch [20/35]                     Loss: 0.8125, Hard: 0.8433, Soft: -0.0308                     Acc: 69.94% LR: 0.000486                     Alpha: 0.5744425058364868                     Beta: -0.3054772615432739                     MemKD: 0.5212281346321106
2026-02-11 04:29:34,445 - INFO - Epoch [15/130] Train Loss: 0.8234, Train Acc: 68.39%, Val Loss: 0.9120, Val Acc: 63.03%
2026-02-11 04:29:56,448 - INFO - Epoch [16] Batch [0/35]                     Loss: 0.9097, Hard: 0.9227, Soft: -0.0129                     Acc: 56.25% LR: 0.000484                     Alpha: 0.5744425058364868                     Beta: -0.3148791790008545                     MemKD: 0.5198309421539307
2026-02-11 04:30:00,182 - INFO - Epoch [16] Batch [20/35]                     Loss: 0.7096, Hard: 0.7983, Soft: -0.0887                     Acc: 69.05% LR: 0.000484                     Alpha: 0.5744425058364868                     Beta: -0.32708263397216797                     MemKD: 0.5179473161697388
2026-02-11 04:30:29,648 - INFO - Epoch [16/130] Train Loss: 0.8096, Train Acc: 68.21%, Val Loss: 0.9812, Val Acc: 60.51%
2026-02-11 04:30:53,153 - INFO - Epoch [17] Batch [0/35]                     Loss: 1.1645, Hard: 1.1138, Soft: 0.0506                     Acc: 50.00% LR: 0.000482                     Alpha: 0.5744425058364868                     Beta: -0.3361620604991913                     MemKD: 0.5164093971252441
2026-02-11 04:30:56,921 - INFO - Epoch [17] Batch [20/35]                     Loss: 0.5446, Hard: 0.6390, Soft: -0.0943                     Acc: 71.43% LR: 0.000482                     Alpha: 0.5744425058364868                     Beta: -0.34820353984832764                     MemKD: 0.5141478180885315
2026-02-11 04:31:25,366 - INFO - Epoch [17/130] Train Loss: 0.7955, Train Acc: 68.04%, Val Loss: 0.9356, Val Acc: 62.10%
2026-02-11 04:31:49,236 - INFO - Epoch [18] Batch [0/35]                     Loss: 1.5066, Hard: 1.4132, Soft: 0.0934                     Acc: 56.25% LR: 0.000479                     Alpha: 0.5744425058364868                     Beta: -0.3570443093776703                     MemKD: 0.5124746561050415
2026-02-11 04:31:52,308 - INFO - Epoch [18] Batch [20/35]                     Loss: 0.8747, Hard: 0.9396, Soft: -0.0650                     Acc: 63.39% LR: 0.000479                     Alpha: 0.5744425058364868                     Beta: -0.3681633472442627                     MemKD: 0.510694146156311
2026-02-11 04:32:20,928 - INFO - Epoch [18/130] Train Loss: 0.8380, Train Acc: 64.82%, Val Loss: 0.9487, Val Acc: 62.63%
2026-02-11 04:32:41,837 - INFO - Epoch [19] Batch [0/35]                     Loss: 0.5592, Hard: 0.6613, Soft: -0.1021                     Acc: 68.75% LR: 0.000477                     Alpha: 0.5744425058364868                     Beta: -0.37675487995147705                     MemKD: 0.5089691281318665
2026-02-11 04:32:44,930 - INFO - Epoch [19] Batch [20/35]                     Loss: 0.4392, Hard: 0.5927, Soft: -0.1534                     Acc: 70.83% LR: 0.000477                     Alpha: 0.5744425058364868                     Beta: -0.38853397965431213                     MemKD: 0.506135880947113
2026-02-11 04:33:11,862 - INFO - Epoch [19/130] Train Loss: 0.7051, Train Acc: 69.29%, Val Loss: 0.7828, Val Acc: 69.55%
2026-02-11 04:33:11,862 - INFO - Best model saved with accuracy: 69.55%
2026-02-11 04:33:33,470 - INFO - Epoch [20] Batch [0/35]                     Loss: 0.6027, Hard: 0.7585, Soft: -0.1558                     Acc: 75.00% LR: 0.000474                     Alpha: 0.5744425058364868                     Beta: -0.3974173069000244                     MemKD: 0.5039016604423523
2026-02-11 04:33:37,135 - INFO - Epoch [20] Batch [20/35]                     Loss: 1.0401, Hard: 1.0934, Soft: -0.0533                     Acc: 69.64% LR: 0.000474                     Alpha: 0.5744425058364868                     Beta: -0.40914350748062134                     MemKD: 0.5008087754249573
2026-02-11 04:34:06,599 - INFO - Epoch [20/130] Train Loss: 0.7494, Train Acc: 68.75%, Val Loss: 0.8786, Val Acc: 66.62%
2026-02-11 04:34:06,649 - INFO - Checkpoint saved at epoch 20
2026-02-11 04:34:30,657 - INFO - Epoch [21] Batch [0/35]                     Loss: 0.4689, Hard: 0.6429, Soft: -0.1740                     Acc: 68.75% LR: 0.000471                     Alpha: 0.5744425058364868                     Beta: -0.4176066517829895                     MemKD: 0.49871763586997986
2026-02-11 04:34:34,372 - INFO - Epoch [21] Batch [20/35]                     Loss: 0.2689, Hard: 0.4943, Soft: -0.2254                     Acc: 71.73% LR: 0.000471                     Alpha: 0.5744425058364868                     Beta: -0.4291873276233673                     MemKD: 0.4955403506755829
2026-02-11 04:35:02,179 - INFO - Epoch [21/130] Train Loss: 0.6383, Train Acc: 70.89%, Val Loss: 0.7504, Val Acc: 70.08%
2026-02-11 04:35:02,180 - INFO - Best model saved with accuracy: 70.08%
2026-02-11 04:35:24,161 - INFO - Epoch [22] Batch [0/35]                     Loss: 0.9910, Hard: 1.0253, Soft: -0.0342                     Acc: 50.00% LR: 0.000468                     Alpha: 0.5744425058364868                     Beta: -0.43797093629837036                     MemKD: 0.4929809868335724
2026-02-11 04:35:28,011 - INFO - Epoch [22] Batch [20/35]                     Loss: 0.6916, Hard: 0.8382, Soft: -0.1466                     Acc: 72.32% LR: 0.000468                     Alpha: 0.5744425058364868                     Beta: -0.4495154321193695                     MemKD: 0.48958709836006165
2026-02-11 04:35:56,328 - INFO - Epoch [22/130] Train Loss: 0.6418, Train Acc: 71.25%, Val Loss: 0.6617, Val Acc: 74.73%
2026-02-11 04:35:56,328 - INFO - Best model saved with accuracy: 74.73%
2026-02-11 04:36:19,572 - INFO - Epoch [23] Batch [0/35]                     Loss: 0.4608, Hard: 0.6424, Soft: -0.1816                     Acc: 75.00% LR: 0.000465                     Alpha: 0.5744425058364868                     Beta: -0.4580140709877014                     MemKD: 0.48714756965637207
2026-02-11 04:36:23,453 - INFO - Epoch [23] Batch [20/35]                     Loss: 0.4604, Hard: 0.6774, Soft: -0.2171                     Acc: 73.21% LR: 0.000465                     Alpha: 0.5744425058364868                     Beta: -0.4694708585739136                     MemKD: 0.4837319254875183
2026-02-11 04:36:50,657 - INFO - Epoch [23/130] Train Loss: 0.5847, Train Acc: 72.50%, Val Loss: 0.7079, Val Acc: 70.61%
2026-02-11 04:37:13,185 - INFO - Epoch [24] Batch [0/35]                     Loss: 0.4602, Hard: 0.6369, Soft: -0.1767                     Acc: 75.00% LR: 0.000462                     Alpha: 0.5744425058364868                     Beta: -0.4780745804309845                     MemKD: 0.4811253845691681
2026-02-11 04:37:16,251 - INFO - Epoch [24] Batch [20/35]                     Loss: 0.0821, Hard: 0.3812, Soft: -0.2991                     Acc: 70.54% LR: 0.000462                     Alpha: 0.5744425058364868                     Beta: -0.48929911851882935                     MemKD: 0.47777488827705383
2026-02-11 04:37:43,551 - INFO - Epoch [24/130] Train Loss: 0.5972, Train Acc: 71.07%, Val Loss: 1.0664, Val Acc: 58.78%
2026-02-11 04:38:06,634 - INFO - Epoch [25] Batch [0/35]                     Loss: 0.6393, Hard: 0.8204, Soft: -0.1811                     Acc: 68.75% LR: 0.000459                     Alpha: 0.5744425058364868                     Beta: -0.49780508875846863                     MemKD: 0.4751812219619751
2026-02-11 04:38:10,246 - INFO - Epoch [25] Batch [20/35]                     Loss: 0.1280, Hard: 0.4106, Soft: -0.2826                     Acc: 71.43% LR: 0.000459                     Alpha: 0.5744425058364868                     Beta: -0.5091755986213684                     MemKD: 0.4715615212917328
2026-02-11 04:38:38,706 - INFO - Epoch [25/130] Train Loss: 0.5246, Train Acc: 71.43%, Val Loss: 0.6338, Val Acc: 77.26%
2026-02-11 04:38:38,706 - INFO - Best model saved with accuracy: 77.26%
2026-02-11 04:39:00,858 - INFO - Epoch [26] Batch [0/35]                     Loss: 0.2033, Hard: 0.5156, Soft: -0.3123                     Acc: 81.25% LR: 0.000456                     Alpha: 0.5744425058364868                     Beta: -0.5176817178726196                     MemKD: 0.46885305643081665
2026-02-11 04:39:03,958 - INFO - Epoch [26] Batch [20/35]                     Loss: 0.7586, Hard: 0.9506, Soft: -0.1919                     Acc: 73.51% LR: 0.000456                     Alpha: 0.5744425058364868                     Beta: -0.5290111303329468                     MemKD: 0.4652417302131653
2026-02-11 04:39:31,850 - INFO - Epoch [26/130] Train Loss: 0.5010, Train Acc: 72.86%, Val Loss: 0.6621, Val Acc: 74.60%
2026-02-11 04:39:54,231 - INFO - Epoch [27] Batch [0/35]                     Loss: 0.1349, Hard: 0.4558, Soft: -0.3209                     Acc: 93.75% LR: 0.000452                     Alpha: 0.5744425058364868                     Beta: -0.5372897982597351                     MemKD: 0.4626845121383667
2026-02-11 04:39:57,958 - INFO - Epoch [27] Batch [20/35]                     Loss: 0.2674, Hard: 0.5668, Soft: -0.2994                     Acc: 75.30% LR: 0.000452                     Alpha: 0.5744425058364868                     Beta: -0.5484745502471924                     MemKD: 0.45907190442085266
2026-02-11 04:40:25,625 - INFO - Epoch [27/130] Train Loss: 0.4813, Train Acc: 74.46%, Val Loss: 0.6525, Val Acc: 75.80%
2026-02-11 04:40:47,816 - INFO - Epoch [28] Batch [0/35]                     Loss: 0.6309, Hard: 0.8004, Soft: -0.1694                     Acc: 75.00% LR: 0.000449                     Alpha: 0.5744425058364868                     Beta: -0.5567789673805237                     MemKD: 0.4564317762851715
2026-02-11 04:40:51,568 - INFO - Epoch [28] Batch [20/35]                     Loss: 0.1955, Hard: 0.5180, Soft: -0.3225                     Acc: 75.30% LR: 0.000449                     Alpha: 0.5744425058364868                     Beta: -0.5677109956741333                     MemKD: 0.45298683643341064
2026-02-11 04:41:19,955 - INFO - Epoch [28/130] Train Loss: 0.4337, Train Acc: 73.75%, Val Loss: 0.6938, Val Acc: 72.87%
2026-02-11 04:41:42,394 - INFO - Epoch [29] Batch [0/35]                     Loss: 0.2771, Hard: 0.6033, Soft: -0.3262                     Acc: 75.00% LR: 0.000445                     Alpha: 0.5744425058364868                     Beta: -0.5760817527770996                     MemKD: 0.45027509331703186
2026-02-11 04:41:46,051 - INFO - Epoch [29] Batch [20/35]                     Loss: 0.4937, Hard: 0.7296, Soft: -0.2359                     Acc: 74.40% LR: 0.000445                     Alpha: 0.5744425058364868                     Beta: -0.587080717086792                     MemKD: 0.44674405455589294
2026-02-11 04:42:14,669 - INFO - Epoch [29/130] Train Loss: 0.3589, Train Acc: 73.93%, Val Loss: 0.7705, Val Acc: 70.08%
2026-02-11 04:42:37,416 - INFO - Epoch [30] Batch [0/35]                     Loss: 0.6917, Hard: 0.9159, Soft: -0.2242                     Acc: 68.75% LR: 0.000441                     Alpha: 0.5744425058364868                     Beta: -0.5953940153121948                     MemKD: 0.4440474510192871
2026-02-11 04:42:41,330 - INFO - Epoch [30] Batch [20/35]                     Loss: 0.6968, Hard: 0.8735, Soft: -0.1767                     Acc: 76.19% LR: 0.000441                     Alpha: 0.5744425058364868                     Beta: -0.6064236164093018                     MemKD: 0.4404822885990143
2026-02-11 04:43:10,383 - INFO - Epoch [30/130] Train Loss: 0.4281, Train Acc: 73.93%, Val Loss: 0.6799, Val Acc: 73.54%
2026-02-11 04:43:10,431 - INFO - Checkpoint saved at epoch 30
2026-02-11 04:43:34,094 - INFO - Epoch [31] Batch [0/35]                     Loss: 0.5247, Hard: 0.8164, Soft: -0.2916                     Acc: 62.50% LR: 0.000437                     Alpha: 0.5744425058364868                     Beta: -0.6144427061080933                     MemKD: 0.43799617886543274
2026-02-11 04:43:37,145 - INFO - Epoch [31] Batch [20/35]                     Loss: 0.0551, Hard: 0.4533, Soft: -0.3982                     Acc: 72.32% LR: 0.000437                     Alpha: 0.5744425058364868                     Beta: -0.6248760223388672                     MemKD: 0.4348462224006653
2026-02-11 04:44:06,232 - INFO - Epoch [31/130] Train Loss: 0.3795, Train Acc: 73.04%, Val Loss: 0.6725, Val Acc: 72.21%
2026-02-11 04:44:29,357 - INFO - Epoch [32] Batch [0/35]                     Loss: 0.3288, Hard: 0.6600, Soft: -0.3312                     Acc: 62.50% LR: 0.000433                     Alpha: 0.5744425058364868                     Beta: -0.6329147815704346                     MemKD: 0.43232110142707825
2026-02-11 04:44:33,335 - INFO - Epoch [32] Batch [20/35]                     Loss: 0.2268, Hard: 0.5913, Soft: -0.3644                     Acc: 75.00% LR: 0.000433                     Alpha: 0.5744425058364868                     Beta: -0.6437094807624817                     MemKD: 0.4288814067840576
2026-02-11 04:45:01,387 - INFO - Epoch [32/130] Train Loss: 0.3181, Train Acc: 75.54%, Val Loss: 0.7869, Val Acc: 70.88%
2026-02-11 04:45:24,631 - INFO - Epoch [33] Batch [0/35]                     Loss: 0.3055, Hard: 0.6615, Soft: -0.3560                     Acc: 81.25% LR: 0.000429                     Alpha: 0.5744425058364868                     Beta: -0.6517989635467529                     MemKD: 0.42631930112838745
2026-02-11 04:45:28,229 - INFO - Epoch [33] Batch [20/35]                     Loss: 0.3071, Hard: 0.6856, Soft: -0.3785                     Acc: 72.92% LR: 0.000429                     Alpha: 0.5744425058364868                     Beta: -0.6622478365898132                     MemKD: 0.4230582118034363
2026-02-11 04:45:56,902 - INFO - Epoch [33/130] Train Loss: 0.3968, Train Acc: 73.75%, Val Loss: 0.8739, Val Acc: 68.48%
2026-02-11 04:46:18,885 - INFO - Epoch [34] Batch [0/35]                     Loss: 0.0760, Hard: 0.5083, Soft: -0.4322                     Acc: 87.50% LR: 0.000425                     Alpha: 0.5744425058364868                     Beta: -0.6697495579719543                     MemKD: 0.4208470582962036
2026-02-11 04:46:22,725 - INFO - Epoch [34] Batch [20/35]                     Loss: 0.3108, Hard: 0.6923, Soft: -0.3815                     Acc: 76.19% LR: 0.000425                     Alpha: 0.5744425058364868                     Beta: -0.6801493763923645                     MemKD: 0.4176432490348816
2026-02-11 04:46:50,457 - INFO - Epoch [34/130] Train Loss: 0.3426, Train Acc: 74.82%, Val Loss: 0.6733, Val Acc: 73.80%
2026-02-11 04:47:13,041 - INFO - Epoch [35] Batch [0/35]                     Loss: 1.0432, Hard: 1.1474, Soft: -0.1043                     Acc: 56.25% LR: 0.000420                     Alpha: 0.5744425058364868                     Beta: -0.6876497864723206                     MemKD: 0.4154399037361145
2026-02-11 04:47:16,820 - INFO - Epoch [35] Batch [20/35]                     Loss: 0.3328, Hard: 0.6745, Soft: -0.3417                     Acc: 74.40% LR: 0.000420                     Alpha: 0.5744425058364868                     Beta: -0.6976836323738098                     MemKD: 0.4124196469783783
2026-02-11 04:47:46,216 - INFO - Epoch [35/130] Train Loss: 0.2856, Train Acc: 74.82%, Val Loss: 0.7389, Val Acc: 73.27%
2026-02-11 04:48:09,533 - INFO - Epoch [36] Batch [0/35]                     Loss: -0.0510, Hard: 0.4222, Soft: -0.4732                     Acc: 81.25% LR: 0.000416                     Alpha: 0.5744425058364868                     Beta: -0.7054041028022766                     MemKD: 0.4100445508956909
2026-02-11 04:48:12,584 - INFO - Epoch [36] Batch [20/35]                     Loss: 0.5496, Hard: 0.9274, Soft: -0.3778                     Acc: 75.60% LR: 0.000416                     Alpha: 0.5744425058364868                     Beta: -0.7158072590827942                     MemKD: 0.40681758522987366
2026-02-11 04:48:41,647 - INFO - Epoch [36/130] Train Loss: 0.2128, Train Acc: 75.54%, Val Loss: 0.5770, Val Acc: 78.19%
2026-02-11 04:48:41,647 - INFO - Best model saved with accuracy: 78.19%
2026-02-11 04:49:03,412 - INFO - Epoch [37] Batch [0/35]                     Loss: -0.2172, Hard: 0.3290, Soft: -0.5463                     Acc: 87.50% LR: 0.000411                     Alpha: 0.5744425058364868                     Beta: -0.7236183285713196                     MemKD: 0.4044116139411926
2026-02-11 04:49:06,505 - INFO - Epoch [37] Batch [20/35]                     Loss: 0.2120, Hard: 0.6771, Soft: -0.4651                     Acc: 79.76% LR: 0.000411                     Alpha: 0.5744425058364868                     Beta: -0.7341098785400391                     MemKD: 0.40115174651145935
2026-02-11 04:49:34,900 - INFO - Epoch [37/130] Train Loss: 0.1029, Train Acc: 79.46%, Val Loss: 0.7661, Val Acc: 73.54%
2026-02-11 04:49:57,097 - INFO - Epoch [38] Batch [0/35]                     Loss: -0.1764, Hard: 0.3436, Soft: -0.5200                     Acc: 93.75% LR: 0.000407                     Alpha: 0.5744425058364868                     Beta: -0.7419456839561462                     MemKD: 0.39871591329574585
2026-02-11 04:50:00,784 - INFO - Epoch [38] Batch [20/35]                     Loss: 0.8485, Hard: 1.0896, Soft: -0.2411                     Acc: 80.65% LR: 0.000407                     Alpha: 0.5744425058364868                     Beta: -0.7522162795066833                     MemKD: 0.3955545723438263
2026-02-11 04:50:29,170 - INFO - Epoch [38/130] Train Loss: 0.1201, Train Acc: 78.93%, Val Loss: 0.5606, Val Acc: 78.72%
2026-02-11 04:50:29,170 - INFO - Best model saved with accuracy: 78.72%
2026-02-11 04:50:52,971 - INFO - Epoch [39] Batch [0/35]                     Loss: 0.3498, Hard: 0.7337, Soft: -0.3839                     Acc: 75.00% LR: 0.000402                     Alpha: 0.5744425058364868                     Beta: -0.759676992893219                     MemKD: 0.3933303654193878
2026-02-11 04:50:56,674 - INFO - Epoch [39] Batch [20/35]                     Loss: -0.0987, Hard: 0.4384, Soft: -0.5371                     Acc: 80.95% LR: 0.000402                     Alpha: 0.5744425058364868                     Beta: -0.7696710824966431                     MemKD: 0.3903283476829529
2026-02-11 04:51:25,982 - INFO - Epoch [39/130] Train Loss: 0.0266, Train Acc: 80.89%, Val Loss: 0.5118, Val Acc: 81.12%
2026-02-11 04:51:25,982 - INFO - Best model saved with accuracy: 81.12%
2026-02-11 04:51:49,258 - INFO - Epoch [40] Batch [0/35]                     Loss: -0.0779, Hard: 0.4699, Soft: -0.5478                     Acc: 75.00% LR: 0.000397                     Alpha: 0.5744425058364868                     Beta: -0.7772926688194275                     MemKD: 0.38802003860473633
2026-02-11 04:51:53,079 - INFO - Epoch [40] Batch [20/35]                     Loss: -0.1328, Hard: 0.4552, Soft: -0.5880                     Acc: 79.76% LR: 0.000397                     Alpha: 0.5744425058364868                     Beta: -0.7871648669242859                     MemKD: 0.38508445024490356
2026-02-11 04:52:22,464 - INFO - Epoch [40/130] Train Loss: 0.0666, Train Acc: 78.04%, Val Loss: 0.6306, Val Acc: 77.13%
2026-02-11 04:52:22,522 - INFO - Checkpoint saved at epoch 40
2026-02-11 04:52:46,348 - INFO - Epoch [41] Batch [0/35]                     Loss: -0.1786, Hard: 0.4031, Soft: -0.5816                     Acc: 81.25% LR: 0.000392                     Alpha: 0.5744425058364868                     Beta: -0.7944955229759216                     MemKD: 0.3829362094402313
2026-02-11 04:52:49,494 - INFO - Epoch [41] Batch [20/35]                     Loss: 0.0185, Hard: 0.5194, Soft: -0.5009                     Acc: 80.65% LR: 0.000392                     Alpha: 0.5744425058364868                     Beta: -0.8040252923965454                     MemKD: 0.3801898658275604
2026-02-11 04:53:18,584 - INFO - Epoch [41/130] Train Loss: 0.0473, Train Acc: 80.89%, Val Loss: 0.6496, Val Acc: 76.46%
2026-02-11 04:53:40,513 - INFO - Epoch [42] Batch [0/35]                     Loss: 0.0995, Hard: 0.6249, Soft: -0.5254                     Acc: 75.00% LR: 0.000387                     Alpha: 0.5744425058364868                     Beta: -0.8113459944725037                     MemKD: 0.37805792689323425
2026-02-11 04:53:43,623 - INFO - Epoch [42] Batch [20/35]                     Loss: 0.6416, Hard: 1.0065, Soft: -0.3649                     Acc: 82.74% LR: 0.000387                     Alpha: 0.5744425058364868                     Beta: -0.821058452129364                     MemKD: 0.37523847818374634
2026-02-11 04:54:12,767 - INFO - Epoch [42/130] Train Loss: -0.0416, Train Acc: 82.68%, Val Loss: 0.6781, Val Acc: 72.87%
2026-02-11 04:54:36,052 - INFO - Epoch [43] Batch [0/35]                     Loss: -0.3454, Hard: 0.3814, Soft: -0.7268                     Acc: 87.50% LR: 0.000382                     Alpha: 0.5744425058364868                     Beta: -0.8283101320266724                     MemKD: 0.3731582462787628
2026-02-11 04:54:39,779 - INFO - Epoch [43] Batch [20/35]                     Loss: 0.1852, Hard: 0.6381, Soft: -0.4529                     Acc: 80.65% LR: 0.000382                     Alpha: 0.5744425058364868                     Beta: -0.8379420638084412                     MemKD: 0.3703910708427429
2026-02-11 04:55:08,357 - INFO - Epoch [43/130] Train Loss: -0.0832, Train Acc: 81.79%, Val Loss: 1.0722, Val Acc: 66.36%
2026-02-11 04:55:31,949 - INFO - Epoch [44] Batch [0/35]                     Loss: -0.4546, Hard: 0.2856, Soft: -0.7402                     Acc: 100.00% LR: 0.000377                     Alpha: 0.5744425058364868                     Beta: -0.8450710773468018                     MemKD: 0.3683719038963318
2026-02-11 04:55:35,767 - INFO - Epoch [44] Batch [20/35]                     Loss: -0.4463, Hard: 0.2746, Soft: -0.7209                     Acc: 83.63% LR: 0.000377                     Alpha: 0.5744425058364868                     Beta: -0.8545860648155212                     MemKD: 0.3656575679779053
2026-02-11 04:56:04,776 - INFO - Epoch [44/130] Train Loss: -0.1090, Train Acc: 80.00%, Val Loss: 0.6075, Val Acc: 78.32%
2026-02-11 04:56:27,136 - INFO - Epoch [45] Batch [0/35]                     Loss: -0.1398, Hard: 0.5059, Soft: -0.6457                     Acc: 81.25% LR: 0.000371                     Alpha: 0.5744425058364868                     Beta: -0.8615355491638184                     MemKD: 0.36372900009155273
2026-02-11 04:56:30,990 - INFO - Epoch [45] Batch [20/35]                     Loss: 0.5878, Hard: 1.0173, Soft: -0.4296                     Acc: 80.06% LR: 0.000371                     Alpha: 0.5744425058364868                     Beta: -0.8708274960517883                     MemKD: 0.3611154556274414
2026-02-11 04:56:59,024 - INFO - Epoch [45/130] Train Loss: -0.0875, Train Acc: 79.82%, Val Loss: 0.5300, Val Acc: 80.59%
2026-02-11 04:57:20,746 - INFO - Epoch [46] Batch [0/35]                     Loss: 0.3247, Hard: 0.8766, Soft: -0.5519                     Acc: 68.75% LR: 0.000366                     Alpha: 0.5744425058364868                     Beta: -0.8775971531867981                     MemKD: 0.35926151275634766
2026-02-11 04:57:24,445 - INFO - Epoch [46] Batch [20/35]                     Loss: -0.3630, Hard: 0.3895, Soft: -0.7525                     Acc: 80.06% LR: 0.000366                     Alpha: 0.5744425058364868                     Beta: -0.8864436745643616                     MemKD: 0.35686030983924866
2026-02-11 04:57:53,999 - INFO - Epoch [46/130] Train Loss: -0.0948, Train Acc: 78.57%, Val Loss: 0.7382, Val Acc: 74.20%
2026-02-11 04:58:16,534 - INFO - Epoch [47] Batch [0/35]                     Loss: -0.2686, Hard: 0.4288, Soft: -0.6974                     Acc: 81.25% LR: 0.000361                     Alpha: 0.5744425058364868                     Beta: -0.893250048160553                     MemKD: 0.3549879491329193
2026-02-11 04:58:19,604 - INFO - Epoch [47] Batch [20/35]                     Loss: 0.3205, Hard: 0.8911, Soft: -0.5706                     Acc: 77.98% LR: 0.000361                     Alpha: 0.5744425058364868                     Beta: -0.9019588828086853                     MemKD: 0.35263392329216003
2026-02-11 04:58:46,714 - INFO - Epoch [47/130] Train Loss: -0.1452, Train Acc: 80.00%, Val Loss: 0.5091, Val Acc: 79.52%
2026-02-11 04:59:08,642 - INFO - Epoch [48] Batch [0/35]                     Loss: 0.0457, Hard: 0.6704, Soft: -0.6247                     Acc: 87.50% LR: 0.000355                     Alpha: 0.5744425058364868                     Beta: -0.9086560606956482                     MemKD: 0.3508184552192688
2026-02-11 04:59:12,452 - INFO - Epoch [48] Batch [20/35]                     Loss: -0.5073, Hard: 0.3023, Soft: -0.8096                     Acc: 81.55% LR: 0.000355                     Alpha: 0.5744425058364868                     Beta: -0.917367696762085                     MemKD: 0.348472535610199
2026-02-11 04:59:40,933 - INFO - Epoch [48/130] Train Loss: -0.1322, Train Acc: 82.32%, Val Loss: 0.5074, Val Acc: 80.59%
2026-02-11 05:00:01,423 - INFO - Epoch [49] Batch [0/35]                     Loss: -0.4409, Hard: 0.3349, Soft: -0.7758                     Acc: 87.50% LR: 0.000350                     Alpha: 0.5744425058364868                     Beta: -0.9238139986991882                     MemKD: 0.346757709980011
2026-02-11 05:00:04,442 - INFO - Epoch [49] Batch [20/35]                     Loss: -0.1184, Hard: 0.5804, Soft: -0.6988                     Acc: 80.06% LR: 0.000350                     Alpha: 0.5744425058364868                     Beta: -0.9323427677154541                     MemKD: 0.34448665380477905
2026-02-11 05:00:31,886 - INFO - Epoch [49/130] Train Loss: -0.1842, Train Acc: 81.25%, Val Loss: 0.5167, Val Acc: 80.05%
2026-02-11 05:00:55,789 - INFO - Epoch [50] Batch [0/35]                     Loss: -0.3161, Hard: 0.4475, Soft: -0.7636                     Acc: 93.75% LR: 0.000344                     Alpha: 0.5744425058364868                     Beta: -0.9386486411094666                     MemKD: 0.3428211510181427
2026-02-11 05:00:59,509 - INFO - Epoch [50] Batch [20/35]                     Loss: -0.0543, Hard: 0.6581, Soft: -0.7124                     Acc: 82.44% LR: 0.000344                     Alpha: 0.5744425058364868                     Beta: -0.9470115303993225                     MemKD: 0.34061458706855774
2026-02-11 05:01:28,287 - INFO - Epoch [50/130] Train Loss: -0.2663, Train Acc: 82.86%, Val Loss: 0.5178, Val Acc: 80.05%
2026-02-11 05:01:28,335 - INFO - Checkpoint saved at epoch 50
2026-02-11 05:01:51,065 - INFO - Epoch [51] Batch [0/35]                     Loss: -0.0766, Hard: 0.6490, Soft: -0.7257                     Acc: 75.00% LR: 0.000339                     Alpha: 0.5744425058364868                     Beta: -0.9534222483634949                     MemKD: 0.3389127254486084
2026-02-11 05:01:54,980 - INFO - Epoch [51] Batch [20/35]                     Loss: -0.2145, Hard: 0.5701, Soft: -0.7846                     Acc: 81.55% LR: 0.000339                     Alpha: 0.5744425058364868                     Beta: -0.9617182612419128                     MemKD: 0.33675268292427063
2026-02-11 05:02:23,529 - INFO - Epoch [51/130] Train Loss: -0.2319, Train Acc: 81.07%, Val Loss: 0.4830, Val Acc: 82.31%
2026-02-11 05:02:23,530 - INFO - Best model saved with accuracy: 82.31%
2026-02-11 05:02:45,485 - INFO - Epoch [52] Batch [0/35]                     Loss: -0.4091, Hard: 0.3852, Soft: -0.7943                     Acc: 81.25% LR: 0.000333                     Alpha: 0.5744425058364868                     Beta: -0.967932939529419                     MemKD: 0.33514392375946045
2026-02-11 05:02:48,528 - INFO - Epoch [52] Batch [20/35]                     Loss: -0.4084, Hard: 0.3828, Soft: -0.7912                     Acc: 77.68% LR: 0.000333                     Alpha: 0.5744425058364868                     Beta: -0.9759330749511719                     MemKD: 0.33309611678123474
2026-02-11 05:03:16,738 - INFO - Epoch [52/130] Train Loss: -0.2012, Train Acc: 76.96%, Val Loss: 0.6253, Val Acc: 75.66%
2026-02-11 05:03:39,550 - INFO - Epoch [53] Batch [0/35]                     Loss: -0.5715, Hard: 0.2941, Soft: -0.8657                     Acc: 87.50% LR: 0.000327                     Alpha: 0.5744425058364868                     Beta: -0.9818332195281982                     MemKD: 0.3316109776496887
2026-02-11 05:03:43,285 - INFO - Epoch [53] Batch [20/35]                     Loss: -0.6411, Hard: 0.2534, Soft: -0.8945                     Acc: 83.93% LR: 0.000327                     Alpha: 0.5744425058364868                     Beta: -0.9897884130477905                     MemKD: 0.32958856225013733
2026-02-11 05:04:12,333 - INFO - Epoch [53/130] Train Loss: -0.3492, Train Acc: 83.21%, Val Loss: 0.8321, Val Acc: 70.48%
2026-02-11 05:04:35,302 - INFO - Epoch [54] Batch [0/35]                     Loss: 0.6298, Hard: 1.1124, Soft: -0.4826                     Acc: 68.75% LR: 0.000321                     Alpha: 0.5744425058364868                     Beta: -0.9958280324935913                     MemKD: 0.32804152369499207
2026-02-11 05:04:38,403 - INFO - Epoch [54] Batch [20/35]                     Loss: -0.5664, Hard: 0.3297, Soft: -0.8962                     Acc: 80.65% LR: 0.000321                     Alpha: 0.5744425058364868                     Beta: -1.0035669803619385                     MemKD: 0.3260944187641144
2026-02-11 05:05:07,164 - INFO - Epoch [54/130] Train Loss: -0.3021, Train Acc: 80.89%, Val Loss: 0.7805, Val Acc: 71.28%
2026-02-11 05:05:29,148 - INFO - Epoch [55] Batch [0/35]                     Loss: -0.3372, Hard: 0.4996, Soft: -0.8369                     Acc: 81.25% LR: 0.000316                     Alpha: 0.5744425058364868                     Beta: -1.0094044208526611                     MemKD: 0.3246222734451294
2026-02-11 05:05:32,785 - INFO - Epoch [55] Batch [20/35]                     Loss: -0.3528, Hard: 0.4542, Soft: -0.8070                     Acc: 82.14% LR: 0.000316                     Alpha: 0.5744425058364868                     Beta: -1.0170031785964966                     MemKD: 0.3227204382419586
2026-02-11 05:06:01,181 - INFO - Epoch [55/130] Train Loss: -0.3117, Train Acc: 80.00%, Val Loss: 0.4936, Val Acc: 80.59%
2026-02-11 05:06:23,425 - INFO - Epoch [56] Batch [0/35]                     Loss: -0.2845, Hard: 0.5748, Soft: -0.8593                     Acc: 75.00% LR: 0.000310                     Alpha: 0.5744425058364868                     Beta: -1.0226879119873047                     MemKD: 0.32130080461502075
2026-02-11 05:06:27,072 - INFO - Epoch [56] Batch [20/35]                     Loss: -0.6003, Hard: 0.3021, Soft: -0.9024                     Acc: 80.95% LR: 0.000310                     Alpha: 0.5744425058364868                     Beta: -1.0299139022827148                     MemKD: 0.3195335566997528
2026-02-11 05:06:55,614 - INFO - Epoch [56/130] Train Loss: -0.3428, Train Acc: 81.96%, Val Loss: 0.5783, Val Acc: 77.66%
2026-02-11 05:07:17,916 - INFO - Epoch [57] Batch [0/35]                     Loss: -0.3702, Hard: 0.4969, Soft: -0.8670                     Acc: 81.25% LR: 0.000304                     Alpha: 0.5744425058364868                     Beta: -1.0354796648025513                     MemKD: 0.3181588351726532
2026-02-11 05:07:21,629 - INFO - Epoch [57] Batch [20/35]                     Loss: -0.5648, Hard: 0.4014, Soft: -0.9662                     Acc: 85.42% LR: 0.000304                     Alpha: 0.5744425058364868                     Beta: -1.0427846908569336                     MemKD: 0.31636112928390503
2026-02-11 05:07:51,845 - INFO - Epoch [57/130] Train Loss: -0.4258, Train Acc: 83.57%, Val Loss: 0.5768, Val Acc: 78.32%
2026-02-11 05:08:14,913 - INFO - Epoch [58] Batch [0/35]                     Loss: -0.7701, Hard: 0.2757, Soft: -1.0458                     Acc: 87.50% LR: 0.000298                     Alpha: 0.5744425058364868                     Beta: -1.048357605934143                     MemKD: 0.31498444080352783
2026-02-11 05:08:18,744 - INFO - Epoch [58] Batch [20/35]                     Loss: -0.6167, Hard: 0.3698, Soft: -0.9865                     Acc: 85.12% LR: 0.000298                     Alpha: 0.5744425058364868                     Beta: -1.0555826425552368                     MemKD: 0.3132113516330719
2026-02-11 05:08:47,989 - INFO - Epoch [58/130] Train Loss: -0.4146, Train Acc: 82.86%, Val Loss: 0.4425, Val Acc: 84.31%
2026-02-11 05:08:47,990 - INFO - Best model saved with accuracy: 84.31%
2026-02-11 05:09:11,294 - INFO - Epoch [59] Batch [0/35]                     Loss: -0.4422, Hard: 0.5097, Soft: -0.9519                     Acc: 81.25% LR: 0.000292                     Alpha: 0.5744425058364868                     Beta: -1.0608385801315308                     MemKD: 0.3119485676288605
2026-02-11 05:09:14,400 - INFO - Epoch [59] Batch [20/35]                     Loss: -0.6378, Hard: 0.3361, Soft: -0.9739                     Acc: 82.74% LR: 0.000292                     Alpha: 0.5744425058364868                     Beta: -1.0678043365478516                     MemKD: 0.3102780282497406
2026-02-11 05:09:42,083 - INFO - Epoch [59/130] Train Loss: -0.4702, Train Acc: 83.57%, Val Loss: 0.7114, Val Acc: 75.40%
2026-02-11 05:10:03,759 - INFO - Epoch [60] Batch [0/35]                     Loss: -0.2613, Hard: 0.5338, Soft: -0.7952                     Acc: 81.25% LR: 0.000286                     Alpha: 0.5744425058364868                     Beta: -1.0730594396591187                     MemKD: 0.309017539024353
2026-02-11 05:10:07,124 - INFO - Epoch [60] Batch [20/35]                     Loss: -0.6399, Hard: 0.3245, Soft: -0.9644                     Acc: 83.33% LR: 0.000286                     Alpha: 0.5744425058364868                     Beta: -1.0797932147979736                     MemKD: 0.3074225187301636
2026-02-11 05:10:37,331 - INFO - Epoch [60/130] Train Loss: -0.4603, Train Acc: 83.21%, Val Loss: 0.5870, Val Acc: 78.46%
2026-02-11 05:10:37,392 - INFO - Checkpoint saved at epoch 60
2026-02-11 05:11:01,545 - INFO - Epoch [61] Batch [0/35]                     Loss: -0.1785, Hard: 0.6182, Soft: -0.7967                     Acc: 75.00% LR: 0.000280                     Alpha: 0.5744425058364868                     Beta: -1.0849119424819946                     MemKD: 0.3062044382095337
2026-02-11 05:11:05,292 - INFO - Epoch [61] Batch [20/35]                     Loss: -0.0482, Hard: 0.7556, Soft: -0.8038                     Acc: 82.44% LR: 0.000280                     Alpha: 0.5744425058364868                     Beta: -1.091513991355896                     MemKD: 0.3046453893184662
2026-02-11 05:11:34,370 - INFO - Epoch [61/130] Train Loss: -0.4403, Train Acc: 82.14%, Val Loss: 0.4382, Val Acc: 83.51%
2026-02-11 05:11:58,203 - INFO - Epoch [62] Batch [0/35]                     Loss: -0.6008, Hard: 0.4212, Soft: -1.0220                     Acc: 87.50% LR: 0.000274                     Alpha: 0.5744425058364868                     Beta: -1.0963369607925415                     MemKD: 0.3035237193107605
2026-02-11 05:12:01,925 - INFO - Epoch [62] Batch [20/35]                     Loss: -0.4753, Hard: 0.5022, Soft: -0.9775                     Acc: 83.04% LR: 0.000274                     Alpha: 0.5744425058364868                     Beta: -1.102780818939209                     MemKD: 0.3020183742046356
2026-02-11 05:12:29,293 - INFO - Epoch [62/130] Train Loss: -0.4540, Train Acc: 81.96%, Val Loss: 0.5369, Val Acc: 80.98%
2026-02-11 05:12:53,035 - INFO - Epoch [63] Batch [0/35]                     Loss: -0.5142, Hard: 0.4920, Soft: -1.0062                     Acc: 87.50% LR: 0.000268                     Alpha: 0.5744425058364868                     Beta: -1.107590675354004                     MemKD: 0.3008959889411926
2026-02-11 05:12:56,960 - INFO - Epoch [63] Batch [20/35]                     Loss: -0.9190, Hard: 0.1801, Soft: -1.0991                     Acc: 86.31% LR: 0.000268                     Alpha: 0.5744425058364868                     Beta: -1.1139026880264282                     MemKD: 0.29942402243614197
2026-02-11 05:13:25,277 - INFO - Epoch [63/130] Train Loss: -0.5713, Train Acc: 85.18%, Val Loss: 0.4168, Val Acc: 84.44%
2026-02-11 05:13:25,277 - INFO - Best model saved with accuracy: 84.44%
2026-02-11 05:13:46,874 - INFO - Epoch [64] Batch [0/35]                     Loss: -0.4476, Hard: 0.5318, Soft: -0.9794                     Acc: 75.00% LR: 0.000262                     Alpha: 0.5744425058364868                     Beta: -1.118730068206787                     MemKD: 0.298297256231308
2026-02-11 05:13:49,950 - INFO - Epoch [64] Batch [20/35]                     Loss: -0.8715, Hard: 0.2078, Soft: -1.0793                     Acc: 85.71% LR: 0.000262                     Alpha: 0.5744425058364868                     Beta: -1.124942660331726                     MemKD: 0.29686272144317627
2026-02-11 05:14:18,180 - INFO - Epoch [64/130] Train Loss: -0.5981, Train Acc: 85.54%, Val Loss: 0.4940, Val Acc: 81.78%
2026-02-11 05:14:39,530 - INFO - Epoch [65] Batch [0/35]                     Loss: -1.0071, Hard: 0.1350, Soft: -1.1421                     Acc: 100.00% LR: 0.000256                     Alpha: 0.5744425058364868                     Beta: -1.1295878887176514                     MemKD: 0.2957920730113983
2026-02-11 05:14:42,861 - INFO - Epoch [65] Batch [20/35]                     Loss: -0.5647, Hard: 0.4191, Soft: -0.9838                     Acc: 86.61% LR: 0.000256                     Alpha: 0.5744425058364868                     Beta: -1.1355913877487183                     MemKD: 0.29441413283348083
2026-02-11 05:15:11,867 - INFO - Epoch [65/130] Train Loss: -0.6273, Train Acc: 85.18%, Val Loss: 0.4756, Val Acc: 80.45%
2026-02-11 05:15:35,524 - INFO - Epoch [66] Batch [0/35]                     Loss: -0.7358, Hard: 0.3255, Soft: -1.0613                     Acc: 87.50% LR: 0.000250                     Alpha: 0.5744425058364868                     Beta: -1.140149474143982                     MemKD: 0.29337748885154724
2026-02-11 05:15:39,419 - INFO - Epoch [66] Batch [20/35]                     Loss: -0.9652, Hard: 0.2036, Soft: -1.1688                     Acc: 85.12% LR: 0.000250                     Alpha: 0.5744425058364868                     Beta: -1.1461032629013062                     MemKD: 0.29202285408973694
2026-02-11 05:16:08,631 - INFO - Epoch [66/130] Train Loss: -0.6002, Train Acc: 83.93%, Val Loss: 0.4764, Val Acc: 83.38%
2026-02-11 05:16:31,541 - INFO - Epoch [67] Batch [0/35]                     Loss: -0.7327, Hard: 0.3618, Soft: -1.0946                     Acc: 87.50% LR: 0.000244                     Alpha: 0.5744425058364868                     Beta: -1.1504571437835693                     MemKD: 0.2910420000553131
2026-02-11 05:16:35,305 - INFO - Epoch [67] Batch [20/35]                     Loss: -0.8204, Hard: 0.3164, Soft: -1.1368                     Acc: 85.12% LR: 0.000244                     Alpha: 0.5744425058364868                     Beta: -1.1561640501022339                     MemKD: 0.2897557020187378
2026-02-11 05:17:03,755 - INFO - Epoch [67/130] Train Loss: -0.6196, Train Acc: 85.00%, Val Loss: 0.4124, Val Acc: 84.97%
2026-02-11 05:17:03,755 - INFO - Best model saved with accuracy: 84.97%
2026-02-11 05:17:25,968 - INFO - Epoch [68] Batch [0/35]                     Loss: -0.3684, Hard: 0.5295, Soft: -0.8979                     Acc: 75.00% LR: 0.000238                     Alpha: 0.5744425058364868                     Beta: -1.160373568534851                     MemKD: 0.2888142168521881
2026-02-11 05:17:29,858 - INFO - Epoch [68] Batch [20/35]                     Loss: -1.0279, Hard: 0.1765, Soft: -1.2043                     Acc: 85.71% LR: 0.000238                     Alpha: 0.5744425058364868                     Beta: -1.1659480333328247                     MemKD: 0.2875645160675049
2026-02-11 05:17:58,969 - INFO - Epoch [68/130] Train Loss: -0.6695, Train Acc: 84.82%, Val Loss: 0.5369, Val Acc: 79.79%
2026-02-11 05:18:22,475 - INFO - Epoch [69] Batch [0/35]                     Loss: -0.9525, Hard: 0.1900, Soft: -1.1425                     Acc: 100.00% LR: 0.000232                     Alpha: 0.5744425058364868                     Beta: -1.1701278686523438                     MemKD: 0.28663182258605957
2026-02-11 05:18:25,735 - INFO - Epoch [69] Batch [20/35]                     Loss: -0.1605, Hard: 0.7484, Soft: -0.9090                     Acc: 85.71% LR: 0.000232                     Alpha: 0.5744425058364868                     Beta: -1.1754578351974487                     MemKD: 0.28545400500297546
2026-02-11 05:18:53,696 - INFO - Epoch [69/130] Train Loss: -0.6397, Train Acc: 85.00%, Val Loss: 0.4288, Val Acc: 84.31%
2026-02-11 05:19:17,010 - INFO - Epoch [70] Batch [0/35]                     Loss: -0.5457, Hard: 0.5103, Soft: -1.0560                     Acc: 81.25% LR: 0.000226                     Alpha: 0.5744425058364868                     Beta: -1.179390549659729                     MemKD: 0.28459247946739197
2026-02-11 05:19:20,056 - INFO - Epoch [70] Batch [20/35]                     Loss: -0.5534, Hard: 0.4348, Soft: -0.9882                     Acc: 84.82% LR: 0.000226                     Alpha: 0.5744425058364868                     Beta: -1.1846250295639038                     MemKD: 0.28343820571899414
2026-02-11 05:19:49,670 - INFO - Epoch [70/130] Train Loss: -0.7743, Train Acc: 86.79%, Val Loss: 0.4045, Val Acc: 84.97%
2026-02-11 05:19:49,717 - INFO - Checkpoint saved at epoch 70
2026-02-11 05:20:12,532 - INFO - Epoch [71] Batch [0/35]                     Loss: -0.5355, Hard: 0.5298, Soft: -1.0653                     Acc: 75.00% LR: 0.000220                     Alpha: 0.5744425058364868                     Beta: -1.1886428594589233                     MemKD: 0.28254956007003784
2026-02-11 05:20:16,156 - INFO - Epoch [71] Batch [20/35]                     Loss: -0.7109, Hard: 0.4326, Soft: -1.1435                     Acc: 84.23% LR: 0.000220                     Alpha: 0.5744425058364868                     Beta: -1.193803071975708                     MemKD: 0.281412810087204
2026-02-11 05:20:44,145 - INFO - Epoch [71/130] Train Loss: -0.7074, Train Acc: 85.18%, Val Loss: 0.4626, Val Acc: 82.18%
2026-02-11 05:21:06,935 - INFO - Epoch [72] Batch [0/35]                     Loss: -0.0799, Hard: 0.7688, Soft: -0.8487                     Acc: 68.75% LR: 0.000214                     Alpha: 0.5744425058364868                     Beta: -1.1975955963134766                     MemKD: 0.28058695793151855
2026-02-11 05:21:10,669 - INFO - Epoch [72] Batch [20/35]                     Loss: -0.7801, Hard: 0.3897, Soft: -1.1697                     Acc: 83.04% LR: 0.000214                     Alpha: 0.5744425058364868                     Beta: -1.2024401426315308                     MemKD: 0.27954334020614624
2026-02-11 05:21:38,254 - INFO - Epoch [72/130] Train Loss: -0.6746, Train Acc: 84.11%, Val Loss: 0.4842, Val Acc: 80.32%
2026-02-11 05:22:00,436 - INFO - Epoch [73] Batch [0/35]                     Loss: -0.9632, Hard: 0.2369, Soft: -1.2001                     Acc: 93.75% LR: 0.000208                     Alpha: 0.5744425058364868                     Beta: -1.206125020980835                     MemKD: 0.27874696254730225
2026-02-11 05:22:04,299 - INFO - Epoch [73] Batch [20/35]                     Loss: -0.5766, Hard: 0.4961, Soft: -1.0727                     Acc: 88.69% LR: 0.000208                     Alpha: 0.5744425058364868                     Beta: -1.2109427452087402                     MemKD: 0.277704656124115
2026-02-11 05:22:33,727 - INFO - Epoch [73/130] Train Loss: -0.8153, Train Acc: 87.68%, Val Loss: 0.4660, Val Acc: 83.11%
2026-02-11 05:22:56,944 - INFO - Epoch [74] Batch [0/35]                     Loss: -0.9890, Hard: 0.2369, Soft: -1.2259                     Acc: 93.75% LR: 0.000202                     Alpha: 0.5744425058364868                     Beta: -1.2146352529525757                     MemKD: 0.27690261602401733
2026-02-11 05:23:00,885 - INFO - Epoch [74] Batch [20/35]                     Loss: -1.1592, Hard: 0.1683, Soft: -1.3274                     Acc: 85.12% LR: 0.000202                     Alpha: 0.5744425058364868                     Beta: -1.2192832231521606                     MemKD: 0.2759068012237549
2026-02-11 05:23:29,404 - INFO - Epoch [74/130] Train Loss: -0.7774, Train Acc: 85.18%, Val Loss: 0.4268, Val Acc: 83.38%
2026-02-11 05:23:50,294 - INFO - Epoch [75] Batch [0/35]                     Loss: -1.1797, Hard: 0.1321, Soft: -1.3118                     Acc: 100.00% LR: 0.000196                     Alpha: 0.5744425058364868                     Beta: -1.2228294610977173                     MemKD: 0.2751472294330597
2026-02-11 05:23:53,378 - INFO - Epoch [75] Batch [20/35]                     Loss: -0.2985, Hard: 0.6516, Soft: -0.9501                     Acc: 89.29% LR: 0.000196                     Alpha: 0.5744425058364868                     Beta: -1.2273657321929932                     MemKD: 0.27417901158332825
2026-02-11 05:24:21,834 - INFO - Epoch [75/130] Train Loss: -0.8531, Train Acc: 89.46%, Val Loss: 0.4507, Val Acc: 83.78%
2026-02-11 05:24:44,819 - INFO - Epoch [76] Batch [0/35]                     Loss: -0.8941, Hard: 0.3191, Soft: -1.2132                     Acc: 87.50% LR: 0.000190                     Alpha: 0.5744425058364868                     Beta: -1.2307122945785522                     MemKD: 0.27347102761268616
2026-02-11 05:24:48,470 - INFO - Epoch [76] Batch [20/35]                     Loss: -1.2247, Hard: 0.1105, Soft: -1.3351                     Acc: 86.31% LR: 0.000190                     Alpha: 0.5744425058364868                     Beta: -1.2350661754608154                     MemKD: 0.2725517451763153
2026-02-11 05:25:18,244 - INFO - Epoch [76/130] Train Loss: -0.7973, Train Acc: 87.32%, Val Loss: 0.4525, Val Acc: 84.44%
2026-02-11 05:25:40,757 - INFO - Epoch [77] Batch [0/35]                     Loss: -0.5931, Hard: 0.5515, Soft: -1.1446                     Acc: 81.25% LR: 0.000184                     Alpha: 0.5744425058364868                     Beta: -1.2383508682250977                     MemKD: 0.2718563973903656
2026-02-11 05:25:43,810 - INFO - Epoch [77] Batch [20/35]                     Loss: 0.0755, Hard: 0.9781, Soft: -0.9026                     Acc: 84.52% LR: 0.000184                     Alpha: 0.5744425058364868                     Beta: -1.2425578832626343                     MemKD: 0.27097171545028687
2026-02-11 05:26:11,921 - INFO - Epoch [77/130] Train Loss: -0.7653, Train Acc: 84.29%, Val Loss: 0.4830, Val Acc: 81.91%
2026-02-11 05:26:35,891 - INFO - Epoch [78] Batch [0/35]                     Loss: -0.7193, Hard: 0.4952, Soft: -1.2146                     Acc: 81.25% LR: 0.000179                     Alpha: 0.5744425058364868                     Beta: -1.2456824779510498                     MemKD: 0.2703198790550232
2026-02-11 05:26:39,820 - INFO - Epoch [78] Batch [20/35]                     Loss: -0.6198, Hard: 0.5064, Soft: -1.1262                     Acc: 87.50% LR: 0.000179                     Alpha: 0.5744425058364868                     Beta: -1.2497656345367432                     MemKD: 0.26946455240249634
2026-02-11 05:27:08,514 - INFO - Epoch [78/130] Train Loss: -0.8881, Train Acc: 87.50%, Val Loss: 0.4305, Val Acc: 84.18%
2026-02-11 05:27:31,184 - INFO - Epoch [79] Batch [0/35]                     Loss: -0.6875, Hard: 0.4709, Soft: -1.1585                     Acc: 81.25% LR: 0.000173                     Alpha: 0.5744425058364868                     Beta: -1.2528332471847534                     MemKD: 0.26882344484329224
2026-02-11 05:27:35,108 - INFO - Epoch [79] Batch [20/35]                     Loss: -1.1263, Hard: 0.2251, Soft: -1.3513                     Acc: 80.06% LR: 0.000173                     Alpha: 0.5744425058364868                     Beta: -1.2566827535629272                     MemKD: 0.2680310904979706
2026-02-11 05:28:03,944 - INFO - Epoch [79/130] Train Loss: -0.7815, Train Acc: 82.50%, Val Loss: 0.4825, Val Acc: 81.91%
2026-02-11 05:28:27,245 - INFO - Epoch [80] Batch [0/35]                     Loss: -0.7092, Hard: 0.4701, Soft: -1.1793                     Acc: 75.00% LR: 0.000167                     Alpha: 0.5744425058364868                     Beta: -1.2596113681793213                     MemKD: 0.26742610335350037
2026-02-11 05:28:30,341 - INFO - Epoch [80] Batch [20/35]                     Loss: -0.4433, Hard: 0.7073, Soft: -1.1506                     Acc: 85.42% LR: 0.000167                     Alpha: 0.5744425058364868                     Beta: -1.2633540630340576                     MemKD: 0.2666584849357605
2026-02-11 05:28:58,680 - INFO - Epoch [80/130] Train Loss: -0.7781, Train Acc: 85.89%, Val Loss: 0.4134, Val Acc: 84.44%
2026-02-11 05:28:58,728 - INFO - Checkpoint saved at epoch 80
2026-02-11 05:29:21,861 - INFO - Epoch [81] Batch [0/35]                     Loss: -1.0369, Hard: 0.2770, Soft: -1.3139                     Acc: 87.50% LR: 0.000161                     Alpha: 0.5744425058364868                     Beta: -1.2661283016204834                     MemKD: 0.2660912573337555
2026-02-11 05:29:25,611 - INFO - Epoch [81] Batch [20/35]                     Loss: -0.8995, Hard: 0.3788, Soft: -1.2784                     Acc: 83.93% LR: 0.000161                     Alpha: 0.5744425058364868                     Beta: -1.2697340250015259                     MemKD: 0.2653513550758362
2026-02-11 05:29:55,215 - INFO - Epoch [81/130] Train Loss: -0.8421, Train Acc: 84.46%, Val Loss: 0.3828, Val Acc: 85.90%
2026-02-11 05:29:55,216 - INFO - Best model saved with accuracy: 85.90%
2026-02-11 05:30:18,432 - INFO - Epoch [82] Batch [0/35]                     Loss: -1.0200, Hard: 0.2871, Soft: -1.3071                     Acc: 87.50% LR: 0.000156                     Alpha: 0.5744425058364868                     Beta: -1.272432804107666                     MemKD: 0.2647990882396698
2026-02-11 05:30:21,481 - INFO - Epoch [82] Batch [20/35]                     Loss: -0.9105, Hard: 0.3356, Soft: -1.2461                     Acc: 87.20% LR: 0.000156                     Alpha: 0.5744425058364868                     Beta: -1.2759630680084229                     MemKD: 0.2640758156776428
2026-02-11 05:30:48,850 - INFO - Epoch [82/130] Train Loss: -0.8798, Train Acc: 85.54%, Val Loss: 0.4006, Val Acc: 84.18%
2026-02-11 05:31:11,197 - INFO - Epoch [83] Batch [0/35]                     Loss: -0.8481, Hard: 0.3575, Soft: -1.2056                     Acc: 81.25% LR: 0.000150                     Alpha: 0.5744425058364868                     Beta: -1.278577208518982                     MemKD: 0.26354387402534485
2026-02-11 05:31:15,049 - INFO - Epoch [83] Batch [20/35]                     Loss: -1.0561, Hard: 0.2659, Soft: -1.3220                     Acc: 84.82% LR: 0.000150                     Alpha: 0.5744425058364868                     Beta: -1.2819668054580688                     MemKD: 0.262854665517807
2026-02-11 05:31:43,367 - INFO - Epoch [83/130] Train Loss: -0.9487, Train Acc: 86.61%, Val Loss: 0.4573, Val Acc: 82.71%
2026-02-11 05:32:07,192 - INFO - Epoch [84] Batch [0/35]                     Loss: -0.9472, Hard: 0.3145, Soft: -1.2618                     Acc: 87.50% LR: 0.000145                     Alpha: 0.5744425058364868                     Beta: -1.284523367881775                     MemKD: 0.262333482503891
2026-02-11 05:32:10,947 - INFO - Epoch [84] Batch [20/35]                     Loss: -1.0528, Hard: 0.2469, Soft: -1.2997                     Acc: 90.18% LR: 0.000145                     Alpha: 0.5744425058364868                     Beta: -1.2877832651138306                     MemKD: 0.26167070865631104
2026-02-11 05:32:40,461 - INFO - Epoch [84/130] Train Loss: -0.8672, Train Acc: 86.96%, Val Loss: 0.3982, Val Acc: 86.30%
2026-02-11 05:32:40,461 - INFO - Best model saved with accuracy: 86.30%
2026-02-11 05:33:04,142 - INFO - Epoch [85] Batch [0/35]                     Loss: -0.9638, Hard: 0.3021, Soft: -1.2659                     Acc: 81.25% LR: 0.000139                     Alpha: 0.5744425058364868                     Beta: -1.290168046951294                     MemKD: 0.2611927390098572
2026-02-11 05:33:07,795 - INFO - Epoch [85] Batch [20/35]                     Loss: -1.1127, Hard: 0.2333, Soft: -1.3460                     Acc: 89.29% LR: 0.000139                     Alpha: 0.5744425058364868                     Beta: -1.2932668924331665                     MemKD: 0.26056969165802
2026-02-11 05:33:35,061 - INFO - Epoch [85/130] Train Loss: -0.9113, Train Acc: 87.86%, Val Loss: 0.3823, Val Acc: 85.11%
2026-02-11 05:33:58,214 - INFO - Epoch [86] Batch [0/35]                     Loss: -1.2139, Hard: 0.1848, Soft: -1.3987                     Acc: 93.75% LR: 0.000134                     Alpha: 0.5744425058364868                     Beta: -1.2955939769744873                     MemKD: 0.2601020932197571
2026-02-11 05:34:02,026 - INFO - Epoch [86] Batch [20/35]                     Loss: -0.7067, Hard: 0.4924, Soft: -1.1991                     Acc: 86.90% LR: 0.000134                     Alpha: 0.5744425058364868                     Beta: -1.2985928058624268                     MemKD: 0.2594981789588928
2026-02-11 05:34:32,169 - INFO - Epoch [86/130] Train Loss: -0.8791, Train Acc: 84.64%, Val Loss: 0.4241, Val Acc: 85.11%
2026-02-11 05:34:55,002 - INFO - Epoch [87] Batch [0/35]                     Loss: -1.2053, Hard: 0.2024, Soft: -1.4077                     Acc: 100.00% LR: 0.000129                     Alpha: 0.5744425058364868                     Beta: -1.3007621765136719                     MemKD: 0.25906771421432495
2026-02-11 05:34:58,139 - INFO - Epoch [87] Batch [20/35]                     Loss: -1.1097, Hard: 0.2618, Soft: -1.3714                     Acc: 88.39% LR: 0.000129                     Alpha: 0.5744425058364868                     Beta: -1.3035717010498047                     MemKD: 0.25850850343704224
2026-02-11 05:35:26,846 - INFO - Epoch [87/130] Train Loss: -0.9286, Train Acc: 88.39%, Val Loss: 0.4691, Val Acc: 82.45%
2026-02-11 05:35:49,451 - INFO - Epoch [88] Batch [0/35]                     Loss: -1.1927, Hard: 0.1701, Soft: -1.3628                     Acc: 93.75% LR: 0.000123                     Alpha: 0.5744425058364868                     Beta: -1.3056834936141968                     MemKD: 0.2580885887145996
2026-02-11 05:35:53,366 - INFO - Epoch [88] Batch [20/35]                     Loss: -0.5914, Hard: 0.5709, Soft: -1.1623                     Acc: 86.90% LR: 0.000123                     Alpha: 0.5744425058364868                     Beta: -1.3084570169448853                     MemKD: 0.2575325667858124
2026-02-11 05:36:22,222 - INFO - Epoch [88/130] Train Loss: -1.0393, Train Acc: 88.04%, Val Loss: 0.4303, Val Acc: 84.84%
2026-02-11 05:36:44,846 - INFO - Epoch [89] Batch [0/35]                     Loss: -1.1244, Hard: 0.2452, Soft: -1.3696                     Acc: 87.50% LR: 0.000118                     Alpha: 0.5744425058364868                     Beta: -1.3105456829071045                     MemKD: 0.25711384415626526
2026-02-11 05:36:48,516 - INFO - Epoch [89] Batch [20/35]                     Loss: -0.9785, Hard: 0.3172, Soft: -1.2957                     Acc: 88.10% LR: 0.000118                     Alpha: 0.5744425058364868                     Beta: -1.31315016746521                     MemKD: 0.2565973401069641
2026-02-11 05:37:17,319 - INFO - Epoch [89/130] Train Loss: -0.9438, Train Acc: 87.14%, Val Loss: 0.3882, Val Acc: 84.97%
2026-02-11 05:37:40,503 - INFO - Epoch [90] Batch [0/35]                     Loss: -0.9155, Hard: 0.3711, Soft: -1.2865                     Acc: 87.50% LR: 0.000113                     Alpha: 0.5744425058364868                     Beta: -1.31510329246521                     MemKD: 0.2562103569507599
2026-02-11 05:37:44,183 - INFO - Epoch [90] Batch [20/35]                     Loss: -1.2719, Hard: 0.1653, Soft: -1.4372                     Acc: 88.39% LR: 0.000113                     Alpha: 0.5744425058364868                     Beta: -1.317603349685669                     MemKD: 0.25571438670158386
2026-02-11 05:38:12,820 - INFO - Epoch [90/130] Train Loss: -1.0132, Train Acc: 88.21%, Val Loss: 0.5940, Val Acc: 76.86%
2026-02-11 05:38:12,879 - INFO - Checkpoint saved at epoch 90
2026-02-11 05:38:35,936 - INFO - Epoch [91] Batch [0/35]                     Loss: -1.0704, Hard: 0.2834, Soft: -1.3538                     Acc: 93.75% LR: 0.000108                     Alpha: 0.5744425058364868                     Beta: -1.3194936513900757                     MemKD: 0.25533950328826904
2026-02-11 05:38:39,714 - INFO - Epoch [91] Batch [20/35]                     Loss: -1.0932, Hard: 0.2644, Soft: -1.3576                     Acc: 89.29% LR: 0.000108                     Alpha: 0.5744425058364868                     Beta: -1.3218810558319092                     MemKD: 0.2548678517341614
2026-02-11 05:39:07,769 - INFO - Epoch [91/130] Train Loss: -1.0208, Train Acc: 88.39%, Val Loss: 0.4048, Val Acc: 85.37%
2026-02-11 05:39:30,494 - INFO - Epoch [92] Batch [0/35]                     Loss: -1.1997, Hard: 0.2089, Soft: -1.4087                     Acc: 93.75% LR: 0.000103                     Alpha: 0.5744425058364868                     Beta: -1.3236875534057617                     MemKD: 0.25451189279556274
2026-02-11 05:39:33,618 - INFO - Epoch [92] Batch [20/35]                     Loss: -1.2060, Hard: 0.1985, Soft: -1.4045                     Acc: 88.39% LR: 0.000103                     Alpha: 0.5744425058364868                     Beta: -1.3259851932525635                     MemKD: 0.2540584206581116
2026-02-11 05:40:02,215 - INFO - Epoch [92/130] Train Loss: -1.0369, Train Acc: 87.86%, Val Loss: 0.5224, Val Acc: 82.05%
2026-02-11 05:40:23,937 - INFO - Epoch [93] Batch [0/35]                     Loss: -0.6710, Hard: 0.5252, Soft: -1.1962                     Acc: 81.25% LR: 0.000098                     Alpha: 0.5744425058364868                     Beta: -1.3276792764663696                     MemKD: 0.2537277042865753
2026-02-11 05:40:27,063 - INFO - Epoch [93] Batch [20/35]                     Loss: -1.2313, Hard: 0.2108, Soft: -1.4421                     Acc: 88.69% LR: 0.000098                     Alpha: 0.5744425058364868                     Beta: -1.3298428058624268                     MemKD: 0.2533031105995178
2026-02-11 05:40:55,793 - INFO - Epoch [93/130] Train Loss: -1.0256, Train Acc: 88.57%, Val Loss: 0.3936, Val Acc: 87.23%
2026-02-11 05:40:55,793 - INFO - Best model saved with accuracy: 87.23%
2026-02-11 05:41:19,045 - INFO - Epoch [94] Batch [0/35]                     Loss: -0.4497, Hard: 0.6870, Soft: -1.1367                     Acc: 75.00% LR: 0.000093                     Alpha: 0.5744425058364868                     Beta: -1.3314679861068726                     MemKD: 0.2529851496219635
2026-02-11 05:41:22,822 - INFO - Epoch [94] Batch [20/35]                     Loss: -1.2366, Hard: 0.2017, Soft: -1.4383                     Acc: 90.18% LR: 0.000093                     Alpha: 0.5744425058364868                     Beta: -1.3335275650024414                     MemKD: 0.25258296728134155
2026-02-11 05:41:50,909 - INFO - Epoch [94/130] Train Loss: -1.1227, Train Acc: 90.71%, Val Loss: 0.3560, Val Acc: 87.37%
2026-02-11 05:41:50,910 - INFO - Best model saved with accuracy: 87.37%
2026-02-11 05:42:13,610 - INFO - Epoch [95] Batch [0/35]                     Loss: -0.7688, Hard: 0.4383, Soft: -1.2072                     Acc: 87.50% LR: 0.000089                     Alpha: 0.5744425058364868                     Beta: -1.3350909948349                     MemKD: 0.25227513909339905
2026-02-11 05:42:17,614 - INFO - Epoch [95] Batch [20/35]                     Loss: -1.0557, Hard: 0.3407, Soft: -1.3964                     Acc: 88.69% LR: 0.000089                     Alpha: 0.5744425058364868                     Beta: -1.3370466232299805                     MemKD: 0.25189322233200073
2026-02-11 05:42:45,369 - INFO - Epoch [95/130] Train Loss: -1.0887, Train Acc: 88.75%, Val Loss: 0.3864, Val Acc: 85.24%
2026-02-11 05:43:07,309 - INFO - Epoch [96] Batch [0/35]                     Loss: -1.1772, Hard: 0.2489, Soft: -1.4261                     Acc: 87.50% LR: 0.000084                     Alpha: 0.5744425058364868                     Beta: -1.3385226726531982                     MemKD: 0.2516046464443207
2026-02-11 05:43:10,936 - INFO - Epoch [96] Batch [20/35]                     Loss: -1.4248, Hard: 0.1105, Soft: -1.5353                     Acc: 89.88% LR: 0.000084                     Alpha: 0.5744425058364868                     Beta: -1.340384602546692                     MemKD: 0.2512412369251251
2026-02-11 05:43:39,941 - INFO - Epoch [96/130] Train Loss: -1.1075, Train Acc: 90.36%, Val Loss: 0.3904, Val Acc: 86.17%
2026-02-11 05:44:03,141 - INFO - Epoch [97] Batch [0/35]                     Loss: -1.1579, Hard: 0.2596, Soft: -1.4174                     Acc: 87.50% LR: 0.000080                     Alpha: 0.5744425058364868                     Beta: -1.3417876958847046                     MemKD: 0.2509686350822449
2026-02-11 05:44:06,825 - INFO - Epoch [97] Batch [20/35]                     Loss: -0.5875, Hard: 0.5942, Soft: -1.1817                     Acc: 87.20% LR: 0.000080                     Alpha: 0.5744425058364868                     Beta: -1.3435477018356323                     MemKD: 0.25062787532806396
2026-02-11 05:44:37,005 - INFO - Epoch [97/130] Train Loss: -1.0600, Train Acc: 87.68%, Val Loss: 0.4362, Val Acc: 85.64%
2026-02-11 05:44:59,984 - INFO - Epoch [98] Batch [0/35]                     Loss: -1.1804, Hard: 0.2185, Soft: -1.3990                     Acc: 93.75% LR: 0.000075                     Alpha: 0.5744425058364868                     Beta: -1.3448479175567627                     MemKD: 0.25037628412246704
2026-02-11 05:45:03,082 - INFO - Epoch [98] Batch [20/35]                     Loss: -1.1267, Hard: 0.3278, Soft: -1.4545                     Acc: 89.58% LR: 0.000075                     Alpha: 0.5744425058364868                     Beta: -1.346503496170044                     MemKD: 0.2500552237033844
2026-02-11 05:45:31,351 - INFO - Epoch [98/130] Train Loss: -1.0815, Train Acc: 88.21%, Val Loss: 0.3799, Val Acc: 86.04%
2026-02-11 05:45:54,832 - INFO - Epoch [99] Batch [0/35]                     Loss: -1.2322, Hard: 0.2048, Soft: -1.4370                     Acc: 93.75% LR: 0.000071                     Alpha: 0.5744425058364868                     Beta: -1.3477336168289185                     MemKD: 0.24981792271137238
2026-02-11 05:45:58,733 - INFO - Epoch [99] Batch [20/35]                     Loss: -1.3241, Hard: 0.1774, Soft: -1.5016                     Acc: 89.58% LR: 0.000071                     Alpha: 0.5744425058364868                     Beta: -1.3492921590805054                     MemKD: 0.24951700866222382
2026-02-11 05:46:27,892 - INFO - Epoch [99/130] Train Loss: -1.1116, Train Acc: 90.18%, Val Loss: 0.4058, Val Acc: 85.51%
2026-02-11 05:46:52,059 - INFO - Epoch [100] Batch [0/35]                     Loss: -1.0433, Hard: 0.3216, Soft: -1.3649                     Acc: 87.50% LR: 0.000067                     Alpha: 0.5744425058364868                     Beta: -1.3504537343978882                     MemKD: 0.249293714761734
2026-02-11 05:46:55,179 - INFO - Epoch [100] Batch [20/35]                     Loss: -1.0034, Hard: 0.3576, Soft: -1.3610                     Acc: 88.99% LR: 0.000067                     Alpha: 0.5744425058364868                     Beta: -1.35189688205719                     MemKD: 0.24901677668094635
2026-02-11 05:47:24,115 - INFO - Epoch [100/130] Train Loss: -1.1047, Train Acc: 88.75%, Val Loss: 0.4010, Val Acc: 86.30%
2026-02-11 05:47:24,162 - INFO - Checkpoint saved at epoch 100
2026-02-11 05:47:45,802 - INFO - Epoch [101] Batch [0/35]                     Loss: -0.3941, Hard: 0.7314, Soft: -1.1255                     Acc: 68.75% LR: 0.000063                     Alpha: 0.5744425058364868                     Beta: -1.3529863357543945                     MemKD: 0.24880722165107727
2026-02-11 05:47:49,473 - INFO - Epoch [101] Batch [20/35]                     Loss: -1.4905, Hard: 0.0666, Soft: -1.5571                     Acc: 88.99% LR: 0.000063                     Alpha: 0.5744425058364868                     Beta: -1.3543554544448853                     MemKD: 0.24854439496994019
2026-02-11 05:48:18,442 - INFO - Epoch [101/130] Train Loss: -1.1176, Train Acc: 88.75%, Val Loss: 0.3761, Val Acc: 86.17%
2026-02-11 05:48:41,399 - INFO - Epoch [102] Batch [0/35]                     Loss: -1.4167, Hard: 0.0755, Soft: -1.4922                     Acc: 100.00% LR: 0.000059                     Alpha: 0.5744425058364868                     Beta: -1.3553777933120728                     MemKD: 0.2483481913805008
2026-02-11 05:48:45,336 - INFO - Epoch [102] Batch [20/35]                     Loss: -1.0412, Hard: 0.3272, Soft: -1.3685                     Acc: 91.07% LR: 0.000059                     Alpha: 0.5744425058364868                     Beta: -1.356658935546875                     MemKD: 0.24810169637203217
2026-02-11 05:49:15,085 - INFO - Epoch [102/130] Train Loss: -1.1187, Train Acc: 89.46%, Val Loss: 0.4147, Val Acc: 85.11%
2026-02-11 05:49:38,573 - INFO - Epoch [103] Batch [0/35]                     Loss: -1.0299, Hard: 0.3016, Soft: -1.3314                     Acc: 87.50% LR: 0.000055                     Alpha: 0.5744425058364868                     Beta: -1.3576061725616455                     MemKD: 0.24792072176933289
2026-02-11 05:49:41,701 - INFO - Epoch [103] Batch [20/35]                     Loss: -1.3830, Hard: 0.1272, Soft: -1.5102                     Acc: 90.18% LR: 0.000055                     Alpha: 0.5744425058364868                     Beta: -1.3587926626205444                     MemKD: 0.2476939707994461
2026-02-11 05:50:08,875 - INFO - Epoch [103/130] Train Loss: -1.1050, Train Acc: 89.11%, Val Loss: 0.3635, Val Acc: 86.84%
2026-02-11 05:50:32,482 - INFO - Epoch [104] Batch [0/35]                     Loss: -0.8666, Hard: 0.5438, Soft: -1.4103                     Acc: 87.50% LR: 0.000051                     Alpha: 0.5744425058364868                     Beta: -1.359676480293274                     MemKD: 0.24752548336982727
2026-02-11 05:50:36,459 - INFO - Epoch [104] Batch [20/35]                     Loss: -0.9984, Hard: 0.2990, Soft: -1.2974                     Acc: 89.29% LR: 0.000051                     Alpha: 0.5744425058364868                     Beta: -1.3607902526855469                     MemKD: 0.24731312692165375
2026-02-11 05:51:05,850 - INFO - Epoch [104/130] Train Loss: -1.1165, Train Acc: 89.46%, Val Loss: 0.3825, Val Acc: 86.30%
2026-02-11 05:51:28,784 - INFO - Epoch [105] Batch [0/35]                     Loss: -1.1910, Hard: 0.2659, Soft: -1.4570                     Acc: 93.75% LR: 0.000048                     Alpha: 0.5744425058364868                     Beta: -1.3616183996200562                     MemKD: 0.24715562164783478
2026-02-11 05:51:31,868 - INFO - Epoch [105] Batch [20/35]                     Loss: -1.1548, Hard: 0.2204, Soft: -1.3752                     Acc: 91.37% LR: 0.000048                     Alpha: 0.5744425058364868                     Beta: -1.3626593351364136                     MemKD: 0.24695663154125214
2026-02-11 05:51:59,979 - INFO - Epoch [105/130] Train Loss: -1.1258, Train Acc: 88.93%, Val Loss: 0.3814, Val Acc: 85.90%
2026-02-11 05:52:22,491 - INFO - Epoch [106] Batch [0/35]                     Loss: -1.3281, Hard: 0.1670, Soft: -1.4951                     Acc: 93.75% LR: 0.000044                     Alpha: 0.5744425058364868                     Beta: -1.3634268045425415                     MemKD: 0.246810644865036
2026-02-11 05:52:26,249 - INFO - Epoch [106] Batch [20/35]                     Loss: -0.9462, Hard: 0.3308, Soft: -1.2770                     Acc: 86.90% LR: 0.000044                     Alpha: 0.5744425058364868                     Beta: -1.364364504814148                     MemKD: 0.24663347005844116
2026-02-11 05:52:55,954 - INFO - Epoch [106/130] Train Loss: -1.0831, Train Acc: 87.68%, Val Loss: 0.3721, Val Acc: 87.90%
2026-02-11 05:52:55,955 - INFO - Best model saved with accuracy: 87.90%
2026-02-11 05:53:19,284 - INFO - Epoch [107] Batch [0/35]                     Loss: -1.0582, Hard: 0.2813, Soft: -1.3395                     Acc: 87.50% LR: 0.000041                     Alpha: 0.5744425058364868                     Beta: -1.3650710582733154                     MemKD: 0.24649971723556519
2026-02-11 05:53:23,113 - INFO - Epoch [107] Batch [20/35]                     Loss: -1.3144, Hard: 0.2259, Soft: -1.5403                     Acc: 88.39% LR: 0.000041                     Alpha: 0.5744425058364868                     Beta: -1.3659418821334839                     MemKD: 0.2463349550962448
2026-02-11 05:53:52,009 - INFO - Epoch [107/130] Train Loss: -1.1528, Train Acc: 90.18%, Val Loss: 0.3647, Val Acc: 87.50%
2026-02-11 05:54:15,326 - INFO - Epoch [108] Batch [0/35]                     Loss: -1.4397, Hard: 0.1152, Soft: -1.5549                     Acc: 100.00% LR: 0.000038                     Alpha: 0.5744425058364868                     Beta: -1.3666014671325684                     MemKD: 0.2462097406387329
2026-02-11 05:54:19,008 - INFO - Epoch [108] Batch [20/35]                     Loss: -0.7151, Hard: 0.5395, Soft: -1.2546                     Acc: 93.15% LR: 0.000038                     Alpha: 0.5744425058364868                     Beta: -1.3674131631851196                     MemKD: 0.2460554838180542
2026-02-11 05:54:48,229 - INFO - Epoch [108/130] Train Loss: -1.1303, Train Acc: 91.25%, Val Loss: 0.3601, Val Acc: 86.97%
2026-02-11 05:55:09,941 - INFO - Epoch [109] Batch [0/35]                     Loss: -1.2949, Hard: 0.1843, Soft: -1.4792                     Acc: 93.75% LR: 0.000035                     Alpha: 0.5744425058364868                     Beta: -1.3680140972137451                     MemKD: 0.24594201147556305
2026-02-11 05:55:13,634 - INFO - Epoch [109] Batch [20/35]                     Loss: -1.3936, Hard: 0.1622, Soft: -1.5558                     Acc: 90.18% LR: 0.000035                     Alpha: 0.5744425058364868                     Beta: -1.3687458038330078                     MemKD: 0.24580462276935577
2026-02-11 05:55:42,766 - INFO - Epoch [109/130] Train Loss: -1.1747, Train Acc: 89.46%, Val Loss: 0.3678, Val Acc: 85.11%
2026-02-11 05:56:04,437 - INFO - Epoch [110] Batch [0/35]                     Loss: -0.9871, Hard: 0.3580, Soft: -1.3451                     Acc: 87.50% LR: 0.000032                     Alpha: 0.5744425058364868                     Beta: -1.3693053722381592                     MemKD: 0.24569885432720184
2026-02-11 05:56:07,498 - INFO - Epoch [110] Batch [20/35]                     Loss: -1.3833, Hard: 0.1794, Soft: -1.5626                     Acc: 91.37% LR: 0.000032                     Alpha: 0.5744425058364868                     Beta: -1.369981288909912                     MemKD: 0.24557159841060638
2026-02-11 05:56:36,003 - INFO - Epoch [110/130] Train Loss: -1.1514, Train Acc: 91.25%, Val Loss: 0.3742, Val Acc: 86.04%
2026-02-11 05:56:36,054 - INFO - Checkpoint saved at epoch 110
2026-02-11 05:56:57,952 - INFO - Epoch [111] Batch [0/35]                     Loss: -1.1288, Hard: 0.2479, Soft: -1.3767                     Acc: 81.25% LR: 0.000029                     Alpha: 0.5744425058364868                     Beta: -1.3704832792282104                     MemKD: 0.24547691643238068
2026-02-11 05:57:01,017 - INFO - Epoch [111] Batch [20/35]                     Loss: -1.1937, Hard: 0.2406, Soft: -1.4343                     Acc: 91.37% LR: 0.000029                     Alpha: 0.5744425058364868                     Beta: -1.3710969686508179                     MemKD: 0.2453611195087433
2026-02-11 05:57:30,389 - INFO - Epoch [111/130] Train Loss: -1.2360, Train Acc: 91.07%, Val Loss: 0.3596, Val Acc: 86.57%
2026-02-11 05:57:54,202 - INFO - Epoch [112] Batch [0/35]                     Loss: -1.2826, Hard: 0.1786, Soft: -1.4612                     Acc: 93.75% LR: 0.000026                     Alpha: 0.5744425058364868                     Beta: -1.3715609312057495                     MemKD: 0.2452731877565384
2026-02-11 05:57:57,993 - INFO - Epoch [112] Batch [20/35]                     Loss: -1.3546, Hard: 0.1969, Soft: -1.5515                     Acc: 90.77% LR: 0.000026                     Alpha: 0.5744425058364868                     Beta: -1.3721123933792114                     MemKD: 0.24516910314559937
2026-02-11 05:58:27,887 - INFO - Epoch [112/130] Train Loss: -1.1747, Train Acc: 90.00%, Val Loss: 0.3451, Val Acc: 87.37%
2026-02-11 05:58:50,060 - INFO - Epoch [113] Batch [0/35]                     Loss: -1.2773, Hard: 0.2243, Soft: -1.5016                     Acc: 93.75% LR: 0.000023                     Alpha: 0.5744425058364868                     Beta: -1.3725255727767944                     MemKD: 0.24509119987487793
2026-02-11 05:58:53,776 - INFO - Epoch [113] Batch [20/35]                     Loss: -0.9418, Hard: 0.4068, Soft: -1.3486                     Acc: 87.20% LR: 0.000023                     Alpha: 0.5744425058364868                     Beta: -1.373016595840454                     MemKD: 0.24499934911727905
2026-02-11 05:59:22,504 - INFO - Epoch [113/130] Train Loss: -1.1029, Train Acc: 88.39%, Val Loss: 0.3712, Val Acc: 86.44%
2026-02-11 05:59:44,254 - INFO - Epoch [114] Batch [0/35]                     Loss: -1.3493, Hard: 0.1200, Soft: -1.4693                     Acc: 100.00% LR: 0.000021                     Alpha: 0.5744425058364868                     Beta: -1.373382806777954                     MemKD: 0.24493061006069183
2026-02-11 05:59:47,871 - INFO - Epoch [114] Batch [20/35]                     Loss: -1.0300, Hard: 0.3864, Soft: -1.4164                     Acc: 90.77% LR: 0.000021                     Alpha: 0.5744425058364868                     Beta: -1.3738256692886353                     MemKD: 0.24484708905220032
2026-02-11 06:00:17,600 - INFO - Epoch [114/130] Train Loss: -1.1906, Train Acc: 90.00%, Val Loss: 0.3426, Val Acc: 87.77%
2026-02-11 06:00:39,954 - INFO - Epoch [115] Batch [0/35]                     Loss: -1.4966, Hard: 0.0778, Soft: -1.5744                     Acc: 100.00% LR: 0.000018                     Alpha: 0.5744425058364868                     Beta: -1.3741581439971924                     MemKD: 0.24478444457054138
2026-02-11 06:00:43,388 - INFO - Epoch [115] Batch [20/35]                     Loss: -0.9826, Hard: 0.3121, Soft: -1.2946                     Acc: 88.69% LR: 0.000018                     Alpha: 0.5744425058364868                     Beta: -1.3745489120483398                     MemKD: 0.2447110265493393
2026-02-11 06:01:12,466 - INFO - Epoch [115/130] Train Loss: -1.1147, Train Acc: 88.04%, Val Loss: 0.3682, Val Acc: 86.70%
2026-02-11 06:01:35,747 - INFO - Epoch [116] Batch [0/35]                     Loss: -1.0299, Hard: 0.3521, Soft: -1.3820                     Acc: 81.25% LR: 0.000016                     Alpha: 0.5744425058364868                     Beta: -1.374835729598999                     MemKD: 0.244657501578331
2026-02-11 06:01:38,853 - INFO - Epoch [116] Batch [20/35]                     Loss: -1.3987, Hard: 0.1456, Soft: -1.5443                     Acc: 90.48% LR: 0.000016                     Alpha: 0.5744425058364868                     Beta: -1.3751769065856934                     MemKD: 0.24459362030029297
2026-02-11 06:02:08,838 - INFO - Epoch [116/130] Train Loss: -1.1245, Train Acc: 88.57%, Val Loss: 0.3470, Val Acc: 87.90%
2026-02-11 06:02:32,893 - INFO - Epoch [117] Batch [0/35]                     Loss: -1.3892, Hard: 0.1124, Soft: -1.5016                     Acc: 93.75% LR: 0.000014                     Alpha: 0.5744425058364868                     Beta: -1.3754295110702515                     MemKD: 0.24454635381698608
2026-02-11 06:02:36,571 - INFO - Epoch [117] Batch [20/35]                     Loss: -1.0367, Hard: 0.3544, Soft: -1.3911                     Acc: 88.10% LR: 0.000014                     Alpha: 0.5744425058364868                     Beta: -1.375723958015442                     MemKD: 0.24449147284030914
2026-02-11 06:03:05,878 - INFO - Epoch [117/130] Train Loss: -1.1463, Train Acc: 88.75%, Val Loss: 0.3661, Val Acc: 87.10%
2026-02-11 06:03:28,708 - INFO - Epoch [118] Batch [0/35]                     Loss: -0.8003, Hard: 0.4547, Soft: -1.2549                     Acc: 81.25% LR: 0.000012                     Alpha: 0.5744425058364868                     Beta: -1.37594735622406                     MemKD: 0.24444960057735443
2026-02-11 06:03:32,465 - INFO - Epoch [118] Batch [20/35]                     Loss: -1.0152, Hard: 0.3555, Soft: -1.3706                     Acc: 88.69% LR: 0.000012                     Alpha: 0.5744425058364868                     Beta: -1.3762024641036987                     MemKD: 0.24440185725688934
2026-02-11 06:04:01,531 - INFO - Epoch [118/130] Train Loss: -1.1396, Train Acc: 88.75%, Val Loss: 0.3522, Val Acc: 87.23%
2026-02-11 06:04:24,247 - INFO - Epoch [119] Batch [0/35]                     Loss: -1.0015, Hard: 0.3560, Soft: -1.3576                     Acc: 81.25% LR: 0.000010                     Alpha: 0.5744425058364868                     Beta: -1.3763946294784546                     MemKD: 0.24436594545841217
2026-02-11 06:04:28,013 - INFO - Epoch [119] Batch [20/35]                     Loss: -0.8654, Hard: 0.4045, Soft: -1.2699                     Acc: 90.77% LR: 0.000010                     Alpha: 0.5744425058364868                     Beta: -1.3766138553619385                     MemKD: 0.24432489275932312
2026-02-11 06:04:57,787 - INFO - Epoch [119/130] Train Loss: -1.1979, Train Acc: 90.89%, Val Loss: 0.3542, Val Acc: 87.23%
2026-02-11 06:05:21,301 - INFO - Epoch [120] Batch [0/35]                     Loss: -0.7672, Hard: 0.5230, Soft: -1.2902                     Acc: 81.25% LR: 0.000009                     Alpha: 0.5744425058364868                     Beta: -1.3767774105072021                     MemKD: 0.24429433047771454
2026-02-11 06:05:25,187 - INFO - Epoch [120] Batch [20/35]                     Loss: -1.5076, Hard: 0.0913, Soft: -1.5989                     Acc: 88.39% LR: 0.000009                     Alpha: 0.5744425058364868                     Beta: -1.37696373462677                     MemKD: 0.24425950646400452
2026-02-11 06:05:54,522 - INFO - Epoch [120/130] Train Loss: -1.2276, Train Acc: 90.71%, Val Loss: 0.3580, Val Acc: 87.23%
2026-02-11 06:05:54,573 - INFO - Checkpoint saved at epoch 120
2026-02-11 06:06:17,753 - INFO - Epoch [121] Batch [0/35]                     Loss: -1.3638, Hard: 0.2075, Soft: -1.5713                     Acc: 93.75% LR: 0.000007                     Alpha: 0.5744425058364868                     Beta: -1.3771038055419922                     MemKD: 0.2442331612110138
2026-02-11 06:06:20,906 - INFO - Epoch [121] Batch [20/35]                     Loss: -1.3161, Hard: 0.2107, Soft: -1.5268                     Acc: 93.15% LR: 0.000007                     Alpha: 0.5744425058364868                     Beta: -1.3772597312927246                     MemKD: 0.24420370161533356
2026-02-11 06:06:49,642 - INFO - Epoch [121/130] Train Loss: -1.2584, Train Acc: 92.14%, Val Loss: 0.3416, Val Acc: 88.03%
2026-02-11 06:06:49,643 - INFO - Best model saved with accuracy: 88.03%
2026-02-11 06:07:13,651 - INFO - Epoch [122] Batch [0/35]                     Loss: -1.1622, Hard: 0.2950, Soft: -1.4571                     Acc: 81.25% LR: 0.000006                     Alpha: 0.5744425058364868                     Beta: -1.3773746490478516                     MemKD: 0.24418213963508606
2026-02-11 06:07:17,320 - INFO - Epoch [122] Batch [20/35]                     Loss: -1.0442, Hard: 0.3075, Soft: -1.3517                     Acc: 89.29% LR: 0.000006                     Alpha: 0.5744425058364868                     Beta: -1.377498984336853                     MemKD: 0.24415889382362366
2026-02-11 06:07:47,068 - INFO - Epoch [122/130] Train Loss: -1.2110, Train Acc: 89.29%, Val Loss: 0.3747, Val Acc: 86.44%
2026-02-11 06:08:10,238 - INFO - Epoch [123] Batch [0/35]                     Loss: -0.5427, Hard: 0.7157, Soft: -1.2583                     Acc: 75.00% LR: 0.000005                     Alpha: 0.5744425058364868                     Beta: -1.3775912523269653                     MemKD: 0.24414172768592834
2026-02-11 06:08:14,147 - INFO - Epoch [123] Batch [20/35]                     Loss: -0.8990, Hard: 0.4623, Soft: -1.3613                     Acc: 88.69% LR: 0.000005                     Alpha: 0.5744425058364868                     Beta: -1.3776882886886597                     MemKD: 0.2441236972808838
2026-02-11 06:08:43,043 - INFO - Epoch [123/130] Train Loss: -1.1899, Train Acc: 90.54%, Val Loss: 0.3518, Val Acc: 87.37%
2026-02-11 06:09:04,868 - INFO - Epoch [124] Batch [0/35]                     Loss: -1.4664, Hard: 0.1016, Soft: -1.5680                     Acc: 100.00% LR: 0.000004                     Alpha: 0.5744425058364868                     Beta: -1.3777612447738647                     MemKD: 0.24411000311374664
2026-02-11 06:09:08,769 - INFO - Epoch [124] Batch [20/35]                     Loss: -1.4686, Hard: 0.0878, Soft: -1.5564                     Acc: 92.56% LR: 0.000004                     Alpha: 0.5744425058364868                     Beta: -1.377835750579834                     MemKD: 0.24409599602222443
2026-02-11 06:09:38,988 - INFO - Epoch [124/130] Train Loss: -1.2046, Train Acc: 91.07%, Val Loss: 0.3475, Val Acc: 87.90%
2026-02-11 06:10:02,682 - INFO - Epoch [125] Batch [0/35]                     Loss: -0.6801, Hard: 0.5812, Soft: -1.2613                     Acc: 87.50% LR: 0.000003                     Alpha: 0.5744425058364868                     Beta: -1.377892255783081                     MemKD: 0.24408546090126038
2026-02-11 06:10:06,318 - INFO - Epoch [125] Batch [20/35]                     Loss: -0.8318, Hard: 0.4400, Soft: -1.2718                     Acc: 89.58% LR: 0.000003                     Alpha: 0.5744425058364868                     Beta: -1.3779464960098267                     MemKD: 0.24407534301280975
2026-02-11 06:10:36,707 - INFO - Epoch [125/130] Train Loss: -1.0679, Train Acc: 87.86%, Val Loss: 0.3644, Val Acc: 87.10%
2026-02-11 06:10:58,627 - INFO - Epoch [126] Batch [0/35]                     Loss: -1.2328, Hard: 0.2910, Soft: -1.5238                     Acc: 81.25% LR: 0.000002                     Alpha: 0.5744425058364868                     Beta: -1.3779855966567993                     MemKD: 0.24406813085079193
2026-02-11 06:11:01,653 - INFO - Epoch [126] Batch [20/35]                     Loss: -1.3218, Hard: 0.2457, Soft: -1.5675                     Acc: 90.77% LR: 0.000002                     Alpha: 0.5744425058364868                     Beta: -1.3780237436294556                     MemKD: 0.24406108260154724
2026-02-11 06:11:30,126 - INFO - Epoch [126/130] Train Loss: -1.1679, Train Acc: 90.36%, Val Loss: 0.3558, Val Acc: 87.63%
2026-02-11 06:11:52,125 - INFO - Epoch [127] Batch [0/35]                     Loss: -1.4685, Hard: 0.0954, Soft: -1.5639                     Acc: 100.00% LR: 0.000001                     Alpha: 0.5744425058364868                     Beta: -1.3780523538589478                     MemKD: 0.244055837392807
2026-02-11 06:11:56,040 - INFO - Epoch [127] Batch [20/35]                     Loss: -1.2855, Hard: 0.2297, Soft: -1.5152                     Acc: 90.18% LR: 0.000001                     Alpha: 0.5744425058364868                     Beta: -1.378076195716858                     MemKD: 0.24405142664909363
2026-02-11 06:12:25,057 - INFO - Epoch [127/130] Train Loss: -1.2155, Train Acc: 91.61%, Val Loss: 0.3456, Val Acc: 87.63%
2026-02-11 06:12:48,065 - INFO - Epoch [128] Batch [0/35]                     Loss: -1.5362, Hard: 0.0794, Soft: -1.6157                     Acc: 100.00% LR: 0.000001                     Alpha: 0.5744425058364868                     Beta: -1.3780940771102905                     MemKD: 0.24404802918434143
2026-02-11 06:12:51,178 - INFO - Epoch [128] Batch [20/35]                     Loss: -1.3547, Hard: 0.1253, Soft: -1.4800                     Acc: 89.58% LR: 0.000001                     Alpha: 0.5744425058364868                     Beta: -1.3781083822250366                     MemKD: 0.2440454065799713
2026-02-11 06:13:19,743 - INFO - Epoch [128/130] Train Loss: -1.1671, Train Acc: 89.82%, Val Loss: 0.3412, Val Acc: 87.63%
2026-02-11 06:13:41,340 - INFO - Epoch [129] Batch [0/35]                     Loss: -0.8956, Hard: 0.5010, Soft: -1.3965                     Acc: 81.25% LR: 0.000000                     Alpha: 0.5744425058364868                     Beta: -1.3781191110610962                     MemKD: 0.24404342472553253
2026-02-11 06:13:45,145 - INFO - Epoch [129] Batch [20/35]                     Loss: -1.3465, Hard: 0.1740, Soft: -1.5206                     Acc: 92.86% LR: 0.000000                     Alpha: 0.5744425058364868                     Beta: -1.3781262636184692                     MemKD: 0.24404211342334747
2026-02-11 06:14:14,928 - INFO - Epoch [129/130] Train Loss: -1.2046, Train Acc: 91.96%, Val Loss: 0.3445, Val Acc: 87.23%
2026-02-11 06:14:38,727 - INFO - Epoch [130] Batch [0/35]                     Loss: -0.9215, Hard: 0.4261, Soft: -1.3476                     Acc: 81.25% LR: 0.000000                     Alpha: 0.5744425058364868                     Beta: -1.3781312704086304                     MemKD: 0.24404114484786987
2026-02-11 06:14:42,406 - INFO - Epoch [130] Batch [20/35]                     Loss: -1.3079, Hard: 0.1975, Soft: -1.5054                     Acc: 92.56% LR: 0.000000                     Alpha: 0.5744425058364868                     Beta: -1.3781336545944214                     MemKD: 0.24404072761535645
2026-02-11 06:15:11,495 - INFO - Epoch [130/130] Train Loss: -1.2216, Train Acc: 91.07%, Val Loss: 0.3666, Val Acc: 87.10%
2026-02-11 06:15:11,568 - INFO - Checkpoint saved at epoch 130
2026-02-11 06:15:11,568 - INFO - ==================================================
2026-02-11 06:15:11,568 - INFO - Training finished! Best accuracy: 88.03%
2026-02-11 06:15:11,568 - INFO - ==================================================
