2026-02-07 19:02:02,673 - INFO - ==================================================
2026-02-07 19:02:02,673 - INFO - Distillation Training Configuration
2026-02-07 19:02:02,673 - INFO - ==================================================
2026-02-07 19:02:02,673 - INFO - GPUs: [4, 5, 6, 7]
2026-02-07 19:02:02,673 - INFO - World size: 4
2026-02-07 19:02:02,673 - INFO - Dataset: /media/hdd1/chuxiaohui/AI4Ocean_UATR/ShipsEar_622
2026-02-07 19:02:02,673 - INFO - Data type: wav_s@wav_t
2026-02-07 19:02:02,673 - INFO - Batch size: 16
2026-02-07 19:02:02,673 - INFO - Epochs: 100
2026-02-07 19:02:02,673 - INFO - Learning rate: 0.0005
2026-02-07 19:02:02,673 - INFO - Temperature: 2.0
2026-02-07 19:02:02,674 - INFO - Alpha: 0.3
2026-02-07 19:02:02,674 - INFO - Save dir: checkpoints/grid_shipsear/num_epochs100_weight_decay0.0001_batch_size16_lr0.0005_distill_typeMemKD_freezeFalse_USE_DYNAMIC_DISTILL_WEIGHTTrue_p_encoder0.1_p_classifier0.3
2026-02-07 19:02:02,674 - INFO - ==================================================
2026-02-07 19:02:02,694 - INFO - Train dataset size: 2240
2026-02-07 19:02:02,694 - INFO - Validation dataset size: 749
2026-02-07 19:02:05,173 - INFO - Student params: 316,299 (0.32M)
2026-02-07 19:02:05,173 - INFO - Teacher params: 164,415,877 (164.42M)
2026-02-07 19:02:05,174 - INFO - Trainable params: 164,687,249 (164.69M)
2026-02-07 19:02:06,199 - INFO - Start training...
2026-02-07 19:02:06,200 - INFO - No checkpoint found, start from scratch
