2026-02-08 02:55:50,037 - INFO - ==================================================
2026-02-08 02:55:50,037 - INFO - Distillation Training Configuration
2026-02-08 02:55:50,037 - INFO - ==================================================
2026-02-08 02:55:50,037 - INFO - GPUs: [4, 5, 6, 7]
2026-02-08 02:55:50,037 - INFO - World size: 4
2026-02-08 02:55:50,038 - INFO - Dataset: /media/hdd1/chuxiaohui/AI4Ocean_UATR/ShipsEar_622
2026-02-08 02:55:50,038 - INFO - Data type: wav_s@wav_t
2026-02-08 02:55:50,038 - INFO - Batch size: 16
2026-02-08 02:55:50,038 - INFO - Epochs: 100
2026-02-08 02:55:50,038 - INFO - Learning rate: 0.0005
2026-02-08 02:55:50,038 - INFO - Temperature: 2.0
2026-02-08 02:55:50,038 - INFO - Alpha: 0.3
2026-02-08 02:55:50,038 - INFO - Save dir: checkpoints/grid_shipsear/num_epochs100_weight_decay0.0001_batch_size16_lr0.0005_distill_typeMTSKD_Temp_freezeTrue_USE_DYNAMIC_DISTILL_WEIGHTTrue_p_encoder0.2_p_classifier0.5
2026-02-08 02:55:50,038 - INFO - ==================================================
2026-02-08 02:55:50,068 - INFO - Train dataset size: 2240
2026-02-08 02:55:50,069 - INFO - Validation dataset size: 749
2026-02-08 02:55:51,567 - INFO - Student params: 316,299 (0.32M)
2026-02-08 02:55:51,567 - INFO - Teacher params: 164,415,877 (164.42M)
2026-02-08 02:55:51,567 - INFO - Trainable params: 271,372 (0.27M)
2026-02-08 02:55:52,415 - INFO - Start training...
2026-02-08 02:55:52,416 - INFO - No checkpoint found, start from scratch
2026-02-08 02:56:13,462 - INFO - Epoch [1] Batch [0/35]                     Loss: 1.7076, Hard: 1.7076, Soft: 0.5061                     Acc: 12.50% LR: 0.000500                     Alpha: 0.5744425058364868                     Beta: 0.0                     MemKD: 0.5
2026-02-08 02:56:17,550 - INFO - Epoch [1] Batch [20/35]                     Loss: 1.5726, Hard: 1.5726, Soft: 0.3370                     Acc: 37.20% LR: 0.000500                     Alpha: 0.5744425058364868                     Beta: 0.0                     MemKD: 0.5
2026-02-08 02:56:43,859 - INFO - Epoch [1/100] Train Loss: 1.4325, Train Acc: 39.29%, Val Loss: 1.4262, Val Acc: 43.35%
2026-02-08 02:56:43,860 - INFO - Best model saved with accuracy: 43.35%
2026-02-08 02:57:05,960 - INFO - Epoch [2] Batch [0/35]                     Loss: 1.3109, Hard: 1.3109, Soft: 0.2765                     Acc: 50.00% LR: 0.000500                     Alpha: 0.5744425058364868                     Beta: 0.0                     MemKD: 0.5
2026-02-08 02:57:09,938 - INFO - Epoch [2] Batch [20/35]                     Loss: 1.4133, Hard: 1.4133, Soft: 0.3021                     Acc: 44.35% LR: 0.000500                     Alpha: 0.5744425058364868                     Beta: 0.0                     MemKD: 0.5
2026-02-08 02:57:35,904 - INFO - Epoch [2/100] Train Loss: 1.2914, Train Acc: 46.07%, Val Loss: 1.2251, Val Acc: 48.54%
2026-02-08 02:57:35,905 - INFO - Best model saved with accuracy: 48.54%
2026-02-08 02:57:57,185 - INFO - Epoch [3] Batch [0/35]                     Loss: 1.1425, Hard: 1.1425, Soft: 0.2151                     Acc: 56.25% LR: 0.000500                     Alpha: 0.5744425058364868                     Beta: 0.0                     MemKD: 0.5
2026-02-08 02:58:01,196 - INFO - Epoch [3] Batch [20/35]                     Loss: 1.1812, Hard: 1.1812, Soft: 0.2171                     Acc: 45.54% LR: 0.000500                     Alpha: 0.5744425058364868                     Beta: 0.0                     MemKD: 0.5
2026-02-08 02:58:29,254 - INFO - Epoch [3/100] Train Loss: 1.2403, Train Acc: 48.75%, Val Loss: 1.1461, Val Acc: 52.53%
2026-02-08 02:58:29,255 - INFO - Best model saved with accuracy: 52.53%
2026-02-08 02:58:50,415 - INFO - Epoch [4] Batch [0/35]                     Loss: 1.1594, Hard: 1.1594, Soft: 0.2022                     Acc: 50.00% LR: 0.000499                     Alpha: 0.5744425058364868                     Beta: 0.0                     MemKD: 0.5
2026-02-08 02:58:54,574 - INFO - Epoch [4] Batch [20/35]                     Loss: 1.3098, Hard: 1.3098, Soft: 0.2800                     Acc: 52.08% LR: 0.000499                     Alpha: 0.5744425058364868                     Beta: 0.0                     MemKD: 0.5
2026-02-08 02:59:22,107 - INFO - Epoch [4/100] Train Loss: 1.1715, Train Acc: 51.96%, Val Loss: 1.0259, Val Acc: 60.37%
2026-02-08 02:59:22,107 - INFO - Best model saved with accuracy: 60.37%
2026-02-08 02:59:43,481 - INFO - Epoch [5] Batch [0/35]                     Loss: 1.1255, Hard: 1.1255, Soft: 0.2168                     Acc: 62.50% LR: 0.000498                     Alpha: 0.5744425058364868                     Beta: 0.0                     MemKD: 0.5
2026-02-08 02:59:47,406 - INFO - Epoch [5] Batch [20/35]                     Loss: 1.0197, Hard: 1.0197, Soft: 0.1717                     Acc: 51.79% LR: 0.000498                     Alpha: 0.5744425058364868                     Beta: 0.0                     MemKD: 0.5
2026-02-08 03:00:14,408 - INFO - Epoch [5/100] Train Loss: 1.1259, Train Acc: 53.39%, Val Loss: 0.9831, Val Acc: 59.57%
2026-02-08 03:00:36,911 - INFO - Epoch [6] Batch [0/35]                     Loss: 1.0973, Hard: 1.0973, Soft: 0.2070                     Acc: 62.50% LR: 0.000497                     Alpha: 0.5744425058364868                     Beta: 0.0                     MemKD: 0.5
2026-02-08 03:00:40,945 - INFO - Epoch [6] Batch [20/35]                     Loss: 1.3775, Hard: 1.3775, Soft: 0.2833                     Acc: 57.74% LR: 0.000497                     Alpha: 0.5744425058364868                     Beta: 0.0                     MemKD: 0.5
2026-02-08 03:01:07,006 - INFO - Epoch [6/100] Train Loss: 1.0717, Train Acc: 59.11%, Val Loss: 1.0152, Val Acc: 59.97%
2026-02-08 03:01:29,253 - INFO - Epoch [7] Batch [0/35]                     Loss: 1.1387, Hard: 1.1387, Soft: 0.1792                     Acc: 43.75% LR: 0.000496                     Alpha: 0.5744425058364868                     Beta: 0.0                     MemKD: 0.5
2026-02-08 03:01:33,398 - INFO - Epoch [7] Batch [20/35]                     Loss: 1.0158, Hard: 1.0158, Soft: 0.1775                     Acc: 56.25% LR: 0.000496                     Alpha: 0.5744425058364868                     Beta: 0.0                     MemKD: 0.5
2026-02-08 03:02:00,729 - INFO - Epoch [7/100] Train Loss: 1.0860, Train Acc: 56.43%, Val Loss: 1.0348, Val Acc: 57.71%
2026-02-08 03:02:22,421 - INFO - Epoch [8] Batch [0/35]                     Loss: 0.8398, Hard: 0.8398, Soft: 0.1771                     Acc: 68.75% LR: 0.000494                     Alpha: 0.5744425058364868                     Beta: 0.0                     MemKD: 0.5
2026-02-08 03:02:26,530 - INFO - Epoch [8] Batch [20/35]                     Loss: 0.9185, Hard: 0.9185, Soft: 0.1672                     Acc: 58.33% LR: 0.000494                     Alpha: 0.5744425058364868                     Beta: 0.0                     MemKD: 0.5
2026-02-08 03:02:53,713 - INFO - Epoch [8/100] Train Loss: 1.0649, Train Acc: 59.64%, Val Loss: 0.9473, Val Acc: 65.03%
2026-02-08 03:02:53,713 - INFO - Best model saved with accuracy: 65.03%
2026-02-08 03:03:14,328 - INFO - Epoch [9] Batch [0/35]                     Loss: 0.7046, Hard: 0.7046, Soft: 0.1309                     Acc: 68.75% LR: 0.000492                     Alpha: 0.5744425058364868                     Beta: 0.0                     MemKD: 0.5
2026-02-08 03:03:18,412 - INFO - Epoch [9] Batch [20/35]                     Loss: 1.2825, Hard: 1.2825, Soft: 0.2322                     Acc: 60.71% LR: 0.000492                     Alpha: 0.5744425058364868                     Beta: 0.0                     MemKD: 0.5
2026-02-08 03:03:45,510 - INFO - Epoch [9/100] Train Loss: 0.9679, Train Acc: 62.14%, Val Loss: 0.9992, Val Acc: 63.03%
2026-02-08 03:04:07,439 - INFO - Epoch [10] Batch [0/35]                     Loss: 0.7871, Hard: 0.7871, Soft: 0.1757                     Acc: 75.00% LR: 0.000490                     Alpha: 0.5744425058364868                     Beta: 0.0                     MemKD: 0.5
2026-02-08 03:04:11,500 - INFO - Epoch [10] Batch [20/35]                     Loss: 1.1580, Hard: 1.1580, Soft: 0.1822                     Acc: 62.20% LR: 0.000490                     Alpha: 0.5744425058364868                     Beta: 0.0                     MemKD: 0.5
2026-02-08 03:04:39,576 - INFO - Epoch [10/100] Train Loss: 0.9168, Train Acc: 64.46%, Val Loss: 0.8692, Val Acc: 67.02%
2026-02-08 03:04:39,577 - INFO - Best model saved with accuracy: 67.02%
2026-02-08 03:04:39,651 - INFO - Checkpoint saved at epoch 10
2026-02-08 03:05:01,344 - INFO - Epoch [11] Batch [0/35]                     Loss: 0.5743, Hard: 0.5743, Soft: 0.1085                     Acc: 87.50% LR: 0.000488                     Alpha: 0.5744425058364868                     Beta: 0.0                     MemKD: 0.5
2026-02-08 03:05:05,416 - INFO - Epoch [11] Batch [20/35]                     Loss: 1.3076, Hard: 1.3076, Soft: 0.2046                     Acc: 65.18% LR: 0.000488                     Alpha: 0.5744425058364868                     Beta: 0.0                     MemKD: 0.5
2026-02-08 03:05:33,355 - INFO - Epoch [11/100] Train Loss: 0.9649, Train Acc: 64.11%, Val Loss: 0.8122, Val Acc: 70.48%
2026-02-08 03:05:33,355 - INFO - Best model saved with accuracy: 70.48%
2026-02-08 03:05:54,500 - INFO - Epoch [12] Batch [0/35]                     Loss: 0.7282, Hard: 0.7282, Soft: 0.1310                     Acc: 62.50% LR: 0.000485                     Alpha: 0.5744425058364868                     Beta: 0.0                     MemKD: 0.5
2026-02-08 03:05:58,460 - INFO - Epoch [12] Batch [20/35]                     Loss: 1.3035, Hard: 1.3035, Soft: 0.2562                     Acc: 64.58% LR: 0.000485                     Alpha: 0.5744425058364868                     Beta: 0.0                     MemKD: 0.5
2026-02-08 03:06:25,508 - INFO - Epoch [12/100] Train Loss: 0.8857, Train Acc: 66.79%, Val Loss: 0.8001, Val Acc: 68.62%
2026-02-08 03:06:46,905 - INFO - Epoch [13] Batch [0/35]                     Loss: 1.3450, Hard: 1.3450, Soft: 0.2086                     Acc: 50.00% LR: 0.000482                     Alpha: 0.5744425058364868                     Beta: 0.0                     MemKD: 0.5
2026-02-08 03:06:50,683 - INFO - Epoch [13] Batch [20/35]                     Loss: 1.0772, Hard: 1.0772, Soft: 0.1964                     Acc: 58.93% LR: 0.000482                     Alpha: 0.5744425058364868                     Beta: 0.0                     MemKD: 0.5
2026-02-08 03:07:18,296 - INFO - Epoch [13/100] Train Loss: 0.9818, Train Acc: 62.50%, Val Loss: 0.7858, Val Acc: 68.48%
2026-02-08 03:07:41,308 - INFO - Epoch [14] Batch [0/35]                     Loss: 0.7260, Hard: 0.7260, Soft: 0.1151                     Acc: 56.25% LR: 0.000479                     Alpha: 0.5744425058364868                     Beta: 0.0                     MemKD: 0.5
2026-02-08 03:07:45,265 - INFO - Epoch [14] Batch [20/35]                     Loss: 0.5867, Hard: 0.5867, Soft: 0.1091                     Acc: 65.77% LR: 0.000479                     Alpha: 0.5744425058364868                     Beta: 0.0                     MemKD: 0.5
2026-02-08 03:08:13,446 - INFO - Epoch [14/100] Train Loss: 0.8884, Train Acc: 66.96%, Val Loss: 1.1763, Val Acc: 56.12%
2026-02-08 03:08:35,854 - INFO - Epoch [15] Batch [0/35]                     Loss: 0.9431, Hard: 0.9431, Soft: 0.2043                     Acc: 56.25% LR: 0.000476                     Alpha: 0.5744425058364868                     Beta: 0.0                     MemKD: 0.5
2026-02-08 03:08:39,382 - INFO - Epoch [15] Batch [20/35]                     Loss: 0.8153, Hard: 0.8153, Soft: 0.1664                     Acc: 66.67% LR: 0.000476                     Alpha: 0.5744425058364868                     Beta: 0.0                     MemKD: 0.5
2026-02-08 03:09:06,268 - INFO - Epoch [15/100] Train Loss: 0.8620, Train Acc: 67.86%, Val Loss: 0.7760, Val Acc: 68.88%
2026-02-08 03:09:27,547 - INFO - Epoch [16] Batch [0/35]                     Loss: 0.7419, Hard: 0.7419, Soft: 0.1802                     Acc: 62.50% LR: 0.000473                     Alpha: 0.5744425058364868                     Beta: 0.0                     MemKD: 0.5
2026-02-08 03:09:31,682 - INFO - Epoch [16] Batch [20/35]                     Loss: 0.8751, Hard: 0.8751, Soft: 0.1438                     Acc: 70.54% LR: 0.000473                     Alpha: 0.5744425058364868                     Beta: 0.0                     MemKD: 0.5
2026-02-08 03:10:00,388 - INFO - Epoch [16/100] Train Loss: 0.8212, Train Acc: 69.46%, Val Loss: 0.9870, Val Acc: 62.50%
2026-02-08 03:10:20,212 - INFO - Epoch [17] Batch [0/35]                     Loss: 0.8101, Hard: 0.8101, Soft: 0.1958                     Acc: 81.25% LR: 0.000469                     Alpha: 0.5744425058364868                     Beta: 0.0                     MemKD: 0.5
2026-02-08 03:10:24,208 - INFO - Epoch [17] Batch [20/35]                     Loss: 0.7669, Hard: 0.7669, Soft: 0.1647                     Acc: 69.35% LR: 0.000469                     Alpha: 0.5744425058364868                     Beta: 0.0                     MemKD: 0.5
2026-02-08 03:10:51,044 - INFO - Epoch [17/100] Train Loss: 0.8485, Train Acc: 68.04%, Val Loss: 0.9625, Val Acc: 63.30%
2026-02-08 03:11:10,751 - INFO - Epoch [18] Batch [0/35]                     Loss: 1.1445, Hard: 1.1445, Soft: 0.2701                     Acc: 62.50% LR: 0.000465                     Alpha: 0.5744425058364868                     Beta: 0.0                     MemKD: 0.5
2026-02-08 03:11:14,660 - INFO - Epoch [18] Batch [20/35]                     Loss: 1.1085, Hard: 1.1085, Soft: 0.2101                     Acc: 70.24% LR: 0.000465                     Alpha: 0.5744425058364868                     Beta: 0.0                     MemKD: 0.5
2026-02-08 03:11:42,968 - INFO - Epoch [18/100] Train Loss: 0.8171, Train Acc: 70.00%, Val Loss: 0.7696, Val Acc: 69.68%
2026-02-08 03:12:04,067 - INFO - Epoch [19] Batch [0/35]                     Loss: 0.7130, Hard: 0.7130, Soft: 0.1562                     Acc: 62.50% LR: 0.000461                     Alpha: 0.5744425058364868                     Beta: 0.0                     MemKD: 0.5
2026-02-08 03:12:08,113 - INFO - Epoch [19] Batch [20/35]                     Loss: 0.6367, Hard: 0.6367, Soft: 0.1824                     Acc: 72.32% LR: 0.000461                     Alpha: 0.5744425058364868                     Beta: 0.0                     MemKD: 0.5
2026-02-08 03:12:35,977 - INFO - Epoch [19/100] Train Loss: 0.7475, Train Acc: 70.54%, Val Loss: 0.6942, Val Acc: 72.21%
2026-02-08 03:12:35,977 - INFO - Best model saved with accuracy: 72.21%
2026-02-08 03:12:57,132 - INFO - Epoch [20] Batch [0/35]                     Loss: 0.7241, Hard: 0.7241, Soft: 0.1410                     Acc: 68.75% LR: 0.000457                     Alpha: 0.5744425058364868                     Beta: 0.0                     MemKD: 0.5
2026-02-08 03:13:01,223 - INFO - Epoch [20] Batch [20/35]                     Loss: 0.8326, Hard: 0.8326, Soft: 0.1594                     Acc: 68.45% LR: 0.000457                     Alpha: 0.5744425058364868                     Beta: 0.0                     MemKD: 0.5
2026-02-08 03:13:28,107 - INFO - Epoch [20/100] Train Loss: 0.8150, Train Acc: 68.75%, Val Loss: 0.7229, Val Acc: 73.14%
2026-02-08 03:13:28,107 - INFO - Best model saved with accuracy: 73.14%
2026-02-08 03:13:28,147 - INFO - Checkpoint saved at epoch 20
2026-02-08 03:13:49,895 - INFO - Epoch [21] Batch [0/35]                     Loss: 0.5388, Hard: 0.5357, Soft: 0.1228                     Acc: 81.25% LR: 0.000452                     Alpha: 0.5744425058364868                     Beta: 0.0                     MemKD: 0.5
2026-02-08 03:13:54,045 - INFO - Epoch [21] Batch [20/35]                     Loss: 0.5118, Hard: 0.5090, Soft: 0.1114                     Acc: 74.40% LR: 0.000452                     Alpha: 0.5744425058364868                     Beta: -0.03828417509794235                     MemKD: 0.5073004961013794
2026-02-08 03:14:21,421 - INFO - Epoch [21/100] Train Loss: 0.7583, Train Acc: 74.11%, Val Loss: 1.0998, Val Acc: 58.11%
2026-02-08 03:14:41,755 - INFO - Epoch [22] Batch [0/35]                     Loss: 1.1516, Hard: 1.1414, Soft: 0.2047                     Acc: 56.25% LR: 0.000448                     Alpha: 0.5744425058364868                     Beta: -0.06507298350334167                     MemKD: 0.5122970342636108
2026-02-08 03:14:45,852 - INFO - Epoch [22] Batch [20/35]                     Loss: 0.9223, Hard: 0.9159, Soft: 0.1283                     Acc: 71.13% LR: 0.000448                     Alpha: 0.5744425058364868                     Beta: -0.10054337233304977                     MemKD: 0.5197315216064453
2026-02-08 03:15:13,994 - INFO - Epoch [22/100] Train Loss: 0.8010, Train Acc: 70.00%, Val Loss: 0.6553, Val Acc: 76.86%
2026-02-08 03:15:13,994 - INFO - Best model saved with accuracy: 76.86%
2026-02-08 03:15:35,820 - INFO - Epoch [23] Batch [0/35]                     Loss: 0.6484, Hard: 0.6429, Soft: 0.0725                     Acc: 81.25% LR: 0.000443                     Alpha: 0.5744425058364868                     Beta: -0.12444433569908142                     MemKD: 0.5243710279464722
2026-02-08 03:15:39,751 - INFO - Epoch [23] Batch [20/35]                     Loss: 0.8018, Hard: 0.7945, Soft: 0.0970                     Acc: 72.02% LR: 0.000443                     Alpha: 0.5744425058364868                     Beta: -0.15676692128181458                     MemKD: 0.5283538103103638
2026-02-08 03:16:07,865 - INFO - Epoch [23/100] Train Loss: 0.7277, Train Acc: 72.14%, Val Loss: 0.8445, Val Acc: 69.28%
2026-02-08 03:16:28,231 - INFO - Epoch [24] Batch [0/35]                     Loss: 0.6781, Hard: 0.6706, Soft: 0.0749                     Acc: 68.75% LR: 0.000438                     Alpha: 0.5744425058364868                     Beta: -0.17835387587547302                     MemKD: 0.5306717157363892
2026-02-08 03:16:32,223 - INFO - Epoch [24] Batch [20/35]                     Loss: 0.3308, Hard: 0.3289, Soft: 0.0181                     Acc: 71.43% LR: 0.000438                     Alpha: 0.5744425058364868                     Beta: -0.20821936428546906                     MemKD: 0.5330169796943665
2026-02-08 03:16:59,309 - INFO - Epoch [24/100] Train Loss: 0.7357, Train Acc: 72.32%, Val Loss: 0.6935, Val Acc: 74.20%
2026-02-08 03:17:20,930 - INFO - Epoch [25] Batch [0/35]                     Loss: 0.9820, Hard: 0.9692, Soft: 0.1028                     Acc: 62.50% LR: 0.000432                     Alpha: 0.5744425058364868                     Beta: -0.22917695343494415                     MemKD: 0.5336089134216309
2026-02-08 03:17:24,918 - INFO - Epoch [25] Batch [20/35]                     Loss: 0.3143, Hard: 0.3190, Soft: -0.0371                     Acc: 73.81% LR: 0.000432                     Alpha: 0.5744425058364868                     Beta: -0.25825777649879456                     MemKD: 0.5309802889823914
2026-02-08 03:17:53,183 - INFO - Epoch [25/100] Train Loss: 0.7212, Train Acc: 73.39%, Val Loss: 0.7582, Val Acc: 70.21%
2026-02-08 03:18:14,238 - INFO - Epoch [26] Batch [0/35]                     Loss: 0.3141, Hard: 0.3190, Soft: -0.0330                     Acc: 100.00% LR: 0.000427                     Alpha: 0.5744425058364868                     Beta: -0.27908316254615784                     MemKD: 0.5280282497406006
2026-02-08 03:18:18,257 - INFO - Epoch [26] Batch [20/35]                     Loss: 1.1324, Hard: 1.1152, Soft: 0.1151                     Acc: 77.98% LR: 0.000427                     Alpha: 0.5744425058364868                     Beta: -0.3058074116706848                     MemKD: 0.5225188136100769
2026-02-08 03:18:45,660 - INFO - Epoch [26/100] Train Loss: 0.6705, Train Acc: 76.07%, Val Loss: 0.6050, Val Acc: 77.79%
2026-02-08 03:18:45,661 - INFO - Best model saved with accuracy: 77.79%
2026-02-08 03:19:05,925 - INFO - Epoch [27] Batch [0/35]                     Loss: 0.5279, Hard: 0.5309, Soft: -0.0173                     Acc: 81.25% LR: 0.000421                     Alpha: 0.5744425058364868                     Beta: -0.32426169514656067                     MemKD: 0.5188825130462646
2026-02-08 03:19:10,041 - INFO - Epoch [27] Batch [20/35]                     Loss: 0.3632, Hard: 0.3805, Soft: -0.0991                     Acc: 76.49% LR: 0.000421                     Alpha: 0.5744425058364868                     Beta: -0.3492566645145416                     MemKD: 0.5128747224807739
2026-02-08 03:19:37,080 - INFO - Epoch [27/100] Train Loss: 0.6938, Train Acc: 74.64%, Val Loss: 0.6666, Val Acc: 74.60%
2026-02-08 03:19:58,520 - INFO - Epoch [28] Batch [0/35]                     Loss: 1.0094, Hard: 0.9912, Soft: 0.0908                     Acc: 62.50% LR: 0.000415                     Alpha: 0.5744425058364868                     Beta: -0.367367148399353                     MemKD: 0.5081407427787781
2026-02-08 03:20:02,544 - INFO - Epoch [28] Batch [20/35]                     Loss: 0.5233, Hard: 0.5297, Soft: -0.0323                     Acc: 73.51% LR: 0.000415                     Alpha: 0.5744425058364868                     Beta: -0.39014744758605957                     MemKD: 0.5030674934387207
2026-02-08 03:20:29,448 - INFO - Epoch [28/100] Train Loss: 0.7245, Train Acc: 74.29%, Val Loss: 0.8715, Val Acc: 62.23%
2026-02-08 03:20:50,747 - INFO - Epoch [29] Batch [0/35]                     Loss: 0.5613, Hard: 0.5781, Soft: -0.0747                     Acc: 81.25% LR: 0.000409                     Alpha: 0.5744425058364868                     Beta: -0.40790697932243347                     MemKD: 0.498207688331604
2026-02-08 03:20:54,040 - INFO - Epoch [29] Batch [20/35]                     Loss: 0.4910, Hard: 0.5174, Soft: -0.1174                     Acc: 74.40% LR: 0.000409                     Alpha: 0.5744425058364868                     Beta: -0.4312000572681427                     MemKD: 0.4919116199016571
2026-02-08 03:21:20,910 - INFO - Epoch [29/100] Train Loss: 0.6174, Train Acc: 76.43%, Val Loss: 0.5678, Val Acc: 80.19%
2026-02-08 03:21:20,911 - INFO - Best model saved with accuracy: 80.19%
2026-02-08 03:21:42,387 - INFO - Epoch [30] Batch [0/35]                     Loss: 1.0170, Hard: 1.0108, Soft: 0.0247                     Acc: 56.25% LR: 0.000403                     Alpha: 0.5744425058364868                     Beta: -0.44940102100372314                     MemKD: 0.48650798201560974
2026-02-08 03:21:46,429 - INFO - Epoch [30] Batch [20/35]                     Loss: 0.7434, Hard: 0.7458, Soft: -0.0097                     Acc: 77.08% LR: 0.000403                     Alpha: 0.5744425058364868                     Beta: -0.472911536693573                     MemKD: 0.4797166883945465
2026-02-08 03:22:13,152 - INFO - Epoch [30/100] Train Loss: 0.6603, Train Acc: 74.11%, Val Loss: 0.8975, Val Acc: 67.82%
2026-02-08 03:22:13,213 - INFO - Checkpoint saved at epoch 30
2026-02-08 03:22:34,446 - INFO - Epoch [31] Batch [0/35]                     Loss: 0.4875, Hard: 0.5335, Soft: -0.1674                     Acc: 75.00% LR: 0.000397                     Alpha: 0.5744425058364868                     Beta: -0.48940277099609375                     MemKD: 0.4752543568611145
2026-02-08 03:22:38,359 - INFO - Epoch [31] Batch [20/35]                     Loss: 0.5232, Hard: 0.5583, Soft: -0.1280                     Acc: 73.51% LR: 0.000397                     Alpha: 0.5744425058364868                     Beta: -0.5110103487968445                     MemKD: 0.4693944454193115
2026-02-08 03:23:06,092 - INFO - Epoch [31/100] Train Loss: 0.6100, Train Acc: 74.46%, Val Loss: 0.5619, Val Acc: 79.65%
2026-02-08 03:23:27,134 - INFO - Epoch [32] Batch [0/35]                     Loss: 0.8141, Hard: 0.8296, Soft: -0.0517                     Acc: 62.50% LR: 0.000391                     Alpha: 0.5744425058364868                     Beta: -0.5272102952003479                     MemKD: 0.46480801701545715
2026-02-08 03:23:31,213 - INFO - Epoch [32] Batch [20/35]                     Loss: 0.3048, Hard: 0.3816, Soft: -0.2559                     Acc: 78.87% LR: 0.000391                     Alpha: 0.5744425058364868                     Beta: -0.5482973456382751                     MemKD: 0.45881518721580505
2026-02-08 03:24:00,145 - INFO - Epoch [32/100] Train Loss: 0.5478, Train Acc: 79.29%, Val Loss: 0.6835, Val Acc: 74.87%
2026-02-08 03:24:22,892 - INFO - Epoch [33] Batch [0/35]                     Loss: 0.3508, Hard: 0.4283, Soft: -0.2385                     Acc: 93.75% LR: 0.000384                     Alpha: 0.5744425058364868                     Beta: -0.5641891956329346                     MemKD: 0.45425111055374146
2026-02-08 03:24:26,771 - INFO - Epoch [33] Batch [20/35]                     Loss: 0.5929, Hard: 0.6532, Soft: -0.1855                     Acc: 77.98% LR: 0.000384                     Alpha: 0.5744425058364868                     Beta: -0.5844006538391113                     MemKD: 0.44851431250572205
2026-02-08 03:24:55,032 - INFO - Epoch [33/100] Train Loss: 0.6022, Train Acc: 76.07%, Val Loss: 0.7571, Val Acc: 74.20%
2026-02-08 03:25:16,956 - INFO - Epoch [34] Batch [0/35]                     Loss: 0.4466, Hard: 0.5683, Soft: -0.3476                     Acc: 87.50% LR: 0.000377                     Alpha: 0.5744425058364868                     Beta: -0.5985790491104126                     MemKD: 0.44472604990005493
2026-02-08 03:25:20,969 - INFO - Epoch [34] Batch [20/35]                     Loss: 0.5900, Hard: 0.6632, Soft: -0.2090                     Acc: 79.17% LR: 0.000377                     Alpha: 0.5744425058364868                     Beta: -0.6178282499313354                     MemKD: 0.43942156434059143
2026-02-08 03:25:48,073 - INFO - Epoch [34/100] Train Loss: 0.5840, Train Acc: 77.32%, Val Loss: 0.5733, Val Acc: 78.32%
2026-02-08 03:26:08,698 - INFO - Epoch [35] Batch [0/35]                     Loss: 0.9873, Hard: 1.0093, Soft: -0.0588                     Acc: 62.50% LR: 0.000370                     Alpha: 0.5744425058364868                     Beta: -0.6311984062194824                     MemKD: 0.4359660744667053
2026-02-08 03:26:12,672 - INFO - Epoch [35] Batch [20/35]                     Loss: 0.4281, Hard: 0.5328, Soft: -0.2794                     Acc: 75.89% LR: 0.000370                     Alpha: 0.5744425058364868                     Beta: -0.6491182446479797                     MemKD: 0.43114975094795227
2026-02-08 03:26:40,805 - INFO - Epoch [35/100] Train Loss: 0.5511, Train Acc: 77.14%, Val Loss: 0.7133, Val Acc: 73.40%
2026-02-08 03:27:02,887 - INFO - Epoch [36] Batch [0/35]                     Loss: 0.4140, Hard: 0.5302, Soft: -0.2905                     Acc: 75.00% LR: 0.000363                     Alpha: 0.5744425058364868                     Beta: -0.6624804139137268                     MemKD: 0.4275014102458954
2026-02-08 03:27:06,890 - INFO - Epoch [36] Batch [20/35]                     Loss: 0.9696, Hard: 1.0378, Soft: -0.1705                     Acc: 77.68% LR: 0.000363                     Alpha: 0.5744425058364868                     Beta: -0.6803184151649475                     MemKD: 0.42260152101516724
2026-02-08 03:27:34,630 - INFO - Epoch [36/100] Train Loss: 0.4615, Train Acc: 78.04%, Val Loss: 0.5939, Val Acc: 77.53%
2026-02-08 03:27:55,582 - INFO - Epoch [37] Batch [0/35]                     Loss: 0.4075, Hard: 0.5910, Soft: -0.4319                     Acc: 81.25% LR: 0.000356                     Alpha: 0.5744425058364868                     Beta: -0.6931752562522888                     MemKD: 0.4191392660140991
2026-02-08 03:27:59,664 - INFO - Epoch [37] Batch [20/35]                     Loss: 0.2952, Hard: 0.4755, Soft: -0.4242                     Acc: 81.25% LR: 0.000356                     Alpha: 0.5744425058364868                     Beta: -0.710547924041748                     MemKD: 0.4143357276916504
2026-02-08 03:28:25,762 - INFO - Epoch [37/100] Train Loss: 0.3555, Train Acc: 81.61%, Val Loss: 0.5277, Val Acc: 81.12%
2026-02-08 03:28:25,762 - INFO - Best model saved with accuracy: 81.12%
2026-02-08 03:28:46,542 - INFO - Epoch [38] Batch [0/35]                     Loss: 0.1321, Hard: 0.3322, Soft: -0.4448                     Acc: 100.00% LR: 0.000349                     Alpha: 0.5744425058364868                     Beta: -0.7231695055961609                     MemKD: 0.4108356833457947
2026-02-08 03:28:50,531 - INFO - Epoch [38] Batch [20/35]                     Loss: 0.6064, Hard: 0.7402, Soft: -0.2974                     Acc: 85.42% LR: 0.000349                     Alpha: 0.5744425058364868                     Beta: -0.7394546270370483                     MemKD: 0.40638500452041626
2026-02-08 03:29:18,548 - INFO - Epoch [38/100] Train Loss: 0.3234, Train Acc: 83.75%, Val Loss: 0.5835, Val Acc: 78.86%
2026-02-08 03:29:39,520 - INFO - Epoch [39] Batch [0/35]                     Loss: 0.3365, Hard: 0.5267, Soft: -0.4003                     Acc: 93.75% LR: 0.000342                     Alpha: 0.5744425058364868                     Beta: -0.7509934306144714                     MemKD: 0.40334317088127136
2026-02-08 03:29:43,626 - INFO - Epoch [39] Batch [20/35]                     Loss: 0.2321, Hard: 0.4493, Soft: -0.4574                     Acc: 82.74% LR: 0.000342                     Alpha: 0.5744425058364868                     Beta: -0.7661818265914917                     MemKD: 0.39935651421546936
2026-02-08 03:30:10,347 - INFO - Epoch [39/100] Train Loss: 0.3051, Train Acc: 81.79%, Val Loss: 0.5356, Val Acc: 80.72%
2026-02-08 03:30:32,351 - INFO - Epoch [40] Batch [0/35]                     Loss: 0.2967, Hard: 0.5208, Soft: -0.4484                     Acc: 75.00% LR: 0.000335                     Alpha: 0.5744425058364868                     Beta: -0.7773829698562622                     MemKD: 0.39641720056533813
2026-02-08 03:30:36,370 - INFO - Epoch [40] Batch [20/35]                     Loss: 0.1803, Hard: 0.4472, Soft: -0.5338                     Acc: 79.76% LR: 0.000335                     Alpha: 0.5744425058364868                     Beta: -0.7918406128883362                     MemKD: 0.39267536997795105
2026-02-08 03:31:04,502 - INFO - Epoch [40/100] Train Loss: 0.3383, Train Acc: 79.11%, Val Loss: 0.5544, Val Acc: 80.59%
2026-02-08 03:31:04,550 - INFO - Checkpoint saved at epoch 40
2026-02-08 03:31:26,190 - INFO - Epoch [41] Batch [0/35]                     Loss: 0.0681, Hard: 0.3523, Soft: -0.5413                     Acc: 81.25% LR: 0.000327                     Alpha: 0.5744425058364868                     Beta: -0.8025474548339844                     MemKD: 0.3899163007736206
2026-02-08 03:31:30,221 - INFO - Epoch [41] Batch [20/35]                     Loss: 0.3203, Hard: 0.5392, Soft: -0.4170                     Acc: 79.17% LR: 0.000327                     Alpha: 0.5744425058364868                     Beta: -0.816379725933075                     MemKD: 0.38638731837272644
2026-02-08 03:31:57,111 - INFO - Epoch [41/100] Train Loss: 0.2701, Train Acc: 80.18%, Val Loss: 0.5554, Val Acc: 79.39%
2026-02-08 03:32:18,701 - INFO - Epoch [42] Batch [0/35]                     Loss: 0.1664, Hard: 0.4670, Soft: -0.5466                     Acc: 81.25% LR: 0.000320                     Alpha: 0.5744425058364868                     Beta: -0.8267135620117188                     MemKD: 0.38372576236724854
2026-02-08 03:32:22,615 - INFO - Epoch [42] Batch [20/35]                     Loss: 0.8147, Hard: 0.9744, Soft: -0.2904                     Acc: 82.14% LR: 0.000320                     Alpha: 0.5744425058364868                     Beta: -0.8401952981948853                     MemKD: 0.3802814781665802
2026-02-08 03:32:49,054 - INFO - Epoch [42/100] Train Loss: 0.2191, Train Acc: 82.50%, Val Loss: 0.6561, Val Acc: 76.99%
2026-02-08 03:33:09,913 - INFO - Epoch [43] Batch [0/35]                     Loss: 0.1604, Hard: 0.5255, Soft: -0.6349                     Acc: 87.50% LR: 0.000312                     Alpha: 0.5744425058364868                     Beta: -0.8501285910606384                     MemKD: 0.37776654958724976
2026-02-08 03:33:14,018 - INFO - Epoch [43] Batch [20/35]                     Loss: 0.1401, Hard: 0.4492, Soft: -0.5374                     Acc: 79.76% LR: 0.000312                     Alpha: 0.5744425058364868                     Beta: -0.8630261421203613                     MemKD: 0.3745211362838745
2026-02-08 03:33:41,811 - INFO - Epoch [43/100] Train Loss: 0.1649, Train Acc: 81.79%, Val Loss: 0.5322, Val Acc: 81.25%
2026-02-08 03:33:41,811 - INFO - Best model saved with accuracy: 81.25%
2026-02-08 03:34:02,814 - INFO - Epoch [44] Batch [0/35]                     Loss: -0.1836, Hard: 0.2509, Soft: -0.7243                     Acc: 93.75% LR: 0.000305                     Alpha: 0.5744425058364868                     Beta: -0.8725879788398743                     MemKD: 0.37210699915885925
2026-02-08 03:34:06,077 - INFO - Epoch [44] Batch [20/35]                     Loss: 0.0179, Hard: 0.3914, Soft: -0.6224                     Acc: 83.93% LR: 0.000305                     Alpha: 0.5744425058364868                     Beta: -0.8850844502449036                     MemKD: 0.3689493238925934
2026-02-08 03:34:33,040 - INFO - Epoch [44/100] Train Loss: 0.1222, Train Acc: 82.86%, Val Loss: 0.4947, Val Acc: 80.72%
2026-02-08 03:34:54,533 - INFO - Epoch [45] Batch [0/35]                     Loss: 0.0669, Hard: 0.4527, Soft: -0.6172                     Acc: 87.50% LR: 0.000297                     Alpha: 0.5744425058364868                     Beta: -0.8941202163696289                     MemKD: 0.3667154610157013
2026-02-08 03:34:58,566 - INFO - Epoch [45] Batch [20/35]                     Loss: 0.7202, Hard: 1.0258, Soft: -0.4890                     Acc: 82.74% LR: 0.000297                     Alpha: 0.5744425058364868                     Beta: -0.9061148762702942                     MemKD: 0.36369550228118896
2026-02-08 03:35:25,608 - INFO - Epoch [45/100] Train Loss: 0.1016, Train Acc: 81.96%, Val Loss: 0.5510, Val Acc: 78.99%
2026-02-08 03:35:48,369 - INFO - Epoch [46] Batch [0/35]                     Loss: 0.2672, Hard: 0.6619, Soft: -0.6073                     Acc: 68.75% LR: 0.000289                     Alpha: 0.5744425058364868                     Beta: -0.9147939682006836                     MemKD: 0.36155763268470764
2026-02-08 03:35:52,345 - INFO - Epoch [46] Batch [20/35]                     Loss: -0.0831, Hard: 0.3958, Soft: -0.7368                     Acc: 79.17% LR: 0.000289                     Alpha: 0.5744425058364868                     Beta: -0.9259486794471741                     MemKD: 0.3588406443595886
2026-02-08 03:36:20,078 - INFO - Epoch [46/100] Train Loss: 0.1122, Train Acc: 79.46%, Val Loss: 0.6120, Val Acc: 75.66%
2026-02-08 03:36:42,574 - INFO - Epoch [47] Batch [0/35]                     Loss: 0.2593, Hard: 0.6716, Soft: -0.6107                     Acc: 62.50% LR: 0.000281                     Alpha: 0.5744425058364868                     Beta: -0.9344158172607422                     MemKD: 0.3567507266998291
2026-02-08 03:36:46,552 - INFO - Epoch [47] Batch [20/35]                     Loss: 0.6265, Hard: 0.9834, Soft: -0.5286                     Acc: 78.87% LR: 0.000281                     Alpha: 0.5744425058364868                     Beta: -0.9450920224189758                     MemKD: 0.35416969656944275
2026-02-08 03:37:12,985 - INFO - Epoch [47/100] Train Loss: 0.0593, Train Acc: 81.07%, Val Loss: 0.5056, Val Acc: 80.98%
2026-02-08 03:37:35,134 - INFO - Epoch [48] Batch [0/35]                     Loss: 0.4923, Hard: 0.8190, Soft: -0.4667                     Acc: 62.50% LR: 0.000274                     Alpha: 0.5744425058364868                     Beta: -0.9532508850097656                     MemKD: 0.35217440128326416
2026-02-08 03:37:39,232 - INFO - Epoch [48] Batch [20/35]                     Loss: -0.3723, Hard: 0.2397, Soft: -0.8742                     Acc: 82.44% LR: 0.000274                     Alpha: 0.5744425058364868                     Beta: -0.963701069355011                     MemKD: 0.3496304154396057
2026-02-08 03:38:07,424 - INFO - Epoch [48/100] Train Loss: 0.0409, Train Acc: 80.54%, Val Loss: 0.7977, Val Acc: 71.94%
2026-02-08 03:38:27,330 - INFO - Epoch [49] Batch [0/35]                     Loss: -0.0345, Hard: 0.4400, Soft: -0.6544                     Acc: 87.50% LR: 0.000266                     Alpha: 0.5744425058364868                     Beta: -0.9714006185531616                     MemKD: 0.34777504205703735
2026-02-08 03:38:31,341 - INFO - Epoch [49] Batch [20/35]                     Loss: 0.0015, Hard: 0.5033, Soft: -0.6922                     Acc: 81.25% LR: 0.000266                     Alpha: 0.5744425058364868                     Beta: -0.9812722206115723                     MemKD: 0.34542715549468994
2026-02-08 03:38:57,310 - INFO - Epoch [49/100] Train Loss: -0.0431, Train Acc: 83.57%, Val Loss: 0.5737, Val Acc: 79.39%
2026-02-08 03:39:18,651 - INFO - Epoch [50] Batch [0/35]                     Loss: -0.2480, Hard: 0.3598, Soft: -0.8104                     Acc: 81.25% LR: 0.000258                     Alpha: 0.5744425058364868                     Beta: -0.9885870814323425                     MemKD: 0.3436848521232605
2026-02-08 03:39:22,714 - INFO - Epoch [50] Batch [20/35]                     Loss: -0.4046, Hard: 0.2468, Soft: -0.8685                     Acc: 83.04% LR: 0.000258                     Alpha: 0.5744425058364868                     Beta: -0.9981652498245239                     MemKD: 0.3413984477519989
2026-02-08 03:39:50,065 - INFO - Epoch [50/100] Train Loss: -0.0755, Train Acc: 83.04%, Val Loss: 0.5384, Val Acc: 80.85%
2026-02-08 03:39:50,113 - INFO - Checkpoint saved at epoch 50
2026-02-08 03:40:11,771 - INFO - Epoch [51] Batch [0/35]                     Loss: -0.2062, Hard: 0.4206, Soft: -0.8087                     Acc: 81.25% LR: 0.000250                     Alpha: 0.5744425058364868                     Beta: -1.0054136514663696                     MemKD: 0.33966776728630066
2026-02-08 03:40:15,676 - INFO - Epoch [51] Batch [20/35]                     Loss: -0.2101, Hard: 0.4544, Soft: -0.8575                     Acc: 84.82% LR: 0.000250                     Alpha: 0.5744425058364868                     Beta: -1.0148231983184814                     MemKD: 0.33743390440940857
2026-02-08 03:40:43,857 - INFO - Epoch [51/100] Train Loss: -0.1912, Train Acc: 84.29%, Val Loss: 0.5124, Val Acc: 81.38%
2026-02-08 03:40:43,857 - INFO - Best model saved with accuracy: 81.38%
2026-02-08 03:41:06,695 - INFO - Epoch [52] Batch [0/35]                     Loss: 0.0360, Hard: 0.6165, Soft: -0.7257                     Acc: 81.25% LR: 0.000242                     Alpha: 0.5744425058364868                     Beta: -1.0217909812927246                     MemKD: 0.33578699827194214
2026-02-08 03:41:10,745 - INFO - Epoch [52] Batch [20/35]                     Loss: -0.2418, Hard: 0.4052, Soft: -0.8088                     Acc: 83.93% LR: 0.000242                     Alpha: 0.5744425058364868                     Beta: -1.030692219734192                     MemKD: 0.3337022364139557
2026-02-08 03:41:37,674 - INFO - Epoch [52/100] Train Loss: -0.1790, Train Acc: 82.32%, Val Loss: 0.5632, Val Acc: 78.99%
2026-02-08 03:41:59,647 - INFO - Epoch [53] Batch [0/35]                     Loss: -0.4084, Hard: 0.3096, Soft: -0.8703                     Acc: 93.75% LR: 0.000234                     Alpha: 0.5744425058364868                     Beta: -1.037245273590088                     MemKD: 0.33217793703079224
2026-02-08 03:42:03,625 - INFO - Epoch [53] Batch [20/35]                     Loss: -0.3639, Hard: 0.3543, Soft: -0.8706                     Acc: 85.42% LR: 0.000234                     Alpha: 0.5744425058364868                     Beta: -1.0458083152770996                     MemKD: 0.3301888406276703
2026-02-08 03:42:30,612 - INFO - Epoch [53/100] Train Loss: -0.2648, Train Acc: 85.18%, Val Loss: 0.4808, Val Acc: 83.11%
2026-02-08 03:42:30,612 - INFO - Best model saved with accuracy: 83.11%
2026-02-08 03:42:52,504 - INFO - Epoch [54] Batch [0/35]                     Loss: 0.2415, Hard: 0.8365, Soft: -0.7000                     Acc: 81.25% LR: 0.000226                     Alpha: 0.5744425058364868                     Beta: -1.0521821975708008                     MemKD: 0.3287143111228943
2026-02-08 03:42:56,551 - INFO - Epoch [54] Batch [20/35]                     Loss: -0.4394, Hard: 0.3592, Soft: -0.9395                     Acc: 84.23% LR: 0.000226                     Alpha: 0.5744425058364868                     Beta: -1.0603469610214233                     MemKD: 0.32682421803474426
2026-02-08 03:43:23,537 - INFO - Epoch [54/100] Train Loss: -0.2710, Train Acc: 84.11%, Val Loss: 0.5335, Val Acc: 80.72%
2026-02-08 03:43:44,438 - INFO - Epoch [55] Batch [0/35]                     Loss: -0.5067, Hard: 0.3085, Soft: -0.9317                     Acc: 87.50% LR: 0.000219                     Alpha: 0.5744425058364868                     Beta: -1.0663959980010986                     MemKD: 0.32542359828948975
2026-02-08 03:43:48,503 - INFO - Epoch [55] Batch [20/35]                     Loss: -0.1927, Hard: 0.5052, Soft: -0.7976                     Acc: 83.33% LR: 0.000219                     Alpha: 0.5744425058364868                     Beta: -1.074143409729004                     MemKD: 0.32364317774772644
2026-02-08 03:44:16,044 - INFO - Epoch [55/100] Train Loss: -0.2525, Train Acc: 81.07%, Val Loss: 0.4821, Val Acc: 82.31%
2026-02-08 03:44:37,852 - INFO - Epoch [56] Batch [0/35]                     Loss: -0.4656, Hard: 0.3844, Soft: -0.9445                     Acc: 87.50% LR: 0.000211                     Alpha: 0.5744425058364868                     Beta: -1.0798410177230835                     MemKD: 0.3223498463630676
2026-02-08 03:44:41,830 - INFO - Epoch [56] Batch [20/35]                     Loss: -0.2972, Hard: 0.4597, Soft: -0.8409                     Acc: 81.55% LR: 0.000211                     Alpha: 0.5744425058364868                     Beta: -1.0870511531829834                     MemKD: 0.32072603702545166
2026-02-08 03:45:10,884 - INFO - Epoch [56/100] Train Loss: -0.2895, Train Acc: 82.50%, Val Loss: 0.4492, Val Acc: 83.64%
2026-02-08 03:45:10,885 - INFO - Best model saved with accuracy: 83.64%
2026-02-08 03:45:31,967 - INFO - Epoch [57] Batch [0/35]                     Loss: 0.0481, Hard: 0.7488, Soft: -0.7575                     Acc: 75.00% LR: 0.000203                     Alpha: 0.5744425058364868                     Beta: -1.0924609899520874                     MemKD: 0.31950870156288147
2026-02-08 03:45:35,997 - INFO - Epoch [57] Batch [20/35]                     Loss: -0.5239, Hard: 0.3740, Soft: -0.9707                     Acc: 87.50% LR: 0.000203                     Alpha: 0.5744425058364868                     Beta: -1.099565029144287                     MemKD: 0.31789928674697876
2026-02-08 03:46:02,411 - INFO - Epoch [57/100] Train Loss: -0.4588, Train Acc: 86.79%, Val Loss: 0.4667, Val Acc: 83.11%
2026-02-08 03:46:24,738 - INFO - Epoch [58] Batch [0/35]                     Loss: -0.6423, Hard: 0.3182, Soft: -1.0110                     Acc: 81.25% LR: 0.000195                     Alpha: 0.5744425058364868                     Beta: -1.1049747467041016                     MemKD: 0.31666746735572815
2026-02-08 03:46:28,830 - INFO - Epoch [58] Batch [20/35]                     Loss: -0.3568, Hard: 0.5822, Soft: -0.9885                     Acc: 86.31% LR: 0.000195                     Alpha: 0.5744425058364868                     Beta: -1.1118093729019165                     MemKD: 0.31512072682380676
2026-02-08 03:46:55,037 - INFO - Epoch [58/100] Train Loss: -0.4278, Train Acc: 83.75%, Val Loss: 0.4917, Val Acc: 83.11%
2026-02-08 03:47:16,750 - INFO - Epoch [59] Batch [0/35]                     Loss: -0.6638, Hard: 0.3795, Soft: -1.0700                     Acc: 87.50% LR: 0.000188                     Alpha: 0.5744425058364868                     Beta: -1.1167480945587158                     MemKD: 0.3140180706977844
2026-02-08 03:47:20,823 - INFO - Epoch [59] Batch [20/35]                     Loss: -0.7293, Hard: 0.2988, Soft: -1.0545                     Acc: 88.39% LR: 0.000188                     Alpha: 0.5744425058364868                     Beta: -1.1231919527053833                     MemKD: 0.3125774562358856
2026-02-08 03:47:48,941 - INFO - Epoch [59/100] Train Loss: -0.5819, Train Acc: 87.32%, Val Loss: 0.5346, Val Acc: 81.38%
2026-02-08 03:48:09,683 - INFO - Epoch [60] Batch [0/35]                     Loss: -0.6911, Hard: 0.3337, Soft: -1.0248                     Acc: 93.75% LR: 0.000180                     Alpha: 0.5744425058364868                     Beta: -1.1280847787857056                     MemKD: 0.3114783465862274
2026-02-08 03:48:13,774 - INFO - Epoch [60] Batch [20/35]                     Loss: -0.7833, Hard: 0.2472, Soft: -1.0305                     Acc: 86.61% LR: 0.000180                     Alpha: 0.5744425058364868                     Beta: -1.1342008113861084                     MemKD: 0.3101215660572052
2026-02-08 03:48:41,455 - INFO - Epoch [60/100] Train Loss: -0.5544, Train Acc: 86.43%, Val Loss: 0.4827, Val Acc: 82.18%
2026-02-08 03:48:41,489 - INFO - Checkpoint saved at epoch 60
2026-02-08 03:49:03,885 - INFO - Epoch [61] Batch [0/35]                     Loss: -0.1533, Hard: 0.6439, Soft: -0.7972                     Acc: 75.00% LR: 0.000173                     Alpha: 0.5744425058364868                     Beta: -1.1387884616851807                     MemKD: 0.30909937620162964
2026-02-08 03:49:08,029 - INFO - Epoch [61] Batch [20/35]                     Loss: -0.5280, Hard: 0.4567, Soft: -0.9847                     Acc: 83.63% LR: 0.000173                     Alpha: 0.5744425058364868                     Beta: -1.1444497108459473                     MemKD: 0.30785512924194336
2026-02-08 03:49:36,662 - INFO - Epoch [61/100] Train Loss: -0.4906, Train Acc: 81.96%, Val Loss: 0.4745, Val Acc: 82.85%
2026-02-08 03:49:57,952 - INFO - Epoch [62] Batch [0/35]                     Loss: -0.6311, Hard: 0.3632, Soft: -0.9942                     Acc: 93.75% LR: 0.000165                     Alpha: 0.5744425058364868                     Beta: -1.148546576499939                     MemKD: 0.3069680333137512
2026-02-08 03:50:01,958 - INFO - Epoch [62] Batch [20/35]                     Loss: -0.4274, Hard: 0.5908, Soft: -1.0182                     Acc: 86.01% LR: 0.000165                     Alpha: 0.5744425058364868                     Beta: -1.153845191001892                     MemKD: 0.3058141767978668
2026-02-08 03:50:29,748 - INFO - Epoch [62/100] Train Loss: -0.5807, Train Acc: 86.79%, Val Loss: 0.4671, Val Acc: 83.11%
2026-02-08 03:50:50,435 - INFO - Epoch [63] Batch [0/35]                     Loss: -0.4953, Hard: 0.5258, Soft: -1.0210                     Acc: 81.25% LR: 0.000158                     Alpha: 0.5744425058364868                     Beta: -1.157788872718811                     MemKD: 0.30494675040245056
2026-02-08 03:50:54,375 - INFO - Epoch [63] Batch [20/35]                     Loss: -0.9637, Hard: 0.1864, Soft: -1.1500                     Acc: 86.61% LR: 0.000158                     Alpha: 0.5744425058364868                     Beta: -1.1627838611602783                     MemKD: 0.3038463294506073
2026-02-08 03:51:21,804 - INFO - Epoch [63/100] Train Loss: -0.6599, Train Acc: 86.25%, Val Loss: 0.4998, Val Acc: 80.59%
2026-02-08 03:51:43,101 - INFO - Epoch [64] Batch [0/35]                     Loss: -0.5095, Hard: 0.4903, Soft: -0.9997                     Acc: 87.50% LR: 0.000151                     Alpha: 0.5744425058364868                     Beta: -1.166559100151062                     MemKD: 0.3030146062374115
2026-02-08 03:51:47,168 - INFO - Epoch [64] Batch [20/35]                     Loss: -0.6414, Hard: 0.3856, Soft: -1.0270                     Acc: 84.23% LR: 0.000151                     Alpha: 0.5744425058364868                     Beta: -1.1712150573730469                     MemKD: 0.3019995093345642
2026-02-08 03:52:15,655 - INFO - Epoch [64/100] Train Loss: -0.6419, Train Acc: 86.25%, Val Loss: 0.4779, Val Acc: 83.91%
2026-02-08 03:52:15,656 - INFO - Best model saved with accuracy: 83.91%
2026-02-08 03:52:38,887 - INFO - Epoch [65] Batch [0/35]                     Loss: -1.0357, Hard: 0.1235, Soft: -1.1592                     Acc: 100.00% LR: 0.000144                     Alpha: 0.5744425058364868                     Beta: -1.174660563468933                     MemKD: 0.30125322937965393
2026-02-08 03:52:42,844 - INFO - Epoch [65] Batch [20/35]                     Loss: -0.3928, Hard: 0.4830, Soft: -0.8758                     Acc: 87.50% LR: 0.000144                     Alpha: 0.5744425058364868                     Beta: -1.1790021657943726                     MemKD: 0.30030664801597595
2026-02-08 03:53:10,162 - INFO - Epoch [65/100] Train Loss: -0.6875, Train Acc: 86.25%, Val Loss: 0.4798, Val Acc: 83.64%
2026-02-08 03:53:32,532 - INFO - Epoch [66] Batch [0/35]                     Loss: -0.8946, Hard: 0.2483, Soft: -1.1429                     Acc: 87.50% LR: 0.000137                     Alpha: 0.5744425058364868                     Beta: -1.1822168827056885                     MemKD: 0.29961585998535156
2026-02-08 03:53:36,441 - INFO - Epoch [66] Batch [20/35]                     Loss: -0.9043, Hard: 0.2379, Soft: -1.1421                     Acc: 86.01% LR: 0.000137                     Alpha: 0.5744425058364868                     Beta: -1.1863198280334473                     MemKD: 0.298724889755249
2026-02-08 03:54:03,885 - INFO - Epoch [66/100] Train Loss: -0.6776, Train Acc: 85.36%, Val Loss: 0.4633, Val Acc: 84.18%
2026-02-08 03:54:03,886 - INFO - Best model saved with accuracy: 84.18%
2026-02-08 03:54:24,702 - INFO - Epoch [67] Batch [0/35]                     Loss: -0.8456, Hard: 0.2625, Soft: -1.1081                     Acc: 87.50% LR: 0.000130                     Alpha: 0.5744425058364868                     Beta: -1.189287781715393                     MemKD: 0.29808688163757324
2026-02-08 03:54:28,624 - INFO - Epoch [67] Batch [20/35]                     Loss: -0.8589, Hard: 0.3444, Soft: -1.2033                     Acc: 86.31% LR: 0.000130                     Alpha: 0.5744425058364868                     Beta: -1.1930118799209595                     MemKD: 0.29728567600250244
2026-02-08 03:54:56,282 - INFO - Epoch [67/100] Train Loss: -0.6736, Train Acc: 85.89%, Val Loss: 0.4247, Val Acc: 85.77%
2026-02-08 03:54:56,282 - INFO - Best model saved with accuracy: 85.77%
2026-02-08 03:55:19,022 - INFO - Epoch [68] Batch [0/35]                     Loss: -0.1958, Hard: 0.6383, Soft: -0.8341                     Acc: 81.25% LR: 0.000123                     Alpha: 0.5744425058364868                     Beta: -1.1957640647888184                     MemKD: 0.29669708013534546
2026-02-08 03:55:22,978 - INFO - Epoch [68] Batch [20/35]                     Loss: -1.0187, Hard: 0.1844, Soft: -1.2031                     Acc: 88.69% LR: 0.000123                     Alpha: 0.5744425058364868                     Beta: -1.1992753744125366                     MemKD: 0.2959434688091278
2026-02-08 03:55:51,073 - INFO - Epoch [68/100] Train Loss: -0.6764, Train Acc: 86.07%, Val Loss: 0.4369, Val Acc: 85.64%
2026-02-08 03:56:12,166 - INFO - Epoch [69] Batch [0/35]                     Loss: -0.9956, Hard: 0.1790, Soft: -1.1747                     Acc: 100.00% LR: 0.000116                     Alpha: 0.5744425058364868                     Beta: -1.2018649578094482                     MemKD: 0.2953907549381256
2026-02-08 03:56:16,292 - INFO - Epoch [69] Batch [20/35]                     Loss: -0.1966, Hard: 0.7509, Soft: -0.9475                     Acc: 86.01% LR: 0.000116                     Alpha: 0.5744425058364868                     Beta: -1.205054759979248                     MemKD: 0.2947138249874115
2026-02-08 03:56:43,555 - INFO - Epoch [69/100] Train Loss: -0.6529, Train Acc: 85.71%, Val Loss: 0.4580, Val Acc: 84.31%
2026-02-08 03:57:05,381 - INFO - Epoch [70] Batch [0/35]                     Loss: 0.2598, Hard: 1.0944, Soft: -0.8346                     Acc: 62.50% LR: 0.000109                     Alpha: 0.5744425058364868                     Beta: -1.2073944807052612                     MemKD: 0.2942214906215668
2026-02-08 03:57:09,370 - INFO - Epoch [70] Batch [20/35]                     Loss: -0.5819, Hard: 0.4217, Soft: -1.0035                     Acc: 87.50% LR: 0.000109                     Alpha: 0.5744425058364868                     Beta: -1.2103941440582275                     MemKD: 0.2935851216316223
2026-02-08 03:57:37,721 - INFO - Epoch [70/100] Train Loss: -0.7850, Train Acc: 88.39%, Val Loss: 0.4822, Val Acc: 84.31%
2026-02-08 03:57:37,770 - INFO - Checkpoint saved at epoch 70
2026-02-08 03:57:59,624 - INFO - Epoch [71] Batch [0/35]                     Loss: -0.4716, Hard: 0.5918, Soft: -1.0634                     Acc: 81.25% LR: 0.000103                     Alpha: 0.5744425058364868                     Beta: -1.2126904726028442                     MemKD: 0.29309409856796265
2026-02-08 03:58:03,653 - INFO - Epoch [71] Batch [20/35]                     Loss: -0.8599, Hard: 0.3143, Soft: -1.1741                     Acc: 85.42% LR: 0.000103                     Alpha: 0.5744425058364868                     Beta: -1.2155348062515259                     MemKD: 0.29248568415641785
2026-02-08 03:58:31,084 - INFO - Epoch [71/100] Train Loss: -0.7218, Train Acc: 86.07%, Val Loss: 0.4443, Val Acc: 84.44%
2026-02-08 03:58:52,416 - INFO - Epoch [72] Batch [0/35]                     Loss: -0.4574, Hard: 0.4836, Soft: -0.9410                     Acc: 81.25% LR: 0.000097                     Alpha: 0.5744425058364868                     Beta: -1.2176064252853394                     MemKD: 0.29204705357551575
2026-02-08 03:58:56,502 - INFO - Epoch [72] Batch [20/35]                     Loss: -0.7665, Hard: 0.3720, Soft: -1.1385                     Acc: 85.42% LR: 0.000097                     Alpha: 0.5744425058364868                     Beta: -1.2201659679412842                     MemKD: 0.29150646924972534
2026-02-08 03:59:24,074 - INFO - Epoch [72/100] Train Loss: -0.7450, Train Acc: 86.61%, Val Loss: 0.4486, Val Acc: 85.51%
2026-02-08 03:59:45,556 - INFO - Epoch [73] Batch [0/35]                     Loss: -0.7054, Hard: 0.3391, Soft: -1.0444                     Acc: 81.25% LR: 0.000091                     Alpha: 0.5744425058364868                     Beta: -1.2221139669418335                     MemKD: 0.29109328985214233
2026-02-08 03:59:49,609 - INFO - Epoch [73] Batch [20/35]                     Loss: -0.9267, Hard: 0.2319, Soft: -1.1587                     Acc: 88.69% LR: 0.000091                     Alpha: 0.5744425058364868                     Beta: -1.2245248556137085                     MemKD: 0.2905834913253784
2026-02-08 04:00:15,805 - INFO - Epoch [73/100] Train Loss: -0.8160, Train Acc: 88.57%, Val Loss: 0.4502, Val Acc: 85.64%
2026-02-08 04:00:38,100 - INFO - Epoch [74] Batch [0/35]                     Loss: -1.1482, Hard: 0.0963, Soft: -1.2445                     Acc: 100.00% LR: 0.000085                     Alpha: 0.5744425058364868                     Beta: -1.2263548374176025                     MemKD: 0.2901948392391205
2026-02-08 04:00:42,050 - INFO - Epoch [74] Batch [20/35]                     Loss: -1.2004, Hard: 0.1193, Soft: -1.3197                     Acc: 88.39% LR: 0.000085                     Alpha: 0.5744425058364868                     Beta: -1.2285869121551514                     MemKD: 0.28972306847572327
2026-02-08 04:01:08,830 - INFO - Epoch [74/100] Train Loss: -0.8084, Train Acc: 88.39%, Val Loss: 0.3989, Val Acc: 86.84%
2026-02-08 04:01:08,831 - INFO - Best model saved with accuracy: 86.84%
2026-02-08 04:01:30,202 - INFO - Epoch [75] Batch [0/35]                     Loss: -1.2582, Hard: 0.0745, Soft: -1.3327                     Acc: 100.00% LR: 0.000079                     Alpha: 0.5744425058364868                     Beta: -1.2302814722061157                     MemKD: 0.28936535120010376
2026-02-08 04:01:34,245 - INFO - Epoch [75] Batch [20/35]                     Loss: -0.5969, Hard: 0.4301, Soft: -1.0270                     Acc: 91.67% LR: 0.000079                     Alpha: 0.5744425058364868                     Beta: -1.2323580980300903                     MemKD: 0.28892621397972107
2026-02-08 04:02:00,642 - INFO - Epoch [75/100] Train Loss: -0.8975, Train Acc: 91.07%, Val Loss: 0.4359, Val Acc: 86.97%
2026-02-08 04:02:00,642 - INFO - Best model saved with accuracy: 86.97%
2026-02-08 04:02:23,107 - INFO - Epoch [76] Batch [0/35]                     Loss: -0.7924, Hard: 0.2881, Soft: -1.0805                     Acc: 81.25% LR: 0.000073                     Alpha: 0.5744425058364868                     Beta: -1.2338988780975342                     MemKD: 0.2885999381542206
2026-02-08 04:02:27,153 - INFO - Epoch [76] Batch [20/35]                     Loss: -1.1162, Hard: 0.1578, Soft: -1.2740                     Acc: 89.88% LR: 0.000073                     Alpha: 0.5744425058364868                     Beta: -1.2357944250106812                     MemKD: 0.288201242685318
2026-02-08 04:02:54,987 - INFO - Epoch [76/100] Train Loss: -0.8577, Train Acc: 90.18%, Val Loss: 0.4520, Val Acc: 85.11%
2026-02-08 04:03:15,958 - INFO - Epoch [77] Batch [0/35]                     Loss: -0.8330, Hard: 0.3574, Soft: -1.1904                     Acc: 87.50% LR: 0.000068                     Alpha: 0.5744425058364868                     Beta: -1.237215280532837                     MemKD: 0.287901908159256
2026-02-08 04:03:19,985 - INFO - Epoch [77] Batch [20/35]                     Loss: 0.0877, Hard: 0.9525, Soft: -0.8649                     Acc: 88.10% LR: 0.000068                     Alpha: 0.5744425058364868                     Beta: -1.2389520406723022                     MemKD: 0.2875370681285858
2026-02-08 04:03:47,976 - INFO - Epoch [77/100] Train Loss: -0.8035, Train Acc: 88.21%, Val Loss: 0.4356, Val Acc: 85.64%
2026-02-08 04:04:09,591 - INFO - Epoch [78] Batch [0/35]                     Loss: -0.5693, Hard: 0.5832, Soft: -1.1525                     Acc: 87.50% LR: 0.000062                     Alpha: 0.5744425058364868                     Beta: -1.2402350902557373                     MemKD: 0.28726914525032043
2026-02-08 04:04:13,651 - INFO - Epoch [78] Batch [20/35]                     Loss: -0.4469, Hard: 0.5774, Soft: -1.0243                     Acc: 87.20% LR: 0.000062                     Alpha: 0.5744425058364868                     Beta: -1.2417930364608765                     MemKD: 0.28694549202919006
2026-02-08 04:04:42,111 - INFO - Epoch [78/100] Train Loss: -0.8308, Train Acc: 88.57%, Val Loss: 0.4413, Val Acc: 85.77%
2026-02-08 04:05:04,007 - INFO - Epoch [79] Batch [0/35]                     Loss: -0.8635, Hard: 0.3411, Soft: -1.2046                     Acc: 93.75% LR: 0.000057                     Alpha: 0.5744425058364868                     Beta: -1.242970585823059                     MemKD: 0.28669995069503784
2026-02-08 04:05:07,957 - INFO - Epoch [79] Batch [20/35]                     Loss: -0.9526, Hard: 0.2976, Soft: -1.2502                     Acc: 86.90% LR: 0.000057                     Alpha: 0.5744425058364868                     Beta: -1.2443947792053223                     MemKD: 0.2864040434360504
2026-02-08 04:05:34,372 - INFO - Epoch [79/100] Train Loss: -0.8238, Train Acc: 87.32%, Val Loss: 0.4351, Val Acc: 84.04%
2026-02-08 04:05:55,410 - INFO - Epoch [80] Batch [0/35]                     Loss: -0.7828, Hard: 0.3644, Soft: -1.1472                     Acc: 87.50% LR: 0.000052                     Alpha: 0.5744425058364868                     Beta: -1.245465636253357                     MemKD: 0.2861819565296173
2026-02-08 04:05:59,316 - INFO - Epoch [80] Batch [20/35]                     Loss: -0.6385, Hard: 0.5079, Soft: -1.1464                     Acc: 86.31% LR: 0.000052                     Alpha: 0.5744425058364868                     Beta: -1.2467479705810547                     MemKD: 0.2859174311161041
2026-02-08 04:06:25,436 - INFO - Epoch [80/100] Train Loss: -0.8086, Train Acc: 87.50%, Val Loss: 0.4242, Val Acc: 85.64%
2026-02-08 04:06:25,483 - INFO - Checkpoint saved at epoch 80
2026-02-08 04:06:46,111 - INFO - Epoch [81] Batch [0/35]                     Loss: -1.1534, Hard: 0.1525, Soft: -1.3059                     Acc: 93.75% LR: 0.000048                     Alpha: 0.5744425058364868                     Beta: -1.2477068901062012                     MemKD: 0.2857184112071991
2026-02-08 04:06:50,190 - INFO - Epoch [81] Batch [20/35]                     Loss: -0.9072, Hard: 0.3176, Soft: -1.2248                     Acc: 87.20% LR: 0.000048                     Alpha: 0.5744425058364868                     Beta: -1.2488675117492676                     MemKD: 0.28547778725624084
2026-02-08 04:07:19,064 - INFO - Epoch [81/100] Train Loss: -0.8174, Train Acc: 87.32%, Val Loss: 0.4172, Val Acc: 86.44%
2026-02-08 04:07:39,663 - INFO - Epoch [82] Batch [0/35]                     Loss: -0.8460, Hard: 0.3495, Soft: -1.1955                     Acc: 87.50% LR: 0.000043                     Alpha: 0.5744425058364868                     Beta: -1.2497349977493286                     MemKD: 0.2852977216243744
2026-02-08 04:07:43,764 - INFO - Epoch [82] Batch [20/35]                     Loss: -1.0318, Hard: 0.2201, Soft: -1.2519                     Acc: 89.29% LR: 0.000043                     Alpha: 0.5744425058364868                     Beta: -1.2507926225662231                     MemKD: 0.2850782871246338
2026-02-08 04:08:12,269 - INFO - Epoch [82/100] Train Loss: -0.8662, Train Acc: 87.50%, Val Loss: 0.4300, Val Acc: 85.90%
2026-02-08 04:08:34,563 - INFO - Epoch [83] Batch [0/35]                     Loss: -0.9531, Hard: 0.2396, Soft: -1.1927                     Acc: 93.75% LR: 0.000039                     Alpha: 0.5744425058364868                     Beta: -1.2515817880630493                     MemKD: 0.2849145233631134
2026-02-08 04:08:38,582 - INFO - Epoch [83] Batch [20/35]                     Loss: -0.9755, Hard: 0.2396, Soft: -1.2151                     Acc: 90.18% LR: 0.000039                     Alpha: 0.5744425058364868                     Beta: -1.2525379657745361                     MemKD: 0.28471603989601135
2026-02-08 04:09:07,286 - INFO - Epoch [83/100] Train Loss: -0.9420, Train Acc: 90.89%, Val Loss: 0.4152, Val Acc: 86.84%
2026-02-08 04:09:27,316 - INFO - Epoch [84] Batch [0/35]                     Loss: -0.9300, Hard: 0.2581, Soft: -1.1880                     Acc: 93.75% LR: 0.000035                     Alpha: 0.5744425058364868                     Beta: -1.253251552581787                     MemKD: 0.2845677137374878
2026-02-08 04:09:31,317 - INFO - Epoch [84] Batch [20/35]                     Loss: -0.8325, Hard: 0.3079, Soft: -1.1404                     Acc: 89.88% LR: 0.000035                     Alpha: 0.5744425058364868                     Beta: -1.2540942430496216                     MemKD: 0.2843918204307556
2026-02-08 04:09:58,662 - INFO - Epoch [84/100] Train Loss: -0.8167, Train Acc: 87.32%, Val Loss: 0.4259, Val Acc: 86.57%
2026-02-08 04:10:19,062 - INFO - Epoch [85] Batch [0/35]                     Loss: -0.7447, Hard: 0.4085, Soft: -1.1533                     Acc: 87.50% LR: 0.000031                     Alpha: 0.5744425058364868                     Beta: -1.2547065019607544                     MemKD: 0.2842664122581482
2026-02-08 04:10:22,975 - INFO - Epoch [85] Batch [20/35]                     Loss: -1.0324, Hard: 0.2141, Soft: -1.2465                     Acc: 89.88% LR: 0.000031                     Alpha: 0.5744425058364868                     Beta: -1.2554413080215454                     MemKD: 0.28411489725112915
2026-02-08 04:10:50,761 - INFO - Epoch [85/100] Train Loss: -0.8426, Train Acc: 88.93%, Val Loss: 0.4380, Val Acc: 86.70%
2026-02-08 04:11:12,465 - INFO - Epoch [86] Batch [0/35]                     Loss: -1.1096, Hard: 0.1673, Soft: -1.2769                     Acc: 93.75% LR: 0.000027                     Alpha: 0.5744425058364868                     Beta: -1.2559881210327148                     MemKD: 0.28400203585624695
2026-02-08 04:11:16,544 - INFO - Epoch [86] Batch [20/35]                     Loss: -0.4226, Hard: 0.5408, Soft: -0.9635                     Acc: 88.69% LR: 0.000027                     Alpha: 0.5744425058364868                     Beta: -1.2566328048706055                     MemKD: 0.2838688790798187
2026-02-08 04:11:45,025 - INFO - Epoch [86/100] Train Loss: -0.8103, Train Acc: 87.14%, Val Loss: 0.4052, Val Acc: 87.23%
2026-02-08 04:11:45,026 - INFO - Best model saved with accuracy: 87.23%
2026-02-08 04:12:05,930 - INFO - Epoch [87] Batch [0/35]                     Loss: -1.2429, Hard: 0.1069, Soft: -1.3498                     Acc: 100.00% LR: 0.000024                     Alpha: 0.5744425058364868                     Beta: -1.2570974826812744                     MemKD: 0.28377434611320496
2026-02-08 04:12:10,026 - INFO - Epoch [87] Batch [20/35]                     Loss: -1.2173, Hard: 0.0990, Soft: -1.3163                     Acc: 87.80% LR: 0.000024                     Alpha: 0.5744425058364868                     Beta: -1.2576470375061035                     MemKD: 0.2836618721485138
2026-02-08 04:12:37,680 - INFO - Epoch [87/100] Train Loss: -0.8459, Train Acc: 87.86%, Val Loss: 0.4163, Val Acc: 86.97%
2026-02-08 04:13:00,407 - INFO - Epoch [88] Batch [0/35]                     Loss: -1.0509, Hard: 0.1971, Soft: -1.2480                     Acc: 93.75% LR: 0.000021                     Alpha: 0.5744425058364868                     Beta: -1.2580592632293701                     MemKD: 0.2835770845413208
2026-02-08 04:13:04,334 - INFO - Epoch [88] Batch [20/35]                     Loss: -0.7153, Hard: 0.4124, Soft: -1.1277                     Acc: 89.88% LR: 0.000021                     Alpha: 0.5744425058364868                     Beta: -1.2585448026657104                     MemKD: 0.2834763824939728
2026-02-08 04:13:31,439 - INFO - Epoch [88/100] Train Loss: -0.9505, Train Acc: 90.71%, Val Loss: 0.4165, Val Acc: 86.70%
2026-02-08 04:13:52,559 - INFO - Epoch [89] Batch [0/35]                     Loss: -1.1850, Hard: 0.1330, Soft: -1.3181                     Acc: 93.75% LR: 0.000018                     Alpha: 0.5744425058364868                     Beta: -1.258909821510315                     MemKD: 0.28340059518814087
2026-02-08 04:13:56,595 - INFO - Epoch [89] Batch [20/35]                     Loss: -0.8594, Hard: 0.3148, Soft: -1.1742                     Acc: 90.48% LR: 0.000018                     Alpha: 0.5744425058364868                     Beta: -1.2593196630477905                     MemKD: 0.28331583738327026
2026-02-08 04:14:23,909 - INFO - Epoch [89/100] Train Loss: -0.8916, Train Acc: 88.75%, Val Loss: 0.4176, Val Acc: 86.70%
2026-02-08 04:14:46,458 - INFO - Epoch [90] Batch [0/35]                     Loss: -0.9226, Hard: 0.2783, Soft: -1.2009                     Acc: 87.50% LR: 0.000015                     Alpha: 0.5744425058364868                     Beta: -1.259622573852539                     MemKD: 0.2832534611225128
2026-02-08 04:14:50,476 - INFO - Epoch [90] Batch [20/35]                     Loss: -0.9195, Hard: 0.2958, Soft: -1.2152                     Acc: 90.18% LR: 0.000015                     Alpha: 0.5744425058364868                     Beta: -1.2599612474441528                     MemKD: 0.2831839919090271
2026-02-08 04:15:17,765 - INFO - Epoch [90/100] Train Loss: -0.8699, Train Acc: 89.82%, Val Loss: 0.4257, Val Acc: 86.04%
2026-02-08 04:15:17,813 - INFO - Checkpoint saved at epoch 90
2026-02-08 04:15:39,430 - INFO - Epoch [91] Batch [0/35]                     Loss: -1.0500, Hard: 0.2163, Soft: -1.2663                     Acc: 93.75% LR: 0.000012                     Alpha: 0.5744425058364868                     Beta: -1.2602163553237915                     MemKD: 0.2831317186355591
2026-02-08 04:15:43,516 - INFO - Epoch [91] Batch [20/35]                     Loss: -1.0787, Hard: 0.1929, Soft: -1.2716                     Acc: 89.29% LR: 0.000012                     Alpha: 0.5744425058364868                     Beta: -1.2604974508285522                     MemKD: 0.2830737233161926
2026-02-08 04:16:09,420 - INFO - Epoch [91/100] Train Loss: -0.9045, Train Acc: 88.57%, Val Loss: 0.4125, Val Acc: 86.57%
2026-02-08 04:16:31,830 - INFO - Epoch [92] Batch [0/35]                     Loss: -0.8538, Hard: 0.3182, Soft: -1.1720                     Acc: 87.50% LR: 0.000010                     Alpha: 0.5744425058364868                     Beta: -1.260709524154663                     MemKD: 0.2830300033092499
2026-02-08 04:16:35,737 - INFO - Epoch [92] Batch [20/35]                     Loss: -0.8343, Hard: 0.3214, Soft: -1.1557                     Acc: 90.77% LR: 0.000010                     Alpha: 0.5744425058364868                     Beta: -1.2609386444091797                     MemKD: 0.28298282623291016
2026-02-08 04:17:03,404 - INFO - Epoch [92/100] Train Loss: -0.9192, Train Acc: 90.54%, Val Loss: 0.4213, Val Acc: 85.90%
2026-02-08 04:17:24,930 - INFO - Epoch [93] Batch [0/35]                     Loss: -0.7357, Hard: 0.4035, Soft: -1.1392                     Acc: 75.00% LR: 0.000008                     Alpha: 0.5744425058364868                     Beta: -1.2611080408096313                     MemKD: 0.28294822573661804
2026-02-08 04:17:28,996 - INFO - Epoch [93] Batch [20/35]                     Loss: -1.0140, Hard: 0.2702, Soft: -1.2841                     Acc: 91.07% LR: 0.000008                     Alpha: 0.5744425058364868                     Beta: -1.2612870931625366                     MemKD: 0.28291139006614685
2026-02-08 04:17:54,500 - INFO - Epoch [93/100] Train Loss: -0.9220, Train Acc: 91.25%, Val Loss: 0.4142, Val Acc: 86.84%
2026-02-08 04:18:14,149 - INFO - Epoch [94] Batch [0/35]                     Loss: -0.8191, Hard: 0.3441, Soft: -1.1633                     Acc: 87.50% LR: 0.000006                     Alpha: 0.5744425058364868                     Beta: -1.2614214420318604                     MemKD: 0.2828839123249054
2026-02-08 04:18:18,136 - INFO - Epoch [94] Batch [20/35]                     Loss: -1.1064, Hard: 0.1872, Soft: -1.2936                     Acc: 90.48% LR: 0.000006                     Alpha: 0.5744425058364868                     Beta: -1.2615571022033691                     MemKD: 0.28285613656044006
2026-02-08 04:18:45,841 - INFO - Epoch [94/100] Train Loss: -0.9199, Train Acc: 91.25%, Val Loss: 0.4206, Val Acc: 86.44%
2026-02-08 04:19:08,713 - INFO - Epoch [95] Batch [0/35]                     Loss: -0.5555, Hard: 0.5053, Soft: -1.0608                     Acc: 81.25% LR: 0.000004                     Alpha: 0.5744425058364868                     Beta: -1.2616593837738037                     MemKD: 0.2828351855278015
2026-02-08 04:19:12,844 - INFO - Epoch [95] Batch [20/35]                     Loss: -0.8517, Hard: 0.3986, Soft: -1.2504                     Acc: 89.29% LR: 0.000004                     Alpha: 0.5744425058364868                     Beta: -1.2617592811584473                     MemKD: 0.28281480073928833
2026-02-08 04:19:39,243 - INFO - Epoch [95/100] Train Loss: -0.9342, Train Acc: 90.18%, Val Loss: 0.4188, Val Acc: 86.70%
2026-02-08 04:19:59,170 - INFO - Epoch [96] Batch [0/35]                     Loss: -0.8301, Hard: 0.3518, Soft: -1.1818                     Acc: 87.50% LR: 0.000003                     Alpha: 0.5744425058364868                     Beta: -1.2618343830108643                     MemKD: 0.28279930353164673
2026-02-08 04:20:03,127 - INFO - Epoch [96] Batch [20/35]                     Loss: -1.1791, Hard: 0.1416, Soft: -1.3206                     Acc: 90.48% LR: 0.000003                     Alpha: 0.5744425058364868                     Beta: -1.2619035243988037                     MemKD: 0.2827851176261902
2026-02-08 04:20:30,960 - INFO - Epoch [96/100] Train Loss: -0.9519, Train Acc: 91.43%, Val Loss: 0.4347, Val Acc: 85.77%
2026-02-08 04:20:52,187 - INFO - Epoch [97] Batch [0/35]                     Loss: -1.0472, Hard: 0.2125, Soft: -1.2597                     Acc: 93.75% LR: 0.000002                     Alpha: 0.5744425058364868                     Beta: -1.261955976486206                     MemKD: 0.2827743589878082
2026-02-08 04:20:56,269 - INFO - Epoch [97] Batch [20/35]                     Loss: -0.6506, Hard: 0.4661, Soft: -1.1167                     Acc: 87.20% LR: 0.000002                     Alpha: 0.5744425058364868                     Beta: -1.2620011568069458                     MemKD: 0.2827652096748352
2026-02-08 04:21:24,813 - INFO - Epoch [97/100] Train Loss: -0.8782, Train Acc: 89.11%, Val Loss: 0.4174, Val Acc: 86.97%
2026-02-08 04:21:46,626 - INFO - Epoch [98] Batch [0/35]                     Loss: -0.9018, Hard: 0.2772, Soft: -1.1791                     Acc: 87.50% LR: 0.000001                     Alpha: 0.5744425058364868                     Beta: -1.262033462524414                     MemKD: 0.28275853395462036
2026-02-08 04:21:50,651 - INFO - Epoch [98] Batch [20/35]                     Loss: -1.0351, Hard: 0.2479, Soft: -1.2830                     Acc: 90.77% LR: 0.000001                     Alpha: 0.5744425058364868                     Beta: -1.2620575428009033                     MemKD: 0.28275349736213684
2026-02-08 04:22:17,865 - INFO - Epoch [98/100] Train Loss: -0.8985, Train Acc: 90.00%, Val Loss: 0.4162, Val Acc: 86.44%
2026-02-08 04:22:39,230 - INFO - Epoch [99] Batch [0/35]                     Loss: -0.8611, Hard: 0.3408, Soft: -1.2018                     Acc: 87.50% LR: 0.000000                     Alpha: 0.5744425058364868                     Beta: -1.262075424194336                     MemKD: 0.2827497124671936
2026-02-08 04:22:43,294 - INFO - Epoch [99] Batch [20/35]                     Loss: -1.2905, Hard: 0.0813, Soft: -1.3718                     Acc: 90.48% LR: 0.000000                     Alpha: 0.5744425058364868                     Beta: -1.262087345123291                     MemKD: 0.2827475368976593
2026-02-08 04:23:10,594 - INFO - Epoch [99/100] Train Loss: -0.9314, Train Acc: 90.71%, Val Loss: 0.4209, Val Acc: 86.97%
2026-02-08 04:23:31,949 - INFO - Epoch [100] Batch [0/35]                     Loss: -0.8538, Hard: 0.3404, Soft: -1.1941                     Acc: 75.00% LR: 0.000000                     Alpha: 0.5744425058364868                     Beta: -1.2620962858200073                     MemKD: 0.282745897769928
2026-02-08 04:23:35,896 - INFO - Epoch [100] Batch [20/35]                     Loss: -0.7566, Hard: 0.3908, Soft: -1.1474                     Acc: 88.39% LR: 0.000000                     Alpha: 0.5744425058364868                     Beta: -1.2620986700057983                     MemKD: 0.2827454209327698
2026-02-08 04:24:03,688 - INFO - Epoch [100/100] Train Loss: -0.9225, Train Acc: 89.11%, Val Loss: 0.4240, Val Acc: 86.44%
2026-02-08 04:24:03,719 - INFO - Checkpoint saved at epoch 100
2026-02-08 04:24:03,719 - INFO - ==================================================
2026-02-08 04:24:03,719 - INFO - Training finished! Best accuracy: 87.23%
2026-02-08 04:24:03,719 - INFO - ==================================================
