2026-02-07 16:48:38,605 - INFO - ==================================================
2026-02-07 16:48:38,605 - INFO - Distillation Training Configuration
2026-02-07 16:48:38,605 - INFO - ==================================================
2026-02-07 16:48:38,605 - INFO - GPUs: [4, 5, 6, 7]
2026-02-07 16:48:38,605 - INFO - World size: 4
2026-02-07 16:48:38,605 - INFO - Dataset: /media/hdd1/chuxiaohui/AI4Ocean_UATR/ShipsEar_622
2026-02-07 16:48:38,605 - INFO - Data type: wav_s@wav_t
2026-02-07 16:48:38,605 - INFO - Batch size: 16
2026-02-07 16:48:38,605 - INFO - Epochs: 100
2026-02-07 16:48:38,605 - INFO - Learning rate: 0.0005
2026-02-07 16:48:38,605 - INFO - Temperature: 2.0
2026-02-07 16:48:38,606 - INFO - Alpha: 0.3
2026-02-07 16:48:38,606 - INFO - Save dir: checkpoints/grid_shipsear/num_epochs100_weight_decay0.0001_batch_size16_lr0.0005_distill_typeTser_freezeFalse_USE_DYNAMIC_DISTILL_WEIGHTFalse_p_encoder0.3_p_classifier0.5
2026-02-07 16:48:38,606 - INFO - ==================================================
2026-02-07 16:48:38,636 - INFO - Train dataset size: 2240
2026-02-07 16:48:38,636 - INFO - Validation dataset size: 749
2026-02-07 16:48:40,042 - INFO - Student params: 316,299 (0.32M)
2026-02-07 16:48:40,042 - INFO - Teacher params: 164,415,877 (164.42M)
2026-02-07 16:48:40,042 - INFO - Trainable params: 164,687,249 (164.69M)
2026-02-07 16:48:41,092 - INFO - Start training...
2026-02-07 16:48:41,092 - INFO - No checkpoint found, start from scratch
2026-02-07 16:49:04,451 - INFO - Epoch [1] Batch [0/35]                     Loss: 2.6168, Hard: 1.6945, Soft: 0.9223                     Acc: 18.75% LR: 0.000500                     Alpha: 0.5744425058364868                     Beta: 0.0                     MemKD: 0.0
2026-02-07 16:49:19,351 - INFO - Epoch [1] Batch [20/35]                     Loss: 2.2950, Hard: 1.6600, Soft: 0.6350                     Acc: 34.23% LR: 0.000500                     Alpha: 0.5744425058364868                     Beta: 0.009416403248906136                     MemKD: 0.0
2026-02-07 16:49:56,160 - INFO - Epoch [1/100] Train Loss: 2.0036, Train Acc: 38.04%, Val Loss: 1.4022, Val Acc: 44.15%
2026-02-07 16:49:56,161 - INFO - Best model saved with accuracy: 44.15%
2026-02-07 16:50:17,818 - INFO - Epoch [2] Batch [0/35]                     Loss: 1.4934, Hard: 1.1818, Soft: 0.3116                     Acc: 43.75% LR: 0.000500                     Alpha: 0.5744425058364868                     Beta: 0.016123415902256966                     MemKD: 0.0
2026-02-07 16:50:28,917 - INFO - Epoch [2] Batch [20/35]                     Loss: 2.0135, Hard: 1.5082, Soft: 0.5053                     Acc: 45.83% LR: 0.000500                     Alpha: 0.5744425058364868                     Beta: 0.023926446214318275                     MemKD: 0.0
2026-02-07 16:51:02,620 - INFO - Epoch [2/100] Train Loss: 1.6616, Train Acc: 45.36%, Val Loss: 1.2064, Val Acc: 53.32%
2026-02-07 16:51:02,621 - INFO - Best model saved with accuracy: 53.32%
2026-02-07 16:51:24,472 - INFO - Epoch [3] Batch [0/35]                     Loss: 1.5843, Hard: 1.2156, Soft: 0.3687                     Acc: 50.00% LR: 0.000500                     Alpha: 0.5744425058364868                     Beta: 0.02972361259162426                     MemKD: 0.0
2026-02-07 16:51:39,114 - INFO - Epoch [3] Batch [20/35]                     Loss: 1.7512, Hard: 1.3720, Soft: 0.3792                     Acc: 41.07% LR: 0.000500                     Alpha: 0.5744425058364868                     Beta: 0.03801584243774414                     MemKD: 0.0
2026-02-07 16:52:12,121 - INFO - Epoch [3/100] Train Loss: 1.6393, Train Acc: 43.93%, Val Loss: 1.1689, Val Acc: 48.40%
2026-02-07 16:52:34,568 - INFO - Epoch [4] Batch [0/35]                     Loss: 1.4902, Hard: 1.1948, Soft: 0.2954                     Acc: 43.75% LR: 0.000499                     Alpha: 0.5744425058364868                     Beta: 0.0441083088517189                     MemKD: 0.0
2026-02-07 16:52:49,024 - INFO - Epoch [4] Batch [20/35]                     Loss: 1.5480, Hard: 1.2333, Soft: 0.3147                     Acc: 49.70% LR: 0.000499                     Alpha: 0.5744425058364868                     Beta: 0.05168968439102173                     MemKD: 0.0
2026-02-07 16:53:24,772 - INFO - Epoch [4/100] Train Loss: 1.5180, Train Acc: 51.43%, Val Loss: 1.0751, Val Acc: 57.31%
2026-02-07 16:53:24,773 - INFO - Best model saved with accuracy: 57.31%
2026-02-07 16:53:47,143 - INFO - Epoch [5] Batch [0/35]                     Loss: 1.6274, Hard: 1.2536, Soft: 0.3738                     Acc: 56.25% LR: 0.000498                     Alpha: 0.5744425058364868                     Beta: 0.05747184902429581                     MemKD: 0.0
2026-02-07 16:54:01,690 - INFO - Epoch [5] Batch [20/35]                     Loss: 1.4404, Hard: 1.1449, Soft: 0.2955                     Acc: 55.95% LR: 0.000498                     Alpha: 0.5744425058364868                     Beta: 0.06528313457965851                     MemKD: 0.0
2026-02-07 16:54:38,516 - INFO - Epoch [5/100] Train Loss: 1.4299, Train Acc: 55.54%, Val Loss: 1.0312, Val Acc: 59.97%
2026-02-07 16:54:38,516 - INFO - Best model saved with accuracy: 59.97%
2026-02-07 16:55:01,551 - INFO - Epoch [6] Batch [0/35]                     Loss: 1.3715, Hard: 1.0955, Soft: 0.2760                     Acc: 50.00% LR: 0.000497                     Alpha: 0.5744425058364868                     Beta: 0.0709235817193985                     MemKD: 0.0
2026-02-07 16:55:16,055 - INFO - Epoch [6] Batch [20/35]                     Loss: 1.8990, Hard: 1.5120, Soft: 0.3870                     Acc: 58.04% LR: 0.000497                     Alpha: 0.5744425058364868                     Beta: 0.07845369726419449                     MemKD: 0.0
2026-02-07 16:55:51,750 - INFO - Epoch [6/100] Train Loss: 1.3483, Train Acc: 58.93%, Val Loss: 0.9658, Val Acc: 62.37%
2026-02-07 16:55:51,751 - INFO - Best model saved with accuracy: 62.37%
2026-02-07 16:56:14,674 - INFO - Epoch [7] Batch [0/35]                     Loss: 1.2744, Hard: 1.0651, Soft: 0.2093                     Acc: 56.25% LR: 0.000496                     Alpha: 0.5744425058364868                     Beta: 0.08417148143053055                     MemKD: 0.0
2026-02-07 16:56:29,221 - INFO - Epoch [7] Batch [20/35]                     Loss: 1.2407, Hard: 1.0124, Soft: 0.2283                     Acc: 59.23% LR: 0.000496                     Alpha: 0.5744425058364868                     Beta: 0.09133800119161606                     MemKD: 0.0
2026-02-07 16:57:03,703 - INFO - Epoch [7/100] Train Loss: 1.3137, Train Acc: 58.21%, Val Loss: 0.9884, Val Acc: 58.78%
2026-02-07 16:57:26,355 - INFO - Epoch [8] Batch [0/35]                     Loss: 1.1787, Hard: 0.9352, Soft: 0.2435                     Acc: 81.25% LR: 0.000494                     Alpha: 0.5744425058364868                     Beta: 0.09713044762611389                     MemKD: 0.0
2026-02-07 16:57:41,297 - INFO - Epoch [8] Batch [20/35]                     Loss: 1.2236, Hard: 0.9914, Soft: 0.2322                     Acc: 58.33% LR: 0.000494                     Alpha: 0.5744425058364868                     Beta: 0.10517093539237976                     MemKD: 0.0
2026-02-07 16:58:17,445 - INFO - Epoch [8/100] Train Loss: 1.3654, Train Acc: 58.93%, Val Loss: 1.0082, Val Acc: 61.70%
2026-02-07 16:58:40,975 - INFO - Epoch [9] Batch [0/35]                     Loss: 1.0430, Hard: 0.8732, Soft: 0.1699                     Acc: 56.25% LR: 0.000492                     Alpha: 0.5744425058364868                     Beta: 0.11106214672327042                     MemKD: 0.0
2026-02-07 16:58:55,737 - INFO - Epoch [9] Batch [20/35]                     Loss: 1.7312, Hard: 1.3764, Soft: 0.3547                     Acc: 56.85% LR: 0.000492                     Alpha: 0.5744425058364868                     Beta: 0.11868192255496979                     MemKD: 0.0
2026-02-07 16:59:33,543 - INFO - Epoch [9/100] Train Loss: 1.2434, Train Acc: 60.00%, Val Loss: 0.9399, Val Acc: 63.03%
2026-02-07 16:59:33,543 - INFO - Best model saved with accuracy: 63.03%
2026-02-07 16:59:57,071 - INFO - Epoch [10] Batch [0/35]                     Loss: 1.0615, Hard: 0.8924, Soft: 0.1691                     Acc: 81.25% LR: 0.000490                     Alpha: 0.5744425058364868                     Beta: 0.1243063285946846                     MemKD: 0.0
2026-02-07 17:00:11,531 - INFO - Epoch [10] Batch [20/35]                     Loss: 1.4758, Hard: 1.2550, Soft: 0.2208                     Acc: 59.82% LR: 0.000490                     Alpha: 0.5744425058364868                     Beta: 0.13156954944133759                     MemKD: 0.0
2026-02-07 17:00:48,586 - INFO - Epoch [10/100] Train Loss: 1.1916, Train Acc: 62.68%, Val Loss: 0.9622, Val Acc: 64.89%
2026-02-07 17:00:48,587 - INFO - Best model saved with accuracy: 64.89%
2026-02-07 17:00:48,653 - INFO - Checkpoint saved at epoch 10
2026-02-07 17:01:12,282 - INFO - Epoch [11] Batch [0/35]                     Loss: 0.8162, Hard: 0.6862, Soft: 0.1300                     Acc: 81.25% LR: 0.000488                     Alpha: 0.5744425058364868                     Beta: 0.13716617226600647                     MemKD: 0.0
2026-02-07 17:01:26,868 - INFO - Epoch [11] Batch [20/35]                     Loss: 1.3845, Hard: 1.1206, Soft: 0.2638                     Acc: 61.31% LR: 0.000488                     Alpha: 0.5744425058364868                     Beta: 0.1442694365978241                     MemKD: 0.0
2026-02-07 17:02:03,732 - INFO - Epoch [11/100] Train Loss: 1.2256, Train Acc: 60.71%, Val Loss: 0.8502, Val Acc: 66.89%
2026-02-07 17:02:03,732 - INFO - Best model saved with accuracy: 66.89%
2026-02-07 17:02:27,404 - INFO - Epoch [12] Batch [0/35]                     Loss: 0.9333, Hard: 0.7887, Soft: 0.1447                     Acc: 62.50% LR: 0.000485                     Alpha: 0.5744425058364868                     Beta: 0.15002790093421936                     MemKD: 0.0
2026-02-07 17:02:42,453 - INFO - Epoch [12] Batch [20/35]                     Loss: 1.5289, Hard: 1.2124, Soft: 0.3166                     Acc: 64.29% LR: 0.000485                     Alpha: 0.5744425058364868                     Beta: 0.15710720419883728                     MemKD: 0.0
2026-02-07 17:03:20,303 - INFO - Epoch [12/100] Train Loss: 1.1248, Train Acc: 65.54%, Val Loss: 0.9838, Val Acc: 64.76%
2026-02-07 17:03:43,809 - INFO - Epoch [13] Batch [0/35]                     Loss: 1.6111, Hard: 1.3607, Soft: 0.2504                     Acc: 37.50% LR: 0.000482                     Alpha: 0.5744425058364868                     Beta: 0.16250379383563995                     MemKD: 0.0
2026-02-07 17:03:58,778 - INFO - Epoch [13] Batch [20/35]                     Loss: 1.2857, Hard: 1.0601, Soft: 0.2256                     Acc: 55.65% LR: 0.000482                     Alpha: 0.5744425058364868                     Beta: 0.17069675028324127                     MemKD: 0.0
2026-02-07 17:04:33,799 - INFO - Epoch [13/100] Train Loss: 1.2323, Train Acc: 60.00%, Val Loss: 0.7920, Val Acc: 69.15%
2026-02-07 17:04:33,799 - INFO - Best model saved with accuracy: 69.15%
2026-02-07 17:04:55,797 - INFO - Epoch [14] Batch [0/35]                     Loss: 0.9232, Hard: 0.8088, Soft: 0.1144                     Acc: 68.75% LR: 0.000479                     Alpha: 0.5744425058364868                     Beta: 0.17654027044773102                     MemKD: 0.0
2026-02-07 17:05:10,320 - INFO - Epoch [14] Batch [20/35]                     Loss: 0.7674, Hard: 0.6490, Soft: 0.1183                     Acc: 61.01% LR: 0.000479                     Alpha: 0.5744425058364868                     Beta: 0.18396395444869995                     MemKD: 0.0
2026-02-07 17:05:45,889 - INFO - Epoch [14/100] Train Loss: 1.1255, Train Acc: 63.57%, Val Loss: 0.9904, Val Acc: 61.84%
2026-02-07 17:06:08,955 - INFO - Epoch [15] Batch [0/35]                     Loss: 0.9775, Hard: 0.8059, Soft: 0.1716                     Acc: 68.75% LR: 0.000476                     Alpha: 0.5744425058364868                     Beta: 0.18931642174720764                     MemKD: 0.0
2026-02-07 17:06:23,450 - INFO - Epoch [15] Batch [20/35]                     Loss: 1.1362, Hard: 0.9423, Soft: 0.1938                     Acc: 66.96% LR: 0.000476                     Alpha: 0.5744425058364868                     Beta: 0.1964138299226761                     MemKD: 0.0
2026-02-07 17:06:58,667 - INFO - Epoch [15/100] Train Loss: 1.0803, Train Acc: 65.36%, Val Loss: 0.8604, Val Acc: 66.09%
2026-02-07 17:07:22,476 - INFO - Epoch [16] Batch [0/35]                     Loss: 1.0563, Hard: 0.8484, Soft: 0.2080                     Acc: 62.50% LR: 0.000473                     Alpha: 0.5744425058364868                     Beta: 0.20179066061973572                     MemKD: 0.0
2026-02-07 17:07:37,123 - INFO - Epoch [16] Batch [20/35]                     Loss: 1.0747, Hard: 0.9110, Soft: 0.1636                     Acc: 63.10% LR: 0.000473                     Alpha: 0.5744425058364868                     Beta: 0.2089880257844925                     MemKD: 0.0
2026-02-07 17:08:12,449 - INFO - Epoch [16/100] Train Loss: 1.1125, Train Acc: 64.11%, Val Loss: 0.7963, Val Acc: 68.75%
2026-02-07 17:08:35,776 - INFO - Epoch [17] Batch [0/35]                     Loss: 0.9685, Hard: 0.7611, Soft: 0.2074                     Acc: 75.00% LR: 0.000469                     Alpha: 0.5744425058364868                     Beta: 0.21448229253292084                     MemKD: 0.0
2026-02-07 17:08:50,202 - INFO - Epoch [17] Batch [20/35]                     Loss: 0.9643, Hard: 0.8059, Soft: 0.1585                     Acc: 70.54% LR: 0.000469                     Alpha: 0.5744425058364868                     Beta: 0.2210906744003296                     MemKD: 0.0
2026-02-07 17:09:23,867 - INFO - Epoch [17/100] Train Loss: 1.0014, Train Acc: 69.29%, Val Loss: 0.7150, Val Acc: 71.68%
2026-02-07 17:09:23,867 - INFO - Best model saved with accuracy: 71.68%
2026-02-07 17:09:45,843 - INFO - Epoch [18] Batch [0/35]                     Loss: 1.4695, Hard: 1.2263, Soft: 0.2432                     Acc: 56.25% LR: 0.000465                     Alpha: 0.5744425058364868                     Beta: 0.22604049742221832                     MemKD: 0.0
2026-02-07 17:10:00,711 - INFO - Epoch [18] Batch [20/35]                     Loss: 1.2667, Hard: 1.0385, Soft: 0.2282                     Acc: 66.96% LR: 0.000465                     Alpha: 0.5744425058364868                     Beta: 0.2332119196653366                     MemKD: 0.0
2026-02-07 17:10:37,322 - INFO - Epoch [18/100] Train Loss: 1.0474, Train Acc: 66.25%, Val Loss: 1.0428, Val Acc: 63.30%
2026-02-07 17:11:00,827 - INFO - Epoch [19] Batch [0/35]                     Loss: 0.6942, Hard: 0.6017, Soft: 0.0926                     Acc: 81.25% LR: 0.000461                     Alpha: 0.5744425058364868                     Beta: 0.23854683339595795                     MemKD: 0.0
2026-02-07 17:11:15,598 - INFO - Epoch [19] Batch [20/35]                     Loss: 0.8958, Hard: 0.7274, Soft: 0.1684                     Acc: 72.62% LR: 0.000461                     Alpha: 0.5744425058364868                     Beta: 0.24479332566261292                     MemKD: 0.0
2026-02-07 17:11:51,711 - INFO - Epoch [19/100] Train Loss: 0.9617, Train Acc: 68.57%, Val Loss: 0.7357, Val Acc: 73.01%
2026-02-07 17:11:51,712 - INFO - Best model saved with accuracy: 73.01%
2026-02-07 17:12:13,498 - INFO - Epoch [20] Batch [0/35]                     Loss: 0.8612, Hard: 0.7460, Soft: 0.1152                     Acc: 68.75% LR: 0.000457                     Alpha: 0.5744425058364868                     Beta: 0.2497689574956894                     MemKD: 0.0
2026-02-07 17:12:28,245 - INFO - Epoch [20] Batch [20/35]                     Loss: 0.9996, Hard: 0.8501, Soft: 0.1496                     Acc: 66.67% LR: 0.000457                     Alpha: 0.5744425058364868                     Beta: 0.256294310092926                     MemKD: 0.0
2026-02-07 17:13:04,330 - INFO - Epoch [20/100] Train Loss: 1.0217, Train Acc: 66.25%, Val Loss: 0.7667, Val Acc: 68.62%
2026-02-07 17:13:04,382 - INFO - Checkpoint saved at epoch 20
2026-02-07 17:13:26,871 - INFO - Epoch [21] Batch [0/35]                     Loss: 0.8187, Hard: 0.7013, Soft: 0.1174                     Acc: 75.00% LR: 0.000452                     Alpha: 0.5744425058364868                     Beta: 0.2619810998439789                     MemKD: 0.0
2026-02-07 17:13:41,289 - INFO - Epoch [21] Batch [20/35]                     Loss: 0.5556, Hard: 0.4859, Soft: 0.0696                     Acc: 70.24% LR: 0.000452                     Alpha: 0.5744425058364868                     Beta: 0.2689584195613861                     MemKD: 0.0
2026-02-07 17:14:17,847 - INFO - Epoch [21/100] Train Loss: 0.9225, Train Acc: 71.96%, Val Loss: 0.8433, Val Acc: 67.69%
2026-02-07 17:14:39,413 - INFO - Epoch [22] Batch [0/35]                     Loss: 1.4258, Hard: 1.2056, Soft: 0.2202                     Acc: 56.25% LR: 0.000448                     Alpha: 0.5744425058364868                     Beta: 0.273576945066452                     MemKD: 0.0
2026-02-07 17:14:54,139 - INFO - Epoch [22] Batch [20/35]                     Loss: 1.0971, Hard: 0.9393, Soft: 0.1579                     Acc: 69.64% LR: 0.000448                     Alpha: 0.5744425058364868                     Beta: 0.28026655316352844                     MemKD: 0.0
2026-02-07 17:15:29,805 - INFO - Epoch [22/100] Train Loss: 0.9877, Train Acc: 69.82%, Val Loss: 0.6210, Val Acc: 76.73%
2026-02-07 17:15:29,805 - INFO - Best model saved with accuracy: 76.73%
2026-02-07 17:15:51,406 - INFO - Epoch [23] Batch [0/35]                     Loss: 0.6779, Hard: 0.5680, Soft: 0.1099                     Acc: 87.50% LR: 0.000443                     Alpha: 0.5744425058364868                     Beta: 0.2853807210922241                     MemKD: 0.0
2026-02-07 17:16:06,104 - INFO - Epoch [23] Batch [20/35]                     Loss: 0.7792, Hard: 0.6851, Soft: 0.0941                     Acc: 74.40% LR: 0.000443                     Alpha: 0.5744425058364868                     Beta: 0.29140812158584595                     MemKD: 0.0
2026-02-07 17:16:43,299 - INFO - Epoch [23/100] Train Loss: 0.8672, Train Acc: 72.86%, Val Loss: 0.7270, Val Acc: 70.74%
2026-02-07 17:17:05,528 - INFO - Epoch [24] Batch [0/35]                     Loss: 0.6274, Hard: 0.5361, Soft: 0.0913                     Acc: 81.25% LR: 0.000438                     Alpha: 0.5744425058364868                     Beta: 0.29607272148132324                     MemKD: 0.0
2026-02-07 17:17:20,632 - INFO - Epoch [24] Batch [20/35]                     Loss: 0.4548, Hard: 0.3921, Soft: 0.0628                     Acc: 70.54% LR: 0.000438                     Alpha: 0.5744425058364868                     Beta: 0.3025912046432495                     MemKD: 0.0
2026-02-07 17:17:57,447 - INFO - Epoch [24/100] Train Loss: 0.9070, Train Acc: 72.14%, Val Loss: 0.6427, Val Acc: 76.86%
2026-02-07 17:17:57,447 - INFO - Best model saved with accuracy: 76.86%
2026-02-07 17:18:19,189 - INFO - Epoch [25] Batch [0/35]                     Loss: 1.0426, Hard: 0.8769, Soft: 0.1657                     Acc: 62.50% LR: 0.000432                     Alpha: 0.5744425058364868                     Beta: 0.30764928460121155                     MemKD: 0.0
2026-02-07 17:18:33,916 - INFO - Epoch [25] Batch [20/35]                     Loss: 0.4943, Hard: 0.4162, Soft: 0.0782                     Acc: 72.02% LR: 0.000432                     Alpha: 0.5744425058364868                     Beta: 0.3137723505496979                     MemKD: 0.0
2026-02-07 17:19:09,288 - INFO - Epoch [25/100] Train Loss: 0.9251, Train Acc: 71.61%, Val Loss: 0.7195, Val Acc: 72.21%
2026-02-07 17:19:31,756 - INFO - Epoch [26] Batch [0/35]                     Loss: 0.6972, Hard: 0.6143, Soft: 0.0829                     Acc: 87.50% LR: 0.000427                     Alpha: 0.5744425058364868                     Beta: 0.31866350769996643                     MemKD: 0.0
2026-02-07 17:19:46,506 - INFO - Epoch [26] Batch [20/35]                     Loss: 1.2036, Hard: 1.0528, Soft: 0.1507                     Acc: 74.40% LR: 0.000427                     Alpha: 0.5744425058364868                     Beta: 0.3247627317905426                     MemKD: 0.0
2026-02-07 17:20:23,016 - INFO - Epoch [26/100] Train Loss: 0.8287, Train Acc: 74.46%, Val Loss: 0.7390, Val Acc: 71.81%
2026-02-07 17:20:45,412 - INFO - Epoch [27] Batch [0/35]                     Loss: 0.8041, Hard: 0.6834, Soft: 0.1206                     Acc: 68.75% LR: 0.000421                     Alpha: 0.5744425058364868                     Beta: 0.32911187410354614                     MemKD: 0.0
2026-02-07 17:20:59,940 - INFO - Epoch [27] Batch [20/35]                     Loss: 0.6680, Hard: 0.5766, Soft: 0.0914                     Acc: 72.62% LR: 0.000421                     Alpha: 0.5744425058364868                     Beta: 0.33504819869995117                     MemKD: 0.0
2026-02-07 17:21:35,434 - INFO - Epoch [27/100] Train Loss: 0.8607, Train Acc: 71.96%, Val Loss: 0.8805, Val Acc: 69.28%
2026-02-07 17:21:57,666 - INFO - Epoch [28] Batch [0/35]                     Loss: 1.0557, Hard: 0.8953, Soft: 0.1604                     Acc: 62.50% LR: 0.000415                     Alpha: 0.5744425058364868                     Beta: 0.3395005166530609                     MemKD: 0.0
2026-02-07 17:22:12,331 - INFO - Epoch [28] Batch [20/35]                     Loss: 0.4990, Hard: 0.4282, Soft: 0.0708                     Acc: 73.21% LR: 0.000415                     Alpha: 0.5744425058364868                     Beta: 0.3456885516643524                     MemKD: 0.0
2026-02-07 17:22:48,714 - INFO - Epoch [28/100] Train Loss: 0.8275, Train Acc: 72.32%, Val Loss: 0.6440, Val Acc: 76.06%
2026-02-07 17:23:10,496 - INFO - Epoch [29] Batch [0/35]                     Loss: 0.6994, Hard: 0.6179, Soft: 0.0815                     Acc: 75.00% LR: 0.000409                     Alpha: 0.5744425058364868                     Beta: 0.35011088848114014                     MemKD: 0.0
2026-02-07 17:23:25,219 - INFO - Epoch [29] Batch [20/35]                     Loss: 0.8261, Hard: 0.6927, Soft: 0.1334                     Acc: 74.40% LR: 0.000409                     Alpha: 0.5744425058364868                     Beta: 0.3559265732765198                     MemKD: 0.0
2026-02-07 17:24:01,156 - INFO - Epoch [29/100] Train Loss: 0.7831, Train Acc: 75.18%, Val Loss: 0.7637, Val Acc: 70.48%
2026-02-07 17:24:23,488 - INFO - Epoch [30] Batch [0/35]                     Loss: 1.0087, Hard: 0.8624, Soft: 0.1462                     Acc: 68.75% LR: 0.000403                     Alpha: 0.5744425058364868                     Beta: 0.36022377014160156                     MemKD: 0.0
2026-02-07 17:24:38,229 - INFO - Epoch [30] Batch [20/35]                     Loss: 1.3122, Hard: 1.1572, Soft: 0.1550                     Acc: 76.49% LR: 0.000403                     Alpha: 0.5744425058364868                     Beta: 0.36575382947921753                     MemKD: 0.0
2026-02-07 17:25:14,046 - INFO - Epoch [30/100] Train Loss: 0.8313, Train Acc: 74.82%, Val Loss: 0.9492, Val Acc: 64.89%
2026-02-07 17:25:14,097 - INFO - Checkpoint saved at epoch 30
2026-02-07 17:25:36,402 - INFO - Epoch [31] Batch [0/35]                     Loss: 0.9417, Hard: 0.8009, Soft: 0.1408                     Acc: 68.75% LR: 0.000397                     Alpha: 0.5744425058364868                     Beta: 0.3702332377433777                     MemKD: 0.0
2026-02-07 17:25:50,818 - INFO - Epoch [31] Batch [20/35]                     Loss: 0.6080, Hard: 0.5281, Soft: 0.0799                     Acc: 74.40% LR: 0.000397                     Alpha: 0.5744425058364868                     Beta: 0.37649303674697876                     MemKD: 0.0
2026-02-07 17:26:27,158 - INFO - Epoch [31/100] Train Loss: 0.7933, Train Acc: 74.46%, Val Loss: 0.6606, Val Acc: 75.40%
2026-02-07 17:26:49,607 - INFO - Epoch [32] Batch [0/35]                     Loss: 0.9189, Hard: 0.7849, Soft: 0.1340                     Acc: 75.00% LR: 0.000391                     Alpha: 0.5744425058364868                     Beta: 0.3806905448436737                     MemKD: 0.0
2026-02-07 17:27:04,499 - INFO - Epoch [32] Batch [20/35]                     Loss: 0.6881, Hard: 0.5812, Soft: 0.1069                     Acc: 75.89% LR: 0.000391                     Alpha: 0.5744425058364868                     Beta: 0.3858611285686493                     MemKD: 0.0
2026-02-07 17:27:39,670 - INFO - Epoch [32/100] Train Loss: 0.7496, Train Acc: 75.89%, Val Loss: 0.6930, Val Acc: 73.94%
2026-02-07 17:28:01,123 - INFO - Epoch [33] Batch [0/35]                     Loss: 0.4847, Hard: 0.4243, Soft: 0.0604                     Acc: 87.50% LR: 0.000384                     Alpha: 0.5744425058364868                     Beta: 0.38989222049713135                     MemKD: 0.0
2026-02-07 17:28:15,559 - INFO - Epoch [33] Batch [20/35]                     Loss: 0.8338, Hard: 0.7249, Soft: 0.1089                     Acc: 75.00% LR: 0.000384                     Alpha: 0.5744425058364868                     Beta: 0.3954249322414398                     MemKD: 0.0
2026-02-07 17:28:51,150 - INFO - Epoch [33/100] Train Loss: 0.8218, Train Acc: 73.75%, Val Loss: 0.6539, Val Acc: 73.94%
2026-02-07 17:29:12,947 - INFO - Epoch [34] Batch [0/35]                     Loss: 0.6432, Hard: 0.5560, Soft: 0.0872                     Acc: 87.50% LR: 0.000377                     Alpha: 0.5744425058364868                     Beta: 0.40023118257522583                     MemKD: 0.0
2026-02-07 17:29:27,957 - INFO - Epoch [34] Batch [20/35]                     Loss: 0.6898, Hard: 0.5903, Soft: 0.0995                     Acc: 75.00% LR: 0.000377                     Alpha: 0.5744425058364868                     Beta: 0.40606120228767395                     MemKD: 0.0
2026-02-07 17:30:03,073 - INFO - Epoch [34/100] Train Loss: 0.8012, Train Acc: 74.29%, Val Loss: 0.7781, Val Acc: 67.29%
2026-02-07 17:30:24,481 - INFO - Epoch [35] Batch [0/35]                     Loss: 1.1336, Hard: 0.9621, Soft: 0.1715                     Acc: 56.25% LR: 0.000370                     Alpha: 0.5744425058364868                     Beta: 0.41065582633018494                     MemKD: 0.0
2026-02-07 17:30:39,258 - INFO - Epoch [35] Batch [20/35]                     Loss: 0.6712, Hard: 0.5838, Soft: 0.0875                     Acc: 72.32% LR: 0.000370                     Alpha: 0.5744425058364868                     Beta: 0.4167526960372925                     MemKD: 0.0
2026-02-07 17:31:12,984 - INFO - Epoch [35/100] Train Loss: 0.8086, Train Acc: 73.39%, Val Loss: 0.9413, Val Acc: 70.08%
2026-02-07 17:31:32,984 - INFO - Epoch [36] Batch [0/35]                     Loss: 0.9474, Hard: 0.8334, Soft: 0.1140                     Acc: 68.75% LR: 0.000363                     Alpha: 0.5744425058364868                     Beta: 0.42100486159324646                     MemKD: 0.0
2026-02-07 17:31:47,509 - INFO - Epoch [36] Batch [20/35]                     Loss: 1.1320, Hard: 0.9611, Soft: 0.1708                     Acc: 74.70% LR: 0.000363                     Alpha: 0.5744425058364868                     Beta: 0.42611634731292725                     MemKD: 0.0
2026-02-07 17:32:22,493 - INFO - Epoch [36/100] Train Loss: 0.7552, Train Acc: 75.18%, Val Loss: 0.6135, Val Acc: 77.26%
2026-02-07 17:32:22,494 - INFO - Best model saved with accuracy: 77.26%
2026-02-07 17:32:43,634 - INFO - Epoch [37] Batch [0/35]                     Loss: 0.5359, Hard: 0.4645, Soft: 0.0715                     Acc: 87.50% LR: 0.000356                     Alpha: 0.5744425058364868                     Beta: 0.4302600622177124                     MemKD: 0.0
2026-02-07 17:32:58,280 - INFO - Epoch [37] Batch [20/35]                     Loss: 0.6551, Hard: 0.5827, Soft: 0.0724                     Acc: 76.49% LR: 0.000356                     Alpha: 0.5744425058364868                     Beta: 0.43531811237335205                     MemKD: 0.0
2026-02-07 17:33:33,486 - INFO - Epoch [37/100] Train Loss: 0.7106, Train Acc: 76.61%, Val Loss: 0.5251, Val Acc: 80.98%
2026-02-07 17:33:33,486 - INFO - Best model saved with accuracy: 80.98%
2026-02-07 17:33:54,585 - INFO - Epoch [38] Batch [0/35]                     Loss: 0.4459, Hard: 0.3887, Soft: 0.0572                     Acc: 87.50% LR: 0.000349                     Alpha: 0.5744425058364868                     Beta: 0.4388043284416199                     MemKD: 0.0
2026-02-07 17:34:09,328 - INFO - Epoch [38] Batch [20/35]                     Loss: 1.2059, Hard: 1.0599, Soft: 0.1459                     Acc: 81.25% LR: 0.000349                     Alpha: 0.5744425058364868                     Beta: 0.44295868277549744                     MemKD: 0.0
2026-02-07 17:34:42,368 - INFO - Epoch [38/100] Train Loss: 0.6716, Train Acc: 78.57%, Val Loss: 0.5688, Val Acc: 79.26%
2026-02-07 17:35:03,550 - INFO - Epoch [39] Batch [0/35]                     Loss: 0.6049, Hard: 0.5220, Soft: 0.0829                     Acc: 81.25% LR: 0.000342                     Alpha: 0.5744425058364868                     Beta: 0.4466817080974579                     MemKD: 0.0
2026-02-07 17:35:18,363 - INFO - Epoch [39] Batch [20/35]                     Loss: 0.3883, Hard: 0.3246, Soft: 0.0637                     Acc: 79.76% LR: 0.000342                     Alpha: 0.5744425058364868                     Beta: 0.4514361023902893                     MemKD: 0.0
2026-02-07 17:35:52,829 - INFO - Epoch [39/100] Train Loss: 0.6502, Train Acc: 79.64%, Val Loss: 0.6049, Val Acc: 78.06%
2026-02-07 17:36:13,723 - INFO - Epoch [40] Batch [0/35]                     Loss: 0.6890, Hard: 0.5883, Soft: 0.1007                     Acc: 81.25% LR: 0.000335                     Alpha: 0.5744425058364868                     Beta: 0.4549427926540375                     MemKD: 0.0
2026-02-07 17:36:28,194 - INFO - Epoch [40] Batch [20/35]                     Loss: 0.6479, Hard: 0.5611, Soft: 0.0868                     Acc: 77.98% LR: 0.000335                     Alpha: 0.5744425058364868                     Beta: 0.4595074951648712                     MemKD: 0.0
2026-02-07 17:37:01,177 - INFO - Epoch [40/100] Train Loss: 0.6889, Train Acc: 77.50%, Val Loss: 0.4922, Val Acc: 82.31%
2026-02-07 17:37:01,177 - INFO - Best model saved with accuracy: 82.31%
2026-02-07 17:37:01,242 - INFO - Checkpoint saved at epoch 40
2026-02-07 17:37:20,933 - INFO - Epoch [41] Batch [0/35]                     Loss: 0.5258, Hard: 0.4577, Soft: 0.0681                     Acc: 75.00% LR: 0.000327                     Alpha: 0.5744425058364868                     Beta: 0.46297168731689453                     MemKD: 0.0
2026-02-07 17:37:35,612 - INFO - Epoch [41] Batch [20/35]                     Loss: 0.7304, Hard: 0.6300, Soft: 0.1005                     Acc: 77.98% LR: 0.000327                     Alpha: 0.5744425058364868                     Beta: 0.4678230881690979                     MemKD: 0.0
2026-02-07 17:38:10,407 - INFO - Epoch [41/100] Train Loss: 0.6692, Train Acc: 78.75%, Val Loss: 0.7125, Val Acc: 72.61%
2026-02-07 17:38:32,306 - INFO - Epoch [42] Batch [0/35]                     Loss: 0.6644, Hard: 0.5824, Soft: 0.0820                     Acc: 68.75% LR: 0.000320                     Alpha: 0.5744425058364868                     Beta: 0.47129443287849426                     MemKD: 0.0
2026-02-07 17:38:46,963 - INFO - Epoch [42] Batch [20/35]                     Loss: 1.5419, Hard: 1.3586, Soft: 0.1833                     Acc: 81.25% LR: 0.000320                     Alpha: 0.5744425058364868                     Beta: 0.47551870346069336                     MemKD: 0.0
2026-02-07 17:39:20,835 - INFO - Epoch [42/100] Train Loss: 0.6140, Train Acc: 80.89%, Val Loss: 0.6468, Val Acc: 75.93%
2026-02-07 17:39:43,285 - INFO - Epoch [43] Batch [0/35]                     Loss: 0.4117, Hard: 0.3566, Soft: 0.0551                     Acc: 87.50% LR: 0.000312                     Alpha: 0.5744425058364868                     Beta: 0.47886258363723755                     MemKD: 0.0
2026-02-07 17:39:57,929 - INFO - Epoch [43] Batch [20/35]                     Loss: 0.9462, Hard: 0.7834, Soft: 0.1628                     Acc: 77.08% LR: 0.000312                     Alpha: 0.5744425058364868                     Beta: 0.4833015203475952                     MemKD: 0.0
2026-02-07 17:40:32,167 - INFO - Epoch [43/100] Train Loss: 0.6568, Train Acc: 78.57%, Val Loss: 0.6200, Val Acc: 76.20%
2026-02-07 17:40:52,145 - INFO - Epoch [44] Batch [0/35]                     Loss: 0.2858, Hard: 0.2560, Soft: 0.0298                     Acc: 100.00% LR: 0.000305                     Alpha: 0.5744425058364868                     Beta: 0.4866771101951599                     MemKD: 0.0
2026-02-07 17:41:06,912 - INFO - Epoch [44] Batch [20/35]                     Loss: 0.4118, Hard: 0.3617, Soft: 0.0501                     Acc: 81.85% LR: 0.000305                     Alpha: 0.5744425058364868                     Beta: 0.4905337989330292                     MemKD: 0.0
2026-02-07 17:41:41,211 - INFO - Epoch [44/100] Train Loss: 0.5935, Train Acc: 81.07%, Val Loss: 0.7023, Val Acc: 74.47%
2026-02-07 17:42:01,632 - INFO - Epoch [45] Batch [0/35]                     Loss: 0.4352, Hard: 0.3778, Soft: 0.0574                     Acc: 87.50% LR: 0.000297                     Alpha: 0.5744425058364868                     Beta: 0.49369776248931885                     MemKD: 0.0
2026-02-07 17:42:16,680 - INFO - Epoch [45] Batch [20/35]                     Loss: 0.9491, Hard: 0.8221, Soft: 0.1270                     Acc: 82.44% LR: 0.000297                     Alpha: 0.5744425058364868                     Beta: 0.497384250164032                     MemKD: 0.0
2026-02-07 17:42:51,297 - INFO - Epoch [45/100] Train Loss: 0.5979, Train Acc: 81.07%, Val Loss: 0.5005, Val Acc: 80.45%
2026-02-07 17:43:11,689 - INFO - Epoch [46] Batch [0/35]                     Loss: 0.9060, Hard: 0.8049, Soft: 0.1010                     Acc: 75.00% LR: 0.000289                     Alpha: 0.5744425058364868                     Beta: 0.5005634427070618                     MemKD: 0.0
2026-02-07 17:43:26,048 - INFO - Epoch [46] Batch [20/35]                     Loss: 0.4805, Hard: 0.4347, Soft: 0.0458                     Acc: 80.95% LR: 0.000289                     Alpha: 0.5744425058364868                     Beta: 0.5050473809242249                     MemKD: 0.0
2026-02-07 17:43:59,809 - INFO - Epoch [46/100] Train Loss: 0.6365, Train Acc: 79.82%, Val Loss: 0.5660, Val Acc: 77.39%
2026-02-07 17:44:19,051 - INFO - Epoch [47] Batch [0/35]                     Loss: 0.4788, Hard: 0.4120, Soft: 0.0667                     Acc: 81.25% LR: 0.000281                     Alpha: 0.5744425058364868                     Beta: 0.5079116225242615                     MemKD: 0.0
2026-02-07 17:44:30,256 - INFO - Epoch [47] Batch [20/35]                     Loss: 0.7247, Hard: 0.6445, Soft: 0.0802                     Acc: 78.27% LR: 0.000281                     Alpha: 0.5744425058364868                     Beta: 0.5121377110481262                     MemKD: 0.0
2026-02-07 17:45:04,415 - INFO - Epoch [47/100] Train Loss: 0.5802, Train Acc: 81.07%, Val Loss: 0.6230, Val Acc: 73.94%
2026-02-07 17:45:27,304 - INFO - Epoch [48] Batch [0/35]                     Loss: 0.7197, Hard: 0.6432, Soft: 0.0765                     Acc: 75.00% LR: 0.000274                     Alpha: 0.5744425058364868                     Beta: 0.5147190093994141                     MemKD: 0.0
2026-02-07 17:45:42,097 - INFO - Epoch [48] Batch [20/35]                     Loss: 0.2953, Hard: 0.2646, Soft: 0.0307                     Acc: 79.46% LR: 0.000274                     Alpha: 0.5744425058364868                     Beta: 0.5184852480888367                     MemKD: 0.0
2026-02-07 17:46:18,902 - INFO - Epoch [48/100] Train Loss: 0.5981, Train Acc: 79.82%, Val Loss: 0.5338, Val Acc: 79.65%
2026-02-07 17:46:41,770 - INFO - Epoch [49] Batch [0/35]                     Loss: 0.3827, Hard: 0.3318, Soft: 0.0509                     Acc: 87.50% LR: 0.000266                     Alpha: 0.5744425058364868                     Beta: 0.5211727023124695                     MemKD: 0.0
2026-02-07 17:46:56,732 - INFO - Epoch [49] Batch [20/35]                     Loss: 0.8302, Hard: 0.7256, Soft: 0.1046                     Acc: 77.98% LR: 0.000266                     Alpha: 0.5744425058364868                     Beta: 0.5248211622238159                     MemKD: 0.0
2026-02-07 17:47:34,691 - INFO - Epoch [49/100] Train Loss: 0.6450, Train Acc: 80.18%, Val Loss: 0.5232, Val Acc: 81.25%
2026-02-07 17:47:58,058 - INFO - Epoch [50] Batch [0/35]                     Loss: 0.5884, Hard: 0.5316, Soft: 0.0568                     Acc: 87.50% LR: 0.000258                     Alpha: 0.5744425058364868                     Beta: 0.5278773307800293                     MemKD: 0.0
2026-02-07 17:48:13,114 - INFO - Epoch [50] Batch [20/35]                     Loss: 0.5137, Hard: 0.4423, Soft: 0.0714                     Acc: 81.85% LR: 0.000258                     Alpha: 0.5744425058364868                     Beta: 0.5316139459609985                     MemKD: 0.0
2026-02-07 17:48:49,640 - INFO - Epoch [50/100] Train Loss: 0.6125, Train Acc: 82.32%, Val Loss: 0.5916, Val Acc: 77.26%
2026-02-07 17:48:49,674 - INFO - Checkpoint saved at epoch 50
2026-02-07 17:49:10,536 - INFO - Epoch [51] Batch [0/35]                     Loss: 0.3367, Hard: 0.2900, Soft: 0.0467                     Acc: 93.75% LR: 0.000250                     Alpha: 0.5744425058364868                     Beta: 0.5342092514038086                     MemKD: 0.0
2026-02-07 17:49:25,270 - INFO - Epoch [51] Batch [20/35]                     Loss: 0.7590, Hard: 0.6939, Soft: 0.0652                     Acc: 80.65% LR: 0.000250                     Alpha: 0.5744425058364868                     Beta: 0.5376494526863098                     MemKD: 0.0
2026-02-07 17:49:59,744 - INFO - Epoch [51/100] Train Loss: 0.5727, Train Acc: 80.89%, Val Loss: 0.5436, Val Acc: 78.86%
2026-02-07 17:50:21,326 - INFO - Epoch [52] Batch [0/35]                     Loss: 0.6622, Hard: 0.5768, Soft: 0.0854                     Acc: 75.00% LR: 0.000242                     Alpha: 0.5744425058364868                     Beta: 0.5402635335922241                     MemKD: 0.0
2026-02-07 17:50:35,712 - INFO - Epoch [52] Batch [20/35]                     Loss: 0.6972, Hard: 0.6063, Soft: 0.0908                     Acc: 80.06% LR: 0.000242                     Alpha: 0.5744425058364868                     Beta: 0.5436605215072632                     MemKD: 0.0
2026-02-07 17:51:10,896 - INFO - Epoch [52/100] Train Loss: 0.5754, Train Acc: 80.00%, Val Loss: 0.5472, Val Acc: 80.59%
2026-02-07 17:51:32,804 - INFO - Epoch [53] Batch [0/35]                     Loss: 0.5001, Hard: 0.4495, Soft: 0.0507                     Acc: 81.25% LR: 0.000234                     Alpha: 0.5744425058364868                     Beta: 0.5461996793746948                     MemKD: 0.0
2026-02-07 17:51:47,495 - INFO - Epoch [53] Batch [20/35]                     Loss: 0.1971, Hard: 0.1647, Soft: 0.0324                     Acc: 83.93% LR: 0.000234                     Alpha: 0.5744425058364868                     Beta: 0.5493142008781433                     MemKD: 0.0
2026-02-07 17:52:23,019 - INFO - Epoch [53/100] Train Loss: 0.5035, Train Acc: 84.11%, Val Loss: 0.5746, Val Acc: 79.12%
2026-02-07 17:52:44,399 - INFO - Epoch [54] Batch [0/35]                     Loss: 0.6137, Hard: 0.5380, Soft: 0.0757                     Acc: 87.50% LR: 0.000226                     Alpha: 0.5744425058364868                     Beta: 0.5514570474624634                     MemKD: 0.0
2026-02-07 17:52:59,427 - INFO - Epoch [54] Batch [20/35]                     Loss: 0.3434, Hard: 0.2936, Soft: 0.0498                     Acc: 85.42% LR: 0.000226                     Alpha: 0.5744425058364868                     Beta: 0.5541960597038269                     MemKD: 0.0
2026-02-07 17:53:37,027 - INFO - Epoch [54/100] Train Loss: 0.5037, Train Acc: 85.18%, Val Loss: 0.4791, Val Acc: 82.31%
2026-02-07 17:54:00,794 - INFO - Epoch [55] Batch [0/35]                     Loss: 0.2775, Hard: 0.2366, Soft: 0.0409                     Acc: 93.75% LR: 0.000219                     Alpha: 0.5744425058364868                     Beta: 0.5563121438026428                     MemKD: 0.0
2026-02-07 17:54:15,529 - INFO - Epoch [55] Batch [20/35]                     Loss: 0.5092, Hard: 0.4612, Soft: 0.0480                     Acc: 82.14% LR: 0.000219                     Alpha: 0.5744425058364868                     Beta: 0.5593571066856384                     MemKD: 0.0
2026-02-07 17:54:51,881 - INFO - Epoch [55/100] Train Loss: 0.5742, Train Acc: 81.43%, Val Loss: 0.5167, Val Acc: 81.25%
2026-02-07 17:55:13,055 - INFO - Epoch [56] Batch [0/35]                     Loss: 0.5440, Hard: 0.4809, Soft: 0.0631                     Acc: 75.00% LR: 0.000211                     Alpha: 0.5744425058364868                     Beta: 0.5616919994354248                     MemKD: 0.0
2026-02-07 17:55:28,023 - INFO - Epoch [56] Batch [20/35]                     Loss: 0.4623, Hard: 0.3836, Soft: 0.0787                     Acc: 78.27% LR: 0.000211                     Alpha: 0.5744425058364868                     Beta: 0.5648826956748962                     MemKD: 0.0
2026-02-07 17:56:02,964 - INFO - Epoch [56/100] Train Loss: 0.5804, Train Acc: 79.82%, Val Loss: 0.5766, Val Acc: 77.79%
2026-02-07 17:56:23,652 - INFO - Epoch [57] Batch [0/35]                     Loss: 0.7528, Hard: 0.6717, Soft: 0.0811                     Acc: 56.25% LR: 0.000203                     Alpha: 0.5744425058364868                     Beta: 0.5672584176063538                     MemKD: 0.0
2026-02-07 17:56:38,460 - INFO - Epoch [57] Batch [20/35]                     Loss: 0.3949, Hard: 0.3515, Soft: 0.0434                     Acc: 85.42% LR: 0.000203                     Alpha: 0.5744425058364868                     Beta: 0.5701918601989746                     MemKD: 0.0
2026-02-07 17:57:14,847 - INFO - Epoch [57/100] Train Loss: 0.5275, Train Acc: 84.29%, Val Loss: 0.5298, Val Acc: 80.45%
2026-02-07 17:57:37,024 - INFO - Epoch [58] Batch [0/35]                     Loss: 0.5110, Hard: 0.4595, Soft: 0.0515                     Acc: 87.50% LR: 0.000195                     Alpha: 0.5744425058364868                     Beta: 0.5722017288208008                     MemKD: 0.0
2026-02-07 17:57:51,593 - INFO - Epoch [58] Batch [20/35]                     Loss: 0.2893, Hard: 0.2573, Soft: 0.0320                     Acc: 86.01% LR: 0.000195                     Alpha: 0.5744425058364868                     Beta: 0.5747646689414978                     MemKD: 0.0
2026-02-07 17:58:28,265 - INFO - Epoch [58/100] Train Loss: 0.5104, Train Acc: 83.39%, Val Loss: 0.4595, Val Acc: 83.11%
2026-02-07 17:58:28,265 - INFO - Best model saved with accuracy: 83.11%
2026-02-07 17:58:51,621 - INFO - Epoch [59] Batch [0/35]                     Loss: 0.5998, Hard: 0.5310, Soft: 0.0689                     Acc: 87.50% LR: 0.000188                     Alpha: 0.5744425058364868                     Beta: 0.5767951607704163                     MemKD: 0.0
2026-02-07 17:59:06,169 - INFO - Epoch [59] Batch [20/35]                     Loss: 0.3940, Hard: 0.3439, Soft: 0.0501                     Acc: 87.50% LR: 0.000188                     Alpha: 0.5744425058364868                     Beta: 0.5793407559394836                     MemKD: 0.0
2026-02-07 17:59:39,105 - INFO - Epoch [59/100] Train Loss: 0.4618, Train Acc: 86.43%, Val Loss: 0.4955, Val Acc: 82.58%
2026-02-07 17:59:57,996 - INFO - Epoch [60] Batch [0/35]                     Loss: 0.3975, Hard: 0.3520, Soft: 0.0455                     Acc: 87.50% LR: 0.000180                     Alpha: 0.5744425058364868                     Beta: 0.5810942053794861                     MemKD: 0.0
2026-02-07 18:00:09,181 - INFO - Epoch [60] Batch [20/35]                     Loss: 0.2507, Hard: 0.2166, Soft: 0.0341                     Acc: 87.20% LR: 0.000180                     Alpha: 0.5744425058364868                     Beta: 0.5834954380989075                     MemKD: 0.0
2026-02-07 18:00:41,300 - INFO - Epoch [60/100] Train Loss: 0.4631, Train Acc: 84.11%, Val Loss: 0.5167, Val Acc: 80.72%
2026-02-07 18:00:41,372 - INFO - Checkpoint saved at epoch 60
2026-02-07 18:01:01,241 - INFO - Epoch [61] Batch [0/35]                     Loss: 0.8139, Hard: 0.7374, Soft: 0.0766                     Acc: 81.25% LR: 0.000173                     Alpha: 0.5744425058364868                     Beta: 0.585198163986206                     MemKD: 0.0
2026-02-07 18:01:12,355 - INFO - Epoch [61] Batch [20/35]                     Loss: 0.6796, Hard: 0.6072, Soft: 0.0725                     Acc: 81.25% LR: 0.000173                     Alpha: 0.5744425058364868                     Beta: 0.5878167152404785                     MemKD: 0.0
2026-02-07 18:01:42,529 - INFO - Epoch [61/100] Train Loss: 0.5764, Train Acc: 81.25%, Val Loss: 0.4416, Val Acc: 84.04%
2026-02-07 18:01:42,530 - INFO - Best model saved with accuracy: 84.04%
2026-02-07 18:02:03,531 - INFO - Epoch [62] Batch [0/35]                     Loss: 0.4892, Hard: 0.4443, Soft: 0.0449                     Acc: 87.50% LR: 0.000165                     Alpha: 0.5744425058364868                     Beta: 0.5900001525878906                     MemKD: 0.0
2026-02-07 18:02:14,764 - INFO - Epoch [62] Batch [20/35]                     Loss: 0.6316, Hard: 0.5657, Soft: 0.0658                     Acc: 82.74% LR: 0.000165                     Alpha: 0.5744425058364868                     Beta: 0.5922929048538208                     MemKD: 0.0
2026-02-07 18:02:47,235 - INFO - Epoch [62/100] Train Loss: 0.5101, Train Acc: 83.93%, Val Loss: 0.4782, Val Acc: 83.24%
2026-02-07 18:03:07,441 - INFO - Epoch [63] Batch [0/35]                     Loss: 0.5091, Hard: 0.4615, Soft: 0.0476                     Acc: 87.50% LR: 0.000158                     Alpha: 0.5744425058364868                     Beta: 0.5940941572189331                     MemKD: 0.0
2026-02-07 18:03:18,683 - INFO - Epoch [63] Batch [20/35]                     Loss: 0.2773, Hard: 0.2410, Soft: 0.0364                     Acc: 83.63% LR: 0.000158                     Alpha: 0.5744425058364868                     Beta: 0.5961466431617737                     MemKD: 0.0
2026-02-07 18:03:55,530 - INFO - Epoch [63/100] Train Loss: 0.4911, Train Acc: 82.68%, Val Loss: 0.4519, Val Acc: 84.31%
2026-02-07 18:03:55,531 - INFO - Best model saved with accuracy: 84.31%
2026-02-07 18:04:19,521 - INFO - Epoch [64] Batch [0/35]                     Loss: 0.7348, Hard: 0.6602, Soft: 0.0745                     Acc: 81.25% LR: 0.000151                     Alpha: 0.5744425058364868                     Beta: 0.5977473258972168                     MemKD: 0.0
2026-02-07 18:04:33,704 - INFO - Epoch [64] Batch [20/35]                     Loss: 0.3852, Hard: 0.3317, Soft: 0.0535                     Acc: 81.55% LR: 0.000151                     Alpha: 0.5744425058364868                     Beta: 0.5999332070350647                     MemKD: 0.0
2026-02-07 18:05:08,479 - INFO - Epoch [64/100] Train Loss: 0.4933, Train Acc: 83.21%, Val Loss: 0.4361, Val Acc: 84.31%
2026-02-07 18:05:29,836 - INFO - Epoch [65] Batch [0/35]                     Loss: 0.2029, Hard: 0.1745, Soft: 0.0284                     Acc: 100.00% LR: 0.000144                     Alpha: 0.5744425058364868                     Beta: 0.6015575528144836                     MemKD: 0.0
2026-02-07 18:05:44,990 - INFO - Epoch [65] Batch [20/35]                     Loss: 0.4552, Hard: 0.3986, Soft: 0.0566                     Acc: 87.20% LR: 0.000144                     Alpha: 0.5744425058364868                     Beta: 0.6034711599349976                     MemKD: 0.0
2026-02-07 18:06:22,493 - INFO - Epoch [65/100] Train Loss: 0.4490, Train Acc: 86.43%, Val Loss: 0.4492, Val Acc: 82.98%
2026-02-07 18:06:45,098 - INFO - Epoch [66] Batch [0/35]                     Loss: 0.2169, Hard: 0.1937, Soft: 0.0233                     Acc: 100.00% LR: 0.000137                     Alpha: 0.5744425058364868                     Beta: 0.6049505472183228                     MemKD: 0.0
2026-02-07 18:06:59,780 - INFO - Epoch [66] Batch [20/35]                     Loss: 0.4344, Hard: 0.3899, Soft: 0.0445                     Acc: 87.50% LR: 0.000137                     Alpha: 0.5744425058364868                     Beta: 0.6066870093345642                     MemKD: 0.0
2026-02-07 18:07:36,691 - INFO - Epoch [66/100] Train Loss: 0.4270, Train Acc: 87.14%, Val Loss: 0.4569, Val Acc: 82.71%
2026-02-07 18:07:59,085 - INFO - Epoch [67] Batch [0/35]                     Loss: 0.3103, Hard: 0.2748, Soft: 0.0355                     Acc: 93.75% LR: 0.000130                     Alpha: 0.5744425058364868                     Beta: 0.608084499835968                     MemKD: 0.0
2026-02-07 18:08:14,019 - INFO - Epoch [67] Batch [20/35]                     Loss: 0.2911, Hard: 0.2543, Soft: 0.0368                     Acc: 86.61% LR: 0.000130                     Alpha: 0.5744425058364868                     Beta: 0.609807014465332                     MemKD: 0.0
2026-02-07 18:08:50,157 - INFO - Epoch [67/100] Train Loss: 0.4662, Train Acc: 84.64%, Val Loss: 0.5333, Val Acc: 78.99%
2026-02-07 18:09:11,288 - INFO - Epoch [68] Batch [0/35]                     Loss: 0.5931, Hard: 0.5353, Soft: 0.0579                     Acc: 75.00% LR: 0.000123                     Alpha: 0.5744425058364868                     Beta: 0.6111974716186523                     MemKD: 0.0
2026-02-07 18:09:26,327 - INFO - Epoch [68] Batch [20/35]                     Loss: 0.4156, Hard: 0.3734, Soft: 0.0422                     Acc: 85.12% LR: 0.000123                     Alpha: 0.5744425058364868                     Beta: 0.6130033135414124                     MemKD: 0.0
2026-02-07 18:10:01,903 - INFO - Epoch [68/100] Train Loss: 0.4890, Train Acc: 84.11%, Val Loss: 0.4877, Val Acc: 83.64%
2026-02-07 18:10:24,560 - INFO - Epoch [69] Batch [0/35]                     Loss: 0.4138, Hard: 0.3669, Soft: 0.0469                     Acc: 87.50% LR: 0.000116                     Alpha: 0.5744425058364868                     Beta: 0.6143884062767029                     MemKD: 0.0
2026-02-07 18:10:39,065 - INFO - Epoch [69] Batch [20/35]                     Loss: 0.3807, Hard: 0.3382, Soft: 0.0425                     Acc: 86.01% LR: 0.000116                     Alpha: 0.5744425058364868                     Beta: 0.6161419749259949                     MemKD: 0.0
2026-02-07 18:11:14,401 - INFO - Epoch [69/100] Train Loss: 0.4371, Train Acc: 86.07%, Val Loss: 0.4570, Val Acc: 83.64%
2026-02-07 18:11:36,122 - INFO - Epoch [70] Batch [0/35]                     Loss: 0.3819, Hard: 0.3442, Soft: 0.0377                     Acc: 87.50% LR: 0.000109                     Alpha: 0.5744425058364868                     Beta: 0.6173956394195557                     MemKD: 0.0
2026-02-07 18:11:50,828 - INFO - Epoch [70] Batch [20/35]                     Loss: 0.3440, Hard: 0.3064, Soft: 0.0375                     Acc: 87.20% LR: 0.000109                     Alpha: 0.5744425058364868                     Beta: 0.6189455986022949                     MemKD: 0.0
2026-02-07 18:12:26,213 - INFO - Epoch [70/100] Train Loss: 0.3985, Train Acc: 88.57%, Val Loss: 0.4995, Val Acc: 82.18%
2026-02-07 18:12:26,272 - INFO - Checkpoint saved at epoch 70
2026-02-07 18:12:49,773 - INFO - Epoch [71] Batch [0/35]                     Loss: 0.7699, Hard: 0.7045, Soft: 0.0654                     Acc: 68.75% LR: 0.000103                     Alpha: 0.5744425058364868                     Beta: 0.6199343800544739                     MemKD: 0.0
2026-02-07 18:13:04,445 - INFO - Epoch [71] Batch [20/35]                     Loss: 0.3674, Hard: 0.3300, Soft: 0.0374                     Acc: 85.42% LR: 0.000103                     Alpha: 0.5744425058364868                     Beta: 0.6212661862373352                     MemKD: 0.0
2026-02-07 18:13:40,673 - INFO - Epoch [71/100] Train Loss: 0.4624, Train Acc: 85.18%, Val Loss: 0.4337, Val Acc: 84.84%
2026-02-07 18:13:40,674 - INFO - Best model saved with accuracy: 84.84%
2026-02-07 18:14:01,673 - INFO - Epoch [72] Batch [0/35]                     Loss: 0.6186, Hard: 0.5625, Soft: 0.0561                     Acc: 75.00% LR: 0.000097                     Alpha: 0.5744425058364868                     Beta: 0.6223567724227905                     MemKD: 0.0
2026-02-07 18:14:16,650 - INFO - Epoch [72] Batch [20/35]                     Loss: 0.3641, Hard: 0.3300, Soft: 0.0341                     Acc: 85.12% LR: 0.000097                     Alpha: 0.5744425058364868                     Beta: 0.6237362623214722                     MemKD: 0.0
2026-02-07 18:14:52,500 - INFO - Epoch [72/100] Train Loss: 0.4538, Train Acc: 84.64%, Val Loss: 0.4445, Val Acc: 83.51%
2026-02-07 18:15:13,246 - INFO - Epoch [73] Batch [0/35]                     Loss: 0.4815, Hard: 0.4403, Soft: 0.0411                     Acc: 81.25% LR: 0.000091                     Alpha: 0.5744425058364868                     Beta: 0.6247855424880981                     MemKD: 0.0
2026-02-07 18:15:27,721 - INFO - Epoch [73] Batch [20/35]                     Loss: 0.4579, Hard: 0.4101, Soft: 0.0478                     Acc: 86.90% LR: 0.000091                     Alpha: 0.5744425058364868                     Beta: 0.62601238489151                     MemKD: 0.0
2026-02-07 18:16:05,681 - INFO - Epoch [73/100] Train Loss: 0.3981, Train Acc: 87.50%, Val Loss: 0.4284, Val Acc: 83.64%
2026-02-07 18:16:27,778 - INFO - Epoch [74] Batch [0/35]                     Loss: 0.2172, Hard: 0.1820, Soft: 0.0352                     Acc: 93.75% LR: 0.000085                     Alpha: 0.5744425058364868                     Beta: 0.6268206834793091                     MemKD: 0.0
2026-02-07 18:16:42,156 - INFO - Epoch [74] Batch [20/35]                     Loss: 0.1809, Hard: 0.1575, Soft: 0.0234                     Acc: 87.50% LR: 0.000085                     Alpha: 0.5744425058364868                     Beta: 0.6279166340827942                     MemKD: 0.0
2026-02-07 18:17:17,719 - INFO - Epoch [74/100] Train Loss: 0.4090, Train Acc: 86.79%, Val Loss: 0.4258, Val Acc: 85.64%
2026-02-07 18:17:17,719 - INFO - Best model saved with accuracy: 85.64%
2026-02-07 18:17:40,405 - INFO - Epoch [75] Batch [0/35]                     Loss: 0.3230, Hard: 0.2907, Soft: 0.0323                     Acc: 87.50% LR: 0.000079                     Alpha: 0.5744425058364868                     Beta: 0.6287170052528381                     MemKD: 0.0
2026-02-07 18:17:52,561 - INFO - Epoch [75] Batch [20/35]                     Loss: 0.6138, Hard: 0.5508, Soft: 0.0630                     Acc: 88.39% LR: 0.000079                     Alpha: 0.5744425058364868                     Beta: 0.6297487020492554                     MemKD: 0.0
2026-02-07 18:18:23,356 - INFO - Epoch [75/100] Train Loss: 0.3690, Train Acc: 88.57%, Val Loss: 0.4558, Val Acc: 83.24%
2026-02-07 18:18:42,248 - INFO - Epoch [76] Batch [0/35]                     Loss: 0.4994, Hard: 0.4598, Soft: 0.0395                     Acc: 93.75% LR: 0.000073                     Alpha: 0.5744425058364868                     Beta: 0.6305374503135681                     MemKD: 0.0
2026-02-07 18:18:53,485 - INFO - Epoch [76] Batch [20/35]                     Loss: 0.1455, Hard: 0.1254, Soft: 0.0201                     Acc: 88.10% LR: 0.000073                     Alpha: 0.5744425058364868                     Beta: 0.6314566135406494                     MemKD: 0.0
2026-02-07 18:19:24,688 - INFO - Epoch [76/100] Train Loss: 0.3802, Train Acc: 88.21%, Val Loss: 0.4391, Val Acc: 84.44%
2026-02-07 18:19:47,106 - INFO - Epoch [77] Batch [0/35]                     Loss: 0.4313, Hard: 0.3910, Soft: 0.0403                     Acc: 81.25% LR: 0.000068                     Alpha: 0.5744425058364868                     Beta: 0.6321218609809875                     MemKD: 0.0
2026-02-07 18:20:02,314 - INFO - Epoch [77] Batch [20/35]                     Loss: 0.8437, Hard: 0.7670, Soft: 0.0767                     Acc: 86.90% LR: 0.000068                     Alpha: 0.5744425058364868                     Beta: 0.6330293416976929                     MemKD: 0.0
2026-02-07 18:20:38,784 - INFO - Epoch [77/100] Train Loss: 0.4229, Train Acc: 87.32%, Val Loss: 0.4404, Val Acc: 83.91%
2026-02-07 18:21:01,712 - INFO - Epoch [78] Batch [0/35]                     Loss: 0.2916, Hard: 0.2536, Soft: 0.0380                     Acc: 87.50% LR: 0.000062                     Alpha: 0.5744425058364868                     Beta: 0.6337605714797974                     MemKD: 0.0
2026-02-07 18:21:16,338 - INFO - Epoch [78] Batch [20/35]                     Loss: 0.5657, Hard: 0.5233, Soft: 0.0424                     Acc: 86.31% LR: 0.000062                     Alpha: 0.5744425058364868                     Beta: 0.6346156001091003                     MemKD: 0.0
2026-02-07 18:21:54,216 - INFO - Epoch [78/100] Train Loss: 0.3779, Train Acc: 87.32%, Val Loss: 0.3989, Val Acc: 85.37%
2026-02-07 18:22:17,278 - INFO - Epoch [79] Batch [0/35]                     Loss: 0.5292, Hard: 0.4822, Soft: 0.0470                     Acc: 81.25% LR: 0.000057                     Alpha: 0.5744425058364868                     Beta: 0.6352652907371521                     MemKD: 0.0
2026-02-07 18:22:32,468 - INFO - Epoch [79] Batch [20/35]                     Loss: 0.2462, Hard: 0.2223, Soft: 0.0239                     Acc: 86.31% LR: 0.000057                     Alpha: 0.5744425058364868                     Beta: 0.6360884308815002                     MemKD: 0.0
2026-02-07 18:23:06,672 - INFO - Epoch [79/100] Train Loss: 0.4046, Train Acc: 87.14%, Val Loss: 0.4150, Val Acc: 85.64%
2026-02-07 18:23:28,401 - INFO - Epoch [80] Batch [0/35]                     Loss: 0.3961, Hard: 0.3594, Soft: 0.0368                     Acc: 81.25% LR: 0.000052                     Alpha: 0.5744425058364868                     Beta: 0.6366823315620422                     MemKD: 0.0
2026-02-07 18:23:43,597 - INFO - Epoch [80] Batch [20/35]                     Loss: 0.8038, Hard: 0.7538, Soft: 0.0500                     Acc: 84.82% LR: 0.000052                     Alpha: 0.5744425058364868                     Beta: 0.6374763250350952                     MemKD: 0.0
2026-02-07 18:24:20,204 - INFO - Epoch [80/100] Train Loss: 0.4385, Train Acc: 86.79%, Val Loss: 0.5627, Val Acc: 79.12%
2026-02-07 18:24:20,239 - INFO - Checkpoint saved at epoch 80
2026-02-07 18:24:40,705 - INFO - Epoch [81] Batch [0/35]                     Loss: 0.2188, Hard: 0.1906, Soft: 0.0283                     Acc: 93.75% LR: 0.000048                     Alpha: 0.5744425058364868                     Beta: 0.6380431056022644                     MemKD: 0.0
2026-02-07 18:24:55,906 - INFO - Epoch [81] Batch [20/35]                     Loss: 0.4543, Hard: 0.4159, Soft: 0.0383                     Acc: 86.01% LR: 0.000048                     Alpha: 0.5744425058364868                     Beta: 0.6387491822242737                     MemKD: 0.0
2026-02-07 18:25:33,332 - INFO - Epoch [81/100] Train Loss: 0.4185, Train Acc: 87.32%, Val Loss: 0.4016, Val Acc: 85.37%
2026-02-07 18:25:56,477 - INFO - Epoch [82] Batch [0/35]                     Loss: 0.2852, Hard: 0.2522, Soft: 0.0330                     Acc: 87.50% LR: 0.000043                     Alpha: 0.5744425058364868                     Beta: 0.639270007610321                     MemKD: 0.0
2026-02-07 18:26:11,604 - INFO - Epoch [82] Batch [20/35]                     Loss: 0.3862, Hard: 0.3412, Soft: 0.0450                     Acc: 86.61% LR: 0.000043                     Alpha: 0.5744425058364868                     Beta: 0.639886736869812                     MemKD: 0.0
2026-02-07 18:26:48,338 - INFO - Epoch [82/100] Train Loss: 0.3996, Train Acc: 86.25%, Val Loss: 0.4108, Val Acc: 84.57%
2026-02-07 18:27:10,634 - INFO - Epoch [83] Batch [0/35]                     Loss: 0.2571, Hard: 0.2284, Soft: 0.0287                     Acc: 100.00% LR: 0.000039                     Alpha: 0.5744425058364868                     Beta: 0.6403775811195374                     MemKD: 0.0
2026-02-07 18:27:25,750 - INFO - Epoch [83] Batch [20/35]                     Loss: 0.3172, Hard: 0.2847, Soft: 0.0325                     Acc: 89.58% LR: 0.000039                     Alpha: 0.5744425058364868                     Beta: 0.6409095525741577                     MemKD: 0.0
2026-02-07 18:28:00,578 - INFO - Epoch [83/100] Train Loss: 0.3534, Train Acc: 89.46%, Val Loss: 0.4136, Val Acc: 84.97%
2026-02-07 18:28:24,260 - INFO - Epoch [84] Batch [0/35]                     Loss: 0.2941, Hard: 0.2536, Soft: 0.0405                     Acc: 87.50% LR: 0.000035                     Alpha: 0.5744425058364868                     Beta: 0.6413145065307617                     MemKD: 0.0
2026-02-07 18:28:39,225 - INFO - Epoch [84] Batch [20/35]                     Loss: 0.1956, Hard: 0.1634, Soft: 0.0322                     Acc: 87.80% LR: 0.000035                     Alpha: 0.5744425058364868                     Beta: 0.6418245434761047                     MemKD: 0.0
2026-02-07 18:29:15,435 - INFO - Epoch [84/100] Train Loss: 0.4186, Train Acc: 86.25%, Val Loss: 0.4059, Val Acc: 85.37%
2026-02-07 18:29:38,747 - INFO - Epoch [85] Batch [0/35]                     Loss: 0.3607, Hard: 0.3203, Soft: 0.0404                     Acc: 81.25% LR: 0.000031                     Alpha: 0.5744425058364868                     Beta: 0.6422358155250549                     MemKD: 0.0
2026-02-07 18:29:53,217 - INFO - Epoch [85] Batch [20/35]                     Loss: 0.3582, Hard: 0.3165, Soft: 0.0417                     Acc: 88.10% LR: 0.000031                     Alpha: 0.5744425058364868                     Beta: 0.642679750919342                     MemKD: 0.0
2026-02-07 18:30:30,220 - INFO - Epoch [85/100] Train Loss: 0.3781, Train Acc: 87.50%, Val Loss: 0.4279, Val Acc: 84.04%
2026-02-07 18:30:53,398 - INFO - Epoch [86] Batch [0/35]                     Loss: 0.2618, Hard: 0.2364, Soft: 0.0254                     Acc: 93.75% LR: 0.000027                     Alpha: 0.5744425058364868                     Beta: 0.6430049538612366                     MemKD: 0.0
2026-02-07 18:31:08,370 - INFO - Epoch [86] Batch [20/35]                     Loss: 0.5769, Hard: 0.5191, Soft: 0.0578                     Acc: 86.01% LR: 0.000027                     Alpha: 0.5744425058364868                     Beta: 0.6433899998664856                     MemKD: 0.0
2026-02-07 18:31:44,573 - INFO - Epoch [86/100] Train Loss: 0.4314, Train Acc: 84.64%, Val Loss: 0.3880, Val Acc: 86.04%
2026-02-07 18:31:44,574 - INFO - Best model saved with accuracy: 86.04%
2026-02-07 18:32:07,909 - INFO - Epoch [87] Batch [0/35]                     Loss: 0.1922, Hard: 0.1653, Soft: 0.0269                     Acc: 100.00% LR: 0.000024                     Alpha: 0.5744425058364868                     Beta: 0.6437339186668396                     MemKD: 0.0
2026-02-07 18:32:22,989 - INFO - Epoch [87] Batch [20/35]                     Loss: 0.2008, Hard: 0.1760, Soft: 0.0247                     Acc: 88.10% LR: 0.000024                     Alpha: 0.5744425058364868                     Beta: 0.6441047191619873                     MemKD: 0.0
2026-02-07 18:32:59,533 - INFO - Epoch [87/100] Train Loss: 0.4128, Train Acc: 87.68%, Val Loss: 0.4039, Val Acc: 85.37%
2026-02-07 18:33:23,350 - INFO - Epoch [88] Batch [0/35]                     Loss: 0.2870, Hard: 0.2500, Soft: 0.0369                     Acc: 93.75% LR: 0.000021                     Alpha: 0.5744425058364868                     Beta: 0.6443862915039062                     MemKD: 0.0
2026-02-07 18:33:38,579 - INFO - Epoch [88] Batch [20/35]                     Loss: 0.3795, Hard: 0.3460, Soft: 0.0335                     Acc: 89.58% LR: 0.000021                     Alpha: 0.5744425058364868                     Beta: 0.6446648240089417                     MemKD: 0.0
2026-02-07 18:34:16,638 - INFO - Epoch [88/100] Train Loss: 0.3236, Train Acc: 90.00%, Val Loss: 0.3946, Val Acc: 85.37%
2026-02-07 18:34:37,953 - INFO - Epoch [89] Batch [0/35]                     Loss: 0.2180, Hard: 0.1886, Soft: 0.0294                     Acc: 93.75% LR: 0.000018                     Alpha: 0.5744425058364868                     Beta: 0.6448550820350647                     MemKD: 0.0
2026-02-07 18:34:49,191 - INFO - Epoch [89] Batch [20/35]                     Loss: 0.4044, Hard: 0.3606, Soft: 0.0438                     Acc: 86.01% LR: 0.000018                     Alpha: 0.5744425058364868                     Beta: 0.645121693611145                     MemKD: 0.0
2026-02-07 18:35:22,082 - INFO - Epoch [89/100] Train Loss: 0.4220, Train Acc: 85.89%, Val Loss: 0.3962, Val Acc: 85.64%
2026-02-07 18:35:43,711 - INFO - Epoch [90] Batch [0/35]                     Loss: 0.2761, Hard: 0.2391, Soft: 0.0370                     Acc: 93.75% LR: 0.000015                     Alpha: 0.5744425058364868                     Beta: 0.645329475402832                     MemKD: 0.0
2026-02-07 18:35:54,888 - INFO - Epoch [90] Batch [20/35]                     Loss: 0.3064, Hard: 0.2704, Soft: 0.0360                     Acc: 87.80% LR: 0.000015                     Alpha: 0.5744425058364868                     Beta: 0.6455604434013367                     MemKD: 0.0
2026-02-07 18:36:25,871 - INFO - Epoch [90/100] Train Loss: 0.3758, Train Acc: 87.68%, Val Loss: 0.4105, Val Acc: 85.37%
2026-02-07 18:36:25,921 - INFO - Checkpoint saved at epoch 90
2026-02-07 18:36:48,681 - INFO - Epoch [91] Batch [0/35]                     Loss: 0.4351, Hard: 0.4053, Soft: 0.0298                     Acc: 87.50% LR: 0.000012                     Alpha: 0.5744425058364868                     Beta: 0.6457258462905884                     MemKD: 0.0
2026-02-07 18:37:02,722 - INFO - Epoch [91] Batch [20/35]                     Loss: 0.2372, Hard: 0.2059, Soft: 0.0313                     Acc: 87.80% LR: 0.000012                     Alpha: 0.5744425058364868                     Beta: 0.645906925201416                     MemKD: 0.0
2026-02-07 18:37:39,106 - INFO - Epoch [91/100] Train Loss: 0.3628, Train Acc: 88.57%, Val Loss: 0.3945, Val Acc: 86.30%
2026-02-07 18:37:39,106 - INFO - Best model saved with accuracy: 86.30%
2026-02-07 18:38:03,199 - INFO - Epoch [92] Batch [0/35]                     Loss: 0.3247, Hard: 0.2941, Soft: 0.0305                     Acc: 87.50% LR: 0.000010                     Alpha: 0.5744425058364868                     Beta: 0.6460387110710144                     MemKD: 0.0
2026-02-07 18:38:17,494 - INFO - Epoch [92] Batch [20/35]                     Loss: 0.4327, Hard: 0.3850, Soft: 0.0477                     Acc: 85.42% LR: 0.000010                     Alpha: 0.5744425058364868                     Beta: 0.6461805701255798                     MemKD: 0.0
2026-02-07 18:38:54,088 - INFO - Epoch [92/100] Train Loss: 0.3887, Train Acc: 87.14%, Val Loss: 0.4013, Val Acc: 85.51%
2026-02-07 18:39:17,858 - INFO - Epoch [93] Batch [0/35]                     Loss: 0.2030, Hard: 0.1699, Soft: 0.0331                     Acc: 93.75% LR: 0.000008                     Alpha: 0.5744425058364868                     Beta: 0.6462977528572083                     MemKD: 0.0
2026-02-07 18:39:32,906 - INFO - Epoch [93] Batch [20/35]                     Loss: 0.3058, Hard: 0.2703, Soft: 0.0355                     Acc: 88.39% LR: 0.000008                     Alpha: 0.5744425058364868                     Beta: 0.6464110612869263                     MemKD: 0.0
2026-02-07 18:40:10,397 - INFO - Epoch [93/100] Train Loss: 0.3594, Train Acc: 89.11%, Val Loss: 0.3946, Val Acc: 86.04%
2026-02-07 18:40:34,038 - INFO - Epoch [94] Batch [0/35]                     Loss: 0.5037, Hard: 0.4446, Soft: 0.0591                     Acc: 81.25% LR: 0.000006                     Alpha: 0.5744425058364868                     Beta: 0.6464976072311401                     MemKD: 0.0
2026-02-07 18:40:48,633 - INFO - Epoch [94] Batch [20/35]                     Loss: 0.3171, Hard: 0.2835, Soft: 0.0336                     Acc: 88.10% LR: 0.000006                     Alpha: 0.5744425058364868                     Beta: 0.6465895771980286                     MemKD: 0.0
2026-02-07 18:41:24,877 - INFO - Epoch [94/100] Train Loss: 0.3357, Train Acc: 88.93%, Val Loss: 0.4133, Val Acc: 85.64%
2026-02-07 18:41:47,714 - INFO - Epoch [95] Batch [0/35]                     Loss: 0.5563, Hard: 0.4930, Soft: 0.0633                     Acc: 93.75% LR: 0.000004                     Alpha: 0.5744425058364868                     Beta: 0.6466522812843323                     MemKD: 0.0
2026-02-07 18:42:02,600 - INFO - Epoch [95] Batch [20/35]                     Loss: 0.3789, Hard: 0.3453, Soft: 0.0336                     Acc: 88.10% LR: 0.000004                     Alpha: 0.5744425058364868                     Beta: 0.6467203497886658                     MemKD: 0.0
2026-02-07 18:42:39,725 - INFO - Epoch [95/100] Train Loss: 0.3812, Train Acc: 88.39%, Val Loss: 0.3975, Val Acc: 86.57%
2026-02-07 18:42:39,725 - INFO - Best model saved with accuracy: 86.57%
2026-02-07 18:43:03,674 - INFO - Epoch [96] Batch [0/35]                     Loss: 0.2544, Hard: 0.2233, Soft: 0.0311                     Acc: 93.75% LR: 0.000003                     Alpha: 0.5744425058364868                     Beta: 0.6467684507369995                     MemKD: 0.0
2026-02-07 18:43:18,807 - INFO - Epoch [96] Batch [20/35]                     Loss: 0.1436, Hard: 0.1216, Soft: 0.0220                     Acc: 88.39% LR: 0.000003                     Alpha: 0.5744425058364868                     Beta: 0.6468185186386108                     MemKD: 0.0
2026-02-07 18:43:55,944 - INFO - Epoch [96/100] Train Loss: 0.3528, Train Acc: 89.46%, Val Loss: 0.4152, Val Acc: 85.51%
2026-02-07 18:44:20,503 - INFO - Epoch [97] Batch [0/35]                     Loss: 0.3247, Hard: 0.2876, Soft: 0.0371                     Acc: 100.00% LR: 0.000002                     Alpha: 0.5744425058364868                     Beta: 0.6468507051467896                     MemKD: 0.0
2026-02-07 18:44:35,166 - INFO - Epoch [97] Batch [20/35]                     Loss: 0.5542, Hard: 0.5015, Soft: 0.0527                     Acc: 86.31% LR: 0.000002                     Alpha: 0.5744425058364868                     Beta: 0.646878719329834                     MemKD: 0.0
2026-02-07 18:45:11,691 - INFO - Epoch [97/100] Train Loss: 0.3733, Train Acc: 88.04%, Val Loss: 0.3935, Val Acc: 86.17%
2026-02-07 18:45:34,877 - INFO - Epoch [98] Batch [0/35]                     Loss: 0.3747, Hard: 0.3347, Soft: 0.0399                     Acc: 87.50% LR: 0.000001                     Alpha: 0.5744425058364868                     Beta: 0.646901547908783                     MemKD: 0.0
2026-02-07 18:45:50,278 - INFO - Epoch [98] Batch [20/35]                     Loss: 0.2877, Hard: 0.2511, Soft: 0.0366                     Acc: 89.58% LR: 0.000001                     Alpha: 0.5744425058364868                     Beta: 0.6469174027442932                     MemKD: 0.0
2026-02-07 18:46:27,431 - INFO - Epoch [98/100] Train Loss: 0.3659, Train Acc: 88.93%, Val Loss: 0.3950, Val Acc: 85.64%
2026-02-07 18:46:50,405 - INFO - Epoch [99] Batch [0/35]                     Loss: 0.1616, Hard: 0.1344, Soft: 0.0272                     Acc: 100.00% LR: 0.000000                     Alpha: 0.5744425058364868                     Beta: 0.6469311118125916                     MemKD: 0.0
2026-02-07 18:47:05,282 - INFO - Epoch [99] Batch [20/35]                     Loss: 0.1833, Hard: 0.1610, Soft: 0.0224                     Acc: 88.39% LR: 0.000000                     Alpha: 0.5744425058364868                     Beta: 0.6469388008117676                     MemKD: 0.0
2026-02-07 18:47:41,122 - INFO - Epoch [99/100] Train Loss: 0.3552, Train Acc: 87.86%, Val Loss: 0.3973, Val Acc: 85.90%
2026-02-07 18:48:05,152 - INFO - Epoch [100] Batch [0/35]                     Loss: 0.2978, Hard: 0.2638, Soft: 0.0339                     Acc: 93.75% LR: 0.000000                     Alpha: 0.5744425058364868                     Beta: 0.6469441652297974                     MemKD: 0.0
2026-02-07 18:48:20,117 - INFO - Epoch [100] Batch [20/35]                     Loss: 0.6370, Hard: 0.5775, Soft: 0.0595                     Acc: 88.69% LR: 0.000000                     Alpha: 0.5744425058364868                     Beta: 0.6469464302062988                     MemKD: 0.0
2026-02-07 18:48:56,613 - INFO - Epoch [100/100] Train Loss: 0.3626, Train Acc: 89.46%, Val Loss: 0.3924, Val Acc: 85.77%
2026-02-07 18:48:56,665 - INFO - Checkpoint saved at epoch 100
2026-02-07 18:48:56,665 - INFO - ==================================================
2026-02-07 18:48:56,666 - INFO - Training finished! Best accuracy: 86.57%
2026-02-07 18:48:56,666 - INFO - ==================================================
