2026-02-21 18:30:54,686 - INFO - ==================================================
2026-02-21 18:30:54,686 - INFO - Distillation Training Configuration
2026-02-21 18:30:54,686 - INFO - ==================================================
2026-02-21 18:30:54,687 - INFO - GPUs: [0, 1, 2, 3, 4, 5, 6, 7]
2026-02-21 18:30:54,687 - INFO - World size: 8
2026-02-21 18:30:54,687 - INFO - Dataset: /media/hdd1/chuxiaohui/AI4Ocean_UATR/ShipsEar_622
2026-02-21 18:30:54,687 - INFO - Data type: wav_s@wav_t
2026-02-21 18:30:54,687 - INFO - Batch size: 20
2026-02-21 18:30:54,687 - INFO - Epochs: 200
2026-02-21 18:30:54,687 - INFO - Learning rate: 0.0005
2026-02-21 18:30:54,687 - INFO - Temperature: 2.0
2026-02-21 18:30:54,687 - INFO - Alpha: 0.3
2026-02-21 18:30:54,687 - INFO - Save dir: checkpoints/grid_shipsear_v2/num_epochs200_weight_decay0.0002_batch_size20_lr0.0005_distill_typeMTSKD_Temp_freezeTrue_USE_DYNAMIC_DISTILL_WEIGHTFalse_p_encoder0.35_p_classifier0.265
2026-02-21 18:30:54,687 - INFO - ==================================================
2026-02-21 18:30:54,749 - INFO - Train dataset size: 2240
2026-02-21 18:30:54,750 - INFO - Validation dataset size: 749
2026-02-21 18:30:57,814 - INFO - Student params: 316,299 (0.32M)
2026-02-21 18:30:57,814 - INFO - Teacher params: 164,415,877 (164.42M)
2026-02-21 18:30:57,814 - INFO - Trainable params: 271,372 (0.27M)
2026-02-21 18:30:59,869 - INFO - Start training...
2026-02-21 18:30:59,869 - INFO - No checkpoint found, start from scratch
2026-02-21 18:31:20,934 - INFO - Epoch [1] Batch [0/14]                     Loss: 2.4616, Hard: 1.8619, Soft: 0.5997                     Acc: 10.00% LR: 0.000500                     Alpha: 0.5744425058364868                     Beta: 0.0                     MemKD: 0.5
2026-02-21 18:31:49,403 - INFO - Epoch [1/200] Train Loss: 1.7825, Train Acc: 37.50%, Val Loss: 1.5481, Val Acc: 37.63%
2026-02-21 18:31:49,403 - INFO - Best model saved with accuracy: 37.63%
2026-02-21 18:32:12,183 - INFO - Epoch [2] Batch [0/14]                     Loss: 1.5265, Hard: 1.2851, Soft: 0.2413                     Acc: 45.00% LR: 0.000500                     Alpha: 0.5744425058364868                     Beta: -0.004642505664378405                     MemKD: 0.5016071200370789
2026-02-21 18:32:40,418 - INFO - Epoch [2/200] Train Loss: 1.4946, Train Acc: 47.14%, Val Loss: 1.4674, Val Acc: 39.76%
2026-02-21 18:32:40,418 - INFO - Best model saved with accuracy: 39.76%
2026-02-21 18:33:02,853 - INFO - Epoch [3] Batch [0/14]                     Loss: 1.4040, Hard: 1.1994, Soft: 0.2045                     Acc: 50.00% LR: 0.000500                     Alpha: 0.5744425058364868                     Beta: -0.011688902042806149                     MemKD: 0.5030301809310913
2026-02-21 18:33:33,422 - INFO - Epoch [3/200] Train Loss: 1.4873, Train Acc: 45.36%, Val Loss: 1.2698, Val Acc: 44.81%
2026-02-21 18:33:33,422 - INFO - Best model saved with accuracy: 44.81%
2026-02-21 18:33:56,793 - INFO - Epoch [4] Batch [0/14]                     Loss: 1.4607, Hard: 1.2472, Soft: 0.2136                     Acc: 25.00% LR: 0.000500                     Alpha: 0.5744425058364868                     Beta: -0.018604397773742676                     MemKD: 0.5044393539428711
2026-02-21 18:34:24,590 - INFO - Epoch [4/200] Train Loss: 1.4162, Train Acc: 47.50%, Val Loss: 1.1226, Val Acc: 54.52%
2026-02-21 18:34:24,590 - INFO - Best model saved with accuracy: 54.52%
2026-02-21 18:34:46,799 - INFO - Epoch [5] Batch [0/14]                     Loss: 1.2756, Hard: 1.1052, Soft: 0.1704                     Acc: 55.00% LR: 0.000500                     Alpha: 0.5744425058364868                     Beta: -0.026003913953900337                     MemKD: 0.5058013200759888
2026-02-21 18:35:16,045 - INFO - Epoch [5/200] Train Loss: 1.3615, Train Acc: 50.36%, Val Loss: 1.0576, Val Acc: 56.65%
2026-02-21 18:35:16,046 - INFO - Best model saved with accuracy: 56.65%
2026-02-21 18:35:39,803 - INFO - Epoch [6] Batch [0/14]                     Loss: 1.2552, Hard: 1.0967, Soft: 0.1584                     Acc: 60.00% LR: 0.000499                     Alpha: 0.5744425058364868                     Beta: -0.03398940712213516                     MemKD: 0.507128119468689
2026-02-21 18:36:08,641 - INFO - Epoch [6/200] Train Loss: 1.3635, Train Acc: 50.36%, Val Loss: 1.0619, Val Acc: 55.32%
2026-02-21 18:36:31,413 - INFO - Epoch [7] Batch [0/14]                     Loss: 1.5291, Hard: 1.3112, Soft: 0.2180                     Acc: 50.00% LR: 0.000499                     Alpha: 0.5744425058364868                     Beta: -0.04162991791963577                     MemKD: 0.5084559321403503
2026-02-21 18:37:01,300 - INFO - Epoch [7/200] Train Loss: 1.3099, Train Acc: 52.50%, Val Loss: 1.0103, Val Acc: 59.71%
2026-02-21 18:37:01,300 - INFO - Best model saved with accuracy: 59.71%
2026-02-21 18:37:24,783 - INFO - Epoch [8] Batch [0/14]                     Loss: 0.9271, Hard: 0.8172, Soft: 0.1099                     Acc: 70.00% LR: 0.000498                     Alpha: 0.5744425058364868                     Beta: -0.048892632126808167                     MemKD: 0.5097671151161194
2026-02-21 18:37:53,599 - INFO - Epoch [8/200] Train Loss: 1.2845, Train Acc: 57.14%, Val Loss: 0.9730, Val Acc: 60.11%
2026-02-21 18:37:53,599 - INFO - Best model saved with accuracy: 60.11%
2026-02-21 18:38:15,255 - INFO - Epoch [9] Batch [0/14]                     Loss: 0.9309, Hard: 0.8260, Soft: 0.1049                     Acc: 80.00% LR: 0.000498                     Alpha: 0.5744425058364868                     Beta: -0.05645471811294556                     MemKD: 0.511072039604187
2026-02-21 18:38:45,247 - INFO - Epoch [9/200] Train Loss: 1.2786, Train Acc: 55.71%, Val Loss: 0.9756, Val Acc: 60.51%
2026-02-21 18:38:45,247 - INFO - Best model saved with accuracy: 60.51%
2026-02-21 18:39:08,675 - INFO - Epoch [10] Batch [0/14]                     Loss: 1.0201, Hard: 0.8987, Soft: 0.1215                     Acc: 70.00% LR: 0.000498                     Alpha: 0.5744425058364868                     Beta: -0.06444960832595825                     MemKD: 0.5123277902603149
2026-02-21 18:39:36,373 - INFO - Epoch [10/200] Train Loss: 1.0873, Train Acc: 62.14%, Val Loss: 0.9167, Val Acc: 64.49%
2026-02-21 18:39:36,373 - INFO - Best model saved with accuracy: 64.49%
2026-02-21 18:39:36,416 - INFO - Checkpoint saved at epoch 10
2026-02-21 18:39:58,538 - INFO - Epoch [11] Batch [0/14]                     Loss: 0.9416, Hard: 0.8311, Soft: 0.1106                     Acc: 65.00% LR: 0.000497                     Alpha: 0.5744425058364868                     Beta: -0.07326671481132507                     MemKD: 0.5134034156799316
2026-02-21 18:40:27,526 - INFO - Epoch [11/200] Train Loss: 1.1721, Train Acc: 56.43%, Val Loss: 0.9475, Val Acc: 62.37%
2026-02-21 18:40:50,267 - INFO - Epoch [12] Batch [0/14]                     Loss: 0.9399, Hard: 0.8331, Soft: 0.1068                     Acc: 75.00% LR: 0.000496                     Alpha: 0.5744425058364868                     Beta: -0.08238709717988968                     MemKD: 0.5143808722496033
2026-02-21 18:41:19,801 - INFO - Epoch [12/200] Train Loss: 1.0435, Train Acc: 65.36%, Val Loss: 0.9289, Val Acc: 62.63%
2026-02-21 18:41:43,546 - INFO - Epoch [13] Batch [0/14]                     Loss: 1.0561, Hard: 0.9596, Soft: 0.0965                     Acc: 60.00% LR: 0.000496                     Alpha: 0.5744425058364868                     Beta: -0.09131225198507309                     MemKD: 0.515348494052887
2026-02-21 18:42:13,041 - INFO - Epoch [13/200] Train Loss: 1.1060, Train Acc: 60.71%, Val Loss: 0.8551, Val Acc: 68.22%
2026-02-21 18:42:13,041 - INFO - Best model saved with accuracy: 68.22%
2026-02-21 18:42:36,859 - INFO - Epoch [14] Batch [0/14]                     Loss: 0.9543, Hard: 0.8368, Soft: 0.1175                     Acc: 75.00% LR: 0.000495                     Alpha: 0.5744425058364868                     Beta: -0.10048086196184158                     MemKD: 0.5162932872772217
2026-02-21 18:43:04,666 - INFO - Epoch [14/200] Train Loss: 1.0337, Train Acc: 64.29%, Val Loss: 0.9053, Val Acc: 63.03%
2026-02-21 18:43:27,841 - INFO - Epoch [15] Batch [0/14]                     Loss: 1.0511, Hard: 0.9560, Soft: 0.0951                     Acc: 70.00% LR: 0.000494                     Alpha: 0.5744425058364868                     Beta: -0.10954700410366058                     MemKD: 0.5171390175819397
2026-02-21 18:43:57,684 - INFO - Epoch [15/200] Train Loss: 0.9958, Train Acc: 63.93%, Val Loss: 0.8844, Val Acc: 65.29%
2026-02-21 18:44:22,200 - INFO - Epoch [16] Batch [0/14]                     Loss: 1.0900, Hard: 0.9928, Soft: 0.0972                     Acc: 60.00% LR: 0.000493                     Alpha: 0.5744425058364868                     Beta: -0.11876749247312546                     MemKD: 0.5178585648536682
2026-02-21 18:44:51,061 - INFO - Epoch [16/200] Train Loss: 0.9371, Train Acc: 66.79%, Val Loss: 0.8182, Val Acc: 69.55%
2026-02-21 18:44:51,062 - INFO - Best model saved with accuracy: 69.55%
2026-02-21 18:45:14,297 - INFO - Epoch [17] Batch [0/14]                     Loss: 1.3733, Hard: 1.2294, Soft: 0.1439                     Acc: 60.00% LR: 0.000492                     Alpha: 0.5744425058364868                     Beta: -0.1282896101474762                     MemKD: 0.5184049010276794
2026-02-21 18:45:44,797 - INFO - Epoch [17/200] Train Loss: 1.0747, Train Acc: 62.50%, Val Loss: 0.9389, Val Acc: 60.90%
2026-02-21 18:46:08,574 - INFO - Epoch [18] Batch [0/14]                     Loss: 0.9690, Hard: 0.8935, Soft: 0.0755                     Acc: 75.00% LR: 0.000491                     Alpha: 0.5744425058364868                     Beta: -0.13766838610172272                     MemKD: 0.5189553499221802
2026-02-21 18:46:36,798 - INFO - Epoch [18/200] Train Loss: 0.9121, Train Acc: 67.50%, Val Loss: 0.7824, Val Acc: 70.21%
2026-02-21 18:46:36,799 - INFO - Best model saved with accuracy: 70.21%
2026-02-21 18:46:59,682 - INFO - Epoch [19] Batch [0/14]                     Loss: 0.9016, Hard: 0.8633, Soft: 0.0383                     Acc: 70.00% LR: 0.000490                     Alpha: 0.5744425058364868                     Beta: -0.14696520566940308                     MemKD: 0.5193676948547363
2026-02-21 18:47:29,143 - INFO - Epoch [19/200] Train Loss: 0.9526, Train Acc: 67.86%, Val Loss: 0.8004, Val Acc: 70.48%
2026-02-21 18:47:29,144 - INFO - Best model saved with accuracy: 70.48%
2026-02-21 18:47:53,328 - INFO - Epoch [20] Batch [0/14]                     Loss: 0.6630, Hard: 0.6515, Soft: 0.0115                     Acc: 80.00% LR: 0.000489                     Alpha: 0.5744425058364868                     Beta: -0.15609504282474518                     MemKD: 0.519769549369812
2026-02-21 18:48:23,038 - INFO - Epoch [20/200] Train Loss: 1.0075, Train Acc: 62.86%, Val Loss: 0.7795, Val Acc: 69.28%
2026-02-21 18:48:23,085 - INFO - Checkpoint saved at epoch 20
2026-02-21 18:48:47,023 - INFO - Epoch [21] Batch [0/14]                     Loss: 1.0028, Hard: 0.9479, Soft: 0.0549                     Acc: 65.00% LR: 0.000488                     Alpha: 0.5744425058364868                     Beta: -0.16509847342967987                     MemKD: 0.5201334357261658
2026-02-21 18:49:16,508 - INFO - Epoch [21/200] Train Loss: 0.9666, Train Acc: 65.36%, Val Loss: 0.8490, Val Acc: 67.29%
2026-02-21 18:49:40,494 - INFO - Epoch [22] Batch [0/14]                     Loss: 0.7724, Hard: 0.7434, Soft: 0.0289                     Acc: 75.00% LR: 0.000487                     Alpha: 0.5744425058364868                     Beta: -0.17386826872825623                     MemKD: 0.5204805135726929
2026-02-21 18:50:08,981 - INFO - Epoch [22/200] Train Loss: 0.9194, Train Acc: 67.86%, Val Loss: 0.7703, Val Acc: 69.41%
2026-02-21 18:50:30,685 - INFO - Epoch [23] Batch [0/14]                     Loss: 0.6976, Hard: 0.6763, Soft: 0.0213                     Acc: 80.00% LR: 0.000485                     Alpha: 0.5744425058364868                     Beta: -0.18266138434410095                     MemKD: 0.5206097364425659
2026-02-21 18:50:59,677 - INFO - Epoch [23/200] Train Loss: 0.8152, Train Acc: 70.36%, Val Loss: 0.6978, Val Acc: 72.21%
2026-02-21 18:50:59,677 - INFO - Best model saved with accuracy: 72.21%
2026-02-21 18:51:23,593 - INFO - Epoch [24] Batch [0/14]                     Loss: 0.4764, Hard: 0.5242, Soft: -0.0478                     Acc: 85.00% LR: 0.000484                     Alpha: 0.5744425058364868                     Beta: -0.19146065413951874                     MemKD: 0.5205683708190918
2026-02-21 18:51:51,287 - INFO - Epoch [24/200] Train Loss: 0.8080, Train Acc: 70.00%, Val Loss: 0.7162, Val Acc: 73.27%
2026-02-21 18:51:51,287 - INFO - Best model saved with accuracy: 73.27%
2026-02-21 18:52:15,520 - INFO - Epoch [25] Batch [0/14]                     Loss: 1.0015, Hard: 0.9157, Soft: 0.0858                     Acc: 60.00% LR: 0.000482                     Alpha: 0.5744425058364868                     Beta: -0.20050089061260223                     MemKD: 0.5202521085739136
2026-02-21 18:52:45,110 - INFO - Epoch [25/200] Train Loss: 0.8729, Train Acc: 68.21%, Val Loss: 1.1005, Val Acc: 64.63%
2026-02-21 18:53:08,850 - INFO - Epoch [26] Batch [0/14]                     Loss: 0.7274, Hard: 0.7197, Soft: 0.0077                     Acc: 80.00% LR: 0.000481                     Alpha: 0.5744425058364868                     Beta: -0.20915085077285767                     MemKD: 0.5199837684631348
2026-02-21 18:53:37,086 - INFO - Epoch [26/200] Train Loss: 0.7374, Train Acc: 75.00%, Val Loss: 0.9113, Val Acc: 67.69%
2026-02-21 18:53:59,534 - INFO - Epoch [27] Batch [0/14]                     Loss: 0.3413, Hard: 0.4204, Soft: -0.0792                     Acc: 90.00% LR: 0.000479                     Alpha: 0.5744425058364868                     Beta: -0.21766173839569092                     MemKD: 0.5196153521537781
2026-02-21 18:54:28,110 - INFO - Epoch [27/200] Train Loss: 0.8368, Train Acc: 70.00%, Val Loss: 0.7297, Val Acc: 69.55%
2026-02-21 18:54:52,036 - INFO - Epoch [28] Batch [0/14]                     Loss: 0.5349, Hard: 0.5657, Soft: -0.0308                     Acc: 85.00% LR: 0.000478                     Alpha: 0.5744425058364868                     Beta: -0.2262784093618393                     MemKD: 0.5189656019210815
2026-02-21 18:55:20,610 - INFO - Epoch [28/200] Train Loss: 0.7926, Train Acc: 68.21%, Val Loss: 0.8328, Val Acc: 69.41%
2026-02-21 18:55:44,028 - INFO - Epoch [29] Batch [0/14]                     Loss: 1.1357, Hard: 1.0807, Soft: 0.0550                     Acc: 65.00% LR: 0.000476                     Alpha: 0.5744425058364868                     Beta: -0.23468270897865295                     MemKD: 0.5183376669883728
2026-02-21 18:56:12,995 - INFO - Epoch [29/200] Train Loss: 0.8740, Train Acc: 64.64%, Val Loss: 0.6983, Val Acc: 72.47%
2026-02-21 18:56:35,302 - INFO - Epoch [30] Batch [0/14]                     Loss: 0.9808, Hard: 0.9460, Soft: 0.0348                     Acc: 65.00% LR: 0.000475                     Alpha: 0.5744425058364868                     Beta: -0.24273554980754852                     MemKD: 0.5178428888320923
2026-02-21 18:57:03,224 - INFO - Epoch [30/200] Train Loss: 0.7091, Train Acc: 72.50%, Val Loss: 0.8000, Val Acc: 67.42%
2026-02-21 18:57:03,264 - INFO - Checkpoint saved at epoch 30
2026-02-21 18:57:27,668 - INFO - Epoch [31] Batch [0/14]                     Loss: 0.9163, Hard: 0.8991, Soft: 0.0172                     Acc: 75.00% LR: 0.000473                     Alpha: 0.5744425058364868                     Beta: -0.25101765990257263                     MemKD: 0.5169888734817505
2026-02-21 18:57:55,915 - INFO - Epoch [31/200] Train Loss: 0.7219, Train Acc: 71.43%, Val Loss: 0.8660, Val Acc: 69.95%
2026-02-21 18:58:19,280 - INFO - Epoch [32] Batch [0/14]                     Loss: 1.0270, Hard: 1.0046, Soft: 0.0224                     Acc: 55.00% LR: 0.000471                     Alpha: 0.5744425058364868                     Beta: -0.25943538546562195                     MemKD: 0.5158339142799377
2026-02-21 18:58:47,393 - INFO - Epoch [32/200] Train Loss: 0.7117, Train Acc: 70.36%, Val Loss: 0.8015, Val Acc: 68.22%
2026-02-21 18:59:10,809 - INFO - Epoch [33] Batch [0/14]                     Loss: 0.5145, Hard: 0.5856, Soft: -0.0711                     Acc: 80.00% LR: 0.000469                     Alpha: 0.5744425058364868                     Beta: -0.2676553428173065                     MemKD: 0.5147522687911987
2026-02-21 18:59:39,582 - INFO - Epoch [33/200] Train Loss: 0.7403, Train Acc: 73.21%, Val Loss: 0.7649, Val Acc: 71.81%
2026-02-21 19:00:02,318 - INFO - Epoch [34] Batch [0/14]                     Loss: 0.5018, Hard: 0.5530, Soft: -0.0512                     Acc: 85.00% LR: 0.000467                     Alpha: 0.5744425058364868                     Beta: -0.275838702917099                     MemKD: 0.513527512550354
2026-02-21 19:00:28,459 - INFO - Epoch [34/200] Train Loss: 0.6903, Train Acc: 71.43%, Val Loss: 0.8786, Val Acc: 71.28%
2026-02-21 19:00:52,227 - INFO - Epoch [35] Batch [0/14]                     Loss: 0.7896, Hard: 0.8047, Soft: -0.0151                     Acc: 65.00% LR: 0.000465                     Alpha: 0.5744425058364868                     Beta: -0.2839091420173645                     MemKD: 0.5122158527374268
2026-02-21 19:01:21,518 - INFO - Epoch [35/200] Train Loss: 0.6812, Train Acc: 73.21%, Val Loss: 0.6497, Val Acc: 75.40%
2026-02-21 19:01:21,518 - INFO - Best model saved with accuracy: 75.40%
2026-02-21 19:01:43,415 - INFO - Epoch [36] Batch [0/14]                     Loss: 0.3230, Hard: 0.4352, Soft: -0.1121                     Acc: 90.00% LR: 0.000463                     Alpha: 0.5744425058364868                     Beta: -0.29194724559783936                     MemKD: 0.5107711553573608
2026-02-21 19:02:11,286 - INFO - Epoch [36/200] Train Loss: 0.5794, Train Acc: 74.29%, Val Loss: 0.7694, Val Acc: 70.21%
2026-02-21 19:02:34,823 - INFO - Epoch [37] Batch [0/14]                     Loss: 0.8036, Hard: 0.8079, Soft: -0.0042                     Acc: 75.00% LR: 0.000461                     Alpha: 0.5744425058364868                     Beta: -0.30013641715049744                     MemKD: 0.5091103315353394
2026-02-21 19:03:03,116 - INFO - Epoch [37/200] Train Loss: 0.5890, Train Acc: 76.43%, Val Loss: 0.7309, Val Acc: 71.01%
2026-02-21 19:03:25,408 - INFO - Epoch [38] Batch [0/14]                     Loss: 0.5039, Hard: 0.5889, Soft: -0.0850                     Acc: 80.00% LR: 0.000459                     Alpha: 0.5744425058364868                     Beta: -0.3082830309867859                     MemKD: 0.5073766708374023
2026-02-21 19:03:53,799 - INFO - Epoch [38/200] Train Loss: 0.6920, Train Acc: 73.93%, Val Loss: 0.6535, Val Acc: 75.80%
2026-02-21 19:03:53,799 - INFO - Best model saved with accuracy: 75.80%
2026-02-21 19:04:17,572 - INFO - Epoch [39] Batch [0/14]                     Loss: 0.4433, Hard: 0.5345, Soft: -0.0912                     Acc: 80.00% LR: 0.000457                     Alpha: 0.5744425058364868                     Beta: -0.3161669671535492                     MemKD: 0.5056799650192261
2026-02-21 19:04:44,976 - INFO - Epoch [39/200] Train Loss: 0.5346, Train Acc: 80.00%, Val Loss: 0.7768, Val Acc: 72.07%
2026-02-21 19:05:07,201 - INFO - Epoch [40] Batch [0/14]                     Loss: 0.3135, Hard: 0.4561, Soft: -0.1426                     Acc: 90.00% LR: 0.000455                     Alpha: 0.5744425058364868                     Beta: -0.3240548372268677                     MemKD: 0.5038430094718933
2026-02-21 19:05:35,865 - INFO - Epoch [40/200] Train Loss: 0.7150, Train Acc: 70.00%, Val Loss: 1.0414, Val Acc: 65.03%
2026-02-21 19:05:35,913 - INFO - Checkpoint saved at epoch 40
2026-02-21 19:05:59,338 - INFO - Epoch [41] Batch [0/14]                     Loss: 0.4037, Hard: 0.5297, Soft: -0.1261                     Acc: 75.00% LR: 0.000452                     Alpha: 0.5744425058364868                     Beta: -0.3318038880825043                     MemKD: 0.502082884311676
2026-02-21 19:06:26,842 - INFO - Epoch [41/200] Train Loss: 0.5988, Train Acc: 75.00%, Val Loss: 0.7622, Val Acc: 73.14%
2026-02-21 19:06:48,628 - INFO - Epoch [42] Batch [0/14]                     Loss: 0.5243, Hard: 0.6414, Soft: -0.1171                     Acc: 75.00% LR: 0.000450                     Alpha: 0.5744425058364868                     Beta: -0.33947500586509705                     MemKD: 0.5002749562263489
2026-02-21 19:07:17,670 - INFO - Epoch [42/200] Train Loss: 0.4985, Train Acc: 77.50%, Val Loss: 0.8124, Val Acc: 69.95%
2026-02-21 19:07:41,551 - INFO - Epoch [43] Batch [0/14]                     Loss: 0.1952, Hard: 0.3732, Soft: -0.1780                     Acc: 85.00% LR: 0.000448                     Alpha: 0.5744425058364868                     Beta: -0.34738773107528687                     MemKD: 0.49814486503601074
2026-02-21 19:08:09,134 - INFO - Epoch [43/200] Train Loss: 0.5741, Train Acc: 70.36%, Val Loss: 0.7071, Val Acc: 75.66%
2026-02-21 19:08:31,931 - INFO - Epoch [44] Batch [0/14]                     Loss: 0.5352, Hard: 0.6487, Soft: -0.1136                     Acc: 80.00% LR: 0.000445                     Alpha: 0.5744425058364868                     Beta: -0.35512876510620117                     MemKD: 0.49609774351119995
2026-02-21 19:09:01,164 - INFO - Epoch [44/200] Train Loss: 0.4008, Train Acc: 81.07%, Val Loss: 0.6318, Val Acc: 76.46%
2026-02-21 19:09:01,165 - INFO - Best model saved with accuracy: 76.46%
2026-02-21 19:09:24,801 - INFO - Epoch [45] Batch [0/14]                     Loss: 0.0209, Hard: 0.2329, Soft: -0.2121                     Acc: 100.00% LR: 0.000443                     Alpha: 0.5744425058364868                     Beta: -0.3629453182220459                     MemKD: 0.49386459589004517
2026-02-21 19:09:54,343 - INFO - Epoch [45/200] Train Loss: 0.4146, Train Acc: 80.71%, Val Loss: 0.6002, Val Acc: 77.66%
2026-02-21 19:09:54,343 - INFO - Best model saved with accuracy: 77.66%
2026-02-21 19:10:17,498 - INFO - Epoch [46] Batch [0/14]                     Loss: 0.8468, Hard: 0.9017, Soft: -0.0549                     Acc: 75.00% LR: 0.000440                     Alpha: 0.5744425058364868                     Beta: -0.3708705008029938                     MemKD: 0.49144935607910156
2026-02-21 19:10:46,699 - INFO - Epoch [46/200] Train Loss: 0.4408, Train Acc: 78.93%, Val Loss: 0.8439, Val Acc: 69.15%
2026-02-21 19:11:10,459 - INFO - Epoch [47] Batch [0/14]                     Loss: 0.6308, Hard: 0.7446, Soft: -0.1138                     Acc: 75.00% LR: 0.000438                     Alpha: 0.5744425058364868                     Beta: -0.3785180449485779                     MemKD: 0.48923259973526
2026-02-21 19:11:39,028 - INFO - Epoch [47/200] Train Loss: 0.5021, Train Acc: 73.93%, Val Loss: 0.5184, Val Acc: 81.91%
2026-02-21 19:11:39,029 - INFO - Best model saved with accuracy: 81.91%
2026-02-21 19:12:02,164 - INFO - Epoch [48] Batch [0/14]                     Loss: 0.7477, Hard: 0.8615, Soft: -0.1137                     Acc: 70.00% LR: 0.000435                     Alpha: 0.5744425058364868                     Beta: -0.3860628604888916                     MemKD: 0.4870239794254303
2026-02-21 19:12:31,623 - INFO - Epoch [48/200] Train Loss: 0.4898, Train Acc: 75.71%, Val Loss: 0.5114, Val Acc: 80.85%
2026-02-21 19:12:54,511 - INFO - Epoch [49] Batch [0/14]                     Loss: 0.5807, Hard: 0.7230, Soft: -0.1424                     Acc: 70.00% LR: 0.000432                     Alpha: 0.5744425058364868                     Beta: -0.39353132247924805                     MemKD: 0.48481491208076477
2026-02-21 19:13:21,538 - INFO - Epoch [49/200] Train Loss: 0.4395, Train Acc: 77.50%, Val Loss: 0.6541, Val Acc: 74.47%
2026-02-21 19:13:44,821 - INFO - Epoch [50] Batch [0/14]                     Loss: 0.3284, Hard: 0.5179, Soft: -0.1895                     Acc: 80.00% LR: 0.000430                     Alpha: 0.5744425058364868                     Beta: -0.400973379611969                     MemKD: 0.4825618863105774
2026-02-21 19:14:14,401 - INFO - Epoch [50/200] Train Loss: 0.4039, Train Acc: 79.64%, Val Loss: 0.6082, Val Acc: 76.20%
2026-02-21 19:14:14,433 - INFO - Checkpoint saved at epoch 50
2026-02-21 19:14:36,918 - INFO - Epoch [51] Batch [0/14]                     Loss: 0.4675, Hard: 0.6215, Soft: -0.1541                     Acc: 75.00% LR: 0.000427                     Alpha: 0.5744425058364868                     Beta: -0.40842947363853455                     MemKD: 0.4802468419075012
2026-02-21 19:15:04,157 - INFO - Epoch [51/200] Train Loss: 0.3469, Train Acc: 81.43%, Val Loss: 0.7670, Val Acc: 73.27%
2026-02-21 19:15:27,348 - INFO - Epoch [52] Batch [0/14]                     Loss: 0.1671, Hard: 0.4003, Soft: -0.2332                     Acc: 85.00% LR: 0.000424                     Alpha: 0.5744425058364868                     Beta: -0.4159093201160431                     MemKD: 0.47787803411483765
2026-02-21 19:15:57,520 - INFO - Epoch [52/200] Train Loss: 0.3749, Train Acc: 78.21%, Val Loss: 0.6782, Val Acc: 72.07%
2026-02-21 19:16:19,234 - INFO - Epoch [53] Batch [0/14]                     Loss: 0.6623, Hard: 0.7872, Soft: -0.1249                     Acc: 70.00% LR: 0.000421                     Alpha: 0.5744425058364868                     Beta: -0.4234267771244049                     MemKD: 0.4754240810871124
2026-02-21 19:16:47,092 - INFO - Epoch [53/200] Train Loss: 0.3413, Train Acc: 80.36%, Val Loss: 0.6662, Val Acc: 74.73%
2026-02-21 19:17:10,924 - INFO - Epoch [54] Batch [0/14]                     Loss: 0.1161, Hard: 0.3687, Soft: -0.2526                     Acc: 90.00% LR: 0.000418                     Alpha: 0.5744425058364868                     Beta: -0.430813193321228                     MemKD: 0.47304099798202515
2026-02-21 19:17:38,990 - INFO - Epoch [54/200] Train Loss: 0.2852, Train Acc: 80.36%, Val Loss: 0.5607, Val Acc: 79.39%
2026-02-21 19:18:00,578 - INFO - Epoch [55] Batch [0/14]                     Loss: 0.1435, Hard: 0.3925, Soft: -0.2490                     Acc: 85.00% LR: 0.000415                     Alpha: 0.5744425058364868                     Beta: -0.43818598985671997                     MemKD: 0.4706295132637024
2026-02-21 19:18:27,920 - INFO - Epoch [55/200] Train Loss: 0.4076, Train Acc: 75.71%, Val Loss: 0.5941, Val Acc: 77.13%
2026-02-21 19:18:51,550 - INFO - Epoch [56] Batch [0/14]                     Loss: 0.7322, Hard: 0.8765, Soft: -0.1443                     Acc: 70.00% LR: 0.000412                     Alpha: 0.5744425058364868                     Beta: -0.44537216424942017                     MemKD: 0.4683022201061249
2026-02-21 19:19:18,151 - INFO - Epoch [56/200] Train Loss: 0.3776, Train Acc: 77.50%, Val Loss: 0.6081, Val Acc: 76.73%
2026-02-21 19:19:40,397 - INFO - Epoch [57] Batch [0/14]                     Loss: 0.4556, Hard: 0.6379, Soft: -0.1823                     Acc: 70.00% LR: 0.000409                     Alpha: 0.5744425058364868                     Beta: -0.4522952139377594                     MemKD: 0.46615415811538696
2026-02-21 19:20:09,672 - INFO - Epoch [57/200] Train Loss: 0.3448, Train Acc: 78.21%, Val Loss: 0.5467, Val Acc: 81.12%
2026-02-21 19:20:32,250 - INFO - Epoch [58] Batch [0/14]                     Loss: 0.1331, Hard: 0.3850, Soft: -0.2519                     Acc: 85.00% LR: 0.000406                     Alpha: 0.5744425058364868                     Beta: -0.45938143134117126                     MemKD: 0.46387478709220886
2026-02-21 19:20:59,431 - INFO - Epoch [58/200] Train Loss: 0.3085, Train Acc: 80.00%, Val Loss: 0.6472, Val Acc: 73.80%
2026-02-21 19:21:22,182 - INFO - Epoch [59] Batch [0/14]                     Loss: 0.5279, Hard: 0.7232, Soft: -0.1953                     Acc: 75.00% LR: 0.000403                     Alpha: 0.5744425058364868                     Beta: -0.4663362205028534                     MemKD: 0.46168217062950134
2026-02-21 19:21:50,650 - INFO - Epoch [59/200] Train Loss: 0.2965, Train Acc: 78.93%, Val Loss: 0.5939, Val Acc: 78.46%
2026-02-21 19:22:13,949 - INFO - Epoch [60] Batch [0/14]                     Loss: 0.4341, Hard: 0.6320, Soft: -0.1979                     Acc: 80.00% LR: 0.000400                     Alpha: 0.5744425058364868                     Beta: -0.4732832610607147                     MemKD: 0.4594689905643463
2026-02-21 19:22:42,513 - INFO - Epoch [60/200] Train Loss: 0.3202, Train Acc: 80.00%, Val Loss: 0.5447, Val Acc: 80.59%
2026-02-21 19:22:42,545 - INFO - Checkpoint saved at epoch 60
2026-02-21 19:23:04,379 - INFO - Epoch [61] Batch [0/14]                     Loss: 0.2164, Hard: 0.4690, Soft: -0.2526                     Acc: 85.00% LR: 0.000397                     Alpha: 0.5744425058364868                     Beta: -0.48016807436943054                     MemKD: 0.45729660987854004
2026-02-21 19:23:34,193 - INFO - Epoch [61/200] Train Loss: 0.4558, Train Acc: 72.86%, Val Loss: 0.5975, Val Acc: 78.06%
2026-02-21 19:23:57,895 - INFO - Epoch [62] Batch [0/14]                     Loss: 0.3868, Hard: 0.6262, Soft: -0.2394                     Acc: 75.00% LR: 0.000394                     Alpha: 0.5744425058364868                     Beta: -0.48682230710983276                     MemKD: 0.45525071024894714
2026-02-21 19:24:25,959 - INFO - Epoch [62/200] Train Loss: 0.3075, Train Acc: 78.57%, Val Loss: 0.5259, Val Acc: 79.26%
2026-02-21 19:24:48,480 - INFO - Epoch [63] Batch [0/14]                     Loss: 0.2935, Hard: 0.5538, Soft: -0.2602                     Acc: 85.00% LR: 0.000391                     Alpha: 0.5744425058364868                     Beta: -0.49343931674957275                     MemKD: 0.45317763090133667
2026-02-21 19:25:18,110 - INFO - Epoch [63/200] Train Loss: 0.3498, Train Acc: 80.00%, Val Loss: 0.4611, Val Acc: 83.91%
2026-02-21 19:25:18,111 - INFO - Best model saved with accuracy: 83.91%
2026-02-21 19:25:41,221 - INFO - Epoch [64] Batch [0/14]                     Loss: 0.8705, Hard: 0.9918, Soft: -0.1213                     Acc: 65.00% LR: 0.000387                     Alpha: 0.5744425058364868                     Beta: -0.49998265504837036                     MemKD: 0.45114415884017944
2026-02-21 19:26:09,721 - INFO - Epoch [64/200] Train Loss: 0.3173, Train Acc: 78.93%, Val Loss: 0.6076, Val Acc: 78.06%
2026-02-21 19:26:33,172 - INFO - Epoch [65] Batch [0/14]                     Loss: 0.2853, Hard: 0.5628, Soft: -0.2775                     Acc: 85.00% LR: 0.000384                     Alpha: 0.5744425058364868                     Beta: -0.5065352916717529                     MemKD: 0.44908684492111206
2026-02-21 19:27:01,478 - INFO - Epoch [65/200] Train Loss: 0.2989, Train Acc: 79.64%, Val Loss: 0.5428, Val Acc: 80.05%
2026-02-21 19:27:24,748 - INFO - Epoch [66] Batch [0/14]                     Loss: -0.0863, Hard: 0.2546, Soft: -0.3410                     Acc: 95.00% LR: 0.000381                     Alpha: 0.5744425058364868                     Beta: -0.5130488276481628                     MemKD: 0.44703784584999084
2026-02-21 19:27:52,194 - INFO - Epoch [66/200] Train Loss: 0.2151, Train Acc: 83.57%, Val Loss: 0.5355, Val Acc: 80.19%
2026-02-21 19:28:15,303 - INFO - Epoch [67] Batch [0/14]                     Loss: 0.2571, Hard: 0.5208, Soft: -0.2638                     Acc: 85.00% LR: 0.000377                     Alpha: 0.5744425058364868                     Beta: -0.5196490287780762                     MemKD: 0.44489502906799316
2026-02-21 19:28:44,554 - INFO - Epoch [67/200] Train Loss: 0.2531, Train Acc: 80.00%, Val Loss: 0.6167, Val Acc: 75.93%
2026-02-21 19:29:06,979 - INFO - Epoch [68] Batch [0/14]                     Loss: 0.0851, Hard: 0.3908, Soft: -0.3056                     Acc: 90.00% LR: 0.000374                     Alpha: 0.5744425058364868                     Beta: -0.5260684490203857                     MemKD: 0.4428468942642212
2026-02-21 19:29:34,415 - INFO - Epoch [68/200] Train Loss: 0.0858, Train Acc: 86.07%, Val Loss: 0.5983, Val Acc: 77.66%
2026-02-21 19:29:58,829 - INFO - Epoch [69] Batch [0/14]                     Loss: -0.0681, Hard: 0.2898, Soft: -0.3579                     Acc: 90.00% LR: 0.000370                     Alpha: 0.5744425058364868                     Beta: -0.5325901508331299                     MemKD: 0.4407179653644562
2026-02-21 19:30:27,398 - INFO - Epoch [69/200] Train Loss: 0.2220, Train Acc: 78.93%, Val Loss: 0.5508, Val Acc: 78.72%
2026-02-21 19:30:50,852 - INFO - Epoch [70] Batch [0/14]                     Loss: 0.2333, Hard: 0.5107, Soft: -0.2774                     Acc: 80.00% LR: 0.000367                     Alpha: 0.5744425058364868                     Beta: -0.5389748811721802                     MemKD: 0.43866994976997375
2026-02-21 19:31:18,850 - INFO - Epoch [70/200] Train Loss: 0.1781, Train Acc: 81.79%, Val Loss: 0.6214, Val Acc: 77.53%
2026-02-21 19:31:18,898 - INFO - Checkpoint saved at epoch 70
2026-02-21 19:31:43,091 - INFO - Epoch [71] Batch [0/14]                     Loss: 0.3170, Hard: 0.5788, Soft: -0.2619                     Acc: 70.00% LR: 0.000363                     Alpha: 0.5744425058364868                     Beta: -0.5452460050582886                     MemKD: 0.43668708205223083
2026-02-21 19:32:13,072 - INFO - Epoch [71/200] Train Loss: 0.1306, Train Acc: 83.57%, Val Loss: 0.5049, Val Acc: 80.32%
2026-02-21 19:32:35,269 - INFO - Epoch [72] Batch [0/14]                     Loss: 0.4170, Hard: 0.6764, Soft: -0.2594                     Acc: 75.00% LR: 0.000360                     Alpha: 0.5744425058364868                     Beta: -0.5514975786209106                     MemKD: 0.43470150232315063
2026-02-21 19:33:04,725 - INFO - Epoch [72/200] Train Loss: 0.2008, Train Acc: 80.71%, Val Loss: 0.7194, Val Acc: 75.13%
2026-02-21 19:33:28,284 - INFO - Epoch [73] Batch [0/14]                     Loss: 0.4337, Hard: 0.7192, Soft: -0.2854                     Acc: 60.00% LR: 0.000356                     Alpha: 0.5744425058364868                     Beta: -0.5576316118240356                     MemKD: 0.4327559173107147
2026-02-21 19:33:55,728 - INFO - Epoch [73/200] Train Loss: 0.0690, Train Acc: 83.21%, Val Loss: 0.5266, Val Acc: 81.38%
2026-02-21 19:34:17,425 - INFO - Epoch [74] Batch [0/14]                     Loss: -0.0170, Hard: 0.3154, Soft: -0.3324                     Acc: 95.00% LR: 0.000353                     Alpha: 0.5744425058364868                     Beta: -0.5637754797935486                     MemKD: 0.4307984709739685
2026-02-21 19:34:46,561 - INFO - Epoch [74/200] Train Loss: 0.0249, Train Acc: 86.07%, Val Loss: 0.4557, Val Acc: 83.51%
2026-02-21 19:35:09,378 - INFO - Epoch [75] Batch [0/14]                     Loss: -0.0737, Hard: 0.3097, Soft: -0.3834                     Acc: 85.00% LR: 0.000349                     Alpha: 0.5744425058364868                     Beta: -0.5700385570526123                     MemKD: 0.42875874042510986
2026-02-21 19:35:37,303 - INFO - Epoch [75/200] Train Loss: 0.0427, Train Acc: 85.71%, Val Loss: 0.6419, Val Acc: 72.34%
2026-02-21 19:35:59,246 - INFO - Epoch [76] Batch [0/14]                     Loss: 0.0777, Hard: 0.4426, Soft: -0.3649                     Acc: 90.00% LR: 0.000346                     Alpha: 0.5744425058364868                     Beta: -0.576148509979248                     MemKD: 0.4268051087856293
2026-02-21 19:36:27,647 - INFO - Epoch [76/200] Train Loss: 0.0142, Train Acc: 87.14%, Val Loss: 0.8610, Val Acc: 71.41%
2026-02-21 19:36:51,154 - INFO - Epoch [77] Batch [0/14]                     Loss: 0.3606, Hard: 0.6591, Soft: -0.2986                     Acc: 65.00% LR: 0.000342                     Alpha: 0.5744425058364868                     Beta: -0.5821859836578369                     MemKD: 0.42488670349121094
2026-02-21 19:37:19,662 - INFO - Epoch [77/200] Train Loss: 0.1037, Train Acc: 81.07%, Val Loss: 0.5877, Val Acc: 79.39%
2026-02-21 19:37:42,648 - INFO - Epoch [78] Batch [0/14]                     Loss: -0.1225, Hard: 0.3164, Soft: -0.4389                     Acc: 90.00% LR: 0.000338                     Alpha: 0.5744425058364868                     Beta: -0.5880729556083679                     MemKD: 0.4230399429798126
2026-02-21 19:38:11,617 - INFO - Epoch [78/200] Train Loss: 0.0713, Train Acc: 84.64%, Val Loss: 0.4530, Val Acc: 82.58%
2026-02-21 19:38:35,229 - INFO - Epoch [79] Batch [0/14]                     Loss: 0.2990, Hard: 0.6323, Soft: -0.3333                     Acc: 80.00% LR: 0.000335                     Alpha: 0.5744425058364868                     Beta: -0.5938782691955566                     MemKD: 0.4212208688259125
2026-02-21 19:39:04,296 - INFO - Epoch [79/200] Train Loss: 0.0317, Train Acc: 83.57%, Val Loss: 0.5081, Val Acc: 81.38%
2026-02-21 19:39:28,291 - INFO - Epoch [80] Batch [0/14]                     Loss: 0.2986, Hard: 0.6586, Soft: -0.3600                     Acc: 80.00% LR: 0.000331                     Alpha: 0.5744425058364868                     Beta: -0.599655032157898                     MemKD: 0.419420450925827
2026-02-21 19:39:56,943 - INFO - Epoch [80/200] Train Loss: 0.1887, Train Acc: 82.14%, Val Loss: 0.6840, Val Acc: 76.06%
2026-02-21 19:39:56,993 - INFO - Checkpoint saved at epoch 80
2026-02-21 19:40:20,192 - INFO - Epoch [81] Batch [0/14]                     Loss: 0.4157, Hard: 0.6805, Soft: -0.2648                     Acc: 75.00% LR: 0.000327                     Alpha: 0.5744425058364868                     Beta: -0.6052132844924927                     MemKD: 0.417741060256958
2026-02-21 19:40:46,253 - INFO - Epoch [81/200] Train Loss: 0.1229, Train Acc: 80.36%, Val Loss: 0.5611, Val Acc: 78.59%
2026-02-21 19:41:08,575 - INFO - Epoch [82] Batch [0/14]                     Loss: -0.2078, Hard: 0.2359, Soft: -0.4437                     Acc: 90.00% LR: 0.000324                     Alpha: 0.5744425058364868                     Beta: -0.6106337904930115                     MemKD: 0.4161146283149719
2026-02-21 19:41:37,916 - INFO - Epoch [82/200] Train Loss: -0.0208, Train Acc: 83.21%, Val Loss: 0.6710, Val Acc: 75.93%
2026-02-21 19:42:00,513 - INFO - Epoch [83] Batch [0/14]                     Loss: -0.1467, Hard: 0.3041, Soft: -0.4509                     Acc: 90.00% LR: 0.000320                     Alpha: 0.5744425058364868                     Beta: -0.6161787509918213                     MemKD: 0.41440483927726746
2026-02-21 19:42:27,519 - INFO - Epoch [83/200] Train Loss: -0.0390, Train Acc: 86.43%, Val Loss: 0.4175, Val Acc: 84.57%
2026-02-21 19:42:27,520 - INFO - Best model saved with accuracy: 84.57%
2026-02-21 19:42:50,032 - INFO - Epoch [84] Batch [0/14]                     Loss: 0.0504, Hard: 0.4045, Soft: -0.3542                     Acc: 85.00% LR: 0.000316                     Alpha: 0.5744425058364868                     Beta: -0.6216884851455688                     MemKD: 0.41271108388900757
2026-02-21 19:43:17,898 - INFO - Epoch [84/200] Train Loss: 0.0449, Train Acc: 83.21%, Val Loss: 0.5138, Val Acc: 80.98%
2026-02-21 19:43:40,677 - INFO - Epoch [85] Batch [0/14]                     Loss: 0.0335, Hard: 0.4296, Soft: -0.3961                     Acc: 80.00% LR: 0.000312                     Alpha: 0.5744425058364868                     Beta: -0.6270788908004761                     MemKD: 0.41106879711151123
2026-02-21 19:44:07,468 - INFO - Epoch [85/200] Train Loss: 0.0836, Train Acc: 81.79%, Val Loss: 0.4771, Val Acc: 82.05%
2026-02-21 19:44:31,113 - INFO - Epoch [86] Batch [0/14]                     Loss: -0.1260, Hard: 0.3102, Soft: -0.4363                     Acc: 85.00% LR: 0.000308                     Alpha: 0.5744425058364868                     Beta: -0.6322848200798035                     MemKD: 0.4095173478126526
2026-02-21 19:45:00,209 - INFO - Epoch [86/200] Train Loss: -0.0372, Train Acc: 84.64%, Val Loss: 0.4900, Val Acc: 82.58%
2026-02-21 19:45:21,274 - INFO - Epoch [87] Batch [0/14]                     Loss: -0.1084, Hard: 0.3480, Soft: -0.4564                     Acc: 85.00% LR: 0.000305                     Alpha: 0.5744425058364868                     Beta: -0.6374913454055786                     MemKD: 0.4079456627368927
2026-02-21 19:45:48,002 - INFO - Epoch [87/200] Train Loss: -0.0124, Train Acc: 85.71%, Val Loss: 0.5092, Val Acc: 79.26%
2026-02-21 19:46:11,375 - INFO - Epoch [88] Batch [0/14]                     Loss: 0.1280, Hard: 0.5219, Soft: -0.3939                     Acc: 75.00% LR: 0.000301                     Alpha: 0.5744425058364868                     Beta: -0.6426489949226379                     MemKD: 0.40639495849609375
2026-02-21 19:46:39,755 - INFO - Epoch [88/200] Train Loss: -0.0135, Train Acc: 83.57%, Val Loss: 0.5240, Val Acc: 79.39%
2026-02-21 19:47:01,918 - INFO - Epoch [89] Batch [0/14]                     Loss: -0.2495, Hard: 0.2361, Soft: -0.4856                     Acc: 95.00% LR: 0.000297                     Alpha: 0.5744425058364868                     Beta: -0.647771954536438                     MemKD: 0.40485528111457825
2026-02-21 19:47:31,119 - INFO - Epoch [89/200] Train Loss: -0.0470, Train Acc: 86.07%, Val Loss: 0.5473, Val Acc: 77.53%
2026-02-21 19:47:54,185 - INFO - Epoch [90] Batch [0/14]                     Loss: -0.1696, Hard: 0.3413, Soft: -0.5109                     Acc: 85.00% LR: 0.000293                     Alpha: 0.5744425058364868                     Beta: -0.6527972221374512                     MemKD: 0.40335243940353394
2026-02-21 19:48:22,395 - INFO - Epoch [90/200] Train Loss: 0.0179, Train Acc: 82.50%, Val Loss: 0.4528, Val Acc: 82.31%
2026-02-21 19:48:22,431 - INFO - Checkpoint saved at epoch 90
2026-02-21 19:48:44,819 - INFO - Epoch [91] Batch [0/14]                     Loss: -0.2198, Hard: 0.2875, Soft: -0.5073                     Acc: 85.00% LR: 0.000289                     Alpha: 0.5744425058364868                     Beta: -0.6577314138412476                     MemKD: 0.40189680457115173
2026-02-21 19:49:14,743 - INFO - Epoch [91/200] Train Loss: -0.0068, Train Acc: 83.21%, Val Loss: 0.5251, Val Acc: 80.72%
2026-02-21 19:49:38,652 - INFO - Epoch [92] Batch [0/14]                     Loss: -0.2172, Hard: 0.2712, Soft: -0.4885                     Acc: 90.00% LR: 0.000285                     Alpha: 0.5744425058364868                     Beta: -0.6625539660453796                     MemKD: 0.4004881978034973
2026-02-21 19:50:06,963 - INFO - Epoch [92/200] Train Loss: -0.1619, Train Acc: 88.21%, Val Loss: 0.4829, Val Acc: 81.12%
2026-02-21 19:50:29,048 - INFO - Epoch [93] Batch [0/14]                     Loss: -0.4437, Hard: 0.0979, Soft: -0.5416                     Acc: 100.00% LR: 0.000281                     Alpha: 0.5744425058364868                     Beta: -0.6673921942710876                     MemKD: 0.39905884861946106
2026-02-21 19:50:57,987 - INFO - Epoch [93/200] Train Loss: -0.1953, Train Acc: 91.43%, Val Loss: 0.5007, Val Acc: 81.52%
2026-02-21 19:51:21,264 - INFO - Epoch [94] Batch [0/14]                     Loss: -0.2472, Hard: 0.2292, Soft: -0.4764                     Acc: 95.00% LR: 0.000277                     Alpha: 0.5744425058364868                     Beta: -0.6722622513771057                     MemKD: 0.397585928440094
2026-02-21 19:51:50,049 - INFO - Epoch [94/200] Train Loss: -0.1669, Train Acc: 88.93%, Val Loss: 0.5171, Val Acc: 82.58%
2026-02-21 19:52:12,379 - INFO - Epoch [95] Batch [0/14]                     Loss: 0.1695, Hard: 0.5137, Soft: -0.3441                     Acc: 80.00% LR: 0.000274                     Alpha: 0.5744425058364868                     Beta: -0.6769976615905762                     MemKD: 0.396173894405365
2026-02-21 19:52:41,897 - INFO - Epoch [95/200] Train Loss: -0.0031, Train Acc: 82.14%, Val Loss: 0.4063, Val Acc: 85.77%
2026-02-21 19:52:41,897 - INFO - Best model saved with accuracy: 85.77%
2026-02-21 19:53:05,207 - INFO - Epoch [96] Batch [0/14]                     Loss: -0.3176, Hard: 0.2233, Soft: -0.5409                     Acc: 95.00% LR: 0.000270                     Alpha: 0.5744425058364868                     Beta: -0.6815380454063416                     MemKD: 0.39485228061676025
2026-02-21 19:53:33,639 - INFO - Epoch [96/200] Train Loss: -0.1129, Train Acc: 89.29%, Val Loss: 0.5010, Val Acc: 81.25%
2026-02-21 19:53:56,846 - INFO - Epoch [97] Batch [0/14]                     Loss: 0.3039, Hard: 0.6516, Soft: -0.3477                     Acc: 75.00% LR: 0.000266                     Alpha: 0.5744425058364868                     Beta: -0.6860296726226807                     MemKD: 0.39355045557022095
2026-02-21 19:54:26,704 - INFO - Epoch [97/200] Train Loss: -0.1699, Train Acc: 86.07%, Val Loss: 0.4880, Val Acc: 82.31%
2026-02-21 19:54:49,221 - INFO - Epoch [98] Batch [0/14]                     Loss: 0.0302, Hard: 0.4905, Soft: -0.4603                     Acc: 80.00% LR: 0.000262                     Alpha: 0.5744425058364868                     Beta: -0.6905063986778259                     MemKD: 0.39225271344184875
2026-02-21 19:55:15,934 - INFO - Epoch [98/200] Train Loss: -0.1252, Train Acc: 86.07%, Val Loss: 0.6153, Val Acc: 75.53%
2026-02-21 19:55:39,107 - INFO - Epoch [99] Batch [0/14]                     Loss: -0.0574, Hard: 0.4364, Soft: -0.4938                     Acc: 80.00% LR: 0.000258                     Alpha: 0.5744425058364868                     Beta: -0.6949278116226196                     MemKD: 0.3909677267074585
2026-02-21 19:56:08,365 - INFO - Epoch [99/200] Train Loss: -0.1347, Train Acc: 87.86%, Val Loss: 0.5389, Val Acc: 80.59%
2026-02-21 19:56:31,227 - INFO - Epoch [100] Batch [0/14]                     Loss: -0.3284, Hard: 0.2228, Soft: -0.5512                     Acc: 90.00% LR: 0.000254                     Alpha: 0.5744425058364868                     Beta: -0.6992756128311157                     MemKD: 0.3897157311439514
2026-02-21 19:56:58,044 - INFO - Epoch [100/200] Train Loss: -0.1517, Train Acc: 86.07%, Val Loss: 0.4866, Val Acc: 82.31%
2026-02-21 19:56:58,091 - INFO - Checkpoint saved at epoch 100
2026-02-21 19:57:21,181 - INFO - Epoch [101] Batch [0/14]                     Loss: -0.1757, Hard: 0.3901, Soft: -0.5658                     Acc: 85.00% LR: 0.000250                     Alpha: 0.5744425058364868                     Beta: -0.7035560011863708                     MemKD: 0.388480007648468
2026-02-21 19:57:49,899 - INFO - Epoch [101/200] Train Loss: -0.2380, Train Acc: 87.86%, Val Loss: 0.4820, Val Acc: 79.92%
2026-02-21 19:58:13,169 - INFO - Epoch [102] Batch [0/14]                     Loss: -0.3535, Hard: 0.2191, Soft: -0.5726                     Acc: 95.00% LR: 0.000246                     Alpha: 0.5744425058364868                     Beta: -0.7078253030776978                     MemKD: 0.3872399926185608
2026-02-21 19:58:40,471 - INFO - Epoch [102/200] Train Loss: -0.2159, Train Acc: 87.50%, Val Loss: 0.5374, Val Acc: 78.59%
2026-02-21 19:59:04,290 - INFO - Epoch [103] Batch [0/14]                     Loss: -0.5000, Hard: 0.1147, Soft: -0.6147                     Acc: 95.00% LR: 0.000242                     Alpha: 0.5744425058364868                     Beta: -0.7119652032852173                     MemKD: 0.3860505521297455
2026-02-21 19:59:32,604 - INFO - Epoch [103/200] Train Loss: -0.1780, Train Acc: 85.71%, Val Loss: 0.4648, Val Acc: 83.38%
2026-02-21 19:59:54,965 - INFO - Epoch [104] Batch [0/14]                     Loss: -0.3547, Hard: 0.2355, Soft: -0.5902                     Acc: 90.00% LR: 0.000238                     Alpha: 0.5744425058364868                     Beta: -0.7160164713859558                     MemKD: 0.3848891258239746
2026-02-21 20:00:24,221 - INFO - Epoch [104/200] Train Loss: -0.1892, Train Acc: 86.43%, Val Loss: 0.4202, Val Acc: 83.51%
2026-02-21 20:00:47,499 - INFO - Epoch [105] Batch [0/14]                     Loss: -0.3278, Hard: 0.2832, Soft: -0.6110                     Acc: 90.00% LR: 0.000234                     Alpha: 0.5744425058364868                     Beta: -0.7200048565864563                     MemKD: 0.38375595211982727
2026-02-21 20:01:14,614 - INFO - Epoch [105/200] Train Loss: -0.1369, Train Acc: 83.93%, Val Loss: 0.3950, Val Acc: 86.84%
2026-02-21 20:01:14,614 - INFO - Best model saved with accuracy: 86.84%
2026-02-21 20:01:36,517 - INFO - Epoch [106] Batch [0/14]                     Loss: -0.1237, Hard: 0.4325, Soft: -0.5562                     Acc: 80.00% LR: 0.000230                     Alpha: 0.5744425058364868                     Beta: -0.7239135503768921                     MemKD: 0.3826603293418884
2026-02-21 20:02:05,114 - INFO - Epoch [106/200] Train Loss: -0.1787, Train Acc: 85.00%, Val Loss: 0.4359, Val Acc: 82.85%
2026-02-21 20:02:28,677 - INFO - Epoch [107] Batch [0/14]                     Loss: -0.2124, Hard: 0.3360, Soft: -0.5484                     Acc: 90.00% LR: 0.000226                     Alpha: 0.5744425058364868                     Beta: -0.7277525663375854                     MemKD: 0.3815847337245941
2026-02-21 20:02:56,203 - INFO - Epoch [107/200] Train Loss: -0.1470, Train Acc: 83.93%, Val Loss: 0.5098, Val Acc: 82.85%
2026-02-21 20:03:17,919 - INFO - Epoch [108] Batch [0/14]                     Loss: -0.4291, Hard: 0.1878, Soft: -0.6170                     Acc: 95.00% LR: 0.000223                     Alpha: 0.5744425058364868                     Beta: -0.7315294742584229                     MemKD: 0.3805267810821533
2026-02-21 20:03:47,408 - INFO - Epoch [108/200] Train Loss: -0.2162, Train Acc: 88.21%, Val Loss: 0.4379, Val Acc: 84.31%
2026-02-21 20:04:10,992 - INFO - Epoch [109] Batch [0/14]                     Loss: -0.3637, Hard: 0.2391, Soft: -0.6028                     Acc: 90.00% LR: 0.000219                     Alpha: 0.5744425058364868                     Beta: -0.7352185249328613                     MemKD: 0.37949657440185547
2026-02-21 20:04:38,067 - INFO - Epoch [109/200] Train Loss: -0.3034, Train Acc: 90.36%, Val Loss: 0.4596, Val Acc: 81.78%
2026-02-21 20:05:00,540 - INFO - Epoch [110] Batch [0/14]                     Loss: -0.1264, Hard: 0.4273, Soft: -0.5537                     Acc: 90.00% LR: 0.000215                     Alpha: 0.5744425058364868                     Beta: -0.7388785481452942                     MemKD: 0.3784696161746979
2026-02-21 20:05:29,468 - INFO - Epoch [110/200] Train Loss: -0.2966, Train Acc: 88.93%, Val Loss: 0.5280, Val Acc: 78.86%
2026-02-21 20:05:29,505 - INFO - Checkpoint saved at epoch 110
2026-02-21 20:05:52,814 - INFO - Epoch [111] Batch [0/14]                     Loss: -0.3834, Hard: 0.2097, Soft: -0.5931                     Acc: 95.00% LR: 0.000211                     Alpha: 0.5744425058364868                     Beta: -0.742490291595459                     MemKD: 0.3774545192718506
2026-02-21 20:06:19,759 - INFO - Epoch [111/200] Train Loss: -0.3111, Train Acc: 89.29%, Val Loss: 0.4369, Val Acc: 85.37%
2026-02-21 20:06:42,478 - INFO - Epoch [112] Batch [0/14]                     Loss: -0.1796, Hard: 0.3561, Soft: -0.5357                     Acc: 85.00% LR: 0.000207                     Alpha: 0.5744425058364868                     Beta: -0.7460588216781616                     MemKD: 0.37645336985588074
2026-02-21 20:07:12,332 - INFO - Epoch [112/200] Train Loss: -0.3240, Train Acc: 90.36%, Val Loss: 0.4658, Val Acc: 82.31%
2026-02-21 20:07:35,949 - INFO - Epoch [113] Batch [0/14]                     Loss: -0.3101, Hard: 0.2977, Soft: -0.6078                     Acc: 90.00% LR: 0.000203                     Alpha: 0.5744425058364868                     Beta: -0.7495558261871338                     MemKD: 0.37547287344932556
2026-02-21 20:08:03,904 - INFO - Epoch [113/200] Train Loss: -0.1810, Train Acc: 85.36%, Val Loss: 0.3893, Val Acc: 86.44%
2026-02-21 20:08:27,807 - INFO - Epoch [114] Batch [0/14]                     Loss: -0.5107, Hard: 0.1279, Soft: -0.6386                     Acc: 100.00% LR: 0.000199                     Alpha: 0.5744425058364868                     Beta: -0.752926230430603                     MemKD: 0.3745461404323578
2026-02-21 20:08:57,715 - INFO - Epoch [114/200] Train Loss: -0.2479, Train Acc: 86.43%, Val Loss: 0.4716, Val Acc: 84.31%
2026-02-21 20:09:21,222 - INFO - Epoch [115] Batch [0/14]                     Loss: -0.2089, Hard: 0.3616, Soft: -0.5705                     Acc: 90.00% LR: 0.000195                     Alpha: 0.5744425058364868                     Beta: -0.7562246322631836                     MemKD: 0.3736403286457062
2026-02-21 20:09:47,812 - INFO - Epoch [115/200] Train Loss: -0.1944, Train Acc: 86.07%, Val Loss: 0.4328, Val Acc: 83.11%
2026-02-21 20:10:11,246 - INFO - Epoch [116] Batch [0/14]                     Loss: 0.0612, Hard: 0.5666, Soft: -0.5054                     Acc: 75.00% LR: 0.000192                     Alpha: 0.5744425058364868                     Beta: -0.7594260573387146                     MemKD: 0.3727681636810303
2026-02-21 20:10:41,160 - INFO - Epoch [116/200] Train Loss: -0.2838, Train Acc: 86.43%, Val Loss: 0.4174, Val Acc: 84.18%
2026-02-21 20:11:04,016 - INFO - Epoch [117] Batch [0/14]                     Loss: -0.3701, Hard: 0.2581, Soft: -0.6283                     Acc: 90.00% LR: 0.000188                     Alpha: 0.5744425058364868                     Beta: -0.7625633478164673                     MemKD: 0.3719137907028198
2026-02-21 20:11:32,305 - INFO - Epoch [117/200] Train Loss: -0.2321, Train Acc: 86.07%, Val Loss: 0.5157, Val Acc: 81.38%
2026-02-21 20:11:54,896 - INFO - Epoch [118] Batch [0/14]                     Loss: -0.2522, Hard: 0.3224, Soft: -0.5745                     Acc: 90.00% LR: 0.000184                     Alpha: 0.5744425058364868                     Beta: -0.7656393051147461                     MemKD: 0.3710755407810211
2026-02-21 20:12:24,100 - INFO - Epoch [118/200] Train Loss: -0.2147, Train Acc: 87.86%, Val Loss: 0.5762, Val Acc: 80.98%
2026-02-21 20:12:45,977 - INFO - Epoch [119] Batch [0/14]                     Loss: -0.5528, Hard: 0.1352, Soft: -0.6880                     Acc: 95.00% LR: 0.000180                     Alpha: 0.5744425058364868                     Beta: -0.7686406373977661                     MemKD: 0.3702627122402191
2026-02-21 20:13:13,477 - INFO - Epoch [119/200] Train Loss: -0.3691, Train Acc: 90.71%, Val Loss: 0.5276, Val Acc: 81.78%
2026-02-21 20:13:36,866 - INFO - Epoch [120] Batch [0/14]                     Loss: -0.4248, Hard: 0.2479, Soft: -0.6727                     Acc: 90.00% LR: 0.000176                     Alpha: 0.5744425058364868                     Beta: -0.7716049551963806                     MemKD: 0.3694574534893036
2026-02-21 20:14:04,884 - INFO - Epoch [120/200] Train Loss: -0.3122, Train Acc: 89.29%, Val Loss: 0.3899, Val Acc: 84.71%
2026-02-21 20:14:04,953 - INFO - Checkpoint saved at epoch 120
2026-02-21 20:14:27,379 - INFO - Epoch [121] Batch [0/14]                     Loss: -0.3865, Hard: 0.2849, Soft: -0.6714                     Acc: 90.00% LR: 0.000173                     Alpha: 0.5744425058364868                     Beta: -0.774520754814148                     MemKD: 0.36866438388824463
2026-02-21 20:14:57,527 - INFO - Epoch [121/200] Train Loss: -0.2889, Train Acc: 88.21%, Val Loss: 0.4783, Val Acc: 79.12%
2026-02-21 20:15:21,050 - INFO - Epoch [122] Batch [0/14]                     Loss: -0.3537, Hard: 0.2608, Soft: -0.6145                     Acc: 95.00% LR: 0.000169                     Alpha: 0.5744425058364868                     Beta: -0.7773594856262207                     MemKD: 0.3678964376449585
2026-02-21 20:15:49,564 - INFO - Epoch [122/200] Train Loss: -0.3469, Train Acc: 90.36%, Val Loss: 0.3620, Val Acc: 87.37%
2026-02-21 20:15:49,565 - INFO - Best model saved with accuracy: 87.37%
2026-02-21 20:16:11,326 - INFO - Epoch [123] Batch [0/14]                     Loss: -0.1838, Hard: 0.4317, Soft: -0.6155                     Acc: 85.00% LR: 0.000165                     Alpha: 0.5744425058364868                     Beta: -0.7801175713539124                     MemKD: 0.36715641617774963
2026-02-21 20:16:40,965 - INFO - Epoch [123/200] Train Loss: -0.3189, Train Acc: 89.64%, Val Loss: 0.4970, Val Acc: 83.91%
2026-02-21 20:17:03,619 - INFO - Epoch [124] Batch [0/14]                     Loss: -0.3785, Hard: 0.2530, Soft: -0.6315                     Acc: 90.00% LR: 0.000162                     Alpha: 0.5744425058364868                     Beta: -0.7828248143196106                     MemKD: 0.3664288818836212
2026-02-21 20:17:30,113 - INFO - Epoch [124/200] Train Loss: -0.3633, Train Acc: 90.71%, Val Loss: 0.4040, Val Acc: 85.77%
2026-02-21 20:17:52,430 - INFO - Epoch [125] Batch [0/14]                     Loss: -0.0870, Hard: 0.4876, Soft: -0.5747                     Acc: 85.00% LR: 0.000158                     Alpha: 0.5744425058364868                     Beta: -0.7854588031768799                     MemKD: 0.3657265305519104
2026-02-21 20:18:21,667 - INFO - Epoch [125/200] Train Loss: -0.2927, Train Acc: 87.14%, Val Loss: 0.3721, Val Acc: 85.64%
2026-02-21 20:18:45,317 - INFO - Epoch [126] Batch [0/14]                     Loss: -0.3724, Hard: 0.3005, Soft: -0.6729                     Acc: 85.00% LR: 0.000154                     Alpha: 0.5744425058364868                     Beta: -0.7880222797393799                     MemKD: 0.3650437295436859
2026-02-21 20:19:13,815 - INFO - Epoch [126/200] Train Loss: -0.3116, Train Acc: 88.57%, Val Loss: 0.4266, Val Acc: 84.18%
2026-02-21 20:19:36,491 - INFO - Epoch [127] Batch [0/14]                     Loss: 0.0947, Hard: 0.6328, Soft: -0.5381                     Acc: 85.00% LR: 0.000151                     Alpha: 0.5744425058364868                     Beta: -0.7905257344245911                     MemKD: 0.3643787205219269
2026-02-21 20:20:05,937 - INFO - Epoch [127/200] Train Loss: -0.3358, Train Acc: 89.29%, Val Loss: 0.4285, Val Acc: 85.77%
2026-02-21 20:20:29,225 - INFO - Epoch [128] Batch [0/14]                     Loss: -0.2448, Hard: 0.3916, Soft: -0.6365                     Acc: 90.00% LR: 0.000147                     Alpha: 0.5744425058364868                     Beta: -0.7929648160934448                     MemKD: 0.36373522877693176
2026-02-21 20:20:56,738 - INFO - Epoch [128/200] Train Loss: -0.3232, Train Acc: 88.93%, Val Loss: 0.4862, Val Acc: 79.92%
2026-02-21 20:21:18,339 - INFO - Epoch [129] Batch [0/14]                     Loss: -0.2667, Hard: 0.3148, Soft: -0.5815                     Acc: 95.00% LR: 0.000144                     Alpha: 0.5744425058364868                     Beta: -0.7953512668609619                     MemKD: 0.3631039559841156
2026-02-21 20:21:46,816 - INFO - Epoch [129/200] Train Loss: -0.3787, Train Acc: 89.29%, Val Loss: 0.4205, Val Acc: 86.44%
2026-02-21 20:22:10,337 - INFO - Epoch [130] Batch [0/14]                     Loss: -0.4192, Hard: 0.2492, Soft: -0.6684                     Acc: 90.00% LR: 0.000140                     Alpha: 0.5744425058364868                     Beta: -0.7976877689361572                     MemKD: 0.36248475313186646
2026-02-21 20:22:38,428 - INFO - Epoch [130/200] Train Loss: -0.3670, Train Acc: 88.93%, Val Loss: 0.4752, Val Acc: 83.51%
2026-02-21 20:22:38,466 - INFO - Checkpoint saved at epoch 130
2026-02-21 20:23:01,426 - INFO - Epoch [131] Batch [0/14]                     Loss: -0.3356, Hard: 0.2885, Soft: -0.6241                     Acc: 95.00% LR: 0.000137                     Alpha: 0.5744425058364868                     Beta: -0.7999598383903503                     MemKD: 0.3618867099285126
2026-02-21 20:23:30,689 - INFO - Epoch [131/200] Train Loss: -0.4060, Train Acc: 89.64%, Val Loss: 0.4134, Val Acc: 84.97%
2026-02-21 20:23:54,026 - INFO - Epoch [132] Batch [0/14]                     Loss: -0.3782, Hard: 0.2846, Soft: -0.6628                     Acc: 90.00% LR: 0.000133                     Alpha: 0.5744425058364868                     Beta: -0.8021690845489502                     MemKD: 0.3613051176071167
2026-02-21 20:24:21,018 - INFO - Epoch [132/200] Train Loss: -0.3029, Train Acc: 85.00%, Val Loss: 0.3887, Val Acc: 84.57%
2026-02-21 20:24:43,851 - INFO - Epoch [133] Batch [0/14]                     Loss: -0.5988, Hard: 0.1104, Soft: -0.7092                     Acc: 100.00% LR: 0.000130                     Alpha: 0.5744425058364868                     Beta: -0.8043081760406494                     MemKD: 0.36074602603912354
2026-02-21 20:25:12,083 - INFO - Epoch [133/200] Train Loss: -0.4326, Train Acc: 91.07%, Val Loss: 0.4461, Val Acc: 82.85%
2026-02-21 20:25:34,402 - INFO - Epoch [134] Batch [0/14]                     Loss: -0.3318, Hard: 0.2966, Soft: -0.6284                     Acc: 90.00% LR: 0.000126                     Alpha: 0.5744425058364868                     Beta: -0.8064128756523132                     MemKD: 0.36019590497016907
2026-02-21 20:26:00,862 - INFO - Epoch [134/200] Train Loss: -0.4373, Train Acc: 90.71%, Val Loss: 0.4044, Val Acc: 83.51%
2026-02-21 20:26:24,516 - INFO - Epoch [135] Batch [0/14]                     Loss: -0.3499, Hard: 0.3457, Soft: -0.6956                     Acc: 80.00% LR: 0.000123                     Alpha: 0.5744425058364868                     Beta: -0.8084582090377808                     MemKD: 0.35966169834136963
2026-02-21 20:26:51,933 - INFO - Epoch [135/200] Train Loss: -0.2991, Train Acc: 86.43%, Val Loss: 0.4538, Val Acc: 81.38%
2026-02-21 20:27:14,280 - INFO - Epoch [136] Batch [0/14]                     Loss: 0.0161, Hard: 0.5951, Soft: -0.5790                     Acc: 70.00% LR: 0.000119                     Alpha: 0.5744425058364868                     Beta: -0.8104385733604431                     MemKD: 0.35914725065231323
2026-02-21 20:27:41,556 - INFO - Epoch [136/200] Train Loss: -0.4176, Train Acc: 88.93%, Val Loss: 0.4365, Val Acc: 83.64%
2026-02-21 20:28:05,122 - INFO - Epoch [137] Batch [0/14]                     Loss: -0.6370, Hard: 0.1004, Soft: -0.7374                     Acc: 95.00% LR: 0.000116                     Alpha: 0.5744425058364868                     Beta: -0.8123459815979004                     MemKD: 0.3586537837982178
2026-02-21 20:28:35,948 - INFO - Epoch [137/200] Train Loss: -0.2808, Train Acc: 85.36%, Val Loss: 0.4038, Val Acc: 85.37%
2026-02-21 20:28:58,495 - INFO - Epoch [138] Batch [0/14]                     Loss: -0.6366, Hard: 0.0973, Soft: -0.7338                     Acc: 100.00% LR: 0.000113                     Alpha: 0.5744425058364868                     Beta: -0.8141815662384033                     MemKD: 0.3581814467906952
2026-02-21 20:29:26,688 - INFO - Epoch [138/200] Train Loss: -0.4338, Train Acc: 90.71%, Val Loss: 0.3564, Val Acc: 86.84%
2026-02-21 20:29:50,204 - INFO - Epoch [139] Batch [0/14]                     Loss: 0.0134, Hard: 0.6102, Soft: -0.5968                     Acc: 80.00% LR: 0.000109                     Alpha: 0.5744425058364868                     Beta: -0.8159751892089844                     MemKD: 0.35771986842155457
2026-02-21 20:30:17,535 - INFO - Epoch [139/200] Train Loss: -0.3213, Train Acc: 87.86%, Val Loss: 0.3631, Val Acc: 86.57%
2026-02-21 20:30:38,906 - INFO - Epoch [140] Batch [0/14]                     Loss: -0.4901, Hard: 0.2038, Soft: -0.6940                     Acc: 90.00% LR: 0.000106                     Alpha: 0.5744425058364868                     Beta: -0.8177242279052734                     MemKD: 0.3572719395160675
2026-02-21 20:31:07,429 - INFO - Epoch [140/200] Train Loss: -0.4448, Train Acc: 90.71%, Val Loss: 0.5044, Val Acc: 78.99%
2026-02-21 20:31:07,478 - INFO - Checkpoint saved at epoch 140
2026-02-21 20:31:31,262 - INFO - Epoch [141] Batch [0/14]                     Loss: -0.6195, Hard: 0.1485, Soft: -0.7681                     Acc: 90.00% LR: 0.000103                     Alpha: 0.5744425058364868                     Beta: -0.8194198608398438                     MemKD: 0.35683655738830566
2026-02-21 20:31:59,776 - INFO - Epoch [141/200] Train Loss: -0.4296, Train Acc: 89.64%, Val Loss: 0.4135, Val Acc: 83.38%
2026-02-21 20:32:22,130 - INFO - Epoch [142] Batch [0/14]                     Loss: -0.6260, Hard: 0.0909, Soft: -0.7169                     Acc: 100.00% LR: 0.000100                     Alpha: 0.5744425058364868                     Beta: -0.8210914731025696                     MemKD: 0.3564046025276184
2026-02-21 20:32:50,469 - INFO - Epoch [142/200] Train Loss: -0.4249, Train Acc: 90.71%, Val Loss: 0.3550, Val Acc: 87.77%
2026-02-21 20:32:50,470 - INFO - Best model saved with accuracy: 87.77%
2026-02-21 20:33:13,368 - INFO - Epoch [143] Batch [0/14]                     Loss: -0.5823, Hard: 0.1489, Soft: -0.7312                     Acc: 95.00% LR: 0.000097                     Alpha: 0.5744425058364868                     Beta: -0.8226936459541321                     MemKD: 0.3559916317462921
2026-02-21 20:33:41,259 - INFO - Epoch [143/200] Train Loss: -0.4594, Train Acc: 88.93%, Val Loss: 0.3582, Val Acc: 86.44%
2026-02-21 20:34:03,222 - INFO - Epoch [144] Batch [0/14]                     Loss: -0.5742, Hard: 0.1690, Soft: -0.7432                     Acc: 95.00% LR: 0.000094                     Alpha: 0.5744425058364868                     Beta: -0.8242566585540771                     MemKD: 0.35558828711509705
2026-02-21 20:34:31,967 - INFO - Epoch [144/200] Train Loss: -0.4405, Train Acc: 89.64%, Val Loss: 0.3369, Val Acc: 87.37%
2026-02-21 20:34:55,765 - INFO - Epoch [145] Batch [0/14]                     Loss: -0.3874, Hard: 0.2631, Soft: -0.6505                     Acc: 90.00% LR: 0.000091                     Alpha: 0.5744425058364868                     Beta: -0.825764536857605                     MemKD: 0.3552006781101227
2026-02-21 20:35:24,366 - INFO - Epoch [145/200] Train Loss: -0.3953, Train Acc: 89.29%, Val Loss: 0.5784, Val Acc: 77.66%
2026-02-21 20:35:47,249 - INFO - Epoch [146] Batch [0/14]                     Loss: -0.1216, Hard: 0.4896, Soft: -0.6112                     Acc: 80.00% LR: 0.000088                     Alpha: 0.5744425058364868                     Beta: -0.8271877765655518                     MemKD: 0.35484084486961365
2026-02-21 20:36:16,618 - INFO - Epoch [146/200] Train Loss: -0.3332, Train Acc: 87.50%, Val Loss: 0.3579, Val Acc: 88.03%
2026-02-21 20:36:16,619 - INFO - Best model saved with accuracy: 88.03%
2026-02-21 20:36:38,380 - INFO - Epoch [147] Batch [0/14]                     Loss: -0.3678, Hard: 0.2972, Soft: -0.6649                     Acc: 85.00% LR: 0.000085                     Alpha: 0.5744425058364868                     Beta: -0.8285688757896423                     MemKD: 0.3544922471046448
2026-02-21 20:37:06,031 - INFO - Epoch [147/200] Train Loss: -0.4103, Train Acc: 88.21%, Val Loss: 0.3521, Val Acc: 88.70%
2026-02-21 20:37:06,031 - INFO - Best model saved with accuracy: 88.70%
2026-02-21 20:37:29,347 - INFO - Epoch [148] Batch [0/14]                     Loss: -0.6079, Hard: 0.1660, Soft: -0.7740                     Acc: 95.00% LR: 0.000082                     Alpha: 0.5744425058364868                     Beta: -0.829894483089447                     MemKD: 0.3541586697101593
2026-02-21 20:37:57,834 - INFO - Epoch [148/200] Train Loss: -0.5092, Train Acc: 91.07%, Val Loss: 0.3956, Val Acc: 85.51%
2026-02-21 20:38:20,575 - INFO - Epoch [149] Batch [0/14]                     Loss: -0.5783, Hard: 0.1616, Soft: -0.7399                     Acc: 90.00% LR: 0.000079                     Alpha: 0.5744425058364868                     Beta: -0.8311964869499207                     MemKD: 0.35382726788520813
2026-02-21 20:38:47,991 - INFO - Epoch [149/200] Train Loss: -0.4487, Train Acc: 88.93%, Val Loss: 0.3599, Val Acc: 86.30%
2026-02-21 20:39:11,957 - INFO - Epoch [150] Batch [0/14]                     Loss: -0.5711, Hard: 0.1949, Soft: -0.7660                     Acc: 95.00% LR: 0.000076                     Alpha: 0.5744425058364868                     Beta: -0.8324481844902039                     MemKD: 0.353508859872818
2026-02-21 20:39:40,116 - INFO - Epoch [150/200] Train Loss: -0.4944, Train Acc: 91.07%, Val Loss: 0.3884, Val Acc: 84.57%
2026-02-21 20:39:40,150 - INFO - Checkpoint saved at epoch 150
2026-02-21 20:40:02,862 - INFO - Epoch [151] Batch [0/14]                     Loss: -0.4253, Hard: 0.2628, Soft: -0.6881                     Acc: 100.00% LR: 0.000073                     Alpha: 0.5744425058364868                     Beta: -0.8336628079414368                     MemKD: 0.35320013761520386
2026-02-21 20:40:29,340 - INFO - Epoch [151/200] Train Loss: -0.4628, Train Acc: 91.43%, Val Loss: 0.3772, Val Acc: 86.17%
2026-02-21 20:40:52,152 - INFO - Epoch [152] Batch [0/14]                     Loss: -0.6460, Hard: 0.0882, Soft: -0.7343                     Acc: 95.00% LR: 0.000070                     Alpha: 0.5744425058364868                     Beta: -0.8348219394683838                     MemKD: 0.35290682315826416
2026-02-21 20:41:20,945 - INFO - Epoch [152/200] Train Loss: -0.5254, Train Acc: 92.14%, Val Loss: 0.3391, Val Acc: 88.83%
2026-02-21 20:41:20,945 - INFO - Best model saved with accuracy: 88.83%
2026-02-21 20:41:43,831 - INFO - Epoch [153] Batch [0/14]                     Loss: -0.6408, Hard: 0.1174, Soft: -0.7582                     Acc: 95.00% LR: 0.000068                     Alpha: 0.5744425058364868                     Beta: -0.8359477519989014                     MemKD: 0.3526208996772766
2026-02-21 20:42:11,214 - INFO - Epoch [153/200] Train Loss: -0.4142, Train Acc: 88.57%, Val Loss: 0.3803, Val Acc: 85.51%
2026-02-21 20:42:34,476 - INFO - Epoch [154] Batch [0/14]                     Loss: -0.6087, Hard: 0.1516, Soft: -0.7603                     Acc: 95.00% LR: 0.000065                     Alpha: 0.5744425058364868                     Beta: -0.8370229601860046                     MemKD: 0.3523504137992859
2026-02-21 20:43:02,868 - INFO - Epoch [154/200] Train Loss: -0.4301, Train Acc: 90.71%, Val Loss: 0.3903, Val Acc: 86.30%
2026-02-21 20:43:25,412 - INFO - Epoch [155] Batch [0/14]                     Loss: -0.7305, Hard: 0.0586, Soft: -0.7891                     Acc: 100.00% LR: 0.000062                     Alpha: 0.5744425058364868                     Beta: -0.8380463123321533                     MemKD: 0.3520946800708771
2026-02-21 20:43:52,170 - INFO - Epoch [155/200] Train Loss: -0.5642, Train Acc: 94.64%, Val Loss: 0.3517, Val Acc: 88.43%
2026-02-21 20:44:15,655 - INFO - Epoch [156] Batch [0/14]                     Loss: -0.5052, Hard: 0.2197, Soft: -0.7249                     Acc: 90.00% LR: 0.000060                     Alpha: 0.5744425058364868                     Beta: -0.8390434384346008                     MemKD: 0.35184377431869507
2026-02-21 20:44:43,756 - INFO - Epoch [156/200] Train Loss: -0.4247, Train Acc: 90.00%, Val Loss: 0.3792, Val Acc: 86.17%
2026-02-21 20:45:06,142 - INFO - Epoch [157] Batch [0/14]                     Loss: -0.3360, Hard: 0.3223, Soft: -0.6583                     Acc: 90.00% LR: 0.000057                     Alpha: 0.5744425058364868                     Beta: -0.8399898409843445                     MemKD: 0.3516077995300293
2026-02-21 20:45:34,260 - INFO - Epoch [157/200] Train Loss: -0.4545, Train Acc: 89.29%, Val Loss: 0.3630, Val Acc: 86.17%
2026-02-21 20:45:57,656 - INFO - Epoch [158] Batch [0/14]                     Loss: -0.4461, Hard: 0.2967, Soft: -0.7428                     Acc: 85.00% LR: 0.000055                     Alpha: 0.5744425058364868                     Beta: -0.8408862352371216                     MemKD: 0.35138437151908875
2026-02-21 20:46:26,303 - INFO - Epoch [158/200] Train Loss: -0.4531, Train Acc: 90.71%, Val Loss: 0.3309, Val Acc: 88.70%
2026-02-21 20:46:49,702 - INFO - Epoch [159] Batch [0/14]                     Loss: -0.7298, Hard: 0.0670, Soft: -0.7967                     Acc: 100.00% LR: 0.000052                     Alpha: 0.5744425058364868                     Beta: -0.8417366743087769                     MemKD: 0.35117271542549133
2026-02-21 20:47:18,964 - INFO - Epoch [159/200] Train Loss: -0.4192, Train Acc: 91.07%, Val Loss: 0.3471, Val Acc: 87.50%
2026-02-21 20:47:42,758 - INFO - Epoch [160] Batch [0/14]                     Loss: -0.6209, Hard: 0.1509, Soft: -0.7718                     Acc: 95.00% LR: 0.000050                     Alpha: 0.5744425058364868                     Beta: -0.8425493836402893                     MemKD: 0.35097062587738037
2026-02-21 20:48:10,216 - INFO - Epoch [160/200] Train Loss: -0.4740, Train Acc: 91.43%, Val Loss: 0.3401, Val Acc: 88.16%
2026-02-21 20:48:10,266 - INFO - Checkpoint saved at epoch 160
2026-02-21 20:48:31,265 - INFO - Epoch [161] Batch [0/14]                     Loss: -0.0729, Hard: 0.5618, Soft: -0.6347                     Acc: 75.00% LR: 0.000048                     Alpha: 0.5744425058364868                     Beta: -0.8433201909065247                     MemKD: 0.3507794737815857
2026-02-21 20:49:00,477 - INFO - Epoch [161/200] Train Loss: -0.4218, Train Acc: 88.57%, Val Loss: 0.3612, Val Acc: 87.37%
2026-02-21 20:49:24,195 - INFO - Epoch [162] Batch [0/14]                     Loss: -0.6464, Hard: 0.1175, Soft: -0.7639                     Acc: 100.00% LR: 0.000045                     Alpha: 0.5744425058364868                     Beta: -0.8440597653388977                     MemKD: 0.3505963683128357
2026-02-21 20:49:52,203 - INFO - Epoch [162/200] Train Loss: -0.5231, Train Acc: 93.57%, Val Loss: 0.3297, Val Acc: 88.16%
2026-02-21 20:50:14,820 - INFO - Epoch [163] Batch [0/14]                     Loss: -0.6048, Hard: 0.1793, Soft: -0.7841                     Acc: 95.00% LR: 0.000043                     Alpha: 0.5744425058364868                     Beta: -0.8447729349136353                     MemKD: 0.35041916370391846
2026-02-21 20:50:44,193 - INFO - Epoch [163/200] Train Loss: -0.5337, Train Acc: 93.21%, Val Loss: 0.3419, Val Acc: 88.30%
2026-02-21 20:51:07,174 - INFO - Epoch [164] Batch [0/14]                     Loss: -0.7158, Hard: 0.0914, Soft: -0.8072                     Acc: 100.00% LR: 0.000041                     Alpha: 0.5744425058364868                     Beta: -0.8454567193984985                     MemKD: 0.3502483665943146
2026-02-21 20:51:34,956 - INFO - Epoch [164/200] Train Loss: -0.5178, Train Acc: 91.79%, Val Loss: 0.3531, Val Acc: 87.90%
2026-02-21 20:51:56,836 - INFO - Epoch [165] Batch [0/14]                     Loss: -0.5288, Hard: 0.1768, Soft: -0.7056                     Acc: 95.00% LR: 0.000039                     Alpha: 0.5744425058364868                     Beta: -0.8460947871208191                     MemKD: 0.35009077191352844
2026-02-21 20:52:25,319 - INFO - Epoch [165/200] Train Loss: -0.5408, Train Acc: 91.79%, Val Loss: 0.3927, Val Acc: 84.84%
2026-02-21 20:52:46,748 - INFO - Epoch [166] Batch [0/14]                     Loss: -0.4524, Hard: 0.2872, Soft: -0.7396                     Acc: 90.00% LR: 0.000037                     Alpha: 0.5744425058364868                     Beta: -0.8467038869857788                     MemKD: 0.3499395549297333
2026-02-21 20:53:13,847 - INFO - Epoch [166/200] Train Loss: -0.5469, Train Acc: 93.57%, Val Loss: 0.3661, Val Acc: 85.64%
2026-02-21 20:53:36,403 - INFO - Epoch [167] Batch [0/14]                     Loss: -0.5164, Hard: 0.2465, Soft: -0.7629                     Acc: 90.00% LR: 0.000035                     Alpha: 0.5744425058364868                     Beta: -0.8472810983657837                     MemKD: 0.34979620575904846
2026-02-21 20:54:05,846 - INFO - Epoch [167/200] Train Loss: -0.4992, Train Acc: 91.07%, Val Loss: 0.3543, Val Acc: 86.70%
2026-02-21 20:54:28,693 - INFO - Epoch [168] Batch [0/14]                     Loss: -0.5587, Hard: 0.2108, Soft: -0.7695                     Acc: 95.00% LR: 0.000033                     Alpha: 0.5744425058364868                     Beta: -0.847819983959198                     MemKD: 0.3496638536453247
2026-02-21 20:54:54,988 - INFO - Epoch [168/200] Train Loss: -0.4811, Train Acc: 92.14%, Val Loss: 0.3417, Val Acc: 88.16%
2026-02-21 20:55:17,889 - INFO - Epoch [169] Batch [0/14]                     Loss: -0.6793, Hard: 0.1334, Soft: -0.8127                     Acc: 95.00% LR: 0.000031                     Alpha: 0.5744425058364868                     Beta: -0.8483245372772217                     MemKD: 0.3495405316352844
2026-02-21 20:55:46,607 - INFO - Epoch [169/200] Train Loss: -0.5086, Train Acc: 92.14%, Val Loss: 0.3504, Val Acc: 87.90%
2026-02-21 20:56:10,160 - INFO - Epoch [170] Batch [0/14]                     Loss: -0.2043, Hard: 0.4228, Soft: -0.6271                     Acc: 85.00% LR: 0.000029                     Alpha: 0.5744425058364868                     Beta: -0.8488042950630188                     MemKD: 0.34942272305488586
2026-02-21 20:56:37,315 - INFO - Epoch [170/200] Train Loss: -0.5103, Train Acc: 92.50%, Val Loss: 0.3264, Val Acc: 88.43%
2026-02-21 20:56:37,362 - INFO - Checkpoint saved at epoch 170
2026-02-21 20:57:00,225 - INFO - Epoch [171] Batch [0/14]                     Loss: -0.7906, Hard: 0.0400, Soft: -0.8306                     Acc: 100.00% LR: 0.000027                     Alpha: 0.5744425058364868                     Beta: -0.8492486476898193                     MemKD: 0.34931403398513794
2026-02-21 20:57:28,392 - INFO - Epoch [171/200] Train Loss: -0.5853, Train Acc: 92.50%, Val Loss: 0.3361, Val Acc: 87.77%
2026-02-21 20:57:51,261 - INFO - Epoch [172] Batch [0/14]                     Loss: -0.5344, Hard: 0.2058, Soft: -0.7402                     Acc: 95.00% LR: 0.000025                     Alpha: 0.5744425058364868                     Beta: -0.84967440366745                     MemKD: 0.3492092192173004
2026-02-21 20:58:19,182 - INFO - Epoch [172/200] Train Loss: -0.4660, Train Acc: 90.36%, Val Loss: 0.3310, Val Acc: 88.56%
2026-02-21 20:58:42,432 - INFO - Epoch [173] Batch [0/14]                     Loss: -0.4841, Hard: 0.2293, Soft: -0.7134                     Acc: 90.00% LR: 0.000024                     Alpha: 0.5744425058364868                     Beta: -0.8500668406486511                     MemKD: 0.34911346435546875
2026-02-21 20:59:12,351 - INFO - Epoch [173/200] Train Loss: -0.3798, Train Acc: 87.50%, Val Loss: 0.3430, Val Acc: 87.10%
2026-02-21 20:59:34,161 - INFO - Epoch [174] Batch [0/14]                     Loss: -0.6582, Hard: 0.1315, Soft: -0.7897                     Acc: 95.00% LR: 0.000022                     Alpha: 0.5744425058364868                     Beta: -0.8504257202148438                     MemKD: 0.34902679920196533
2026-02-21 21:00:00,448 - INFO - Epoch [174/200] Train Loss: -0.4561, Train Acc: 90.00%, Val Loss: 0.3399, Val Acc: 87.50%
2026-02-21 21:00:23,668 - INFO - Epoch [175] Batch [0/14]                     Loss: -0.4279, Hard: 0.3038, Soft: -0.7316                     Acc: 85.00% LR: 0.000021                     Alpha: 0.5744425058364868                     Beta: -0.8507571816444397                     MemKD: 0.34894707798957825
2026-02-21 21:00:53,244 - INFO - Epoch [175/200] Train Loss: -0.4958, Train Acc: 90.00%, Val Loss: 0.3307, Val Acc: 88.70%
2026-02-21 21:01:15,397 - INFO - Epoch [176] Batch [0/14]                     Loss: -0.4732, Hard: 0.2955, Soft: -0.7687                     Acc: 90.00% LR: 0.000019                     Alpha: 0.5744425058364868                     Beta: -0.8510690927505493                     MemKD: 0.34887176752090454
2026-02-21 21:01:42,808 - INFO - Epoch [176/200] Train Loss: -0.5216, Train Acc: 91.79%, Val Loss: 0.3438, Val Acc: 87.90%
2026-02-21 21:02:06,825 - INFO - Epoch [177] Batch [0/14]                     Loss: -0.4144, Hard: 0.3183, Soft: -0.7326                     Acc: 85.00% LR: 0.000018                     Alpha: 0.5744425058364868                     Beta: -0.8513610363006592                     MemKD: 0.34880074858665466
2026-02-21 21:02:34,207 - INFO - Epoch [177/200] Train Loss: -0.4375, Train Acc: 90.71%, Val Loss: 0.3290, Val Acc: 88.16%
2026-02-21 21:02:56,558 - INFO - Epoch [178] Batch [0/14]                     Loss: -0.5573, Hard: 0.1979, Soft: -0.7552                     Acc: 90.00% LR: 0.000016                     Alpha: 0.5744425058364868                     Beta: -0.851628839969635                     MemKD: 0.3487358093261719
2026-02-21 21:03:25,773 - INFO - Epoch [178/200] Train Loss: -0.5343, Train Acc: 91.79%, Val Loss: 0.3465, Val Acc: 87.23%
2026-02-21 21:03:49,979 - INFO - Epoch [179] Batch [0/14]                     Loss: -0.1638, Hard: 0.4881, Soft: -0.6519                     Acc: 80.00% LR: 0.000015                     Alpha: 0.5744425058364868                     Beta: -0.8518783450126648                     MemKD: 0.34867510199546814
2026-02-21 21:04:18,058 - INFO - Epoch [179/200] Train Loss: -0.4714, Train Acc: 91.07%, Val Loss: 0.3357, Val Acc: 87.90%
2026-02-21 21:04:40,341 - INFO - Epoch [180] Batch [0/14]                     Loss: -0.6459, Hard: 0.1150, Soft: -0.7610                     Acc: 100.00% LR: 0.000013                     Alpha: 0.5744425058364868                     Beta: -0.8521023988723755                     MemKD: 0.34862077236175537
2026-02-21 21:05:09,057 - INFO - Epoch [180/200] Train Loss: -0.5650, Train Acc: 93.93%, Val Loss: 0.3308, Val Acc: 88.03%
2026-02-21 21:05:09,105 - INFO - Checkpoint saved at epoch 180
2026-02-21 21:05:32,505 - INFO - Epoch [181] Batch [0/14]                     Loss: -0.2882, Hard: 0.3837, Soft: -0.6719                     Acc: 85.00% LR: 0.000012                     Alpha: 0.5744425058364868                     Beta: -0.8523067235946655                     MemKD: 0.3485710620880127
2026-02-21 21:06:00,353 - INFO - Epoch [181/200] Train Loss: -0.5283, Train Acc: 91.43%, Val Loss: 0.3361, Val Acc: 88.83%
2026-02-21 21:06:22,382 - INFO - Epoch [182] Batch [0/14]                     Loss: -0.3856, Hard: 0.3442, Soft: -0.7298                     Acc: 85.00% LR: 0.000011                     Alpha: 0.5744425058364868                     Beta: -0.852493166923523                     MemKD: 0.34852564334869385
2026-02-21 21:06:51,171 - INFO - Epoch [182/200] Train Loss: -0.4506, Train Acc: 89.29%, Val Loss: 0.3283, Val Acc: 88.43%
2026-02-21 21:07:15,040 - INFO - Epoch [183] Batch [0/14]                     Loss: -0.4369, Hard: 0.3055, Soft: -0.7424                     Acc: 80.00% LR: 0.000010                     Alpha: 0.5744425058364868                     Beta: -0.8526604175567627                     MemKD: 0.34848538041114807
2026-02-21 21:07:43,702 - INFO - Epoch [183/200] Train Loss: -0.5417, Train Acc: 90.00%, Val Loss: 0.3285, Val Acc: 89.23%
2026-02-21 21:07:43,703 - INFO - Best model saved with accuracy: 89.23%
2026-02-21 21:08:06,620 - INFO - Epoch [184] Batch [0/14]                     Loss: -0.1755, Hard: 0.4650, Soft: -0.6405                     Acc: 85.00% LR: 0.000009                     Alpha: 0.5744425058364868                     Beta: -0.8528102040290833                     MemKD: 0.3484494090080261
2026-02-21 21:08:36,081 - INFO - Epoch [184/200] Train Loss: -0.4942, Train Acc: 89.64%, Val Loss: 0.3289, Val Acc: 89.10%
2026-02-21 21:08:59,171 - INFO - Epoch [185] Batch [0/14]                     Loss: -0.2235, Hard: 0.3915, Soft: -0.6150                     Acc: 80.00% LR: 0.000008                     Alpha: 0.5744425058364868                     Beta: -0.8529446721076965                     MemKD: 0.3484170734882355
2026-02-21 21:09:25,544 - INFO - Epoch [185/200] Train Loss: -0.4557, Train Acc: 90.71%, Val Loss: 0.3399, Val Acc: 87.63%
2026-02-21 21:09:48,287 - INFO - Epoch [186] Batch [0/14]                     Loss: -0.1155, Hard: 0.5577, Soft: -0.6731                     Acc: 80.00% LR: 0.000007                     Alpha: 0.5744425058364868                     Beta: -0.8530633449554443                     MemKD: 0.3483884930610657
2026-02-21 21:10:17,773 - INFO - Epoch [186/200] Train Loss: -0.5148, Train Acc: 92.86%, Val Loss: 0.3337, Val Acc: 88.56%
2026-02-21 21:10:40,748 - INFO - Epoch [187] Batch [0/14]                     Loss: -0.5427, Hard: 0.2240, Soft: -0.7668                     Acc: 85.00% LR: 0.000006                     Alpha: 0.5744425058364868                     Beta: -0.8531663417816162                     MemKD: 0.34836387634277344
2026-02-21 21:11:09,084 - INFO - Epoch [187/200] Train Loss: -0.4990, Train Acc: 91.07%, Val Loss: 0.3317, Val Acc: 88.43%
2026-02-21 21:11:33,223 - INFO - Epoch [188] Batch [0/14]                     Loss: -0.6514, Hard: 0.1537, Soft: -0.8052                     Acc: 90.00% LR: 0.000005                     Alpha: 0.5744425058364868                     Beta: -0.853257417678833                     MemKD: 0.3483419716358185
2026-02-21 21:12:02,732 - INFO - Epoch [188/200] Train Loss: -0.5434, Train Acc: 91.07%, Val Loss: 0.3358, Val Acc: 88.03%
2026-02-21 21:12:24,879 - INFO - Epoch [189] Batch [0/14]                     Loss: 0.1077, Hard: 0.6716, Soft: -0.5640                     Acc: 80.00% LR: 0.000004                     Alpha: 0.5744425058364868                     Beta: -0.8533362746238708                     MemKD: 0.3483230471611023
2026-02-21 21:12:51,719 - INFO - Epoch [189/200] Train Loss: -0.5134, Train Acc: 92.50%, Val Loss: 0.3289, Val Acc: 88.83%
2026-02-21 21:13:14,697 - INFO - Epoch [190] Batch [0/14]                     Loss: -0.5874, Hard: 0.1841, Soft: -0.7715                     Acc: 95.00% LR: 0.000004                     Alpha: 0.5744425058364868                     Beta: -0.8534035086631775                     MemKD: 0.3483069837093353
2026-02-21 21:13:42,595 - INFO - Epoch [190/200] Train Loss: -0.4300, Train Acc: 88.21%, Val Loss: 0.3236, Val Acc: 88.56%
2026-02-21 21:13:42,642 - INFO - Checkpoint saved at epoch 190
2026-02-21 21:14:05,572 - INFO - Epoch [191] Batch [0/14]                     Loss: -0.4028, Hard: 0.3261, Soft: -0.7289                     Acc: 85.00% LR: 0.000003                     Alpha: 0.5744425058364868                     Beta: -0.8534592390060425                     MemKD: 0.3482937216758728
2026-02-21 21:14:33,465 - INFO - Epoch [191/200] Train Loss: -0.4744, Train Acc: 90.00%, Val Loss: 0.3174, Val Acc: 88.03%
2026-02-21 21:14:57,356 - INFO - Epoch [192] Batch [0/14]                     Loss: -0.5269, Hard: 0.2413, Soft: -0.7682                     Acc: 90.00% LR: 0.000002                     Alpha: 0.5744425058364868                     Beta: -0.8535050749778748                     MemKD: 0.3482828140258789
2026-02-21 21:15:25,856 - INFO - Epoch [192/200] Train Loss: -0.4606, Train Acc: 91.07%, Val Loss: 0.3198, Val Acc: 87.77%
2026-02-21 21:15:47,915 - INFO - Epoch [193] Batch [0/14]                     Loss: -0.6603, Hard: 0.1227, Soft: -0.7831                     Acc: 95.00% LR: 0.000002                     Alpha: 0.5744425058364868                     Beta: -0.8535423874855042                     MemKD: 0.3482739329338074
2026-02-21 21:16:14,684 - INFO - Epoch [193/200] Train Loss: -0.5540, Train Acc: 91.79%, Val Loss: 0.3346, Val Acc: 88.96%
2026-02-21 21:16:38,006 - INFO - Epoch [194] Batch [0/14]                     Loss: -0.1068, Hard: 0.5297, Soft: -0.6365                     Acc: 85.00% LR: 0.000002                     Alpha: 0.5744425058364868                     Beta: -0.8535722494125366                     MemKD: 0.3482667803764343
2026-02-21 21:17:07,681 - INFO - Epoch [194/200] Train Loss: -0.5291, Train Acc: 91.07%, Val Loss: 0.3140, Val Acc: 89.10%
2026-02-21 21:17:30,146 - INFO - Epoch [195] Batch [0/14]                     Loss: -0.5222, Hard: 0.2455, Soft: -0.7677                     Acc: 85.00% LR: 0.000001                     Alpha: 0.5744425058364868                     Beta: -0.8535948395729065                     MemKD: 0.34826144576072693
2026-02-21 21:17:57,517 - INFO - Epoch [195/200] Train Loss: -0.5320, Train Acc: 91.07%, Val Loss: 0.3154, Val Acc: 88.83%
2026-02-21 21:18:20,991 - INFO - Epoch [196] Batch [0/14]                     Loss: -0.6445, Hard: 0.1614, Soft: -0.8058                     Acc: 95.00% LR: 0.000001                     Alpha: 0.5744425058364868                     Beta: -0.8536115288734436                     MemKD: 0.348257452249527
2026-02-21 21:18:50,646 - INFO - Epoch [196/200] Train Loss: -0.5554, Train Acc: 91.43%, Val Loss: 0.3251, Val Acc: 88.03%
2026-02-21 21:19:12,655 - INFO - Epoch [197] Batch [0/14]                     Loss: -0.4798, Hard: 0.2486, Soft: -0.7284                     Acc: 90.00% LR: 0.000000                     Alpha: 0.5744425058364868                     Beta: -0.8536232113838196                     MemKD: 0.34825462102890015
2026-02-21 21:19:41,580 - INFO - Epoch [197/200] Train Loss: -0.5186, Train Acc: 92.50%, Val Loss: 0.3291, Val Acc: 88.16%
2026-02-21 21:20:05,472 - INFO - Epoch [198] Batch [0/14]                     Loss: -0.4886, Hard: 0.2319, Soft: -0.7206                     Acc: 95.00% LR: 0.000000                     Alpha: 0.5744425058364868                     Beta: -0.8536307215690613                     MemKD: 0.34825289249420166
2026-02-21 21:20:32,442 - INFO - Epoch [198/200] Train Loss: -0.4733, Train Acc: 91.79%, Val Loss: 0.3293, Val Acc: 88.43%
2026-02-21 21:20:55,391 - INFO - Epoch [199] Batch [0/14]                     Loss: -0.5919, Hard: 0.1594, Soft: -0.7513                     Acc: 95.00% LR: 0.000000                     Alpha: 0.5744425058364868                     Beta: -0.8536348938941956                     MemKD: 0.34825193881988525
2026-02-21 21:21:23,587 - INFO - Epoch [199/200] Train Loss: -0.5516, Train Acc: 92.14%, Val Loss: 0.3291, Val Acc: 88.30%
2026-02-21 21:21:46,476 - INFO - Epoch [200] Batch [0/14]                     Loss: -0.5309, Hard: 0.2150, Soft: -0.7460                     Acc: 95.00% LR: 0.000000                     Alpha: 0.5744425058364868                     Beta: -0.8536365628242493                     MemKD: 0.3482515811920166
2026-02-21 21:22:13,738 - INFO - Epoch [200/200] Train Loss: -0.4967, Train Acc: 90.00%, Val Loss: 0.3370, Val Acc: 87.37%
2026-02-21 21:22:13,774 - INFO - Checkpoint saved at epoch 200
2026-02-21 21:22:13,774 - INFO - ==================================================
2026-02-21 21:22:13,774 - INFO - Training finished! Best accuracy: 89.23%
2026-02-21 21:22:13,774 - INFO - ==================================================
