2026-02-20 02:09:35,821 - INFO - ==================================================
2026-02-20 02:09:35,821 - INFO - Distillation Training Configuration
2026-02-20 02:09:35,821 - INFO - ==================================================
2026-02-20 02:09:35,822 - INFO - GPUs: [0, 1, 2, 3, 4, 5, 6, 7]
2026-02-20 02:09:35,822 - INFO - World size: 8
2026-02-20 02:09:35,822 - INFO - Dataset: /media/hdd1/chuxiaohui/AI4Ocean_UATR/ShipsEar_622
2026-02-20 02:09:35,822 - INFO - Data type: wav_s@wav_t
2026-02-20 02:09:35,822 - INFO - Batch size: 16
2026-02-20 02:09:35,822 - INFO - Epochs: 200
2026-02-20 02:09:35,822 - INFO - Learning rate: 0.0005
2026-02-20 02:09:35,822 - INFO - Temperature: 2.0
2026-02-20 02:09:35,822 - INFO - Alpha: 0.3
2026-02-20 02:09:35,822 - INFO - Save dir: checkpoints/grid_shipsear_v2/num_epochs200_weight_decay0.0002_batch_size16_lr0.0005_distill_typeMTSKD_Temp_freezeTrue_USE_DYNAMIC_DISTILL_WEIGHTFalse_p_encoder0.345_p_classifier0.255
2026-02-20 02:09:35,822 - INFO - ==================================================
2026-02-20 02:09:35,855 - INFO - Train dataset size: 2240
2026-02-20 02:09:35,855 - INFO - Validation dataset size: 749
2026-02-20 02:09:38,530 - INFO - Student params: 316,299 (0.32M)
2026-02-20 02:09:38,530 - INFO - Teacher params: 164,415,877 (164.42M)
2026-02-20 02:09:38,530 - INFO - Trainable params: 271,372 (0.27M)
2026-02-20 02:09:39,914 - INFO - Start training...
2026-02-20 02:09:39,915 - INFO - No checkpoint found, start from scratch
2026-02-20 02:10:05,278 - INFO - Epoch [1] Batch [0/17]                     Loss: 2.4039, Hard: 1.8278, Soft: 0.5761                     Acc: 12.50% LR: 0.000500                     Alpha: 0.5744425058364868                     Beta: 0.0                     MemKD: 0.5
2026-02-20 02:10:35,348 - INFO - Epoch [1/200] Train Loss: 1.7729, Train Acc: 41.91%, Val Loss: 1.5180, Val Acc: 37.63%
2026-02-20 02:10:35,348 - INFO - Best model saved with accuracy: 37.63%
2026-02-20 02:10:58,241 - INFO - Epoch [2] Batch [0/17]                     Loss: 1.6135, Hard: 1.3331, Soft: 0.2803                     Acc: 43.75% LR: 0.000500                     Alpha: 0.5744425058364868                     Beta: -0.005996640305966139                     MemKD: 0.5019574165344238
2026-02-20 02:11:28,461 - INFO - Epoch [2/200] Train Loss: 1.5176, Train Acc: 46.32%, Val Loss: 1.3393, Val Acc: 46.94%
2026-02-20 02:11:28,461 - INFO - Best model saved with accuracy: 46.94%
2026-02-20 02:11:52,006 - INFO - Epoch [3] Batch [0/17]                     Loss: 1.2881, Hard: 1.1123, Soft: 0.1758                     Acc: 50.00% LR: 0.000500                     Alpha: 0.5744425058364868                     Beta: -0.014458567835390568                     MemKD: 0.5036406517028809
2026-02-20 02:12:23,129 - INFO - Epoch [3/200] Train Loss: 1.5223, Train Acc: 41.91%, Val Loss: 1.2117, Val Acc: 49.87%
2026-02-20 02:12:23,130 - INFO - Best model saved with accuracy: 49.87%
2026-02-20 02:12:46,922 - INFO - Epoch [4] Batch [0/17]                     Loss: 1.4898, Hard: 1.2733, Soft: 0.2165                     Acc: 25.00% LR: 0.000500                     Alpha: 0.5744425058364868                     Beta: -0.022688882425427437                     MemKD: 0.5053843855857849
2026-02-20 02:13:17,534 - INFO - Epoch [4/200] Train Loss: 1.4149, Train Acc: 46.32%, Val Loss: 1.1058, Val Acc: 56.25%
2026-02-20 02:13:17,535 - INFO - Best model saved with accuracy: 56.25%
2026-02-20 02:13:40,594 - INFO - Epoch [5] Batch [0/17]                     Loss: 1.4683, Hard: 1.2595, Soft: 0.2088                     Acc: 43.75% LR: 0.000500                     Alpha: 0.5744425058364868                     Beta: -0.03115811198949814                     MemKD: 0.5070475339889526
2026-02-20 02:14:09,876 - INFO - Epoch [5/200] Train Loss: 1.3323, Train Acc: 52.57%, Val Loss: 1.0340, Val Acc: 57.58%
2026-02-20 02:14:09,877 - INFO - Best model saved with accuracy: 57.58%
2026-02-20 02:14:32,781 - INFO - Epoch [6] Batch [0/17]                     Loss: 1.2480, Hard: 1.0854, Soft: 0.1626                     Acc: 56.25% LR: 0.000499                     Alpha: 0.5744425058364868                     Beta: -0.0407482273876667                     MemKD: 0.5086391568183899
2026-02-20 02:15:02,857 - INFO - Epoch [6/200] Train Loss: 1.2824, Train Acc: 56.99%, Val Loss: 1.0707, Val Acc: 52.66%
2026-02-20 02:15:26,430 - INFO - Epoch [7] Batch [0/17]                     Loss: 1.4359, Hard: 1.2526, Soft: 0.1834                     Acc: 50.00% LR: 0.000499                     Alpha: 0.5744425058364868                     Beta: -0.05077023804187775                     MemKD: 0.5100846886634827
2026-02-20 02:15:57,102 - INFO - Epoch [7/200] Train Loss: 1.2632, Train Acc: 55.51%, Val Loss: 1.1324, Val Acc: 57.45%
2026-02-20 02:16:20,890 - INFO - Epoch [8] Batch [0/17]                     Loss: 1.2255, Hard: 1.0628, Soft: 0.1627                     Acc: 62.50% LR: 0.000498                     Alpha: 0.5744425058364868                     Beta: -0.05994324013590813                     MemKD: 0.5115423202514648
2026-02-20 02:16:50,664 - INFO - Epoch [8/200] Train Loss: 1.2768, Train Acc: 54.04%, Val Loss: 1.0374, Val Acc: 57.18%
2026-02-20 02:17:14,650 - INFO - Epoch [9] Batch [0/17]                     Loss: 1.1441, Hard: 1.0060, Soft: 0.1380                     Acc: 56.25% LR: 0.000498                     Alpha: 0.5744425058364868                     Beta: -0.06902574002742767                     MemKD: 0.513065755367279
2026-02-20 02:17:44,044 - INFO - Epoch [9/200] Train Loss: 1.2655, Train Acc: 54.78%, Val Loss: 0.9264, Val Acc: 62.63%
2026-02-20 02:17:44,044 - INFO - Best model saved with accuracy: 62.63%
2026-02-20 02:18:07,031 - INFO - Epoch [10] Batch [0/17]                     Loss: 1.3765, Hard: 1.1697, Soft: 0.2067                     Acc: 68.75% LR: 0.000498                     Alpha: 0.5744425058364868                     Beta: -0.07856003195047379                     MemKD: 0.5145102143287659
2026-02-20 02:18:38,052 - INFO - Epoch [10/200] Train Loss: 1.0814, Train Acc: 61.76%, Val Loss: 0.8785, Val Acc: 66.76%
2026-02-20 02:18:38,053 - INFO - Best model saved with accuracy: 66.76%
2026-02-20 02:18:38,117 - INFO - Checkpoint saved at epoch 10
2026-02-20 02:19:01,057 - INFO - Epoch [11] Batch [0/17]                     Loss: 0.7870, Hard: 0.7021, Soft: 0.0849                     Acc: 81.25% LR: 0.000497                     Alpha: 0.5744425058364868                     Beta: -0.08932701498270035                     MemKD: 0.5157782435417175
2026-02-20 02:19:30,627 - INFO - Epoch [11/200] Train Loss: 1.0654, Train Acc: 62.50%, Val Loss: 0.8633, Val Acc: 66.89%
2026-02-20 02:19:30,628 - INFO - Best model saved with accuracy: 66.89%
2026-02-20 02:19:54,022 - INFO - Epoch [12] Batch [0/17]                     Loss: 0.8416, Hard: 0.7612, Soft: 0.0804                     Acc: 75.00% LR: 0.000496                     Alpha: 0.5744425058364868                     Beta: -0.10081760585308075                     MemKD: 0.5167797803878784
2026-02-20 02:20:24,069 - INFO - Epoch [12/200] Train Loss: 1.0101, Train Acc: 65.81%, Val Loss: 0.9375, Val Acc: 63.83%
2026-02-20 02:20:47,716 - INFO - Epoch [13] Batch [0/17]                     Loss: 1.1026, Hard: 0.9937, Soft: 0.1089                     Acc: 62.50% LR: 0.000496                     Alpha: 0.5744425058364868                     Beta: -0.11215528845787048                     MemKD: 0.517728328704834
2026-02-20 02:21:17,966 - INFO - Epoch [13/200] Train Loss: 1.1693, Train Acc: 59.56%, Val Loss: 0.8699, Val Acc: 63.70%
2026-02-20 02:21:42,182 - INFO - Epoch [14] Batch [0/17]                     Loss: 0.7237, Hard: 0.6795, Soft: 0.0442                     Acc: 75.00% LR: 0.000495                     Alpha: 0.5744425058364868                     Beta: -0.12346744537353516                     MemKD: 0.5187917351722717
2026-02-20 02:22:13,268 - INFO - Epoch [14/200] Train Loss: 1.0913, Train Acc: 62.50%, Val Loss: 0.7934, Val Acc: 72.07%
2026-02-20 02:22:13,268 - INFO - Best model saved with accuracy: 72.07%
2026-02-20 02:22:37,026 - INFO - Epoch [15] Batch [0/17]                     Loss: 0.9243, Hard: 0.8683, Soft: 0.0560                     Acc: 68.75% LR: 0.000494                     Alpha: 0.5744425058364868                     Beta: -0.13476893305778503                     MemKD: 0.5197674632072449
2026-02-20 02:23:07,072 - INFO - Epoch [15/200] Train Loss: 0.9426, Train Acc: 67.28%, Val Loss: 0.8237, Val Acc: 67.95%
2026-02-20 02:23:30,419 - INFO - Epoch [16] Batch [0/17]                     Loss: 0.9563, Hard: 0.9068, Soft: 0.0496                     Acc: 62.50% LR: 0.000493                     Alpha: 0.5744425058364868                     Beta: -0.1464737206697464                     MemKD: 0.5204121470451355
2026-02-20 02:24:00,938 - INFO - Epoch [16/200] Train Loss: 0.9348, Train Acc: 65.44%, Val Loss: 0.8391, Val Acc: 67.15%
2026-02-20 02:24:24,362 - INFO - Epoch [17] Batch [0/17]                     Loss: 0.8904, Hard: 0.8501, Soft: 0.0404                     Acc: 68.75% LR: 0.000492                     Alpha: 0.5744425058364868                     Beta: -0.15837755799293518                     MemKD: 0.5207771062850952
2026-02-20 02:24:52,858 - INFO - Epoch [17/200] Train Loss: 0.9833, Train Acc: 62.13%, Val Loss: 0.7689, Val Acc: 71.54%
2026-02-20 02:25:16,788 - INFO - Epoch [18] Batch [0/17]                     Loss: 0.9084, Hard: 0.8522, Soft: 0.0562                     Acc: 75.00% LR: 0.000491                     Alpha: 0.5744425058364868                     Beta: -0.16971972584724426                     MemKD: 0.5211207866668701
2026-02-20 02:25:47,055 - INFO - Epoch [18/200] Train Loss: 0.9254, Train Acc: 66.54%, Val Loss: 0.8079, Val Acc: 68.48%
2026-02-20 02:26:10,444 - INFO - Epoch [19] Batch [0/17]                     Loss: 0.7298, Hard: 0.7344, Soft: -0.0046                     Acc: 75.00% LR: 0.000490                     Alpha: 0.5744425058364868                     Beta: -0.18087108433246613                     MemKD: 0.5212365984916687
2026-02-20 02:26:40,150 - INFO - Epoch [19/200] Train Loss: 0.8715, Train Acc: 68.75%, Val Loss: 0.7217, Val Acc: 71.68%
2026-02-20 02:27:04,516 - INFO - Epoch [20] Batch [0/17]                     Loss: 0.5469, Hard: 0.5855, Soft: -0.0386                     Acc: 75.00% LR: 0.000489                     Alpha: 0.5744425058364868                     Beta: -0.1916915625333786                     MemKD: 0.5212528109550476
2026-02-20 02:27:35,640 - INFO - Epoch [20/200] Train Loss: 0.8941, Train Acc: 66.91%, Val Loss: 0.7824, Val Acc: 70.48%
2026-02-20 02:27:35,672 - INFO - Checkpoint saved at epoch 20
2026-02-20 02:27:59,194 - INFO - Epoch [21] Batch [0/17]                     Loss: 0.9818, Hard: 0.9403, Soft: 0.0414                     Acc: 56.25% LR: 0.000488                     Alpha: 0.5744425058364868                     Beta: -0.20254944264888763                     MemKD: 0.5210996866226196
2026-02-20 02:28:29,738 - INFO - Epoch [21/200] Train Loss: 0.9199, Train Acc: 66.54%, Val Loss: 0.7832, Val Acc: 70.88%
2026-02-20 02:28:53,745 - INFO - Epoch [22] Batch [0/17]                     Loss: 0.9629, Hard: 0.9161, Soft: 0.0468                     Acc: 68.75% LR: 0.000487                     Alpha: 0.5744425058364868                     Beta: -0.21315167844295502                     MemKD: 0.5208930969238281
2026-02-20 02:29:24,153 - INFO - Epoch [22/200] Train Loss: 0.8477, Train Acc: 70.59%, Val Loss: 0.6725, Val Acc: 75.66%
2026-02-20 02:29:24,154 - INFO - Best model saved with accuracy: 75.66%
2026-02-20 02:29:47,795 - INFO - Epoch [23] Batch [0/17]                     Loss: 0.5971, Hard: 0.6292, Soft: -0.0320                     Acc: 81.25% LR: 0.000485                     Alpha: 0.5744425058364868                     Beta: -0.2235860675573349                     MemKD: 0.5205416679382324
2026-02-20 02:30:17,009 - INFO - Epoch [23/200] Train Loss: 0.7544, Train Acc: 72.43%, Val Loss: 1.0001, Val Acc: 61.04%
2026-02-20 02:30:40,675 - INFO - Epoch [24] Batch [0/17]                     Loss: 0.8038, Hard: 0.7909, Soft: 0.0130                     Acc: 75.00% LR: 0.000484                     Alpha: 0.5744425058364868                     Beta: -0.23411884903907776                     MemKD: 0.5199108719825745
2026-02-20 02:31:11,870 - INFO - Epoch [24/200] Train Loss: 0.7600, Train Acc: 69.49%, Val Loss: 0.6715, Val Acc: 74.20%
2026-02-20 02:31:34,505 - INFO - Epoch [25] Batch [0/17]                     Loss: 0.7861, Hard: 0.7743, Soft: 0.0118                     Acc: 75.00% LR: 0.000482                     Alpha: 0.5744425058364868                     Beta: -0.2447424978017807                     MemKD: 0.5190097093582153
2026-02-20 02:32:02,603 - INFO - Epoch [25/200] Train Loss: 0.8322, Train Acc: 68.38%, Val Loss: 0.7574, Val Acc: 71.81%
2026-02-20 02:32:25,296 - INFO - Epoch [26] Batch [0/17]                     Loss: 0.8696, Hard: 0.8618, Soft: 0.0078                     Acc: 75.00% LR: 0.000481                     Alpha: 0.5744425058364868                     Beta: -0.25497713685035706                     MemKD: 0.5180938243865967
2026-02-20 02:32:56,176 - INFO - Epoch [26/200] Train Loss: 0.7872, Train Acc: 70.59%, Val Loss: 0.6867, Val Acc: 74.07%
2026-02-20 02:33:19,437 - INFO - Epoch [27] Batch [0/17]                     Loss: 0.5241, Hard: 0.5854, Soft: -0.0612                     Acc: 75.00% LR: 0.000479                     Alpha: 0.5744425058364868                     Beta: -0.2648419141769409                     MemKD: 0.5172836184501648
2026-02-20 02:33:49,178 - INFO - Epoch [27/200] Train Loss: 0.7918, Train Acc: 67.28%, Val Loss: 0.7441, Val Acc: 69.55%
2026-02-20 02:34:12,390 - INFO - Epoch [28] Batch [0/17]                     Loss: 0.6593, Hard: 0.6800, Soft: -0.0206                     Acc: 75.00% LR: 0.000478                     Alpha: 0.5744425058364868                     Beta: -0.2748878300189972                     MemKD: 0.516035795211792
2026-02-20 02:34:42,628 - INFO - Epoch [28/200] Train Loss: 0.6602, Train Acc: 75.37%, Val Loss: 0.8822, Val Acc: 64.36%
2026-02-20 02:35:05,914 - INFO - Epoch [29] Batch [0/17]                     Loss: 0.7537, Hard: 0.7890, Soft: -0.0354                     Acc: 62.50% LR: 0.000476                     Alpha: 0.5744425058364868                     Beta: -0.2850404977798462                     MemKD: 0.5144868493080139
2026-02-20 02:35:36,049 - INFO - Epoch [29/200] Train Loss: 0.7835, Train Acc: 67.65%, Val Loss: 0.6629, Val Acc: 75.66%
2026-02-20 02:35:59,676 - INFO - Epoch [30] Batch [0/17]                     Loss: 0.9405, Hard: 0.9144, Soft: 0.0261                     Acc: 56.25% LR: 0.000475                     Alpha: 0.5744425058364868                     Beta: -0.29485732316970825                     MemKD: 0.5130541920661926
2026-02-20 02:36:30,713 - INFO - Epoch [30/200] Train Loss: 0.6427, Train Acc: 74.26%, Val Loss: 0.8154, Val Acc: 67.82%
2026-02-20 02:36:30,759 - INFO - Checkpoint saved at epoch 30
2026-02-20 02:36:54,883 - INFO - Epoch [31] Batch [0/17]                     Loss: 0.8437, Hard: 0.8374, Soft: 0.0064                     Acc: 68.75% LR: 0.000473                     Alpha: 0.5744425058364868                     Beta: -0.3048010468482971                     MemKD: 0.5113174915313721
2026-02-20 02:37:23,477 - INFO - Epoch [31/200] Train Loss: 0.6531, Train Acc: 71.69%, Val Loss: 0.6169, Val Acc: 75.93%
2026-02-20 02:37:23,477 - INFO - Best model saved with accuracy: 75.93%
2026-02-20 02:37:47,449 - INFO - Epoch [32] Batch [0/17]                     Loss: 0.6785, Hard: 0.7142, Soft: -0.0357                     Acc: 68.75% LR: 0.000471                     Alpha: 0.5744425058364868                     Beta: -0.31477200984954834                     MemKD: 0.5093536376953125
2026-02-20 02:38:16,957 - INFO - Epoch [32/200] Train Loss: 0.6183, Train Acc: 73.90%, Val Loss: 0.6065, Val Acc: 77.39%
2026-02-20 02:38:16,957 - INFO - Best model saved with accuracy: 77.39%
2026-02-20 02:38:39,503 - INFO - Epoch [33] Batch [0/17]                     Loss: 0.2036, Hard: 0.3616, Soft: -0.1580                     Acc: 93.75% LR: 0.000469                     Alpha: 0.5744425058364868                     Beta: -0.3247545063495636                     MemKD: 0.5072094202041626
2026-02-20 02:39:08,248 - INFO - Epoch [33/200] Train Loss: 0.6423, Train Acc: 71.69%, Val Loss: 0.7217, Val Acc: 72.21%
2026-02-20 02:39:31,631 - INFO - Epoch [34] Batch [0/17]                     Loss: 0.2945, Hard: 0.4555, Soft: -0.1610                     Acc: 81.25% LR: 0.000467                     Alpha: 0.5744425058364868                     Beta: -0.33469846844673157                     MemKD: 0.5048372745513916
2026-02-20 02:40:02,574 - INFO - Epoch [34/200] Train Loss: 0.6525, Train Acc: 72.79%, Val Loss: 0.8030, Val Acc: 69.95%
2026-02-20 02:40:26,649 - INFO - Epoch [35] Batch [0/17]                     Loss: 0.6115, Hard: 0.7069, Soft: -0.0954                     Acc: 56.25% LR: 0.000465                     Alpha: 0.5744425058364868                     Beta: -0.34422218799591064                     MemKD: 0.5026707649230957
2026-02-20 02:40:55,449 - INFO - Epoch [35/200] Train Loss: 0.7550, Train Acc: 67.65%, Val Loss: 0.6349, Val Acc: 75.53%
2026-02-20 02:41:19,071 - INFO - Epoch [36] Batch [0/17]                     Loss: 0.3421, Hard: 0.4953, Soft: -0.1532                     Acc: 81.25% LR: 0.000463                     Alpha: 0.5744425058364868                     Beta: -0.35353919863700867                     MemKD: 0.5006409883499146
2026-02-20 02:41:49,923 - INFO - Epoch [36/200] Train Loss: 0.4894, Train Acc: 76.47%, Val Loss: 0.7874, Val Acc: 69.68%
2026-02-20 02:42:13,822 - INFO - Epoch [37] Batch [0/17]                     Loss: 1.0310, Hard: 1.0079, Soft: 0.0231                     Acc: 62.50% LR: 0.000461                     Alpha: 0.5744425058364868                     Beta: -0.3631982207298279                     MemKD: 0.49820348620414734
2026-02-20 02:42:43,848 - INFO - Epoch [37/200] Train Loss: 0.4396, Train Acc: 79.78%, Val Loss: 0.6046, Val Acc: 77.39%
2026-02-20 02:43:07,793 - INFO - Epoch [38] Batch [0/17]                     Loss: 0.4245, Hard: 0.5650, Soft: -0.1404                     Acc: 75.00% LR: 0.000459                     Alpha: 0.5744425058364868                     Beta: -0.3732610046863556                     MemKD: 0.49526461958885193
2026-02-20 02:43:39,079 - INFO - Epoch [38/200] Train Loss: 0.5622, Train Acc: 73.90%, Val Loss: 0.7108, Val Acc: 73.80%
2026-02-20 02:44:02,058 - INFO - Epoch [39] Batch [0/17]                     Loss: 0.1388, Hard: 0.3074, Soft: -0.1686                     Acc: 93.75% LR: 0.000457                     Alpha: 0.5744425058364868                     Beta: -0.3830130398273468                     MemKD: 0.49244964122772217
2026-02-20 02:44:28,703 - INFO - Epoch [39/200] Train Loss: 0.4020, Train Acc: 82.35%, Val Loss: 0.6748, Val Acc: 72.34%
2026-02-20 02:44:51,934 - INFO - Epoch [40] Batch [0/17]                     Loss: 0.2098, Hard: 0.4075, Soft: -0.1977                     Acc: 87.50% LR: 0.000455                     Alpha: 0.5744425058364868                     Beta: -0.39275607466697693                     MemKD: 0.4895533323287964
2026-02-20 02:45:22,824 - INFO - Epoch [40/200] Train Loss: 0.6465, Train Acc: 73.53%, Val Loss: 0.6505, Val Acc: 73.27%
2026-02-20 02:45:22,858 - INFO - Checkpoint saved at epoch 40
2026-02-20 02:45:46,233 - INFO - Epoch [41] Batch [0/17]                     Loss: 0.0610, Hard: 0.2966, Soft: -0.2356                     Acc: 93.75% LR: 0.000452                     Alpha: 0.5744425058364868                     Beta: -0.4020799398422241                     MemKD: 0.48695850372314453
2026-02-20 02:46:15,472 - INFO - Epoch [41/200] Train Loss: 0.6461, Train Acc: 72.79%, Val Loss: 0.5608, Val Acc: 79.12%
2026-02-20 02:46:15,472 - INFO - Best model saved with accuracy: 79.12%
2026-02-20 02:46:39,456 - INFO - Epoch [42] Batch [0/17]                     Loss: 0.7315, Hard: 0.8326, Soft: -0.1012                     Acc: 56.25% LR: 0.000450                     Alpha: 0.5744425058364868                     Beta: -0.41117748618125916                     MemKD: 0.4845306873321533
2026-02-20 02:47:10,972 - INFO - Epoch [42/200] Train Loss: 0.5057, Train Acc: 75.00%, Val Loss: 0.5647, Val Acc: 79.12%
2026-02-20 02:47:33,659 - INFO - Epoch [43] Batch [0/17]                     Loss: 0.5491, Hard: 0.6712, Soft: -0.1221                     Acc: 75.00% LR: 0.000448                     Alpha: 0.5744425058364868                     Beta: -0.4203769862651825                     MemKD: 0.48191773891448975
2026-02-20 02:48:04,008 - INFO - Epoch [43/200] Train Loss: 0.4727, Train Acc: 75.00%, Val Loss: 0.8408, Val Acc: 69.95%
2026-02-20 02:48:27,482 - INFO - Epoch [44] Batch [0/17]                     Loss: 0.5113, Hard: 0.6515, Soft: -0.1402                     Acc: 81.25% LR: 0.000445                     Alpha: 0.5744425058364868                     Beta: -0.42955806851387024                     MemKD: 0.4792576730251312
2026-02-20 02:48:58,669 - INFO - Epoch [44/200] Train Loss: 0.4118, Train Acc: 79.78%, Val Loss: 0.5792, Val Acc: 77.66%
2026-02-20 02:49:23,275 - INFO - Epoch [45] Batch [0/17]                     Loss: 0.1127, Hard: 0.3676, Soft: -0.2549                     Acc: 87.50% LR: 0.000443                     Alpha: 0.5744425058364868                     Beta: -0.43885406851768494                     MemKD: 0.4763992130756378
2026-02-20 02:49:52,135 - INFO - Epoch [45/200] Train Loss: 0.4338, Train Acc: 77.94%, Val Loss: 0.6847, Val Acc: 72.87%
2026-02-20 02:50:15,841 - INFO - Epoch [46] Batch [0/17]                     Loss: 0.7499, Hard: 0.8359, Soft: -0.0860                     Acc: 68.75% LR: 0.000440                     Alpha: 0.5744425058364868                     Beta: -0.4482780694961548                     MemKD: 0.47336652874946594
2026-02-20 02:50:46,064 - INFO - Epoch [46/200] Train Loss: 0.3883, Train Acc: 79.41%, Val Loss: 0.5600, Val Acc: 77.39%
2026-02-20 02:51:08,389 - INFO - Epoch [47] Batch [0/17]                     Loss: 1.3383, Hard: 1.3994, Soft: -0.0612                     Acc: 62.50% LR: 0.000438                     Alpha: 0.5744425058364868                     Beta: -0.4573107659816742                     MemKD: 0.4706357717514038
2026-02-20 02:51:36,560 - INFO - Epoch [47/200] Train Loss: 0.4679, Train Acc: 75.74%, Val Loss: 0.6589, Val Acc: 74.20%
2026-02-20 02:52:00,076 - INFO - Epoch [48] Batch [0/17]                     Loss: 0.8969, Hard: 1.0228, Soft: -0.1259                     Acc: 62.50% LR: 0.000435                     Alpha: 0.5744425058364868                     Beta: -0.4662797451019287                     MemKD: 0.46786248683929443
2026-02-20 02:52:30,241 - INFO - Epoch [48/200] Train Loss: 0.4878, Train Acc: 75.74%, Val Loss: 0.5599, Val Acc: 78.86%
2026-02-20 02:52:52,537 - INFO - Epoch [49] Batch [0/17]                     Loss: 0.4003, Hard: 0.6250, Soft: -0.2247                     Acc: 75.00% LR: 0.000432                     Alpha: 0.5744425058364868                     Beta: -0.47517985105514526                     MemKD: 0.46511027216911316
2026-02-20 02:53:21,544 - INFO - Epoch [49/200] Train Loss: 0.4649, Train Acc: 76.47%, Val Loss: 0.5560, Val Acc: 78.72%
2026-02-20 02:53:43,931 - INFO - Epoch [50] Batch [0/17]                     Loss: 0.3291, Hard: 0.5613, Soft: -0.2322                     Acc: 75.00% LR: 0.000430                     Alpha: 0.5744425058364868                     Beta: -0.4840860962867737                     MemKD: 0.46232980489730835
2026-02-20 02:54:12,695 - INFO - Epoch [50/200] Train Loss: 0.3232, Train Acc: 78.31%, Val Loss: 0.5551, Val Acc: 78.99%
2026-02-20 02:54:12,741 - INFO - Checkpoint saved at epoch 50
2026-02-20 02:54:35,107 - INFO - Epoch [51] Batch [0/17]                     Loss: 0.1808, Hard: 0.4439, Soft: -0.2631                     Acc: 81.25% LR: 0.000427                     Alpha: 0.5744425058364868                     Beta: -0.4930841326713562                     MemKD: 0.45944109559059143
2026-02-20 02:55:05,373 - INFO - Epoch [51/200] Train Loss: 0.4103, Train Acc: 73.16%, Val Loss: 0.6817, Val Acc: 71.68%
2026-02-20 02:55:29,137 - INFO - Epoch [52] Batch [0/17]                     Loss: 0.3755, Hard: 0.6246, Soft: -0.2491                     Acc: 75.00% LR: 0.000424                     Alpha: 0.5744425058364868                     Beta: -0.5020002126693726                     MemKD: 0.45659783482551575
2026-02-20 02:55:59,308 - INFO - Epoch [52/200] Train Loss: 0.3284, Train Acc: 79.04%, Val Loss: 0.6543, Val Acc: 76.73%
2026-02-20 02:56:22,740 - INFO - Epoch [53] Batch [0/17]                     Loss: 0.4442, Hard: 0.6609, Soft: -0.2168                     Acc: 62.50% LR: 0.000421                     Alpha: 0.5744425058364868                     Beta: -0.5109018087387085                     MemKD: 0.45373377203941345
2026-02-20 02:56:50,740 - INFO - Epoch [53/200] Train Loss: 0.2384, Train Acc: 82.72%, Val Loss: 0.5601, Val Acc: 78.46%
2026-02-20 02:57:13,915 - INFO - Epoch [54] Batch [0/17]                     Loss: 0.0698, Hard: 0.3866, Soft: -0.3167                     Acc: 87.50% LR: 0.000418                     Alpha: 0.5744425058364868                     Beta: -0.5197579264640808                     MemKD: 0.45086610317230225
2026-02-20 02:57:43,947 - INFO - Epoch [54/200] Train Loss: 0.1999, Train Acc: 81.25%, Val Loss: 0.6275, Val Acc: 73.40%
2026-02-20 02:58:08,265 - INFO - Epoch [55] Batch [0/17]                     Loss: 0.2101, Hard: 0.5092, Soft: -0.2990                     Acc: 81.25% LR: 0.000415                     Alpha: 0.5744425058364868                     Beta: -0.5286862850189209                     MemKD: 0.4479183554649353
2026-02-20 02:58:37,147 - INFO - Epoch [55/200] Train Loss: 0.3254, Train Acc: 78.31%, Val Loss: 0.6156, Val Acc: 76.06%
2026-02-20 02:59:00,930 - INFO - Epoch [56] Batch [0/17]                     Loss: 0.0244, Hard: 0.3487, Soft: -0.3243                     Acc: 93.75% LR: 0.000412                     Alpha: 0.5744425058364868                     Beta: -0.5373194217681885                     MemKD: 0.44514068961143494
2026-02-20 02:59:31,488 - INFO - Epoch [56/200] Train Loss: 0.2497, Train Acc: 78.31%, Val Loss: 0.6240, Val Acc: 76.46%
2026-02-20 02:59:54,368 - INFO - Epoch [57] Batch [0/17]                     Loss: 0.0939, Hard: 0.4331, Soft: -0.3392                     Acc: 81.25% LR: 0.000409                     Alpha: 0.5744425058364868                     Beta: -0.5458362698554993                     MemKD: 0.44240909814834595
2026-02-20 03:00:21,758 - INFO - Epoch [57/200] Train Loss: 0.2539, Train Acc: 78.31%, Val Loss: 0.5878, Val Acc: 78.59%
2026-02-20 03:00:44,499 - INFO - Epoch [58] Batch [0/17]                     Loss: -0.0870, Hard: 0.2948, Soft: -0.3818                     Acc: 93.75% LR: 0.000406                     Alpha: 0.5744425058364868                     Beta: -0.5543501973152161                     MemKD: 0.43970105051994324
2026-02-20 03:01:14,479 - INFO - Epoch [58/200] Train Loss: 0.3178, Train Acc: 77.21%, Val Loss: 0.5343, Val Acc: 80.19%
2026-02-20 03:01:14,479 - INFO - Best model saved with accuracy: 80.19%
2026-02-20 03:01:37,770 - INFO - Epoch [59] Batch [0/17]                     Loss: 0.5599, Hard: 0.8337, Soft: -0.2738                     Acc: 75.00% LR: 0.000403                     Alpha: 0.5744425058364868                     Beta: -0.5626674890518188                     MemKD: 0.4371170401573181
2026-02-20 03:02:08,512 - INFO - Epoch [59/200] Train Loss: 0.1093, Train Acc: 85.29%, Val Loss: 0.6089, Val Acc: 77.79%
2026-02-20 03:02:32,293 - INFO - Epoch [60] Batch [0/17]                     Loss: 0.1577, Hard: 0.4539, Soft: -0.2962                     Acc: 87.50% LR: 0.000400                     Alpha: 0.5744425058364868                     Beta: -0.5711740851402283                     MemKD: 0.43437740206718445
2026-02-20 03:03:02,854 - INFO - Epoch [60/200] Train Loss: 0.2060, Train Acc: 79.78%, Val Loss: 0.4955, Val Acc: 81.38%
2026-02-20 03:03:02,855 - INFO - Best model saved with accuracy: 81.38%
2026-02-20 03:03:02,898 - INFO - Checkpoint saved at epoch 60
2026-02-20 03:03:25,393 - INFO - Epoch [61] Batch [0/17]                     Loss: -0.0998, Hard: 0.3370, Soft: -0.4368                     Acc: 93.75% LR: 0.000397                     Alpha: 0.5744425058364868                     Beta: -0.5796524286270142                     MemKD: 0.4316618740558624
2026-02-20 03:03:53,609 - INFO - Epoch [61/200] Train Loss: 0.4199, Train Acc: 74.26%, Val Loss: 0.5931, Val Acc: 77.13%
2026-02-20 03:04:16,309 - INFO - Epoch [62] Batch [0/17]                     Loss: -0.0857, Hard: 0.3335, Soft: -0.4192                     Acc: 93.75% LR: 0.000394                     Alpha: 0.5744425058364868                     Beta: -0.5877239108085632                     MemKD: 0.4291965067386627
2026-02-20 03:04:46,419 - INFO - Epoch [62/200] Train Loss: 0.2876, Train Acc: 77.57%, Val Loss: 0.5641, Val Acc: 79.52%
2026-02-20 03:05:09,175 - INFO - Epoch [63] Batch [0/17]                     Loss: 0.0721, Hard: 0.4790, Soft: -0.4069                     Acc: 81.25% LR: 0.000391                     Alpha: 0.5744425058364868                     Beta: -0.5956625938415527                     MemKD: 0.42678579688072205
2026-02-20 03:05:38,527 - INFO - Epoch [63/200] Train Loss: 0.1317, Train Acc: 81.25%, Val Loss: 0.5667, Val Acc: 78.06%
2026-02-20 03:06:01,752 - INFO - Epoch [64] Batch [0/17]                     Loss: 0.7910, Hard: 0.9997, Soft: -0.2087                     Acc: 56.25% LR: 0.000387                     Alpha: 0.5744425058364868                     Beta: -0.6037285327911377                     MemKD: 0.4242672026157379
2026-02-20 03:06:32,647 - INFO - Epoch [64/200] Train Loss: 0.2117, Train Acc: 78.31%, Val Loss: 0.7779, Val Acc: 72.61%
2026-02-20 03:06:56,410 - INFO - Epoch [65] Batch [0/17]                     Loss: -0.1282, Hard: 0.3062, Soft: -0.4344                     Acc: 87.50% LR: 0.000384                     Alpha: 0.5744425058364868                     Beta: -0.6117309331893921                     MemKD: 0.4217841327190399
2026-02-20 03:07:26,242 - INFO - Epoch [65/200] Train Loss: 0.1856, Train Acc: 78.68%, Val Loss: 0.5686, Val Acc: 77.66%
2026-02-20 03:07:49,513 - INFO - Epoch [66] Batch [0/17]                     Loss: -0.2241, Hard: 0.2438, Soft: -0.4679                     Acc: 93.75% LR: 0.000381                     Alpha: 0.5744425058364868                     Beta: -0.6196973323822021                     MemKD: 0.4193023443222046
2026-02-20 03:08:20,841 - INFO - Epoch [66/200] Train Loss: 0.0563, Train Acc: 83.09%, Val Loss: 0.5931, Val Acc: 79.12%
2026-02-20 03:08:44,168 - INFO - Epoch [67] Batch [0/17]                     Loss: -0.1093, Hard: 0.3552, Soft: -0.4645                     Acc: 87.50% LR: 0.000377                     Alpha: 0.5744425058364868                     Beta: -0.6277099847793579                     MemKD: 0.4167923629283905
2026-02-20 03:09:13,210 - INFO - Epoch [67/200] Train Loss: 0.1044, Train Acc: 80.51%, Val Loss: 0.6112, Val Acc: 75.00%
2026-02-20 03:09:35,842 - INFO - Epoch [68] Batch [0/17]                     Loss: 0.2314, Hard: 0.5734, Soft: -0.3420                     Acc: 75.00% LR: 0.000374                     Alpha: 0.5744425058364868                     Beta: -0.6355388760566711                     MemKD: 0.4143599569797516
2026-02-20 03:10:06,381 - INFO - Epoch [68/200] Train Loss: -0.0170, Train Acc: 83.82%, Val Loss: 0.4921, Val Acc: 80.59%
2026-02-20 03:10:29,267 - INFO - Epoch [69] Batch [0/17]                     Loss: -0.3535, Hard: 0.1694, Soft: -0.5229                     Acc: 100.00% LR: 0.000370                     Alpha: 0.5744425058364868                     Beta: -0.6434612274169922                     MemKD: 0.41186124086380005
2026-02-20 03:10:58,254 - INFO - Epoch [69/200] Train Loss: 0.1963, Train Acc: 78.68%, Val Loss: 0.9720, Val Acc: 67.02%
2026-02-20 03:11:21,582 - INFO - Epoch [70] Batch [0/17]                     Loss: 0.1699, Hard: 0.5744, Soft: -0.4045                     Acc: 81.25% LR: 0.000367                     Alpha: 0.5744425058364868                     Beta: -0.6511703133583069                     MemKD: 0.4094889461994171
2026-02-20 03:11:52,015 - INFO - Epoch [70/200] Train Loss: 0.0926, Train Acc: 83.46%, Val Loss: 0.6000, Val Acc: 76.86%
2026-02-20 03:11:52,077 - INFO - Checkpoint saved at epoch 70
2026-02-20 03:12:15,532 - INFO - Epoch [71] Batch [0/17]                     Loss: -0.0480, Hard: 0.3977, Soft: -0.4457                     Acc: 87.50% LR: 0.000363                     Alpha: 0.5744425058364868                     Beta: -0.6586101651191711                     MemKD: 0.40728792548179626
2026-02-20 03:12:46,851 - INFO - Epoch [71/200] Train Loss: 0.0320, Train Acc: 83.46%, Val Loss: 0.6868, Val Acc: 73.54%
2026-02-20 03:13:10,212 - INFO - Epoch [72] Batch [0/17]                     Loss: 0.2114, Hard: 0.6200, Soft: -0.4086                     Acc: 75.00% LR: 0.000360                     Alpha: 0.5744425058364868                     Beta: -0.6662325859069824                     MemKD: 0.4049651622772217
2026-02-20 03:13:40,843 - INFO - Epoch [72/200] Train Loss: 0.0721, Train Acc: 80.15%, Val Loss: 0.5885, Val Acc: 78.46%
2026-02-20 03:14:04,847 - INFO - Epoch [73] Batch [0/17]                     Loss: 0.5371, Hard: 0.9115, Soft: -0.3744                     Acc: 56.25% LR: 0.000356                     Alpha: 0.5744425058364868                     Beta: -0.6737041473388672                     MemKD: 0.40270736813545227
2026-02-20 03:14:34,271 - INFO - Epoch [73/200] Train Loss: -0.0759, Train Acc: 84.19%, Val Loss: 0.5704, Val Acc: 78.32%
2026-02-20 03:14:58,372 - INFO - Epoch [74] Batch [0/17]                     Loss: -0.1239, Hard: 0.3752, Soft: -0.4991                     Acc: 87.50% LR: 0.000353                     Alpha: 0.5744425058364868                     Beta: -0.6812258958816528                     MemKD: 0.40041717886924744
2026-02-20 03:15:28,863 - INFO - Epoch [74/200] Train Loss: -0.0919, Train Acc: 85.29%, Val Loss: 0.5099, Val Acc: 79.65%
2026-02-20 03:15:52,280 - INFO - Epoch [75] Batch [0/17]                     Loss: -0.2383, Hard: 0.2944, Soft: -0.5327                     Acc: 93.75% LR: 0.000349                     Alpha: 0.5744425058364868                     Beta: -0.6888317465782166                     MemKD: 0.39807435870170593
2026-02-20 03:16:20,378 - INFO - Epoch [75/200] Train Loss: -0.0973, Train Acc: 85.66%, Val Loss: 0.6368, Val Acc: 75.00%
2026-02-20 03:16:43,899 - INFO - Epoch [76] Batch [0/17]                     Loss: -0.2041, Hard: 0.3082, Soft: -0.5124                     Acc: 93.75% LR: 0.000346                     Alpha: 0.5744425058364868                     Beta: -0.6962623596191406                     MemKD: 0.3958112299442291
2026-02-20 03:17:14,531 - INFO - Epoch [76/200] Train Loss: -0.0493, Train Acc: 84.56%, Val Loss: 0.5939, Val Acc: 78.19%
2026-02-20 03:17:38,230 - INFO - Epoch [77] Batch [0/17]                     Loss: -0.1338, Hard: 0.3905, Soft: -0.5243                     Acc: 81.25% LR: 0.000342                     Alpha: 0.5744425058364868                     Beta: -0.7035122513771057                     MemKD: 0.3936415910720825
2026-02-20 03:18:08,166 - INFO - Epoch [77/200] Train Loss: -0.0575, Train Acc: 81.62%, Val Loss: 0.4665, Val Acc: 83.24%
2026-02-20 03:18:08,167 - INFO - Best model saved with accuracy: 83.24%
2026-02-20 03:18:32,103 - INFO - Epoch [78] Batch [0/17]                     Loss: -0.2752, Hard: 0.3154, Soft: -0.5906                     Acc: 81.25% LR: 0.000338                     Alpha: 0.5744425058364868                     Beta: -0.7106986045837402                     MemKD: 0.3914899230003357
2026-02-20 03:19:02,980 - INFO - Epoch [78/200] Train Loss: -0.1998, Train Acc: 88.60%, Val Loss: 0.4224, Val Acc: 84.04%
2026-02-20 03:19:02,980 - INFO - Best model saved with accuracy: 84.04%
2026-02-20 03:19:27,431 - INFO - Epoch [79] Batch [0/17]                     Loss: 0.0005, Hard: 0.4921, Soft: -0.4916                     Acc: 81.25% LR: 0.000335                     Alpha: 0.5744425058364868                     Beta: -0.7178102731704712                     MemKD: 0.38936516642570496
2026-02-20 03:19:56,157 - INFO - Epoch [79/200] Train Loss: -0.0508, Train Acc: 81.25%, Val Loss: 0.4711, Val Acc: 82.98%
2026-02-20 03:20:18,943 - INFO - Epoch [80] Batch [0/17]                     Loss: -0.1097, Hard: 0.4391, Soft: -0.5488                     Acc: 81.25% LR: 0.000331                     Alpha: 0.5744425058364868                     Beta: -0.7247926592826843                     MemKD: 0.38731369376182556
2026-02-20 03:20:49,449 - INFO - Epoch [80/200] Train Loss: -0.0114, Train Acc: 83.09%, Val Loss: 0.5831, Val Acc: 76.06%
2026-02-20 03:20:49,500 - INFO - Checkpoint saved at epoch 80
2026-02-20 03:21:12,505 - INFO - Epoch [81] Batch [0/17]                     Loss: -0.0189, Hard: 0.4655, Soft: -0.4844                     Acc: 75.00% LR: 0.000327                     Alpha: 0.5744425058364868                     Beta: -0.7315421104431152                     MemKD: 0.3853747546672821
2026-02-20 03:21:41,281 - INFO - Epoch [81/200] Train Loss: -0.0570, Train Acc: 82.35%, Val Loss: 0.4332, Val Acc: 84.31%
2026-02-20 03:21:41,282 - INFO - Best model saved with accuracy: 84.31%
2026-02-20 03:22:04,192 - INFO - Epoch [82] Batch [0/17]                     Loss: -0.2346, Hard: 0.3231, Soft: -0.5577                     Acc: 93.75% LR: 0.000324                     Alpha: 0.5744425058364868                     Beta: -0.7381308674812317                     MemKD: 0.38349688053131104
2026-02-20 03:22:34,697 - INFO - Epoch [82/200] Train Loss: -0.0090, Train Acc: 79.04%, Val Loss: 0.5642, Val Acc: 79.39%
2026-02-20 03:22:58,253 - INFO - Epoch [83] Batch [0/17]                     Loss: -0.2553, Hard: 0.3130, Soft: -0.5683                     Acc: 87.50% LR: 0.000320                     Alpha: 0.5744425058364868                     Beta: -0.7446752190589905                     MemKD: 0.38163822889328003
2026-02-20 03:23:27,887 - INFO - Epoch [83/200] Train Loss: -0.0887, Train Acc: 84.56%, Val Loss: 0.5240, Val Acc: 80.72%
2026-02-20 03:23:51,753 - INFO - Epoch [84] Batch [0/17]                     Loss: -0.0159, Hard: 0.4778, Soft: -0.4937                     Acc: 75.00% LR: 0.000316                     Alpha: 0.5744425058364868                     Beta: -0.7511897087097168                     MemKD: 0.3798024356365204
2026-02-20 03:24:23,422 - INFO - Epoch [84/200] Train Loss: -0.1144, Train Acc: 83.82%, Val Loss: 0.4993, Val Acc: 80.72%
2026-02-20 03:24:47,370 - INFO - Epoch [85] Batch [0/17]                     Loss: -0.0134, Hard: 0.5092, Soft: -0.5227                     Acc: 81.25% LR: 0.000312                     Alpha: 0.5744425058364868                     Beta: -0.7576801180839539                     MemKD: 0.3779531419277191
2026-02-20 03:25:17,026 - INFO - Epoch [85/200] Train Loss: -0.0355, Train Acc: 81.62%, Val Loss: 0.4998, Val Acc: 82.31%
2026-02-20 03:25:41,402 - INFO - Epoch [86] Batch [0/17]                     Loss: -0.2781, Hard: 0.2935, Soft: -0.5716                     Acc: 93.75% LR: 0.000308                     Alpha: 0.5744425058364868                     Beta: -0.7639561891555786                     MemKD: 0.3761913478374481
2026-02-20 03:26:12,804 - INFO - Epoch [86/200] Train Loss: -0.0938, Train Acc: 82.35%, Val Loss: 0.6726, Val Acc: 75.93%
2026-02-20 03:26:36,225 - INFO - Epoch [87] Batch [0/17]                     Loss: -0.3392, Hard: 0.3008, Soft: -0.6399                     Acc: 87.50% LR: 0.000305                     Alpha: 0.5744425058364868                     Beta: -0.7701583504676819                     MemKD: 0.3744592070579529
2026-02-20 03:27:04,963 - INFO - Epoch [87/200] Train Loss: -0.1177, Train Acc: 83.46%, Val Loss: 0.4733, Val Acc: 82.18%
2026-02-20 03:27:27,900 - INFO - Epoch [88] Batch [0/17]                     Loss: -0.2615, Hard: 0.3348, Soft: -0.5963                     Acc: 87.50% LR: 0.000301                     Alpha: 0.5744425058364868                     Beta: -0.7762724161148071                     MemKD: 0.3727567195892334
2026-02-20 03:27:58,187 - INFO - Epoch [88/200] Train Loss: -0.2904, Train Acc: 87.50%, Val Loss: 0.5090, Val Acc: 80.98%
2026-02-20 03:28:22,209 - INFO - Epoch [89] Batch [0/17]                     Loss: -0.3372, Hard: 0.2898, Soft: -0.6270                     Acc: 87.50% LR: 0.000297                     Alpha: 0.5744425058364868                     Beta: -0.7824894785881042                     MemKD: 0.370992511510849
2026-02-20 03:28:51,526 - INFO - Epoch [89/200] Train Loss: -0.2107, Train Acc: 86.03%, Val Loss: 0.4830, Val Acc: 81.25%
2026-02-20 03:29:15,280 - INFO - Epoch [90] Batch [0/17]                     Loss: -0.3485, Hard: 0.3013, Soft: -0.6498                     Acc: 87.50% LR: 0.000293                     Alpha: 0.5744425058364868                     Beta: -0.7886165380477905                     MemKD: 0.36925727128982544
2026-02-20 03:29:46,940 - INFO - Epoch [90/200] Train Loss: -0.1882, Train Acc: 84.93%, Val Loss: 1.0034, Val Acc: 65.96%
2026-02-20 03:29:46,983 - INFO - Checkpoint saved at epoch 90
2026-02-20 03:30:11,039 - INFO - Epoch [91] Batch [0/17]                     Loss: -0.0035, Hard: 0.5712, Soft: -0.5748                     Acc: 81.25% LR: 0.000289                     Alpha: 0.5744425058364868                     Beta: -0.7946335077285767                     MemKD: 0.36757999658584595
2026-02-20 03:30:40,134 - INFO - Epoch [91/200] Train Loss: -0.1931, Train Acc: 82.72%, Val Loss: 0.5679, Val Acc: 78.59%
2026-02-20 03:31:02,891 - INFO - Epoch [92] Batch [0/17]                     Loss: -0.3168, Hard: 0.3011, Soft: -0.6178                     Acc: 93.75% LR: 0.000285                     Alpha: 0.5744425058364868                     Beta: -0.8005068898200989                     MemKD: 0.36595985293388367
2026-02-20 03:31:33,506 - INFO - Epoch [92/200] Train Loss: -0.3110, Train Acc: 87.50%, Val Loss: 0.6541, Val Acc: 76.60%
2026-02-20 03:31:57,211 - INFO - Epoch [93] Batch [0/17]                     Loss: -0.3220, Hard: 0.2975, Soft: -0.6195                     Acc: 81.25% LR: 0.000281                     Alpha: 0.5744425058364868                     Beta: -0.8064078092575073                     MemKD: 0.36431804299354553
2026-02-20 03:32:27,010 - INFO - Epoch [93/200] Train Loss: -0.2178, Train Acc: 84.93%, Val Loss: 0.4118, Val Acc: 84.97%
2026-02-20 03:32:27,010 - INFO - Best model saved with accuracy: 84.97%
2026-02-20 03:32:50,735 - INFO - Epoch [94] Batch [0/17]                     Loss: -0.4730, Hard: 0.2207, Soft: -0.6937                     Acc: 100.00% LR: 0.000277                     Alpha: 0.5744425058364868                     Beta: -0.8121902942657471                     MemKD: 0.3627145290374756
2026-02-20 03:33:20,086 - INFO - Epoch [94/200] Train Loss: -0.2961, Train Acc: 86.76%, Val Loss: 0.5429, Val Acc: 79.92%
2026-02-20 03:33:43,752 - INFO - Epoch [95] Batch [0/17]                     Loss: 0.0263, Hard: 0.5284, Soft: -0.5020                     Acc: 75.00% LR: 0.000274                     Alpha: 0.5744425058364868                     Beta: -0.8178648948669434                     MemKD: 0.36115762591362
2026-02-20 03:34:13,582 - INFO - Epoch [95/200] Train Loss: -0.3203, Train Acc: 88.24%, Val Loss: 0.3846, Val Acc: 86.57%
2026-02-20 03:34:13,582 - INFO - Best model saved with accuracy: 86.57%
2026-02-20 03:34:37,743 - INFO - Epoch [96] Batch [0/17]                     Loss: -0.6022, Hard: 0.1303, Soft: -0.7325                     Acc: 100.00% LR: 0.000270                     Alpha: 0.5744425058364868                     Beta: -0.8234277963638306                     MemKD: 0.3596372604370117
2026-02-20 03:35:09,220 - INFO - Epoch [96/200] Train Loss: -0.3138, Train Acc: 88.24%, Val Loss: 0.7504, Val Acc: 75.53%
2026-02-20 03:35:33,708 - INFO - Epoch [97] Batch [0/17]                     Loss: -0.1005, Hard: 0.4868, Soft: -0.5873                     Acc: 81.25% LR: 0.000266                     Alpha: 0.5744425058364868                     Beta: -0.8289294242858887                     MemKD: 0.3581378757953644
2026-02-20 03:36:03,986 - INFO - Epoch [97/200] Train Loss: -0.3090, Train Acc: 85.29%, Val Loss: 0.4889, Val Acc: 81.78%
2026-02-20 03:36:28,131 - INFO - Epoch [98] Batch [0/17]                     Loss: -0.2812, Hard: 0.3701, Soft: -0.6513                     Acc: 81.25% LR: 0.000262                     Alpha: 0.5744425058364868                     Beta: -0.8343780040740967                     MemKD: 0.3566582500934601
2026-02-20 03:36:58,934 - INFO - Epoch [98/200] Train Loss: -0.3162, Train Acc: 84.93%, Val Loss: 0.5120, Val Acc: 81.78%
2026-02-20 03:37:22,843 - INFO - Epoch [99] Batch [0/17]                     Loss: -0.4757, Hard: 0.2458, Soft: -0.7214                     Acc: 87.50% LR: 0.000258                     Alpha: 0.5744425058364868                     Beta: -0.8397024869918823                     MemKD: 0.35522040724754333
2026-02-20 03:37:53,287 - INFO - Epoch [99/200] Train Loss: -0.4121, Train Acc: 88.60%, Val Loss: 0.4434, Val Acc: 83.64%
2026-02-20 03:38:16,661 - INFO - Epoch [100] Batch [0/17]                     Loss: -0.6740, Hard: 0.1312, Soft: -0.8052                     Acc: 100.00% LR: 0.000254                     Alpha: 0.5744425058364868                     Beta: -0.8450339436531067                     MemKD: 0.3537784516811371
2026-02-20 03:38:48,131 - INFO - Epoch [100/200] Train Loss: -0.2584, Train Acc: 84.19%, Val Loss: 0.4123, Val Acc: 84.44%
2026-02-20 03:38:48,160 - INFO - Checkpoint saved at epoch 100
2026-02-20 03:39:11,519 - INFO - Epoch [101] Batch [0/17]                     Loss: -0.2424, Hard: 0.4389, Soft: -0.6813                     Acc: 87.50% LR: 0.000250                     Alpha: 0.5744425058364868                     Beta: -0.8501880168914795                     MemKD: 0.35240408778190613
2026-02-20 03:39:40,158 - INFO - Epoch [101/200] Train Loss: -0.3133, Train Acc: 87.50%, Val Loss: 0.4268, Val Acc: 84.44%
2026-02-20 03:40:03,439 - INFO - Epoch [102] Batch [0/17]                     Loss: -0.6426, Hard: 0.1212, Soft: -0.7639                     Acc: 100.00% LR: 0.000246                     Alpha: 0.5744425058364868                     Beta: -0.8552373051643372                     MemKD: 0.35107314586639404
2026-02-20 03:40:34,046 - INFO - Epoch [102/200] Train Loss: -0.3545, Train Acc: 86.03%, Val Loss: 0.5376, Val Acc: 79.52%
2026-02-20 03:40:57,462 - INFO - Epoch [103] Batch [0/17]                     Loss: -0.4633, Hard: 0.2860, Soft: -0.7492                     Acc: 93.75% LR: 0.000242                     Alpha: 0.5744425058364868                     Beta: -0.8602021932601929                     MemKD: 0.3497590720653534
2026-02-20 03:41:27,513 - INFO - Epoch [103/200] Train Loss: -0.3525, Train Acc: 87.13%, Val Loss: 0.4597, Val Acc: 84.44%
2026-02-20 03:41:51,247 - INFO - Epoch [104] Batch [0/17]                     Loss: -0.6091, Hard: 0.1775, Soft: -0.7866                     Acc: 93.75% LR: 0.000238                     Alpha: 0.5744425058364868                     Beta: -0.8650633692741394                     MemKD: 0.34847718477249146
2026-02-20 03:42:22,381 - INFO - Epoch [104/200] Train Loss: -0.3879, Train Acc: 88.60%, Val Loss: 0.4623, Val Acc: 82.05%
2026-02-20 03:42:45,716 - INFO - Epoch [105] Batch [0/17]                     Loss: -0.3456, Hard: 0.4112, Soft: -0.7568                     Acc: 87.50% LR: 0.000234                     Alpha: 0.5744425058364868                     Beta: -0.8698623180389404                     MemKD: 0.3472230136394501
2026-02-20 03:43:14,871 - INFO - Epoch [105/200] Train Loss: -0.3408, Train Acc: 87.13%, Val Loss: 0.3984, Val Acc: 85.37%
2026-02-20 03:43:39,034 - INFO - Epoch [106] Batch [0/17]                     Loss: -0.4027, Hard: 0.3411, Soft: -0.7438                     Acc: 87.50% LR: 0.000230                     Alpha: 0.5744425058364868                     Beta: -0.874606728553772                     MemKD: 0.3459860682487488
2026-02-20 03:44:09,990 - INFO - Epoch [106/200] Train Loss: -0.3670, Train Acc: 88.60%, Val Loss: 0.4811, Val Acc: 83.11%
2026-02-20 03:44:33,416 - INFO - Epoch [107] Batch [0/17]                     Loss: -0.4283, Hard: 0.3254, Soft: -0.7537                     Acc: 87.50% LR: 0.000226                     Alpha: 0.5744425058364868                     Beta: -0.8792155981063843                     MemKD: 0.34479600191116333
2026-02-20 03:45:02,226 - INFO - Epoch [107/200] Train Loss: -0.3733, Train Acc: 86.03%, Val Loss: 0.7538, Val Acc: 74.60%
2026-02-20 03:45:25,430 - INFO - Epoch [108] Batch [0/17]                     Loss: -0.6870, Hard: 0.1493, Soft: -0.8363                     Acc: 100.00% LR: 0.000223                     Alpha: 0.5744425058364868                     Beta: -0.8837646842002869                     MemKD: 0.3436199426651001
2026-02-20 03:45:54,030 - INFO - Epoch [108/200] Train Loss: -0.4430, Train Acc: 88.60%, Val Loss: 0.4294, Val Acc: 85.24%
2026-02-20 03:46:16,562 - INFO - Epoch [109] Batch [0/17]                     Loss: -0.3265, Hard: 0.4038, Soft: -0.7302                     Acc: 75.00% LR: 0.000219                     Alpha: 0.5744425058364868                     Beta: -0.8882578015327454                     MemKD: 0.34245574474334717
2026-02-20 03:46:45,556 - INFO - Epoch [109/200] Train Loss: -0.4629, Train Acc: 86.40%, Val Loss: 0.4169, Val Acc: 85.11%
2026-02-20 03:47:08,976 - INFO - Epoch [110] Batch [0/17]                     Loss: -0.7831, Hard: 0.0793, Soft: -0.8624                     Acc: 100.00% LR: 0.000215                     Alpha: 0.5744425058364868                     Beta: -0.8926507234573364                     MemKD: 0.34132543206214905
2026-02-20 03:47:39,912 - INFO - Epoch [110/200] Train Loss: -0.5261, Train Acc: 90.07%, Val Loss: 0.4773, Val Acc: 81.25%
2026-02-20 03:47:39,961 - INFO - Checkpoint saved at epoch 110
2026-02-20 03:48:03,990 - INFO - Epoch [111] Batch [0/17]                     Loss: -0.2622, Hard: 0.4337, Soft: -0.6959                     Acc: 81.25% LR: 0.000211                     Alpha: 0.5744425058364868                     Beta: -0.8970162868499756                     MemKD: 0.34019410610198975
2026-02-20 03:48:34,269 - INFO - Epoch [111/200] Train Loss: -0.4493, Train Acc: 87.50%, Val Loss: 0.4792, Val Acc: 82.31%
2026-02-20 03:48:57,900 - INFO - Epoch [112] Batch [0/17]                     Loss: -0.3795, Hard: 0.3395, Soft: -0.7190                     Acc: 87.50% LR: 0.000207                     Alpha: 0.5744425058364868                     Beta: -0.9012762308120728                     MemKD: 0.3390967547893524
2026-02-20 03:49:27,639 - INFO - Epoch [112/200] Train Loss: -0.3398, Train Acc: 85.29%, Val Loss: 0.4034, Val Acc: 85.77%
2026-02-20 03:49:50,614 - INFO - Epoch [113] Batch [0/17]                     Loss: -0.6912, Hard: 0.1835, Soft: -0.8748                     Acc: 93.75% LR: 0.000203                     Alpha: 0.5744425058364868                     Beta: -0.9053373336791992                     MemKD: 0.33807530999183655
2026-02-20 03:50:21,330 - INFO - Epoch [113/200] Train Loss: -0.3558, Train Acc: 85.29%, Val Loss: 0.4558, Val Acc: 83.24%
2026-02-20 03:50:45,037 - INFO - Epoch [114] Batch [0/17]                     Loss: -0.5908, Hard: 0.2070, Soft: -0.7978                     Acc: 93.75% LR: 0.000199                     Alpha: 0.5744425058364868                     Beta: -0.9093113541603088                     MemKD: 0.33708372712135315
2026-02-20 03:51:15,057 - INFO - Epoch [114/200] Train Loss: -0.4126, Train Acc: 87.87%, Val Loss: 0.4734, Val Acc: 83.78%
2026-02-20 03:51:36,881 - INFO - Epoch [115] Batch [0/17]                     Loss: -0.3926, Hard: 0.3638, Soft: -0.7563                     Acc: 81.25% LR: 0.000195                     Alpha: 0.5744425058364868                     Beta: -0.9132094383239746                     MemKD: 0.3361075222492218
2026-02-20 03:52:06,573 - INFO - Epoch [115/200] Train Loss: -0.3546, Train Acc: 85.66%, Val Loss: 0.4805, Val Acc: 81.78%
2026-02-20 03:52:29,688 - INFO - Epoch [116] Batch [0/17]                     Loss: 0.0669, Hard: 0.6934, Soft: -0.6264                     Acc: 68.75% LR: 0.000192                     Alpha: 0.5744425058364868                     Beta: -0.9170336723327637                     MemKD: 0.33515268564224243
2026-02-20 03:52:59,677 - INFO - Epoch [116/200] Train Loss: -0.4357, Train Acc: 87.87%, Val Loss: 0.5319, Val Acc: 79.65%
2026-02-20 03:53:23,007 - INFO - Epoch [117] Batch [0/17]                     Loss: -0.5090, Hard: 0.3141, Soft: -0.8231                     Acc: 87.50% LR: 0.000188                     Alpha: 0.5744425058364868                     Beta: -0.9207513928413391                     MemKD: 0.3342314660549164
2026-02-20 03:53:53,419 - INFO - Epoch [117/200] Train Loss: -0.4328, Train Acc: 86.76%, Val Loss: 0.4096, Val Acc: 84.84%
2026-02-20 03:54:17,592 - INFO - Epoch [118] Batch [0/17]                     Loss: -0.3428, Hard: 0.4101, Soft: -0.7530                     Acc: 81.25% LR: 0.000184                     Alpha: 0.5744425058364868                     Beta: -0.924429714679718                     MemKD: 0.3333145081996918
2026-02-20 03:54:48,226 - INFO - Epoch [118/200] Train Loss: -0.4468, Train Acc: 87.87%, Val Loss: 0.5857, Val Acc: 80.85%
2026-02-20 03:55:11,141 - INFO - Epoch [119] Batch [0/17]                     Loss: -0.5762, Hard: 0.2874, Soft: -0.8635                     Acc: 87.50% LR: 0.000180                     Alpha: 0.5744425058364868                     Beta: -0.9280270934104919                     MemKD: 0.3324199318885803
2026-02-20 03:55:41,611 - INFO - Epoch [119/200] Train Loss: -0.5425, Train Acc: 89.34%, Val Loss: 0.5215, Val Acc: 81.38%
2026-02-20 03:56:05,768 - INFO - Epoch [120] Batch [0/17]                     Loss: -0.6389, Hard: 0.2476, Soft: -0.8865                     Acc: 87.50% LR: 0.000176                     Alpha: 0.5744425058364868                     Beta: -0.931585967540741                     MemKD: 0.33153200149536133
2026-02-20 03:56:35,971 - INFO - Epoch [120/200] Train Loss: -0.5409, Train Acc: 89.71%, Val Loss: 0.4103, Val Acc: 84.44%
2026-02-20 03:56:36,020 - INFO - Checkpoint saved at epoch 120
2026-02-20 03:56:59,807 - INFO - Epoch [121] Batch [0/17]                     Loss: -0.6228, Hard: 0.2419, Soft: -0.8647                     Acc: 87.50% LR: 0.000173                     Alpha: 0.5744425058364868                     Beta: -0.9350970983505249                     MemKD: 0.33065423369407654
2026-02-20 03:57:30,398 - INFO - Epoch [121/200] Train Loss: -0.5078, Train Acc: 87.87%, Val Loss: 0.5310, Val Acc: 80.72%
2026-02-20 03:57:54,857 - INFO - Epoch [122] Batch [0/17]                     Loss: -0.5029, Hard: 0.2857, Soft: -0.7885                     Acc: 93.75% LR: 0.000169                     Alpha: 0.5744425058364868                     Beta: -0.9385152459144592                     MemKD: 0.3298020362854004
2026-02-20 03:58:24,196 - INFO - Epoch [122/200] Train Loss: -0.4930, Train Acc: 88.97%, Val Loss: 0.4681, Val Acc: 80.59%
2026-02-20 03:58:47,415 - INFO - Epoch [123] Batch [0/17]                     Loss: -0.3204, Hard: 0.4275, Soft: -0.7479                     Acc: 81.25% LR: 0.000165                     Alpha: 0.5744425058364868                     Beta: -0.9418321251869202                     MemKD: 0.32898199558258057
2026-02-20 03:59:17,969 - INFO - Epoch [123/200] Train Loss: -0.4372, Train Acc: 86.76%, Val Loss: 0.3675, Val Acc: 86.57%
2026-02-20 03:59:42,428 - INFO - Epoch [124] Batch [0/17]                     Loss: -0.6377, Hard: 0.2241, Soft: -0.8618                     Acc: 93.75% LR: 0.000162                     Alpha: 0.5744425058364868                     Beta: -0.9450287222862244                     MemKD: 0.32820218801498413
2026-02-20 04:00:12,140 - INFO - Epoch [124/200] Train Loss: -0.4738, Train Acc: 88.60%, Val Loss: 0.4466, Val Acc: 83.91%
2026-02-20 04:00:36,156 - INFO - Epoch [125] Batch [0/17]                     Loss: -0.3420, Hard: 0.4189, Soft: -0.7609                     Acc: 75.00% LR: 0.000158                     Alpha: 0.5744425058364868                     Beta: -0.9481585621833801                     MemKD: 0.3274366557598114
2026-02-20 04:01:06,841 - INFO - Epoch [125/200] Train Loss: -0.4505, Train Acc: 85.66%, Val Loss: 0.3964, Val Acc: 86.17%
2026-02-20 04:01:31,118 - INFO - Epoch [126] Batch [0/17]                     Loss: -0.4195, Hard: 0.4160, Soft: -0.8355                     Acc: 75.00% LR: 0.000154                     Alpha: 0.5744425058364868                     Beta: -0.9511650800704956                     MemKD: 0.3267100155353546
2026-02-20 04:02:01,002 - INFO - Epoch [126/200] Train Loss: -0.4471, Train Acc: 86.76%, Val Loss: 0.5576, Val Acc: 80.32%
2026-02-20 04:02:24,796 - INFO - Epoch [127] Batch [0/17]                     Loss: -0.5903, Hard: 0.2620, Soft: -0.8523                     Acc: 93.75% LR: 0.000151                     Alpha: 0.5744425058364868                     Beta: -0.9541234374046326                     MemKD: 0.3259948492050171
2026-02-20 04:02:54,802 - INFO - Epoch [127/200] Train Loss: -0.5915, Train Acc: 92.28%, Val Loss: 0.3692, Val Acc: 85.37%
2026-02-20 04:03:18,087 - INFO - Epoch [128] Batch [0/17]                     Loss: -0.4496, Hard: 0.3777, Soft: -0.8273                     Acc: 93.75% LR: 0.000147                     Alpha: 0.5744425058364868                     Beta: -0.9570401310920715                     MemKD: 0.3252883553504944
2026-02-20 04:03:47,086 - INFO - Epoch [128/200] Train Loss: -0.5273, Train Acc: 88.97%, Val Loss: 0.5350, Val Acc: 79.79%
2026-02-20 04:04:09,550 - INFO - Epoch [129] Batch [0/17]                     Loss: -0.3314, Hard: 0.4401, Soft: -0.7715                     Acc: 87.50% LR: 0.000144                     Alpha: 0.5744425058364868                     Beta: -0.9599215984344482                     MemKD: 0.32458505034446716
2026-02-20 04:04:40,504 - INFO - Epoch [129/200] Train Loss: -0.5497, Train Acc: 88.60%, Val Loss: 0.4393, Val Acc: 83.38%
2026-02-20 04:05:04,630 - INFO - Epoch [130] Batch [0/17]                     Loss: -0.6176, Hard: 0.2526, Soft: -0.8702                     Acc: 87.50% LR: 0.000140                     Alpha: 0.5744425058364868                     Beta: -0.9627151489257812                     MemKD: 0.32390865683555603
2026-02-20 04:05:34,877 - INFO - Epoch [130/200] Train Loss: -0.5739, Train Acc: 89.34%, Val Loss: 0.4109, Val Acc: 85.77%
2026-02-20 04:05:34,926 - INFO - Checkpoint saved at epoch 130
2026-02-20 04:05:57,407 - INFO - Epoch [131] Batch [0/17]                     Loss: -0.4162, Hard: 0.3621, Soft: -0.7783                     Acc: 93.75% LR: 0.000137                     Alpha: 0.5744425058364868                     Beta: -0.9654626846313477                     MemKD: 0.32324302196502686
2026-02-20 04:06:28,009 - INFO - Epoch [131/200] Train Loss: -0.5658, Train Acc: 88.60%, Val Loss: 0.3898, Val Acc: 86.17%
2026-02-20 04:06:51,493 - INFO - Epoch [132] Batch [0/17]                     Loss: -0.3994, Hard: 0.3957, Soft: -0.7952                     Acc: 81.25% LR: 0.000133                     Alpha: 0.5744425058364868                     Beta: -0.9680982232093811                     MemKD: 0.3226073980331421
2026-02-20 04:07:21,393 - INFO - Epoch [132/200] Train Loss: -0.5258, Train Acc: 88.24%, Val Loss: 0.4070, Val Acc: 85.51%
2026-02-20 04:07:44,197 - INFO - Epoch [133] Batch [0/17]                     Loss: -0.8609, Hard: 0.1084, Soft: -0.9693                     Acc: 100.00% LR: 0.000130                     Alpha: 0.5744425058364868                     Beta: -0.9706616997718811                     MemKD: 0.32199186086654663
2026-02-20 04:08:14,827 - INFO - Epoch [133/200] Train Loss: -0.6064, Train Acc: 90.44%, Val Loss: 0.3712, Val Acc: 86.84%
2026-02-20 04:08:14,827 - INFO - Best model saved with accuracy: 86.84%
2026-02-20 04:08:38,900 - INFO - Epoch [134] Batch [0/17]                     Loss: -0.5201, Hard: 0.3172, Soft: -0.8373                     Acc: 81.25% LR: 0.000126                     Alpha: 0.5744425058364868                     Beta: -0.9731884002685547                     MemKD: 0.3213854432106018
2026-02-20 04:09:09,180 - INFO - Epoch [134/200] Train Loss: -0.6532, Train Acc: 90.07%, Val Loss: 0.3697, Val Acc: 86.84%
2026-02-20 04:09:32,766 - INFO - Epoch [135] Batch [0/17]                     Loss: -0.6804, Hard: 0.2534, Soft: -0.9338                     Acc: 87.50% LR: 0.000123                     Alpha: 0.5744425058364868                     Beta: -0.9756449460983276                     MemKD: 0.3207968473434448
2026-02-20 04:10:02,654 - INFO - Epoch [135/200] Train Loss: -0.5997, Train Acc: 90.07%, Val Loss: 0.4061, Val Acc: 85.11%
2026-02-20 04:10:27,243 - INFO - Epoch [136] Batch [0/17]                     Loss: -0.4506, Hard: 0.3963, Soft: -0.8470                     Acc: 87.50% LR: 0.000119                     Alpha: 0.5744425058364868                     Beta: -0.978046715259552                     MemKD: 0.32022160291671753
2026-02-20 04:10:56,480 - INFO - Epoch [136/200] Train Loss: -0.5909, Train Acc: 88.97%, Val Loss: 0.3663, Val Acc: 85.90%
2026-02-20 04:11:20,001 - INFO - Epoch [137] Batch [0/17]                     Loss: -0.6534, Hard: 0.2269, Soft: -0.8803                     Acc: 87.50% LR: 0.000116                     Alpha: 0.5744425058364868                     Beta: -0.9803321361541748                     MemKD: 0.31967973709106445
2026-02-20 04:11:50,824 - INFO - Epoch [137/200] Train Loss: -0.5339, Train Acc: 87.13%, Val Loss: 0.3616, Val Acc: 87.23%
2026-02-20 04:11:50,825 - INFO - Best model saved with accuracy: 87.23%
2026-02-20 04:12:14,510 - INFO - Epoch [138] Batch [0/17]                     Loss: -0.7726, Hard: 0.1954, Soft: -0.9680                     Acc: 93.75% LR: 0.000113                     Alpha: 0.5744425058364868                     Beta: -0.9825491905212402                     MemKD: 0.319154292345047
2026-02-20 04:12:44,478 - INFO - Epoch [138/200] Train Loss: -0.5977, Train Acc: 88.97%, Val Loss: 0.3711, Val Acc: 85.64%
2026-02-20 04:13:08,323 - INFO - Epoch [139] Batch [0/17]                     Loss: -0.4704, Hard: 0.4134, Soft: -0.8838                     Acc: 87.50% LR: 0.000109                     Alpha: 0.5744425058364868                     Beta: -0.9846993088722229                     MemKD: 0.31864529848098755
2026-02-20 04:13:39,922 - INFO - Epoch [139/200] Train Loss: -0.5523, Train Acc: 87.13%, Val Loss: 0.4012, Val Acc: 86.04%
2026-02-20 04:14:02,805 - INFO - Epoch [140] Batch [0/17]                     Loss: -0.6081, Hard: 0.3039, Soft: -0.9120                     Acc: 81.25% LR: 0.000106                     Alpha: 0.5744425058364868                     Beta: -0.9867933988571167                     MemKD: 0.31815236806869507
2026-02-20 04:14:31,976 - INFO - Epoch [140/200] Train Loss: -0.6340, Train Acc: 88.60%, Val Loss: 0.3405, Val Acc: 87.23%
2026-02-20 04:14:32,023 - INFO - Checkpoint saved at epoch 140
2026-02-20 04:14:55,666 - INFO - Epoch [141] Batch [0/17]                     Loss: -0.9756, Hard: 0.0572, Soft: -1.0327                     Acc: 100.00% LR: 0.000103                     Alpha: 0.5744425058364868                     Beta: -0.9888208508491516                     MemKD: 0.31767547130584717
2026-02-20 04:15:25,738 - INFO - Epoch [141/200] Train Loss: -0.6128, Train Acc: 90.44%, Val Loss: 0.4105, Val Acc: 85.64%
2026-02-20 04:15:49,301 - INFO - Epoch [142] Batch [0/17]                     Loss: -0.9267, Hard: 0.0439, Soft: -0.9706                     Acc: 100.00% LR: 0.000100                     Alpha: 0.5744425058364868                     Beta: -0.9908080697059631                     MemKD: 0.3172077238559723
2026-02-20 04:16:17,518 - INFO - Epoch [142/200] Train Loss: -0.6538, Train Acc: 89.34%, Val Loss: 0.3817, Val Acc: 86.17%
2026-02-20 04:16:40,767 - INFO - Epoch [143] Batch [0/17]                     Loss: -0.7918, Hard: 0.1741, Soft: -0.9658                     Acc: 93.75% LR: 0.000097                     Alpha: 0.5744425058364868                     Beta: -0.9927248358726501                     MemKD: 0.31675636768341064
2026-02-20 04:17:10,748 - INFO - Epoch [143/200] Train Loss: -0.5825, Train Acc: 88.24%, Val Loss: 0.4183, Val Acc: 84.57%
2026-02-20 04:17:33,327 - INFO - Epoch [144] Batch [0/17]                     Loss: -0.8170, Hard: 0.1742, Soft: -0.9912                     Acc: 100.00% LR: 0.000094                     Alpha: 0.5744425058364868                     Beta: -0.9945803880691528                     MemKD: 0.316321462392807
2026-02-20 04:18:00,393 - INFO - Epoch [144/200] Train Loss: -0.6603, Train Acc: 91.18%, Val Loss: 0.3691, Val Acc: 86.44%
2026-02-20 04:18:23,215 - INFO - Epoch [145] Batch [0/17]                     Loss: -0.6120, Hard: 0.2707, Soft: -0.8827                     Acc: 87.50% LR: 0.000091                     Alpha: 0.5744425058364868                     Beta: -0.9963680505752563                     MemKD: 0.31590408086776733
2026-02-20 04:18:52,658 - INFO - Epoch [145/200] Train Loss: -0.6600, Train Acc: 90.81%, Val Loss: 0.3719, Val Acc: 86.84%
2026-02-20 04:19:15,756 - INFO - Epoch [146] Batch [0/17]                     Loss: -0.4445, Hard: 0.3874, Soft: -0.8319                     Acc: 87.50% LR: 0.000088                     Alpha: 0.5744425058364868                     Beta: -0.9980828762054443                     MemKD: 0.3155054450035095
2026-02-20 04:19:43,671 - INFO - Epoch [146/200] Train Loss: -0.5446, Train Acc: 86.03%, Val Loss: 0.4147, Val Acc: 84.31%
2026-02-20 04:20:06,136 - INFO - Epoch [147] Batch [0/17]                     Loss: -0.7818, Hard: 0.1768, Soft: -0.9586                     Acc: 87.50% LR: 0.000085                     Alpha: 0.5744425058364868                     Beta: -0.9997416734695435                     MemKD: 0.3151204288005829
2026-02-20 04:20:33,869 - INFO - Epoch [147/200] Train Loss: -0.5962, Train Acc: 86.03%, Val Loss: 0.3620, Val Acc: 86.44%
2026-02-20 04:20:58,100 - INFO - Epoch [148] Batch [0/17]                     Loss: -0.8460, Hard: 0.1651, Soft: -1.0112                     Acc: 93.75% LR: 0.000082                     Alpha: 0.5744425058364868                     Beta: -1.0013359785079956                     MemKD: 0.31475281715393066
2026-02-20 04:21:26,886 - INFO - Epoch [148/200] Train Loss: -0.6909, Train Acc: 90.07%, Val Loss: 0.4082, Val Acc: 85.24%
2026-02-20 04:21:50,387 - INFO - Epoch [149] Batch [0/17]                     Loss: -0.8252, Hard: 0.1540, Soft: -0.9792                     Acc: 100.00% LR: 0.000079                     Alpha: 0.5744425058364868                     Beta: -1.0028986930847168                     MemKD: 0.31438833475112915
2026-02-20 04:22:18,208 - INFO - Epoch [149/200] Train Loss: -0.7044, Train Acc: 91.18%, Val Loss: 0.3557, Val Acc: 86.17%
2026-02-20 04:22:40,384 - INFO - Epoch [150] Batch [0/17]                     Loss: -0.9323, Hard: 0.1144, Soft: -1.0467                     Acc: 100.00% LR: 0.000076                     Alpha: 0.5744425058364868                     Beta: -1.0043928623199463                     MemKD: 0.31404080986976624
2026-02-20 04:23:09,846 - INFO - Epoch [150/200] Train Loss: -0.6707, Train Acc: 90.44%, Val Loss: 0.4130, Val Acc: 84.71%
2026-02-20 04:23:09,891 - INFO - Checkpoint saved at epoch 150
2026-02-20 04:23:32,968 - INFO - Epoch [151] Batch [0/17]                     Loss: -0.6408, Hard: 0.3052, Soft: -0.9460                     Acc: 81.25% LR: 0.000073                     Alpha: 0.5744425058364868                     Beta: -1.005843997001648                     MemKD: 0.3137030601501465
2026-02-20 04:24:01,721 - INFO - Epoch [151/200] Train Loss: -0.7361, Train Acc: 92.28%, Val Loss: 0.3714, Val Acc: 87.10%
2026-02-20 04:24:23,641 - INFO - Epoch [152] Batch [0/17]                     Loss: -0.7189, Hard: 0.2014, Soft: -0.9202                     Acc: 93.75% LR: 0.000070                     Alpha: 0.5744425058364868                     Beta: -1.007237434387207                     MemKD: 0.31337982416152954
2026-02-20 04:24:53,396 - INFO - Epoch [152/200] Train Loss: -0.7351, Train Acc: 91.54%, Val Loss: 0.3646, Val Acc: 86.57%
2026-02-20 04:25:16,889 - INFO - Epoch [153] Batch [0/17]                     Loss: -0.7593, Hard: 0.1755, Soft: -0.9348                     Acc: 93.75% LR: 0.000068                     Alpha: 0.5744425058364868                     Beta: -1.0085902214050293                     MemKD: 0.3130655884742737
2026-02-20 04:25:45,167 - INFO - Epoch [153/200] Train Loss: -0.6522, Train Acc: 90.07%, Val Loss: 0.3697, Val Acc: 86.30%
2026-02-20 04:26:07,667 - INFO - Epoch [154] Batch [0/17]                     Loss: -0.7257, Hard: 0.2181, Soft: -0.9437                     Acc: 93.75% LR: 0.000065                     Alpha: 0.5744425058364868                     Beta: -1.0098724365234375                     MemKD: 0.31276971101760864
2026-02-20 04:26:37,207 - INFO - Epoch [154/200] Train Loss: -0.7335, Train Acc: 91.18%, Val Loss: 0.3734, Val Acc: 85.77%
2026-02-20 04:27:00,328 - INFO - Epoch [155] Batch [0/17]                     Loss: -0.9336, Hard: 0.0755, Soft: -1.0091                     Acc: 100.00% LR: 0.000062                     Alpha: 0.5744425058364868                     Beta: -1.011104941368103                     MemKD: 0.31248512864112854
2026-02-20 04:27:28,021 - INFO - Epoch [155/200] Train Loss: -0.7532, Train Acc: 91.91%, Val Loss: 0.3755, Val Acc: 87.23%
2026-02-20 04:27:50,910 - INFO - Epoch [156] Batch [0/17]                     Loss: -0.8099, Hard: 0.1854, Soft: -0.9954                     Acc: 93.75% LR: 0.000060                     Alpha: 0.5744425058364868                     Beta: -1.012298345565796                     MemKD: 0.3122086524963379
2026-02-20 04:28:20,469 - INFO - Epoch [156/200] Train Loss: -0.6890, Train Acc: 89.71%, Val Loss: 0.3603, Val Acc: 87.37%
2026-02-20 04:28:20,469 - INFO - Best model saved with accuracy: 87.37%
2026-02-20 04:28:44,149 - INFO - Epoch [157] Batch [0/17]                     Loss: -0.7602, Hard: 0.1883, Soft: -0.9485                     Acc: 93.75% LR: 0.000057                     Alpha: 0.5744425058364868                     Beta: -1.0134329795837402                     MemKD: 0.31194841861724854
2026-02-20 04:29:11,839 - INFO - Epoch [157/200] Train Loss: -0.7020, Train Acc: 88.60%, Val Loss: 0.3955, Val Acc: 85.90%
2026-02-20 04:29:34,861 - INFO - Epoch [158] Batch [0/17]                     Loss: -0.6056, Hard: 0.3302, Soft: -0.9358                     Acc: 75.00% LR: 0.000055                     Alpha: 0.5744425058364868                     Beta: -1.0145161151885986                     MemKD: 0.3117005527019501
2026-02-20 04:30:03,938 - INFO - Epoch [158/200] Train Loss: -0.6186, Train Acc: 89.34%, Val Loss: 0.3640, Val Acc: 87.23%
2026-02-20 04:30:27,214 - INFO - Epoch [159] Batch [0/17]                     Loss: -0.9624, Hard: 0.0826, Soft: -1.0450                     Acc: 100.00% LR: 0.000052                     Alpha: 0.5744425058364868                     Beta: -1.0155235528945923                     MemKD: 0.31147220730781555
2026-02-20 04:30:55,245 - INFO - Epoch [159/200] Train Loss: -0.6479, Train Acc: 90.07%, Val Loss: 0.3716, Val Acc: 86.84%
2026-02-20 04:31:18,730 - INFO - Epoch [160] Batch [0/17]                     Loss: -0.8919, Hard: 0.1072, Soft: -0.9991                     Acc: 100.00% LR: 0.000050                     Alpha: 0.5744425058364868                     Beta: -1.0164926052093506                     MemKD: 0.3112514615058899
2026-02-20 04:31:48,661 - INFO - Epoch [160/200] Train Loss: -0.6644, Train Acc: 90.07%, Val Loss: 0.4008, Val Acc: 85.90%
2026-02-20 04:31:48,708 - INFO - Checkpoint saved at epoch 160
2026-02-20 04:32:11,749 - INFO - Epoch [161] Batch [0/17]                     Loss: -0.6020, Hard: 0.3270, Soft: -0.9290                     Acc: 87.50% LR: 0.000048                     Alpha: 0.5744425058364868                     Beta: -1.0174126625061035                     MemKD: 0.3110423684120178
2026-02-20 04:32:39,017 - INFO - Epoch [161/200] Train Loss: -0.6806, Train Acc: 88.97%, Val Loss: 0.3686, Val Acc: 86.17%
2026-02-20 04:33:02,090 - INFO - Epoch [162] Batch [0/17]                     Loss: -0.8509, Hard: 0.1587, Soft: -1.0096                     Acc: 93.75% LR: 0.000045                     Alpha: 0.5744425058364868                     Beta: -1.0182983875274658                     MemKD: 0.31084102392196655
2026-02-20 04:33:31,397 - INFO - Epoch [162/200] Train Loss: -0.7631, Train Acc: 91.18%, Val Loss: 0.3759, Val Acc: 87.63%
2026-02-20 04:33:31,398 - INFO - Best model saved with accuracy: 87.63%
2026-02-20 04:33:54,020 - INFO - Epoch [163] Batch [0/17]                     Loss: -0.6971, Hard: 0.2798, Soft: -0.9769                     Acc: 93.75% LR: 0.000043                     Alpha: 0.5744425058364868                     Beta: -1.0191508531570435                     MemKD: 0.310647189617157
2026-02-20 04:34:22,470 - INFO - Epoch [163/200] Train Loss: -0.8018, Train Acc: 93.75%, Val Loss: 0.3680, Val Acc: 86.44%
2026-02-20 04:34:45,266 - INFO - Epoch [164] Batch [0/17]                     Loss: -0.9325, Hard: 0.1032, Soft: -1.0357                     Acc: 100.00% LR: 0.000041                     Alpha: 0.5744425058364868                     Beta: -1.0199748277664185                     MemKD: 0.3104574978351593
2026-02-20 04:35:13,351 - INFO - Epoch [164/200] Train Loss: -0.7604, Train Acc: 92.65%, Val Loss: 0.3626, Val Acc: 87.10%
2026-02-20 04:35:34,297 - INFO - Epoch [165] Batch [0/17]                     Loss: -0.4048, Hard: 0.4240, Soft: -0.8288                     Acc: 87.50% LR: 0.000039                     Alpha: 0.5744425058364868                     Beta: -1.0207451581954956                     MemKD: 0.31028199195861816
2026-02-20 04:36:03,839 - INFO - Epoch [165/200] Train Loss: -0.7493, Train Acc: 92.28%, Val Loss: 0.3635, Val Acc: 86.57%
2026-02-20 04:36:28,023 - INFO - Epoch [166] Batch [0/17]                     Loss: -0.7941, Hard: 0.2026, Soft: -0.9967                     Acc: 93.75% LR: 0.000037                     Alpha: 0.5744425058364868                     Beta: -1.021474003791809                     MemKD: 0.31011638045310974
2026-02-20 04:36:57,654 - INFO - Epoch [166/200] Train Loss: -0.7600, Train Acc: 91.91%, Val Loss: 0.3777, Val Acc: 86.17%
2026-02-20 04:37:20,110 - INFO - Epoch [167] Batch [0/17]                     Loss: -0.8014, Hard: 0.1953, Soft: -0.9967                     Acc: 87.50% LR: 0.000035                     Alpha: 0.5744425058364868                     Beta: -1.0221624374389648                     MemKD: 0.30996012687683105
2026-02-20 04:37:50,228 - INFO - Epoch [167/200] Train Loss: -0.6915, Train Acc: 90.81%, Val Loss: 0.3826, Val Acc: 86.57%
2026-02-20 04:38:14,375 - INFO - Epoch [168] Batch [0/17]                     Loss: -0.9722, Hard: 0.0918, Soft: -1.0640                     Acc: 93.75% LR: 0.000033                     Alpha: 0.5744425058364868                     Beta: -1.0228044986724854                     MemKD: 0.3098154664039612
2026-02-20 04:38:42,881 - INFO - Epoch [168/200] Train Loss: -0.6419, Train Acc: 90.07%, Val Loss: 0.3690, Val Acc: 86.57%
2026-02-20 04:39:04,806 - INFO - Epoch [169] Batch [0/17]                     Loss: -0.6511, Hard: 0.3130, Soft: -0.9641                     Acc: 87.50% LR: 0.000031                     Alpha: 0.5744425058364868                     Beta: -1.0234004259109497                     MemKD: 0.3096822500228882
2026-02-20 04:39:34,452 - INFO - Epoch [169/200] Train Loss: -0.7523, Train Acc: 93.01%, Val Loss: 0.3585, Val Acc: 85.77%
2026-02-20 04:39:56,625 - INFO - Epoch [170] Batch [0/17]                     Loss: -0.7786, Hard: 0.1968, Soft: -0.9754                     Acc: 93.75% LR: 0.000029                     Alpha: 0.5744425058364868                     Beta: -1.0239722728729248                     MemKD: 0.3095532953739166
2026-02-20 04:40:24,339 - INFO - Epoch [170/200] Train Loss: -0.7265, Train Acc: 91.54%, Val Loss: 0.3746, Val Acc: 86.84%
2026-02-20 04:40:24,385 - INFO - Checkpoint saved at epoch 170
2026-02-20 04:40:46,602 - INFO - Epoch [171] Batch [0/17]                     Loss: -0.9723, Hard: 0.0909, Soft: -1.0632                     Acc: 100.00% LR: 0.000027                     Alpha: 0.5744425058364868                     Beta: -1.0245065689086914                     MemKD: 0.30943307280540466
2026-02-20 04:41:15,826 - INFO - Epoch [171/200] Train Loss: -0.7381, Train Acc: 91.54%, Val Loss: 0.3575, Val Acc: 86.30%
2026-02-20 04:41:38,623 - INFO - Epoch [172] Batch [0/17]                     Loss: -0.8016, Hard: 0.1992, Soft: -1.0008                     Acc: 93.75% LR: 0.000025                     Alpha: 0.5744425058364868                     Beta: -1.025010585784912                     MemKD: 0.3093194365501404
2026-02-20 04:42:06,792 - INFO - Epoch [172/200] Train Loss: -0.6768, Train Acc: 88.97%, Val Loss: 0.3469, Val Acc: 87.10%
2026-02-20 04:42:29,920 - INFO - Epoch [173] Batch [0/17]                     Loss: -0.5361, Hard: 0.3562, Soft: -0.8922                     Acc: 81.25% LR: 0.000024                     Alpha: 0.5744425058364868                     Beta: -1.0254765748977661                     MemKD: 0.3092151880264282
2026-02-20 04:42:59,841 - INFO - Epoch [173/200] Train Loss: -0.6394, Train Acc: 90.07%, Val Loss: 0.3502, Val Acc: 87.37%
2026-02-20 04:43:22,266 - INFO - Epoch [174] Batch [0/17]                     Loss: -0.6917, Hard: 0.3002, Soft: -0.9919                     Acc: 87.50% LR: 0.000022                     Alpha: 0.5744425058364868                     Beta: -1.0259085893630981                     MemKD: 0.3091188967227936
2026-02-20 04:43:49,302 - INFO - Epoch [174/200] Train Loss: -0.7198, Train Acc: 91.91%, Val Loss: 0.3724, Val Acc: 86.17%
2026-02-20 04:44:11,591 - INFO - Epoch [175] Batch [0/17]                     Loss: -0.7612, Hard: 0.2372, Soft: -0.9984                     Acc: 81.25% LR: 0.000021                     Alpha: 0.5744425058364868                     Beta: -1.0263086557388306                     MemKD: 0.3090299069881439
2026-02-20 04:44:41,106 - INFO - Epoch [175/200] Train Loss: -0.7143, Train Acc: 88.24%, Val Loss: 0.3461, Val Acc: 87.10%
2026-02-20 04:45:04,580 - INFO - Epoch [176] Batch [0/17]                     Loss: -0.6987, Hard: 0.2920, Soft: -0.9907                     Acc: 81.25% LR: 0.000019                     Alpha: 0.5744425058364868                     Beta: -1.026685357093811                     MemKD: 0.308945894241333
2026-02-20 04:45:33,661 - INFO - Epoch [176/200] Train Loss: -0.7265, Train Acc: 90.81%, Val Loss: 0.3574, Val Acc: 86.97%
2026-02-20 04:45:56,844 - INFO - Epoch [177] Batch [0/17]                     Loss: -0.5913, Hard: 0.3440, Soft: -0.9353                     Acc: 87.50% LR: 0.000018                     Alpha: 0.5744425058364868                     Beta: -1.0270336866378784                     MemKD: 0.3088681101799011
2026-02-20 04:46:25,737 - INFO - Epoch [177/200] Train Loss: -0.6272, Train Acc: 88.60%, Val Loss: 0.3492, Val Acc: 87.90%
2026-02-20 04:46:25,738 - INFO - Best model saved with accuracy: 87.90%
2026-02-20 04:46:47,735 - INFO - Epoch [178] Batch [0/17]                     Loss: -0.8989, Hard: 0.1088, Soft: -1.0077                     Acc: 100.00% LR: 0.000016                     Alpha: 0.5744425058364868                     Beta: -1.0273529291152954                     MemKD: 0.3087970018386841
2026-02-20 04:47:15,807 - INFO - Epoch [178/200] Train Loss: -0.8142, Train Acc: 92.65%, Val Loss: 0.3485, Val Acc: 86.70%
2026-02-20 04:47:38,757 - INFO - Epoch [179] Batch [0/17]                     Loss: -0.6607, Hard: 0.2711, Soft: -0.9317                     Acc: 93.75% LR: 0.000015                     Alpha: 0.5744425058364868                     Beta: -1.0276514291763306                     MemKD: 0.3087301552295685
2026-02-20 04:48:07,706 - INFO - Epoch [179/200] Train Loss: -0.6110, Train Acc: 88.97%, Val Loss: 0.3401, Val Acc: 87.77%
2026-02-20 04:48:29,075 - INFO - Epoch [180] Batch [0/17]                     Loss: -0.7500, Hard: 0.2125, Soft: -0.9625                     Acc: 93.75% LR: 0.000013                     Alpha: 0.5744425058364868                     Beta: -1.0279182195663452                     MemKD: 0.30867090821266174
2026-02-20 04:48:56,720 - INFO - Epoch [180/200] Train Loss: -0.7351, Train Acc: 91.54%, Val Loss: 0.3527, Val Acc: 87.23%
2026-02-20 04:48:56,769 - INFO - Checkpoint saved at epoch 180
2026-02-20 04:49:20,622 - INFO - Epoch [181] Batch [0/17]                     Loss: -0.5921, Hard: 0.3160, Soft: -0.9080                     Acc: 93.75% LR: 0.000012                     Alpha: 0.5744425058364868                     Beta: -1.028160810470581                     MemKD: 0.3086170256137848
2026-02-20 04:49:49,260 - INFO - Epoch [181/200] Train Loss: -0.8119, Train Acc: 93.75%, Val Loss: 0.3516, Val Acc: 87.90%
2026-02-20 04:50:11,161 - INFO - Epoch [182] Batch [0/17]                     Loss: -0.7399, Hard: 0.2419, Soft: -0.9819                     Acc: 93.75% LR: 0.000011                     Alpha: 0.5744425058364868                     Beta: -1.0283845663070679                     MemKD: 0.3085668683052063
2026-02-20 04:50:40,058 - INFO - Epoch [182/200] Train Loss: -0.6788, Train Acc: 88.60%, Val Loss: 0.3466, Val Acc: 87.23%
2026-02-20 04:51:03,126 - INFO - Epoch [183] Batch [0/17]                     Loss: -0.7366, Hard: 0.2550, Soft: -0.9917                     Acc: 87.50% LR: 0.000010                     Alpha: 0.5744425058364868                     Beta: -1.028585433959961                     MemKD: 0.30852213501930237
2026-02-20 04:51:32,084 - INFO - Epoch [183/200] Train Loss: -0.7025, Train Acc: 88.60%, Val Loss: 0.3479, Val Acc: 87.50%
2026-02-20 04:51:53,640 - INFO - Epoch [184] Batch [0/17]                     Loss: -0.4998, Hard: 0.3891, Soft: -0.8889                     Acc: 87.50% LR: 0.000009                     Alpha: 0.5744425058364868                     Beta: -1.028765082359314                     MemKD: 0.30848246812820435
2026-02-20 04:52:23,200 - INFO - Epoch [184/200] Train Loss: -0.7716, Train Acc: 91.18%, Val Loss: 0.3414, Val Acc: 87.63%
2026-02-20 04:52:45,841 - INFO - Epoch [185] Batch [0/17]                     Loss: -0.4399, Hard: 0.3552, Soft: -0.7951                     Acc: 87.50% LR: 0.000008                     Alpha: 0.5744425058364868                     Beta: -1.028927206993103                     MemKD: 0.30844634771347046
2026-02-20 04:53:13,244 - INFO - Epoch [185/200] Train Loss: -0.7220, Train Acc: 90.44%, Val Loss: 0.3544, Val Acc: 86.57%
2026-02-20 04:53:35,184 - INFO - Epoch [186] Batch [0/17]                     Loss: -0.4887, Hard: 0.4422, Soft: -0.9309                     Acc: 87.50% LR: 0.000007                     Alpha: 0.5744425058364868                     Beta: -1.0290703773498535                     MemKD: 0.30841460824012756
2026-02-20 04:54:04,462 - INFO - Epoch [186/200] Train Loss: -0.6127, Train Acc: 88.97%, Val Loss: 0.3283, Val Acc: 87.23%
2026-02-20 04:54:28,483 - INFO - Epoch [187] Batch [0/17]                     Loss: -0.8084, Hard: 0.1896, Soft: -0.9980                     Acc: 87.50% LR: 0.000006                     Alpha: 0.5744425058364868                     Beta: -1.0291932821273804                     MemKD: 0.3083875775337219
2026-02-20 04:54:57,002 - INFO - Epoch [187/200] Train Loss: -0.7756, Train Acc: 92.28%, Val Loss: 0.3389, Val Acc: 87.90%
2026-02-20 04:55:18,443 - INFO - Epoch [188] Batch [0/17]                     Loss: -0.4933, Hard: 0.4600, Soft: -0.9533                     Acc: 81.25% LR: 0.000005                     Alpha: 0.5744425058364868                     Beta: -1.0293018817901611                     MemKD: 0.30836352705955505
2026-02-20 04:55:48,936 - INFO - Epoch [188/200] Train Loss: -0.7369, Train Acc: 91.18%, Val Loss: 0.3377, Val Acc: 87.23%
2026-02-20 04:56:12,062 - INFO - Epoch [189] Batch [0/17]                     Loss: -0.4222, Hard: 0.4512, Soft: -0.8734                     Acc: 87.50% LR: 0.000004                     Alpha: 0.5744425058364868                     Beta: -1.0293959379196167                     MemKD: 0.30834275484085083
2026-02-20 04:56:40,552 - INFO - Epoch [189/200] Train Loss: -0.6863, Train Acc: 88.24%, Val Loss: 0.3463, Val Acc: 87.90%
2026-02-20 04:57:03,071 - INFO - Epoch [190] Batch [0/17]                     Loss: -0.8570, Hard: 0.1435, Soft: -1.0006                     Acc: 93.75% LR: 0.000004                     Alpha: 0.5744425058364868                     Beta: -1.0294766426086426                     MemKD: 0.30832502245903015
2026-02-20 04:57:32,263 - INFO - Epoch [190/200] Train Loss: -0.6945, Train Acc: 89.71%, Val Loss: 0.3351, Val Acc: 87.63%
2026-02-20 04:57:32,309 - INFO - Checkpoint saved at epoch 190
2026-02-20 04:57:55,002 - INFO - Epoch [191] Batch [0/17]                     Loss: -0.7207, Hard: 0.2628, Soft: -0.9836                     Acc: 93.75% LR: 0.000003                     Alpha: 0.5744425058364868                     Beta: -1.0295430421829224                     MemKD: 0.30831044912338257
2026-02-20 04:58:22,423 - INFO - Epoch [191/200] Train Loss: -0.7714, Train Acc: 93.01%, Val Loss: 0.3350, Val Acc: 88.03%
2026-02-20 04:58:22,423 - INFO - Best model saved with accuracy: 88.03%
2026-02-20 04:58:45,930 - INFO - Epoch [192] Batch [0/17]                     Loss: -0.7923, Hard: 0.1965, Soft: -0.9888                     Acc: 93.75% LR: 0.000002                     Alpha: 0.5744425058364868                     Beta: -1.0295988321304321                     MemKD: 0.3082982003688812
2026-02-20 04:59:15,033 - INFO - Epoch [192/200] Train Loss: -0.7775, Train Acc: 92.65%, Val Loss: 0.3304, Val Acc: 87.77%
2026-02-20 04:59:37,117 - INFO - Epoch [193] Batch [0/17]                     Loss: -0.8148, Hard: 0.1631, Soft: -0.9779                     Acc: 93.75% LR: 0.000002                     Alpha: 0.5744425058364868                     Beta: -1.0296436548233032                     MemKD: 0.30828821659088135
2026-02-20 05:00:04,854 - INFO - Epoch [193/200] Train Loss: -0.7640, Train Acc: 93.01%, Val Loss: 0.3486, Val Acc: 87.77%
2026-02-20 05:00:28,467 - INFO - Epoch [194] Batch [0/17]                     Loss: -0.2250, Hard: 0.5637, Soft: -0.7887                     Acc: 75.00% LR: 0.000002                     Alpha: 0.5744425058364868                     Beta: -1.0296800136566162                     MemKD: 0.3082803189754486
2026-02-20 05:00:57,918 - INFO - Epoch [194/200] Train Loss: -0.7132, Train Acc: 90.07%, Val Loss: 0.3458, Val Acc: 87.63%
2026-02-20 05:01:19,894 - INFO - Epoch [195] Batch [0/17]                     Loss: -0.4266, Hard: 0.4985, Soft: -0.9251                     Acc: 81.25% LR: 0.000001                     Alpha: 0.5744425058364868                     Beta: -1.029706358909607                     MemKD: 0.30827444791793823
2026-02-20 05:01:48,428 - INFO - Epoch [195/200] Train Loss: -0.7419, Train Acc: 90.81%, Val Loss: 0.3542, Val Acc: 86.97%
2026-02-20 05:02:12,301 - INFO - Epoch [196] Batch [0/17]                     Loss: -1.0256, Hard: 0.0576, Soft: -1.0832                     Acc: 100.00% LR: 0.000001                     Alpha: 0.5744425058364868                     Beta: -1.0297266244888306                     MemKD: 0.30827009677886963
2026-02-20 05:02:41,411 - INFO - Epoch [196/200] Train Loss: -0.8151, Train Acc: 92.65%, Val Loss: 0.3544, Val Acc: 86.84%
2026-02-20 05:03:04,185 - INFO - Epoch [197] Batch [0/17]                     Loss: -0.9530, Hard: 0.0914, Soft: -1.0445                     Acc: 93.75% LR: 0.000000                     Alpha: 0.5744425058364868                     Beta: -1.029740810394287                     MemKD: 0.30826708674430847
2026-02-20 05:03:34,220 - INFO - Epoch [197/200] Train Loss: -0.7741, Train Acc: 90.07%, Val Loss: 0.3376, Val Acc: 86.70%
2026-02-20 05:03:57,016 - INFO - Epoch [198] Batch [0/17]                     Loss: -0.4414, Hard: 0.4627, Soft: -0.9041                     Acc: 81.25% LR: 0.000000                     Alpha: 0.5744425058364868                     Beta: -1.0297489166259766                     MemKD: 0.30826514959335327
2026-02-20 05:04:25,562 - INFO - Epoch [198/200] Train Loss: -0.7474, Train Acc: 90.81%, Val Loss: 0.3353, Val Acc: 86.97%
2026-02-20 05:04:47,419 - INFO - Epoch [199] Batch [0/17]                     Loss: -0.8511, Hard: 0.1365, Soft: -0.9876                     Acc: 87.50% LR: 0.000000                     Alpha: 0.5744425058364868                     Beta: -1.0297529697418213                     MemKD: 0.3082640469074249
2026-02-20 05:05:15,910 - INFO - Epoch [199/200] Train Loss: -0.7911, Train Acc: 94.49%, Val Loss: 0.3480, Val Acc: 86.84%
2026-02-20 05:05:40,000 - INFO - Epoch [200] Batch [0/17]                     Loss: -0.5239, Hard: 0.3681, Soft: -0.8920                     Acc: 81.25% LR: 0.000000                     Alpha: 0.5744425058364868                     Beta: -1.0297549962997437                     MemKD: 0.3082636296749115
2026-02-20 05:06:08,768 - INFO - Epoch [200/200] Train Loss: -0.6960, Train Acc: 89.34%, Val Loss: 0.3422, Val Acc: 87.23%
2026-02-20 05:06:08,801 - INFO - Checkpoint saved at epoch 200
2026-02-20 05:06:08,801 - INFO - ==================================================
2026-02-20 05:06:08,801 - INFO - Training finished! Best accuracy: 88.03%
2026-02-20 05:06:08,801 - INFO - ==================================================
