2026-02-19 02:22:19,964 - INFO - ==================================================
2026-02-19 02:22:19,965 - INFO - Distillation Training Configuration
2026-02-19 02:22:19,965 - INFO - ==================================================
2026-02-19 02:22:19,965 - INFO - GPUs: [0, 1, 2, 3, 4, 5, 6, 7]
2026-02-19 02:22:19,965 - INFO - World size: 8
2026-02-19 02:22:19,965 - INFO - Dataset: /media/hdd1/chuxiaohui/AI4Ocean_UATR/ShipsEar_622
2026-02-19 02:22:19,965 - INFO - Data type: wav_s@wav_t
2026-02-19 02:22:19,965 - INFO - Batch size: 20
2026-02-19 02:22:19,965 - INFO - Epochs: 200
2026-02-19 02:22:19,965 - INFO - Learning rate: 0.0005
2026-02-19 02:22:19,965 - INFO - Temperature: 2.0
2026-02-19 02:22:19,965 - INFO - Alpha: 0.3
2026-02-19 02:22:19,965 - INFO - Save dir: checkpoints/grid_shipsear_v2/num_epochs200_weight_decay0.0001_batch_size20_lr0.0005_distill_typeMTSKD_Temp_freezeTrue_USE_DYNAMIC_DISTILL_WEIGHTFalse_p_encoder0.345_p_classifier0.26
2026-02-19 02:22:19,965 - INFO - ==================================================
2026-02-19 02:22:20,003 - INFO - Train dataset size: 2240
2026-02-19 02:22:20,003 - INFO - Validation dataset size: 749
2026-02-19 02:22:24,499 - INFO - Student params: 316,299 (0.32M)
2026-02-19 02:22:24,499 - INFO - Teacher params: 164,415,877 (164.42M)
2026-02-19 02:22:24,499 - INFO - Trainable params: 271,372 (0.27M)
2026-02-19 02:22:26,036 - INFO - Start training...
2026-02-19 02:22:26,037 - INFO - No checkpoint found, start from scratch
2026-02-19 02:22:49,890 - INFO - Epoch [1] Batch [0/14]                     Loss: 2.4705, Hard: 1.8596, Soft: 0.6108                     Acc: 10.00% LR: 0.000500                     Alpha: 0.5744425058364868                     Beta: 0.0                     MemKD: 0.5
2026-02-19 02:23:20,465 - INFO - Epoch [1/200] Train Loss: 1.7847, Train Acc: 36.79%, Val Loss: 1.5515, Val Acc: 37.63%
2026-02-19 02:23:20,466 - INFO - Best model saved with accuracy: 37.63%
2026-02-19 02:23:43,965 - INFO - Epoch [2] Batch [0/14]                     Loss: 1.5157, Hard: 1.2849, Soft: 0.2308                     Acc: 45.00% LR: 0.000500                     Alpha: 0.5744425058364868                     Beta: -0.004652675241231918                     MemKD: 0.5016138553619385
2026-02-19 02:24:14,780 - INFO - Epoch [2/200] Train Loss: 1.5011, Train Acc: 45.71%, Val Loss: 1.4658, Val Acc: 41.36%
2026-02-19 02:24:14,781 - INFO - Best model saved with accuracy: 41.36%
2026-02-19 02:24:38,294 - INFO - Epoch [3] Batch [0/14]                     Loss: 1.3769, Hard: 1.1835, Soft: 0.1934                     Acc: 55.00% LR: 0.000500                     Alpha: 0.5744425058364868                     Beta: -0.011695777997374535                     MemKD: 0.503047525882721
2026-02-19 02:25:08,649 - INFO - Epoch [3/200] Train Loss: 1.4896, Train Acc: 46.07%, Val Loss: 1.2838, Val Acc: 42.15%
2026-02-19 02:25:08,650 - INFO - Best model saved with accuracy: 42.15%
2026-02-19 02:25:33,235 - INFO - Epoch [4] Batch [0/14]                     Loss: 1.4492, Hard: 1.2384, Soft: 0.2108                     Acc: 35.00% LR: 0.000500                     Alpha: 0.5744425058364868                     Beta: -0.018686676397919655                     MemKD: 0.5044611096382141
2026-02-19 02:26:04,667 - INFO - Epoch [4/200] Train Loss: 1.3924, Train Acc: 48.93%, Val Loss: 1.1162, Val Acc: 53.86%
2026-02-19 02:26:04,667 - INFO - Best model saved with accuracy: 53.86%
2026-02-19 02:26:28,114 - INFO - Epoch [5] Batch [0/14]                     Loss: 1.2550, Hard: 1.0824, Soft: 0.1725                     Acc: 70.00% LR: 0.000500                     Alpha: 0.5744425058364868                     Beta: -0.026097942143678665                     MemKD: 0.5058178305625916
2026-02-19 02:26:59,612 - INFO - Epoch [5/200] Train Loss: 1.3587, Train Acc: 51.43%, Val Loss: 1.0478, Val Acc: 59.04%
2026-02-19 02:26:59,612 - INFO - Best model saved with accuracy: 59.04%
2026-02-19 02:27:23,176 - INFO - Epoch [6] Batch [0/14]                     Loss: 1.2588, Hard: 1.0963, Soft: 0.1626                     Acc: 55.00% LR: 0.000499                     Alpha: 0.5744425058364868                     Beta: -0.034160684794187546                     MemKD: 0.5071337819099426
2026-02-19 02:27:53,217 - INFO - Epoch [6/200] Train Loss: 1.3015, Train Acc: 55.36%, Val Loss: 1.0526, Val Acc: 53.19%
2026-02-19 02:28:16,979 - INFO - Epoch [7] Batch [0/14]                     Loss: 1.5212, Hard: 1.3181, Soft: 0.2031                     Acc: 45.00% LR: 0.000499                     Alpha: 0.5744425058364868                     Beta: -0.04215344414114952                     MemKD: 0.508407711982727
2026-02-19 02:28:49,212 - INFO - Epoch [7/200] Train Loss: 1.3137, Train Acc: 50.00%, Val Loss: 0.9837, Val Acc: 61.17%
2026-02-19 02:28:49,213 - INFO - Best model saved with accuracy: 61.17%
2026-02-19 02:29:13,955 - INFO - Epoch [8] Batch [0/14]                     Loss: 0.8800, Hard: 0.7850, Soft: 0.0950                     Acc: 70.00% LR: 0.000498                     Alpha: 0.5744425058364868                     Beta: -0.04959006607532501                     MemKD: 0.5097020864486694
2026-02-19 02:29:44,339 - INFO - Epoch [8/200] Train Loss: 1.2560, Train Acc: 56.07%, Val Loss: 0.9027, Val Acc: 65.69%
2026-02-19 02:29:44,340 - INFO - Best model saved with accuracy: 65.69%
2026-02-19 02:30:07,501 - INFO - Epoch [9] Batch [0/14]                     Loss: 1.0294, Hard: 0.9175, Soft: 0.1118                     Acc: 75.00% LR: 0.000498                     Alpha: 0.5744425058364868                     Beta: -0.05720417946577072                     MemKD: 0.5109758377075195
2026-02-19 02:30:38,700 - INFO - Epoch [9/200] Train Loss: 1.2094, Train Acc: 58.57%, Val Loss: 1.0459, Val Acc: 59.84%
2026-02-19 02:31:02,704 - INFO - Epoch [10] Batch [0/14]                     Loss: 1.0952, Hard: 0.9557, Soft: 0.1395                     Acc: 70.00% LR: 0.000498                     Alpha: 0.5744425058364868                     Beta: -0.06536484509706497                     MemKD: 0.512155294418335
2026-02-19 02:31:32,413 - INFO - Epoch [10/200] Train Loss: 1.0674, Train Acc: 63.57%, Val Loss: 0.9042, Val Acc: 64.36%
2026-02-19 02:31:32,461 - INFO - Checkpoint saved at epoch 10
2026-02-19 02:31:55,348 - INFO - Epoch [11] Batch [0/14]                     Loss: 0.7758, Hard: 0.6974, Soft: 0.0784                     Acc: 80.00% LR: 0.000497                     Alpha: 0.5744425058364868                     Beta: -0.0740925669670105                     MemKD: 0.5131891369819641
2026-02-19 02:32:24,428 - INFO - Epoch [11/200] Train Loss: 1.1151, Train Acc: 60.71%, Val Loss: 0.8974, Val Acc: 64.36%
2026-02-19 02:32:46,233 - INFO - Epoch [12] Batch [0/14]                     Loss: 0.9985, Hard: 0.8769, Soft: 0.1215                     Acc: 65.00% LR: 0.000496                     Alpha: 0.5744425058364868                     Beta: -0.08331523835659027                     MemKD: 0.5140621662139893
2026-02-19 02:33:17,373 - INFO - Epoch [12/200] Train Loss: 1.0390, Train Acc: 62.50%, Val Loss: 0.9737, Val Acc: 64.63%
2026-02-19 02:33:40,714 - INFO - Epoch [13] Batch [0/14]                     Loss: 1.1505, Hard: 1.0474, Soft: 0.1031                     Acc: 55.00% LR: 0.000496                     Alpha: 0.5744425058364868                     Beta: -0.09231320023536682                     MemKD: 0.5150060057640076
2026-02-19 02:34:10,537 - INFO - Epoch [13/200] Train Loss: 1.1209, Train Acc: 61.07%, Val Loss: 0.8593, Val Acc: 65.29%
2026-02-19 02:34:34,021 - INFO - Epoch [14] Batch [0/14]                     Loss: 1.0307, Hard: 0.9011, Soft: 0.1295                     Acc: 75.00% LR: 0.000495                     Alpha: 0.5744425058364868                     Beta: -0.10131113231182098                     MemKD: 0.515989363193512
2026-02-19 02:35:02,709 - INFO - Epoch [14/200] Train Loss: 1.0408, Train Acc: 64.64%, Val Loss: 0.8815, Val Acc: 66.49%
2026-02-19 02:35:02,709 - INFO - Best model saved with accuracy: 66.49%
2026-02-19 02:35:26,519 - INFO - Epoch [15] Batch [0/14]                     Loss: 1.2962, Hard: 1.1557, Soft: 0.1406                     Acc: 60.00% LR: 0.000494                     Alpha: 0.5744425058364868                     Beta: -0.11024726927280426                     MemKD: 0.516855001449585
2026-02-19 02:35:57,892 - INFO - Epoch [15/200] Train Loss: 1.0124, Train Acc: 65.00%, Val Loss: 0.8474, Val Acc: 66.62%
2026-02-19 02:35:57,892 - INFO - Best model saved with accuracy: 66.62%
2026-02-19 02:36:21,694 - INFO - Epoch [16] Batch [0/14]                     Loss: 1.0341, Hard: 0.9390, Soft: 0.0951                     Acc: 60.00% LR: 0.000493                     Alpha: 0.5744425058364868                     Beta: -0.11932093650102615                     MemKD: 0.5175812244415283
2026-02-19 02:36:52,835 - INFO - Epoch [16/200] Train Loss: 0.9221, Train Acc: 68.21%, Val Loss: 0.7972, Val Acc: 70.35%
2026-02-19 02:36:52,836 - INFO - Best model saved with accuracy: 70.35%
2026-02-19 02:37:16,643 - INFO - Epoch [17] Batch [0/14]                     Loss: 1.0406, Hard: 0.9585, Soft: 0.0821                     Acc: 70.00% LR: 0.000492                     Alpha: 0.5744425058364868                     Beta: -0.1287444531917572                     MemKD: 0.5181248784065247
2026-02-19 02:37:45,922 - INFO - Epoch [17/200] Train Loss: 1.0563, Train Acc: 63.57%, Val Loss: 0.8240, Val Acc: 69.55%
2026-02-19 02:38:09,025 - INFO - Epoch [18] Batch [0/14]                     Loss: 0.9911, Hard: 0.9080, Soft: 0.0830                     Acc: 70.00% LR: 0.000491                     Alpha: 0.5744425058364868                     Beta: -0.13793209195137024                     MemKD: 0.5186818242073059
2026-02-19 02:38:39,226 - INFO - Epoch [18/200] Train Loss: 0.8776, Train Acc: 67.50%, Val Loss: 0.7492, Val Acc: 71.81%
2026-02-19 02:38:39,226 - INFO - Best model saved with accuracy: 71.81%
2026-02-19 02:39:03,404 - INFO - Epoch [19] Batch [0/14]                     Loss: 0.7607, Hard: 0.7434, Soft: 0.0173                     Acc: 65.00% LR: 0.000490                     Alpha: 0.5744425058364868                     Beta: -0.14712342619895935                     MemKD: 0.5190314650535583
2026-02-19 02:39:34,069 - INFO - Epoch [19/200] Train Loss: 0.9031, Train Acc: 68.93%, Val Loss: 0.7622, Val Acc: 71.94%
2026-02-19 02:39:34,069 - INFO - Best model saved with accuracy: 71.94%
2026-02-19 02:39:58,689 - INFO - Epoch [20] Batch [0/14]                     Loss: 0.6538, Hard: 0.6526, Soft: 0.0012                     Acc: 75.00% LR: 0.000489                     Alpha: 0.5744425058364868                     Beta: -0.1561158448457718                     MemKD: 0.5193171501159668
2026-02-19 02:40:29,110 - INFO - Epoch [20/200] Train Loss: 0.8923, Train Acc: 68.57%, Val Loss: 0.7615, Val Acc: 71.14%
2026-02-19 02:40:29,160 - INFO - Checkpoint saved at epoch 20
2026-02-19 02:40:52,535 - INFO - Epoch [21] Batch [0/14]                     Loss: 0.9597, Hard: 0.9073, Soft: 0.0525                     Acc: 65.00% LR: 0.000488                     Alpha: 0.5744425058364868                     Beta: -0.16513848304748535                     MemKD: 0.5194593071937561
2026-02-19 02:41:23,547 - INFO - Epoch [21/200] Train Loss: 0.9741, Train Acc: 64.29%, Val Loss: 0.7278, Val Acc: 72.21%
2026-02-19 02:41:23,547 - INFO - Best model saved with accuracy: 72.21%
2026-02-19 02:41:47,534 - INFO - Epoch [22] Batch [0/14]                     Loss: 0.7923, Hard: 0.7591, Soft: 0.0331                     Acc: 60.00% LR: 0.000487                     Alpha: 0.5744425058364868                     Beta: -0.17381252348423004                     MemKD: 0.5196934938430786
2026-02-19 02:42:17,803 - INFO - Epoch [22/200] Train Loss: 0.8669, Train Acc: 66.79%, Val Loss: 0.7554, Val Acc: 72.34%
2026-02-19 02:42:17,803 - INFO - Best model saved with accuracy: 72.34%
2026-02-19 02:42:41,540 - INFO - Epoch [23] Batch [0/14]                     Loss: 0.7077, Hard: 0.6907, Soft: 0.0170                     Acc: 75.00% LR: 0.000485                     Alpha: 0.5744425058364868                     Beta: -0.18238498270511627                     MemKD: 0.5197955369949341
2026-02-19 02:43:12,570 - INFO - Epoch [23/200] Train Loss: 0.7960, Train Acc: 69.64%, Val Loss: 0.7663, Val Acc: 69.81%
2026-02-19 02:43:36,920 - INFO - Epoch [24] Batch [0/14]                     Loss: 0.4776, Hard: 0.5228, Soft: -0.0451                     Acc: 80.00% LR: 0.000484                     Alpha: 0.5744425058364868                     Beta: -0.19105789065361023                     MemKD: 0.5196659564971924
2026-02-19 02:44:06,601 - INFO - Epoch [24/200] Train Loss: 0.7682, Train Acc: 69.29%, Val Loss: 0.8464, Val Acc: 66.22%
2026-02-19 02:44:30,613 - INFO - Epoch [25] Batch [0/14]                     Loss: 0.9353, Hard: 0.8659, Soft: 0.0694                     Acc: 65.00% LR: 0.000482                     Alpha: 0.5744425058364868                     Beta: -0.19998405873775482                     MemKD: 0.5192840695381165
2026-02-19 02:45:03,707 - INFO - Epoch [25/200] Train Loss: 0.8917, Train Acc: 67.50%, Val Loss: 0.8577, Val Acc: 69.81%
2026-02-19 02:45:27,636 - INFO - Epoch [26] Batch [0/14]                     Loss: 0.7082, Hard: 0.7040, Soft: 0.0042                     Acc: 80.00% LR: 0.000481                     Alpha: 0.5744425058364868                     Beta: -0.2085021287202835                     MemKD: 0.5189621448516846
2026-02-19 02:45:59,130 - INFO - Epoch [26/200] Train Loss: 0.7525, Train Acc: 70.36%, Val Loss: 0.6697, Val Acc: 74.60%
2026-02-19 02:45:59,130 - INFO - Best model saved with accuracy: 74.60%
2026-02-19 02:46:21,946 - INFO - Epoch [27] Batch [0/14]                     Loss: 0.5550, Hard: 0.5952, Soft: -0.0402                     Acc: 85.00% LR: 0.000479                     Alpha: 0.5744425058364868                     Beta: -0.21670706570148468                     MemKD: 0.5186598896980286
2026-02-19 02:46:52,496 - INFO - Epoch [27/200] Train Loss: 0.8150, Train Acc: 70.36%, Val Loss: 0.6331, Val Acc: 76.60%
2026-02-19 02:46:52,497 - INFO - Best model saved with accuracy: 76.60%
2026-02-19 02:47:17,182 - INFO - Epoch [28] Batch [0/14]                     Loss: 0.7547, Hard: 0.7528, Soft: 0.0019                     Acc: 65.00% LR: 0.000478                     Alpha: 0.5744425058364868                     Beta: -0.2250848412513733                     MemKD: 0.5180942416191101
2026-02-19 02:47:48,498 - INFO - Epoch [28/200] Train Loss: 0.7442, Train Acc: 70.71%, Val Loss: 0.8622, Val Acc: 69.81%
2026-02-19 02:48:12,491 - INFO - Epoch [29] Batch [0/14]                     Loss: 1.1179, Hard: 1.0380, Soft: 0.0800                     Acc: 65.00% LR: 0.000476                     Alpha: 0.5744425058364868                     Beta: -0.23339737951755524                     MemKD: 0.5173937082290649
2026-02-19 02:48:43,002 - INFO - Epoch [29/200] Train Loss: 0.7836, Train Acc: 68.93%, Val Loss: 0.6208, Val Acc: 76.73%
2026-02-19 02:48:43,003 - INFO - Best model saved with accuracy: 76.73%
2026-02-19 02:49:06,847 - INFO - Epoch [30] Batch [0/14]                     Loss: 0.9729, Hard: 0.9336, Soft: 0.0392                     Acc: 65.00% LR: 0.000475                     Alpha: 0.5744425058364868                     Beta: -0.24148350954055786                     MemKD: 0.5167202353477478
2026-02-19 02:49:37,992 - INFO - Epoch [30/200] Train Loss: 0.7597, Train Acc: 71.07%, Val Loss: 0.7533, Val Acc: 68.22%
2026-02-19 02:49:38,048 - INFO - Checkpoint saved at epoch 30
2026-02-19 02:50:01,964 - INFO - Epoch [31] Batch [0/14]                     Loss: 0.7921, Hard: 0.7907, Soft: 0.0014                     Acc: 70.00% LR: 0.000473                     Alpha: 0.5744425058364868                     Beta: -0.24966563284397125                     MemKD: 0.5158533453941345
2026-02-19 02:50:32,488 - INFO - Epoch [31/200] Train Loss: 0.6521, Train Acc: 72.14%, Val Loss: 0.7829, Val Acc: 70.74%
2026-02-19 02:50:56,419 - INFO - Epoch [32] Batch [0/14]                     Loss: 0.6445, Hard: 0.6837, Soft: -0.0392                     Acc: 75.00% LR: 0.000471                     Alpha: 0.5744425058364868                     Beta: -0.2579571306705475                     MemKD: 0.5147178173065186
2026-02-19 02:51:26,965 - INFO - Epoch [32/200] Train Loss: 0.6953, Train Acc: 73.93%, Val Loss: 0.7395, Val Acc: 71.81%
2026-02-19 02:51:51,912 - INFO - Epoch [33] Batch [0/14]                     Loss: 0.4623, Hard: 0.5462, Soft: -0.0839                     Acc: 80.00% LR: 0.000469                     Alpha: 0.5744425058364868                     Beta: -0.26618510484695435                     MemKD: 0.5135376453399658
2026-02-19 02:52:22,848 - INFO - Epoch [33/200] Train Loss: 0.7982, Train Acc: 70.71%, Val Loss: 0.7539, Val Acc: 71.68%
2026-02-19 02:52:47,978 - INFO - Epoch [34] Batch [0/14]                     Loss: 0.3987, Hard: 0.4884, Soft: -0.0897                     Acc: 85.00% LR: 0.000467                     Alpha: 0.5744425058364868                     Beta: -0.27417683601379395                     MemKD: 0.5124313831329346
2026-02-19 02:53:18,247 - INFO - Epoch [34/200] Train Loss: 0.6995, Train Acc: 69.64%, Val Loss: 0.9919, Val Acc: 67.82%
2026-02-19 02:53:43,057 - INFO - Epoch [35] Batch [0/14]                     Loss: 1.0165, Hard: 0.9889, Soft: 0.0277                     Acc: 65.00% LR: 0.000465                     Alpha: 0.5744425058364868                     Beta: -0.28205612301826477                     MemKD: 0.5112468004226685
2026-02-19 02:54:13,824 - INFO - Epoch [35/200] Train Loss: 0.6854, Train Acc: 71.79%, Val Loss: 0.6664, Val Acc: 73.14%
2026-02-19 02:54:38,390 - INFO - Epoch [36] Batch [0/14]                     Loss: 0.4816, Hard: 0.5635, Soft: -0.0819                     Acc: 80.00% LR: 0.000463                     Alpha: 0.5744425058364868                     Beta: -0.28995683789253235                     MemKD: 0.5098686814308167
2026-02-19 02:55:09,119 - INFO - Epoch [36/200] Train Loss: 0.5995, Train Acc: 75.00%, Val Loss: 0.6679, Val Acc: 74.73%
2026-02-19 02:55:33,252 - INFO - Epoch [37] Batch [0/14]                     Loss: 0.7314, Hard: 0.7586, Soft: -0.0271                     Acc: 70.00% LR: 0.000461                     Alpha: 0.5744425058364868                     Beta: -0.2980644106864929                     MemKD: 0.508248507976532
2026-02-19 02:56:05,224 - INFO - Epoch [37/200] Train Loss: 0.5675, Train Acc: 77.86%, Val Loss: 0.6288, Val Acc: 73.67%
2026-02-19 02:56:28,362 - INFO - Epoch [38] Batch [0/14]                     Loss: 0.3667, Hard: 0.4750, Soft: -0.1083                     Acc: 85.00% LR: 0.000459                     Alpha: 0.5744425058364868                     Beta: -0.30625230073928833                     MemKD: 0.5064085125923157
2026-02-19 02:57:00,563 - INFO - Epoch [38/200] Train Loss: 0.6433, Train Acc: 75.00%, Val Loss: 0.7614, Val Acc: 71.28%
2026-02-19 02:57:23,736 - INFO - Epoch [39] Batch [0/14]                     Loss: 0.6297, Hard: 0.6858, Soft: -0.0561                     Acc: 60.00% LR: 0.000457                     Alpha: 0.5744425058364868                     Beta: -0.3142317533493042                     MemKD: 0.5045742988586426
2026-02-19 02:57:53,920 - INFO - Epoch [39/200] Train Loss: 0.4702, Train Acc: 78.21%, Val Loss: 0.8353, Val Acc: 67.69%
2026-02-19 02:58:18,275 - INFO - Epoch [40] Batch [0/14]                     Loss: 0.2920, Hard: 0.4419, Soft: -0.1499                     Acc: 85.00% LR: 0.000455                     Alpha: 0.5744425058364868                     Beta: -0.32224175333976746                     MemKD: 0.5025935173034668
2026-02-19 02:58:49,742 - INFO - Epoch [40/200] Train Loss: 0.6244, Train Acc: 75.36%, Val Loss: 0.9555, Val Acc: 69.95%
2026-02-19 02:58:49,814 - INFO - Checkpoint saved at epoch 40
2026-02-19 02:59:13,813 - INFO - Epoch [41] Batch [0/14]                     Loss: 0.5042, Hard: 0.5792, Soft: -0.0750                     Acc: 80.00% LR: 0.000452                     Alpha: 0.5744425058364868                     Beta: -0.3301661014556885                     MemKD: 0.5005825161933899
2026-02-19 02:59:43,067 - INFO - Epoch [41/200] Train Loss: 0.5743, Train Acc: 75.00%, Val Loss: 0.6366, Val Acc: 75.00%
2026-02-19 03:00:05,674 - INFO - Epoch [42] Batch [0/14]                     Loss: 0.4687, Hard: 0.6070, Soft: -0.1383                     Acc: 75.00% LR: 0.000450                     Alpha: 0.5744425058364868                     Beta: -0.3379199206829071                     MemKD: 0.49863356351852417
2026-02-19 03:00:37,107 - INFO - Epoch [42/200] Train Loss: 0.4836, Train Acc: 80.00%, Val Loss: 0.6730, Val Acc: 76.06%
2026-02-19 03:01:02,298 - INFO - Epoch [43] Batch [0/14]                     Loss: 0.2479, Hard: 0.4155, Soft: -0.1676                     Acc: 80.00% LR: 0.000448                     Alpha: 0.5744425058364868                     Beta: -0.3457910120487213                     MemKD: 0.4964819550514221
2026-02-19 03:01:33,849 - INFO - Epoch [43/200] Train Loss: 0.6716, Train Acc: 67.50%, Val Loss: 0.6521, Val Acc: 76.20%
2026-02-19 03:01:57,524 - INFO - Epoch [44] Batch [0/14]                     Loss: 0.4918, Hard: 0.6241, Soft: -0.1323                     Acc: 70.00% LR: 0.000445                     Alpha: 0.5744425058364868                     Beta: -0.35331448912620544                     MemKD: 0.4945889115333557
2026-02-19 03:02:27,778 - INFO - Epoch [44/200] Train Loss: 0.4411, Train Acc: 77.86%, Val Loss: 0.5910, Val Acc: 78.99%
2026-02-19 03:02:27,778 - INFO - Best model saved with accuracy: 78.99%
2026-02-19 03:02:53,160 - INFO - Epoch [45] Batch [0/14]                     Loss: 0.1596, Hard: 0.3449, Soft: -0.1853                     Acc: 95.00% LR: 0.000443                     Alpha: 0.5744425058364868                     Beta: -0.3609042167663574                     MemKD: 0.49251824617385864
2026-02-19 03:03:23,607 - INFO - Epoch [45/200] Train Loss: 0.4425, Train Acc: 80.71%, Val Loss: 0.7079, Val Acc: 69.02%
2026-02-19 03:03:47,705 - INFO - Epoch [46] Batch [0/14]                     Loss: 0.4960, Hard: 0.6226, Soft: -0.1266                     Acc: 80.00% LR: 0.000440                     Alpha: 0.5744425058364868                     Beta: -0.3686772882938385                     MemKD: 0.4902060627937317
2026-02-19 03:04:19,188 - INFO - Epoch [46/200] Train Loss: 0.3570, Train Acc: 82.86%, Val Loss: 0.6127, Val Acc: 76.33%
2026-02-19 03:04:42,979 - INFO - Epoch [47] Batch [0/14]                     Loss: 0.7187, Hard: 0.8168, Soft: -0.0982                     Acc: 65.00% LR: 0.000438                     Alpha: 0.5744425058364868                     Beta: -0.37634316086769104                     MemKD: 0.48790857195854187
2026-02-19 03:05:13,261 - INFO - Epoch [47/200] Train Loss: 0.4714, Train Acc: 76.07%, Val Loss: 0.6352, Val Acc: 76.06%
2026-02-19 03:05:36,980 - INFO - Epoch [48] Batch [0/14]                     Loss: 1.1993, Hard: 1.2272, Soft: -0.0279                     Acc: 55.00% LR: 0.000435                     Alpha: 0.5744425058364868                     Beta: -0.3838973939418793                     MemKD: 0.48562806844711304
2026-02-19 03:06:08,390 - INFO - Epoch [48/200] Train Loss: 0.4441, Train Acc: 77.50%, Val Loss: 0.6643, Val Acc: 74.73%
2026-02-19 03:06:33,115 - INFO - Epoch [49] Batch [0/14]                     Loss: 0.5561, Hard: 0.7189, Soft: -0.1628                     Acc: 75.00% LR: 0.000432                     Alpha: 0.5744425058364868                     Beta: -0.39140084385871887                     MemKD: 0.48333436250686646
2026-02-19 03:07:03,364 - INFO - Epoch [49/200] Train Loss: 0.4023, Train Acc: 78.21%, Val Loss: 0.6666, Val Acc: 75.53%
2026-02-19 03:07:28,346 - INFO - Epoch [50] Batch [0/14]                     Loss: 0.2856, Hard: 0.4829, Soft: -0.1974                     Acc: 85.00% LR: 0.000430                     Alpha: 0.5744425058364868                     Beta: -0.39888128638267517                     MemKD: 0.4810013771057129
2026-02-19 03:07:57,858 - INFO - Epoch [50/200] Train Loss: 0.4520, Train Acc: 76.79%, Val Loss: 0.8580, Val Acc: 67.69%
2026-02-19 03:07:57,905 - INFO - Checkpoint saved at epoch 50
2026-02-19 03:08:19,813 - INFO - Epoch [51] Batch [0/14]                     Loss: 0.4829, Hard: 0.6251, Soft: -0.1421                     Acc: 75.00% LR: 0.000427                     Alpha: 0.5744425058364868                     Beta: -0.40629467368125916                     MemKD: 0.4786798655986786
2026-02-19 03:08:51,453 - INFO - Epoch [51/200] Train Loss: 0.3805, Train Acc: 79.29%, Val Loss: 0.5068, Val Acc: 80.85%
2026-02-19 03:08:51,454 - INFO - Best model saved with accuracy: 80.85%
2026-02-19 03:09:16,656 - INFO - Epoch [52] Batch [0/14]                     Loss: 0.3774, Hard: 0.5817, Soft: -0.2043                     Acc: 80.00% LR: 0.000424                     Alpha: 0.5744425058364868                     Beta: -0.41362637281417847                     MemKD: 0.4763956367969513
2026-02-19 03:09:47,634 - INFO - Epoch [52/200] Train Loss: 0.3764, Train Acc: 77.86%, Val Loss: 0.7904, Val Acc: 68.48%
2026-02-19 03:10:10,329 - INFO - Epoch [53] Batch [0/14]                     Loss: 0.9233, Hard: 0.9910, Soft: -0.0677                     Acc: 65.00% LR: 0.000421                     Alpha: 0.5744425058364868                     Beta: -0.4210608899593353                     MemKD: 0.4739760756492615
2026-02-19 03:10:39,755 - INFO - Epoch [53/200] Train Loss: 0.4042, Train Acc: 76.79%, Val Loss: 0.8176, Val Acc: 71.68%
2026-02-19 03:11:04,540 - INFO - Epoch [54] Batch [0/14]                     Loss: 0.1954, Hard: 0.4260, Soft: -0.2306                     Acc: 90.00% LR: 0.000418                     Alpha: 0.5744425058364868                     Beta: -0.4282766282558441                     MemKD: 0.471725732088089
2026-02-19 03:11:34,327 - INFO - Epoch [54/200] Train Loss: 0.2781, Train Acc: 81.79%, Val Loss: 0.6468, Val Acc: 76.06%
2026-02-19 03:11:56,169 - INFO - Epoch [55] Batch [0/14]                     Loss: 0.0312, Hard: 0.3036, Soft: -0.2724                     Acc: 95.00% LR: 0.000415                     Alpha: 0.5744425058364868                     Beta: -0.43560171127319336                     MemKD: 0.4693405032157898
2026-02-19 03:12:25,506 - INFO - Epoch [55/200] Train Loss: 0.4181, Train Acc: 75.36%, Val Loss: 0.5550, Val Acc: 78.72%
2026-02-19 03:12:50,057 - INFO - Epoch [56] Batch [0/14]                     Loss: 0.4668, Hard: 0.6497, Soft: -0.1829                     Acc: 75.00% LR: 0.000412                     Alpha: 0.5744425058364868                     Beta: -0.4427209496498108                     MemKD: 0.4670628607273102
2026-02-19 03:13:21,095 - INFO - Epoch [56/200] Train Loss: 0.3379, Train Acc: 80.71%, Val Loss: 0.7080, Val Acc: 73.27%
2026-02-19 03:13:44,347 - INFO - Epoch [57] Batch [0/14]                     Loss: 0.5275, Hard: 0.7039, Soft: -0.1764                     Acc: 65.00% LR: 0.000409                     Alpha: 0.5744425058364868                     Beta: -0.4496641159057617                     MemKD: 0.464883029460907
2026-02-19 03:14:16,189 - INFO - Epoch [57/200] Train Loss: 0.3231, Train Acc: 78.93%, Val Loss: 0.5669, Val Acc: 80.32%
2026-02-19 03:14:39,853 - INFO - Epoch [58] Batch [0/14]                     Loss: 0.0706, Hard: 0.3384, Soft: -0.2678                     Acc: 90.00% LR: 0.000406                     Alpha: 0.5744425058364868                     Beta: -0.45674842596054077                     MemKD: 0.4625938832759857
2026-02-19 03:15:10,768 - INFO - Epoch [58/200] Train Loss: 0.3501, Train Acc: 78.93%, Val Loss: 0.6492, Val Acc: 75.80%
2026-02-19 03:15:35,939 - INFO - Epoch [59] Batch [0/14]                     Loss: 0.4718, Hard: 0.6862, Soft: -0.2144                     Acc: 75.00% LR: 0.000403                     Alpha: 0.5744425058364868                     Beta: -0.463651567697525                     MemKD: 0.4604244828224182
2026-02-19 03:16:06,138 - INFO - Epoch [59/200] Train Loss: 0.3221, Train Acc: 78.57%, Val Loss: 0.8942, Val Acc: 71.94%
2026-02-19 03:16:29,606 - INFO - Epoch [60] Batch [0/14]                     Loss: 0.2328, Hard: 0.4671, Soft: -0.2344                     Acc: 90.00% LR: 0.000400                     Alpha: 0.5744425058364868                     Beta: -0.4705756902694702                     MemKD: 0.458213210105896
2026-02-19 03:16:59,769 - INFO - Epoch [60/200] Train Loss: 0.2873, Train Acc: 79.29%, Val Loss: 0.7088, Val Acc: 71.81%
2026-02-19 03:16:59,808 - INFO - Checkpoint saved at epoch 60
2026-02-19 03:17:24,481 - INFO - Epoch [61] Batch [0/14]                     Loss: 0.1915, Hard: 0.4531, Soft: -0.2617                     Acc: 85.00% LR: 0.000397                     Alpha: 0.5744425058364868                     Beta: -0.4774658679962158                     MemKD: 0.4560142755508423
2026-02-19 03:17:55,218 - INFO - Epoch [61/200] Train Loss: 0.3968, Train Acc: 75.00%, Val Loss: 0.6186, Val Acc: 76.86%
2026-02-19 03:18:19,496 - INFO - Epoch [62] Batch [0/14]                     Loss: 0.2765, Hard: 0.5381, Soft: -0.2616                     Acc: 80.00% LR: 0.000394                     Alpha: 0.5744425058364868                     Beta: -0.4841904938220978                     MemKD: 0.4538855254650116
2026-02-19 03:18:49,599 - INFO - Epoch [62/200] Train Loss: 0.3494, Train Acc: 78.93%, Val Loss: 0.6448, Val Acc: 76.60%
2026-02-19 03:19:14,413 - INFO - Epoch [63] Batch [0/14]                     Loss: 0.7716, Hard: 0.9546, Soft: -0.1830                     Acc: 70.00% LR: 0.000391                     Alpha: 0.5744425058364868                     Beta: -0.4908107817173004                     MemKD: 0.4518049359321594
2026-02-19 03:19:44,167 - INFO - Epoch [63/200] Train Loss: 0.4037, Train Acc: 77.86%, Val Loss: 0.8473, Val Acc: 67.69%
2026-02-19 03:20:09,063 - INFO - Epoch [64] Batch [0/14]                     Loss: 0.9737, Hard: 1.0713, Soft: -0.0975                     Acc: 60.00% LR: 0.000387                     Alpha: 0.5744425058364868                     Beta: -0.4971843361854553                     MemKD: 0.4498664140701294
2026-02-19 03:20:39,540 - INFO - Epoch [64/200] Train Loss: 0.3174, Train Acc: 78.21%, Val Loss: 0.6603, Val Acc: 76.33%
2026-02-19 03:21:02,901 - INFO - Epoch [65] Batch [0/14]                     Loss: 0.1915, Hard: 0.4660, Soft: -0.2745                     Acc: 80.00% LR: 0.000384                     Alpha: 0.5744425058364868                     Beta: -0.5036174058914185                     MemKD: 0.447877436876297
2026-02-19 03:21:32,318 - INFO - Epoch [65/200] Train Loss: 0.3231, Train Acc: 80.36%, Val Loss: 0.4831, Val Acc: 83.38%
2026-02-19 03:21:32,318 - INFO - Best model saved with accuracy: 83.38%
2026-02-19 03:21:55,249 - INFO - Epoch [66] Batch [0/14]                     Loss: -0.1618, Hard: 0.1981, Soft: -0.3599                     Acc: 95.00% LR: 0.000381                     Alpha: 0.5744425058364868                     Beta: -0.5100750923156738                     MemKD: 0.44584569334983826
2026-02-19 03:22:26,687 - INFO - Epoch [66/200] Train Loss: 0.1669, Train Acc: 83.93%, Val Loss: 0.6380, Val Acc: 73.67%
2026-02-19 03:22:51,055 - INFO - Epoch [67] Batch [0/14]                     Loss: 0.4157, Hard: 0.6615, Soft: -0.2457                     Acc: 80.00% LR: 0.000377                     Alpha: 0.5744425058364868                     Beta: -0.5166811347007751                     MemKD: 0.44368216395378113
2026-02-19 03:23:21,587 - INFO - Epoch [67/200] Train Loss: 0.1804, Train Acc: 82.14%, Val Loss: 0.6603, Val Acc: 75.40%
2026-02-19 03:23:44,414 - INFO - Epoch [68] Batch [0/14]                     Loss: 0.2696, Hard: 0.5414, Soft: -0.2718                     Acc: 85.00% LR: 0.000374                     Alpha: 0.5744425058364868                     Beta: -0.5231859683990479                     MemKD: 0.4415656328201294
2026-02-19 03:24:13,379 - INFO - Epoch [68/200] Train Loss: 0.1036, Train Acc: 84.64%, Val Loss: 0.5536, Val Acc: 78.59%
2026-02-19 03:24:37,029 - INFO - Epoch [69] Batch [0/14]                     Loss: 0.0023, Hard: 0.3514, Soft: -0.3492                     Acc: 90.00% LR: 0.000370                     Alpha: 0.5744425058364868                     Beta: -0.529722273349762                     MemKD: 0.4394013583660126
2026-02-19 03:25:07,542 - INFO - Epoch [69/200] Train Loss: 0.2574, Train Acc: 78.21%, Val Loss: 0.4955, Val Acc: 82.18%
2026-02-19 03:25:30,561 - INFO - Epoch [70] Batch [0/14]                     Loss: 0.2479, Hard: 0.5099, Soft: -0.2620                     Acc: 80.00% LR: 0.000367                     Alpha: 0.5744425058364868                     Beta: -0.5360975861549377                     MemKD: 0.4373472034931183
2026-02-19 03:26:00,783 - INFO - Epoch [70/200] Train Loss: 0.2086, Train Acc: 80.71%, Val Loss: 0.7331, Val Acc: 74.20%
2026-02-19 03:26:00,821 - INFO - Checkpoint saved at epoch 70
2026-02-19 03:26:23,865 - INFO - Epoch [71] Batch [0/14]                     Loss: 0.2227, Hard: 0.5205, Soft: -0.2979                     Acc: 70.00% LR: 0.000363                     Alpha: 0.5744425058364868                     Beta: -0.5423145890235901                     MemKD: 0.4353999197483063
2026-02-19 03:26:53,401 - INFO - Epoch [71/200] Train Loss: 0.1379, Train Acc: 81.43%, Val Loss: 0.5639, Val Acc: 78.32%
2026-02-19 03:27:17,640 - INFO - Epoch [72] Batch [0/14]                     Loss: 0.2604, Hard: 0.5590, Soft: -0.2987                     Acc: 70.00% LR: 0.000360                     Alpha: 0.5744425058364868                     Beta: -0.5485516786575317                     MemKD: 0.43341684341430664
2026-02-19 03:27:48,596 - INFO - Epoch [72/200] Train Loss: 0.1655, Train Acc: 80.00%, Val Loss: 0.6513, Val Acc: 77.26%
2026-02-19 03:28:12,321 - INFO - Epoch [73] Batch [0/14]                     Loss: 0.3524, Hard: 0.6586, Soft: -0.3062                     Acc: 75.00% LR: 0.000356                     Alpha: 0.5744425058364868                     Beta: -0.5547308921813965                     MemKD: 0.43143582344055176
2026-02-19 03:28:43,849 - INFO - Epoch [73/200] Train Loss: 0.0722, Train Acc: 84.29%, Val Loss: 0.5240, Val Acc: 80.85%
2026-02-19 03:29:08,351 - INFO - Epoch [74] Batch [0/14]                     Loss: 0.0677, Hard: 0.3970, Soft: -0.3294                     Acc: 90.00% LR: 0.000353                     Alpha: 0.5744425058364868                     Beta: -0.5608526468276978                     MemKD: 0.4294806718826294
2026-02-19 03:29:37,442 - INFO - Epoch [74/200] Train Loss: 0.0472, Train Acc: 86.79%, Val Loss: 0.4490, Val Acc: 82.98%
2026-02-19 03:29:59,390 - INFO - Epoch [75] Batch [0/14]                     Loss: -0.0610, Hard: 0.3343, Soft: -0.3953                     Acc: 95.00% LR: 0.000349                     Alpha: 0.5744425058364868                     Beta: -0.5670483112335205                     MemKD: 0.4274701774120331
2026-02-19 03:30:30,682 - INFO - Epoch [75/200] Train Loss: 0.0067, Train Acc: 87.50%, Val Loss: 0.8615, Val Acc: 66.36%
2026-02-19 03:30:54,738 - INFO - Epoch [76] Batch [0/14]                     Loss: 0.0737, Hard: 0.4300, Soft: -0.3562                     Acc: 80.00% LR: 0.000346                     Alpha: 0.5744425058364868                     Beta: -0.5731878876686096                     MemKD: 0.4254812002182007
2026-02-19 03:31:26,735 - INFO - Epoch [76/200] Train Loss: 0.0662, Train Acc: 83.57%, Val Loss: 0.6153, Val Acc: 78.06%
2026-02-19 03:31:50,333 - INFO - Epoch [77] Batch [0/14]                     Loss: 0.0853, Hard: 0.4475, Soft: -0.3622                     Acc: 80.00% LR: 0.000342                     Alpha: 0.5744425058364868                     Beta: -0.5791729688644409                     MemKD: 0.42358219623565674
2026-02-19 03:32:20,535 - INFO - Epoch [77/200] Train Loss: 0.0492, Train Acc: 82.14%, Val Loss: 0.5920, Val Acc: 77.66%
2026-02-19 03:32:44,567 - INFO - Epoch [78] Batch [0/14]                     Loss: -0.1287, Hard: 0.3130, Soft: -0.4416                     Acc: 85.00% LR: 0.000338                     Alpha: 0.5744425058364868                     Beta: -0.5850964784622192                     MemKD: 0.4216992259025574
2026-02-19 03:33:16,726 - INFO - Epoch [78/200] Train Loss: 0.1337, Train Acc: 83.21%, Val Loss: 0.4817, Val Acc: 81.52%
2026-02-19 03:33:41,220 - INFO - Epoch [79] Batch [0/14]                     Loss: 0.2027, Hard: 0.5655, Soft: -0.3628                     Acc: 85.00% LR: 0.000335                     Alpha: 0.5744425058364868                     Beta: -0.5908716320991516                     MemKD: 0.41990286111831665
2026-02-19 03:34:12,327 - INFO - Epoch [79/200] Train Loss: 0.0079, Train Acc: 85.00%, Val Loss: 0.4894, Val Acc: 81.78%
2026-02-19 03:34:37,692 - INFO - Epoch [80] Batch [0/14]                     Loss: 0.4348, Hard: 0.7676, Soft: -0.3328                     Acc: 75.00% LR: 0.000331                     Alpha: 0.5744425058364868                     Beta: -0.596647322177887                     MemKD: 0.4180964231491089
2026-02-19 03:35:08,332 - INFO - Epoch [80/200] Train Loss: 0.1221, Train Acc: 83.93%, Val Loss: 0.4763, Val Acc: 83.78%
2026-02-19 03:35:08,332 - INFO - Best model saved with accuracy: 83.78%
2026-02-19 03:35:08,397 - INFO - Checkpoint saved at epoch 80
2026-02-19 03:35:32,899 - INFO - Epoch [81] Batch [0/14]                     Loss: 0.4483, Hard: 0.7208, Soft: -0.2725                     Acc: 70.00% LR: 0.000327                     Alpha: 0.5744425058364868                     Beta: -0.60225909948349                     MemKD: 0.4163731336593628
2026-02-19 03:36:03,461 - INFO - Epoch [81/200] Train Loss: 0.1026, Train Acc: 83.21%, Val Loss: 0.5638, Val Acc: 79.52%
2026-02-19 03:36:27,311 - INFO - Epoch [82] Batch [0/14]                     Loss: -0.3002, Hard: 0.1625, Soft: -0.4627                     Acc: 95.00% LR: 0.000324                     Alpha: 0.5744425058364868                     Beta: -0.6077011823654175                     MemKD: 0.41472169756889343
2026-02-19 03:36:59,495 - INFO - Epoch [82/200] Train Loss: -0.0258, Train Acc: 83.21%, Val Loss: 0.6217, Val Acc: 76.20%
2026-02-19 03:37:24,204 - INFO - Epoch [83] Batch [0/14]                     Loss: -0.1459, Hard: 0.2861, Soft: -0.4319                     Acc: 85.00% LR: 0.000320                     Alpha: 0.5744425058364868                     Beta: -0.6132262349128723                     MemKD: 0.41301608085632324
2026-02-19 03:37:54,374 - INFO - Epoch [83/200] Train Loss: -0.0331, Train Acc: 85.36%, Val Loss: 0.5136, Val Acc: 81.52%
2026-02-19 03:38:19,112 - INFO - Epoch [84] Batch [0/14]                     Loss: 0.3650, Hard: 0.6446, Soft: -0.2796                     Acc: 75.00% LR: 0.000316                     Alpha: 0.5744425058364868                     Beta: -0.6187388896942139                     MemKD: 0.4113141894340515
2026-02-19 03:38:50,773 - INFO - Epoch [84/200] Train Loss: 0.2468, Train Acc: 77.86%, Val Loss: 0.8129, Val Acc: 73.54%
2026-02-19 03:39:14,276 - INFO - Epoch [85] Batch [0/14]                     Loss: 0.8740, Hard: 1.1283, Soft: -0.2543                     Acc: 65.00% LR: 0.000312                     Alpha: 0.5744425058364868                     Beta: -0.6240548491477966                     MemKD: 0.4097227454185486
2026-02-19 03:39:44,932 - INFO - Epoch [85/200] Train Loss: 0.2459, Train Acc: 78.57%, Val Loss: 0.4719, Val Acc: 83.51%
2026-02-19 03:40:09,511 - INFO - Epoch [86] Batch [0/14]                     Loss: -0.1124, Hard: 0.3213, Soft: -0.4337                     Acc: 85.00% LR: 0.000308                     Alpha: 0.5744425058364868                     Beta: -0.6290578246116638                     MemKD: 0.4082956910133362
2026-02-19 03:40:41,889 - INFO - Epoch [86/200] Train Loss: -0.0486, Train Acc: 84.29%, Val Loss: 0.6475, Val Acc: 76.46%
2026-02-19 03:41:06,434 - INFO - Epoch [87] Batch [0/14]                     Loss: -0.1085, Hard: 0.3506, Soft: -0.4591                     Acc: 90.00% LR: 0.000305                     Alpha: 0.5744425058364868                     Beta: -0.634226381778717                     MemKD: 0.4067462086677551
2026-02-19 03:41:36,980 - INFO - Epoch [87/200] Train Loss: 0.0483, Train Acc: 83.21%, Val Loss: 0.5386, Val Acc: 80.59%
2026-02-19 03:42:00,768 - INFO - Epoch [88] Batch [0/14]                     Loss: 0.2824, Hard: 0.6558, Soft: -0.3734                     Acc: 75.00% LR: 0.000301                     Alpha: 0.5744425058364868                     Beta: -0.6393235921859741                     MemKD: 0.4052216708660126
2026-02-19 03:42:32,194 - INFO - Epoch [88/200] Train Loss: 0.0105, Train Acc: 82.50%, Val Loss: 0.4886, Val Acc: 83.11%
2026-02-19 03:42:56,921 - INFO - Epoch [89] Batch [0/14]                     Loss: -0.1404, Hard: 0.3046, Soft: -0.4450                     Acc: 90.00% LR: 0.000297                     Alpha: 0.5744425058364868                     Beta: -0.6444032192230225                     MemKD: 0.40369728207588196
2026-02-19 03:43:26,920 - INFO - Epoch [89/200] Train Loss: -0.0203, Train Acc: 83.21%, Val Loss: 0.4238, Val Acc: 85.24%
2026-02-19 03:43:26,921 - INFO - Best model saved with accuracy: 85.24%
2026-02-19 03:43:50,186 - INFO - Epoch [90] Batch [0/14]                     Loss: -0.2040, Hard: 0.2960, Soft: -0.5001                     Acc: 90.00% LR: 0.000293                     Alpha: 0.5744425058364868                     Beta: -0.6493667364120483                     MemKD: 0.4022159278392792
2026-02-19 03:44:21,150 - INFO - Epoch [90/200] Train Loss: -0.0303, Train Acc: 85.00%, Val Loss: 0.4821, Val Acc: 82.18%
2026-02-19 03:44:21,191 - INFO - Checkpoint saved at epoch 90
2026-02-19 03:44:45,613 - INFO - Epoch [91] Batch [0/14]                     Loss: 0.0110, Hard: 0.4617, Soft: -0.4507                     Acc: 80.00% LR: 0.000289                     Alpha: 0.5744425058364868                     Beta: -0.6543435454368591                     MemKD: 0.40072086453437805
2026-02-19 03:45:17,100 - INFO - Epoch [91/200] Train Loss: 0.0208, Train Acc: 83.21%, Val Loss: 0.4617, Val Acc: 83.24%
2026-02-19 03:45:40,565 - INFO - Epoch [92] Batch [0/14]                     Loss: -0.1854, Hard: 0.2864, Soft: -0.4718                     Acc: 90.00% LR: 0.000285                     Alpha: 0.5744425058364868                     Beta: -0.6591470837593079                     MemKD: 0.3993130922317505
2026-02-19 03:46:12,331 - INFO - Epoch [92/200] Train Loss: -0.1024, Train Acc: 86.43%, Val Loss: 0.4816, Val Acc: 82.85%
2026-02-19 03:46:37,826 - INFO - Epoch [93] Batch [0/14]                     Loss: -0.3449, Hard: 0.1728, Soft: -0.5176                     Acc: 95.00% LR: 0.000281                     Alpha: 0.5744425058364868                     Beta: -0.663947343826294                     MemKD: 0.39790078997612
2026-02-19 03:47:10,601 - INFO - Epoch [93/200] Train Loss: -0.1477, Train Acc: 86.79%, Val Loss: 0.7131, Val Acc: 75.13%
2026-02-19 03:47:34,963 - INFO - Epoch [94] Batch [0/14]                     Loss: -0.2328, Hard: 0.2321, Soft: -0.4649                     Acc: 95.00% LR: 0.000277                     Alpha: 0.5744425058364868                     Beta: -0.6687394380569458                     MemKD: 0.3964681923389435
2026-02-19 03:48:06,110 - INFO - Epoch [94/200] Train Loss: -0.1902, Train Acc: 90.36%, Val Loss: 0.5122, Val Acc: 82.71%
2026-02-19 03:48:30,748 - INFO - Epoch [95] Batch [0/14]                     Loss: -0.1564, Hard: 0.3072, Soft: -0.4636                     Acc: 90.00% LR: 0.000274                     Alpha: 0.5744425058364868                     Beta: -0.6734734177589417                     MemKD: 0.39505451917648315
2026-02-19 03:49:02,686 - INFO - Epoch [95/200] Train Loss: -0.0607, Train Acc: 85.00%, Val Loss: 0.4663, Val Acc: 83.38%
2026-02-19 03:49:27,254 - INFO - Epoch [96] Batch [0/14]                     Loss: -0.3873, Hard: 0.1618, Soft: -0.5490                     Acc: 100.00% LR: 0.000270                     Alpha: 0.5744425058364868                     Beta: -0.6780831217765808                     MemKD: 0.3936963677406311
2026-02-19 03:49:58,814 - INFO - Epoch [96/200] Train Loss: -0.1326, Train Acc: 89.29%, Val Loss: 0.4722, Val Acc: 82.18%
2026-02-19 03:50:22,547 - INFO - Epoch [97] Batch [0/14]                     Loss: 0.2265, Hard: 0.6105, Soft: -0.3840                     Acc: 70.00% LR: 0.000266                     Alpha: 0.5744425058364868                     Beta: -0.6826245188713074                     MemKD: 0.39236679673194885
2026-02-19 03:50:51,929 - INFO - Epoch [97/200] Train Loss: -0.1579, Train Acc: 87.14%, Val Loss: 0.4141, Val Acc: 85.11%
2026-02-19 03:51:15,154 - INFO - Epoch [98] Batch [0/14]                     Loss: -0.2048, Hard: 0.2869, Soft: -0.4917                     Acc: 90.00% LR: 0.000262                     Alpha: 0.5744425058364868                     Beta: -0.6871318221092224                     MemKD: 0.39105725288391113
2026-02-19 03:51:45,656 - INFO - Epoch [98/200] Train Loss: -0.1747, Train Acc: 90.00%, Val Loss: 0.6080, Val Acc: 77.66%
2026-02-19 03:52:10,151 - INFO - Epoch [99] Batch [0/14]                     Loss: -0.2652, Hard: 0.2855, Soft: -0.5507                     Acc: 85.00% LR: 0.000258                     Alpha: 0.5744425058364868                     Beta: -0.6915804147720337                     MemKD: 0.38975656032562256
2026-02-19 03:52:40,692 - INFO - Epoch [99/200] Train Loss: -0.1564, Train Acc: 87.14%, Val Loss: 0.4791, Val Acc: 82.18%
2026-02-19 03:53:06,268 - INFO - Epoch [100] Batch [0/14]                     Loss: -0.2306, Hard: 0.3004, Soft: -0.5310                     Acc: 90.00% LR: 0.000254                     Alpha: 0.5744425058364868                     Beta: -0.6959657073020935                     MemKD: 0.38847866654396057
2026-02-19 03:53:37,296 - INFO - Epoch [100/200] Train Loss: -0.1222, Train Acc: 85.00%, Val Loss: 0.4369, Val Acc: 82.98%
2026-02-19 03:53:37,343 - INFO - Checkpoint saved at epoch 100
2026-02-19 03:54:01,641 - INFO - Epoch [101] Batch [0/14]                     Loss: 0.0056, Hard: 0.5341, Soft: -0.5285                     Acc: 85.00% LR: 0.000250                     Alpha: 0.5744425058364868                     Beta: -0.7002410888671875                     MemKD: 0.38724443316459656
2026-02-19 03:54:32,589 - INFO - Epoch [101/200] Train Loss: -0.2321, Train Acc: 89.64%, Val Loss: 0.4954, Val Acc: 81.52%
2026-02-19 03:54:57,672 - INFO - Epoch [102] Batch [0/14]                     Loss: -0.1725, Hard: 0.3684, Soft: -0.5409                     Acc: 90.00% LR: 0.000246                     Alpha: 0.5744425058364868                     Beta: -0.7044634819030762                     MemKD: 0.3860308527946472
2026-02-19 03:55:28,799 - INFO - Epoch [102/200] Train Loss: -0.1717, Train Acc: 89.29%, Val Loss: 0.4841, Val Acc: 81.78%
2026-02-19 03:55:52,765 - INFO - Epoch [103] Batch [0/14]                     Loss: -0.2229, Hard: 0.3181, Soft: -0.5410                     Acc: 90.00% LR: 0.000242                     Alpha: 0.5744425058364868                     Beta: -0.7085976600646973                     MemKD: 0.38484054803848267
2026-02-19 03:56:24,284 - INFO - Epoch [103/200] Train Loss: -0.1642, Train Acc: 87.50%, Val Loss: 0.5016, Val Acc: 80.05%
2026-02-19 03:56:49,231 - INFO - Epoch [104] Batch [0/14]                     Loss: -0.2989, Hard: 0.2658, Soft: -0.5647                     Acc: 90.00% LR: 0.000238                     Alpha: 0.5744425058364868                     Beta: -0.7126173377037048                     MemKD: 0.3836906850337982
2026-02-19 03:57:18,919 - INFO - Epoch [104/200] Train Loss: -0.2115, Train Acc: 87.14%, Val Loss: 0.4964, Val Acc: 79.92%
2026-02-19 03:57:43,930 - INFO - Epoch [105] Batch [0/14]                     Loss: -0.2633, Hard: 0.3217, Soft: -0.5850                     Acc: 85.00% LR: 0.000234                     Alpha: 0.5744425058364868                     Beta: -0.7166100740432739                     MemKD: 0.3825500011444092
2026-02-19 03:58:15,811 - INFO - Epoch [105/200] Train Loss: -0.1352, Train Acc: 84.64%, Val Loss: 0.4034, Val Acc: 85.64%
2026-02-19 03:58:15,811 - INFO - Best model saved with accuracy: 85.64%
2026-02-19 03:58:39,945 - INFO - Epoch [106] Batch [0/14]                     Loss: -0.1131, Hard: 0.4484, Soft: -0.5616                     Acc: 85.00% LR: 0.000230                     Alpha: 0.5744425058364868                     Beta: -0.7205314040184021                     MemKD: 0.3814457356929779
2026-02-19 03:59:10,581 - INFO - Epoch [106/200] Train Loss: -0.1674, Train Acc: 86.79%, Val Loss: 0.4905, Val Acc: 82.05%
2026-02-19 03:59:34,175 - INFO - Epoch [107] Batch [0/14]                     Loss: -0.1759, Hard: 0.3725, Soft: -0.5484                     Acc: 85.00% LR: 0.000226                     Alpha: 0.5744425058364868                     Beta: -0.7243826985359192                     MemKD: 0.38036495447158813
2026-02-19 04:00:05,266 - INFO - Epoch [107/200] Train Loss: -0.1844, Train Acc: 86.79%, Val Loss: 0.4159, Val Acc: 86.97%
2026-02-19 04:00:05,266 - INFO - Best model saved with accuracy: 86.97%
2026-02-19 04:00:30,704 - INFO - Epoch [108] Batch [0/14]                     Loss: -0.5032, Hard: 0.1290, Soft: -0.6322                     Acc: 100.00% LR: 0.000223                     Alpha: 0.5744425058364868                     Beta: -0.7281739115715027                     MemKD: 0.3792988955974579
2026-02-19 04:01:01,035 - INFO - Epoch [108/200] Train Loss: -0.2555, Train Acc: 87.86%, Val Loss: 0.4503, Val Acc: 84.18%
2026-02-19 04:01:24,353 - INFO - Epoch [109] Batch [0/14]                     Loss: -0.3099, Hard: 0.2909, Soft: -0.6007                     Acc: 90.00% LR: 0.000219                     Alpha: 0.5744425058364868                     Beta: -0.7319074273109436                     MemKD: 0.378248393535614
2026-02-19 04:01:54,821 - INFO - Epoch [109/200] Train Loss: -0.2543, Train Acc: 87.14%, Val Loss: 0.5007, Val Acc: 83.11%
2026-02-19 04:02:19,317 - INFO - Epoch [110] Batch [0/14]                     Loss: -0.1278, Hard: 0.4113, Soft: -0.5391                     Acc: 80.00% LR: 0.000215                     Alpha: 0.5744425058364868                     Beta: -0.7355663180351257                     MemKD: 0.3772212564945221
2026-02-19 04:02:49,102 - INFO - Epoch [110/200] Train Loss: -0.2553, Train Acc: 88.21%, Val Loss: 0.4919, Val Acc: 81.78%
2026-02-19 04:02:49,142 - INFO - Checkpoint saved at epoch 110
2026-02-19 04:03:12,818 - INFO - Epoch [111] Batch [0/14]                     Loss: -0.2233, Hard: 0.3202, Soft: -0.5435                     Acc: 85.00% LR: 0.000211                     Alpha: 0.5744425058364868                     Beta: -0.7391659617424011                     MemKD: 0.3762138783931732
2026-02-19 04:03:44,860 - INFO - Epoch [111/200] Train Loss: -0.3203, Train Acc: 88.21%, Val Loss: 0.4302, Val Acc: 84.44%
2026-02-19 04:04:09,544 - INFO - Epoch [112] Batch [0/14]                     Loss: -0.1935, Hard: 0.3319, Soft: -0.5254                     Acc: 85.00% LR: 0.000207                     Alpha: 0.5744425058364868                     Beta: -0.7427199482917786                     MemKD: 0.37522050738334656
2026-02-19 04:04:42,207 - INFO - Epoch [112/200] Train Loss: -0.3166, Train Acc: 90.71%, Val Loss: 0.4539, Val Acc: 83.64%
2026-02-19 04:05:07,127 - INFO - Epoch [113] Batch [0/14]                     Loss: -0.3875, Hard: 0.2449, Soft: -0.6323                     Acc: 95.00% LR: 0.000203                     Alpha: 0.5744425058364868                     Beta: -0.7462056279182434                     MemKD: 0.37424027919769287
2026-02-19 04:05:39,028 - INFO - Epoch [113/200] Train Loss: -0.2218, Train Acc: 86.43%, Val Loss: 0.4786, Val Acc: 82.45%
2026-02-19 04:06:03,838 - INFO - Epoch [114] Batch [0/14]                     Loss: -0.5082, Hard: 0.1272, Soft: -0.6354                     Acc: 100.00% LR: 0.000199                     Alpha: 0.5744425058364868                     Beta: -0.7495806217193604                     MemKD: 0.37330612540245056
2026-02-19 04:06:35,362 - INFO - Epoch [114/200] Train Loss: -0.2121, Train Acc: 85.36%, Val Loss: 0.4043, Val Acc: 85.24%
2026-02-19 04:07:00,053 - INFO - Epoch [115] Batch [0/14]                     Loss: -0.3191, Hard: 0.2847, Soft: -0.6038                     Acc: 80.00% LR: 0.000195                     Alpha: 0.5744425058364868                     Beta: -0.7528626918792725                     MemKD: 0.37240466475486755
2026-02-19 04:07:31,559 - INFO - Epoch [115/200] Train Loss: -0.1475, Train Acc: 83.57%, Val Loss: 0.4045, Val Acc: 86.57%
2026-02-19 04:07:57,001 - INFO - Epoch [116] Batch [0/14]                     Loss: 0.0895, Hard: 0.5925, Soft: -0.5031                     Acc: 75.00% LR: 0.000192                     Alpha: 0.5744425058364868                     Beta: -0.7560256123542786                     MemKD: 0.3715502619743347
2026-02-19 04:08:28,922 - INFO - Epoch [116/200] Train Loss: -0.3451, Train Acc: 87.86%, Val Loss: 0.4229, Val Acc: 85.11%
2026-02-19 04:08:53,262 - INFO - Epoch [117] Batch [0/14]                     Loss: -0.4762, Hard: 0.1839, Soft: -0.6601                     Acc: 95.00% LR: 0.000188                     Alpha: 0.5744425058364868                     Beta: -0.7591535449028015                     MemKD: 0.3707003593444824
2026-02-19 04:09:24,633 - INFO - Epoch [117/200] Train Loss: -0.1904, Train Acc: 85.00%, Val Loss: 0.4109, Val Acc: 86.04%
2026-02-19 04:09:49,133 - INFO - Epoch [118] Batch [0/14]                     Loss: -0.2351, Hard: 0.3380, Soft: -0.5731                     Acc: 90.00% LR: 0.000184                     Alpha: 0.5744425058364868                     Beta: -0.7622218728065491                     MemKD: 0.3698662519454956
2026-02-19 04:10:19,167 - INFO - Epoch [118/200] Train Loss: -0.1728, Train Acc: 85.36%, Val Loss: 0.4823, Val Acc: 82.98%
2026-02-19 04:10:42,931 - INFO - Epoch [119] Batch [0/14]                     Loss: -0.4378, Hard: 0.2144, Soft: -0.6523                     Acc: 90.00% LR: 0.000180                     Alpha: 0.5744425058364868                     Beta: -0.7652044296264648                     MemKD: 0.36906376481056213
2026-02-19 04:11:14,925 - INFO - Epoch [119/200] Train Loss: -0.3269, Train Acc: 89.29%, Val Loss: 0.5172, Val Acc: 80.72%
2026-02-19 04:11:40,351 - INFO - Epoch [120] Batch [0/14]                     Loss: -0.3802, Hard: 0.2719, Soft: -0.6521                     Acc: 90.00% LR: 0.000176                     Alpha: 0.5744425058364868                     Beta: -0.7681421041488647                     MemKD: 0.36827126145362854
2026-02-19 04:12:11,154 - INFO - Epoch [120/200] Train Loss: -0.3267, Train Acc: 91.07%, Val Loss: 0.4062, Val Acc: 85.51%
2026-02-19 04:12:11,196 - INFO - Checkpoint saved at epoch 120
2026-02-19 04:12:35,276 - INFO - Epoch [121] Batch [0/14]                     Loss: -0.2939, Hard: 0.3366, Soft: -0.6305                     Acc: 90.00% LR: 0.000173                     Alpha: 0.5744425058364868                     Beta: -0.7710330486297607                     MemKD: 0.3674880266189575
2026-02-19 04:13:06,113 - INFO - Epoch [121/200] Train Loss: -0.3359, Train Acc: 88.93%, Val Loss: 0.3858, Val Acc: 86.84%
2026-02-19 04:13:30,795 - INFO - Epoch [122] Batch [0/14]                     Loss: -0.4313, Hard: 0.2071, Soft: -0.6384                     Acc: 95.00% LR: 0.000169                     Alpha: 0.5744425058364868                     Beta: -0.7738845348358154                     MemKD: 0.36671286821365356
2026-02-19 04:14:01,547 - INFO - Epoch [122/200] Train Loss: -0.3492, Train Acc: 90.36%, Val Loss: 0.3887, Val Acc: 86.44%
2026-02-19 04:14:24,591 - INFO - Epoch [123] Batch [0/14]                     Loss: -0.0626, Hard: 0.5317, Soft: -0.5943                     Acc: 80.00% LR: 0.000165                     Alpha: 0.5744425058364868                     Beta: -0.7766587138175964                     MemKD: 0.3659631013870239
2026-02-19 04:14:55,809 - INFO - Epoch [123/200] Train Loss: -0.2699, Train Acc: 85.36%, Val Loss: 0.4097, Val Acc: 84.84%
2026-02-19 04:15:19,331 - INFO - Epoch [124] Batch [0/14]                     Loss: -0.3381, Hard: 0.2818, Soft: -0.6198                     Acc: 85.00% LR: 0.000162                     Alpha: 0.5744425058364868                     Beta: -0.7793528437614441                     MemKD: 0.36524009704589844
2026-02-19 04:15:50,168 - INFO - Epoch [124/200] Train Loss: -0.3438, Train Acc: 90.00%, Val Loss: 0.3653, Val Acc: 86.30%
2026-02-19 04:16:14,697 - INFO - Epoch [125] Batch [0/14]                     Loss: -0.2130, Hard: 0.3966, Soft: -0.6096                     Acc: 85.00% LR: 0.000158                     Alpha: 0.5744425058364868                     Beta: -0.7819666266441345                     MemKD: 0.3645443022251129
2026-02-19 04:16:43,487 - INFO - Epoch [125/200] Train Loss: -0.3069, Train Acc: 86.43%, Val Loss: 0.4771, Val Acc: 83.38%
2026-02-19 04:17:07,373 - INFO - Epoch [126] Batch [0/14]                     Loss: -0.3327, Hard: 0.3116, Soft: -0.6443                     Acc: 80.00% LR: 0.000154                     Alpha: 0.5744425058364868                     Beta: -0.7845346927642822                     MemKD: 0.3638592064380646
2026-02-19 04:17:39,879 - INFO - Epoch [126/200] Train Loss: -0.3165, Train Acc: 86.79%, Val Loss: 0.4798, Val Acc: 83.24%
2026-02-19 04:18:05,344 - INFO - Epoch [127] Batch [0/14]                     Loss: -0.1841, Hard: 0.4231, Soft: -0.6072                     Acc: 85.00% LR: 0.000151                     Alpha: 0.5744425058364868                     Beta: -0.7870373725891113                     MemKD: 0.3631945848464966
2026-02-19 04:18:35,001 - INFO - Epoch [127/200] Train Loss: -0.3961, Train Acc: 90.71%, Val Loss: 0.4833, Val Acc: 82.71%
2026-02-19 04:18:58,855 - INFO - Epoch [128] Batch [0/14]                     Loss: -0.2475, Hard: 0.3839, Soft: -0.6314                     Acc: 90.00% LR: 0.000147                     Alpha: 0.5744425058364868                     Beta: -0.7894861102104187                     MemKD: 0.36254462599754333
2026-02-19 04:19:30,531 - INFO - Epoch [128/200] Train Loss: -0.3814, Train Acc: 90.36%, Val Loss: 0.5505, Val Acc: 78.32%
2026-02-19 04:19:55,957 - INFO - Epoch [129] Batch [0/14]                     Loss: 0.1450, Hard: 0.6516, Soft: -0.5065                     Acc: 80.00% LR: 0.000144                     Alpha: 0.5744425058364868                     Beta: -0.7918873429298401                     MemKD: 0.3619036376476288
2026-02-19 04:20:26,143 - INFO - Epoch [129/200] Train Loss: -0.3036, Train Acc: 87.14%, Val Loss: 0.4628, Val Acc: 82.85%
2026-02-19 04:20:49,831 - INFO - Epoch [130] Batch [0/14]                     Loss: -0.5515, Hard: 0.1478, Soft: -0.6992                     Acc: 95.00% LR: 0.000140                     Alpha: 0.5744425058364868                     Beta: -0.7942196130752563                     MemKD: 0.3612861633300781
2026-02-19 04:21:21,526 - INFO - Epoch [130/200] Train Loss: -0.3578, Train Acc: 89.29%, Val Loss: 0.4788, Val Acc: 80.72%
2026-02-19 04:21:21,568 - INFO - Checkpoint saved at epoch 130
2026-02-19 04:21:46,640 - INFO - Epoch [131] Batch [0/14]                     Loss: -0.0931, Hard: 0.4522, Soft: -0.5453                     Acc: 90.00% LR: 0.000137                     Alpha: 0.5744425058364868                     Beta: -0.796480119228363                     MemKD: 0.36069199442863464
2026-02-19 04:22:17,041 - INFO - Epoch [131/200] Train Loss: -0.3317, Train Acc: 87.86%, Val Loss: 0.4254, Val Acc: 84.84%
2026-02-19 04:22:39,778 - INFO - Epoch [132] Batch [0/14]                     Loss: -0.2229, Hard: 0.3901, Soft: -0.6130                     Acc: 90.00% LR: 0.000133                     Alpha: 0.5744425058364868                     Beta: -0.7986606955528259                     MemKD: 0.3601228594779968
2026-02-19 04:23:11,183 - INFO - Epoch [132/200] Train Loss: -0.3280, Train Acc: 86.43%, Val Loss: 0.3733, Val Acc: 86.70%
2026-02-19 04:23:36,759 - INFO - Epoch [133] Batch [0/14]                     Loss: -0.4335, Hard: 0.2310, Soft: -0.6646                     Acc: 95.00% LR: 0.000130                     Alpha: 0.5744425058364868                     Beta: -0.8007856607437134                     MemKD: 0.35956841707229614
2026-02-19 04:24:09,402 - INFO - Epoch [133/200] Train Loss: -0.4042, Train Acc: 90.71%, Val Loss: 0.4243, Val Acc: 83.78%
2026-02-19 04:24:32,514 - INFO - Epoch [134] Batch [0/14]                     Loss: -0.3811, Hard: 0.2503, Soft: -0.6314                     Acc: 95.00% LR: 0.000126                     Alpha: 0.5744425058364868                     Beta: -0.8028923273086548                     MemKD: 0.35901695489883423
2026-02-19 04:25:04,571 - INFO - Epoch [134/200] Train Loss: -0.4039, Train Acc: 89.29%, Val Loss: 0.3724, Val Acc: 86.97%
2026-02-19 04:25:29,395 - INFO - Epoch [135] Batch [0/14]                     Loss: -0.5188, Hard: 0.2050, Soft: -0.7238                     Acc: 95.00% LR: 0.000123                     Alpha: 0.5744425058364868                     Beta: -0.8049306273460388                     MemKD: 0.35848528146743774
2026-02-19 04:26:01,682 - INFO - Epoch [135/200] Train Loss: -0.3455, Train Acc: 88.57%, Val Loss: 0.3806, Val Acc: 86.97%
2026-02-19 04:26:26,611 - INFO - Epoch [136] Batch [0/14]                     Loss: 0.0680, Hard: 0.6116, Soft: -0.5436                     Acc: 75.00% LR: 0.000119                     Alpha: 0.5744425058364868                     Beta: -0.806917667388916                     MemKD: 0.35796642303466797
2026-02-19 04:26:57,984 - INFO - Epoch [136/200] Train Loss: -0.4284, Train Acc: 91.43%, Val Loss: 0.4133, Val Acc: 83.51%
2026-02-19 04:27:22,698 - INFO - Epoch [137] Batch [0/14]                     Loss: -0.6845, Hard: 0.0822, Soft: -0.7667                     Acc: 100.00% LR: 0.000116                     Alpha: 0.5744425058364868                     Beta: -0.8088313341140747                     MemKD: 0.35746774077415466
2026-02-19 04:27:53,005 - INFO - Epoch [137/200] Train Loss: -0.3634, Train Acc: 87.86%, Val Loss: 0.4144, Val Acc: 84.84%
2026-02-19 04:28:17,191 - INFO - Epoch [138] Batch [0/14]                     Loss: -0.6471, Hard: 0.1146, Soft: -0.7617                     Acc: 95.00% LR: 0.000113                     Alpha: 0.5744425058364868                     Beta: -0.8106750249862671                     MemKD: 0.3569892942905426
2026-02-19 04:28:47,748 - INFO - Epoch [138/200] Train Loss: -0.4442, Train Acc: 90.71%, Val Loss: 0.4139, Val Acc: 85.90%
2026-02-19 04:29:12,753 - INFO - Epoch [139] Batch [0/14]                     Loss: -0.2694, Hard: 0.3584, Soft: -0.6278                     Acc: 85.00% LR: 0.000109                     Alpha: 0.5744425058364868                     Beta: -0.8124842047691345                     MemKD: 0.35651862621307373
2026-02-19 04:29:43,545 - INFO - Epoch [139/200] Train Loss: -0.3267, Train Acc: 86.79%, Val Loss: 0.3908, Val Acc: 86.17%
2026-02-19 04:30:08,637 - INFO - Epoch [140] Batch [0/14]                     Loss: -0.4322, Hard: 0.2414, Soft: -0.6736                     Acc: 95.00% LR: 0.000106                     Alpha: 0.5744425058364868                     Beta: -0.8142427206039429                     MemKD: 0.3560658395290375
2026-02-19 04:30:40,647 - INFO - Epoch [140/200] Train Loss: -0.4279, Train Acc: 91.07%, Val Loss: 0.3499, Val Acc: 88.16%
2026-02-19 04:30:40,647 - INFO - Best model saved with accuracy: 88.16%
2026-02-19 04:30:40,712 - INFO - Checkpoint saved at epoch 140
2026-02-19 04:31:05,575 - INFO - Epoch [141] Batch [0/14]                     Loss: -0.6218, Hard: 0.1428, Soft: -0.7646                     Acc: 95.00% LR: 0.000103                     Alpha: 0.5744425058364868                     Beta: -0.8159330487251282                     MemKD: 0.3556331694126129
2026-02-19 04:31:37,025 - INFO - Epoch [141/200] Train Loss: -0.3627, Train Acc: 88.57%, Val Loss: 0.4458, Val Acc: 83.24%
2026-02-19 04:32:01,695 - INFO - Epoch [142] Batch [0/14]                     Loss: -0.6044, Hard: 0.1045, Soft: -0.7090                     Acc: 100.00% LR: 0.000100                     Alpha: 0.5744425058364868                     Beta: -0.817587673664093                     MemKD: 0.3552085757255554
2026-02-19 04:32:31,974 - INFO - Epoch [142/200] Train Loss: -0.4153, Train Acc: 90.36%, Val Loss: 0.4082, Val Acc: 84.97%
2026-02-19 04:32:57,386 - INFO - Epoch [143] Batch [0/14]                     Loss: -0.4587, Hard: 0.2361, Soft: -0.6948                     Acc: 85.00% LR: 0.000097                     Alpha: 0.5744425058364868                     Beta: -0.8191710710525513                     MemKD: 0.35480397939682007
2026-02-19 04:33:28,727 - INFO - Epoch [143/200] Train Loss: -0.3890, Train Acc: 86.79%, Val Loss: 0.3650, Val Acc: 87.37%
2026-02-19 04:33:52,742 - INFO - Epoch [144] Batch [0/14]                     Loss: -0.6289, Hard: 0.1414, Soft: -0.7703                     Acc: 95.00% LR: 0.000094                     Alpha: 0.5744425058364868                     Beta: -0.8207193613052368                     MemKD: 0.3544076383113861
2026-02-19 04:34:24,021 - INFO - Epoch [144/200] Train Loss: -0.4437, Train Acc: 89.64%, Val Loss: 0.3582, Val Acc: 86.57%
2026-02-19 04:34:47,512 - INFO - Epoch [145] Batch [0/14]                     Loss: -0.4185, Hard: 0.2301, Soft: -0.6485                     Acc: 95.00% LR: 0.000091                     Alpha: 0.5744425058364868                     Beta: -0.82222580909729                     MemKD: 0.35402122139930725
2026-02-19 04:35:18,422 - INFO - Epoch [145/200] Train Loss: -0.3808, Train Acc: 89.64%, Val Loss: 0.4256, Val Acc: 83.51%
2026-02-19 04:35:42,556 - INFO - Epoch [146] Batch [0/14]                     Loss: -0.2664, Hard: 0.3860, Soft: -0.6525                     Acc: 80.00% LR: 0.000088                     Alpha: 0.5744425058364868                     Beta: -0.8236497640609741                     MemKD: 0.3536614179611206
2026-02-19 04:36:11,786 - INFO - Epoch [146/200] Train Loss: -0.3697, Train Acc: 86.43%, Val Loss: 0.3771, Val Acc: 87.50%
2026-02-19 04:36:36,649 - INFO - Epoch [147] Batch [0/14]                     Loss: -0.3649, Hard: 0.3110, Soft: -0.6759                     Acc: 90.00% LR: 0.000085                     Alpha: 0.5744425058364868                     Beta: -0.8250377178192139                     MemKD: 0.35330966114997864
2026-02-19 04:37:08,790 - INFO - Epoch [147/200] Train Loss: -0.4135, Train Acc: 88.57%, Val Loss: 0.3735, Val Acc: 86.30%
2026-02-19 04:37:33,840 - INFO - Epoch [148] Batch [0/14]                     Loss: -0.5278, Hard: 0.2337, Soft: -0.7616                     Acc: 90.00% LR: 0.000082                     Alpha: 0.5744425058364868                     Beta: -0.8263702392578125                     MemKD: 0.35297322273254395
2026-02-19 04:38:02,892 - INFO - Epoch [148/200] Train Loss: -0.5121, Train Acc: 91.79%, Val Loss: 0.3681, Val Acc: 87.63%
2026-02-19 04:38:27,976 - INFO - Epoch [149] Batch [0/14]                     Loss: -0.5863, Hard: 0.1559, Soft: -0.7421                     Acc: 95.00% LR: 0.000079                     Alpha: 0.5744425058364868                     Beta: -0.8276751637458801                     MemKD: 0.352639764547348
2026-02-19 04:38:59,482 - INFO - Epoch [149/200] Train Loss: -0.4560, Train Acc: 90.36%, Val Loss: 0.3880, Val Acc: 86.04%
2026-02-19 04:39:23,596 - INFO - Epoch [150] Batch [0/14]                     Loss: -0.5293, Hard: 0.2152, Soft: -0.7445                     Acc: 90.00% LR: 0.000076                     Alpha: 0.5744425058364868                     Beta: -0.8289255499839783                     MemKD: 0.35232117772102356
2026-02-19 04:39:53,930 - INFO - Epoch [150/200] Train Loss: -0.4970, Train Acc: 92.86%, Val Loss: 0.4042, Val Acc: 85.51%
2026-02-19 04:39:53,970 - INFO - Checkpoint saved at epoch 150
2026-02-19 04:40:18,252 - INFO - Epoch [151] Batch [0/14]                     Loss: -0.4589, Hard: 0.2537, Soft: -0.7126                     Acc: 90.00% LR: 0.000073                     Alpha: 0.5744425058364868                     Beta: -0.8301361799240112                     MemKD: 0.3520132005214691
2026-02-19 04:40:49,626 - INFO - Epoch [151/200] Train Loss: -0.4413, Train Acc: 92.14%, Val Loss: 0.3978, Val Acc: 84.71%
2026-02-19 04:41:14,108 - INFO - Epoch [152] Batch [0/14]                     Loss: -0.5896, Hard: 0.1353, Soft: -0.7249                     Acc: 90.00% LR: 0.000070                     Alpha: 0.5744425058364868                     Beta: -0.831293523311615                     MemKD: 0.3517208993434906
2026-02-19 04:41:44,976 - INFO - Epoch [152/200] Train Loss: -0.5388, Train Acc: 92.86%, Val Loss: 0.3632, Val Acc: 87.23%
2026-02-19 04:42:07,911 - INFO - Epoch [153] Batch [0/14]                     Loss: -0.6525, Hard: 0.1117, Soft: -0.7642                     Acc: 95.00% LR: 0.000068                     Alpha: 0.5744425058364868                     Beta: -0.8324206471443176                     MemKD: 0.3514341413974762
2026-02-19 04:42:40,457 - INFO - Epoch [153/200] Train Loss: -0.4240, Train Acc: 90.00%, Val Loss: 0.4305, Val Acc: 82.85%
2026-02-19 04:43:05,693 - INFO - Epoch [154] Batch [0/14]                     Loss: -0.4872, Hard: 0.2460, Soft: -0.7332                     Acc: 90.00% LR: 0.000065                     Alpha: 0.5744425058364868                     Beta: -0.8335004448890686                     MemKD: 0.35116085410118103
2026-02-19 04:43:36,997 - INFO - Epoch [154/200] Train Loss: -0.4372, Train Acc: 88.21%, Val Loss: 0.3674, Val Acc: 87.50%
2026-02-19 04:44:01,772 - INFO - Epoch [155] Batch [0/14]                     Loss: -0.7114, Hard: 0.0687, Soft: -0.7801                     Acc: 100.00% LR: 0.000062                     Alpha: 0.5744425058364868                     Beta: -0.8345237374305725                     MemKD: 0.3509046137332916
2026-02-19 04:44:33,371 - INFO - Epoch [155/200] Train Loss: -0.5561, Train Acc: 95.36%, Val Loss: 0.3672, Val Acc: 87.50%
2026-02-19 04:44:57,714 - INFO - Epoch [156] Batch [0/14]                     Loss: -0.4917, Hard: 0.2329, Soft: -0.7246                     Acc: 90.00% LR: 0.000060                     Alpha: 0.5744425058364868                     Beta: -0.8355210423469543                     MemKD: 0.35065317153930664
2026-02-19 04:45:29,096 - INFO - Epoch [156/200] Train Loss: -0.4128, Train Acc: 88.57%, Val Loss: 0.3727, Val Acc: 86.84%
2026-02-19 04:45:53,432 - INFO - Epoch [157] Batch [0/14]                     Loss: -0.5069, Hard: 0.1997, Soft: -0.7066                     Acc: 90.00% LR: 0.000057                     Alpha: 0.5744425058364868                     Beta: -0.836467444896698                     MemKD: 0.3504166603088379
2026-02-19 04:46:25,233 - INFO - Epoch [157/200] Train Loss: -0.4441, Train Acc: 88.57%, Val Loss: 0.3894, Val Acc: 86.44%
2026-02-19 04:46:49,593 - INFO - Epoch [158] Batch [0/14]                     Loss: -0.4254, Hard: 0.3064, Soft: -0.7318                     Acc: 85.00% LR: 0.000055                     Alpha: 0.5744425058364868                     Beta: -0.8373640775680542                     MemKD: 0.35019320249557495
2026-02-19 04:47:19,812 - INFO - Epoch [158/200] Train Loss: -0.4470, Train Acc: 89.64%, Val Loss: 0.3358, Val Acc: 88.43%
2026-02-19 04:47:19,813 - INFO - Best model saved with accuracy: 88.43%
2026-02-19 04:47:42,941 - INFO - Epoch [159] Batch [0/14]                     Loss: -0.6780, Hard: 0.1026, Soft: -0.7807                     Acc: 100.00% LR: 0.000052                     Alpha: 0.5744425058364868                     Beta: -0.8382106423377991                     MemKD: 0.34998324513435364
2026-02-19 04:48:14,436 - INFO - Epoch [159/200] Train Loss: -0.4025, Train Acc: 90.00%, Val Loss: 0.3526, Val Acc: 87.23%
2026-02-19 04:48:39,066 - INFO - Epoch [160] Batch [0/14]                     Loss: -0.5317, Hard: 0.2329, Soft: -0.7645                     Acc: 95.00% LR: 0.000050                     Alpha: 0.5744425058364868                     Beta: -0.8390198945999146                     MemKD: 0.3497825860977173
2026-02-19 04:49:10,574 - INFO - Epoch [160/200] Train Loss: -0.4484, Train Acc: 89.29%, Val Loss: 0.3453, Val Acc: 88.56%
2026-02-19 04:49:10,575 - INFO - Best model saved with accuracy: 88.56%
2026-02-19 04:49:10,628 - INFO - Checkpoint saved at epoch 160
2026-02-19 04:49:35,525 - INFO - Epoch [161] Batch [0/14]                     Loss: -0.0706, Hard: 0.5538, Soft: -0.6244                     Acc: 80.00% LR: 0.000048                     Alpha: 0.5744425058364868                     Beta: -0.839787483215332                     MemKD: 0.3495927155017853
2026-02-19 04:50:06,998 - INFO - Epoch [161/200] Train Loss: -0.4415, Train Acc: 89.29%, Val Loss: 0.3847, Val Acc: 85.90%
2026-02-19 04:50:32,959 - INFO - Epoch [162] Batch [0/14]                     Loss: -0.6690, Hard: 0.1040, Soft: -0.7729                     Acc: 100.00% LR: 0.000045                     Alpha: 0.5744425058364868                     Beta: -0.8405262231826782                     MemKD: 0.34940969944000244
2026-02-19 04:51:03,823 - INFO - Epoch [162/200] Train Loss: -0.5258, Train Acc: 92.50%, Val Loss: 0.3854, Val Acc: 86.04%
2026-02-19 04:51:28,383 - INFO - Epoch [163] Batch [0/14]                     Loss: -0.5294, Hard: 0.2226, Soft: -0.7520                     Acc: 90.00% LR: 0.000043                     Alpha: 0.5744425058364868                     Beta: -0.8412401676177979                     MemKD: 0.3492320477962494
2026-02-19 04:51:59,409 - INFO - Epoch [163/200] Train Loss: -0.5445, Train Acc: 92.50%, Val Loss: 0.3410, Val Acc: 88.16%
2026-02-19 04:52:24,715 - INFO - Epoch [164] Batch [0/14]                     Loss: -0.7060, Hard: 0.0972, Soft: -0.8032                     Acc: 100.00% LR: 0.000041                     Alpha: 0.5744425058364868                     Beta: -0.8419227004051208                     MemKD: 0.34906160831451416
2026-02-19 04:52:56,619 - INFO - Epoch [164/200] Train Loss: -0.4837, Train Acc: 91.43%, Val Loss: 0.3478, Val Acc: 87.63%
2026-02-19 04:53:20,870 - INFO - Epoch [165] Batch [0/14]                     Loss: -0.5172, Hard: 0.1865, Soft: -0.7037                     Acc: 95.00% LR: 0.000039                     Alpha: 0.5744425058364868                     Beta: -0.8425616025924683                     MemKD: 0.3489038050174713
2026-02-19 04:53:50,641 - INFO - Epoch [165/200] Train Loss: -0.5215, Train Acc: 92.14%, Val Loss: 0.3611, Val Acc: 86.84%
2026-02-19 04:54:14,343 - INFO - Epoch [166] Batch [0/14]                     Loss: -0.4856, Hard: 0.2758, Soft: -0.7614                     Acc: 90.00% LR: 0.000037                     Alpha: 0.5744425058364868                     Beta: -0.8431679606437683                     MemKD: 0.34875383973121643
2026-02-19 04:54:47,277 - INFO - Epoch [166/200] Train Loss: -0.4976, Train Acc: 90.36%, Val Loss: 0.3882, Val Acc: 85.90%
2026-02-19 04:55:12,064 - INFO - Epoch [167] Batch [0/14]                     Loss: -0.6148, Hard: 0.1687, Soft: -0.7836                     Acc: 95.00% LR: 0.000035                     Alpha: 0.5744425058364868                     Beta: -0.8437421917915344                     MemKD: 0.3486122488975525
2026-02-19 04:55:42,603 - INFO - Epoch [167/200] Train Loss: -0.5148, Train Acc: 91.07%, Val Loss: 0.3674, Val Acc: 87.90%
2026-02-19 04:56:05,180 - INFO - Epoch [168] Batch [0/14]                     Loss: -0.5673, Hard: 0.2058, Soft: -0.7731                     Acc: 95.00% LR: 0.000033                     Alpha: 0.5744425058364868                     Beta: -0.844281017780304                     MemKD: 0.3484799861907959
2026-02-19 04:56:37,341 - INFO - Epoch [168/200] Train Loss: -0.4852, Train Acc: 91.43%, Val Loss: 0.3637, Val Acc: 86.97%
2026-02-19 04:57:02,267 - INFO - Epoch [169] Batch [0/14]                     Loss: -0.6327, Hard: 0.1674, Soft: -0.8002                     Acc: 95.00% LR: 0.000031                     Alpha: 0.5744425058364868                     Beta: -0.844785749912262                     MemKD: 0.3483561873435974
2026-02-19 04:57:32,103 - INFO - Epoch [169/200] Train Loss: -0.4327, Train Acc: 89.64%, Val Loss: 0.3554, Val Acc: 87.10%
2026-02-19 04:57:55,459 - INFO - Epoch [170] Batch [0/14]                     Loss: -0.2411, Hard: 0.3926, Soft: -0.6336                     Acc: 85.00% LR: 0.000029                     Alpha: 0.5744425058364868                     Beta: -0.8452613353729248                     MemKD: 0.34823986887931824
2026-02-19 04:58:26,631 - INFO - Epoch [170/200] Train Loss: -0.5113, Train Acc: 91.07%, Val Loss: 0.3414, Val Acc: 88.70%
2026-02-19 04:58:26,631 - INFO - Best model saved with accuracy: 88.70%
2026-02-19 04:58:26,685 - INFO - Checkpoint saved at epoch 170
2026-02-19 04:58:52,194 - INFO - Epoch [171] Batch [0/14]                     Loss: -0.8040, Hard: 0.0314, Soft: -0.8355                     Acc: 100.00% LR: 0.000027                     Alpha: 0.5744425058364868                     Beta: -0.8457028865814209                     MemKD: 0.3481321632862091
2026-02-19 04:59:23,536 - INFO - Epoch [171/200] Train Loss: -0.5920, Train Acc: 93.21%, Val Loss: 0.3484, Val Acc: 87.90%
2026-02-19 04:59:47,634 - INFO - Epoch [172] Batch [0/14]                     Loss: -0.6006, Hard: 0.1500, Soft: -0.7506                     Acc: 100.00% LR: 0.000025                     Alpha: 0.5744425058364868                     Beta: -0.846128523349762                     MemKD: 0.3480270802974701
2026-02-19 05:00:18,131 - INFO - Epoch [172/200] Train Loss: -0.4498, Train Acc: 90.36%, Val Loss: 0.3463, Val Acc: 87.63%
2026-02-19 05:00:44,091 - INFO - Epoch [173] Batch [0/14]                     Loss: -0.5213, Hard: 0.1970, Soft: -0.7183                     Acc: 85.00% LR: 0.000024                     Alpha: 0.5744425058364868                     Beta: -0.8465201258659363                     MemKD: 0.34793123602867126
2026-02-19 05:01:15,585 - INFO - Epoch [173/200] Train Loss: -0.4350, Train Acc: 90.36%, Val Loss: 0.3451, Val Acc: 87.50%
2026-02-19 05:01:39,841 - INFO - Epoch [174] Batch [0/14]                     Loss: -0.6771, Hard: 0.1274, Soft: -0.8045                     Acc: 95.00% LR: 0.000022                     Alpha: 0.5744425058364868                     Beta: -0.8468796014785767                     MemKD: 0.34784403443336487
2026-02-19 05:02:11,043 - INFO - Epoch [174/200] Train Loss: -0.4627, Train Acc: 89.64%, Val Loss: 0.3387, Val Acc: 88.43%
2026-02-19 05:02:36,570 - INFO - Epoch [175] Batch [0/14]                     Loss: -0.5352, Hard: 0.2211, Soft: -0.7563                     Acc: 90.00% LR: 0.000021                     Alpha: 0.5744425058364868                     Beta: -0.8472131490707397                     MemKD: 0.34776338934898376
2026-02-19 05:03:07,907 - INFO - Epoch [175/200] Train Loss: -0.4980, Train Acc: 90.71%, Val Loss: 0.3536, Val Acc: 88.03%
2026-02-19 05:03:32,116 - INFO - Epoch [176] Batch [0/14]                     Loss: -0.4703, Hard: 0.2780, Soft: -0.7483                     Acc: 85.00% LR: 0.000019                     Alpha: 0.5744425058364868                     Beta: -0.8475261330604553                     MemKD: 0.347687691450119
2026-02-19 05:04:04,684 - INFO - Epoch [176/200] Train Loss: -0.5344, Train Acc: 92.14%, Val Loss: 0.3487, Val Acc: 88.56%
2026-02-19 05:04:28,897 - INFO - Epoch [177] Batch [0/14]                     Loss: -0.5097, Hard: 0.2477, Soft: -0.7574                     Acc: 90.00% LR: 0.000018                     Alpha: 0.5744425058364868                     Beta: -0.8478177785873413                     MemKD: 0.3476167321205139
2026-02-19 05:05:00,507 - INFO - Epoch [177/200] Train Loss: -0.4406, Train Acc: 88.93%, Val Loss: 0.3455, Val Acc: 87.10%
2026-02-19 05:05:24,665 - INFO - Epoch [178] Batch [0/14]                     Loss: -0.5294, Hard: 0.2000, Soft: -0.7294                     Acc: 95.00% LR: 0.000016                     Alpha: 0.5744425058364868                     Beta: -0.8480854630470276                     MemKD: 0.3475518822669983
2026-02-19 05:05:55,219 - INFO - Epoch [178/200] Train Loss: -0.5580, Train Acc: 94.29%, Val Loss: 0.3544, Val Acc: 86.84%
2026-02-19 05:06:19,732 - INFO - Epoch [179] Batch [0/14]                     Loss: -0.2076, Hard: 0.4495, Soft: -0.6570                     Acc: 75.00% LR: 0.000015                     Alpha: 0.5744425058364868                     Beta: -0.8483352065086365                     MemKD: 0.3474911153316498
2026-02-19 05:06:51,410 - INFO - Epoch [179/200] Train Loss: -0.4481, Train Acc: 91.07%, Val Loss: 0.3408, Val Acc: 88.16%
2026-02-19 05:07:16,200 - INFO - Epoch [180] Batch [0/14]                     Loss: -0.5698, Hard: 0.1597, Soft: -0.7295                     Acc: 95.00% LR: 0.000013                     Alpha: 0.5744425058364868                     Beta: -0.8485590219497681                     MemKD: 0.3474369943141937
2026-02-19 05:07:48,038 - INFO - Epoch [180/200] Train Loss: -0.5010, Train Acc: 91.07%, Val Loss: 0.3416, Val Acc: 87.50%
2026-02-19 05:07:48,076 - INFO - Checkpoint saved at epoch 180
2026-02-19 05:08:12,057 - INFO - Epoch [181] Batch [0/14]                     Loss: -0.3590, Hard: 0.3197, Soft: -0.6787                     Acc: 85.00% LR: 0.000012                     Alpha: 0.5744425058364868                     Beta: -0.8487623333930969                     MemKD: 0.3473879098892212
2026-02-19 05:08:43,462 - INFO - Epoch [181/200] Train Loss: -0.5508, Train Acc: 92.50%, Val Loss: 0.3505, Val Acc: 87.23%
2026-02-19 05:09:08,291 - INFO - Epoch [182] Batch [0/14]                     Loss: -0.5496, Hard: 0.2108, Soft: -0.7604                     Acc: 90.00% LR: 0.000011                     Alpha: 0.5744425058364868                     Beta: -0.8489485383033752                     MemKD: 0.34734275937080383
2026-02-19 05:09:38,365 - INFO - Epoch [182/200] Train Loss: -0.4578, Train Acc: 91.07%, Val Loss: 0.3432, Val Acc: 87.90%
2026-02-19 05:10:02,970 - INFO - Epoch [183] Batch [0/14]                     Loss: -0.4278, Hard: 0.2976, Soft: -0.7254                     Acc: 80.00% LR: 0.000010                     Alpha: 0.5744425058364868                     Beta: -0.8491164445877075                     MemKD: 0.3473021984100342
2026-02-19 05:10:34,356 - INFO - Epoch [183/200] Train Loss: -0.5400, Train Acc: 91.79%, Val Loss: 0.3466, Val Acc: 87.23%
2026-02-19 05:10:59,624 - INFO - Epoch [184] Batch [0/14]                     Loss: -0.2901, Hard: 0.3816, Soft: -0.6717                     Acc: 85.00% LR: 0.000009                     Alpha: 0.5744425058364868                     Beta: -0.8492664694786072                     MemKD: 0.3472660779953003
2026-02-19 05:11:29,037 - INFO - Epoch [184/200] Train Loss: -0.4612, Train Acc: 88.57%, Val Loss: 0.3390, Val Acc: 88.56%
2026-02-19 05:11:53,059 - INFO - Epoch [185] Batch [0/14]                     Loss: -0.2742, Hard: 0.3609, Soft: -0.6352                     Acc: 85.00% LR: 0.000008                     Alpha: 0.5744425058364868                     Beta: -0.8494004607200623                     MemKD: 0.3472338914871216
2026-02-19 05:12:25,096 - INFO - Epoch [185/200] Train Loss: -0.4595, Train Acc: 89.64%, Val Loss: 0.3561, Val Acc: 86.44%
2026-02-19 05:12:49,158 - INFO - Epoch [186] Batch [0/14]                     Loss: -0.1373, Hard: 0.5379, Soft: -0.6753                     Acc: 90.00% LR: 0.000007                     Alpha: 0.5744425058364868                     Beta: -0.8495192527770996                     MemKD: 0.347205251455307
2026-02-19 05:13:19,238 - INFO - Epoch [186/200] Train Loss: -0.4715, Train Acc: 91.43%, Val Loss: 0.3478, Val Acc: 88.16%
2026-02-19 05:13:43,327 - INFO - Epoch [187] Batch [0/14]                     Loss: -0.5638, Hard: 0.2102, Soft: -0.7741                     Acc: 90.00% LR: 0.000006                     Alpha: 0.5744425058364868                     Beta: -0.8496221899986267                     MemKD: 0.34718069434165955
2026-02-19 05:14:15,508 - INFO - Epoch [187/200] Train Loss: -0.4836, Train Acc: 92.86%, Val Loss: 0.3529, Val Acc: 88.30%
2026-02-19 05:14:40,830 - INFO - Epoch [188] Batch [0/14]                     Loss: -0.6953, Hard: 0.1056, Soft: -0.8009                     Acc: 100.00% LR: 0.000005                     Alpha: 0.5744425058364868                     Beta: -0.8497132062911987                     MemKD: 0.3471587598323822
2026-02-19 05:15:12,281 - INFO - Epoch [188/200] Train Loss: -0.5287, Train Acc: 92.50%, Val Loss: 0.3548, Val Acc: 87.77%
2026-02-19 05:15:36,397 - INFO - Epoch [189] Batch [0/14]                     Loss: 0.2269, Hard: 0.7788, Soft: -0.5519                     Acc: 85.00% LR: 0.000004                     Alpha: 0.5744425058364868                     Beta: -0.8497918844223022                     MemKD: 0.3471399247646332
2026-02-19 05:16:08,476 - INFO - Epoch [189/200] Train Loss: -0.5120, Train Acc: 91.79%, Val Loss: 0.3512, Val Acc: 87.77%
2026-02-19 05:16:34,315 - INFO - Epoch [190] Batch [0/14]                     Loss: -0.2908, Hard: 0.4023, Soft: -0.6932                     Acc: 90.00% LR: 0.000004                     Alpha: 0.5744425058364868                     Beta: -0.8498589992523193                     MemKD: 0.3471238315105438
2026-02-19 05:17:06,761 - INFO - Epoch [190/200] Train Loss: -0.3888, Train Acc: 87.50%, Val Loss: 0.3379, Val Acc: 88.30%
2026-02-19 05:17:06,809 - INFO - Checkpoint saved at epoch 190
2026-02-19 05:17:30,956 - INFO - Epoch [191] Batch [0/14]                     Loss: -0.4365, Hard: 0.2861, Soft: -0.7226                     Acc: 85.00% LR: 0.000003                     Alpha: 0.5744425058364868                     Beta: -0.8499141335487366                     MemKD: 0.34711071848869324
2026-02-19 05:18:02,738 - INFO - Epoch [191/200] Train Loss: -0.5083, Train Acc: 91.07%, Val Loss: 0.3322, Val Acc: 88.56%
2026-02-19 05:18:27,658 - INFO - Epoch [192] Batch [0/14]                     Loss: -0.5976, Hard: 0.1772, Soft: -0.7748                     Acc: 95.00% LR: 0.000002                     Alpha: 0.5744425058364868                     Beta: -0.849960207939148                     MemKD: 0.34709975123405457
2026-02-19 05:18:59,380 - INFO - Epoch [192/200] Train Loss: -0.5165, Train Acc: 92.14%, Val Loss: 0.3343, Val Acc: 87.50%
2026-02-19 05:19:23,949 - INFO - Epoch [193] Batch [0/14]                     Loss: -0.7038, Hard: 0.0854, Soft: -0.7893                     Acc: 100.00% LR: 0.000002                     Alpha: 0.5744425058364868                     Beta: -0.849997878074646                     MemKD: 0.3470907211303711
2026-02-19 05:19:53,908 - INFO - Epoch [193/200] Train Loss: -0.5651, Train Acc: 92.50%, Val Loss: 0.3435, Val Acc: 88.43%
2026-02-19 05:20:18,784 - INFO - Epoch [194] Batch [0/14]                     Loss: -0.1995, Hard: 0.4375, Soft: -0.6370                     Acc: 85.00% LR: 0.000002                     Alpha: 0.5744425058364868                     Beta: -0.8500279188156128                     MemKD: 0.34708353877067566
2026-02-19 05:20:50,289 - INFO - Epoch [194/200] Train Loss: -0.5109, Train Acc: 90.71%, Val Loss: 0.3332, Val Acc: 89.36%
2026-02-19 05:20:50,289 - INFO - Best model saved with accuracy: 89.36%
2026-02-19 05:21:14,526 - INFO - Epoch [195] Batch [0/14]                     Loss: -0.5407, Hard: 0.2274, Soft: -0.7681                     Acc: 90.00% LR: 0.000001                     Alpha: 0.5744425058364868                     Beta: -0.8500504493713379                     MemKD: 0.3470781743526459
2026-02-19 05:21:46,430 - INFO - Epoch [195/200] Train Loss: -0.5474, Train Acc: 91.79%, Val Loss: 0.3362, Val Acc: 88.70%
2026-02-19 05:22:12,540 - INFO - Epoch [196] Batch [0/14]                     Loss: -0.7414, Hard: 0.0856, Soft: -0.8270                     Acc: 100.00% LR: 0.000001                     Alpha: 0.5744425058364868                     Beta: -0.850067138671875                     MemKD: 0.3470741808414459
2026-02-19 05:22:44,871 - INFO - Epoch [196/200] Train Loss: -0.5416, Train Acc: 91.07%, Val Loss: 0.3466, Val Acc: 87.77%
2026-02-19 05:23:09,607 - INFO - Epoch [197] Batch [0/14]                     Loss: -0.4404, Hard: 0.2771, Soft: -0.7175                     Acc: 85.00% LR: 0.000000                     Alpha: 0.5744425058364868                     Beta: -0.850078821182251                     MemKD: 0.3470713496208191
2026-02-19 05:23:40,428 - INFO - Epoch [197/200] Train Loss: -0.4821, Train Acc: 89.64%, Val Loss: 0.3443, Val Acc: 88.16%
2026-02-19 05:24:04,968 - INFO - Epoch [198] Batch [0/14]                     Loss: -0.5489, Hard: 0.1819, Soft: -0.7308                     Acc: 95.00% LR: 0.000000                     Alpha: 0.5744425058364868                     Beta: -0.8500863313674927                     MemKD: 0.347069650888443
2026-02-19 05:24:36,075 - INFO - Epoch [198/200] Train Loss: -0.5044, Train Acc: 91.79%, Val Loss: 0.3412, Val Acc: 88.16%
2026-02-19 05:24:59,829 - INFO - Epoch [199] Batch [0/14]                     Loss: -0.5236, Hard: 0.1972, Soft: -0.7207                     Acc: 95.00% LR: 0.000000                     Alpha: 0.5744425058364868                     Beta: -0.850090503692627                     MemKD: 0.3470686972141266
2026-02-19 05:25:31,359 - INFO - Epoch [199/200] Train Loss: -0.5470, Train Acc: 93.57%, Val Loss: 0.3477, Val Acc: 87.10%
2026-02-19 05:25:56,139 - INFO - Epoch [200] Batch [0/14]                     Loss: -0.5185, Hard: 0.2244, Soft: -0.7430                     Acc: 90.00% LR: 0.000000                     Alpha: 0.5744425058364868                     Beta: -0.8500921726226807                     MemKD: 0.34706830978393555
2026-02-19 05:26:27,547 - INFO - Epoch [200/200] Train Loss: -0.4735, Train Acc: 91.07%, Val Loss: 0.3440, Val Acc: 87.50%
2026-02-19 05:26:27,589 - INFO - Checkpoint saved at epoch 200
2026-02-19 05:26:27,589 - INFO - ==================================================
2026-02-19 05:26:27,590 - INFO - Training finished! Best accuracy: 89.36%
2026-02-19 05:26:27,590 - INFO - ==================================================
