2026-02-11 00:16:09,855 - INFO - ==================================================
2026-02-11 00:16:09,856 - INFO - Distillation Training Configuration
2026-02-11 00:16:09,856 - INFO - ==================================================
2026-02-11 00:16:09,856 - INFO - GPUs: [4, 5, 6, 7]
2026-02-11 00:16:09,856 - INFO - World size: 4
2026-02-11 00:16:09,856 - INFO - Dataset: /media/hdd1/chuxiaohui/AI4Ocean_UATR/ShipsEar_622
2026-02-11 00:16:09,856 - INFO - Data type: wav_s@wav_t
2026-02-11 00:16:09,856 - INFO - Batch size: 16
2026-02-11 00:16:09,856 - INFO - Epochs: 130
2026-02-11 00:16:09,856 - INFO - Learning rate: 0.0005
2026-02-11 00:16:09,856 - INFO - Temperature: 2.0
2026-02-11 00:16:09,856 - INFO - Alpha: 0.3
2026-02-11 00:16:09,856 - INFO - Save dir: checkpoints/grid_shipsear_v2/num_epochs130_weight_decay0.0001_batch_size16_lr0.0005_distill_typeMTSKD_Temp_freezeTrue_USE_DYNAMIC_DISTILL_WEIGHTFalse_p_encoder0.3_p_classifier0.25
2026-02-11 00:16:09,856 - INFO - ==================================================
2026-02-11 00:16:09,886 - INFO - Train dataset size: 2240
2026-02-11 00:16:09,886 - INFO - Validation dataset size: 749
2026-02-11 00:16:11,980 - INFO - Student params: 316,299 (0.32M)
2026-02-11 00:16:11,981 - INFO - Teacher params: 164,415,877 (164.42M)
2026-02-11 00:16:11,981 - INFO - Trainable params: 271,372 (0.27M)
2026-02-11 00:16:12,750 - INFO - Start training...
2026-02-11 00:16:12,750 - INFO - No checkpoint found, start from scratch
2026-02-11 00:16:35,308 - INFO - Epoch [1] Batch [0/35]                     Loss: 2.1984, Hard: 1.6834, Soft: 0.5150                     Acc: 12.50% LR: 0.000500                     Alpha: 0.5744425058364868                     Beta: 0.0                     MemKD: 0.5
2026-02-11 00:16:39,814 - INFO - Epoch [1] Batch [20/35]                     Loss: 1.8429, Hard: 1.5290, Soft: 0.3139                     Acc: 36.61% LR: 0.000500                     Alpha: 0.5744425058364868                     Beta: -0.008160131983458996                     MemKD: 0.502313494682312
2026-02-11 00:17:08,379 - INFO - Epoch [1/130] Train Loss: 1.6932, Train Acc: 40.36%, Val Loss: 1.4504, Val Acc: 43.48%
2026-02-11 00:17:08,380 - INFO - Best model saved with accuracy: 43.48%
2026-02-11 00:17:31,003 - INFO - Epoch [2] Batch [0/35]                     Loss: 1.4080, Hard: 1.2024, Soft: 0.2055                     Acc: 43.75% LR: 0.000500                     Alpha: 0.5744425058364868                     Beta: -0.015414099209010601                     MemKD: 0.5039341449737549
2026-02-11 00:17:34,325 - INFO - Epoch [2] Batch [20/35]                     Loss: 1.7837, Hard: 1.4960, Soft: 0.2877                     Acc: 46.43% LR: 0.000500                     Alpha: 0.5744425058364868                     Beta: -0.025414470583200455                     MemKD: 0.5059820413589478
2026-02-11 00:18:02,537 - INFO - Epoch [2/130] Train Loss: 1.5121, Train Acc: 44.64%, Val Loss: 1.1943, Val Acc: 52.26%
2026-02-11 00:18:02,538 - INFO - Best model saved with accuracy: 52.26%
2026-02-11 00:18:24,311 - INFO - Epoch [3] Batch [0/35]                     Loss: 1.2733, Hard: 1.1026, Soft: 0.1707                     Acc: 43.75% LR: 0.000500                     Alpha: 0.5744425058364868                     Beta: -0.032873693853616714                     MemKD: 0.5075345635414124
2026-02-11 00:18:28,266 - INFO - Epoch [3] Batch [20/35]                     Loss: 1.4116, Hard: 1.2155, Soft: 0.1961                     Acc: 43.15% LR: 0.000500                     Alpha: 0.5744425058364868                     Beta: -0.043398089706897736                     MemKD: 0.5095903873443604
2026-02-11 00:18:57,524 - INFO - Epoch [3/130] Train Loss: 1.4369, Train Acc: 46.43%, Val Loss: 1.1466, Val Acc: 53.59%
2026-02-11 00:18:57,524 - INFO - Best model saved with accuracy: 53.59%
2026-02-11 00:19:18,457 - INFO - Epoch [4] Batch [0/35]                     Loss: 1.2679, Hard: 1.1143, Soft: 0.1536                     Acc: 56.25% LR: 0.000499                     Alpha: 0.5744425058364868                     Beta: -0.05203916132450104                     MemKD: 0.5110554695129395
2026-02-11 00:19:23,011 - INFO - Epoch [4] Batch [20/35]                     Loss: 1.4543, Hard: 1.2483, Soft: 0.2060                     Acc: 52.68% LR: 0.000499                     Alpha: 0.5744425058364868                     Beta: -0.06358084827661514                     MemKD: 0.5128217339515686
2026-02-11 00:19:51,207 - INFO - Epoch [4/130] Train Loss: 1.3485, Train Acc: 52.32%, Val Loss: 1.0534, Val Acc: 57.05%
2026-02-11 00:19:51,207 - INFO - Best model saved with accuracy: 57.05%
2026-02-11 00:20:11,803 - INFO - Epoch [5] Batch [0/35]                     Loss: 1.2725, Hard: 1.0960, Soft: 0.1765                     Acc: 68.75% LR: 0.000499                     Alpha: 0.5744425058364868                     Beta: -0.0723264291882515                     MemKD: 0.5141596794128418
2026-02-11 00:20:15,403 - INFO - Epoch [5] Batch [20/35]                     Loss: 1.1540, Hard: 1.0504, Soft: 0.1036                     Acc: 56.55% LR: 0.000499                     Alpha: 0.5744425058364868                     Beta: -0.08431487530469894                     MemKD: 0.5159247517585754
2026-02-11 00:20:43,726 - INFO - Epoch [5/130] Train Loss: 1.2371, Train Acc: 58.39%, Val Loss: 0.9542, Val Acc: 61.30%
2026-02-11 00:20:43,726 - INFO - Best model saved with accuracy: 61.30%
2026-02-11 00:21:05,411 - INFO - Epoch [6] Batch [0/35]                     Loss: 1.2191, Hard: 1.0892, Soft: 0.1299                     Acc: 56.25% LR: 0.000498                     Alpha: 0.5744425058364868                     Beta: -0.09386975318193436                     MemKD: 0.5170144438743591
2026-02-11 00:21:09,884 - INFO - Epoch [6] Batch [20/35]                     Loss: 1.7728, Hard: 1.5225, Soft: 0.2503                     Acc: 58.33% LR: 0.000498                     Alpha: 0.5744425058364868                     Beta: -0.10634823143482208                     MemKD: 0.5183977484703064
2026-02-11 00:21:39,009 - INFO - Epoch [6/130] Train Loss: 1.2050, Train Acc: 58.04%, Val Loss: 0.9278, Val Acc: 63.83%
2026-02-11 00:21:39,009 - INFO - Best model saved with accuracy: 63.83%
2026-02-11 00:22:01,809 - INFO - Epoch [7] Batch [0/35]                     Loss: 1.1274, Hard: 1.0403, Soft: 0.0870                     Acc: 56.25% LR: 0.000497                     Alpha: 0.5744425058364868                     Beta: -0.11586558073759079                     MemKD: 0.5194545388221741
2026-02-11 00:22:06,149 - INFO - Epoch [7] Batch [20/35]                     Loss: 1.0690, Hard: 0.9804, Soft: 0.0885                     Acc: 57.44% LR: 0.000497                     Alpha: 0.5744425058364868                     Beta: -0.12831076979637146                     MemKD: 0.5207592844963074
2026-02-11 00:22:34,556 - INFO - Epoch [7/130] Train Loss: 1.1662, Train Acc: 58.04%, Val Loss: 0.9874, Val Acc: 61.17%
2026-02-11 00:22:56,600 - INFO - Epoch [8] Batch [0/35]                     Loss: 0.6642, Hard: 0.6369, Soft: 0.0273                     Acc: 81.25% LR: 0.000496                     Alpha: 0.5744425058364868                     Beta: -0.13779637217521667                     MemKD: 0.5216354131698608
2026-02-11 00:23:00,176 - INFO - Epoch [8] Batch [20/35]                     Loss: 1.0741, Hard: 0.9695, Soft: 0.1045                     Acc: 59.82% LR: 0.000496                     Alpha: 0.5744425058364868                     Beta: -0.15060944855213165                     MemKD: 0.522734522819519
2026-02-11 00:23:28,478 - INFO - Epoch [8/130] Train Loss: 1.1474, Train Acc: 59.64%, Val Loss: 0.9191, Val Acc: 64.89%
2026-02-11 00:23:28,478 - INFO - Best model saved with accuracy: 64.89%
2026-02-11 00:23:51,465 - INFO - Epoch [9] Batch [0/35]                     Loss: 0.8023, Hard: 0.7796, Soft: 0.0228                     Acc: 68.75% LR: 0.000495                     Alpha: 0.5744425058364868                     Beta: -0.16022467613220215                     MemKD: 0.523466169834137
2026-02-11 00:23:56,094 - INFO - Epoch [9] Batch [20/35]                     Loss: 1.4108, Hard: 1.2676, Soft: 0.1432                     Acc: 59.52% LR: 0.000495                     Alpha: 0.5744425058364868                     Beta: -0.17338168621063232                     MemKD: 0.5242246389389038
2026-02-11 00:24:25,086 - INFO - Epoch [9/130] Train Loss: 1.0267, Train Acc: 60.89%, Val Loss: 0.8754, Val Acc: 64.76%
2026-02-11 00:24:47,234 - INFO - Epoch [10] Batch [0/35]                     Loss: 1.0536, Hard: 0.9751, Soft: 0.0786                     Acc: 68.75% LR: 0.000494                     Alpha: 0.5744425058364868                     Beta: -0.18332155048847198                     MemKD: 0.5245907306671143
2026-02-11 00:24:51,047 - INFO - Epoch [10] Batch [20/35]                     Loss: 1.2663, Hard: 1.2072, Soft: 0.0591                     Acc: 61.90% LR: 0.000494                     Alpha: 0.5744425058364868                     Beta: -0.19628222286701202                     MemKD: 0.5250142216682434
2026-02-11 00:25:19,218 - INFO - Epoch [10/130] Train Loss: 0.9941, Train Acc: 62.86%, Val Loss: 0.9258, Val Acc: 63.83%
2026-02-11 00:25:19,266 - INFO - Checkpoint saved at epoch 10
2026-02-11 00:25:40,414 - INFO - Epoch [11] Batch [0/35]                     Loss: 0.5864, Hard: 0.6159, Soft: -0.0295                     Acc: 81.25% LR: 0.000493                     Alpha: 0.5744425058364868                     Beta: -0.20583853125572205                     MemKD: 0.5251993536949158
2026-02-11 00:25:44,029 - INFO - Epoch [11] Batch [20/35]                     Loss: 1.2125, Hard: 1.1624, Soft: 0.0501                     Acc: 63.10% LR: 0.000493                     Alpha: 0.5744425058364868                     Beta: -0.2186644822359085                     MemKD: 0.5251125693321228
2026-02-11 00:26:14,083 - INFO - Epoch [11/130] Train Loss: 0.9967, Train Acc: 61.43%, Val Loss: 1.0386, Val Acc: 57.31%
2026-02-11 00:26:35,557 - INFO - Epoch [12] Batch [0/35]                     Loss: 0.6646, Hard: 0.6955, Soft: -0.0309                     Acc: 68.75% LR: 0.000491                     Alpha: 0.5744425058364868                     Beta: -0.22798752784729004                     MemKD: 0.5250844955444336
2026-02-11 00:26:39,993 - INFO - Epoch [12] Batch [20/35]                     Loss: 1.3937, Hard: 1.2746, Soft: 0.1191                     Acc: 67.56% LR: 0.000491                     Alpha: 0.5744425058364868                     Beta: -0.24068397283554077                     MemKD: 0.5245819687843323
2026-02-11 00:27:09,219 - INFO - Epoch [12/130] Train Loss: 0.8460, Train Acc: 68.57%, Val Loss: 0.8886, Val Acc: 65.43%
2026-02-11 00:27:09,219 - INFO - Best model saved with accuracy: 65.43%
2026-02-11 00:27:30,171 - INFO - Epoch [13] Batch [0/35]                     Loss: 1.4694, Hard: 1.4018, Soft: 0.0676                     Acc: 31.25% LR: 0.000490                     Alpha: 0.5744425058364868                     Beta: -0.25015828013420105                     MemKD: 0.524031937122345
2026-02-11 00:27:34,584 - INFO - Epoch [13] Batch [20/35]                     Loss: 1.2265, Hard: 1.1733, Soft: 0.0532                     Acc: 56.25% LR: 0.000490                     Alpha: 0.5744425058364868                     Beta: -0.2619415819644928                     MemKD: 0.5237094759941101
2026-02-11 00:28:04,538 - INFO - Epoch [13/130] Train Loss: 1.0077, Train Acc: 60.00%, Val Loss: 0.8950, Val Acc: 64.63%
2026-02-11 00:28:26,938 - INFO - Epoch [14] Batch [0/35]                     Loss: 0.7175, Hard: 0.7543, Soft: -0.0369                     Acc: 75.00% LR: 0.000488                     Alpha: 0.5744425058364868                     Beta: -0.2707274556159973                     MemKD: 0.5233781337738037
2026-02-11 00:28:31,495 - INFO - Epoch [14] Batch [20/35]                     Loss: 0.6094, Hard: 0.6757, Soft: -0.0663                     Acc: 62.50% LR: 0.000488                     Alpha: 0.5744425058364868                     Beta: -0.2824152112007141                     MemKD: 0.522591233253479
2026-02-11 00:28:59,760 - INFO - Epoch [14/130] Train Loss: 0.9023, Train Acc: 64.46%, Val Loss: 0.9466, Val Acc: 59.04%
2026-02-11 00:29:22,517 - INFO - Epoch [15] Batch [0/35]                     Loss: 0.7334, Hard: 0.7683, Soft: -0.0349                     Acc: 62.50% LR: 0.000486                     Alpha: 0.5744425058364868                     Beta: -0.29120224714279175                     MemKD: 0.5218653678894043
2026-02-11 00:29:27,113 - INFO - Epoch [15] Batch [20/35]                     Loss: 0.8492, Hard: 0.8756, Soft: -0.0264                     Acc: 64.58% LR: 0.000486                     Alpha: 0.5744425058364868                     Beta: -0.3030478060245514                     MemKD: 0.5205936431884766
2026-02-11 00:29:56,361 - INFO - Epoch [15/130] Train Loss: 0.8447, Train Acc: 65.71%, Val Loss: 0.9217, Val Acc: 64.89%
2026-02-11 00:30:19,288 - INFO - Epoch [16] Batch [0/35]                     Loss: 0.6976, Hard: 0.7541, Soft: -0.0565                     Acc: 75.00% LR: 0.000484                     Alpha: 0.5744425058364868                     Beta: -0.312113493680954                     MemKD: 0.5193415880203247
2026-02-11 00:30:23,822 - INFO - Epoch [16] Batch [20/35]                     Loss: 0.7169, Hard: 0.7558, Soft: -0.0388                     Acc: 67.56% LR: 0.000484                     Alpha: 0.5744425058364868                     Beta: -0.3240324854850769                     MemKD: 0.5175593495368958
2026-02-11 00:30:53,461 - INFO - Epoch [16/130] Train Loss: 0.8122, Train Acc: 66.61%, Val Loss: 0.6945, Val Acc: 73.14%
2026-02-11 00:30:53,461 - INFO - Best model saved with accuracy: 73.14%
2026-02-11 00:31:16,304 - INFO - Epoch [17] Batch [0/35]                     Loss: 1.1084, Hard: 1.0519, Soft: 0.0565                     Acc: 56.25% LR: 0.000482                     Alpha: 0.5744425058364868                     Beta: -0.3328048288822174                     MemKD: 0.5162245631217957
2026-02-11 00:31:20,866 - INFO - Epoch [17] Batch [20/35]                     Loss: 0.7283, Hard: 0.8027, Soft: -0.0743                     Acc: 67.56% LR: 0.000482                     Alpha: 0.5744425058364868                     Beta: -0.3444249927997589                     MemKD: 0.5142642855644226
2026-02-11 00:31:48,841 - INFO - Epoch [17/130] Train Loss: 0.8280, Train Acc: 64.82%, Val Loss: 0.8027, Val Acc: 66.62%
2026-02-11 00:32:10,924 - INFO - Epoch [18] Batch [0/35]                     Loss: 1.2854, Hard: 1.2172, Soft: 0.0683                     Acc: 62.50% LR: 0.000479                     Alpha: 0.5744425058364868                     Beta: -0.3532041311264038                     MemKD: 0.5125802159309387
2026-02-11 00:32:14,960 - INFO - Epoch [18] Batch [20/35]                     Loss: 0.8602, Hard: 0.9130, Soft: -0.0528                     Acc: 69.35% LR: 0.000479                     Alpha: 0.5744425058364868                     Beta: -0.36480066180229187                     MemKD: 0.5101873874664307
2026-02-11 00:32:43,785 - INFO - Epoch [18/130] Train Loss: 0.7111, Train Acc: 70.00%, Val Loss: 0.8610, Val Acc: 69.28%
2026-02-11 00:33:05,901 - INFO - Epoch [19] Batch [0/35]                     Loss: 0.4139, Hard: 0.5637, Soft: -0.1498                     Acc: 81.25% LR: 0.000477                     Alpha: 0.5744425058364868                     Beta: -0.37370404601097107                     MemKD: 0.5080708861351013
2026-02-11 00:33:10,335 - INFO - Epoch [19] Batch [20/35]                     Loss: 0.3800, Hard: 0.5205, Soft: -0.1406                     Acc: 73.21% LR: 0.000477                     Alpha: 0.5744425058364868                     Beta: -0.3855116665363312                     MemKD: 0.505096971988678
2026-02-11 00:33:38,964 - INFO - Epoch [19/130] Train Loss: 0.6778, Train Acc: 71.43%, Val Loss: 0.7654, Val Acc: 70.88%
2026-02-11 00:34:02,463 - INFO - Epoch [20] Batch [0/35]                     Loss: 0.4718, Hard: 0.6365, Soft: -0.1647                     Acc: 81.25% LR: 0.000474                     Alpha: 0.5744425058364868                     Beta: -0.39425456523895264                     MemKD: 0.502873957157135
2026-02-11 00:34:07,044 - INFO - Epoch [20] Batch [20/35]                     Loss: 0.9513, Hard: 1.0332, Soft: -0.0818                     Acc: 69.94% LR: 0.000474                     Alpha: 0.5744425058364868                     Beta: -0.4060123562812805                     MemKD: 0.4996420443058014
2026-02-11 00:34:36,444 - INFO - Epoch [20/130] Train Loss: 0.6869, Train Acc: 68.93%, Val Loss: 0.8763, Val Acc: 67.69%
2026-02-11 00:34:36,502 - INFO - Checkpoint saved at epoch 20
2026-02-11 00:34:57,871 - INFO - Epoch [21] Batch [0/35]                     Loss: 0.4438, Hard: 0.6102, Soft: -0.1664                     Acc: 75.00% LR: 0.000471                     Alpha: 0.5744425058364868                     Beta: -0.41452643275260925                     MemKD: 0.4974711239337921
2026-02-11 00:35:02,385 - INFO - Epoch [21] Batch [20/35]                     Loss: 0.1402, Hard: 0.3900, Soft: -0.2498                     Acc: 75.00% LR: 0.000471                     Alpha: 0.5744425058364868                     Beta: -0.42602425813674927                     MemKD: 0.4942942261695862
2026-02-11 00:35:31,113 - INFO - Epoch [21/130] Train Loss: 0.5965, Train Acc: 73.57%, Val Loss: 0.7965, Val Acc: 67.42%
2026-02-11 00:35:51,870 - INFO - Epoch [22] Batch [0/35]                     Loss: 1.4629, Hard: 1.4040, Soft: 0.0590                     Acc: 31.25% LR: 0.000468                     Alpha: 0.5744425058364868                     Beta: -0.43480706214904785                     MemKD: 0.4916713237762451
2026-02-11 00:35:56,474 - INFO - Epoch [22] Batch [20/35]                     Loss: 0.5810, Hard: 0.7371, Soft: -0.1561                     Acc: 69.05% LR: 0.000468                     Alpha: 0.5744425058364868                     Beta: -0.44611433148384094                     MemKD: 0.488429456949234
2026-02-11 00:36:27,082 - INFO - Epoch [22/130] Train Loss: 0.6505, Train Acc: 68.04%, Val Loss: 0.6727, Val Acc: 73.80%
2026-02-11 00:36:27,083 - INFO - Best model saved with accuracy: 73.80%
2026-02-11 00:36:50,671 - INFO - Epoch [23] Batch [0/35]                     Loss: 0.3399, Hard: 0.5499, Soft: -0.2100                     Acc: 81.25% LR: 0.000465                     Alpha: 0.5744425058364868                     Beta: -0.4544118344783783                     MemKD: 0.4860953092575073
2026-02-11 00:36:54,808 - INFO - Epoch [23] Batch [20/35]                     Loss: 0.4157, Hard: 0.6222, Soft: -0.2066                     Acc: 75.30% LR: 0.000465                     Alpha: 0.5744425058364868                     Beta: -0.4657057225704193                     MemKD: 0.4827556908130646
2026-02-11 00:37:24,914 - INFO - Epoch [23/130] Train Loss: 0.5339, Train Acc: 74.64%, Val Loss: 0.6520, Val Acc: 74.60%
2026-02-11 00:37:24,915 - INFO - Best model saved with accuracy: 74.60%
2026-02-11 00:37:47,969 - INFO - Epoch [24] Batch [0/35]                     Loss: 0.3512, Hard: 0.5668, Soft: -0.2156                     Acc: 87.50% LR: 0.000462                     Alpha: 0.5744425058364868                     Beta: -0.4742682874202728                     MemKD: 0.4801570177078247
2026-02-11 00:37:52,501 - INFO - Epoch [24] Batch [20/35]                     Loss: -0.0131, Hard: 0.2906, Soft: -0.3037                     Acc: 72.02% LR: 0.000462                     Alpha: 0.5744425058364868                     Beta: -0.48554858565330505                     MemKD: 0.47672101855278015
2026-02-11 00:38:22,382 - INFO - Epoch [24/130] Train Loss: 0.5911, Train Acc: 70.89%, Val Loss: 0.8334, Val Acc: 70.74%
2026-02-11 00:38:45,123 - INFO - Epoch [25] Batch [0/35]                     Loss: 0.6896, Hard: 0.8683, Soft: -0.1787                     Acc: 62.50% LR: 0.000459                     Alpha: 0.5744425058364868                     Beta: -0.49382996559143066                     MemKD: 0.47428464889526367
2026-02-11 00:38:48,993 - INFO - Epoch [25] Batch [20/35]                     Loss: 0.1236, Hard: 0.4349, Soft: -0.3113                     Acc: 70.54% LR: 0.000459                     Alpha: 0.5744425058364868                     Beta: -0.5049632787704468                     MemKD: 0.47082799673080444
2026-02-11 00:39:18,590 - INFO - Epoch [25/130] Train Loss: 0.5456, Train Acc: 71.43%, Val Loss: 0.7539, Val Acc: 70.74%
2026-02-11 00:39:41,464 - INFO - Epoch [26] Batch [0/35]                     Loss: 0.6412, Hard: 0.8414, Soft: -0.2002                     Acc: 68.75% LR: 0.000456                     Alpha: 0.5744425058364868                     Beta: -0.5132941007614136                     MemKD: 0.46824222803115845
2026-02-11 00:39:45,303 - INFO - Epoch [26] Batch [20/35]                     Loss: 1.1236, Hard: 1.2310, Soft: -0.1075                     Acc: 76.49% LR: 0.000456                     Alpha: 0.5744425058364868                     Beta: -0.5244578719139099                     MemKD: 0.4647044539451599
2026-02-11 00:40:14,643 - INFO - Epoch [26/130] Train Loss: 0.4736, Train Acc: 74.82%, Val Loss: 0.7263, Val Acc: 71.68%
2026-02-11 00:40:38,707 - INFO - Epoch [27] Batch [0/35]                     Loss: 0.2541, Hard: 0.5320, Soft: -0.2779                     Acc: 81.25% LR: 0.000452                     Alpha: 0.5744425058364868                     Beta: -0.5327239036560059                     MemKD: 0.46210357546806335
2026-02-11 00:40:43,046 - INFO - Epoch [27] Batch [20/35]                     Loss: 0.1069, Hard: 0.4520, Soft: -0.3451                     Acc: 73.81% LR: 0.000452                     Alpha: 0.5744425058364868                     Beta: -0.5438781380653381                     MemKD: 0.458504319190979
2026-02-11 00:41:12,775 - INFO - Epoch [27/130] Train Loss: 0.4865, Train Acc: 73.21%, Val Loss: 0.7009, Val Acc: 72.21%
2026-02-11 00:41:35,611 - INFO - Epoch [28] Batch [0/35]                     Loss: 0.9845, Hard: 1.0831, Soft: -0.0986                     Acc: 68.75% LR: 0.000449                     Alpha: 0.5744425058364868                     Beta: -0.5521528124809265                     MemKD: 0.4558752477169037
2026-02-11 00:41:39,187 - INFO - Epoch [28] Batch [20/35]                     Loss: 0.1630, Hard: 0.4900, Soft: -0.3270                     Acc: 74.70% LR: 0.000449                     Alpha: 0.5744425058364868                     Beta: -0.5630068182945251                     MemKD: 0.45246607065200806
2026-02-11 00:42:08,471 - INFO - Epoch [28/130] Train Loss: 0.4652, Train Acc: 71.61%, Val Loss: 0.6634, Val Acc: 73.01%
2026-02-11 00:42:31,391 - INFO - Epoch [29] Batch [0/35]                     Loss: 0.1028, Hard: 0.4506, Soft: -0.3477                     Acc: 81.25% LR: 0.000445                     Alpha: 0.5744425058364868                     Beta: -0.5711018443107605                     MemKD: 0.4499489963054657
2026-02-11 00:42:35,168 - INFO - Epoch [29] Batch [20/35]                     Loss: 0.2174, Hard: 0.5332, Soft: -0.3158                     Acc: 73.81% LR: 0.000445                     Alpha: 0.5744425058364868                     Beta: -0.5818781852722168                     MemKD: 0.4465668499469757
2026-02-11 00:43:04,598 - INFO - Epoch [29/130] Train Loss: 0.3778, Train Acc: 73.57%, Val Loss: 0.6192, Val Acc: 77.53%
2026-02-11 00:43:04,598 - INFO - Best model saved with accuracy: 77.53%
2026-02-11 00:43:28,617 - INFO - Epoch [30] Batch [0/35]                     Loss: 0.5147, Hard: 0.7758, Soft: -0.2611                     Acc: 75.00% LR: 0.000441                     Alpha: 0.5744425058364868                     Beta: -0.590103268623352                     MemKD: 0.44392409920692444
2026-02-11 00:43:33,143 - INFO - Epoch [30] Batch [20/35]                     Loss: 1.0910, Hard: 1.1915, Soft: -0.1005                     Acc: 76.49% LR: 0.000441                     Alpha: 0.5744425058364868                     Beta: -0.6011337637901306                     MemKD: 0.4403243958950043
2026-02-11 00:44:03,618 - INFO - Epoch [30/130] Train Loss: 0.4310, Train Acc: 73.04%, Val Loss: 0.7750, Val Acc: 68.88%
2026-02-11 00:44:03,671 - INFO - Checkpoint saved at epoch 30
2026-02-11 00:44:27,619 - INFO - Epoch [31] Batch [0/35]                     Loss: 0.5980, Hard: 0.8261, Soft: -0.2281                     Acc: 68.75% LR: 0.000437                     Alpha: 0.5744425058364868                     Beta: -0.6090839505195618                     MemKD: 0.43787163496017456
2026-02-11 00:44:31,495 - INFO - Epoch [31] Batch [20/35]                     Loss: 0.1468, Hard: 0.5086, Soft: -0.3617                     Acc: 74.70% LR: 0.000437                     Alpha: 0.5744425058364868                     Beta: -0.6195541024208069                     MemKD: 0.4346488416194916
2026-02-11 00:45:00,992 - INFO - Epoch [31/130] Train Loss: 0.3263, Train Acc: 74.82%, Val Loss: 0.7265, Val Acc: 73.94%
2026-02-11 00:45:24,678 - INFO - Epoch [32] Batch [0/35]                     Loss: 0.4471, Hard: 0.7410, Soft: -0.2939                     Acc: 68.75% LR: 0.000433                     Alpha: 0.5744425058364868                     Beta: -0.6276528835296631                     MemKD: 0.4320518374443054
2026-02-11 00:45:28,677 - INFO - Epoch [32] Batch [20/35]                     Loss: 0.2343, Hard: 0.6064, Soft: -0.3721                     Acc: 72.32% LR: 0.000433                     Alpha: 0.5744425058364868                     Beta: -0.6383993625640869                     MemKD: 0.4286167621612549
2026-02-11 00:45:57,709 - INFO - Epoch [32/130] Train Loss: 0.3126, Train Acc: 74.29%, Val Loss: 0.6948, Val Acc: 73.80%
2026-02-11 00:46:19,965 - INFO - Epoch [33] Batch [0/35]                     Loss: 0.1239, Hard: 0.5271, Soft: -0.4032                     Acc: 87.50% LR: 0.000429                     Alpha: 0.5744425058364868                     Beta: -0.6464988589286804                     MemKD: 0.4260351359844208
2026-02-11 00:46:24,380 - INFO - Epoch [33] Batch [20/35]                     Loss: 0.5301, Hard: 0.8523, Soft: -0.3222                     Acc: 72.32% LR: 0.000429                     Alpha: 0.5744425058364868                     Beta: -0.6568008661270142                     MemKD: 0.4228651523590088
2026-02-11 00:46:53,156 - INFO - Epoch [33/130] Train Loss: 0.4228, Train Acc: 72.86%, Val Loss: 0.7502, Val Acc: 72.87%
2026-02-11 00:47:15,737 - INFO - Epoch [34] Batch [0/35]                     Loss: 0.0739, Hard: 0.5050, Soft: -0.4311                     Acc: 81.25% LR: 0.000425                     Alpha: 0.5744425058364868                     Beta: -0.6641926765441895                     MemKD: 0.4207131862640381
2026-02-11 00:47:20,266 - INFO - Epoch [34] Batch [20/35]                     Loss: -0.0389, Hard: 0.4437, Soft: -0.4825                     Acc: 77.38% LR: 0.000425                     Alpha: 0.5744425058364868                     Beta: -0.6747161746025085                     MemKD: 0.41738471388816833
2026-02-11 00:47:50,319 - INFO - Epoch [34/130] Train Loss: 0.2775, Train Acc: 75.36%, Val Loss: 0.6803, Val Acc: 74.34%
2026-02-11 00:48:14,133 - INFO - Epoch [35] Batch [0/35]                     Loss: 1.1009, Hard: 1.2282, Soft: -0.1273                     Acc: 62.50% LR: 0.000420                     Alpha: 0.5744425058364868                     Beta: -0.6823276281356812                     MemKD: 0.4150933027267456
2026-02-11 00:48:18,618 - INFO - Epoch [35] Batch [20/35]                     Loss: 0.2939, Hard: 0.6337, Soft: -0.3397                     Acc: 72.02% LR: 0.000420                     Alpha: 0.5744425058364868                     Beta: -0.692276120185852                     MemKD: 0.4121302664279938
2026-02-11 00:48:48,633 - INFO - Epoch [35/130] Train Loss: 0.2926, Train Acc: 74.46%, Val Loss: 0.7371, Val Acc: 73.80%
2026-02-11 00:49:12,492 - INFO - Epoch [36] Batch [0/35]                     Loss: 0.1141, Hard: 0.5563, Soft: -0.4422                     Acc: 75.00% LR: 0.000416                     Alpha: 0.5744425058364868                     Beta: -0.6999351382255554                     MemKD: 0.40978580713272095
2026-02-11 00:49:17,206 - INFO - Epoch [36] Batch [20/35]                     Loss: 0.4335, Hard: 0.7885, Soft: -0.3550                     Acc: 75.60% LR: 0.000416                     Alpha: 0.5744425058364868                     Beta: -0.7103297710418701                     MemKD: 0.40654510259628296
2026-02-11 00:49:47,805 - INFO - Epoch [36/130] Train Loss: 0.2395, Train Acc: 74.82%, Val Loss: 0.5867, Val Acc: 76.99%
2026-02-11 00:50:11,015 - INFO - Epoch [37] Batch [0/35]                     Loss: -0.1619, Hard: 0.3997, Soft: -0.5615                     Acc: 93.75% LR: 0.000411                     Alpha: 0.5744425058364868                     Beta: -0.717962920665741                     MemKD: 0.4042277932167053
2026-02-11 00:50:16,140 - INFO - Epoch [37] Batch [20/35]                     Loss: 0.0797, Hard: 0.5742, Soft: -0.4945                     Acc: 80.65% LR: 0.000411                     Alpha: 0.5744425058364868                     Beta: -0.7282927632331848                     MemKD: 0.4010472893714905
2026-02-11 00:50:44,253 - INFO - Epoch [37/130] Train Loss: 0.1203, Train Acc: 79.46%, Val Loss: 0.5351, Val Acc: 80.19%
2026-02-11 00:50:44,253 - INFO - Best model saved with accuracy: 80.19%
2026-02-11 00:51:06,763 - INFO - Epoch [38] Batch [0/35]                     Loss: -0.1841, Hard: 0.3427, Soft: -0.5268                     Acc: 87.50% LR: 0.000407                     Alpha: 0.5744425058364868                     Beta: -0.736078679561615                     MemKD: 0.39862948656082153
2026-02-11 00:51:11,250 - INFO - Epoch [38] Batch [20/35]                     Loss: 1.0222, Hard: 1.2255, Soft: -0.2034                     Acc: 79.76% LR: 0.000407                     Alpha: 0.5744425058364868                     Beta: -0.7462658882141113                     MemKD: 0.3954983353614807
2026-02-11 00:51:40,864 - INFO - Epoch [38/130] Train Loss: 0.1297, Train Acc: 78.21%, Val Loss: 0.5342, Val Acc: 81.52%
2026-02-11 00:51:40,865 - INFO - Best model saved with accuracy: 81.52%
2026-02-11 00:52:04,248 - INFO - Epoch [39] Batch [0/35]                     Loss: 0.0813, Hard: 0.5518, Soft: -0.4705                     Acc: 87.50% LR: 0.000402                     Alpha: 0.5744425058364868                     Beta: -0.7535816431045532                     MemKD: 0.3933422267436981
2026-02-11 00:52:08,348 - INFO - Epoch [39] Batch [20/35]                     Loss: -0.0733, Hard: 0.4643, Soft: -0.5377                     Acc: 82.14% LR: 0.000402                     Alpha: 0.5744425058364868                     Beta: -0.7635913491249084                     MemKD: 0.39032313227653503
2026-02-11 00:52:37,758 - INFO - Epoch [39/130] Train Loss: 0.0229, Train Acc: 80.00%, Val Loss: 0.7567, Val Acc: 72.47%
2026-02-11 00:52:59,575 - INFO - Epoch [40] Batch [0/35]                     Loss: 0.0127, Hard: 0.5215, Soft: -0.5088                     Acc: 75.00% LR: 0.000397                     Alpha: 0.5744425058364868                     Beta: -0.7711673378944397                     MemKD: 0.3880302906036377
2026-02-11 00:53:03,278 - INFO - Epoch [40] Batch [20/35]                     Loss: 0.1118, Hard: 0.6198, Soft: -0.5080                     Acc: 76.19% LR: 0.000397                     Alpha: 0.5744425058364868                     Beta: -0.7809287309646606                     MemKD: 0.3851395845413208
2026-02-11 00:53:32,122 - INFO - Epoch [40/130] Train Loss: 0.1043, Train Acc: 75.71%, Val Loss: 0.5887, Val Acc: 77.79%
2026-02-11 00:53:32,172 - INFO - Checkpoint saved at epoch 40
2026-02-11 00:53:56,504 - INFO - Epoch [41] Batch [0/35]                     Loss: -0.1230, Hard: 0.4465, Soft: -0.5695                     Acc: 81.25% LR: 0.000392                     Alpha: 0.5744425058364868                     Beta: -0.7881937026977539                     MemKD: 0.3830200433731079
2026-02-11 00:54:00,346 - INFO - Epoch [41] Batch [20/35]                     Loss: 0.1142, Hard: 0.5884, Soft: -0.4742                     Acc: 77.38% LR: 0.000392                     Alpha: 0.5744425058364868                     Beta: -0.7977611422538757                     MemKD: 0.380243182182312
2026-02-11 00:54:28,657 - INFO - Epoch [41/130] Train Loss: 0.0270, Train Acc: 79.29%, Val Loss: 0.5051, Val Acc: 81.25%
2026-02-11 00:54:51,107 - INFO - Epoch [42] Batch [0/35]                     Loss: 0.1651, Hard: 0.6876, Soft: -0.5226                     Acc: 75.00% LR: 0.000387                     Alpha: 0.5744425058364868                     Beta: -0.805014431476593                     MemKD: 0.37812677025794983
2026-02-11 00:54:54,251 - INFO - Epoch [42] Batch [20/35]                     Loss: 0.3590, Hard: 0.8042, Soft: -0.4452                     Acc: 81.25% LR: 0.000387                     Alpha: 0.5744425058364868                     Beta: -0.8147578239440918                     MemKD: 0.37526777386665344
2026-02-11 00:55:22,599 - INFO - Epoch [42/130] Train Loss: -0.0698, Train Acc: 81.43%, Val Loss: 0.6060, Val Acc: 78.06%
2026-02-11 00:55:43,870 - INFO - Epoch [43] Batch [0/35]                     Loss: -0.4455, Hard: 0.2975, Soft: -0.7429                     Acc: 87.50% LR: 0.000382                     Alpha: 0.5744425058364868                     Beta: -0.8220425248146057                     MemKD: 0.3731543719768524
2026-02-11 00:55:47,850 - INFO - Epoch [43] Batch [20/35]                     Loss: 0.3180, Hard: 0.7174, Soft: -0.3994                     Acc: 79.46% LR: 0.000382                     Alpha: 0.5744425058364868                     Beta: -0.8316493630409241                     MemKD: 0.37037914991378784
2026-02-11 00:56:16,821 - INFO - Epoch [43/130] Train Loss: -0.0776, Train Acc: 80.54%, Val Loss: 0.9101, Val Acc: 68.35%
2026-02-11 00:56:39,756 - INFO - Epoch [44] Batch [0/35]                     Loss: -0.3017, Hard: 0.3851, Soft: -0.6868                     Acc: 87.50% LR: 0.000377                     Alpha: 0.5744425058364868                     Beta: -0.838735818862915                     MemKD: 0.36836856603622437
2026-02-11 00:56:43,530 - INFO - Epoch [44] Batch [20/35]                     Loss: -0.4407, Hard: 0.2810, Soft: -0.7216                     Acc: 79.76% LR: 0.000377                     Alpha: 0.5744425058364868                     Beta: -0.8482033610343933                     MemKD: 0.36566832661628723
2026-02-11 00:57:13,014 - INFO - Epoch [44/130] Train Loss: -0.1203, Train Acc: 79.82%, Val Loss: 0.5434, Val Acc: 78.19%
2026-02-11 00:57:35,505 - INFO - Epoch [45] Batch [0/35]                     Loss: -0.0739, Hard: 0.5223, Soft: -0.5962                     Acc: 68.75% LR: 0.000371                     Alpha: 0.5744425058364868                     Beta: -0.8551972508430481                     MemKD: 0.36370763182640076
2026-02-11 00:57:39,297 - INFO - Epoch [45] Batch [20/35]                     Loss: 0.3476, Hard: 0.8811, Soft: -0.5335                     Acc: 79.76% LR: 0.000371                     Alpha: 0.5744425058364868                     Beta: -0.8644765019416809                     MemKD: 0.3610876798629761
2026-02-11 00:58:07,536 - INFO - Epoch [45/130] Train Loss: -0.1024, Train Acc: 79.64%, Val Loss: 0.7805, Val Acc: 70.48%
2026-02-11 00:58:30,637 - INFO - Epoch [46] Batch [0/35]                     Loss: 0.1984, Hard: 0.7737, Soft: -0.5753                     Acc: 68.75% LR: 0.000366                     Alpha: 0.5744425058364868                     Beta: -0.8712612390518188                     MemKD: 0.35921865701675415
2026-02-11 00:58:34,322 - INFO - Epoch [46] Batch [20/35]                     Loss: -0.2679, Hard: 0.4455, Soft: -0.7134                     Acc: 79.17% LR: 0.000366                     Alpha: 0.5744425058364868                     Beta: -0.8800538182258606                     MemKD: 0.3568401336669922
2026-02-11 00:59:02,990 - INFO - Epoch [46/130] Train Loss: -0.0931, Train Acc: 79.11%, Val Loss: 0.5871, Val Acc: 77.93%
2026-02-11 00:59:25,542 - INFO - Epoch [47] Batch [0/35]                     Loss: -0.3416, Hard: 0.3812, Soft: -0.7228                     Acc: 87.50% LR: 0.000361                     Alpha: 0.5744425058364868                     Beta: -0.8868693709373474                     MemKD: 0.3549621105194092
2026-02-11 00:59:29,295 - INFO - Epoch [47] Batch [20/35]                     Loss: 0.3840, Hard: 0.9454, Soft: -0.5614                     Acc: 81.85% LR: 0.000361                     Alpha: 0.5744425058364868                     Beta: -0.8956349492073059                     MemKD: 0.3525676429271698
2026-02-11 00:59:58,052 - INFO - Epoch [47/130] Train Loss: -0.1691, Train Acc: 82.50%, Val Loss: 0.5071, Val Acc: 78.99%
2026-02-11 01:00:18,661 - INFO - Epoch [48] Batch [0/35]                     Loss: -0.0650, Hard: 0.5832, Soft: -0.6482                     Acc: 81.25% LR: 0.000355                     Alpha: 0.5744425058364868                     Beta: -0.9023699760437012                     MemKD: 0.3507246673107147
2026-02-11 01:00:21,630 - INFO - Epoch [48] Batch [20/35]                     Loss: -0.4347, Hard: 0.3617, Soft: -0.7964                     Acc: 80.36% LR: 0.000355                     Alpha: 0.5744425058364868                     Beta: -0.9110429286956787                     MemKD: 0.3483860194683075
2026-02-11 01:00:50,279 - INFO - Epoch [48/130] Train Loss: -0.1294, Train Acc: 80.36%, Val Loss: 1.0311, Val Acc: 69.95%
2026-02-11 01:01:12,707 - INFO - Epoch [49] Batch [0/35]                     Loss: -0.3392, Hard: 0.3736, Soft: -0.7128                     Acc: 93.75% LR: 0.000350                     Alpha: 0.5744425058364868                     Beta: -0.9174622893333435                     MemKD: 0.346682608127594
2026-02-11 01:01:16,500 - INFO - Epoch [49] Batch [20/35]                     Loss: -0.2384, Hard: 0.4819, Soft: -0.7203                     Acc: 76.79% LR: 0.000350                     Alpha: 0.5744425058364868                     Beta: -0.9258443117141724                     MemKD: 0.3444737493991852
2026-02-11 01:01:46,137 - INFO - Epoch [49/130] Train Loss: -0.1388, Train Acc: 79.11%, Val Loss: 0.7261, Val Acc: 75.53%
2026-02-11 01:02:09,070 - INFO - Epoch [50] Batch [0/35]                     Loss: -0.2507, Hard: 0.4968, Soft: -0.7475                     Acc: 87.50% LR: 0.000344                     Alpha: 0.5744425058364868                     Beta: -0.9320604801177979                     MemKD: 0.342845618724823
2026-02-11 01:02:12,421 - INFO - Epoch [50] Batch [20/35]                     Loss: -0.3663, Hard: 0.4319, Soft: -0.7982                     Acc: 82.74% LR: 0.000344                     Alpha: 0.5744425058364868                     Beta: -0.9403859972953796                     MemKD: 0.3406439423561096
2026-02-11 01:02:39,796 - INFO - Epoch [50/130] Train Loss: -0.2313, Train Acc: 81.79%, Val Loss: 0.5904, Val Acc: 77.26%
2026-02-11 01:02:39,857 - INFO - Checkpoint saved at epoch 50
2026-02-11 01:03:02,300 - INFO - Epoch [51] Batch [0/35]                     Loss: -0.2941, Hard: 0.4879, Soft: -0.7819                     Acc: 81.25% LR: 0.000339                     Alpha: 0.5744425058364868                     Beta: -0.9468109011650085                     MemKD: 0.33893531560897827
2026-02-11 01:03:06,197 - INFO - Epoch [51] Batch [20/35]                     Loss: -0.3263, Hard: 0.4473, Soft: -0.7736                     Acc: 80.06% LR: 0.000339                     Alpha: 0.5744425058364868                     Beta: -0.9551032781600952                     MemKD: 0.3367695212364197
2026-02-11 01:03:34,555 - INFO - Epoch [51/130] Train Loss: -0.2787, Train Acc: 81.61%, Val Loss: 0.4621, Val Acc: 82.85%
2026-02-11 01:03:34,555 - INFO - Best model saved with accuracy: 82.85%
2026-02-11 01:03:57,669 - INFO - Epoch [52] Batch [0/35]                     Loss: -0.2765, Hard: 0.4793, Soft: -0.7557                     Acc: 81.25% LR: 0.000333                     Alpha: 0.5744425058364868                     Beta: -0.9613258242607117                     MemKD: 0.33514878153800964
2026-02-11 01:04:01,466 - INFO - Epoch [52] Batch [20/35]                     Loss: -0.4411, Hard: 0.3469, Soft: -0.7881                     Acc: 80.06% LR: 0.000333                     Alpha: 0.5744425058364868                     Beta: -0.9694511294364929                     MemKD: 0.33304741978645325
2026-02-11 01:04:29,529 - INFO - Epoch [52/130] Train Loss: -0.2519, Train Acc: 78.93%, Val Loss: 0.6703, Val Acc: 76.33%
2026-02-11 01:04:53,160 - INFO - Epoch [53] Batch [0/35]                     Loss: -0.4950, Hard: 0.3615, Soft: -0.8565                     Acc: 81.25% LR: 0.000327                     Alpha: 0.5744425058364868                     Beta: -0.9754042625427246                     MemKD: 0.3315393924713135
2026-02-11 01:04:57,317 - INFO - Epoch [53] Batch [20/35]                     Loss: -0.4658, Hard: 0.3844, Soft: -0.8503                     Acc: 85.71% LR: 0.000327                     Alpha: 0.5744425058364868                     Beta: -0.9834131002426147                     MemKD: 0.32948949933052063
2026-02-11 01:05:24,776 - INFO - Epoch [53/130] Train Loss: -0.3543, Train Acc: 84.46%, Val Loss: 0.6746, Val Acc: 76.20%
2026-02-11 01:05:48,180 - INFO - Epoch [54] Batch [0/35]                     Loss: -0.0117, Hard: 0.7043, Soft: -0.7160                     Acc: 81.25% LR: 0.000321                     Alpha: 0.5744425058364868                     Beta: -0.9894204139709473                     MemKD: 0.3279567360877991
2026-02-11 01:05:51,853 - INFO - Epoch [54] Batch [20/35]                     Loss: -0.5602, Hard: 0.3322, Soft: -0.8924                     Acc: 81.25% LR: 0.000321                     Alpha: 0.5744425058364868                     Beta: -0.9972115159034729                     MemKD: 0.32598382234573364
2026-02-11 01:06:21,115 - INFO - Epoch [54/130] Train Loss: -0.3475, Train Acc: 81.96%, Val Loss: 0.6272, Val Acc: 78.06%
2026-02-11 01:06:45,091 - INFO - Epoch [55] Batch [0/35]                     Loss: -0.5278, Hard: 0.3766, Soft: -0.9044                     Acc: 87.50% LR: 0.000316                     Alpha: 0.5744425058364868                     Beta: -1.0030125379562378                     MemKD: 0.3245208263397217
2026-02-11 01:06:48,356 - INFO - Epoch [55] Batch [20/35]                     Loss: -0.3534, Hard: 0.4399, Soft: -0.7933                     Acc: 82.14% LR: 0.000316                     Alpha: 0.5744425058364868                     Beta: -1.0106160640716553                     MemKD: 0.3226155936717987
2026-02-11 01:07:17,162 - INFO - Epoch [55/130] Train Loss: -0.3079, Train Acc: 79.29%, Val Loss: 0.5841, Val Acc: 78.72%
2026-02-11 01:07:39,458 - INFO - Epoch [56] Batch [0/35]                     Loss: -0.4481, Hard: 0.4189, Soft: -0.8670                     Acc: 87.50% LR: 0.000310                     Alpha: 0.5744425058364868                     Beta: -1.0162513256072998                     MemKD: 0.32121628522872925
2026-02-11 01:07:42,897 - INFO - Epoch [56] Batch [20/35]                     Loss: -0.4177, Hard: 0.4051, Soft: -0.8228                     Acc: 78.87% LR: 0.000310                     Alpha: 0.5744425058364868                     Beta: -1.0234172344207764                     MemKD: 0.3194705545902252
2026-02-11 01:08:11,727 - INFO - Epoch [56/130] Train Loss: -0.3284, Train Acc: 81.79%, Val Loss: 0.4776, Val Acc: 81.65%
2026-02-11 01:08:35,129 - INFO - Epoch [57] Batch [0/35]                     Loss: -0.1393, Hard: 0.6791, Soft: -0.8184                     Acc: 81.25% LR: 0.000304                     Alpha: 0.5744425058364868                     Beta: -1.0289082527160645                     MemKD: 0.31812357902526855
2026-02-11 01:08:38,971 - INFO - Epoch [57] Batch [20/35]                     Loss: -0.5506, Hard: 0.3903, Soft: -0.9410                     Acc: 85.12% LR: 0.000304                     Alpha: 0.5744425058364868                     Beta: -1.036241054534912                     MemKD: 0.31630873680114746
2026-02-11 01:09:07,678 - INFO - Epoch [57/130] Train Loss: -0.4675, Train Acc: 82.68%, Val Loss: 0.6874, Val Acc: 70.35%
2026-02-11 01:09:30,484 - INFO - Epoch [58] Batch [0/35]                     Loss: -0.7457, Hard: 0.2721, Soft: -1.0178                     Acc: 93.75% LR: 0.000298                     Alpha: 0.5744425058364868                     Beta: -1.0418248176574707                     MemKD: 0.31492698192596436
2026-02-11 01:09:34,222 - INFO - Epoch [58] Batch [20/35]                     Loss: -0.5446, Hard: 0.4372, Soft: -0.9818                     Acc: 85.12% LR: 0.000298                     Alpha: 0.5744425058364868                     Beta: -1.049042820930481                     MemKD: 0.3131507635116577
2026-02-11 01:10:00,692 - INFO - Epoch [58/130] Train Loss: -0.3759, Train Acc: 80.89%, Val Loss: 0.5202, Val Acc: 81.12%
2026-02-11 01:10:23,012 - INFO - Epoch [59] Batch [0/35]                     Loss: -0.5738, Hard: 0.3981, Soft: -0.9719                     Acc: 93.75% LR: 0.000292                     Alpha: 0.5744425058364868                     Beta: -1.054263949394226                     MemKD: 0.31189823150634766
2026-02-11 01:10:26,877 - INFO - Epoch [59] Batch [20/35]                     Loss: -0.8755, Hard: 0.1901, Soft: -1.0655                     Acc: 85.71% LR: 0.000292                     Alpha: 0.5744425058364868                     Beta: -1.0611679553985596                     MemKD: 0.3102399408817291
2026-02-11 01:10:56,493 - INFO - Epoch [59/130] Train Loss: -0.5428, Train Acc: 84.82%, Val Loss: 0.4431, Val Acc: 82.98%
2026-02-11 01:10:56,494 - INFO - Best model saved with accuracy: 82.98%
2026-02-11 01:11:20,004 - INFO - Epoch [60] Batch [0/35]                     Loss: -0.3499, Hard: 0.5089, Soft: -0.8588                     Acc: 81.25% LR: 0.000286                     Alpha: 0.5744425058364868                     Beta: -1.0664840936660767                     MemKD: 0.3089487850666046
2026-02-11 01:11:23,938 - INFO - Epoch [60] Batch [20/35]                     Loss: -0.7505, Hard: 0.2467, Soft: -0.9971                     Acc: 83.04% LR: 0.000286                     Alpha: 0.5744425058364868                     Beta: -1.0732365846633911                     MemKD: 0.30734410881996155
2026-02-11 01:11:53,674 - INFO - Epoch [60/130] Train Loss: -0.4385, Train Acc: 83.04%, Val Loss: 0.5893, Val Acc: 77.79%
2026-02-11 01:11:53,744 - INFO - Checkpoint saved at epoch 60
2026-02-11 01:12:15,696 - INFO - Epoch [61] Batch [0/35]                     Loss: -0.0517, Hard: 0.7074, Soft: -0.7591                     Acc: 68.75% LR: 0.000280                     Alpha: 0.5744425058364868                     Beta: -1.078326940536499                     MemKD: 0.3061334192752838
2026-02-11 01:12:18,792 - INFO - Epoch [61] Batch [20/35]                     Loss: -0.0372, Hard: 0.7467, Soft: -0.7839                     Acc: 79.76% LR: 0.000280                     Alpha: 0.5744425058364868                     Beta: -1.0848374366760254                     MemKD: 0.3046059310436249
2026-02-11 01:12:46,988 - INFO - Epoch [61/130] Train Loss: -0.3919, Train Acc: 80.18%, Val Loss: 0.5410, Val Acc: 80.19%
2026-02-11 01:13:10,141 - INFO - Epoch [62] Batch [0/35]                     Loss: -0.5237, Hard: 0.4403, Soft: -0.9640                     Acc: 81.25% LR: 0.000274                     Alpha: 0.5744425058364868                     Beta: -1.0896021127700806                     MemKD: 0.30350425839424133
2026-02-11 01:13:13,837 - INFO - Epoch [62] Batch [20/35]                     Loss: -0.5597, Hard: 0.4103, Soft: -0.9700                     Acc: 84.52% LR: 0.000274                     Alpha: 0.5744425058364868                     Beta: -1.0960763692855835                     MemKD: 0.3019865155220032
2026-02-11 01:13:42,987 - INFO - Epoch [62/130] Train Loss: -0.5256, Train Acc: 84.29%, Val Loss: 0.6344, Val Acc: 76.46%
2026-02-11 01:14:06,936 - INFO - Epoch [63] Batch [0/35]                     Loss: -0.9691, Hard: 0.1710, Soft: -1.1401                     Acc: 100.00% LR: 0.000268                     Alpha: 0.5744425058364868                     Beta: -1.1009225845336914                     MemKD: 0.3008500933647156
2026-02-11 01:14:10,022 - INFO - Epoch [63] Batch [20/35]                     Loss: -0.9329, Hard: 0.1538, Soft: -1.0866                     Acc: 86.31% LR: 0.000268                     Alpha: 0.5744425058364868                     Beta: -1.1072536706924438                     MemKD: 0.2993721067905426
2026-02-11 01:14:39,494 - INFO - Epoch [63/130] Train Loss: -0.5986, Train Acc: 86.07%, Val Loss: 0.5713, Val Acc: 79.26%
2026-02-11 01:15:02,409 - INFO - Epoch [64] Batch [0/35]                     Loss: -0.4113, Hard: 0.5191, Soft: -0.9304                     Acc: 62.50% LR: 0.000262                     Alpha: 0.5744425058364868                     Beta: -1.1121165752410889                     MemKD: 0.29823169112205505
2026-02-11 01:15:06,220 - INFO - Epoch [64] Batch [20/35]                     Loss: -0.6662, Hard: 0.3510, Soft: -1.0172                     Acc: 81.85% LR: 0.000262                     Alpha: 0.5744425058364868                     Beta: -1.1183500289916992                     MemKD: 0.2967844307422638
2026-02-11 01:15:35,309 - INFO - Epoch [64/130] Train Loss: -0.6006, Train Acc: 83.39%, Val Loss: 0.5487, Val Acc: 80.72%
2026-02-11 01:15:57,618 - INFO - Epoch [65] Batch [0/35]                     Loss: -1.0066, Hard: 0.1359, Soft: -1.1425                     Acc: 100.00% LR: 0.000256                     Alpha: 0.5744425058364868                     Beta: -1.122975468635559                     MemKD: 0.295718252658844
2026-02-11 01:16:01,288 - INFO - Epoch [65] Batch [20/35]                     Loss: -0.7437, Hard: 0.3186, Soft: -1.0623                     Acc: 85.42% LR: 0.000256                     Alpha: 0.5744425058364868                     Beta: -1.1289958953857422                     MemKD: 0.29433175921440125
2026-02-11 01:16:30,948 - INFO - Epoch [65/130] Train Loss: -0.6813, Train Acc: 85.00%, Val Loss: 0.5046, Val Acc: 82.71%
2026-02-11 01:16:53,067 - INFO - Epoch [66] Batch [0/35]                     Loss: -0.8075, Hard: 0.3130, Soft: -1.1205                     Acc: 93.75% LR: 0.000250                     Alpha: 0.5744425058364868                     Beta: -1.1335843801498413                     MemKD: 0.2932812571525574
2026-02-11 01:16:56,908 - INFO - Epoch [66] Batch [20/35]                     Loss: -0.9225, Hard: 0.2222, Soft: -1.1447                     Acc: 84.52% LR: 0.000250                     Alpha: 0.5744425058364868                     Beta: -1.1395397186279297                     MemKD: 0.29192182421684265
2026-02-11 01:17:24,844 - INFO - Epoch [66/130] Train Loss: -0.6431, Train Acc: 85.36%, Val Loss: 0.4712, Val Acc: 81.78%
2026-02-11 01:17:47,872 - INFO - Epoch [67] Batch [0/35]                     Loss: -0.8601, Hard: 0.2606, Soft: -1.1207                     Acc: 93.75% LR: 0.000244                     Alpha: 0.5744425058364868                     Beta: -1.1439162492752075                     MemKD: 0.2909303307533264
2026-02-11 01:17:51,638 - INFO - Epoch [67] Batch [20/35]                     Loss: -0.9215, Hard: 0.2471, Soft: -1.1685                     Acc: 84.82% LR: 0.000244                     Alpha: 0.5744425058364868                     Beta: -1.1496362686157227                     MemKD: 0.28963810205459595
2026-02-11 01:18:20,040 - INFO - Epoch [67/130] Train Loss: -0.6108, Train Acc: 84.11%, Val Loss: 0.5700, Val Acc: 80.32%
2026-02-11 01:18:43,674 - INFO - Epoch [68] Batch [0/35]                     Loss: -0.2208, Hard: 0.6188, Soft: -0.8396                     Acc: 75.00% LR: 0.000238                     Alpha: 0.5744425058364868                     Beta: -1.1538420915603638                     MemKD: 0.28869813680648804
2026-02-11 01:18:46,846 - INFO - Epoch [68] Batch [20/35]                     Loss: -1.0106, Hard: 0.1807, Soft: -1.1913                     Acc: 85.71% LR: 0.000238                     Alpha: 0.5744425058364868                     Beta: -1.159365177154541                     MemKD: 0.28746849298477173
2026-02-11 01:19:15,532 - INFO - Epoch [68/130] Train Loss: -0.6234, Train Acc: 84.64%, Val Loss: 0.5393, Val Acc: 79.92%
2026-02-11 01:19:36,652 - INFO - Epoch [69] Batch [0/35]                     Loss: -0.8832, Hard: 0.2581, Soft: -1.1413                     Acc: 87.50% LR: 0.000232                     Alpha: 0.5744425058364868                     Beta: -1.163496494293213                     MemKD: 0.2865515351295471
2026-02-11 01:19:40,313 - INFO - Epoch [69] Batch [20/35]                     Loss: -0.3354, Hard: 0.6282, Soft: -0.9636                     Acc: 84.23% LR: 0.000232                     Alpha: 0.5744425058364868                     Beta: -1.1688258647918701                     MemKD: 0.2853759825229645
2026-02-11 01:20:07,781 - INFO - Epoch [69/130] Train Loss: -0.6632, Train Acc: 85.71%, Val Loss: 0.4860, Val Acc: 82.18%
2026-02-11 01:20:30,349 - INFO - Epoch [70] Batch [0/35]                     Loss: 0.0707, Hard: 0.9314, Soft: -0.8607                     Acc: 62.50% LR: 0.000226                     Alpha: 0.5744425058364868                     Beta: -1.172789454460144                     MemKD: 0.28450462222099304
2026-02-11 01:20:34,152 - INFO - Epoch [70] Batch [20/35]                     Loss: -0.3761, Hard: 0.5579, Soft: -0.9340                     Acc: 86.01% LR: 0.000226                     Alpha: 0.5744425058364868                     Beta: -1.1780338287353516                     MemKD: 0.28334710001945496
2026-02-11 01:21:03,244 - INFO - Epoch [70/130] Train Loss: -0.7896, Train Acc: 87.86%, Val Loss: 0.4748, Val Acc: 81.91%
2026-02-11 01:21:03,303 - INFO - Checkpoint saved at epoch 70
2026-02-11 01:21:25,198 - INFO - Epoch [71] Batch [0/35]                     Loss: -0.3799, Hard: 0.6151, Soft: -0.9950                     Acc: 81.25% LR: 0.000220                     Alpha: 0.5744425058364868                     Beta: -1.1820675134658813                     MemKD: 0.28245168924331665
2026-02-11 01:21:28,883 - INFO - Epoch [71] Batch [20/35]                     Loss: -1.0183, Hard: 0.2099, Soft: -1.2283                     Acc: 86.01% LR: 0.000220                     Alpha: 0.5744425058364868                     Beta: -1.1872236728668213                     MemKD: 0.28131645917892456
2026-02-11 01:21:55,540 - INFO - Epoch [71/130] Train Loss: -0.7181, Train Acc: 85.71%, Val Loss: 0.5295, Val Acc: 80.05%
2026-02-11 01:22:19,473 - INFO - Epoch [72] Batch [0/35]                     Loss: -0.3387, Hard: 0.5800, Soft: -0.9187                     Acc: 68.75% LR: 0.000214                     Alpha: 0.5744425058364868                     Beta: -1.1910184621810913                     MemKD: 0.28048795461654663
2026-02-11 01:22:23,173 - INFO - Epoch [72] Batch [20/35]                     Loss: -0.7109, Hard: 0.4435, Soft: -1.1544                     Acc: 84.82% LR: 0.000214                     Alpha: 0.5744425058364868                     Beta: -1.1958837509155273                     MemKD: 0.2794351279735565
2026-02-11 01:22:52,385 - INFO - Epoch [72/130] Train Loss: -0.7428, Train Acc: 86.07%, Val Loss: 0.4401, Val Acc: 83.51%
2026-02-11 01:22:52,386 - INFO - Best model saved with accuracy: 83.51%
2026-02-11 01:23:15,375 - INFO - Epoch [73] Batch [0/35]                     Loss: -0.9083, Hard: 0.2573, Soft: -1.1656                     Acc: 87.50% LR: 0.000208                     Alpha: 0.5744425058364868                     Beta: -1.1995996236801147                     MemKD: 0.278628408908844
2026-02-11 01:23:18,967 - INFO - Epoch [73] Batch [20/35]                     Loss: -0.8391, Hard: 0.3186, Soft: -1.1577                     Acc: 88.39% LR: 0.000208                     Alpha: 0.5744425058364868                     Beta: -1.2044498920440674                     MemKD: 0.2775750756263733
2026-02-11 01:23:48,397 - INFO - Epoch [73/130] Train Loss: -0.8113, Train Acc: 86.79%, Val Loss: 0.5755, Val Acc: 80.45%
2026-02-11 01:24:11,488 - INFO - Epoch [74] Batch [0/35]                     Loss: -0.8429, Hard: 0.3330, Soft: -1.1759                     Acc: 93.75% LR: 0.000202                     Alpha: 0.5744425058364868                     Beta: -1.2081190347671509                     MemKD: 0.2767800986766815
2026-02-11 01:24:14,570 - INFO - Epoch [74] Batch [20/35]                     Loss: -1.3190, Hard: 0.0592, Soft: -1.3783                     Acc: 86.90% LR: 0.000202                     Alpha: 0.5744425058364868                     Beta: -1.2127505540847778                     MemKD: 0.27578669786453247
2026-02-11 01:24:41,750 - INFO - Epoch [74/130] Train Loss: -0.7918, Train Acc: 86.61%, Val Loss: 0.4092, Val Acc: 85.51%
2026-02-11 01:24:41,750 - INFO - Best model saved with accuracy: 85.51%
2026-02-11 01:25:04,531 - INFO - Epoch [75] Batch [0/35]                     Loss: -1.2129, Hard: 0.1338, Soft: -1.3467                     Acc: 93.75% LR: 0.000196                     Alpha: 0.5744425058364868                     Beta: -1.216310739517212                     MemKD: 0.27502208948135376
2026-02-11 01:25:08,484 - INFO - Epoch [75] Batch [20/35]                     Loss: -0.6322, Hard: 0.4253, Soft: -1.0575                     Acc: 87.80% LR: 0.000196                     Alpha: 0.5744425058364868                     Beta: -1.2208229303359985                     MemKD: 0.2740626335144043
2026-02-11 01:25:38,589 - INFO - Epoch [75/130] Train Loss: -0.8508, Train Acc: 88.57%, Val Loss: 0.4536, Val Acc: 83.91%
2026-02-11 01:26:02,294 - INFO - Epoch [76] Batch [0/35]                     Loss: -0.9317, Hard: 0.2928, Soft: -1.2245                     Acc: 87.50% LR: 0.000190                     Alpha: 0.5744425058364868                     Beta: -1.224169373512268                     MemKD: 0.27335283160209656
2026-02-11 01:26:05,457 - INFO - Epoch [76] Batch [20/35]                     Loss: -1.2653, Hard: 0.0794, Soft: -1.3448                     Acc: 86.61% LR: 0.000190                     Alpha: 0.5744425058364868                     Beta: -1.2285475730895996                     MemKD: 0.2724212408065796
2026-02-11 01:26:33,997 - INFO - Epoch [76/130] Train Loss: -0.8494, Train Acc: 87.14%, Val Loss: 0.4833, Val Acc: 82.05%
2026-02-11 01:26:55,669 - INFO - Epoch [77] Batch [0/35]                     Loss: -0.5846, Hard: 0.5389, Soft: -1.1235                     Acc: 81.25% LR: 0.000184                     Alpha: 0.5744425058364868                     Beta: -1.2318480014801025                     MemKD: 0.27171897888183594
2026-02-11 01:26:59,536 - INFO - Epoch [77] Batch [20/35]                     Loss: -0.5877, Hard: 0.4889, Soft: -1.0766                     Acc: 87.20% LR: 0.000184                     Alpha: 0.5744425058364868                     Beta: -1.2360796928405762                     MemKD: 0.27082401514053345
2026-02-11 01:27:28,743 - INFO - Epoch [77/130] Train Loss: -0.8248, Train Acc: 87.50%, Val Loss: 0.4829, Val Acc: 81.38%
2026-02-11 01:27:51,918 - INFO - Epoch [78] Batch [0/35]                     Loss: -0.9307, Hard: 0.3488, Soft: -1.2796                     Acc: 87.50% LR: 0.000179                     Alpha: 0.5744425058364868                     Beta: -1.239235281944275                     MemKD: 0.2701605260372162
2026-02-11 01:27:55,768 - INFO - Epoch [78] Batch [20/35]                     Loss: -0.4399, Hard: 0.6087, Soft: -1.0486                     Acc: 86.61% LR: 0.000179                     Alpha: 0.5744425058364868                     Beta: -1.2432957887649536                     MemKD: 0.26931053400039673
2026-02-11 01:28:24,820 - INFO - Epoch [78/130] Train Loss: -0.8904, Train Acc: 87.50%, Val Loss: 0.4170, Val Acc: 85.51%
2026-02-11 01:28:47,069 - INFO - Epoch [79] Batch [0/35]                     Loss: -0.8615, Hard: 0.3397, Soft: -1.2012                     Acc: 81.25% LR: 0.000173                     Alpha: 0.5744425058364868                     Beta: -1.246351718902588                     MemKD: 0.26867204904556274
2026-02-11 01:28:51,058 - INFO - Epoch [79] Batch [20/35]                     Loss: -1.1033, Hard: 0.2288, Soft: -1.3321                     Acc: 85.12% LR: 0.000173                     Alpha: 0.5744425058364868                     Beta: -1.2502610683441162                     MemKD: 0.2678598165512085
2026-02-11 01:29:19,032 - INFO - Epoch [79/130] Train Loss: -0.8648, Train Acc: 86.25%, Val Loss: 0.4660, Val Acc: 82.05%
2026-02-11 01:29:40,659 - INFO - Epoch [80] Batch [0/35]                     Loss: -1.0236, Hard: 0.2712, Soft: -1.2948                     Acc: 87.50% LR: 0.000167                     Alpha: 0.5744425058364868                     Beta: -1.253214955329895                     MemKD: 0.26724687218666077
2026-02-11 01:29:44,450 - INFO - Epoch [80] Batch [20/35]                     Loss: -0.5238, Hard: 0.6199, Soft: -1.1436                     Acc: 87.50% LR: 0.000167                     Alpha: 0.5744425058364868                     Beta: -1.2569936513900757                     MemKD: 0.2664678990840912
2026-02-11 01:30:14,010 - INFO - Epoch [80/130] Train Loss: -0.8477, Train Acc: 86.79%, Val Loss: 0.4257, Val Acc: 83.78%
2026-02-11 01:30:14,047 - INFO - Checkpoint saved at epoch 80
2026-02-11 01:30:37,713 - INFO - Epoch [81] Batch [0/35]                     Loss: -1.1024, Hard: 0.2304, Soft: -1.3328                     Acc: 87.50% LR: 0.000161                     Alpha: 0.5744425058364868                     Beta: -1.2597867250442505                     MemKD: 0.26589435338974
2026-02-11 01:30:40,896 - INFO - Epoch [81] Batch [20/35]                     Loss: -0.5561, Hard: 0.5807, Soft: -1.1368                     Acc: 86.90% LR: 0.000161                     Alpha: 0.5744425058364868                     Beta: -1.2634215354919434                     MemKD: 0.26514795422554016
2026-02-11 01:31:08,889 - INFO - Epoch [81/130] Train Loss: -0.9043, Train Acc: 87.32%, Val Loss: 0.3830, Val Acc: 86.44%
2026-02-11 01:31:08,889 - INFO - Best model saved with accuracy: 86.44%
2026-02-11 01:31:31,052 - INFO - Epoch [82] Batch [0/35]                     Loss: -1.0868, Hard: 0.2413, Soft: -1.3281                     Acc: 93.75% LR: 0.000156                     Alpha: 0.5744425058364868                     Beta: -1.2661482095718384                     MemKD: 0.2645876705646515
2026-02-11 01:31:34,090 - INFO - Epoch [82] Batch [20/35]                     Loss: -0.9815, Hard: 0.2763, Soft: -1.2578                     Acc: 87.50% LR: 0.000156                     Alpha: 0.5744425058364868                     Beta: -1.2696782350540161                     MemKD: 0.2638651430606842
2026-02-11 01:32:02,313 - INFO - Epoch [82/130] Train Loss: -0.9051, Train Acc: 86.96%, Val Loss: 0.4485, Val Acc: 82.71%
2026-02-11 01:32:25,983 - INFO - Epoch [83] Batch [0/35]                     Loss: -0.7826, Hard: 0.4173, Soft: -1.1999                     Acc: 75.00% LR: 0.000150                     Alpha: 0.5744425058364868                     Beta: -1.2722878456115723                     MemKD: 0.26333513855934143
2026-02-11 01:32:29,714 - INFO - Epoch [83] Batch [20/35]                     Loss: -0.8994, Hard: 0.3414, Soft: -1.2408                     Acc: 87.50% LR: 0.000150                     Alpha: 0.5744425058364868                     Beta: -1.275683879852295                     MemKD: 0.2626451551914215
2026-02-11 01:32:58,516 - INFO - Epoch [83/130] Train Loss: -0.9387, Train Acc: 87.50%, Val Loss: 0.4939, Val Acc: 82.18%
2026-02-11 01:33:22,052 - INFO - Epoch [84] Batch [0/35]                     Loss: -1.1639, Hard: 0.1772, Soft: -1.3411                     Acc: 87.50% LR: 0.000145                     Alpha: 0.5744425058364868                     Beta: -1.2782294750213623                     MemKD: 0.2621288001537323
2026-02-11 01:33:25,789 - INFO - Epoch [84] Batch [20/35]                     Loss: -1.2391, Hard: 0.1604, Soft: -1.3995                     Acc: 88.69% LR: 0.000145                     Alpha: 0.5744425058364868                     Beta: -1.2814871072769165                     MemKD: 0.261467844247818
2026-02-11 01:33:53,690 - INFO - Epoch [84/130] Train Loss: -0.8883, Train Acc: 86.25%, Val Loss: 0.4517, Val Acc: 84.97%
2026-02-11 01:34:15,797 - INFO - Epoch [85] Batch [0/35]                     Loss: -0.9492, Hard: 0.3268, Soft: -1.2760                     Acc: 81.25% LR: 0.000139                     Alpha: 0.5744425058364868                     Beta: -1.2838826179504395                     MemKD: 0.26098722219467163
2026-02-11 01:34:19,608 - INFO - Epoch [85] Batch [20/35]                     Loss: -1.0132, Hard: 0.2916, Soft: -1.3048                     Acc: 86.90% LR: 0.000139                     Alpha: 0.5744425058364868                     Beta: -1.2869640588760376                     MemKD: 0.26036983728408813
2026-02-11 01:34:48,227 - INFO - Epoch [85/130] Train Loss: -0.9346, Train Acc: 86.25%, Val Loss: 0.4648, Val Acc: 81.65%
2026-02-11 01:35:11,600 - INFO - Epoch [86] Batch [0/35]                     Loss: -1.1021, Hard: 0.2470, Soft: -1.3491                     Acc: 87.50% LR: 0.000134                     Alpha: 0.5744425058364868                     Beta: -1.2893019914627075                     MemKD: 0.2598998546600342
2026-02-11 01:35:15,297 - INFO - Epoch [86] Batch [20/35]                     Loss: -0.7914, Hard: 0.4457, Soft: -1.2371                     Acc: 86.90% LR: 0.000134                     Alpha: 0.5744425058364868                     Beta: -1.292304515838623                     MemKD: 0.25929510593414307
2026-02-11 01:35:44,661 - INFO - Epoch [86/130] Train Loss: -0.9202, Train Acc: 86.07%, Val Loss: 0.3601, Val Acc: 86.70%
2026-02-11 01:35:44,661 - INFO - Best model saved with accuracy: 86.70%
2026-02-11 01:36:06,627 - INFO - Epoch [87] Batch [0/35]                     Loss: -1.1587, Hard: 0.2279, Soft: -1.3866                     Acc: 93.75% LR: 0.000129                     Alpha: 0.5744425058364868                     Beta: -1.2944908142089844                     MemKD: 0.258860319852829
2026-02-11 01:36:09,754 - INFO - Epoch [87] Batch [20/35]                     Loss: -1.1158, Hard: 0.2576, Soft: -1.3734                     Acc: 84.52% LR: 0.000129                     Alpha: 0.5744425058364868                     Beta: -1.2972794771194458                     MemKD: 0.25830772519111633
2026-02-11 01:36:38,332 - INFO - Epoch [87/130] Train Loss: -0.9353, Train Acc: 85.89%, Val Loss: 0.4426, Val Acc: 82.45%
2026-02-11 01:37:01,504 - INFO - Epoch [88] Batch [0/35]                     Loss: -1.2997, Hard: 0.1211, Soft: -1.4208                     Acc: 93.75% LR: 0.000123                     Alpha: 0.5744425058364868                     Beta: -1.2994105815887451                     MemKD: 0.25788170099258423
2026-02-11 01:37:05,426 - INFO - Epoch [88] Batch [20/35]                     Loss: -0.7263, Hard: 0.4594, Soft: -1.1858                     Acc: 88.10% LR: 0.000123                     Alpha: 0.5744425058364868                     Beta: -1.3022044897079468                     MemKD: 0.25732067227363586
2026-02-11 01:37:34,715 - INFO - Epoch [88/130] Train Loss: -1.0412, Train Acc: 88.93%, Val Loss: 0.3943, Val Acc: 85.64%
2026-02-11 01:37:57,318 - INFO - Epoch [89] Batch [0/35]                     Loss: -1.1097, Hard: 0.2371, Soft: -1.3469                     Acc: 87.50% LR: 0.000118                     Alpha: 0.5744425058364868                     Beta: -1.3042796850204468                     MemKD: 0.2569058835506439
2026-02-11 01:38:00,375 - INFO - Epoch [89] Batch [20/35]                     Loss: -0.7885, Hard: 0.4592, Soft: -1.2477                     Acc: 88.69% LR: 0.000118                     Alpha: 0.5744425058364868                     Beta: -1.3068938255310059                     MemKD: 0.25638630986213684
2026-02-11 01:38:27,572 - INFO - Epoch [89/130] Train Loss: -0.9562, Train Acc: 87.14%, Val Loss: 0.3926, Val Acc: 85.90%
2026-02-11 01:38:50,948 - INFO - Epoch [90] Batch [0/35]                     Loss: -0.9637, Hard: 0.3652, Soft: -1.3289                     Acc: 87.50% LR: 0.000113                     Alpha: 0.5744425058364868                     Beta: -1.3088457584381104                     MemKD: 0.2559994161128998
2026-02-11 01:38:54,743 - INFO - Epoch [90] Batch [20/35]                     Loss: -1.1415, Hard: 0.2381, Soft: -1.3796                     Acc: 89.58% LR: 0.000113                     Alpha: 0.5744425058364868                     Beta: -1.3113335371017456                     MemKD: 0.2555081844329834
2026-02-11 01:39:24,458 - INFO - Epoch [90/130] Train Loss: -1.0297, Train Acc: 89.46%, Val Loss: 0.5851, Val Acc: 78.19%
2026-02-11 01:39:24,506 - INFO - Checkpoint saved at epoch 90
2026-02-11 01:39:47,667 - INFO - Epoch [91] Batch [0/35]                     Loss: -1.1339, Hard: 0.2397, Soft: -1.3735                     Acc: 87.50% LR: 0.000108                     Alpha: 0.5744425058364868                     Beta: -1.313230037689209                     MemKD: 0.2551311254501343
2026-02-11 01:39:51,367 - INFO - Epoch [91] Batch [20/35]                     Loss: -0.9752, Hard: 0.3712, Soft: -1.3463                     Acc: 86.31% LR: 0.000108                     Alpha: 0.5744425058364868                     Beta: -1.3156006336212158                     MemKD: 0.25466328859329224
2026-02-11 01:40:20,083 - INFO - Epoch [91/130] Train Loss: -1.0319, Train Acc: 87.86%, Val Loss: 0.4090, Val Acc: 84.18%
2026-02-11 01:40:42,137 - INFO - Epoch [92] Batch [0/35]                     Loss: -1.1307, Hard: 0.2641, Soft: -1.3949                     Acc: 93.75% LR: 0.000103                     Alpha: 0.5744425058364868                     Beta: -1.3174046277999878                     MemKD: 0.2543077766895294
2026-02-11 01:40:45,858 - INFO - Epoch [92] Batch [20/35]                     Loss: -1.1950, Hard: 0.2329, Soft: -1.4279                     Acc: 89.88% LR: 0.000103                     Alpha: 0.5744425058364868                     Beta: -1.3197154998779297                     MemKD: 0.25385087728500366
2026-02-11 01:41:14,173 - INFO - Epoch [92/130] Train Loss: -1.0731, Train Acc: 89.11%, Val Loss: 0.4124, Val Acc: 84.57%
2026-02-11 01:41:36,597 - INFO - Epoch [93] Batch [0/35]                     Loss: -0.9419, Hard: 0.3378, Soft: -1.2798                     Acc: 87.50% LR: 0.000098                     Alpha: 0.5744425058364868                     Beta: -1.3214237689971924                     MemKD: 0.2535158395767212
2026-02-11 01:41:40,572 - INFO - Epoch [93] Batch [20/35]                     Loss: -1.0870, Hard: 0.2928, Soft: -1.3797                     Acc: 88.99% LR: 0.000098                     Alpha: 0.5744425058364868                     Beta: -1.3235894441604614                     MemKD: 0.25309044122695923
2026-02-11 01:42:09,438 - INFO - Epoch [93/130] Train Loss: -1.0600, Train Acc: 89.11%, Val Loss: 0.3648, Val Acc: 86.57%
2026-02-11 01:42:32,651 - INFO - Epoch [94] Batch [0/35]                     Loss: -0.7324, Hard: 0.5232, Soft: -1.2556                     Acc: 81.25% LR: 0.000093                     Alpha: 0.5744425058364868                     Beta: -1.325210452079773                     MemKD: 0.2527737617492676
2026-02-11 01:42:35,714 - INFO - Epoch [94] Batch [20/35]                     Loss: -1.2222, Hard: 0.2083, Soft: -1.4304                     Acc: 90.18% LR: 0.000093                     Alpha: 0.5744425058364868                     Beta: -1.3272747993469238                     MemKD: 0.2523703873157501
2026-02-11 01:43:04,447 - INFO - Epoch [94/130] Train Loss: -1.1073, Train Acc: 90.71%, Val Loss: 0.3748, Val Acc: 87.37%
2026-02-11 01:43:04,447 - INFO - Best model saved with accuracy: 87.37%
2026-02-11 01:43:25,918 - INFO - Epoch [95] Batch [0/35]                     Loss: -0.6307, Hard: 0.5203, Soft: -1.1510                     Acc: 87.50% LR: 0.000089                     Alpha: 0.5744425058364868                     Beta: -1.328827977180481                     MemKD: 0.2520655393600464
2026-02-11 01:43:28,979 - INFO - Epoch [95] Batch [20/35]                     Loss: -1.1097, Hard: 0.3166, Soft: -1.4263                     Acc: 89.88% LR: 0.000089                     Alpha: 0.5744425058364868                     Beta: -1.3307652473449707                     MemKD: 0.2516889274120331
2026-02-11 01:43:57,239 - INFO - Epoch [95/130] Train Loss: -1.0561, Train Acc: 88.75%, Val Loss: 0.4249, Val Acc: 85.51%
2026-02-11 01:44:21,140 - INFO - Epoch [96] Batch [0/35]                     Loss: -1.2187, Hard: 0.2093, Soft: -1.4280                     Acc: 93.75% LR: 0.000084                     Alpha: 0.5744425058364868                     Beta: -1.332232117652893                     MemKD: 0.25140315294265747
2026-02-11 01:44:25,077 - INFO - Epoch [96] Batch [20/35]                     Loss: -1.3180, Hard: 0.1648, Soft: -1.4828                     Acc: 90.48% LR: 0.000084                     Alpha: 0.5744425058364868                     Beta: -1.334084153175354                     MemKD: 0.2510431706905365
2026-02-11 01:44:54,147 - INFO - Epoch [96/130] Train Loss: -1.1349, Train Acc: 90.71%, Val Loss: 0.3907, Val Acc: 86.57%
2026-02-11 01:45:17,816 - INFO - Epoch [97] Batch [0/35]                     Loss: -1.2302, Hard: 0.1987, Soft: -1.4289                     Acc: 93.75% LR: 0.000080                     Alpha: 0.5744425058364868                     Beta: -1.335487961769104                     MemKD: 0.2507707476615906
2026-02-11 01:45:21,442 - INFO - Epoch [97] Batch [20/35]                     Loss: -0.8126, Hard: 0.4187, Soft: -1.2313                     Acc: 88.39% LR: 0.000080                     Alpha: 0.5744425058364868                     Beta: -1.3372557163238525                     MemKD: 0.25042781233787537
2026-02-11 01:45:48,993 - INFO - Epoch [97/130] Train Loss: -1.0954, Train Acc: 88.75%, Val Loss: 0.3800, Val Acc: 86.97%
2026-02-11 01:46:10,237 - INFO - Epoch [98] Batch [0/35]                     Loss: -1.2272, Hard: 0.2244, Soft: -1.4516                     Acc: 87.50% LR: 0.000075                     Alpha: 0.5744425058364868                     Beta: -1.3385578393936157                     MemKD: 0.25017550587654114
2026-02-11 01:46:13,914 - INFO - Epoch [98] Batch [20/35]                     Loss: -1.3540, Hard: 0.1593, Soft: -1.5133                     Acc: 88.10% LR: 0.000075                     Alpha: 0.5744425058364868                     Beta: -1.340207576751709                     MemKD: 0.24985650181770325
2026-02-11 01:46:42,748 - INFO - Epoch [98/130] Train Loss: -1.0808, Train Acc: 87.50%, Val Loss: 0.4255, Val Acc: 85.90%
2026-02-11 01:47:05,964 - INFO - Epoch [99] Batch [0/35]                     Loss: -1.3525, Hard: 0.1086, Soft: -1.4612                     Acc: 100.00% LR: 0.000071                     Alpha: 0.5744425058364868                     Beta: -1.3414347171783447                     MemKD: 0.2496202141046524
2026-02-11 01:47:09,879 - INFO - Epoch [99] Batch [20/35]                     Loss: -1.1730, Hard: 0.2940, Soft: -1.4670                     Acc: 88.99% LR: 0.000071                     Alpha: 0.5744425058364868                     Beta: -1.3429826498031616                     MemKD: 0.24932244420051575
2026-02-11 01:47:38,900 - INFO - Epoch [99/130] Train Loss: -1.0818, Train Acc: 89.11%, Val Loss: 0.3827, Val Acc: 85.77%
2026-02-11 01:48:00,942 - INFO - Epoch [100] Batch [0/35]                     Loss: -1.1053, Hard: 0.3041, Soft: -1.4095                     Acc: 93.75% LR: 0.000067                     Alpha: 0.5744425058364868                     Beta: -1.3441402912139893                     MemKD: 0.24910041689872742
2026-02-11 01:48:04,228 - INFO - Epoch [100] Batch [20/35]                     Loss: -1.1902, Hard: 0.2501, Soft: -1.4403                     Acc: 90.18% LR: 0.000067                     Alpha: 0.5744425058364868                     Beta: -1.3455876111984253                     MemKD: 0.2488228976726532
2026-02-11 01:48:30,630 - INFO - Epoch [100/130] Train Loss: -1.0939, Train Acc: 89.46%, Val Loss: 0.3662, Val Acc: 87.10%
2026-02-11 01:48:30,677 - INFO - Checkpoint saved at epoch 100
2026-02-11 01:48:53,299 - INFO - Epoch [101] Batch [0/35]                     Loss: -0.4919, Hard: 0.6293, Soft: -1.1212                     Acc: 81.25% LR: 0.000063                     Alpha: 0.5744425058364868                     Beta: -1.3466728925704956                     MemKD: 0.24861451983451843
2026-02-11 01:48:56,990 - INFO - Epoch [101] Batch [20/35]                     Loss: -1.4549, Hard: 0.0896, Soft: -1.5445                     Acc: 89.88% LR: 0.000063                     Alpha: 0.5744425058364868                     Beta: -1.3480420112609863                     MemKD: 0.24835219979286194
2026-02-11 01:49:26,275 - INFO - Epoch [101/130] Train Loss: -1.1305, Train Acc: 89.46%, Val Loss: 0.3857, Val Acc: 85.90%
2026-02-11 01:49:49,486 - INFO - Epoch [102] Batch [0/35]                     Loss: -1.3571, Hard: 0.1003, Soft: -1.4574                     Acc: 100.00% LR: 0.000059                     Alpha: 0.5744425058364868                     Beta: -1.3490649461746216                     MemKD: 0.24815592169761658
2026-02-11 01:49:52,551 - INFO - Epoch [102] Batch [20/35]                     Loss: -1.0255, Hard: 0.3417, Soft: -1.3672                     Acc: 91.07% LR: 0.000059                     Alpha: 0.5744425058364868                     Beta: -1.3503366708755493                     MemKD: 0.24791228771209717
2026-02-11 01:50:21,360 - INFO - Epoch [102/130] Train Loss: -1.1212, Train Acc: 89.11%, Val Loss: 0.3653, Val Acc: 87.10%
2026-02-11 01:50:43,034 - INFO - Epoch [103] Batch [0/35]                     Loss: -1.4097, Hard: 0.0662, Soft: -1.4759                     Acc: 100.00% LR: 0.000055                     Alpha: 0.5744425058364868                     Beta: -1.3512828350067139                     MemKD: 0.24773141741752625
2026-02-11 01:50:46,864 - INFO - Epoch [103] Batch [20/35]                     Loss: -1.4110, Hard: 0.1084, Soft: -1.5194                     Acc: 88.39% LR: 0.000055                     Alpha: 0.5744425058364868                     Beta: -1.3524651527404785                     MemKD: 0.24750588834285736
2026-02-11 01:51:15,710 - INFO - Epoch [103/130] Train Loss: -1.1050, Train Acc: 89.11%, Val Loss: 0.3594, Val Acc: 88.03%
2026-02-11 01:51:15,711 - INFO - Best model saved with accuracy: 88.03%
2026-02-11 01:51:39,103 - INFO - Epoch [104] Batch [0/35]                     Loss: -1.0010, Hard: 0.4457, Soft: -1.4467                     Acc: 87.50% LR: 0.000051                     Alpha: 0.5744425058364868                     Beta: -1.3533467054367065                     MemKD: 0.24733814597129822
2026-02-11 01:51:43,096 - INFO - Epoch [104] Batch [20/35]                     Loss: -0.9232, Hard: 0.3491, Soft: -1.2722                     Acc: 90.18% LR: 0.000051                     Alpha: 0.5744425058364868                     Beta: -1.354463815689087                     MemKD: 0.24712492525577545
2026-02-11 01:52:12,886 - INFO - Epoch [104/130] Train Loss: -1.1372, Train Acc: 89.64%, Val Loss: 0.3852, Val Acc: 85.90%
2026-02-11 01:52:36,371 - INFO - Epoch [105] Batch [0/35]                     Loss: -1.2684, Hard: 0.1910, Soft: -1.4594                     Acc: 93.75% LR: 0.000048                     Alpha: 0.5744425058364868                     Beta: -1.3552933931350708                     MemKD: 0.2469668984413147
2026-02-11 01:52:40,155 - INFO - Epoch [105] Batch [20/35]                     Loss: -1.1434, Hard: 0.2555, Soft: -1.3989                     Acc: 91.96% LR: 0.000048                     Alpha: 0.5744425058364868                     Beta: -1.3563323020935059                     MemKD: 0.24676871299743652
2026-02-11 01:53:06,397 - INFO - Epoch [105/130] Train Loss: -1.1021, Train Acc: 89.29%, Val Loss: 0.3683, Val Acc: 86.97%
2026-02-11 01:53:27,752 - INFO - Epoch [106] Batch [0/35]                     Loss: -1.0311, Hard: 0.3430, Soft: -1.3741                     Acc: 87.50% LR: 0.000044                     Alpha: 0.5744425058364868                     Beta: -1.3571003675460815                     MemKD: 0.24662302434444427
2026-02-11 01:53:31,653 - INFO - Epoch [106] Batch [20/35]                     Loss: -0.6933, Hard: 0.5069, Soft: -1.2002                     Acc: 86.61% LR: 0.000044                     Alpha: 0.5744425058364868                     Beta: -1.3580411672592163                     MemKD: 0.24644537270069122
2026-02-11 01:54:01,454 - INFO - Epoch [106/130] Train Loss: -1.0923, Train Acc: 87.32%, Val Loss: 0.3869, Val Acc: 86.84%
2026-02-11 01:54:24,914 - INFO - Epoch [107] Batch [0/35]                     Loss: -0.7376, Hard: 0.4927, Soft: -1.2303                     Acc: 87.50% LR: 0.000041                     Alpha: 0.5744425058364868                     Beta: -1.3587467670440674                     MemKD: 0.246312215924263
2026-02-11 01:54:28,826 - INFO - Epoch [107] Batch [20/35]                     Loss: -1.3061, Hard: 0.2357, Soft: -1.5418                     Acc: 87.80% LR: 0.000041                     Alpha: 0.5744425058364868                     Beta: -1.3596115112304688                     MemKD: 0.24614962935447693
2026-02-11 01:54:57,845 - INFO - Epoch [107/130] Train Loss: -1.1257, Train Acc: 90.00%, Val Loss: 0.3625, Val Acc: 86.57%
2026-02-11 01:55:20,713 - INFO - Epoch [108] Batch [0/35]                     Loss: -1.4642, Hard: 0.0849, Soft: -1.5491                     Acc: 100.00% LR: 0.000038                     Alpha: 0.5744425058364868                     Beta: -1.3602690696716309                     MemKD: 0.24602514505386353
2026-02-11 01:55:23,702 - INFO - Epoch [108] Batch [20/35]                     Loss: -0.9026, Hard: 0.4076, Soft: -1.3103                     Acc: 92.26% LR: 0.000038                     Alpha: 0.5744425058364868                     Beta: -1.3610841035842896                     MemKD: 0.2458702176809311
2026-02-11 01:55:51,910 - INFO - Epoch [108/130] Train Loss: -1.1611, Train Acc: 91.61%, Val Loss: 0.3756, Val Acc: 86.70%
2026-02-11 01:56:14,586 - INFO - Epoch [109] Batch [0/35]                     Loss: -1.2276, Hard: 0.2215, Soft: -1.4492                     Acc: 93.75% LR: 0.000035                     Alpha: 0.5744425058364868                     Beta: -1.3616868257522583                     MemKD: 0.24575617909431458
2026-02-11 01:56:18,533 - INFO - Epoch [109] Batch [20/35]                     Loss: -1.5819, Hard: 0.0394, Soft: -1.6213                     Acc: 92.26% LR: 0.000035                     Alpha: 0.5744425058364868                     Beta: -1.3624203205108643                     MemKD: 0.24561819434165955
2026-02-11 01:56:47,735 - INFO - Epoch [109/130] Train Loss: -1.1964, Train Acc: 90.71%, Val Loss: 0.3650, Val Acc: 86.70%
2026-02-11 01:57:11,722 - INFO - Epoch [110] Batch [0/35]                     Loss: -1.1808, Hard: 0.2187, Soft: -1.3995                     Acc: 93.75% LR: 0.000032                     Alpha: 0.5744425058364868                     Beta: -1.3629810810089111                     MemKD: 0.24551208317279816
2026-02-11 01:57:14,908 - INFO - Epoch [110] Batch [20/35]                     Loss: -1.4065, Hard: 0.1680, Soft: -1.5745                     Acc: 90.77% LR: 0.000032                     Alpha: 0.5744425058364868                     Beta: -1.3636515140533447                     MemKD: 0.2453862577676773
2026-02-11 01:57:42,777 - INFO - Epoch [110/130] Train Loss: -1.1462, Train Acc: 90.36%, Val Loss: 0.3692, Val Acc: 87.90%
2026-02-11 01:57:42,836 - INFO - Checkpoint saved at epoch 110
2026-02-11 01:58:05,515 - INFO - Epoch [111] Batch [0/35]                     Loss: -1.2399, Hard: 0.1852, Soft: -1.4251                     Acc: 93.75% LR: 0.000029                     Alpha: 0.5744425058364868                     Beta: -1.3641538619995117                     MemKD: 0.24529148638248444
2026-02-11 01:58:09,278 - INFO - Epoch [111] Batch [20/35]                     Loss: -1.2359, Hard: 0.2330, Soft: -1.4689                     Acc: 90.77% LR: 0.000029                     Alpha: 0.5744425058364868                     Beta: -1.3647657632827759                     MemKD: 0.24517615139484406
2026-02-11 01:58:39,506 - INFO - Epoch [111/130] Train Loss: -1.2353, Train Acc: 91.25%, Val Loss: 0.3672, Val Acc: 87.90%
2026-02-11 01:59:02,275 - INFO - Epoch [112] Batch [0/35]                     Loss: -1.4388, Hard: 0.0854, Soft: -1.5242                     Acc: 100.00% LR: 0.000026                     Alpha: 0.5744425058364868                     Beta: -1.3652291297912598                     MemKD: 0.24508841335773468
2026-02-11 01:59:06,190 - INFO - Epoch [112] Batch [20/35]                     Loss: -1.3438, Hard: 0.1895, Soft: -1.5333                     Acc: 90.48% LR: 0.000026                     Alpha: 0.5744425058364868                     Beta: -1.3657793998718262                     MemKD: 0.24498465657234192
2026-02-11 01:59:36,407 - INFO - Epoch [112/130] Train Loss: -1.1578, Train Acc: 89.46%, Val Loss: 0.3528, Val Acc: 88.16%
2026-02-11 01:59:36,408 - INFO - Best model saved with accuracy: 88.16%
2026-02-11 01:59:59,159 - INFO - Epoch [113] Batch [0/35]                     Loss: -1.2163, Hard: 0.2465, Soft: -1.4628                     Acc: 87.50% LR: 0.000023                     Alpha: 0.5744425058364868                     Beta: -1.366190791130066                     MemKD: 0.244907408952713
2026-02-11 02:00:02,973 - INFO - Epoch [113] Batch [20/35]                     Loss: -0.9582, Hard: 0.4111, Soft: -1.3693                     Acc: 88.99% LR: 0.000023                     Alpha: 0.5744425058364868                     Beta: -1.366683840751648                     MemKD: 0.24481500685214996
2026-02-11 02:00:30,404 - INFO - Epoch [113/130] Train Loss: -1.1502, Train Acc: 89.29%, Val Loss: 0.3700, Val Acc: 87.63%
2026-02-11 02:00:53,556 - INFO - Epoch [114] Batch [0/35]                     Loss: -1.0561, Hard: 0.2989, Soft: -1.3550                     Acc: 87.50% LR: 0.000021                     Alpha: 0.5744425058364868                     Beta: -1.367051362991333                     MemKD: 0.24474598467350006
2026-02-11 02:00:57,473 - INFO - Epoch [114] Batch [20/35]                     Loss: -1.0089, Hard: 0.4013, Soft: -1.4102                     Acc: 89.88% LR: 0.000021                     Alpha: 0.5744425058364868                     Beta: -1.3674921989440918                     MemKD: 0.2446630746126175
2026-02-11 02:01:26,883 - INFO - Epoch [114/130] Train Loss: -1.1568, Train Acc: 89.64%, Val Loss: 0.3599, Val Acc: 87.77%
2026-02-11 02:01:49,530 - INFO - Epoch [115] Batch [0/35]                     Loss: -1.4711, Hard: 0.0733, Soft: -1.5444                     Acc: 100.00% LR: 0.000018                     Alpha: 0.5744425058364868                     Beta: -1.367821455001831                     MemKD: 0.244601309299469
2026-02-11 02:01:52,619 - INFO - Epoch [115] Batch [20/35]                     Loss: -0.9878, Hard: 0.3217, Soft: -1.3095                     Acc: 90.77% LR: 0.000018                     Alpha: 0.5744425058364868                     Beta: -1.3682141304016113                     MemKD: 0.24452738463878632
2026-02-11 02:02:20,983 - INFO - Epoch [115/130] Train Loss: -1.1550, Train Acc: 88.93%, Val Loss: 0.3711, Val Acc: 87.37%
2026-02-11 02:02:43,132 - INFO - Epoch [116] Batch [0/35]                     Loss: -1.2078, Hard: 0.2489, Soft: -1.4568                     Acc: 93.75% LR: 0.000016                     Alpha: 0.5744425058364868                     Beta: -1.3685009479522705                     MemKD: 0.24447380006313324
2026-02-11 02:02:46,211 - INFO - Epoch [116] Batch [20/35]                     Loss: -1.4011, Hard: 0.1372, Soft: -1.5383                     Acc: 89.88% LR: 0.000016                     Alpha: 0.5744425058364868                     Beta: -1.3688406944274902                     MemKD: 0.2444102019071579
2026-02-11 02:03:13,881 - INFO - Epoch [116/130] Train Loss: -1.1279, Train Acc: 89.11%, Val Loss: 0.3557, Val Acc: 87.50%
2026-02-11 02:03:36,994 - INFO - Epoch [117] Batch [0/35]                     Loss: -1.4198, Hard: 0.1068, Soft: -1.5266                     Acc: 100.00% LR: 0.000014                     Alpha: 0.5744425058364868                     Beta: -1.3690941333770752                     MemKD: 0.244362935423851
2026-02-11 02:03:40,819 - INFO - Epoch [117] Batch [20/35]                     Loss: -1.1510, Hard: 0.2397, Soft: -1.3907                     Acc: 90.48% LR: 0.000014                     Alpha: 0.5744425058364868                     Beta: -1.3693896532058716                     MemKD: 0.24430765211582184
2026-02-11 02:04:09,864 - INFO - Epoch [117/130] Train Loss: -1.1944, Train Acc: 90.36%, Val Loss: 0.3833, Val Acc: 86.17%
2026-02-11 02:04:32,141 - INFO - Epoch [118] Batch [0/35]                     Loss: -0.9862, Hard: 0.3342, Soft: -1.3204                     Acc: 93.75% LR: 0.000012                     Alpha: 0.5744425058364868                     Beta: -1.3696149587631226                     MemKD: 0.24426530301570892
2026-02-11 02:04:35,881 - INFO - Epoch [118] Batch [20/35]                     Loss: -0.9969, Hard: 0.3398, Soft: -1.3367                     Acc: 90.18% LR: 0.000012                     Alpha: 0.5744425058364868                     Beta: -1.3698713779449463                     MemKD: 0.2442171722650528
2026-02-11 02:05:02,733 - INFO - Epoch [118/130] Train Loss: -1.1391, Train Acc: 90.54%, Val Loss: 0.3613, Val Acc: 87.63%
2026-02-11 02:05:24,096 - INFO - Epoch [119] Batch [0/35]                     Loss: -1.2168, Hard: 0.2114, Soft: -1.4282                     Acc: 93.75% LR: 0.000010                     Alpha: 0.5744425058364868                     Beta: -1.3700627088546753                     MemKD: 0.24418151378631592
2026-02-11 02:05:27,983 - INFO - Epoch [119] Batch [20/35]                     Loss: -0.9969, Hard: 0.3332, Soft: -1.3301                     Acc: 90.77% LR: 0.000010                     Alpha: 0.5744425058364868                     Beta: -1.3702805042266846                     MemKD: 0.24414092302322388
2026-02-11 02:05:57,143 - INFO - Epoch [119/130] Train Loss: -1.2129, Train Acc: 91.25%, Val Loss: 0.3641, Val Acc: 87.37%
2026-02-11 02:06:21,217 - INFO - Epoch [120] Batch [0/35]                     Loss: -0.9258, Hard: 0.4390, Soft: -1.3649                     Acc: 87.50% LR: 0.000009                     Alpha: 0.5744425058364868                     Beta: -1.3704453706741333                     MemKD: 0.2441100925207138
2026-02-11 02:06:24,984 - INFO - Epoch [120] Batch [20/35]                     Loss: -1.4985, Hard: 0.1103, Soft: -1.6088                     Acc: 88.39% LR: 0.000009                     Alpha: 0.5744425058364868                     Beta: -1.3706324100494385                     MemKD: 0.24407505989074707
2026-02-11 02:06:53,945 - INFO - Epoch [120/130] Train Loss: -1.2643, Train Acc: 90.71%, Val Loss: 0.3693, Val Acc: 86.97%
2026-02-11 02:06:53,996 - INFO - Checkpoint saved at epoch 120
2026-02-11 02:07:17,634 - INFO - Epoch [121] Batch [0/35]                     Loss: -1.3865, Hard: 0.1420, Soft: -1.5285                     Acc: 93.75% LR: 0.000007                     Alpha: 0.5744425058364868                     Beta: -1.3707740306854248                     MemKD: 0.24404847621917725
2026-02-11 02:07:20,709 - INFO - Epoch [121] Batch [20/35]                     Loss: -1.2741, Hard: 0.2481, Soft: -1.5222                     Acc: 91.07% LR: 0.000007                     Alpha: 0.5744425058364868                     Beta: -1.3709297180175781                     MemKD: 0.24401916563510895
2026-02-11 02:07:49,679 - INFO - Epoch [121/130] Train Loss: -1.2704, Train Acc: 91.25%, Val Loss: 0.3437, Val Acc: 88.83%
2026-02-11 02:07:49,679 - INFO - Best model saved with accuracy: 88.83%
2026-02-11 02:08:13,014 - INFO - Epoch [122] Batch [0/35]                     Loss: -1.0975, Hard: 0.3359, Soft: -1.4334                     Acc: 81.25% LR: 0.000006                     Alpha: 0.5744425058364868                     Beta: -1.3710451126098633                     MemKD: 0.24399742484092712
2026-02-11 02:08:16,956 - INFO - Epoch [122] Batch [20/35]                     Loss: -0.9260, Hard: 0.3553, Soft: -1.2812                     Acc: 91.96% LR: 0.000006                     Alpha: 0.5744425058364868                     Beta: -1.3711693286895752                     MemKD: 0.24397414922714233
2026-02-11 02:08:46,130 - INFO - Epoch [122/130] Train Loss: -1.2328, Train Acc: 91.61%, Val Loss: 0.3839, Val Acc: 86.70%
2026-02-11 02:09:10,440 - INFO - Epoch [123] Batch [0/35]                     Loss: -0.3297, Hard: 0.8855, Soft: -1.2152                     Acc: 75.00% LR: 0.000005                     Alpha: 0.5744425058364868                     Beta: -1.3712615966796875                     MemKD: 0.24395698308944702
2026-02-11 02:09:13,580 - INFO - Epoch [123] Batch [20/35]                     Loss: -1.0626, Hard: 0.3564, Soft: -1.4190                     Acc: 88.10% LR: 0.000005                     Alpha: 0.5744425058364868                     Beta: -1.3713592290878296                     MemKD: 0.24393878877162933
2026-02-11 02:09:42,484 - INFO - Epoch [123/130] Train Loss: -1.1800, Train Acc: 89.82%, Val Loss: 0.3554, Val Acc: 87.23%
2026-02-11 02:10:06,208 - INFO - Epoch [124] Batch [0/35]                     Loss: -1.5282, Hard: 0.0587, Soft: -1.5869                     Acc: 100.00% LR: 0.000004                     Alpha: 0.5744425058364868                     Beta: -1.3714321851730347                     MemKD: 0.24392513930797577
2026-02-11 02:10:10,083 - INFO - Epoch [124] Batch [20/35]                     Loss: -1.4150, Hard: 0.1182, Soft: -1.5332                     Acc: 91.67% LR: 0.000004                     Alpha: 0.5744425058364868                     Beta: -1.3715062141418457                     MemKD: 0.2439112663269043
2026-02-11 02:10:39,458 - INFO - Epoch [124/130] Train Loss: -1.1870, Train Acc: 91.25%, Val Loss: 0.3466, Val Acc: 88.30%
2026-02-11 02:11:02,672 - INFO - Epoch [125] Batch [0/35]                     Loss: -0.8807, Hard: 0.4482, Soft: -1.3289                     Acc: 87.50% LR: 0.000003                     Alpha: 0.5744425058364868                     Beta: -1.3715620040893555                     MemKD: 0.24390080571174622
2026-02-11 02:11:06,594 - INFO - Epoch [125] Batch [20/35]                     Loss: -0.7794, Hard: 0.5079, Soft: -1.2873                     Acc: 88.99% LR: 0.000003                     Alpha: 0.5744425058364868                     Beta: -1.3716168403625488                     MemKD: 0.2438907027244568
2026-02-11 02:11:35,734 - INFO - Epoch [125/130] Train Loss: -1.1136, Train Acc: 88.75%, Val Loss: 0.3696, Val Acc: 87.63%
2026-02-11 02:11:59,428 - INFO - Epoch [126] Batch [0/35]                     Loss: -1.2442, Hard: 0.2750, Soft: -1.5192                     Acc: 87.50% LR: 0.000002                     Alpha: 0.5744425058364868                     Beta: -1.3716561794281006                     MemKD: 0.24388335645198822
2026-02-11 02:12:03,078 - INFO - Epoch [126] Batch [20/35]                     Loss: -1.4473, Hard: 0.1110, Soft: -1.5582                     Acc: 91.37% LR: 0.000002                     Alpha: 0.5744425058364868                     Beta: -1.3716942071914673                     MemKD: 0.24387632310390472
2026-02-11 02:12:30,132 - INFO - Epoch [126/130] Train Loss: -1.1796, Train Acc: 90.89%, Val Loss: 0.3532, Val Acc: 87.50%
2026-02-11 02:12:52,940 - INFO - Epoch [127] Batch [0/35]                     Loss: -1.4971, Hard: 0.0917, Soft: -1.5888                     Acc: 100.00% LR: 0.000001                     Alpha: 0.5744425058364868                     Beta: -1.3717228174209595                     MemKD: 0.2438710480928421
2026-02-11 02:12:56,707 - INFO - Epoch [127] Batch [20/35]                     Loss: -1.1229, Hard: 0.3362, Soft: -1.4590                     Acc: 88.10% LR: 0.000001                     Alpha: 0.5744425058364868                     Beta: -1.3717466592788696                     MemKD: 0.2438666820526123
2026-02-11 02:13:26,178 - INFO - Epoch [127/130] Train Loss: -1.1887, Train Acc: 89.82%, Val Loss: 0.3462, Val Acc: 87.90%
2026-02-11 02:13:49,374 - INFO - Epoch [128] Batch [0/35]                     Loss: -1.5217, Hard: 0.0863, Soft: -1.6080                     Acc: 100.00% LR: 0.000001                     Alpha: 0.5744425058364868                     Beta: -1.3717645406723022                     MemKD: 0.24386335909366608
2026-02-11 02:13:52,432 - INFO - Epoch [128] Batch [20/35]                     Loss: -1.3609, Hard: 0.1347, Soft: -1.4955                     Acc: 88.99% LR: 0.000001                     Alpha: 0.5744425058364868                     Beta: -1.3717788457870483                     MemKD: 0.24386072158813477
2026-02-11 02:14:21,395 - INFO - Epoch [128/130] Train Loss: -1.1469, Train Acc: 89.11%, Val Loss: 0.3486, Val Acc: 87.50%
2026-02-11 02:14:42,889 - INFO - Epoch [129] Batch [0/35]                     Loss: -1.0366, Hard: 0.3846, Soft: -1.4212                     Acc: 87.50% LR: 0.000000                     Alpha: 0.5744425058364868                     Beta: -1.371789574623108                     MemKD: 0.24385873973369598
2026-02-11 02:14:45,928 - INFO - Epoch [129] Batch [20/35]                     Loss: -1.4428, Hard: 0.0811, Soft: -1.5240                     Acc: 92.56% LR: 0.000000                     Alpha: 0.5744425058364868                     Beta: -1.371796727180481                     MemKD: 0.24385742843151093
2026-02-11 02:15:14,591 - INFO - Epoch [129/130] Train Loss: -1.2410, Train Acc: 91.79%, Val Loss: 0.3465, Val Acc: 87.77%
2026-02-11 02:15:38,235 - INFO - Epoch [130] Batch [0/35]                     Loss: -1.1377, Hard: 0.2591, Soft: -1.3967                     Acc: 87.50% LR: 0.000000                     Alpha: 0.5744425058364868                     Beta: -1.3718020915985107                     MemKD: 0.24385647475719452
2026-02-11 02:15:42,157 - INFO - Epoch [130] Batch [20/35]                     Loss: -1.2018, Hard: 0.2748, Soft: -1.4767                     Acc: 93.75% LR: 0.000000                     Alpha: 0.5744425058364868                     Beta: -1.3718044757843018                     MemKD: 0.2438560128211975
2026-02-11 02:16:10,457 - INFO - Epoch [130/130] Train Loss: -1.2099, Train Acc: 90.89%, Val Loss: 0.3757, Val Acc: 87.37%
2026-02-11 02:16:10,505 - INFO - Checkpoint saved at epoch 130
2026-02-11 02:16:10,505 - INFO - ==================================================
2026-02-11 02:16:10,505 - INFO - Training finished! Best accuracy: 88.83%
2026-02-11 02:16:10,505 - INFO - ==================================================
