2026-02-20 22:18:14,750 - INFO - ==================================================
2026-02-20 22:18:14,751 - INFO - Distillation Training Configuration
2026-02-20 22:18:14,751 - INFO - ==================================================
2026-02-20 22:18:14,751 - INFO - GPUs: [0, 1, 2, 3, 4, 5, 6, 7]
2026-02-20 22:18:14,751 - INFO - World size: 8
2026-02-20 22:18:14,751 - INFO - Dataset: /media/hdd1/chuxiaohui/AI4Ocean_UATR/ShipsEar_622
2026-02-20 22:18:14,751 - INFO - Data type: wav_s@wav_t
2026-02-20 22:18:14,751 - INFO - Batch size: 16
2026-02-20 22:18:14,751 - INFO - Epochs: 200
2026-02-20 22:18:14,752 - INFO - Learning rate: 0.0005
2026-02-20 22:18:14,752 - INFO - Temperature: 2.0
2026-02-20 22:18:14,752 - INFO - Alpha: 0.3
2026-02-20 22:18:14,752 - INFO - Save dir: checkpoints/grid_shipsear_v2/num_epochs200_weight_decay0.0002_batch_size16_lr0.0005_distill_typeMTSKD_Temp_freezeTrue_USE_DYNAMIC_DISTILL_WEIGHTFalse_p_encoder0.355_p_classifier0.26
2026-02-20 22:18:14,752 - INFO - ==================================================
2026-02-20 22:18:14,792 - INFO - Train dataset size: 2240
2026-02-20 22:18:14,792 - INFO - Validation dataset size: 749
2026-02-20 22:18:19,043 - INFO - Student params: 316,299 (0.32M)
2026-02-20 22:18:19,044 - INFO - Teacher params: 164,415,877 (164.42M)
2026-02-20 22:18:19,044 - INFO - Trainable params: 271,372 (0.27M)
2026-02-20 22:18:19,999 - INFO - Start training...
2026-02-20 22:18:20,000 - INFO - No checkpoint found, start from scratch
2026-02-20 22:18:43,150 - INFO - Epoch [1] Batch [0/17]                     Loss: 2.3771, Hard: 1.8066, Soft: 0.5705                     Acc: 12.50% LR: 0.000500                     Alpha: 0.5744425058364868                     Beta: 0.0                     MemKD: 0.5
2026-02-20 22:19:11,597 - INFO - Epoch [1/200] Train Loss: 1.7643, Train Acc: 41.54%, Val Loss: 1.5262, Val Acc: 37.63%
2026-02-20 22:19:11,598 - INFO - Best model saved with accuracy: 37.63%
2026-02-20 22:19:32,920 - INFO - Epoch [2] Batch [0/17]                     Loss: 1.6422, Hard: 1.3558, Soft: 0.2864                     Acc: 43.75% LR: 0.000500                     Alpha: 0.5744425058364868                     Beta: -0.006009496282786131                     MemKD: 0.5019612908363342
2026-02-20 22:20:02,201 - INFO - Epoch [2/200] Train Loss: 1.5197, Train Acc: 48.16%, Val Loss: 1.3056, Val Acc: 46.54%
2026-02-20 22:20:02,201 - INFO - Best model saved with accuracy: 46.54%
2026-02-20 22:20:26,367 - INFO - Epoch [3] Batch [0/17]                     Loss: 1.2549, Hard: 1.0828, Soft: 0.1721                     Acc: 56.25% LR: 0.000500                     Alpha: 0.5744425058364868                     Beta: -0.014275590889155865                     MemKD: 0.5036723017692566
2026-02-20 22:20:53,978 - INFO - Epoch [3/200] Train Loss: 1.5219, Train Acc: 42.65%, Val Loss: 1.1864, Val Acc: 50.27%
2026-02-20 22:20:53,978 - INFO - Best model saved with accuracy: 50.27%
2026-02-20 22:21:16,729 - INFO - Epoch [4] Batch [0/17]                     Loss: 1.4307, Hard: 1.2274, Soft: 0.2033                     Acc: 31.25% LR: 0.000500                     Alpha: 0.5744425058364868                     Beta: -0.022792434319853783                     MemKD: 0.5054174065589905
2026-02-20 22:21:46,251 - INFO - Epoch [4/200] Train Loss: 1.4114, Train Acc: 48.16%, Val Loss: 1.1339, Val Acc: 51.73%
2026-02-20 22:21:46,251 - INFO - Best model saved with accuracy: 51.73%
2026-02-20 22:22:09,875 - INFO - Epoch [5] Batch [0/17]                     Loss: 1.3753, Hard: 1.1835, Soft: 0.1918                     Acc: 56.25% LR: 0.000500                     Alpha: 0.5744425058364868                     Beta: -0.03145957365632057                     MemKD: 0.5070617198944092
2026-02-20 22:22:38,614 - INFO - Epoch [5/200] Train Loss: 1.3407, Train Acc: 50.00%, Val Loss: 1.0752, Val Acc: 58.51%
2026-02-20 22:22:38,615 - INFO - Best model saved with accuracy: 58.51%
2026-02-20 22:23:01,016 - INFO - Epoch [6] Batch [0/17]                     Loss: 1.2330, Hard: 1.0823, Soft: 0.1507                     Acc: 62.50% LR: 0.000499                     Alpha: 0.5744425058364868                     Beta: -0.041119206696748734                     MemKD: 0.5086106657981873
2026-02-20 22:23:30,013 - INFO - Epoch [6/200] Train Loss: 1.3313, Train Acc: 50.74%, Val Loss: 1.0356, Val Acc: 59.31%
2026-02-20 22:23:30,014 - INFO - Best model saved with accuracy: 59.31%
2026-02-20 22:23:52,164 - INFO - Epoch [7] Batch [0/17]                     Loss: 1.3775, Hard: 1.1919, Soft: 0.1856                     Acc: 50.00% LR: 0.000499                     Alpha: 0.5744425058364868                     Beta: -0.05099082738161087                     MemKD: 0.5101293921470642
2026-02-20 22:24:20,812 - INFO - Epoch [7/200] Train Loss: 1.2585, Train Acc: 54.41%, Val Loss: 1.0759, Val Acc: 56.52%
2026-02-20 22:24:44,691 - INFO - Epoch [8] Batch [0/17]                     Loss: 1.1419, Hard: 0.9927, Soft: 0.1492                     Acc: 62.50% LR: 0.000498                     Alpha: 0.5744425058364868                     Beta: -0.060112275183200836                     MemKD: 0.5116342306137085
2026-02-20 22:25:13,885 - INFO - Epoch [8/200] Train Loss: 1.3081, Train Acc: 54.04%, Val Loss: 1.0179, Val Acc: 60.90%
2026-02-20 22:25:13,885 - INFO - Best model saved with accuracy: 60.90%
2026-02-20 22:25:36,381 - INFO - Epoch [9] Batch [0/17]                     Loss: 1.0296, Hard: 0.9109, Soft: 0.1188                     Acc: 62.50% LR: 0.000498                     Alpha: 0.5744425058364868                     Beta: -0.06888162344694138                     MemKD: 0.5131776928901672
2026-02-20 22:26:05,050 - INFO - Epoch [9/200] Train Loss: 1.2751, Train Acc: 54.78%, Val Loss: 0.9422, Val Acc: 64.63%
2026-02-20 22:26:05,050 - INFO - Best model saved with accuracy: 64.63%
2026-02-20 22:26:28,655 - INFO - Epoch [10] Batch [0/17]                     Loss: 1.4240, Hard: 1.2182, Soft: 0.2058                     Acc: 56.25% LR: 0.000498                     Alpha: 0.5744425058364868                     Beta: -0.07817109674215317                     MemKD: 0.5146444439888
2026-02-20 22:26:57,836 - INFO - Epoch [10/200] Train Loss: 1.0898, Train Acc: 63.60%, Val Loss: 0.8599, Val Acc: 68.88%
2026-02-20 22:26:57,837 - INFO - Best model saved with accuracy: 68.88%
2026-02-20 22:26:57,884 - INFO - Checkpoint saved at epoch 10
2026-02-20 22:27:20,692 - INFO - Epoch [11] Batch [0/17]                     Loss: 0.7649, Hard: 0.6831, Soft: 0.0818                     Acc: 81.25% LR: 0.000497                     Alpha: 0.5744425058364868                     Beta: -0.08851823955774307                     MemKD: 0.5159339904785156
2026-02-20 22:27:48,520 - INFO - Epoch [11/200] Train Loss: 1.0900, Train Acc: 61.40%, Val Loss: 0.8716, Val Acc: 66.36%
2026-02-20 22:28:11,547 - INFO - Epoch [12] Batch [0/17]                     Loss: 1.0546, Hard: 0.9322, Soft: 0.1224                     Acc: 62.50% LR: 0.000496                     Alpha: 0.5744425058364868                     Beta: -0.09949621558189392                     MemKD: 0.5170016288757324
2026-02-20 22:28:38,884 - INFO - Epoch [12/200] Train Loss: 1.0387, Train Acc: 63.97%, Val Loss: 1.0104, Val Acc: 59.84%
2026-02-20 22:29:00,963 - INFO - Epoch [13] Batch [0/17]                     Loss: 0.9464, Hard: 0.8744, Soft: 0.0720                     Acc: 75.00% LR: 0.000496                     Alpha: 0.5744425058364868                     Beta: -0.11045341938734055                     MemKD: 0.5179995894432068
2026-02-20 22:29:28,419 - INFO - Epoch [13/200] Train Loss: 1.1328, Train Acc: 60.66%, Val Loss: 0.8071, Val Acc: 69.68%
2026-02-20 22:29:28,420 - INFO - Best model saved with accuracy: 69.68%
2026-02-20 22:29:51,656 - INFO - Epoch [14] Batch [0/17]                     Loss: 0.7758, Hard: 0.7010, Soft: 0.0749                     Acc: 81.25% LR: 0.000495                     Alpha: 0.5744425058364868                     Beta: -0.12131469696760178                     MemKD: 0.5191349983215332
2026-02-20 22:30:19,541 - INFO - Epoch [14/200] Train Loss: 1.0953, Train Acc: 62.13%, Val Loss: 0.8593, Val Acc: 66.89%
2026-02-20 22:30:42,050 - INFO - Epoch [15] Batch [0/17]                     Loss: 1.0854, Hard: 1.0022, Soft: 0.0831                     Acc: 56.25% LR: 0.000494                     Alpha: 0.5744425058364868                     Beta: -0.13220345973968506                     MemKD: 0.5201761722564697
2026-02-20 22:31:11,233 - INFO - Epoch [15/200] Train Loss: 0.9451, Train Acc: 67.65%, Val Loss: 0.8062, Val Acc: 70.61%
2026-02-20 22:31:11,234 - INFO - Best model saved with accuracy: 70.61%
2026-02-20 22:31:35,477 - INFO - Epoch [16] Batch [0/17]                     Loss: 0.8518, Hard: 0.8079, Soft: 0.0439                     Acc: 81.25% LR: 0.000493                     Alpha: 0.5744425058364868                     Beta: -0.1436017006635666                     MemKD: 0.5208485722541809
2026-02-20 22:32:02,815 - INFO - Epoch [16/200] Train Loss: 0.9400, Train Acc: 67.65%, Val Loss: 0.9129, Val Acc: 64.36%
2026-02-20 22:32:24,379 - INFO - Epoch [17] Batch [0/17]                     Loss: 0.8950, Hard: 0.8427, Soft: 0.0524                     Acc: 75.00% LR: 0.000492                     Alpha: 0.5744425058364868                     Beta: -0.15538008511066437                     MemKD: 0.5212863683700562
2026-02-20 22:32:53,982 - INFO - Epoch [17/200] Train Loss: 0.9522, Train Acc: 65.44%, Val Loss: 0.9952, Val Acc: 58.64%
2026-02-20 22:33:17,794 - INFO - Epoch [18] Batch [0/17]                     Loss: 0.7720, Hard: 0.7293, Soft: 0.0427                     Acc: 81.25% LR: 0.000491                     Alpha: 0.5744425058364868                     Beta: -0.166952982544899                     MemKD: 0.5216057896614075
2026-02-20 22:33:45,325 - INFO - Epoch [18/200] Train Loss: 0.9167, Train Acc: 69.12%, Val Loss: 0.7972, Val Acc: 71.01%
2026-02-20 22:33:45,325 - INFO - Best model saved with accuracy: 71.01%
2026-02-20 22:34:07,031 - INFO - Epoch [19] Batch [0/17]                     Loss: 0.9309, Hard: 0.8874, Soft: 0.0435                     Acc: 62.50% LR: 0.000490                     Alpha: 0.5744425058364868                     Beta: -0.17832446098327637                     MemKD: 0.521761953830719
2026-02-20 22:34:36,767 - INFO - Epoch [19/200] Train Loss: 0.9300, Train Acc: 67.65%, Val Loss: 0.8256, Val Acc: 68.75%
2026-02-20 22:35:00,803 - INFO - Epoch [20] Batch [0/17]                     Loss: 0.5276, Hard: 0.5671, Soft: -0.0396                     Acc: 81.25% LR: 0.000489                     Alpha: 0.5744425058364868                     Beta: -0.18932844698429108                     MemKD: 0.5219569802284241
2026-02-20 22:35:29,293 - INFO - Epoch [20/200] Train Loss: 0.9147, Train Acc: 67.28%, Val Loss: 0.8478, Val Acc: 68.62%
2026-02-20 22:35:29,332 - INFO - Checkpoint saved at epoch 20
2026-02-20 22:35:51,938 - INFO - Epoch [21] Batch [0/17]                     Loss: 0.8762, Hard: 0.8559, Soft: 0.0203                     Acc: 68.75% LR: 0.000488                     Alpha: 0.5744425058364868                     Beta: -0.2003692388534546                     MemKD: 0.5219754576683044
2026-02-20 22:36:21,573 - INFO - Epoch [21/200] Train Loss: 0.9120, Train Acc: 66.54%, Val Loss: 0.8335, Val Acc: 67.69%
2026-02-20 22:36:44,278 - INFO - Epoch [22] Batch [0/17]                     Loss: 0.7996, Hard: 0.7861, Soft: 0.0135                     Acc: 68.75% LR: 0.000487                     Alpha: 0.5744425058364868                     Beta: -0.21122121810913086                     MemKD: 0.5218524932861328
2026-02-20 22:37:12,811 - INFO - Epoch [22/200] Train Loss: 0.8191, Train Acc: 72.43%, Val Loss: 0.7599, Val Acc: 72.34%
2026-02-20 22:37:12,811 - INFO - Best model saved with accuracy: 72.34%
2026-02-20 22:37:35,841 - INFO - Epoch [23] Batch [0/17]                     Loss: 0.4820, Hard: 0.5341, Soft: -0.0521                     Acc: 81.25% LR: 0.000485                     Alpha: 0.5744425058364868                     Beta: -0.2220979481935501                     MemKD: 0.5213891863822937
2026-02-20 22:38:06,711 - INFO - Epoch [23/200] Train Loss: 0.7540, Train Acc: 68.01%, Val Loss: 0.8873, Val Acc: 66.09%
2026-02-20 22:38:30,567 - INFO - Epoch [24] Batch [0/17]                     Loss: 0.3689, Hard: 0.4414, Soft: -0.0725                     Acc: 93.75% LR: 0.000484                     Alpha: 0.5744425058364868                     Beta: -0.2329229861497879                     MemKD: 0.5207120776176453
2026-02-20 22:38:58,110 - INFO - Epoch [24/200] Train Loss: 0.7694, Train Acc: 70.59%, Val Loss: 0.6581, Val Acc: 75.13%
2026-02-20 22:38:58,111 - INFO - Best model saved with accuracy: 75.13%
2026-02-20 22:39:21,480 - INFO - Epoch [25] Batch [0/17]                     Loss: 0.8710, Hard: 0.8404, Soft: 0.0306                     Acc: 56.25% LR: 0.000482                     Alpha: 0.5744425058364868                     Beta: -0.24382564425468445                     MemKD: 0.519763171672821
2026-02-20 22:39:50,683 - INFO - Epoch [25/200] Train Loss: 0.9217, Train Acc: 66.91%, Val Loss: 0.7062, Val Acc: 75.27%
2026-02-20 22:39:50,683 - INFO - Best model saved with accuracy: 75.27%
2026-02-20 22:40:13,281 - INFO - Epoch [26] Batch [0/17]                     Loss: 0.6340, Hard: 0.6752, Soft: -0.0412                     Acc: 81.25% LR: 0.000481                     Alpha: 0.5744425058364868                     Beta: -0.2541120648384094                     MemKD: 0.5190418362617493
2026-02-20 22:40:41,430 - INFO - Epoch [26/200] Train Loss: 0.7340, Train Acc: 72.79%, Val Loss: 0.7875, Val Acc: 70.48%
2026-02-20 22:41:04,591 - INFO - Epoch [27] Batch [0/17]                     Loss: 0.5644, Hard: 0.6362, Soft: -0.0718                     Acc: 81.25% LR: 0.000479                     Alpha: 0.5744425058364868                     Beta: -0.26412293314933777                     MemKD: 0.5182569622993469
2026-02-20 22:41:33,904 - INFO - Epoch [27/200] Train Loss: 0.8085, Train Acc: 68.38%, Val Loss: 0.7164, Val Acc: 72.07%
2026-02-20 22:41:56,199 - INFO - Epoch [28] Batch [0/17]                     Loss: 0.6471, Hard: 0.6739, Soft: -0.0268                     Acc: 75.00% LR: 0.000478                     Alpha: 0.5744425058364868                     Beta: -0.27444007992744446                     MemKD: 0.516970694065094
2026-02-20 22:42:24,674 - INFO - Epoch [28/200] Train Loss: 0.6395, Train Acc: 75.00%, Val Loss: 0.7765, Val Acc: 70.74%
2026-02-20 22:42:47,092 - INFO - Epoch [29] Batch [0/17]                     Loss: 0.7128, Hard: 0.7442, Soft: -0.0314                     Acc: 75.00% LR: 0.000476                     Alpha: 0.5744425058364868                     Beta: -0.2848997712135315                     MemKD: 0.5153020620346069
2026-02-20 22:43:14,302 - INFO - Epoch [29/200] Train Loss: 0.6883, Train Acc: 72.43%, Val Loss: 0.8239, Val Acc: 66.76%
2026-02-20 22:43:35,904 - INFO - Epoch [30] Batch [0/17]                     Loss: 0.7084, Hard: 0.7387, Soft: -0.0303                     Acc: 75.00% LR: 0.000475                     Alpha: 0.5744425058364868                     Beta: -0.2950390875339508                     MemKD: 0.5136550068855286
2026-02-20 22:44:04,474 - INFO - Epoch [30/200] Train Loss: 0.6724, Train Acc: 72.79%, Val Loss: 0.6735, Val Acc: 74.47%
2026-02-20 22:44:04,510 - INFO - Checkpoint saved at epoch 30
2026-02-20 22:44:27,690 - INFO - Epoch [31] Batch [0/17]                     Loss: 0.9656, Hard: 0.9357, Soft: 0.0298                     Acc: 62.50% LR: 0.000473                     Alpha: 0.5744425058364868                     Beta: -0.3052101731300354                     MemKD: 0.5118096470832825
2026-02-20 22:44:57,069 - INFO - Epoch [31/200] Train Loss: 0.6535, Train Acc: 71.69%, Val Loss: 0.6969, Val Acc: 74.20%
2026-02-20 22:45:20,162 - INFO - Epoch [32] Batch [0/17]                     Loss: 0.5635, Hard: 0.6372, Soft: -0.0737                     Acc: 81.25% LR: 0.000471                     Alpha: 0.5744425058364868                     Beta: -0.31525325775146484                     MemKD: 0.5098823308944702
2026-02-20 22:45:50,015 - INFO - Epoch [32/200] Train Loss: 0.6263, Train Acc: 74.26%, Val Loss: 0.6044, Val Acc: 78.59%
2026-02-20 22:45:50,015 - INFO - Best model saved with accuracy: 78.59%
2026-02-20 22:46:13,602 - INFO - Epoch [33] Batch [0/17]                     Loss: 0.3808, Hard: 0.5170, Soft: -0.1362                     Acc: 81.25% LR: 0.000469                     Alpha: 0.5744425058364868                     Beta: -0.3253653347492218                     MemKD: 0.5076958537101746
2026-02-20 22:46:41,559 - INFO - Epoch [33/200] Train Loss: 0.6909, Train Acc: 73.16%, Val Loss: 0.6525, Val Acc: 75.27%
2026-02-20 22:47:03,631 - INFO - Epoch [34] Batch [0/17]                     Loss: 0.5378, Hard: 0.6453, Soft: -0.1075                     Acc: 68.75% LR: 0.000467                     Alpha: 0.5744425058364868                     Beta: -0.3352550268173218                     MemKD: 0.5054835081100464
2026-02-20 22:47:33,039 - INFO - Epoch [34/200] Train Loss: 0.6104, Train Acc: 72.79%, Val Loss: 0.5928, Val Acc: 78.72%
2026-02-20 22:47:33,039 - INFO - Best model saved with accuracy: 78.72%
2026-02-20 22:47:57,076 - INFO - Epoch [35] Batch [0/17]                     Loss: 0.5817, Hard: 0.6746, Soft: -0.0929                     Acc: 68.75% LR: 0.000465                     Alpha: 0.5744425058364868                     Beta: -0.3450109362602234                     MemKD: 0.5032172203063965
2026-02-20 22:48:25,584 - INFO - Epoch [35/200] Train Loss: 0.6922, Train Acc: 69.85%, Val Loss: 0.8006, Val Acc: 70.35%
2026-02-20 22:48:49,468 - INFO - Epoch [36] Batch [0/17]                     Loss: 0.3710, Hard: 0.5114, Soft: -0.1404                     Acc: 87.50% LR: 0.000463                     Alpha: 0.5744425058364868                     Beta: -0.3544955551624298                     MemKD: 0.5010986924171448
2026-02-20 22:49:20,300 - INFO - Epoch [36/200] Train Loss: 0.4805, Train Acc: 77.57%, Val Loss: 0.5895, Val Acc: 77.13%
2026-02-20 22:49:43,524 - INFO - Epoch [37] Batch [0/17]                     Loss: 0.7661, Hard: 0.8058, Soft: -0.0397                     Acc: 75.00% LR: 0.000461                     Alpha: 0.5744425058364868                     Beta: -0.3643174469470978                     MemKD: 0.4985666275024414
2026-02-20 22:50:11,598 - INFO - Epoch [37/200] Train Loss: 0.4595, Train Acc: 78.68%, Val Loss: 0.6186, Val Acc: 76.46%
2026-02-20 22:50:34,693 - INFO - Epoch [38] Batch [0/17]                     Loss: 0.4111, Hard: 0.5483, Soft: -0.1372                     Acc: 81.25% LR: 0.000459                     Alpha: 0.5744425058364868                     Beta: -0.3744165301322937                     MemKD: 0.49565306305885315
2026-02-20 22:51:04,162 - INFO - Epoch [38/200] Train Loss: 0.6430, Train Acc: 70.22%, Val Loss: 0.6421, Val Acc: 76.33%
2026-02-20 22:51:27,547 - INFO - Epoch [39] Batch [0/17]                     Loss: 0.2793, Hard: 0.4431, Soft: -0.1638                     Acc: 87.50% LR: 0.000457                     Alpha: 0.5744425058364868                     Beta: -0.38393425941467285                     MemKD: 0.49312347173690796
2026-02-20 22:51:55,239 - INFO - Epoch [39/200] Train Loss: 0.4583, Train Acc: 79.41%, Val Loss: 0.7883, Val Acc: 71.14%
2026-02-20 22:52:18,240 - INFO - Epoch [40] Batch [0/17]                     Loss: 0.1830, Hard: 0.3948, Soft: -0.2118                     Acc: 87.50% LR: 0.000455                     Alpha: 0.5744425058364868                     Beta: -0.39352744817733765                     MemKD: 0.4904378652572632
2026-02-20 22:52:48,122 - INFO - Epoch [40/200] Train Loss: 0.5977, Train Acc: 71.32%, Val Loss: 0.6519, Val Acc: 75.40%
2026-02-20 22:52:48,172 - INFO - Checkpoint saved at epoch 40
2026-02-20 22:53:11,095 - INFO - Epoch [41] Batch [0/17]                     Loss: 0.1162, Hard: 0.3268, Soft: -0.2105                     Acc: 81.25% LR: 0.000452                     Alpha: 0.5744425058364868                     Beta: -0.40289852023124695                     MemKD: 0.487829327583313
2026-02-20 22:53:39,663 - INFO - Epoch [41/200] Train Loss: 0.5695, Train Acc: 74.63%, Val Loss: 0.5449, Val Acc: 80.05%
2026-02-20 22:53:39,664 - INFO - Best model saved with accuracy: 80.05%
2026-02-20 22:54:02,742 - INFO - Epoch [42] Batch [0/17]                     Loss: 0.7888, Hard: 0.8802, Soft: -0.0914                     Acc: 68.75% LR: 0.000450                     Alpha: 0.5744425058364868                     Beta: -0.41216278076171875                     MemKD: 0.48520296812057495
2026-02-20 22:54:31,380 - INFO - Epoch [42/200] Train Loss: 0.4660, Train Acc: 79.41%, Val Loss: 0.5622, Val Acc: 79.79%
2026-02-20 22:54:52,481 - INFO - Epoch [43] Batch [0/17]                     Loss: 0.2278, Hard: 0.4472, Soft: -0.2194                     Acc: 81.25% LR: 0.000448                     Alpha: 0.5744425058364868                     Beta: -0.42152515053749084                     MemKD: 0.48245254158973694
2026-02-20 22:55:22,242 - INFO - Epoch [43/200] Train Loss: 0.4281, Train Acc: 77.57%, Val Loss: 0.5874, Val Acc: 78.99%
2026-02-20 22:55:46,380 - INFO - Epoch [44] Batch [0/17]                     Loss: 0.1836, Hard: 0.4202, Soft: -0.2366                     Acc: 87.50% LR: 0.000445                     Alpha: 0.5744425058364868                     Beta: -0.4308791756629944                     MemKD: 0.4796670973300934
2026-02-20 22:56:14,238 - INFO - Epoch [44/200] Train Loss: 0.3151, Train Acc: 82.72%, Val Loss: 0.5640, Val Acc: 78.72%
2026-02-20 22:56:38,608 - INFO - Epoch [45] Batch [0/17]                     Loss: -0.1244, Hard: 0.1720, Soft: -0.2964                     Acc: 100.00% LR: 0.000443                     Alpha: 0.5744425058364868                     Beta: -0.4404055178165436                     MemKD: 0.47664377093315125
2026-02-20 22:57:08,692 - INFO - Epoch [45/200] Train Loss: 0.3623, Train Acc: 78.31%, Val Loss: 0.6625, Val Acc: 74.87%
2026-02-20 22:57:32,847 - INFO - Epoch [46] Batch [0/17]                     Loss: 0.5147, Hard: 0.6697, Soft: -0.1549                     Acc: 81.25% LR: 0.000440                     Alpha: 0.5744425058364868                     Beta: -0.4499995708465576                     MemKD: 0.4735197424888611
2026-02-20 22:58:00,650 - INFO - Epoch [46/200] Train Loss: 0.3488, Train Acc: 81.25%, Val Loss: 0.5892, Val Acc: 77.66%
2026-02-20 22:58:22,600 - INFO - Epoch [47] Batch [0/17]                     Loss: 1.3943, Hard: 1.4415, Soft: -0.0472                     Acc: 56.25% LR: 0.000438                     Alpha: 0.5744425058364868                     Beta: -0.4591921269893646                     MemKD: 0.4706833064556122
2026-02-20 22:58:52,719 - INFO - Epoch [47/200] Train Loss: 0.4444, Train Acc: 76.47%, Val Loss: 0.5310, Val Acc: 80.19%
2026-02-20 22:58:52,720 - INFO - Best model saved with accuracy: 80.19%
2026-02-20 22:59:15,953 - INFO - Epoch [48] Batch [0/17]                     Loss: 0.6375, Hard: 0.8199, Soft: -0.1824                     Acc: 75.00% LR: 0.000435                     Alpha: 0.5744425058364868                     Beta: -0.46820011734962463                     MemKD: 0.467902272939682
2026-02-20 22:59:44,909 - INFO - Epoch [48/200] Train Loss: 0.4217, Train Acc: 78.68%, Val Loss: 0.5012, Val Acc: 82.05%
2026-02-20 22:59:44,910 - INFO - Best model saved with accuracy: 82.05%
2026-02-20 23:00:07,376 - INFO - Epoch [49] Batch [0/17]                     Loss: 0.3001, Hard: 0.5476, Soft: -0.2475                     Acc: 68.75% LR: 0.000432                     Alpha: 0.5744425058364868                     Beta: -0.47722184658050537                     MemKD: 0.4650722146034241
2026-02-20 23:00:38,470 - INFO - Epoch [49/200] Train Loss: 0.4227, Train Acc: 76.10%, Val Loss: 0.7009, Val Acc: 76.60%
2026-02-20 23:01:01,402 - INFO - Epoch [50] Batch [0/17]                     Loss: 0.3944, Hard: 0.6241, Soft: -0.2297                     Acc: 75.00% LR: 0.000430                     Alpha: 0.5744425058364868                     Beta: -0.4861850142478943                     MemKD: 0.46227243542671204
2026-02-20 23:01:29,829 - INFO - Epoch [50/200] Train Loss: 0.3695, Train Acc: 78.68%, Val Loss: 0.5689, Val Acc: 78.46%
2026-02-20 23:01:29,915 - INFO - Checkpoint saved at epoch 50
2026-02-20 23:01:53,023 - INFO - Epoch [51] Batch [0/17]                     Loss: 0.1221, Hard: 0.3862, Soft: -0.2641                     Acc: 87.50% LR: 0.000427                     Alpha: 0.5744425058364868                     Beta: -0.49506711959838867                     MemKD: 0.45950019359588623
2026-02-20 23:02:23,744 - INFO - Epoch [51/200] Train Loss: 0.3930, Train Acc: 76.84%, Val Loss: 0.6005, Val Acc: 77.13%
2026-02-20 23:02:47,404 - INFO - Epoch [52] Batch [0/17]                     Loss: 0.0282, Hard: 0.3618, Soft: -0.3336                     Acc: 81.25% LR: 0.000424                     Alpha: 0.5744425058364868                     Beta: -0.5039217472076416                     MemKD: 0.45673689246177673
2026-02-20 23:03:15,564 - INFO - Epoch [52/200] Train Loss: 0.3096, Train Acc: 76.84%, Val Loss: 0.5082, Val Acc: 81.25%
2026-02-20 23:03:39,518 - INFO - Epoch [53] Batch [0/17]                     Loss: 0.2448, Hard: 0.4950, Soft: -0.2502                     Acc: 81.25% LR: 0.000421                     Alpha: 0.5744425058364868                     Beta: -0.5128934979438782                     MemKD: 0.45385459065437317
2026-02-20 23:04:09,117 - INFO - Epoch [53/200] Train Loss: 0.2318, Train Acc: 82.72%, Val Loss: 0.5978, Val Acc: 79.39%
2026-02-20 23:04:32,713 - INFO - Epoch [54] Batch [0/17]                     Loss: 0.2231, Hard: 0.5170, Soft: -0.2939                     Acc: 87.50% LR: 0.000418                     Alpha: 0.5744425058364868                     Beta: -0.5218198299407959                     MemKD: 0.4509594142436981
2026-02-20 23:05:00,822 - INFO - Epoch [54/200] Train Loss: 0.1520, Train Acc: 83.09%, Val Loss: 0.6585, Val Acc: 76.60%
2026-02-20 23:05:24,245 - INFO - Epoch [55] Batch [0/17]                     Loss: 0.1381, Hard: 0.4663, Soft: -0.3282                     Acc: 81.25% LR: 0.000415                     Alpha: 0.5744425058364868                     Beta: -0.5308052897453308                     MemKD: 0.44799673557281494
2026-02-20 23:05:52,925 - INFO - Epoch [55/200] Train Loss: 0.3033, Train Acc: 78.68%, Val Loss: 0.6653, Val Acc: 74.20%
2026-02-20 23:06:15,786 - INFO - Epoch [56] Batch [0/17]                     Loss: -0.0516, Hard: 0.2906, Soft: -0.3422                     Acc: 93.75% LR: 0.000412                     Alpha: 0.5744425058364868                     Beta: -0.5395509004592896                     MemKD: 0.4451585114002228
2026-02-20 23:06:44,811 - INFO - Epoch [56/200] Train Loss: 0.2268, Train Acc: 80.15%, Val Loss: 0.5813, Val Acc: 76.86%
2026-02-20 23:07:08,643 - INFO - Epoch [57] Batch [0/17]                     Loss: 0.3166, Hard: 0.6088, Soft: -0.2922                     Acc: 75.00% LR: 0.000409                     Alpha: 0.5744425058364868                     Beta: -0.5481219291687012                     MemKD: 0.4424315392971039
2026-02-20 23:07:37,713 - INFO - Epoch [57/200] Train Loss: 0.1757, Train Acc: 83.09%, Val Loss: 0.5694, Val Acc: 79.92%
2026-02-20 23:07:59,004 - INFO - Epoch [58] Batch [0/17]                     Loss: -0.0954, Hard: 0.2837, Soft: -0.3791                     Acc: 93.75% LR: 0.000406                     Alpha: 0.5744425058364868                     Beta: -0.5567871928215027                     MemKD: 0.43963131308555603
2026-02-20 23:08:28,795 - INFO - Epoch [58/200] Train Loss: 0.2820, Train Acc: 80.15%, Val Loss: 0.5586, Val Acc: 78.99%
2026-02-20 23:08:52,174 - INFO - Epoch [59] Batch [0/17]                     Loss: 0.2924, Hard: 0.6037, Soft: -0.3113                     Acc: 75.00% LR: 0.000403                     Alpha: 0.5744425058364868                     Beta: -0.5651552081108093                     MemKD: 0.437012642621994
2026-02-20 23:09:19,666 - INFO - Epoch [59/200] Train Loss: 0.1692, Train Acc: 83.09%, Val Loss: 0.5510, Val Acc: 79.52%
2026-02-20 23:09:42,012 - INFO - Epoch [60] Batch [0/17]                     Loss: 0.2485, Hard: 0.5443, Soft: -0.2957                     Acc: 81.25% LR: 0.000400                     Alpha: 0.5744425058364868                     Beta: -0.5735425353050232                     MemKD: 0.43438446521759033
2026-02-20 23:10:11,925 - INFO - Epoch [60/200] Train Loss: 0.1335, Train Acc: 81.62%, Val Loss: 0.6123, Val Acc: 76.99%
2026-02-20 23:10:11,971 - INFO - Checkpoint saved at epoch 60
2026-02-20 23:10:35,503 - INFO - Epoch [61] Batch [0/17]                     Loss: 0.0161, Hard: 0.4232, Soft: -0.4071                     Acc: 87.50% LR: 0.000397                     Alpha: 0.5744425058364868                     Beta: -0.581974983215332                     MemKD: 0.4317184388637543
2026-02-20 23:11:04,706 - INFO - Epoch [61/200] Train Loss: 0.3827, Train Acc: 76.10%, Val Loss: 0.5794, Val Acc: 78.46%
2026-02-20 23:11:27,698 - INFO - Epoch [62] Batch [0/17]                     Loss: 0.0454, Hard: 0.4237, Soft: -0.3783                     Acc: 87.50% LR: 0.000394                     Alpha: 0.5744425058364868                     Beta: -0.5900890827178955                     MemKD: 0.4292375445365906
2026-02-20 23:11:57,022 - INFO - Epoch [62/200] Train Loss: 0.2712, Train Acc: 80.15%, Val Loss: 0.5360, Val Acc: 79.12%
2026-02-20 23:12:19,903 - INFO - Epoch [63] Batch [0/17]                     Loss: -0.0252, Hard: 0.3925, Soft: -0.4177                     Acc: 87.50% LR: 0.000391                     Alpha: 0.5744425058364868                     Beta: -0.597998321056366                     MemKD: 0.42684999108314514
2026-02-20 23:12:49,192 - INFO - Epoch [63/200] Train Loss: 0.1145, Train Acc: 81.99%, Val Loss: 0.6234, Val Acc: 75.80%
2026-02-20 23:13:12,403 - INFO - Epoch [64] Batch [0/17]                     Loss: 0.8853, Hard: 1.0451, Soft: -0.1597                     Acc: 56.25% LR: 0.000387                     Alpha: 0.5744425058364868                     Beta: -0.6059686541557312                     MemKD: 0.42439478635787964
2026-02-20 23:13:41,582 - INFO - Epoch [64/200] Train Loss: 0.2202, Train Acc: 79.41%, Val Loss: 0.5906, Val Acc: 77.93%
2026-02-20 23:14:04,988 - INFO - Epoch [65] Batch [0/17]                     Loss: -0.2020, Hard: 0.2592, Soft: -0.4612                     Acc: 93.75% LR: 0.000384                     Alpha: 0.5744425058364868                     Beta: -0.6139518022537231                     MemKD: 0.4219374656677246
2026-02-20 23:14:31,920 - INFO - Epoch [65/200] Train Loss: 0.1612, Train Acc: 78.31%, Val Loss: 0.5240, Val Acc: 79.79%
2026-02-20 23:14:54,960 - INFO - Epoch [66] Batch [0/17]                     Loss: 0.0772, Hard: 0.4745, Soft: -0.3973                     Acc: 81.25% LR: 0.000381                     Alpha: 0.5744425058364868                     Beta: -0.6219133734703064                     MemKD: 0.4194704294204712
2026-02-20 23:15:24,285 - INFO - Epoch [66/200] Train Loss: 0.1121, Train Acc: 81.99%, Val Loss: 0.5058, Val Acc: 81.25%
2026-02-20 23:15:47,130 - INFO - Epoch [67] Batch [0/17]                     Loss: -0.1209, Hard: 0.3381, Soft: -0.4590                     Acc: 81.25% LR: 0.000377                     Alpha: 0.5744425058364868                     Beta: -0.629891574382782                     MemKD: 0.41699934005737305
2026-02-20 23:16:14,988 - INFO - Epoch [67/200] Train Loss: 0.1459, Train Acc: 81.25%, Val Loss: 0.5947, Val Acc: 78.19%
2026-02-20 23:16:38,164 - INFO - Epoch [68] Batch [0/17]                     Loss: 0.0016, Hard: 0.3743, Soft: -0.3727                     Acc: 87.50% LR: 0.000374                     Alpha: 0.5744425058364868                     Beta: -0.6376261711120605                     MemKD: 0.41464972496032715
2026-02-20 23:17:06,796 - INFO - Epoch [68/200] Train Loss: -0.0101, Train Acc: 83.82%, Val Loss: 0.5389, Val Acc: 80.19%
2026-02-20 23:17:29,483 - INFO - Epoch [69] Batch [0/17]                     Loss: -0.3367, Hard: 0.1867, Soft: -0.5235                     Acc: 100.00% LR: 0.000370                     Alpha: 0.5744425058364868                     Beta: -0.645506739616394                     MemKD: 0.41218137741088867
2026-02-20 23:17:56,827 - INFO - Epoch [69/200] Train Loss: 0.1958, Train Acc: 77.57%, Val Loss: 0.7632, Val Acc: 71.28%
2026-02-20 23:18:19,462 - INFO - Epoch [70] Batch [0/17]                     Loss: 0.4453, Hard: 0.7888, Soft: -0.3435                     Acc: 62.50% LR: 0.000367                     Alpha: 0.5744425058364868                     Beta: -0.653118908405304                     MemKD: 0.40987497568130493
2026-02-20 23:18:47,700 - INFO - Epoch [70/200] Train Loss: 0.0725, Train Acc: 83.09%, Val Loss: 0.6490, Val Acc: 76.06%
2026-02-20 23:18:47,757 - INFO - Checkpoint saved at epoch 70
2026-02-20 23:19:10,272 - INFO - Epoch [71] Batch [0/17]                     Loss: -0.0020, Hard: 0.4559, Soft: -0.4579                     Acc: 81.25% LR: 0.000363                     Alpha: 0.5744425058364868                     Beta: -0.6605308055877686                     MemKD: 0.40768522024154663
2026-02-20 23:19:37,958 - INFO - Epoch [71/200] Train Loss: 0.0225, Train Acc: 83.82%, Val Loss: 0.4822, Val Acc: 82.18%
2026-02-20 23:19:37,958 - INFO - Best model saved with accuracy: 82.18%
2026-02-20 23:20:00,369 - INFO - Epoch [72] Batch [0/17]                     Loss: 0.2884, Hard: 0.6607, Soft: -0.3722                     Acc: 75.00% LR: 0.000360                     Alpha: 0.5744425058364868                     Beta: -0.6681292653083801                     MemKD: 0.40537357330322266
2026-02-20 23:20:28,840 - INFO - Epoch [72/200] Train Loss: 0.0486, Train Acc: 81.25%, Val Loss: 0.5314, Val Acc: 80.59%
2026-02-20 23:20:49,510 - INFO - Epoch [73] Batch [0/17]                     Loss: 0.1661, Hard: 0.5914, Soft: -0.4253                     Acc: 68.75% LR: 0.000356                     Alpha: 0.5744425058364868                     Beta: -0.6755741238594055                     MemKD: 0.4031324088573456
2026-02-20 23:21:18,729 - INFO - Epoch [73/200] Train Loss: -0.0570, Train Acc: 83.46%, Val Loss: 0.6208, Val Acc: 78.99%
2026-02-20 23:21:42,042 - INFO - Epoch [74] Batch [0/17]                     Loss: 0.0027, Hard: 0.4435, Soft: -0.4408                     Acc: 87.50% LR: 0.000353                     Alpha: 0.5744425058364868                     Beta: -0.6830688118934631                     MemKD: 0.4008505344390869
2026-02-20 23:22:09,524 - INFO - Epoch [74/200] Train Loss: -0.0440, Train Acc: 83.09%, Val Loss: 0.4418, Val Acc: 82.31%
2026-02-20 23:22:09,524 - INFO - Best model saved with accuracy: 82.31%
2026-02-20 23:22:30,925 - INFO - Epoch [75] Batch [0/17]                     Loss: -0.3133, Hard: 0.2450, Soft: -0.5583                     Acc: 100.00% LR: 0.000349                     Alpha: 0.5744425058364868                     Beta: -0.6905855536460876                     MemKD: 0.39855721592903137
2026-02-20 23:22:59,775 - INFO - Epoch [75/200] Train Loss: -0.1071, Train Acc: 87.50%, Val Loss: 0.6758, Val Acc: 76.06%
2026-02-20 23:23:23,612 - INFO - Epoch [76] Batch [0/17]                     Loss: 0.0472, Hard: 0.5027, Soft: -0.4555                     Acc: 81.25% LR: 0.000346                     Alpha: 0.5744425058364868                     Beta: -0.6979566216468811                     MemKD: 0.3963298499584198
2026-02-20 23:23:51,910 - INFO - Epoch [76/200] Train Loss: -0.0590, Train Acc: 84.93%, Val Loss: 0.5705, Val Acc: 80.72%
2026-02-20 23:24:13,761 - INFO - Epoch [77] Batch [0/17]                     Loss: 0.3520, Hard: 0.7512, Soft: -0.3992                     Acc: 68.75% LR: 0.000342                     Alpha: 0.5744425058364868                     Beta: -0.7051494717597961                     MemKD: 0.3941880166530609
2026-02-20 23:24:43,586 - INFO - Epoch [77/200] Train Loss: -0.0195, Train Acc: 80.51%, Val Loss: 0.4672, Val Acc: 82.31%
2026-02-20 23:25:07,213 - INFO - Epoch [78] Batch [0/17]                     Loss: -0.4046, Hard: 0.2263, Soft: -0.6309                     Acc: 93.75% LR: 0.000338                     Alpha: 0.5744425058364868                     Beta: -0.7122139930725098                     MemKD: 0.3921009302139282
2026-02-20 23:25:36,803 - INFO - Epoch [78/200] Train Loss: -0.1509, Train Acc: 86.40%, Val Loss: 0.4842, Val Acc: 81.25%
2026-02-20 23:25:58,643 - INFO - Epoch [79] Batch [0/17]                     Loss: 0.1206, Hard: 0.5780, Soft: -0.4574                     Acc: 87.50% LR: 0.000335                     Alpha: 0.5744425058364868                     Beta: -0.7192815542221069                     MemKD: 0.3900092840194702
2026-02-20 23:26:28,016 - INFO - Epoch [79/200] Train Loss: 0.0371, Train Acc: 81.99%, Val Loss: 0.4817, Val Acc: 82.85%
2026-02-20 23:26:28,016 - INFO - Best model saved with accuracy: 82.85%
2026-02-20 23:26:49,871 - INFO - Epoch [80] Batch [0/17]                     Loss: -0.1648, Hard: 0.3967, Soft: -0.5615                     Acc: 81.25% LR: 0.000331                     Alpha: 0.5744425058364868                     Beta: -0.7261801958084106                     MemKD: 0.38802045583724976
2026-02-20 23:27:17,392 - INFO - Epoch [80/200] Train Loss: -0.0424, Train Acc: 83.82%, Val Loss: 0.5755, Val Acc: 78.19%
2026-02-20 23:27:17,427 - INFO - Checkpoint saved at epoch 80
2026-02-20 23:27:40,755 - INFO - Epoch [81] Batch [0/17]                     Loss: -0.0243, Hard: 0.4843, Soft: -0.5086                     Acc: 87.50% LR: 0.000327                     Alpha: 0.5744425058364868                     Beta: -0.732912003993988                     MemKD: 0.3860919773578644
2026-02-20 23:28:10,341 - INFO - Epoch [81/200] Train Loss: -0.0762, Train Acc: 83.82%, Val Loss: 0.4329, Val Acc: 84.04%
2026-02-20 23:28:10,341 - INFO - Best model saved with accuracy: 84.04%
2026-02-20 23:28:33,546 - INFO - Epoch [82] Batch [0/17]                     Loss: -0.3211, Hard: 0.2507, Soft: -0.5718                     Acc: 93.75% LR: 0.000324                     Alpha: 0.5744425058364868                     Beta: -0.7395011186599731                     MemKD: 0.3842073380947113
2026-02-20 23:29:01,023 - INFO - Epoch [82/200] Train Loss: -0.1467, Train Acc: 83.09%, Val Loss: 0.5120, Val Acc: 80.05%
2026-02-20 23:29:24,282 - INFO - Epoch [83] Batch [0/17]                     Loss: -0.1663, Hard: 0.3655, Soft: -0.5318                     Acc: 93.75% LR: 0.000320                     Alpha: 0.5744425058364868                     Beta: -0.7461338639259338                     MemKD: 0.38230016827583313
2026-02-20 23:29:53,829 - INFO - Epoch [83/200] Train Loss: -0.1259, Train Acc: 86.03%, Val Loss: 0.4832, Val Acc: 83.51%
2026-02-20 23:30:16,285 - INFO - Epoch [84] Batch [0/17]                     Loss: 0.0364, Hard: 0.5005, Soft: -0.4642                     Acc: 81.25% LR: 0.000316                     Alpha: 0.5744425058364868                     Beta: -0.7527047991752625                     MemKD: 0.3804216682910919
2026-02-20 23:30:44,044 - INFO - Epoch [84/200] Train Loss: -0.1194, Train Acc: 84.19%, Val Loss: 0.4489, Val Acc: 84.04%
2026-02-20 23:31:07,939 - INFO - Epoch [85] Batch [0/17]                     Loss: -0.1141, Hard: 0.4143, Soft: -0.5284                     Acc: 87.50% LR: 0.000312                     Alpha: 0.5744425058364868                     Beta: -0.7591765522956848                     MemKD: 0.3785724937915802
2026-02-20 23:31:36,727 - INFO - Epoch [85/200] Train Loss: -0.0829, Train Acc: 83.46%, Val Loss: 0.4546, Val Acc: 83.11%
2026-02-20 23:31:59,197 - INFO - Epoch [86] Batch [0/17]                     Loss: -0.3492, Hard: 0.2597, Soft: -0.6089                     Acc: 93.75% LR: 0.000308                     Alpha: 0.5744425058364868                     Beta: -0.7655007839202881                     MemKD: 0.37678706645965576
2026-02-20 23:32:25,951 - INFO - Epoch [86/200] Train Loss: -0.1320, Train Acc: 83.09%, Val Loss: 0.4233, Val Acc: 84.04%
2026-02-20 23:32:49,685 - INFO - Epoch [87] Batch [0/17]                     Loss: -0.3162, Hard: 0.3014, Soft: -0.6176                     Acc: 87.50% LR: 0.000305                     Alpha: 0.5744425058364868                     Beta: -0.7717638611793518                     MemKD: 0.3750246465206146
2026-02-20 23:33:18,013 - INFO - Epoch [87/200] Train Loss: -0.1180, Train Acc: 82.72%, Val Loss: 0.5585, Val Acc: 78.99%
2026-02-20 23:33:40,413 - INFO - Epoch [88] Batch [0/17]                     Loss: 0.4097, Hard: 0.8596, Soft: -0.4499                     Acc: 75.00% LR: 0.000301                     Alpha: 0.5744425058364868                     Beta: -0.7778846025466919                     MemKD: 0.3733181953430176
2026-02-20 23:34:09,829 - INFO - Epoch [88/200] Train Loss: -0.2073, Train Acc: 86.03%, Val Loss: 0.6942, Val Acc: 75.66%
2026-02-20 23:34:33,966 - INFO - Epoch [89] Batch [0/17]                     Loss: -0.1924, Hard: 0.3891, Soft: -0.5815                     Acc: 81.25% LR: 0.000297                     Alpha: 0.5744425058364868                     Beta: -0.783990740776062                     MemKD: 0.3716071844100952
2026-02-20 23:35:02,496 - INFO - Epoch [89/200] Train Loss: -0.1764, Train Acc: 84.93%, Val Loss: 0.4621, Val Acc: 83.51%
2026-02-20 23:35:24,632 - INFO - Epoch [90] Batch [0/17]                     Loss: -0.3887, Hard: 0.2765, Soft: -0.6652                     Acc: 87.50% LR: 0.000293                     Alpha: 0.5744425058364868                     Beta: -0.7900371551513672                     MemKD: 0.3699091672897339
2026-02-20 23:35:53,542 - INFO - Epoch [90/200] Train Loss: -0.1606, Train Acc: 84.56%, Val Loss: 0.4437, Val Acc: 83.11%
2026-02-20 23:35:53,588 - INFO - Checkpoint saved at epoch 90
2026-02-20 23:36:16,366 - INFO - Epoch [91] Batch [0/17]                     Loss: 0.3354, Hard: 0.8092, Soft: -0.4739                     Acc: 75.00% LR: 0.000289                     Alpha: 0.5744425058364868                     Beta: -0.7960325479507446                     MemKD: 0.3682423532009125
2026-02-20 23:36:43,751 - INFO - Epoch [91/200] Train Loss: -0.1567, Train Acc: 83.09%, Val Loss: 0.4568, Val Acc: 82.85%
2026-02-20 23:37:06,956 - INFO - Epoch [92] Batch [0/17]                     Loss: -0.5712, Hard: 0.1313, Soft: -0.7024                     Acc: 100.00% LR: 0.000285                     Alpha: 0.5744425058364868                     Beta: -0.801854133605957                     MemKD: 0.36665061116218567
2026-02-20 23:37:35,908 - INFO - Epoch [92/200] Train Loss: -0.3050, Train Acc: 88.97%, Val Loss: 0.5390, Val Acc: 81.25%
2026-02-20 23:37:59,685 - INFO - Epoch [93] Batch [0/17]                     Loss: -0.4885, Hard: 0.1835, Soft: -0.6719                     Acc: 93.75% LR: 0.000281                     Alpha: 0.5744425058364868                     Beta: -0.8077280521392822                     MemKD: 0.36502060294151306
2026-02-20 23:38:28,343 - INFO - Epoch [93/200] Train Loss: -0.2741, Train Acc: 88.60%, Val Loss: 0.4759, Val Acc: 83.64%
2026-02-20 23:38:50,078 - INFO - Epoch [94] Batch [0/17]                     Loss: -0.4864, Hard: 0.2026, Soft: -0.6891                     Acc: 93.75% LR: 0.000277                     Alpha: 0.5744425058364868                     Beta: -0.8135298490524292                     MemKD: 0.36340391635894775
2026-02-20 23:39:20,044 - INFO - Epoch [94/200] Train Loss: -0.3226, Train Acc: 86.40%, Val Loss: 0.4344, Val Acc: 84.84%
2026-02-20 23:39:20,044 - INFO - Best model saved with accuracy: 84.84%
2026-02-20 23:39:43,204 - INFO - Epoch [95] Batch [0/17]                     Loss: 0.1051, Hard: 0.5960, Soft: -0.4909                     Acc: 81.25% LR: 0.000274                     Alpha: 0.5744425058364868                     Beta: -0.819216787815094                     MemKD: 0.361836701631546
2026-02-20 23:40:10,914 - INFO - Epoch [95/200] Train Loss: -0.2804, Train Acc: 87.87%, Val Loss: 0.4079, Val Acc: 85.24%
2026-02-20 23:40:10,915 - INFO - Best model saved with accuracy: 85.24%
2026-02-20 23:40:33,819 - INFO - Epoch [96] Batch [0/17]                     Loss: -0.5840, Hard: 0.1348, Soft: -0.7189                     Acc: 100.00% LR: 0.000270                     Alpha: 0.5744425058364868                     Beta: -0.8247961401939392                     MemKD: 0.3603057265281677
2026-02-20 23:41:02,208 - INFO - Epoch [96/200] Train Loss: -0.3616, Train Acc: 88.97%, Val Loss: 0.5253, Val Acc: 81.38%
2026-02-20 23:41:25,836 - INFO - Epoch [97] Batch [0/17]                     Loss: -0.2543, Hard: 0.3460, Soft: -0.6003                     Acc: 81.25% LR: 0.000266                     Alpha: 0.5744425058364868                     Beta: -0.8302722573280334                     MemKD: 0.3588086664676666
2026-02-20 23:41:53,563 - INFO - Epoch [97/200] Train Loss: -0.3426, Train Acc: 87.87%, Val Loss: 0.4761, Val Acc: 83.64%
2026-02-20 23:42:17,060 - INFO - Epoch [98] Batch [0/17]                     Loss: -0.3261, Hard: 0.2752, Soft: -0.6013                     Acc: 93.75% LR: 0.000262                     Alpha: 0.5744425058364868                     Beta: -0.8357236981391907                     MemKD: 0.35732144117355347
2026-02-20 23:42:46,890 - INFO - Epoch [98/200] Train Loss: -0.3037, Train Acc: 87.50%, Val Loss: 0.4957, Val Acc: 82.05%
2026-02-20 23:43:09,006 - INFO - Epoch [99] Batch [0/17]                     Loss: -0.1775, Hard: 0.4544, Soft: -0.6319                     Acc: 81.25% LR: 0.000258                     Alpha: 0.5744425058364868                     Beta: -0.8410270810127258                     MemKD: 0.3558904528617859
2026-02-20 23:43:36,526 - INFO - Epoch [99/200] Train Loss: -0.4246, Train Acc: 89.34%, Val Loss: 0.5343, Val Acc: 80.32%
2026-02-20 23:44:00,008 - INFO - Epoch [100] Batch [0/17]                     Loss: -0.6599, Hard: 0.1103, Soft: -0.7702                     Acc: 100.00% LR: 0.000254                     Alpha: 0.5744425058364868                     Beta: -0.8463340997695923                     MemKD: 0.3544597029685974
2026-02-20 23:44:28,943 - INFO - Epoch [100/200] Train Loss: -0.2474, Train Acc: 84.56%, Val Loss: 0.4221, Val Acc: 83.91%
2026-02-20 23:44:28,991 - INFO - Checkpoint saved at epoch 100
2026-02-20 23:44:52,301 - INFO - Epoch [101] Batch [0/17]                     Loss: -0.4498, Hard: 0.2770, Soft: -0.7268                     Acc: 87.50% LR: 0.000250                     Alpha: 0.5744425058364868                     Beta: -0.8514679670333862                     MemKD: 0.35309362411499023
2026-02-20 23:45:19,990 - INFO - Epoch [101/200] Train Loss: -0.3686, Train Acc: 87.87%, Val Loss: 0.5814, Val Acc: 78.46%
2026-02-20 23:45:42,818 - INFO - Epoch [102] Batch [0/17]                     Loss: -0.6531, Hard: 0.1202, Soft: -0.7733                     Acc: 100.00% LR: 0.000246                     Alpha: 0.5744425058364868                     Beta: -0.856526255607605                     MemKD: 0.35175859928131104
2026-02-20 23:46:11,988 - INFO - Epoch [102/200] Train Loss: -0.3650, Train Acc: 86.76%, Val Loss: 0.4253, Val Acc: 84.71%
2026-02-20 23:46:34,065 - INFO - Epoch [103] Batch [0/17]                     Loss: -0.4276, Hard: 0.3197, Soft: -0.7473                     Acc: 81.25% LR: 0.000242                     Alpha: 0.5744425058364868                     Beta: -0.8614764213562012                     MemKD: 0.35045021772384644
2026-02-20 23:47:02,532 - INFO - Epoch [103/200] Train Loss: -0.3152, Train Acc: 87.13%, Val Loss: 0.4423, Val Acc: 85.51%
2026-02-20 23:47:02,532 - INFO - Best model saved with accuracy: 85.51%
2026-02-20 23:47:25,991 - INFO - Epoch [104] Batch [0/17]                     Loss: -0.7377, Hard: 0.0987, Soft: -0.8363                     Acc: 100.00% LR: 0.000238                     Alpha: 0.5744425058364868                     Beta: -0.8663202524185181                     MemKD: 0.3491745591163635
2026-02-20 23:47:54,360 - INFO - Epoch [104/200] Train Loss: -0.3584, Train Acc: 87.87%, Val Loss: 0.4533, Val Acc: 83.78%
2026-02-20 23:48:16,500 - INFO - Epoch [105] Batch [0/17]                     Loss: -0.3377, Hard: 0.4069, Soft: -0.7446                     Acc: 87.50% LR: 0.000234                     Alpha: 0.5744425058364868                     Beta: -0.8710918426513672                     MemKD: 0.34793204069137573
2026-02-20 23:48:45,639 - INFO - Epoch [105/200] Train Loss: -0.2752, Train Acc: 84.93%, Val Loss: 0.4588, Val Acc: 84.04%
2026-02-20 23:49:09,310 - INFO - Epoch [106] Batch [0/17]                     Loss: -0.4642, Hard: 0.3027, Soft: -0.7668                     Acc: 81.25% LR: 0.000230                     Alpha: 0.5744425058364868                     Beta: -0.8757986426353455                     MemKD: 0.3467103838920593
2026-02-20 23:49:37,645 - INFO - Epoch [106/200] Train Loss: -0.3769, Train Acc: 88.60%, Val Loss: 0.4916, Val Acc: 82.58%
2026-02-20 23:49:58,620 - INFO - Epoch [107] Batch [0/17]                     Loss: -0.4096, Hard: 0.3347, Soft: -0.7443                     Acc: 87.50% LR: 0.000226                     Alpha: 0.5744425058364868                     Beta: -0.8803992867469788                     MemKD: 0.34552034735679626
2026-02-20 23:50:28,554 - INFO - Epoch [107/200] Train Loss: -0.4338, Train Acc: 87.50%, Val Loss: 0.4804, Val Acc: 83.38%
2026-02-20 23:50:52,364 - INFO - Epoch [108] Batch [0/17]                     Loss: -0.6612, Hard: 0.1836, Soft: -0.8448                     Acc: 100.00% LR: 0.000223                     Alpha: 0.5744425058364868                     Beta: -0.8849433064460754                     MemKD: 0.34434205293655396
2026-02-20 23:51:21,895 - INFO - Epoch [108/200] Train Loss: -0.4426, Train Acc: 87.87%, Val Loss: 0.4478, Val Acc: 82.98%
2026-02-20 23:51:43,864 - INFO - Epoch [109] Batch [0/17]                     Loss: -0.4682, Hard: 0.3044, Soft: -0.7726                     Acc: 93.75% LR: 0.000219                     Alpha: 0.5744425058364868                     Beta: -0.8894361257553101                     MemKD: 0.3431709408760071
2026-02-20 23:52:13,378 - INFO - Epoch [109/200] Train Loss: -0.4294, Train Acc: 87.50%, Val Loss: 0.4016, Val Acc: 85.51%
2026-02-20 23:52:36,875 - INFO - Epoch [110] Batch [0/17]                     Loss: -0.7953, Hard: 0.0677, Soft: -0.8630                     Acc: 100.00% LR: 0.000215                     Alpha: 0.5744425058364868                     Beta: -0.8938301801681519                     MemKD: 0.3420361578464508
2026-02-20 23:53:05,557 - INFO - Epoch [110/200] Train Loss: -0.5297, Train Acc: 91.54%, Val Loss: 0.4388, Val Acc: 84.57%
2026-02-20 23:53:05,604 - INFO - Checkpoint saved at epoch 110
2026-02-20 23:53:29,010 - INFO - Epoch [111] Batch [0/17]                     Loss: -0.3957, Hard: 0.3144, Soft: -0.7101                     Acc: 87.50% LR: 0.000211                     Alpha: 0.5744425058364868                     Beta: -0.8981698155403137                     MemKD: 0.340914249420166
2026-02-20 23:53:59,199 - INFO - Epoch [111/200] Train Loss: -0.4943, Train Acc: 89.34%, Val Loss: 0.6249, Val Acc: 80.19%
2026-02-20 23:54:22,192 - INFO - Epoch [112] Batch [0/17]                     Loss: -0.4830, Hard: 0.2576, Soft: -0.7406                     Acc: 87.50% LR: 0.000207                     Alpha: 0.5744425058364868                     Beta: -0.9024333953857422                     MemKD: 0.3398158848285675
2026-02-20 23:54:50,263 - INFO - Epoch [112/200] Train Loss: -0.3714, Train Acc: 83.82%, Val Loss: 0.4145, Val Acc: 84.97%
2026-02-20 23:55:13,534 - INFO - Epoch [113] Batch [0/17]                     Loss: -0.7893, Hard: 0.0967, Soft: -0.8860                     Acc: 100.00% LR: 0.000203                     Alpha: 0.5744425058364868                     Beta: -0.9065430164337158                     MemKD: 0.3387718200683594
2026-02-20 23:55:43,553 - INFO - Epoch [113/200] Train Loss: -0.3661, Train Acc: 84.93%, Val Loss: 0.4825, Val Acc: 83.38%
2026-02-20 23:56:05,684 - INFO - Epoch [114] Batch [0/17]                     Loss: -0.6372, Hard: 0.1818, Soft: -0.8190                     Acc: 93.75% LR: 0.000199                     Alpha: 0.5744425058364868                     Beta: -0.9105135202407837                     MemKD: 0.3377753794193268
2026-02-20 23:56:33,940 - INFO - Epoch [114/200] Train Loss: -0.4137, Train Acc: 85.29%, Val Loss: 0.5634, Val Acc: 79.52%
2026-02-20 23:56:57,719 - INFO - Epoch [115] Batch [0/17]                     Loss: -0.3720, Hard: 0.4069, Soft: -0.7790                     Acc: 93.75% LR: 0.000195                     Alpha: 0.5744425058364868                     Beta: -0.9144231677055359                     MemKD: 0.3367917835712433
2026-02-20 23:57:26,274 - INFO - Epoch [115/200] Train Loss: -0.3537, Train Acc: 86.03%, Val Loss: 0.4757, Val Acc: 82.18%
2026-02-20 23:57:48,835 - INFO - Epoch [116] Batch [0/17]                     Loss: -0.1977, Hard: 0.4983, Soft: -0.6960                     Acc: 75.00% LR: 0.000192                     Alpha: 0.5744425058364868                     Beta: -0.9182436466217041                     MemKD: 0.3358372449874878
2026-02-20 23:58:15,544 - INFO - Epoch [116/200] Train Loss: -0.4454, Train Acc: 84.19%, Val Loss: 0.4657, Val Acc: 82.98%
2026-02-20 23:58:37,935 - INFO - Epoch [117] Batch [0/17]                     Loss: -0.1254, Hard: 0.5754, Soft: -0.7007                     Acc: 87.50% LR: 0.000188                     Alpha: 0.5744425058364868                     Beta: -0.9219872951507568                     MemKD: 0.33490315079689026
2026-02-20 23:59:06,529 - INFO - Epoch [117/200] Train Loss: -0.4060, Train Acc: 87.13%, Val Loss: 0.4824, Val Acc: 80.85%
2026-02-20 23:59:29,166 - INFO - Epoch [118] Batch [0/17]                     Loss: -0.3415, Hard: 0.3768, Soft: -0.7184                     Acc: 87.50% LR: 0.000184                     Alpha: 0.5744425058364868                     Beta: -0.9256254434585571                     MemKD: 0.33399999141693115
2026-02-20 23:59:56,788 - INFO - Epoch [118/200] Train Loss: -0.4673, Train Acc: 87.50%, Val Loss: 0.4405, Val Acc: 84.84%
2026-02-21 00:00:20,339 - INFO - Epoch [119] Batch [0/17]                     Loss: -0.4933, Hard: 0.3385, Soft: -0.8318                     Acc: 87.50% LR: 0.000180                     Alpha: 0.5744425058364868                     Beta: -0.9292188882827759                     MemKD: 0.33310601115226746
2026-02-21 00:00:48,558 - INFO - Epoch [119/200] Train Loss: -0.5017, Train Acc: 88.97%, Val Loss: 0.5575, Val Acc: 80.59%
2026-02-21 00:01:10,423 - INFO - Epoch [120] Batch [0/17]                     Loss: -0.3735, Hard: 0.4460, Soft: -0.8195                     Acc: 81.25% LR: 0.000176                     Alpha: 0.5744425058364868                     Beta: -0.9327537417411804                     MemKD: 0.33222848176956177
2026-02-21 00:01:39,126 - INFO - Epoch [120/200] Train Loss: -0.4927, Train Acc: 88.60%, Val Loss: 0.5034, Val Acc: 82.98%
2026-02-21 00:01:39,183 - INFO - Checkpoint saved at epoch 120
2026-02-21 00:02:02,383 - INFO - Epoch [121] Batch [0/17]                     Loss: -0.4581, Hard: 0.3710, Soft: -0.8291                     Acc: 81.25% LR: 0.000173                     Alpha: 0.5744425058364868                     Beta: -0.9362379312515259                     MemKD: 0.3313629925251007
2026-02-21 00:02:31,203 - INFO - Epoch [121/200] Train Loss: -0.4711, Train Acc: 87.13%, Val Loss: 0.4916, Val Acc: 82.18%
2026-02-21 00:02:53,330 - INFO - Epoch [122] Batch [0/17]                     Loss: -0.6993, Hard: 0.1789, Soft: -0.8782                     Acc: 93.75% LR: 0.000169                     Alpha: 0.5744425058364868                     Beta: -0.9396359324455261                     MemKD: 0.3305213451385498
2026-02-21 00:03:22,515 - INFO - Epoch [122/200] Train Loss: -0.5061, Train Acc: 89.71%, Val Loss: 0.4277, Val Acc: 83.11%
2026-02-21 00:03:46,659 - INFO - Epoch [123] Batch [0/17]                     Loss: -0.0265, Hard: 0.6172, Soft: -0.6437                     Acc: 81.25% LR: 0.000165                     Alpha: 0.5744425058364868                     Beta: -0.9429433345794678                     MemKD: 0.3297056257724762
2026-02-21 00:04:14,856 - INFO - Epoch [123/200] Train Loss: -0.3797, Train Acc: 85.29%, Val Loss: 0.4515, Val Acc: 84.57%
2026-02-21 00:04:36,931 - INFO - Epoch [124] Batch [0/17]                     Loss: -0.7866, Hard: 0.1147, Soft: -0.9013                     Acc: 100.00% LR: 0.000162                     Alpha: 0.5744425058364868                     Beta: -0.9461193680763245                     MemKD: 0.3289341926574707
2026-02-21 00:05:06,333 - INFO - Epoch [124/200] Train Loss: -0.5161, Train Acc: 89.34%, Val Loss: 0.3886, Val Acc: 86.44%
2026-02-21 00:05:06,334 - INFO - Best model saved with accuracy: 86.44%
2026-02-21 00:05:29,351 - INFO - Epoch [125] Batch [0/17]                     Loss: -0.3463, Hard: 0.4143, Soft: -0.7606                     Acc: 81.25% LR: 0.000158                     Alpha: 0.5744425058364868                     Beta: -0.94924396276474                     MemKD: 0.32817310094833374
2026-02-21 00:05:56,133 - INFO - Epoch [125/200] Train Loss: -0.4262, Train Acc: 84.19%, Val Loss: 0.4382, Val Acc: 84.57%
2026-02-21 00:06:19,001 - INFO - Epoch [126] Batch [0/17]                     Loss: -0.4960, Hard: 0.3607, Soft: -0.8567                     Acc: 75.00% LR: 0.000154                     Alpha: 0.5744425058364868                     Beta: -0.9522680044174194                     MemKD: 0.32744279503822327
2026-02-21 00:06:47,514 - INFO - Epoch [126/200] Train Loss: -0.5052, Train Acc: 87.87%, Val Loss: 0.4147, Val Acc: 85.11%
2026-02-21 00:07:10,700 - INFO - Epoch [127] Batch [0/17]                     Loss: -0.5105, Hard: 0.3133, Soft: -0.8238                     Acc: 87.50% LR: 0.000151                     Alpha: 0.5744425058364868                     Beta: -0.9552432298660278                     MemKD: 0.32672175765037537
2026-02-21 00:07:39,029 - INFO - Epoch [127/200] Train Loss: -0.5660, Train Acc: 88.97%, Val Loss: 0.4216, Val Acc: 84.71%
2026-02-21 00:08:00,945 - INFO - Epoch [128] Batch [0/17]                     Loss: -0.5445, Hard: 0.2841, Soft: -0.8286                     Acc: 93.75% LR: 0.000147                     Alpha: 0.5744425058364868                     Beta: -0.9581629037857056                     MemKD: 0.32601362466812134
2026-02-21 00:08:30,501 - INFO - Epoch [128/200] Train Loss: -0.5759, Train Acc: 89.71%, Val Loss: 0.4839, Val Acc: 83.91%
2026-02-21 00:08:52,002 - INFO - Epoch [129] Batch [0/17]                     Loss: -0.0750, Hard: 0.6572, Soft: -0.7323                     Acc: 81.25% LR: 0.000144                     Alpha: 0.5744425058364868                     Beta: -0.9610456228256226                     MemKD: 0.32530853152275085
2026-02-21 00:09:21,245 - INFO - Epoch [129/200] Train Loss: -0.5247, Train Acc: 89.34%, Val Loss: 0.3981, Val Acc: 85.11%
2026-02-21 00:09:45,010 - INFO - Epoch [130] Batch [0/17]                     Loss: -0.4686, Hard: 0.3402, Soft: -0.8087                     Acc: 87.50% LR: 0.000140                     Alpha: 0.5744425058364868                     Beta: -0.963839590549469                     MemKD: 0.32463040947914124
2026-02-21 00:10:14,308 - INFO - Epoch [130/200] Train Loss: -0.5388, Train Acc: 88.60%, Val Loss: 0.4724, Val Acc: 82.71%
2026-02-21 00:10:14,357 - INFO - Checkpoint saved at epoch 130
2026-02-21 00:10:37,145 - INFO - Epoch [131] Batch [0/17]                     Loss: -0.4634, Hard: 0.3230, Soft: -0.7865                     Acc: 87.50% LR: 0.000137                     Alpha: 0.5744425058364868                     Beta: -0.9665669798851013                     MemKD: 0.323972225189209
2026-02-21 00:11:03,812 - INFO - Epoch [131/200] Train Loss: -0.5393, Train Acc: 87.50%, Val Loss: 0.4186, Val Acc: 85.51%
2026-02-21 00:11:26,703 - INFO - Epoch [132] Batch [0/17]                     Loss: -0.6029, Hard: 0.2486, Soft: -0.8515                     Acc: 93.75% LR: 0.000133                     Alpha: 0.5744425058364868                     Beta: -0.9692018628120422                     MemKD: 0.32333603501319885
2026-02-21 00:11:55,593 - INFO - Epoch [132/200] Train Loss: -0.5395, Train Acc: 88.24%, Val Loss: 0.4093, Val Acc: 85.77%
2026-02-21 00:12:18,374 - INFO - Epoch [133] Batch [0/17]                     Loss: -0.7825, Hard: 0.1550, Soft: -0.9375                     Acc: 100.00% LR: 0.000130                     Alpha: 0.5744425058364868                     Beta: -0.9717574119567871                     MemKD: 0.32272157073020935
2026-02-21 00:12:46,878 - INFO - Epoch [133/200] Train Loss: -0.5281, Train Acc: 88.24%, Val Loss: 0.3882, Val Acc: 87.37%
2026-02-21 00:12:46,878 - INFO - Best model saved with accuracy: 87.37%
2026-02-21 00:13:10,712 - INFO - Epoch [134] Batch [0/17]                     Loss: -0.4537, Hard: 0.3535, Soft: -0.8071                     Acc: 81.25% LR: 0.000126                     Alpha: 0.5744425058364868                     Beta: -0.9742465019226074                     MemKD: 0.32212698459625244
2026-02-21 00:13:39,927 - INFO - Epoch [134/200] Train Loss: -0.5815, Train Acc: 91.18%, Val Loss: 0.3541, Val Acc: 87.63%
2026-02-21 00:13:39,927 - INFO - Best model saved with accuracy: 87.63%
2026-02-21 00:14:03,270 - INFO - Epoch [135] Batch [0/17]                     Loss: -0.6286, Hard: 0.2800, Soft: -0.9085                     Acc: 93.75% LR: 0.000123                     Alpha: 0.5744425058364868                     Beta: -0.9766616225242615                     MemKD: 0.32155075669288635
2026-02-21 00:14:32,477 - INFO - Epoch [135/200] Train Loss: -0.5121, Train Acc: 85.66%, Val Loss: 0.4157, Val Acc: 84.71%
2026-02-21 00:14:55,670 - INFO - Epoch [136] Batch [0/17]                     Loss: -0.4555, Hard: 0.3759, Soft: -0.8314                     Acc: 81.25% LR: 0.000119                     Alpha: 0.5744425058364868                     Beta: -0.9790306091308594                     MemKD: 0.32098695635795593
2026-02-21 00:15:24,045 - INFO - Epoch [136/200] Train Loss: -0.6101, Train Acc: 90.44%, Val Loss: 0.3873, Val Acc: 86.44%
2026-02-21 00:15:46,277 - INFO - Epoch [137] Batch [0/17]                     Loss: -0.7224, Hard: 0.1849, Soft: -0.9073                     Acc: 93.75% LR: 0.000116                     Alpha: 0.5744425058364868                     Beta: -0.9813098907470703                     MemKD: 0.3204449713230133
2026-02-21 00:16:15,570 - INFO - Epoch [137/200] Train Loss: -0.5563, Train Acc: 88.60%, Val Loss: 0.3759, Val Acc: 86.70%
2026-02-21 00:16:38,711 - INFO - Epoch [138] Batch [0/17]                     Loss: -0.5762, Hard: 0.3157, Soft: -0.8919                     Acc: 81.25% LR: 0.000113                     Alpha: 0.5744425058364868                     Beta: -0.9835301637649536                     MemKD: 0.319917768239975
2026-02-21 00:17:06,552 - INFO - Epoch [138/200] Train Loss: -0.5405, Train Acc: 88.24%, Val Loss: 0.4060, Val Acc: 86.04%
2026-02-21 00:17:29,113 - INFO - Epoch [139] Batch [0/17]                     Loss: -0.3349, Hard: 0.5090, Soft: -0.8439                     Acc: 81.25% LR: 0.000109                     Alpha: 0.5744425058364868                     Beta: -0.9856720566749573                     MemKD: 0.319411963224411
2026-02-21 00:17:57,466 - INFO - Epoch [139/200] Train Loss: -0.5891, Train Acc: 88.60%, Val Loss: 0.3926, Val Acc: 87.90%
2026-02-21 00:17:57,466 - INFO - Best model saved with accuracy: 87.90%
2026-02-21 00:18:21,165 - INFO - Epoch [140] Batch [0/17]                     Loss: -0.7127, Hard: 0.2071, Soft: -0.9198                     Acc: 100.00% LR: 0.000106                     Alpha: 0.5744425058364868                     Beta: -0.9877790212631226                     MemKD: 0.3189143240451813
2026-02-21 00:18:50,666 - INFO - Epoch [140/200] Train Loss: -0.6342, Train Acc: 91.54%, Val Loss: 0.3968, Val Acc: 85.51%
2026-02-21 00:18:50,712 - INFO - Checkpoint saved at epoch 140
2026-02-21 00:19:11,630 - INFO - Epoch [141] Batch [0/17]                     Loss: -1.0021, Hard: 0.0561, Soft: -1.0582                     Acc: 100.00% LR: 0.000103                     Alpha: 0.5744425058364868                     Beta: -0.9898138642311096                     MemKD: 0.3184341490268707
2026-02-21 00:19:40,951 - INFO - Epoch [141/200] Train Loss: -0.5614, Train Acc: 87.13%, Val Loss: 0.4274, Val Acc: 85.37%
2026-02-21 00:20:03,167 - INFO - Epoch [142] Batch [0/17]                     Loss: -0.8473, Hard: 0.0837, Soft: -0.9310                     Acc: 100.00% LR: 0.000100                     Alpha: 0.5744425058364868                     Beta: -0.9917877912521362                     MemKD: 0.3179698884487152
2026-02-21 00:20:30,887 - INFO - Epoch [142/200] Train Loss: -0.6226, Train Acc: 88.24%, Val Loss: 0.3660, Val Acc: 88.16%
2026-02-21 00:20:30,887 - INFO - Best model saved with accuracy: 88.16%
2026-02-21 00:20:53,247 - INFO - Epoch [143] Batch [0/17]                     Loss: -0.6326, Hard: 0.2985, Soft: -0.9311                     Acc: 87.50% LR: 0.000097                     Alpha: 0.5744425058364868                     Beta: -0.9936899542808533                     MemKD: 0.3175225853919983
2026-02-21 00:21:22,111 - INFO - Epoch [143/200] Train Loss: -0.6060, Train Acc: 89.34%, Val Loss: 0.4703, Val Acc: 83.38%
2026-02-21 00:21:44,852 - INFO - Epoch [144] Batch [0/17]                     Loss: -0.8025, Hard: 0.1549, Soft: -0.9574                     Acc: 93.75% LR: 0.000094                     Alpha: 0.5744425058364868                     Beta: -0.9955577254295349                     MemKD: 0.31708216667175293
2026-02-21 00:22:12,588 - INFO - Epoch [144/200] Train Loss: -0.6314, Train Acc: 89.34%, Val Loss: 0.3630, Val Acc: 87.37%
2026-02-21 00:22:36,187 - INFO - Epoch [145] Batch [0/17]                     Loss: -0.6452, Hard: 0.2344, Soft: -0.8796                     Acc: 87.50% LR: 0.000091                     Alpha: 0.5744425058364868                     Beta: -0.9973462224006653                     MemKD: 0.3166632056236267
2026-02-21 00:23:06,165 - INFO - Epoch [145/200] Train Loss: -0.6267, Train Acc: 90.07%, Val Loss: 0.4236, Val Acc: 84.84%
2026-02-21 00:23:28,988 - INFO - Epoch [146] Batch [0/17]                     Loss: -0.5200, Hard: 0.3213, Soft: -0.8413                     Acc: 93.75% LR: 0.000088                     Alpha: 0.5744425058364868                     Beta: -0.999052882194519                     MemKD: 0.3162672519683838
2026-02-21 00:23:56,191 - INFO - Epoch [146/200] Train Loss: -0.5797, Train Acc: 90.07%, Val Loss: 0.3821, Val Acc: 87.90%
2026-02-21 00:24:19,175 - INFO - Epoch [147] Batch [0/17]                     Loss: -0.7083, Hard: 0.2091, Soft: -0.9174                     Acc: 87.50% LR: 0.000085                     Alpha: 0.5744425058364868                     Beta: -1.000715732574463                     MemKD: 0.3158795237541199
2026-02-21 00:24:47,614 - INFO - Epoch [147/200] Train Loss: -0.6267, Train Acc: 89.34%, Val Loss: 0.3633, Val Acc: 88.30%
2026-02-21 00:24:47,615 - INFO - Best model saved with accuracy: 88.30%
2026-02-21 00:25:10,359 - INFO - Epoch [148] Batch [0/17]                     Loss: -0.8124, Hard: 0.1773, Soft: -0.9897                     Acc: 93.75% LR: 0.000082                     Alpha: 0.5744425058364868                     Beta: -1.0023211240768433                     MemKD: 0.31550654768943787
2026-02-21 00:25:38,539 - INFO - Epoch [148/200] Train Loss: -0.6656, Train Acc: 91.54%, Val Loss: 0.3852, Val Acc: 87.23%
2026-02-21 00:26:01,167 - INFO - Epoch [149] Batch [0/17]                     Loss: -0.8147, Hard: 0.1593, Soft: -0.9740                     Acc: 87.50% LR: 0.000079                     Alpha: 0.5744425058364868                     Beta: -1.0038790702819824                     MemKD: 0.315143346786499
2026-02-21 00:26:29,362 - INFO - Epoch [149/200] Train Loss: -0.6489, Train Acc: 88.60%, Val Loss: 0.3846, Val Acc: 86.70%
2026-02-21 00:26:51,587 - INFO - Epoch [150] Batch [0/17]                     Loss: -0.7658, Hard: 0.2180, Soft: -0.9838                     Acc: 87.50% LR: 0.000076                     Alpha: 0.5744425058364868                     Beta: -1.0053750276565552                     MemKD: 0.3147943913936615
2026-02-21 00:27:19,326 - INFO - Epoch [150/200] Train Loss: -0.5878, Train Acc: 87.50%, Val Loss: 0.4269, Val Acc: 85.51%
2026-02-21 00:27:19,379 - INFO - Checkpoint saved at epoch 150
2026-02-21 00:27:42,943 - INFO - Epoch [151] Batch [0/17]                     Loss: -0.6392, Hard: 0.3008, Soft: -0.9400                     Acc: 87.50% LR: 0.000073                     Alpha: 0.5744425058364868                     Beta: -1.0068100690841675                     MemKD: 0.31446221470832825
2026-02-21 00:28:10,606 - INFO - Epoch [151/200] Train Loss: -0.7301, Train Acc: 91.91%, Val Loss: 0.3734, Val Acc: 86.97%
2026-02-21 00:28:31,554 - INFO - Epoch [152] Batch [0/17]                     Loss: -0.7528, Hard: 0.1815, Soft: -0.9344                     Acc: 93.75% LR: 0.000070                     Alpha: 0.5744425058364868                     Beta: -1.008193016052246                     MemKD: 0.3141412138938904
2026-02-21 00:28:59,299 - INFO - Epoch [152/200] Train Loss: -0.7162, Train Acc: 91.91%, Val Loss: 0.3900, Val Acc: 85.24%
2026-02-21 00:29:22,790 - INFO - Epoch [153] Batch [0/17]                     Loss: -0.7741, Hard: 0.1696, Soft: -0.9437                     Acc: 93.75% LR: 0.000068                     Alpha: 0.5744425058364868                     Beta: -1.009543776512146                     MemKD: 0.31382647156715393
2026-02-21 00:29:51,848 - INFO - Epoch [153/200] Train Loss: -0.6609, Train Acc: 89.34%, Val Loss: 0.3901, Val Acc: 86.84%
2026-02-21 00:30:14,224 - INFO - Epoch [154] Batch [0/17]                     Loss: -0.3864, Hard: 0.4226, Soft: -0.8089                     Acc: 87.50% LR: 0.000065                     Alpha: 0.5744425058364868                     Beta: -1.01083505153656                     MemKD: 0.31352776288986206
2026-02-21 00:30:43,259 - INFO - Epoch [154/200] Train Loss: -0.7063, Train Acc: 91.54%, Val Loss: 0.3624, Val Acc: 87.90%
2026-02-21 00:31:06,685 - INFO - Epoch [155] Batch [0/17]                     Loss: -0.9235, Hard: 0.0802, Soft: -1.0036                     Acc: 100.00% LR: 0.000062                     Alpha: 0.5744425058364868                     Beta: -1.0120614767074585                     MemKD: 0.3132456839084625
2026-02-21 00:31:35,739 - INFO - Epoch [155/200] Train Loss: -0.7468, Train Acc: 93.38%, Val Loss: 0.3894, Val Acc: 87.10%
2026-02-21 00:31:58,427 - INFO - Epoch [156] Batch [0/17]                     Loss: -0.8122, Hard: 0.1871, Soft: -0.9993                     Acc: 93.75% LR: 0.000060                     Alpha: 0.5744425058364868                     Beta: -1.0132514238357544                     MemKD: 0.3129701018333435
2026-02-21 00:32:27,852 - INFO - Epoch [156/200] Train Loss: -0.6685, Train Acc: 89.71%, Val Loss: 0.3637, Val Acc: 86.97%
2026-02-21 00:32:50,713 - INFO - Epoch [157] Batch [0/17]                     Loss: -0.7904, Hard: 0.1714, Soft: -0.9618                     Acc: 93.75% LR: 0.000057                     Alpha: 0.5744425058364868                     Beta: -1.0143793821334839                     MemKD: 0.312711626291275
2026-02-21 00:33:19,021 - INFO - Epoch [157/200] Train Loss: -0.7000, Train Acc: 90.07%, Val Loss: 0.4065, Val Acc: 86.30%
2026-02-21 00:33:41,746 - INFO - Epoch [158] Batch [0/17]                     Loss: -0.5154, Hard: 0.4170, Soft: -0.9325                     Acc: 75.00% LR: 0.000055                     Alpha: 0.5744425058364868                     Beta: -1.0154637098312378                     MemKD: 0.31246262788772583
2026-02-21 00:34:11,565 - INFO - Epoch [158/200] Train Loss: -0.6220, Train Acc: 88.60%, Val Loss: 0.3827, Val Acc: 86.70%
2026-02-21 00:34:34,409 - INFO - Epoch [159] Batch [0/17]                     Loss: -0.9628, Hard: 0.0568, Soft: -1.0197                     Acc: 100.00% LR: 0.000052                     Alpha: 0.5744425058364868                     Beta: -1.016473650932312                     MemKD: 0.3122330605983734
2026-02-21 00:35:02,736 - INFO - Epoch [159/200] Train Loss: -0.6564, Train Acc: 91.18%, Val Loss: 0.3882, Val Acc: 85.24%
2026-02-21 00:35:25,610 - INFO - Epoch [160] Batch [0/17]                     Loss: -0.9606, Hard: 0.0878, Soft: -1.0484                     Acc: 100.00% LR: 0.000050                     Alpha: 0.5744425058364868                     Beta: -1.0174413919448853                     MemKD: 0.31201282143592834
2026-02-21 00:35:54,489 - INFO - Epoch [160/200] Train Loss: -0.6588, Train Acc: 90.81%, Val Loss: 0.3885, Val Acc: 86.17%
2026-02-21 00:35:54,536 - INFO - Checkpoint saved at epoch 160
2026-02-21 00:36:18,013 - INFO - Epoch [161] Batch [0/17]                     Loss: -0.3800, Hard: 0.4811, Soft: -0.8611                     Acc: 75.00% LR: 0.000048                     Alpha: 0.5744425058364868                     Beta: -1.0183652639389038                     MemKD: 0.3118017017841339
2026-02-21 00:36:46,324 - INFO - Epoch [161/200] Train Loss: -0.7067, Train Acc: 89.71%, Val Loss: 0.3878, Val Acc: 86.30%
2026-02-21 00:37:09,566 - INFO - Epoch [162] Batch [0/17]                     Loss: -0.9447, Hard: 0.0776, Soft: -1.0223                     Acc: 100.00% LR: 0.000045                     Alpha: 0.5744425058364868                     Beta: -1.0192502737045288                     MemKD: 0.3116001486778259
2026-02-21 00:37:39,476 - INFO - Epoch [162/200] Train Loss: -0.7405, Train Acc: 91.91%, Val Loss: 0.3668, Val Acc: 87.90%
2026-02-21 00:38:02,259 - INFO - Epoch [163] Batch [0/17]                     Loss: -0.8075, Hard: 0.1903, Soft: -0.9978                     Acc: 100.00% LR: 0.000043                     Alpha: 0.5744425058364868                     Beta: -1.0201064348220825                     MemKD: 0.31140485405921936
2026-02-21 00:38:30,047 - INFO - Epoch [163/200] Train Loss: -0.7565, Train Acc: 95.22%, Val Loss: 0.3848, Val Acc: 86.84%
2026-02-21 00:38:52,995 - INFO - Epoch [164] Batch [0/17]                     Loss: -0.8821, Hard: 0.1266, Soft: -1.0087                     Acc: 100.00% LR: 0.000041                     Alpha: 0.5744425058364868                     Beta: -1.0209262371063232                     MemKD: 0.3112165927886963
2026-02-21 00:39:21,781 - INFO - Epoch [164/200] Train Loss: -0.7354, Train Acc: 92.28%, Val Loss: 0.3646, Val Acc: 88.30%
2026-02-21 00:39:43,737 - INFO - Epoch [165] Batch [0/17]                     Loss: -0.5718, Hard: 0.2914, Soft: -0.8632                     Acc: 87.50% LR: 0.000039                     Alpha: 0.5744425058364868                     Beta: -1.0216941833496094                     MemKD: 0.3110421299934387
2026-02-21 00:40:11,704 - INFO - Epoch [165/200] Train Loss: -0.7746, Train Acc: 92.65%, Val Loss: 0.3600, Val Acc: 87.90%
2026-02-21 00:40:35,033 - INFO - Epoch [166] Batch [0/17]                     Loss: -0.6427, Hard: 0.3203, Soft: -0.9630                     Acc: 87.50% LR: 0.000037                     Alpha: 0.5744425058364868                     Beta: -1.022424340248108                     MemKD: 0.31087565422058105
2026-02-21 00:41:03,834 - INFO - Epoch [166/200] Train Loss: -0.6530, Train Acc: 90.44%, Val Loss: 0.3756, Val Acc: 87.37%
2026-02-21 00:41:25,892 - INFO - Epoch [167] Batch [0/17]                     Loss: -0.8153, Hard: 0.1930, Soft: -1.0082                     Acc: 93.75% LR: 0.000035                     Alpha: 0.5744425058364868                     Beta: -1.0231091976165771                     MemKD: 0.3107207417488098
2026-02-21 00:41:55,214 - INFO - Epoch [167/200] Train Loss: -0.6716, Train Acc: 90.07%, Val Loss: 0.3787, Val Acc: 86.97%
2026-02-21 00:42:19,302 - INFO - Epoch [168] Batch [0/17]                     Loss: -0.8848, Hard: 0.1399, Soft: -1.0247                     Acc: 100.00% LR: 0.000033                     Alpha: 0.5744425058364868                     Beta: -1.0237456560134888                     MemKD: 0.310577929019928
2026-02-21 00:42:47,007 - INFO - Epoch [168/200] Train Loss: -0.6575, Train Acc: 91.91%, Val Loss: 0.3636, Val Acc: 87.63%
2026-02-21 00:43:09,393 - INFO - Epoch [169] Batch [0/17]                     Loss: -0.6345, Hard: 0.3083, Soft: -0.9428                     Acc: 87.50% LR: 0.000031                     Alpha: 0.5744425058364868                     Beta: -1.0243408679962158                     MemKD: 0.3104444146156311
2026-02-21 00:43:38,245 - INFO - Epoch [169/200] Train Loss: -0.7224, Train Acc: 91.18%, Val Loss: 0.3444, Val Acc: 87.50%
2026-02-21 00:44:00,368 - INFO - Epoch [170] Batch [0/17]                     Loss: -0.7049, Hard: 0.2272, Soft: -0.9321                     Acc: 87.50% LR: 0.000029                     Alpha: 0.5744425058364868                     Beta: -1.0249119997024536                     MemKD: 0.3103157877922058
2026-02-21 00:44:29,323 - INFO - Epoch [170/200] Train Loss: -0.7634, Train Acc: 91.91%, Val Loss: 0.3671, Val Acc: 87.37%
2026-02-21 00:44:29,373 - INFO - Checkpoint saved at epoch 170
2026-02-21 00:44:51,956 - INFO - Epoch [171] Batch [0/17]                     Loss: -1.0152, Hard: 0.0483, Soft: -1.0634                     Acc: 100.00% LR: 0.000027                     Alpha: 0.5744425058364868                     Beta: -1.0254480838775635                     MemKD: 0.3101947009563446
2026-02-21 00:45:21,174 - INFO - Epoch [171/200] Train Loss: -0.7551, Train Acc: 93.01%, Val Loss: 0.3583, Val Acc: 87.50%
2026-02-21 00:45:43,678 - INFO - Epoch [172] Batch [0/17]                     Loss: -1.0416, Hard: 0.0339, Soft: -1.0756                     Acc: 100.00% LR: 0.000025                     Alpha: 0.5744425058364868                     Beta: -1.025956392288208                     MemKD: 0.3100796639919281
2026-02-21 00:46:12,106 - INFO - Epoch [172/200] Train Loss: -0.6563, Train Acc: 89.71%, Val Loss: 0.3543, Val Acc: 88.16%
2026-02-21 00:46:33,963 - INFO - Epoch [173] Batch [0/17]                     Loss: -0.7261, Hard: 0.2353, Soft: -0.9614                     Acc: 87.50% LR: 0.000024                     Alpha: 0.5744425058364868                     Beta: -1.0264230966567993                     MemKD: 0.30997511744499207
2026-02-21 00:47:03,388 - INFO - Epoch [173/200] Train Loss: -0.6097, Train Acc: 88.97%, Val Loss: 0.3840, Val Acc: 86.70%
2026-02-21 00:47:27,112 - INFO - Epoch [174] Batch [0/17]                     Loss: -0.8467, Hard: 0.1690, Soft: -1.0156                     Acc: 87.50% LR: 0.000022                     Alpha: 0.5744425058364868                     Beta: -1.026854157447815                     MemKD: 0.30987903475761414
2026-02-21 00:47:55,291 - INFO - Epoch [174/200] Train Loss: -0.6914, Train Acc: 90.44%, Val Loss: 0.3528, Val Acc: 87.63%
2026-02-21 00:48:17,823 - INFO - Epoch [175] Batch [0/17]                     Loss: -0.6359, Hard: 0.3474, Soft: -0.9833                     Acc: 81.25% LR: 0.000021                     Alpha: 0.5744425058364868                     Beta: -1.0272542238235474                     MemKD: 0.3097900450229645
2026-02-21 00:48:46,539 - INFO - Epoch [175/200] Train Loss: -0.6819, Train Acc: 89.34%, Val Loss: 0.3427, Val Acc: 87.90%
2026-02-21 00:49:07,300 - INFO - Epoch [176] Batch [0/17]                     Loss: -0.6457, Hard: 0.3280, Soft: -0.9737                     Acc: 87.50% LR: 0.000019                     Alpha: 0.5744425058364868                     Beta: -1.0276285409927368                     MemKD: 0.3097067177295685
2026-02-21 00:49:35,828 - INFO - Epoch [176/200] Train Loss: -0.6865, Train Acc: 90.07%, Val Loss: 0.3495, Val Acc: 88.30%
2026-02-21 00:49:58,515 - INFO - Epoch [177] Batch [0/17]                     Loss: -0.7283, Hard: 0.2372, Soft: -0.9654                     Acc: 93.75% LR: 0.000018                     Alpha: 0.5744425058364868                     Beta: -1.0279762744903564                     MemKD: 0.3096291422843933
2026-02-21 00:50:27,835 - INFO - Epoch [177/200] Train Loss: -0.6236, Train Acc: 87.87%, Val Loss: 0.3424, Val Acc: 87.90%
2026-02-21 00:50:50,148 - INFO - Epoch [178] Batch [0/17]                     Loss: -0.6538, Hard: 0.2877, Soft: -0.9415                     Acc: 87.50% LR: 0.000016                     Alpha: 0.5744425058364868                     Beta: -1.0282955169677734                     MemKD: 0.30955779552459717
2026-02-21 00:51:16,982 - INFO - Epoch [178/200] Train Loss: -0.7710, Train Acc: 91.18%, Val Loss: 0.3500, Val Acc: 88.03%
2026-02-21 00:51:40,083 - INFO - Epoch [179] Batch [0/17]                     Loss: -0.4767, Hard: 0.4067, Soft: -0.8834                     Acc: 81.25% LR: 0.000015                     Alpha: 0.5744425058364868                     Beta: -1.0285924673080444                     MemKD: 0.3094913065433502
2026-02-21 00:52:08,770 - INFO - Epoch [179/200] Train Loss: -0.6452, Train Acc: 91.18%, Val Loss: 0.3477, Val Acc: 88.03%
2026-02-21 00:52:31,451 - INFO - Epoch [180] Batch [0/17]                     Loss: -0.5997, Hard: 0.3220, Soft: -0.9217                     Acc: 87.50% LR: 0.000013                     Alpha: 0.5744425058364868                     Beta: -1.0288589000701904                     MemKD: 0.30943214893341064
2026-02-21 00:52:58,893 - INFO - Epoch [180/200] Train Loss: -0.7211, Train Acc: 91.91%, Val Loss: 0.3618, Val Acc: 87.50%
2026-02-21 00:52:58,940 - INFO - Checkpoint saved at epoch 180
2026-02-21 00:53:21,449 - INFO - Epoch [181] Batch [0/17]                     Loss: -0.6456, Hard: 0.2654, Soft: -0.9110                     Acc: 87.50% LR: 0.000012                     Alpha: 0.5744425058364868                     Beta: -1.0291019678115845                     MemKD: 0.309378057718277
2026-02-21 00:53:50,829 - INFO - Epoch [181/200] Train Loss: -0.7776, Train Acc: 93.38%, Val Loss: 0.3635, Val Acc: 87.37%
2026-02-21 00:54:13,133 - INFO - Epoch [182] Batch [0/17]                     Loss: -0.7340, Hard: 0.2450, Soft: -0.9790                     Acc: 87.50% LR: 0.000011                     Alpha: 0.5744425058364868                     Beta: -1.02932608127594                     MemKD: 0.3093278706073761
2026-02-21 00:54:40,135 - INFO - Epoch [182/200] Train Loss: -0.6876, Train Acc: 89.34%, Val Loss: 0.3594, Val Acc: 87.23%
2026-02-21 00:55:03,412 - INFO - Epoch [183] Batch [0/17]                     Loss: -0.7557, Hard: 0.2689, Soft: -1.0246                     Acc: 87.50% LR: 0.000010                     Alpha: 0.5744425058364868                     Beta: -1.0295279026031494                     MemKD: 0.3092828691005707
2026-02-21 00:55:32,608 - INFO - Epoch [183/200] Train Loss: -0.6965, Train Acc: 90.07%, Val Loss: 0.3599, Val Acc: 87.77%
2026-02-21 00:55:56,233 - INFO - Epoch [184] Batch [0/17]                     Loss: -0.4304, Hard: 0.4264, Soft: -0.8567                     Acc: 81.25% LR: 0.000009                     Alpha: 0.5744425058364868                     Beta: -1.029707908630371                     MemKD: 0.30924296379089355
2026-02-21 00:56:23,067 - INFO - Epoch [184/200] Train Loss: -0.7277, Train Acc: 89.34%, Val Loss: 0.3553, Val Acc: 87.77%
2026-02-21 00:56:46,694 - INFO - Epoch [185] Batch [0/17]                     Loss: -0.2121, Hard: 0.5470, Soft: -0.7591                     Acc: 75.00% LR: 0.000008                     Alpha: 0.5744425058364868                     Beta: -1.0298690795898438                     MemKD: 0.30920711159706116
2026-02-21 00:57:15,108 - INFO - Epoch [185/200] Train Loss: -0.7687, Train Acc: 92.65%, Val Loss: 0.3635, Val Acc: 87.50%
2026-02-21 00:57:36,639 - INFO - Epoch [186] Batch [0/17]                     Loss: -0.2736, Hard: 0.6054, Soft: -0.8790                     Acc: 81.25% LR: 0.000007                     Alpha: 0.5744425058364868                     Beta: -1.0300120115280151                     MemKD: 0.30917516350746155
2026-02-21 00:58:03,255 - INFO - Epoch [186/200] Train Loss: -0.6035, Train Acc: 90.07%, Val Loss: 0.3508, Val Acc: 88.03%
2026-02-21 00:58:26,920 - INFO - Epoch [187] Batch [0/17]                     Loss: -0.8212, Hard: 0.1628, Soft: -0.9841                     Acc: 93.75% LR: 0.000006                     Alpha: 0.5744425058364868                     Beta: -1.0301352739334106                     MemKD: 0.3091479241847992
2026-02-21 00:58:56,031 - INFO - Epoch [187/200] Train Loss: -0.7106, Train Acc: 90.07%, Val Loss: 0.3580, Val Acc: 87.63%
2026-02-21 00:59:18,220 - INFO - Epoch [188] Batch [0/17]                     Loss: -0.4719, Hard: 0.4648, Soft: -0.9366                     Acc: 87.50% LR: 0.000005                     Alpha: 0.5744425058364868                     Beta: -1.0302435159683228                     MemKD: 0.30912402272224426
2026-02-21 00:59:47,710 - INFO - Epoch [188/200] Train Loss: -0.7379, Train Acc: 91.54%, Val Loss: 0.3604, Val Acc: 87.90%
2026-02-21 01:00:10,834 - INFO - Epoch [189] Batch [0/17]                     Loss: -0.3741, Hard: 0.5037, Soft: -0.8778                     Acc: 81.25% LR: 0.000004                     Alpha: 0.5744425058364868                     Beta: -1.0303374528884888                     MemKD: 0.3091033101081848
2026-02-21 01:00:38,077 - INFO - Epoch [189/200] Train Loss: -0.7162, Train Acc: 89.34%, Val Loss: 0.3637, Val Acc: 88.30%
2026-02-21 01:01:00,816 - INFO - Epoch [190] Batch [0/17]                     Loss: -0.7558, Hard: 0.2066, Soft: -0.9625                     Acc: 93.75% LR: 0.000004                     Alpha: 0.5744425058364868                     Beta: -1.0304181575775146                     MemKD: 0.3090854585170746
2026-02-21 01:01:30,471 - INFO - Epoch [190/200] Train Loss: -0.6284, Train Acc: 87.13%, Val Loss: 0.3440, Val Acc: 87.90%
2026-02-21 01:01:30,508 - INFO - Checkpoint saved at epoch 190
2026-02-21 01:01:53,586 - INFO - Epoch [191] Batch [0/17]                     Loss: -0.6790, Hard: 0.3021, Soft: -0.9811                     Acc: 87.50% LR: 0.000003                     Alpha: 0.5744425058364868                     Beta: -1.0304838418960571                     MemKD: 0.3090710937976837
2026-02-21 01:02:20,805 - INFO - Epoch [191/200] Train Loss: -0.7201, Train Acc: 90.81%, Val Loss: 0.3433, Val Acc: 88.56%
2026-02-21 01:02:20,806 - INFO - Best model saved with accuracy: 88.56%
2026-02-21 01:02:43,374 - INFO - Epoch [192] Batch [0/17]                     Loss: -0.8251, Hard: 0.1945, Soft: -1.0196                     Acc: 93.75% LR: 0.000002                     Alpha: 0.5744425058364868                     Beta: -1.0305392742156982                     MemKD: 0.30905890464782715
2026-02-21 01:03:12,662 - INFO - Epoch [192/200] Train Loss: -0.7514, Train Acc: 92.65%, Val Loss: 0.3407, Val Acc: 88.56%
2026-02-21 01:03:35,949 - INFO - Epoch [193] Batch [0/17]                     Loss: -0.9078, Hard: 0.1049, Soft: -1.0127                     Acc: 100.00% LR: 0.000002                     Alpha: 0.5744425058364868                     Beta: -1.0305840969085693                     MemKD: 0.3090488612651825
2026-02-21 01:04:05,689 - INFO - Epoch [193/200] Train Loss: -0.7784, Train Acc: 92.65%, Val Loss: 0.3636, Val Acc: 87.90%
2026-02-21 01:04:28,782 - INFO - Epoch [194] Batch [0/17]                     Loss: -0.1452, Hard: 0.6265, Soft: -0.7717                     Acc: 68.75% LR: 0.000002                     Alpha: 0.5744425058364868                     Beta: -1.0306204557418823                     MemKD: 0.309040904045105
2026-02-21 01:04:58,415 - INFO - Epoch [194/200] Train Loss: -0.7333, Train Acc: 91.54%, Val Loss: 0.3557, Val Acc: 88.43%
2026-02-21 01:05:21,276 - INFO - Epoch [195] Batch [0/17]                     Loss: -0.6141, Hard: 0.3009, Soft: -0.9151                     Acc: 81.25% LR: 0.000001                     Alpha: 0.5744425058364868                     Beta: -1.030646800994873                     MemKD: 0.30903497338294983
2026-02-21 01:05:49,008 - INFO - Epoch [195/200] Train Loss: -0.7420, Train Acc: 91.91%, Val Loss: 0.3645, Val Acc: 88.30%
2026-02-21 01:06:12,189 - INFO - Epoch [196] Batch [0/17]                     Loss: -0.9580, Hard: 0.0914, Soft: -1.0495                     Acc: 100.00% LR: 0.000001                     Alpha: 0.5744425058364868                     Beta: -1.0306670665740967                     MemKD: 0.3090305030345917
2026-02-21 01:06:41,592 - INFO - Epoch [196/200] Train Loss: -0.8271, Train Acc: 93.75%, Val Loss: 0.3629, Val Acc: 87.77%
2026-02-21 01:07:04,003 - INFO - Epoch [197] Batch [0/17]                     Loss: -0.9590, Hard: 0.0879, Soft: -1.0469                     Acc: 100.00% LR: 0.000000                     Alpha: 0.5744425058364868                     Beta: -1.0306812524795532                     MemKD: 0.30902746319770813
2026-02-21 01:07:31,302 - INFO - Epoch [197/200] Train Loss: -0.7262, Train Acc: 90.44%, Val Loss: 0.3514, Val Acc: 88.03%
2026-02-21 01:07:54,316 - INFO - Epoch [198] Batch [0/17]                     Loss: -0.3660, Hard: 0.5094, Soft: -0.8754                     Acc: 87.50% LR: 0.000000                     Alpha: 0.5744425058364868                     Beta: -1.0306893587112427                     MemKD: 0.30902549624443054
2026-02-21 01:08:23,754 - INFO - Epoch [198/200] Train Loss: -0.7271, Train Acc: 93.38%, Val Loss: 0.3485, Val Acc: 87.90%
2026-02-21 01:08:46,563 - INFO - Epoch [199] Batch [0/17]                     Loss: -0.8159, Hard: 0.1520, Soft: -0.9680                     Acc: 87.50% LR: 0.000000                     Alpha: 0.5744425058364868                     Beta: -1.0306934118270874                     MemKD: 0.3090244233608246
2026-02-21 01:09:15,132 - INFO - Epoch [199/200] Train Loss: -0.7519, Train Acc: 91.18%, Val Loss: 0.3585, Val Acc: 87.23%
2026-02-21 01:09:38,956 - INFO - Epoch [200] Batch [0/17]                     Loss: -0.6442, Hard: 0.3011, Soft: -0.9452                     Acc: 87.50% LR: 0.000000                     Alpha: 0.5744425058364868                     Beta: -1.0306954383850098                     MemKD: 0.30902400612831116
2026-02-21 01:10:08,304 - INFO - Epoch [200/200] Train Loss: -0.7292, Train Acc: 91.54%, Val Loss: 0.3540, Val Acc: 86.97%
2026-02-21 01:10:08,352 - INFO - Checkpoint saved at epoch 200
2026-02-21 01:10:08,352 - INFO - ==================================================
2026-02-21 01:10:08,352 - INFO - Training finished! Best accuracy: 88.56%
2026-02-21 01:10:08,352 - INFO - ==================================================
