2026-02-11 02:16:25,318 - INFO - ==================================================
2026-02-11 02:16:25,318 - INFO - Distillation Training Configuration
2026-02-11 02:16:25,318 - INFO - ==================================================
2026-02-11 02:16:25,318 - INFO - GPUs: [4, 5, 6, 7]
2026-02-11 02:16:25,318 - INFO - World size: 4
2026-02-11 02:16:25,318 - INFO - Dataset: /media/hdd1/chuxiaohui/AI4Ocean_UATR/ShipsEar_622
2026-02-11 02:16:25,318 - INFO - Data type: wav_s@wav_t
2026-02-11 02:16:25,318 - INFO - Batch size: 16
2026-02-11 02:16:25,318 - INFO - Epochs: 130
2026-02-11 02:16:25,318 - INFO - Learning rate: 0.0005
2026-02-11 02:16:25,318 - INFO - Temperature: 2.0
2026-02-11 02:16:25,318 - INFO - Alpha: 0.3
2026-02-11 02:16:25,318 - INFO - Save dir: checkpoints/grid_shipsear_v2/num_epochs130_weight_decay0.0001_batch_size16_lr0.0005_distill_typeMTSKD_Temp_freezeTrue_USE_DYNAMIC_DISTILL_WEIGHTFalse_p_encoder0.3_p_classifier0.3
2026-02-11 02:16:25,318 - INFO - ==================================================
2026-02-11 02:16:25,338 - INFO - Train dataset size: 2240
2026-02-11 02:16:25,338 - INFO - Validation dataset size: 749
2026-02-11 02:16:26,435 - INFO - Student params: 316,299 (0.32M)
2026-02-11 02:16:26,436 - INFO - Teacher params: 164,415,877 (164.42M)
2026-02-11 02:16:26,436 - INFO - Trainable params: 271,372 (0.27M)
2026-02-11 02:16:26,963 - INFO - Start training...
2026-02-11 02:16:26,963 - INFO - No checkpoint found, start from scratch
2026-02-11 02:16:50,221 - INFO - Epoch [1] Batch [0/35]                     Loss: 2.2276, Hard: 1.7103, Soft: 0.5173                     Acc: 12.50% LR: 0.000500                     Alpha: 0.5744425058364868                     Beta: 0.0                     MemKD: 0.5
2026-02-11 02:16:53,264 - INFO - Epoch [1] Batch [20/35]                     Loss: 1.7888, Hard: 1.4983, Soft: 0.2905                     Acc: 38.99% LR: 0.000500                     Alpha: 0.5744425058364868                     Beta: -0.008171039633452892                     MemKD: 0.5023171305656433
2026-02-11 02:17:21,374 - INFO - Epoch [1/130] Train Loss: 1.6956, Train Acc: 41.96%, Val Loss: 1.4168, Val Acc: 43.35%
2026-02-11 02:17:21,374 - INFO - Best model saved with accuracy: 43.35%
2026-02-11 02:17:44,405 - INFO - Epoch [2] Batch [0/35]                     Loss: 1.4334, Hard: 1.2093, Soft: 0.2240                     Acc: 37.50% LR: 0.000500                     Alpha: 0.5744425058364868                     Beta: -0.015376973897218704                     MemKD: 0.5039271116256714
2026-02-11 02:17:48,134 - INFO - Epoch [2] Batch [20/35]                     Loss: 1.6356, Hard: 1.3836, Soft: 0.2520                     Acc: 45.24% LR: 0.000500                     Alpha: 0.5744425058364868                     Beta: -0.02548995427787304                     MemKD: 0.5059603452682495
2026-02-11 02:18:17,357 - INFO - Epoch [2/130] Train Loss: 1.5059, Train Acc: 43.93%, Val Loss: 1.1674, Val Acc: 52.66%
2026-02-11 02:18:17,357 - INFO - Best model saved with accuracy: 52.66%
2026-02-11 02:18:40,551 - INFO - Epoch [3] Batch [0/35]                     Loss: 1.2125, Hard: 1.0438, Soft: 0.1687                     Acc: 50.00% LR: 0.000500                     Alpha: 0.5744425058364868                     Beta: -0.03297313302755356                     MemKD: 0.5075010061264038
2026-02-11 02:18:43,628 - INFO - Epoch [3] Batch [20/35]                     Loss: 1.3164, Hard: 1.1215, Soft: 0.1949                     Acc: 45.83% LR: 0.000500                     Alpha: 0.5744425058364868                     Beta: -0.04331513121724129                     MemKD: 0.5096403360366821
2026-02-11 02:19:11,182 - INFO - Epoch [3/130] Train Loss: 1.4546, Train Acc: 47.86%, Val Loss: 1.1311, Val Acc: 53.06%
2026-02-11 02:19:11,182 - INFO - Best model saved with accuracy: 53.06%
2026-02-11 02:19:33,448 - INFO - Epoch [4] Batch [0/35]                     Loss: 1.2525, Hard: 1.1123, Soft: 0.1402                     Acc: 50.00% LR: 0.000499                     Alpha: 0.5744425058364868                     Beta: -0.051934413611888885                     MemKD: 0.5111303329467773
2026-02-11 02:19:37,119 - INFO - Epoch [4] Batch [20/35]                     Loss: 1.3437, Hard: 1.1744, Soft: 0.1693                     Acc: 51.19% LR: 0.000499                     Alpha: 0.5744425058364868                     Beta: -0.06365887075662613                     MemKD: 0.5129123330116272
2026-02-11 02:20:04,962 - INFO - Epoch [4/130] Train Loss: 1.3530, Train Acc: 51.43%, Val Loss: 1.0782, Val Acc: 58.24%
2026-02-11 02:20:04,962 - INFO - Best model saved with accuracy: 58.24%
2026-02-11 02:20:28,206 - INFO - Epoch [5] Batch [0/35]                     Loss: 1.2879, Hard: 1.1208, Soft: 0.1672                     Acc: 56.25% LR: 0.000499                     Alpha: 0.5744425058364868                     Beta: -0.07255926728248596                     MemKD: 0.5142319798469543
2026-02-11 02:20:31,818 - INFO - Epoch [5] Batch [20/35]                     Loss: 1.1759, Hard: 1.0668, Soft: 0.1091                     Acc: 56.85% LR: 0.000499                     Alpha: 0.5744425058364868                     Beta: -0.08463378995656967                     MemKD: 0.5159680247306824
2026-02-11 02:21:00,421 - INFO - Epoch [5/130] Train Loss: 1.2353, Train Acc: 57.86%, Val Loss: 1.0176, Val Acc: 59.04%
2026-02-11 02:21:00,422 - INFO - Best model saved with accuracy: 59.04%
2026-02-11 02:21:23,097 - INFO - Epoch [6] Batch [0/35]                     Loss: 1.2152, Hard: 1.0826, Soft: 0.1327                     Acc: 56.25% LR: 0.000498                     Alpha: 0.5744425058364868                     Beta: -0.09433193504810333                     MemKD: 0.5170285701751709
2026-02-11 02:21:27,076 - INFO - Epoch [6] Batch [20/35]                     Loss: 1.8083, Hard: 1.5542, Soft: 0.2541                     Acc: 55.06% LR: 0.000498                     Alpha: 0.5744425058364868                     Beta: -0.10688068717718124                     MemKD: 0.5184579491615295
2026-02-11 02:21:54,965 - INFO - Epoch [6/130] Train Loss: 1.2160, Train Acc: 55.89%, Val Loss: 0.9785, Val Acc: 61.97%
2026-02-11 02:21:54,966 - INFO - Best model saved with accuracy: 61.97%
2026-02-11 02:22:17,461 - INFO - Epoch [7] Batch [0/35]                     Loss: 1.2016, Hard: 1.0995, Soft: 0.1021                     Acc: 56.25% LR: 0.000497                     Alpha: 0.5744425058364868                     Beta: -0.11684907227754593                     MemKD: 0.5194317698478699
2026-02-11 02:22:21,198 - INFO - Epoch [7] Batch [20/35]                     Loss: 1.0652, Hard: 0.9853, Soft: 0.0799                     Acc: 56.55% LR: 0.000497                     Alpha: 0.5744425058364868                     Beta: -0.129892960190773                     MemKD: 0.5206838846206665
2026-02-11 02:22:50,346 - INFO - Epoch [7/130] Train Loss: 1.1677, Train Acc: 57.14%, Val Loss: 0.9578, Val Acc: 62.37%
2026-02-11 02:22:50,346 - INFO - Best model saved with accuracy: 62.37%
2026-02-11 02:23:13,284 - INFO - Epoch [8] Batch [0/35]                     Loss: 0.7644, Hard: 0.7251, Soft: 0.0394                     Acc: 75.00% LR: 0.000496                     Alpha: 0.5744425058364868                     Beta: -0.13987180590629578                     MemKD: 0.5215109586715698
2026-02-11 02:23:16,384 - INFO - Epoch [8] Batch [20/35]                     Loss: 0.9129, Hard: 0.8458, Soft: 0.0672                     Acc: 57.44% LR: 0.000496                     Alpha: 0.5744425058364868                     Beta: -0.1532357782125473                     MemKD: 0.5224822759628296
2026-02-11 02:23:44,687 - INFO - Epoch [8/130] Train Loss: 1.1339, Train Acc: 57.68%, Val Loss: 0.9152, Val Acc: 65.56%
2026-02-11 02:23:44,688 - INFO - Best model saved with accuracy: 65.56%
2026-02-11 02:24:06,010 - INFO - Epoch [9] Batch [0/35]                     Loss: 0.8032, Hard: 0.7742, Soft: 0.0290                     Acc: 68.75% LR: 0.000495                     Alpha: 0.5744425058364868                     Beta: -0.16314585506916046                     MemKD: 0.5231208205223083
2026-02-11 02:24:09,053 - INFO - Epoch [9] Batch [20/35]                     Loss: 1.4820, Hard: 1.3288, Soft: 0.1532                     Acc: 57.14% LR: 0.000495                     Alpha: 0.5744425058364868                     Beta: -0.176394984126091                     MemKD: 0.5237709879875183
2026-02-11 02:24:35,686 - INFO - Epoch [9/130] Train Loss: 1.0565, Train Acc: 60.18%, Val Loss: 0.8336, Val Acc: 66.36%
2026-02-11 02:24:35,687 - INFO - Best model saved with accuracy: 66.36%
2026-02-11 02:24:57,693 - INFO - Epoch [10] Batch [0/35]                     Loss: 0.9861, Hard: 0.9146, Soft: 0.0715                     Acc: 75.00% LR: 0.000494                     Alpha: 0.5744425058364868                     Beta: -0.1862144023180008                     MemKD: 0.5241405367851257
2026-02-11 02:25:01,436 - INFO - Epoch [10] Batch [20/35]                     Loss: 1.0408, Hard: 1.0080, Soft: 0.0328                     Acc: 65.18% LR: 0.000494                     Alpha: 0.5744425058364868                     Beta: -0.19914256036281586                     MemKD: 0.5244880318641663
2026-02-11 02:25:30,025 - INFO - Epoch [10/130] Train Loss: 0.9561, Train Acc: 66.25%, Val Loss: 1.1729, Val Acc: 59.18%
2026-02-11 02:25:30,071 - INFO - Checkpoint saved at epoch 10
2026-02-11 02:25:53,138 - INFO - Epoch [11] Batch [0/35]                     Loss: 0.5604, Hard: 0.6045, Soft: -0.0441                     Acc: 87.50% LR: 0.000493                     Alpha: 0.5744425058364868                     Beta: -0.20869988203048706                     MemKD: 0.5245599150657654
2026-02-11 02:25:56,873 - INFO - Epoch [11] Batch [20/35]                     Loss: 1.3274, Hard: 1.2566, Soft: 0.0708                     Acc: 61.90% LR: 0.000493                     Alpha: 0.5744425058364868                     Beta: -0.22129157185554504                     MemKD: 0.5245756506919861
2026-02-11 02:26:24,628 - INFO - Epoch [11/130] Train Loss: 1.0361, Train Acc: 61.61%, Val Loss: 0.9559, Val Acc: 61.30%
2026-02-11 02:26:47,061 - INFO - Epoch [12] Batch [0/35]                     Loss: 0.6272, Hard: 0.6699, Soft: -0.0427                     Acc: 81.25% LR: 0.000491                     Alpha: 0.5744425058364868                     Beta: -0.23045235872268677                     MemKD: 0.5245946645736694
2026-02-11 02:26:51,036 - INFO - Epoch [12] Batch [20/35]                     Loss: 1.3227, Hard: 1.1958, Soft: 0.1270                     Acc: 68.75% LR: 0.000491                     Alpha: 0.5744425058364868                     Beta: -0.24327871203422546                     MemKD: 0.5239769816398621
2026-02-11 02:27:20,024 - INFO - Epoch [12/130] Train Loss: 0.8798, Train Acc: 67.86%, Val Loss: 0.8125, Val Acc: 70.08%
2026-02-11 02:27:20,025 - INFO - Best model saved with accuracy: 70.08%
2026-02-11 02:27:43,420 - INFO - Epoch [13] Batch [0/35]                     Loss: 1.4903, Hard: 1.4176, Soft: 0.0727                     Acc: 43.75% LR: 0.000490                     Alpha: 0.5744425058364868                     Beta: -0.2526676654815674                     MemKD: 0.5234716534614563
2026-02-11 02:27:47,097 - INFO - Epoch [13] Batch [20/35]                     Loss: 1.3949, Hard: 1.2999, Soft: 0.0950                     Acc: 58.04% LR: 0.000490                     Alpha: 0.5744425058364868                     Beta: -0.2641797363758087                     MemKD: 0.5233089327812195
2026-02-11 02:28:14,759 - INFO - Epoch [13/130] Train Loss: 1.0503, Train Acc: 60.71%, Val Loss: 1.0002, Val Acc: 60.90%
2026-02-11 02:28:37,496 - INFO - Epoch [14] Batch [0/35]                     Loss: 0.6095, Hard: 0.6824, Soft: -0.0729                     Acc: 75.00% LR: 0.000488                     Alpha: 0.5744425058364868                     Beta: -0.27271541953086853                     MemKD: 0.5231264233589172
2026-02-11 02:28:40,514 - INFO - Epoch [14] Batch [20/35]                     Loss: 0.5682, Hard: 0.6327, Soft: -0.0645                     Acc: 63.69% LR: 0.000488                     Alpha: 0.5744425058364868                     Beta: -0.2843208611011505                     MemKD: 0.5223675966262817
2026-02-11 02:29:07,264 - INFO - Epoch [14/130] Train Loss: 0.9069, Train Acc: 64.82%, Val Loss: 0.8199, Val Acc: 68.22%
2026-02-11 02:29:29,966 - INFO - Epoch [15] Batch [0/35]                     Loss: 0.7386, Hard: 0.7578, Soft: -0.0192                     Acc: 68.75% LR: 0.000486                     Alpha: 0.5744425058364868                     Beta: -0.29312217235565186                     MemKD: 0.5216279625892639
2026-02-11 02:29:33,871 - INFO - Epoch [15] Batch [20/35]                     Loss: 0.8430, Hard: 0.8591, Soft: -0.0161                     Acc: 65.18% LR: 0.000486                     Alpha: 0.5744425058364868                     Beta: -0.30496904253959656                     MemKD: 0.5203298330307007
2026-02-11 02:30:03,389 - INFO - Epoch [15/130] Train Loss: 0.8473, Train Acc: 66.61%, Val Loss: 0.7697, Val Acc: 72.34%
2026-02-11 02:30:03,389 - INFO - Best model saved with accuracy: 72.34%
2026-02-11 02:30:26,113 - INFO - Epoch [16] Batch [0/35]                     Loss: 0.8210, Hard: 0.8384, Soft: -0.0175                     Acc: 75.00% LR: 0.000484                     Alpha: 0.5744425058364868                     Beta: -0.3141532838344574                     MemKD: 0.5189855694770813
2026-02-11 02:30:29,243 - INFO - Epoch [16] Batch [20/35]                     Loss: 0.7467, Hard: 0.8000, Soft: -0.0533                     Acc: 68.75% LR: 0.000484                     Alpha: 0.5744425058364868                     Beta: -0.326078861951828                     MemKD: 0.5171604752540588
2026-02-11 02:30:57,070 - INFO - Epoch [16/130] Train Loss: 0.8274, Train Acc: 68.04%, Val Loss: 0.7647, Val Acc: 70.88%
2026-02-11 02:31:20,309 - INFO - Epoch [17] Batch [0/35]                     Loss: 0.9774, Hard: 0.9598, Soft: 0.0176                     Acc: 68.75% LR: 0.000482                     Alpha: 0.5744425058364868                     Beta: -0.33479389548301697                     MemKD: 0.5157942175865173
2026-02-11 02:31:24,340 - INFO - Epoch [17] Batch [20/35]                     Loss: 0.6257, Hard: 0.7042, Soft: -0.0785                     Acc: 71.13% LR: 0.000482                     Alpha: 0.5744425058364868                     Beta: -0.3466532230377197                     MemKD: 0.5135573744773865
2026-02-11 02:31:52,519 - INFO - Epoch [17/130] Train Loss: 0.7576, Train Acc: 68.39%, Val Loss: 0.8060, Val Acc: 67.15%
2026-02-11 02:32:14,308 - INFO - Epoch [18] Batch [0/35]                     Loss: 1.2485, Hard: 1.1861, Soft: 0.0624                     Acc: 56.25% LR: 0.000479                     Alpha: 0.5744425058364868                     Beta: -0.3555889129638672                     MemKD: 0.5116750597953796
2026-02-11 02:32:18,066 - INFO - Epoch [18] Batch [20/35]                     Loss: 0.9852, Hard: 1.0313, Soft: -0.0461                     Acc: 66.37% LR: 0.000479                     Alpha: 0.5744425058364868                     Beta: -0.36694249510765076                     MemKD: 0.5094602704048157
2026-02-11 02:32:47,512 - INFO - Epoch [18/130] Train Loss: 0.7906, Train Acc: 65.54%, Val Loss: 0.9073, Val Acc: 66.22%
2026-02-11 02:33:10,391 - INFO - Epoch [19] Batch [0/35]                     Loss: 0.4596, Hard: 0.5905, Soft: -0.1309                     Acc: 87.50% LR: 0.000477                     Alpha: 0.5744425058364868                     Beta: -0.37550774216651917                     MemKD: 0.507622480392456
2026-02-11 02:33:14,123 - INFO - Epoch [19] Batch [20/35]                     Loss: 0.5780, Hard: 0.6564, Soft: -0.0784                     Acc: 72.92% LR: 0.000477                     Alpha: 0.5744425058364868                     Beta: -0.38715821504592896                     MemKD: 0.5047871470451355
2026-02-11 02:33:42,153 - INFO - Epoch [19/130] Train Loss: 0.6951, Train Acc: 70.00%, Val Loss: 0.8452, Val Acc: 65.43%
2026-02-11 02:34:04,331 - INFO - Epoch [20] Batch [0/35]                     Loss: 0.6301, Hard: 0.7720, Soft: -0.1418                     Acc: 75.00% LR: 0.000474                     Alpha: 0.5744425058364868                     Beta: -0.3958343267440796                     MemKD: 0.5026473999023438
2026-02-11 02:34:08,013 - INFO - Epoch [20] Batch [20/35]                     Loss: 0.9922, Hard: 1.0618, Soft: -0.0696                     Acc: 70.24% LR: 0.000474                     Alpha: 0.5744425058364868                     Beta: -0.4074001908302307                     MemKD: 0.49956586956977844
2026-02-11 02:34:36,882 - INFO - Epoch [20/130] Train Loss: 0.7609, Train Acc: 68.39%, Val Loss: 0.7686, Val Acc: 69.55%
2026-02-11 02:34:36,935 - INFO - Checkpoint saved at epoch 20
2026-02-11 02:34:59,408 - INFO - Epoch [21] Batch [0/35]                     Loss: 0.4955, Hard: 0.6521, Soft: -0.1566                     Acc: 75.00% LR: 0.000471                     Alpha: 0.5744425058364868                     Beta: -0.4156471788883209                     MemKD: 0.49763792753219604
2026-02-11 02:35:02,490 - INFO - Epoch [21] Batch [20/35]                     Loss: 0.1703, Hard: 0.4136, Soft: -0.2433                     Acc: 71.13% LR: 0.000471                     Alpha: 0.5744425058364868                     Beta: -0.4268394410610199                     MemKD: 0.4946976602077484
2026-02-11 02:35:31,067 - INFO - Epoch [21/130] Train Loss: 0.6381, Train Acc: 71.43%, Val Loss: 0.9621, Val Acc: 61.44%
2026-02-11 02:35:51,921 - INFO - Epoch [22] Batch [0/35]                     Loss: 1.2774, Hard: 1.2855, Soft: -0.0080                     Acc: 37.50% LR: 0.000468                     Alpha: 0.5744425058364868                     Beta: -0.4354665279388428                     MemKD: 0.49219751358032227
2026-02-11 02:35:55,119 - INFO - Epoch [22] Batch [20/35]                     Loss: 0.6236, Hard: 0.7772, Soft: -0.1537                     Acc: 71.43% LR: 0.000468                     Alpha: 0.5744425058364868                     Beta: -0.4467500150203705                     MemKD: 0.48898249864578247
2026-02-11 02:36:24,211 - INFO - Epoch [22/130] Train Loss: 0.6803, Train Acc: 70.36%, Val Loss: 0.6544, Val Acc: 75.93%
2026-02-11 02:36:24,212 - INFO - Best model saved with accuracy: 75.93%
2026-02-11 02:36:47,482 - INFO - Epoch [23] Batch [0/35]                     Loss: 0.5305, Hard: 0.7185, Soft: -0.1881                     Acc: 81.25% LR: 0.000465                     Alpha: 0.5744425058364868                     Beta: -0.4550962746143341                     MemKD: 0.48660075664520264
2026-02-11 02:36:51,262 - INFO - Epoch [23] Batch [20/35]                     Loss: 0.5311, Hard: 0.7230, Soft: -0.1919                     Acc: 72.32% LR: 0.000465                     Alpha: 0.5744425058364868                     Beta: -0.4662654399871826                     MemKD: 0.48335129022598267
2026-02-11 02:37:20,864 - INFO - Epoch [23/130] Train Loss: 0.5732, Train Acc: 71.25%, Val Loss: 0.9177, Val Acc: 65.29%
2026-02-11 02:37:43,868 - INFO - Epoch [24] Batch [0/35]                     Loss: 0.3675, Hard: 0.5796, Soft: -0.2122                     Acc: 75.00% LR: 0.000462                     Alpha: 0.5744425058364868                     Beta: -0.4747701585292816                     MemKD: 0.4807489812374115
2026-02-11 02:37:47,570 - INFO - Epoch [24] Batch [20/35]                     Loss: 0.1779, Hard: 0.4506, Soft: -0.2727                     Acc: 72.92% LR: 0.000462                     Alpha: 0.5744425058364868                     Beta: -0.4861385226249695                     MemKD: 0.47713860869407654
2026-02-11 02:38:13,990 - INFO - Epoch [24/130] Train Loss: 0.5346, Train Acc: 72.86%, Val Loss: 0.7443, Val Acc: 72.61%
2026-02-11 02:38:36,038 - INFO - Epoch [25] Batch [0/35]                     Loss: 0.7703, Hard: 0.9161, Soft: -0.1457                     Acc: 62.50% LR: 0.000459                     Alpha: 0.5744425058364868                     Beta: -0.49464213848114014                     MemKD: 0.47445499897003174
2026-02-11 02:38:39,795 - INFO - Epoch [25] Batch [20/35]                     Loss: 0.0035, Hard: 0.3352, Soft: -0.3317                     Acc: 70.54% LR: 0.000459                     Alpha: 0.5744425058364868                     Beta: -0.5058489441871643                     MemKD: 0.4708738327026367
2026-02-11 02:39:09,454 - INFO - Epoch [25/130] Train Loss: 0.5616, Train Acc: 68.93%, Val Loss: 0.6291, Val Acc: 76.73%
2026-02-11 02:39:09,455 - INFO - Best model saved with accuracy: 76.73%
2026-02-11 02:39:33,300 - INFO - Epoch [26] Batch [0/35]                     Loss: 0.1572, Hard: 0.4769, Soft: -0.3197                     Acc: 81.25% LR: 0.000456                     Alpha: 0.5744425058364868                     Beta: -0.5141875743865967                     MemKD: 0.46826136112213135
2026-02-11 02:39:37,048 - INFO - Epoch [26] Batch [20/35]                     Loss: 0.6662, Hard: 0.8656, Soft: -0.1995                     Acc: 77.08% LR: 0.000456                     Alpha: 0.5744425058364868                     Beta: -0.5253334641456604                     MemKD: 0.4647325277328491
2026-02-11 02:40:05,164 - INFO - Epoch [26/130] Train Loss: 0.4654, Train Acc: 75.71%, Val Loss: 0.7229, Val Acc: 71.94%
2026-02-11 02:40:26,722 - INFO - Epoch [27] Batch [0/35]                     Loss: 0.1290, Hard: 0.4506, Soft: -0.3216                     Acc: 87.50% LR: 0.000452                     Alpha: 0.5744425058364868                     Beta: -0.5336700677871704                     MemKD: 0.46207669377326965
2026-02-11 02:40:29,753 - INFO - Epoch [27] Batch [20/35]                     Loss: 0.0893, Hard: 0.4376, Soft: -0.3483                     Acc: 72.62% LR: 0.000452                     Alpha: 0.5744425058364868                     Beta: -0.544842004776001                     MemKD: 0.4584442377090454
2026-02-11 02:40:57,676 - INFO - Epoch [27/130] Train Loss: 0.4637, Train Acc: 72.14%, Val Loss: 0.6420, Val Acc: 73.94%
2026-02-11 02:41:20,985 - INFO - Epoch [28] Batch [0/35]                     Loss: 0.8235, Hard: 0.9563, Soft: -0.1328                     Acc: 68.75% LR: 0.000449                     Alpha: 0.5744425058364868                     Beta: -0.55317622423172                     MemKD: 0.4557248651981354
2026-02-11 02:41:24,755 - INFO - Epoch [28] Batch [20/35]                     Loss: 0.3461, Hard: 0.6359, Soft: -0.2898                     Acc: 74.70% LR: 0.000449                     Alpha: 0.5744425058364868                     Beta: -0.5639684796333313                     MemKD: 0.4523523449897766
2026-02-11 02:41:54,081 - INFO - Epoch [28/130] Train Loss: 0.3967, Train Acc: 74.11%, Val Loss: 0.6308, Val Acc: 74.47%
2026-02-11 02:42:17,896 - INFO - Epoch [29] Batch [0/35]                     Loss: 0.3065, Hard: 0.6139, Soft: -0.3074                     Acc: 75.00% LR: 0.000445                     Alpha: 0.5744425058364868                     Beta: -0.5723475813865662                     MemKD: 0.4495847821235657
2026-02-11 02:42:20,957 - INFO - Epoch [29] Batch [20/35]                     Loss: 0.4753, Hard: 0.7181, Soft: -0.2427                     Acc: 72.62% LR: 0.000445                     Alpha: 0.5744425058364868                     Beta: -0.583221971988678                     MemKD: 0.4461217224597931
2026-02-11 02:42:49,500 - INFO - Epoch [29/130] Train Loss: 0.3981, Train Acc: 72.86%, Val Loss: 0.7980, Val Acc: 71.41%
2026-02-11 02:43:12,423 - INFO - Epoch [30] Batch [0/35]                     Loss: 0.5307, Hard: 0.7644, Soft: -0.2337                     Acc: 68.75% LR: 0.000441                     Alpha: 0.5744425058364868                     Beta: -0.591428279876709                     MemKD: 0.44348016381263733
2026-02-11 02:43:16,326 - INFO - Epoch [30] Batch [20/35]                     Loss: 0.8547, Hard: 1.0159, Soft: -0.1612                     Acc: 77.08% LR: 0.000441                     Alpha: 0.5744425058364868                     Beta: -0.6024477481842041                     MemKD: 0.43989622592926025
2026-02-11 02:43:44,612 - INFO - Epoch [30/130] Train Loss: 0.3879, Train Acc: 75.00%, Val Loss: 0.7690, Val Acc: 68.75%
2026-02-11 02:43:44,670 - INFO - Checkpoint saved at epoch 30
2026-02-11 02:44:07,364 - INFO - Epoch [31] Batch [0/35]                     Loss: 0.3431, Hard: 0.6601, Soft: -0.3170                     Acc: 75.00% LR: 0.000437                     Alpha: 0.5744425058364868                     Beta: -0.6105518937110901                     MemKD: 0.43732085824012756
2026-02-11 02:44:11,107 - INFO - Epoch [31] Batch [20/35]                     Loss: 0.0644, Hard: 0.4500, Soft: -0.3857                     Acc: 75.89% LR: 0.000437                     Alpha: 0.5744425058364868                     Beta: -0.621234655380249                     MemKD: 0.433941125869751
2026-02-11 02:44:41,127 - INFO - Epoch [31/130] Train Loss: 0.3147, Train Acc: 75.36%, Val Loss: 0.5893, Val Acc: 76.86%
2026-02-11 02:44:41,128 - INFO - Best model saved with accuracy: 76.86%
2026-02-11 02:45:04,560 - INFO - Epoch [32] Batch [0/35]                     Loss: 0.3215, Hard: 0.6222, Soft: -0.3006                     Acc: 75.00% LR: 0.000433                     Alpha: 0.5744425058364868                     Beta: -0.6293874382972717                     MemKD: 0.43133577704429626
2026-02-11 02:45:07,843 - INFO - Epoch [32] Batch [20/35]                     Loss: 0.0866, Hard: 0.4815, Soft: -0.3949                     Acc: 73.51% LR: 0.000433                     Alpha: 0.5744425058364868                     Beta: -0.6402244567871094                     MemKD: 0.4278573989868164
2026-02-11 02:45:35,548 - INFO - Epoch [32/130] Train Loss: 0.2994, Train Acc: 75.00%, Val Loss: 0.7609, Val Acc: 71.68%
2026-02-11 02:45:58,537 - INFO - Epoch [33] Batch [0/35]                     Loss: -0.0474, Hard: 0.4010, Soft: -0.4484                     Acc: 93.75% LR: 0.000429                     Alpha: 0.5744425058364868                     Beta: -0.6483289003372192                     MemKD: 0.42529237270355225
2026-02-11 02:46:02,308 - INFO - Epoch [33] Batch [20/35]                     Loss: 0.5015, Hard: 0.8196, Soft: -0.3180                     Acc: 73.51% LR: 0.000429                     Alpha: 0.5744425058364868                     Beta: -0.6587861180305481                     MemKD: 0.4220162630081177
2026-02-11 02:46:31,220 - INFO - Epoch [33/130] Train Loss: 0.3462, Train Acc: 73.93%, Val Loss: 0.7199, Val Acc: 72.21%
2026-02-11 02:46:53,898 - INFO - Epoch [34] Batch [0/35]                     Loss: 0.2698, Hard: 0.6846, Soft: -0.4148                     Acc: 81.25% LR: 0.000425                     Alpha: 0.5744425058364868                     Beta: -0.6663254499435425                     MemKD: 0.41976091265678406
2026-02-11 02:46:56,918 - INFO - Epoch [34] Batch [20/35]                     Loss: 0.2675, Hard: 0.6588, Soft: -0.3913                     Acc: 77.68% LR: 0.000425                     Alpha: 0.5744425058364868                     Beta: -0.676753580570221                     MemKD: 0.41649898886680603
2026-02-11 02:47:25,427 - INFO - Epoch [34/130] Train Loss: 0.3143, Train Acc: 76.61%, Val Loss: 0.7835, Val Acc: 68.35%
2026-02-11 02:47:47,195 - INFO - Epoch [35] Batch [0/35]                     Loss: 0.9660, Hard: 1.0914, Soft: -0.1254                     Acc: 62.50% LR: 0.000420                     Alpha: 0.5744425058364868                     Beta: -0.6842854022979736                     MemKD: 0.41426214575767517
2026-02-11 02:47:50,826 - INFO - Epoch [35] Batch [20/35]                     Loss: 0.0491, Hard: 0.4598, Soft: -0.4106                     Acc: 73.51% LR: 0.000420                     Alpha: 0.5744425058364868                     Beta: -0.6941483616828918                     MemKD: 0.4113400876522064
2026-02-11 02:48:20,193 - INFO - Epoch [35/130] Train Loss: 0.2768, Train Acc: 75.89%, Val Loss: 0.8899, Val Acc: 71.68%
2026-02-11 02:48:43,304 - INFO - Epoch [36] Batch [0/35]                     Loss: 0.0381, Hard: 0.4952, Soft: -0.4571                     Acc: 68.75% LR: 0.000416                     Alpha: 0.5744425058364868                     Beta: -0.7018271684646606                     MemKD: 0.40898796916007996
2026-02-11 02:48:46,922 - INFO - Epoch [36] Batch [20/35]                     Loss: 0.3802, Hard: 0.7813, Soft: -0.4011                     Acc: 75.30% LR: 0.000416                     Alpha: 0.5744425058364868                     Beta: -0.7121788859367371                     MemKD: 0.4057791233062744
2026-02-11 02:49:15,742 - INFO - Epoch [36/130] Train Loss: 0.1917, Train Acc: 75.00%, Val Loss: 0.6760, Val Acc: 74.20%
2026-02-11 02:49:37,949 - INFO - Epoch [37] Batch [0/35]                     Loss: -0.2588, Hard: 0.3116, Soft: -0.5704                     Acc: 93.75% LR: 0.000411                     Alpha: 0.5744425058364868                     Beta: -0.7198891639709473                     MemKD: 0.40341708064079285
2026-02-11 02:49:41,721 - INFO - Epoch [37] Batch [20/35]                     Loss: 0.0906, Hard: 0.5498, Soft: -0.4592                     Acc: 79.17% LR: 0.000411                     Alpha: 0.5744425058364868                     Beta: -0.7303040623664856                     MemKD: 0.4001924991607666
2026-02-11 02:50:08,499 - INFO - Epoch [37/130] Train Loss: 0.0632, Train Acc: 79.46%, Val Loss: 0.5624, Val Acc: 78.72%
2026-02-11 02:50:08,500 - INFO - Best model saved with accuracy: 78.72%
2026-02-11 02:50:29,584 - INFO - Epoch [38] Batch [0/35]                     Loss: -0.2051, Hard: 0.3131, Soft: -0.5182                     Acc: 100.00% LR: 0.000407                     Alpha: 0.5744425058364868                     Beta: -0.7381393313407898                     MemKD: 0.3977380692958832
2026-02-11 02:50:33,356 - INFO - Epoch [38] Batch [20/35]                     Loss: 0.5087, Hard: 0.8376, Soft: -0.3289                     Acc: 82.74% LR: 0.000407                     Alpha: 0.5744425058364868                     Beta: -0.7484979033470154                     MemKD: 0.3945077061653137
2026-02-11 02:51:02,828 - INFO - Epoch [38/130] Train Loss: 0.0796, Train Acc: 80.00%, Val Loss: 0.8213, Val Acc: 69.81%
2026-02-11 02:51:26,003 - INFO - Epoch [39] Batch [0/35]                     Loss: 0.2843, Hard: 0.6720, Soft: -0.3877                     Acc: 81.25% LR: 0.000402                     Alpha: 0.5744425058364868                     Beta: -0.7559109926223755                     MemKD: 0.3923019468784332
2026-02-11 02:51:29,108 - INFO - Epoch [39] Batch [20/35]                     Loss: -0.1599, Hard: 0.3931, Soft: -0.5530                     Acc: 81.55% LR: 0.000402                     Alpha: 0.5744425058364868                     Beta: -0.7658756971359253                     MemKD: 0.38931843638420105
2026-02-11 02:51:57,030 - INFO - Epoch [39/130] Train Loss: 0.0359, Train Acc: 80.36%, Val Loss: 0.4996, Val Acc: 81.91%
2026-02-11 02:51:57,031 - INFO - Best model saved with accuracy: 81.91%
2026-02-11 02:52:19,392 - INFO - Epoch [40] Batch [0/35]                     Loss: -0.1648, Hard: 0.4149, Soft: -0.5798                     Acc: 93.75% LR: 0.000397                     Alpha: 0.5744425058364868                     Beta: -0.7734230756759644                     MemKD: 0.38705775141716003
2026-02-11 02:52:22,555 - INFO - Epoch [40] Batch [20/35]                     Loss: -0.2708, Hard: 0.3410, Soft: -0.6118                     Acc: 79.46% LR: 0.000397                     Alpha: 0.5744425058364868                     Beta: -0.7832354307174683                     MemKD: 0.3841521739959717
2026-02-11 02:52:50,839 - INFO - Epoch [40/130] Train Loss: 0.0783, Train Acc: 77.86%, Val Loss: 0.8015, Val Acc: 74.20%
2026-02-11 02:52:50,895 - INFO - Checkpoint saved at epoch 40
2026-02-11 02:53:13,629 - INFO - Epoch [41] Batch [0/35]                     Loss: -0.2502, Hard: 0.3373, Soft: -0.5875                     Acc: 87.50% LR: 0.000392                     Alpha: 0.5744425058364868                     Beta: -0.7904873490333557                     MemKD: 0.3820545971393585
2026-02-11 02:53:17,243 - INFO - Epoch [41] Batch [20/35]                     Loss: -0.0858, Hard: 0.4477, Soft: -0.5335                     Acc: 78.87% LR: 0.000392                     Alpha: 0.5744425058364868                     Beta: -0.8000655174255371                     MemKD: 0.37928375601768494
2026-02-11 02:53:44,902 - INFO - Epoch [41/130] Train Loss: -0.0125, Train Acc: 79.82%, Val Loss: 0.5373, Val Acc: 80.19%
2026-02-11 02:54:06,482 - INFO - Epoch [42] Batch [0/35]                     Loss: 0.0623, Hard: 0.6270, Soft: -0.5647                     Acc: 75.00% LR: 0.000387                     Alpha: 0.5744425058364868                     Beta: -0.807371973991394                     MemKD: 0.3771436810493469
2026-02-11 02:54:10,290 - INFO - Epoch [42] Batch [20/35]                     Loss: 0.4046, Hard: 0.8305, Soft: -0.4259                     Acc: 82.14% LR: 0.000387                     Alpha: 0.5744425058364868                     Beta: -0.8171316981315613                     MemKD: 0.37428122758865356
2026-02-11 02:54:36,862 - INFO - Epoch [42/130] Train Loss: -0.1038, Train Acc: 81.96%, Val Loss: 0.6282, Val Acc: 76.86%
2026-02-11 02:54:59,206 - INFO - Epoch [43] Batch [0/35]                     Loss: -0.4137, Hard: 0.3140, Soft: -0.7277                     Acc: 87.50% LR: 0.000382                     Alpha: 0.5744425058364868                     Beta: -0.8244116306304932                     MemKD: 0.3721751272678375
2026-02-11 02:55:02,859 - INFO - Epoch [43] Batch [20/35]                     Loss: -0.1478, Hard: 0.4715, Soft: -0.6193                     Acc: 80.65% LR: 0.000382                     Alpha: 0.5744425058364868                     Beta: -0.8339641094207764                     MemKD: 0.3694271147251129
2026-02-11 02:55:31,300 - INFO - Epoch [43/130] Train Loss: -0.1504, Train Acc: 82.14%, Val Loss: 0.7747, Val Acc: 71.94%
2026-02-11 02:55:53,761 - INFO - Epoch [44] Batch [0/35]                     Loss: -0.2399, Hard: 0.4139, Soft: -0.6539                     Acc: 87.50% LR: 0.000377                     Alpha: 0.5744425058364868                     Beta: -0.8412023186683655                     MemKD: 0.3673417866230011
2026-02-11 02:55:57,701 - INFO - Epoch [44] Batch [20/35]                     Loss: -0.3069, Hard: 0.3481, Soft: -0.6550                     Acc: 83.93% LR: 0.000377                     Alpha: 0.5744425058364868                     Beta: -0.8507018089294434                     MemKD: 0.36462563276290894
2026-02-11 02:56:26,607 - INFO - Epoch [44/130] Train Loss: -0.1089, Train Acc: 82.50%, Val Loss: 0.5099, Val Acc: 81.65%
2026-02-11 02:56:48,576 - INFO - Epoch [45] Batch [0/35]                     Loss: -0.0830, Hard: 0.5247, Soft: -0.6077                     Acc: 87.50% LR: 0.000371                     Alpha: 0.5744425058364868                     Beta: -0.8576259016990662                     MemKD: 0.3627055883407593
2026-02-11 02:56:51,724 - INFO - Epoch [45] Batch [20/35]                     Loss: 0.1108, Hard: 0.6650, Soft: -0.5542                     Acc: 83.33% LR: 0.000371                     Alpha: 0.5744425058364868                     Beta: -0.8668857216835022                     MemKD: 0.36009687185287476
2026-02-11 02:57:18,914 - INFO - Epoch [45/130] Train Loss: -0.1296, Train Acc: 81.61%, Val Loss: 0.4948, Val Acc: 82.05%
2026-02-11 02:57:18,914 - INFO - Best model saved with accuracy: 82.05%
2026-02-11 02:57:41,147 - INFO - Epoch [46] Batch [0/35]                     Loss: 0.1608, Hard: 0.7737, Soft: -0.6129                     Acc: 68.75% LR: 0.000366                     Alpha: 0.5744425058364868                     Beta: -0.8736500144004822                     MemKD: 0.3582365810871124
2026-02-11 02:57:44,951 - INFO - Epoch [46] Batch [20/35]                     Loss: -0.2518, Hard: 0.4754, Soft: -0.7272                     Acc: 79.76% LR: 0.000366                     Alpha: 0.5744425058364868                     Beta: -0.882522702217102                     MemKD: 0.3558240830898285
2026-02-11 02:58:14,379 - INFO - Epoch [46/130] Train Loss: -0.1565, Train Acc: 79.64%, Val Loss: 0.5537, Val Acc: 77.39%
2026-02-11 02:58:37,517 - INFO - Epoch [47] Batch [0/35]                     Loss: -0.1641, Hard: 0.4942, Soft: -0.6583                     Acc: 75.00% LR: 0.000361                     Alpha: 0.5744425058364868                     Beta: -0.8894357085227966                     MemKD: 0.3539053201675415
2026-02-11 02:58:40,858 - INFO - Epoch [47] Batch [20/35]                     Loss: 0.4955, Hard: 1.0082, Soft: -0.5127                     Acc: 82.44% LR: 0.000361                     Alpha: 0.5744425058364868                     Beta: -0.8982535004615784                     MemKD: 0.35149946808815
2026-02-11 02:59:09,041 - INFO - Epoch [47/130] Train Loss: -0.2280, Train Acc: 82.86%, Val Loss: 0.7198, Val Acc: 71.01%
2026-02-11 02:59:30,232 - INFO - Epoch [48] Batch [0/35]                     Loss: 0.2696, Hard: 0.7940, Soft: -0.5244                     Acc: 75.00% LR: 0.000355                     Alpha: 0.5744425058364868                     Beta: -0.9049844741821289                     MemKD: 0.3496641218662262
2026-02-11 02:59:33,956 - INFO - Epoch [48] Batch [20/35]                     Loss: -0.6347, Hard: 0.2005, Soft: -0.8352                     Acc: 81.85% LR: 0.000355                     Alpha: 0.5744425058364868                     Beta: -0.9135578870773315                     MemKD: 0.3473764955997467
2026-02-11 03:00:01,949 - INFO - Epoch [48/130] Train Loss: -0.1467, Train Acc: 81.25%, Val Loss: 0.5930, Val Acc: 78.19%
2026-02-11 03:00:24,820 - INFO - Epoch [49] Batch [0/35]                     Loss: -0.4711, Hard: 0.3204, Soft: -0.7915                     Acc: 93.75% LR: 0.000350                     Alpha: 0.5744425058364868                     Beta: -0.9200025200843811                     MemKD: 0.345661461353302
2026-02-11 03:00:28,706 - INFO - Epoch [49] Batch [20/35]                     Loss: -0.1003, Hard: 0.5574, Soft: -0.6577                     Acc: 80.95% LR: 0.000350                     Alpha: 0.5744425058364868                     Beta: -0.9285138845443726                     MemKD: 0.34339606761932373
2026-02-11 03:00:57,641 - INFO - Epoch [49/130] Train Loss: -0.2006, Train Acc: 82.86%, Val Loss: 0.4674, Val Acc: 82.18%
2026-02-11 03:00:57,642 - INFO - Best model saved with accuracy: 82.18%
2026-02-11 03:01:20,585 - INFO - Epoch [50] Batch [0/35]                     Loss: -0.3086, Hard: 0.4657, Soft: -0.7743                     Acc: 93.75% LR: 0.000344                     Alpha: 0.5744425058364868                     Beta: -0.9347531199455261                     MemKD: 0.34176164865493774
2026-02-11 03:01:24,265 - INFO - Epoch [50] Batch [20/35]                     Loss: -0.4091, Hard: 0.3861, Soft: -0.7952                     Acc: 82.74% LR: 0.000344                     Alpha: 0.5744425058364868                     Beta: -0.943022608757019                     MemKD: 0.33959832787513733
2026-02-11 03:01:52,317 - INFO - Epoch [50/130] Train Loss: -0.2308, Train Acc: 82.86%, Val Loss: 0.6141, Val Acc: 77.79%
2026-02-11 03:01:52,363 - INFO - Checkpoint saved at epoch 50
2026-02-11 03:02:15,070 - INFO - Epoch [51] Batch [0/35]                     Loss: -0.0071, Hard: 0.6884, Soft: -0.6956                     Acc: 81.25% LR: 0.000339                     Alpha: 0.5744425058364868                     Beta: -0.9493929743766785                     MemKD: 0.3379193842411041
2026-02-11 03:02:18,755 - INFO - Epoch [51] Batch [20/35]                     Loss: -0.3564, Hard: 0.4452, Soft: -0.8016                     Acc: 82.74% LR: 0.000339                     Alpha: 0.5744425058364868                     Beta: -0.9577179551124573                     MemKD: 0.33574801683425903
2026-02-11 03:02:46,705 - INFO - Epoch [51/130] Train Loss: -0.3246, Train Acc: 83.57%, Val Loss: 0.5281, Val Acc: 79.26%
2026-02-11 03:03:09,698 - INFO - Epoch [52] Batch [0/35]                     Loss: -0.1455, Hard: 0.5556, Soft: -0.7010                     Acc: 81.25% LR: 0.000333                     Alpha: 0.5744425058364868                     Beta: -0.9639976024627686                     MemKD: 0.3341093063354492
2026-02-11 03:03:13,584 - INFO - Epoch [52] Batch [20/35]                     Loss: -0.4510, Hard: 0.3538, Soft: -0.8047                     Acc: 78.87% LR: 0.000333                     Alpha: 0.5744425058364868                     Beta: -0.9720178842544556                     MemKD: 0.33206093311309814
2026-02-11 03:03:42,035 - INFO - Epoch [52/130] Train Loss: -0.2257, Train Acc: 78.39%, Val Loss: 0.4821, Val Acc: 81.91%
2026-02-11 03:04:04,481 - INFO - Epoch [53] Batch [0/35]                     Loss: -0.6652, Hard: 0.2385, Soft: -0.9036                     Acc: 93.75% LR: 0.000327                     Alpha: 0.5744425058364868                     Beta: -0.9779649972915649                     MemKD: 0.33056020736694336
2026-02-11 03:04:07,573 - INFO - Epoch [53] Batch [20/35]                     Loss: -0.5944, Hard: 0.2760, Soft: -0.8705                     Acc: 85.12% LR: 0.000327                     Alpha: 0.5744425058364868                     Beta: -0.9860043525695801                     MemKD: 0.32850369811058044
2026-02-11 03:04:34,579 - INFO - Epoch [53/130] Train Loss: -0.3939, Train Acc: 83.93%, Val Loss: 0.8746, Val Acc: 71.41%
2026-02-11 03:04:57,822 - INFO - Epoch [54] Batch [0/35]                     Loss: 0.0416, Hard: 0.7458, Soft: -0.7042                     Acc: 75.00% LR: 0.000321                     Alpha: 0.5744425058364868                     Beta: -0.9920060634613037                     MemKD: 0.32697629928588867
2026-02-11 03:05:01,556 - INFO - Epoch [54] Batch [20/35]                     Loss: -0.6063, Hard: 0.2945, Soft: -0.9008                     Acc: 85.12% LR: 0.000321                     Alpha: 0.5744425058364868                     Beta: -0.9998432993888855                     MemKD: 0.32498693466186523
2026-02-11 03:05:30,391 - INFO - Epoch [54/130] Train Loss: -0.4162, Train Acc: 84.64%, Val Loss: 0.6477, Val Acc: 77.13%
2026-02-11 03:05:54,418 - INFO - Epoch [55] Batch [0/35]                     Loss: -0.3325, Hard: 0.5035, Soft: -0.8360                     Acc: 81.25% LR: 0.000316                     Alpha: 0.5744425058364868                     Beta: -1.0057176351547241                     MemKD: 0.3234962522983551
2026-02-11 03:05:57,650 - INFO - Epoch [55] Batch [20/35]                     Loss: -0.5022, Hard: 0.3466, Soft: -0.8488                     Acc: 82.14% LR: 0.000316                     Alpha: 0.5744425058364868                     Beta: -1.0133745670318604                     MemKD: 0.32157328724861145
2026-02-11 03:06:25,965 - INFO - Epoch [55/130] Train Loss: -0.4001, Train Acc: 82.50%, Val Loss: 0.5437, Val Acc: 79.79%
2026-02-11 03:06:46,991 - INFO - Epoch [56] Batch [0/35]                     Loss: -0.3665, Hard: 0.4635, Soft: -0.8301                     Acc: 87.50% LR: 0.000310                     Alpha: 0.5744425058364868                     Beta: -1.0191148519515991                     MemKD: 0.3201373815536499
2026-02-11 03:06:50,724 - INFO - Epoch [56] Batch [20/35]                     Loss: -0.6198, Hard: 0.2793, Soft: -0.8992                     Acc: 80.36% LR: 0.000310                     Alpha: 0.5744425058364868                     Beta: -1.0264031887054443                     MemKD: 0.3183446526527405
2026-02-11 03:07:19,416 - INFO - Epoch [56/130] Train Loss: -0.3729, Train Acc: 82.32%, Val Loss: 0.4457, Val Acc: 84.04%
2026-02-11 03:07:19,417 - INFO - Best model saved with accuracy: 84.04%
2026-02-11 03:07:41,706 - INFO - Epoch [57] Batch [0/35]                     Loss: -0.1716, Hard: 0.6240, Soft: -0.7956                     Acc: 81.25% LR: 0.000304                     Alpha: 0.5744425058364868                     Beta: -1.031935453414917                     MemKD: 0.31698617339134216
2026-02-11 03:07:45,619 - INFO - Epoch [57] Batch [20/35]                     Loss: -0.5545, Hard: 0.4057, Soft: -0.9602                     Acc: 85.12% LR: 0.000304                     Alpha: 0.5744425058364868                     Beta: -1.039160132408142                     MemKD: 0.31522494554519653
2026-02-11 03:08:13,568 - INFO - Epoch [57/130] Train Loss: -0.4265, Train Acc: 83.04%, Val Loss: 1.0447, Val Acc: 62.77%
2026-02-11 03:08:36,097 - INFO - Epoch [58] Batch [0/35]                     Loss: -0.4217, Hard: 0.4916, Soft: -0.9133                     Acc: 81.25% LR: 0.000298                     Alpha: 0.5744425058364868                     Beta: -1.0446676015853882                     MemKD: 0.31388184428215027
2026-02-11 03:08:39,240 - INFO - Epoch [58] Batch [20/35]                     Loss: -0.8558, Hard: 0.2283, Soft: -1.0841                     Acc: 84.52% LR: 0.000298                     Alpha: 0.5744425058364868                     Beta: -1.0517297983169556                     MemKD: 0.31217440962791443
2026-02-11 03:09:07,185 - INFO - Epoch [58/130] Train Loss: -0.3823, Train Acc: 83.21%, Val Loss: 0.4114, Val Acc: 85.24%
2026-02-11 03:09:07,186 - INFO - Best model saved with accuracy: 85.24%
2026-02-11 03:09:30,134 - INFO - Epoch [59] Batch [0/35]                     Loss: -0.7904, Hard: 0.2373, Soft: -1.0278                     Acc: 93.75% LR: 0.000292                     Alpha: 0.5744425058364868                     Beta: -1.0569666624069214                     MemKD: 0.3109186291694641
2026-02-11 03:09:33,841 - INFO - Epoch [59] Batch [20/35]                     Loss: -0.6849, Hard: 0.2981, Soft: -0.9831                     Acc: 85.42% LR: 0.000292                     Alpha: 0.5744425058364868                     Beta: -1.0639156103134155                     MemKD: 0.30924519896507263
2026-02-11 03:10:03,053 - INFO - Epoch [59/130] Train Loss: -0.5409, Train Acc: 85.00%, Val Loss: 0.5096, Val Acc: 82.05%
2026-02-11 03:10:25,674 - INFO - Epoch [60] Batch [0/35]                     Loss: -0.3508, Hard: 0.5058, Soft: -0.8566                     Acc: 75.00% LR: 0.000286                     Alpha: 0.5744425058364868                     Beta: -1.0691806077957153                     MemKD: 0.3079797923564911
2026-02-11 03:10:28,749 - INFO - Epoch [60] Batch [20/35]                     Loss: -0.7976, Hard: 0.2178, Soft: -1.0154                     Acc: 83.33% LR: 0.000286                     Alpha: 0.5744425058364868                     Beta: -1.0758750438690186                     MemKD: 0.30640101432800293
2026-02-11 03:10:58,758 - INFO - Epoch [60/130] Train Loss: -0.4336, Train Acc: 82.14%, Val Loss: 0.5366, Val Acc: 79.39%
2026-02-11 03:10:58,822 - INFO - Checkpoint saved at epoch 60
2026-02-11 03:11:21,337 - INFO - Epoch [61] Batch [0/35]                     Loss: 0.0598, Hard: 0.7957, Soft: -0.7358                     Acc: 68.75% LR: 0.000280                     Alpha: 0.5744425058364868                     Beta: -1.080960750579834                     MemKD: 0.30519771575927734
2026-02-11 03:11:25,217 - INFO - Epoch [61] Batch [20/35]                     Loss: -0.3850, Hard: 0.4851, Soft: -0.8702                     Acc: 81.85% LR: 0.000280                     Alpha: 0.5744425058364868                     Beta: -1.0874322652816772                     MemKD: 0.3036916255950928
2026-02-11 03:11:54,190 - INFO - Epoch [61/130] Train Loss: -0.4242, Train Acc: 81.96%, Val Loss: 0.4937, Val Acc: 83.24%
2026-02-11 03:12:17,582 - INFO - Epoch [62] Batch [0/35]                     Loss: -0.8458, Hard: 0.2269, Soft: -1.0728                     Acc: 100.00% LR: 0.000274                     Alpha: 0.5744425058364868                     Beta: -1.0922116041183472                     MemKD: 0.3025907278060913
2026-02-11 03:12:21,258 - INFO - Epoch [62] Batch [20/35]                     Loss: -0.4815, Hard: 0.5158, Soft: -0.9974                     Acc: 85.71% LR: 0.000274                     Alpha: 0.5744425058364868                     Beta: -1.0986857414245605                     MemKD: 0.3010749816894531
2026-02-11 03:12:51,016 - INFO - Epoch [62/130] Train Loss: -0.5261, Train Acc: 85.18%, Val Loss: 0.4226, Val Acc: 84.04%
2026-02-11 03:13:13,466 - INFO - Epoch [63] Batch [0/35]                     Loss: -0.8145, Hard: 0.2901, Soft: -1.1045                     Acc: 93.75% LR: 0.000268                     Alpha: 0.5744425058364868                     Beta: -1.1035126447677612                     MemKD: 0.2999497056007385
2026-02-11 03:13:17,162 - INFO - Epoch [63] Batch [20/35]                     Loss: -0.8761, Hard: 0.2098, Soft: -1.0858                     Acc: 84.82% LR: 0.000268                     Alpha: 0.5744425058364868                     Beta: -1.109821081161499                     MemKD: 0.2984786033630371
2026-02-11 03:13:45,462 - INFO - Epoch [63/130] Train Loss: -0.5885, Train Acc: 84.46%, Val Loss: 0.4266, Val Acc: 84.31%
2026-02-11 03:14:08,420 - INFO - Epoch [64] Batch [0/35]                     Loss: -0.3972, Hard: 0.5122, Soft: -0.9094                     Acc: 81.25% LR: 0.000262                     Alpha: 0.5744425058364868                     Beta: -1.114632248878479                     MemKD: 0.29735705256462097
2026-02-11 03:14:12,147 - INFO - Epoch [64] Batch [20/35]                     Loss: -0.8108, Hard: 0.2486, Soft: -1.0594                     Acc: 84.23% LR: 0.000262                     Alpha: 0.5744425058364868                     Beta: -1.12077796459198                     MemKD: 0.2959447205066681
2026-02-11 03:14:41,655 - INFO - Epoch [64/130] Train Loss: -0.6075, Train Acc: 85.71%, Val Loss: 0.4719, Val Acc: 82.58%
2026-02-11 03:15:05,138 - INFO - Epoch [65] Batch [0/35]                     Loss: -0.9069, Hard: 0.2040, Soft: -1.1108                     Acc: 93.75% LR: 0.000256                     Alpha: 0.5744425058364868                     Beta: -1.1254301071166992                     MemKD: 0.29487308859825134
2026-02-11 03:15:08,338 - INFO - Epoch [65] Batch [20/35]                     Loss: -0.6243, Hard: 0.3740, Soft: -0.9983                     Acc: 86.31% LR: 0.000256                     Alpha: 0.5744425058364868                     Beta: -1.1314361095428467                     MemKD: 0.29349857568740845
2026-02-11 03:15:36,272 - INFO - Epoch [65/130] Train Loss: -0.6505, Train Acc: 85.54%, Val Loss: 0.5101, Val Acc: 80.72%
2026-02-11 03:15:57,268 - INFO - Epoch [66] Batch [0/35]                     Loss: -1.0051, Hard: 0.1628, Soft: -1.1679                     Acc: 100.00% LR: 0.000250                     Alpha: 0.5744425058364868                     Beta: -1.135993242263794                     MemKD: 0.29246237874031067
2026-02-11 03:16:00,402 - INFO - Epoch [66] Batch [20/35]                     Loss: -0.8054, Hard: 0.2918, Soft: -1.0971                     Acc: 84.23% LR: 0.000250                     Alpha: 0.5744425058364868                     Beta: -1.1418966054916382                     MemKD: 0.2911261022090912
2026-02-11 03:16:28,706 - INFO - Epoch [66/130] Train Loss: -0.6412, Train Acc: 84.29%, Val Loss: 0.5004, Val Acc: 80.59%
2026-02-11 03:16:52,397 - INFO - Epoch [67] Batch [0/35]                     Loss: -0.7855, Hard: 0.2794, Soft: -1.0649                     Acc: 87.50% LR: 0.000244                     Alpha: 0.5744425058364868                     Beta: -1.1462409496307373                     MemKD: 0.2901495695114136
2026-02-11 03:16:56,136 - INFO - Epoch [67] Batch [20/35]                     Loss: -0.9088, Hard: 0.2559, Soft: -1.1647                     Acc: 84.52% LR: 0.000244                     Alpha: 0.5744425058364868                     Beta: -1.1519355773925781                     MemKD: 0.2888708710670471
2026-02-11 03:17:25,317 - INFO - Epoch [67/130] Train Loss: -0.5906, Train Acc: 83.21%, Val Loss: 0.4739, Val Acc: 79.92%
2026-02-11 03:17:49,033 - INFO - Epoch [68] Batch [0/35]                     Loss: -0.6462, Hard: 0.3600, Soft: -1.0062                     Acc: 81.25% LR: 0.000238                     Alpha: 0.5744425058364868                     Beta: -1.1561123132705688                     MemKD: 0.2879442870616913
2026-02-11 03:17:52,711 - INFO - Epoch [68] Batch [20/35]                     Loss: -0.9496, Hard: 0.2093, Soft: -1.1589                     Acc: 83.63% LR: 0.000238                     Alpha: 0.5744425058364868                     Beta: -1.1616201400756836                     MemKD: 0.28672128915786743
2026-02-11 03:18:19,364 - INFO - Epoch [68/130] Train Loss: -0.5925, Train Acc: 81.96%, Val Loss: 0.4534, Val Acc: 83.24%
2026-02-11 03:18:42,075 - INFO - Epoch [69] Batch [0/35]                     Loss: -0.5247, Hard: 0.4844, Soft: -1.0091                     Acc: 75.00% LR: 0.000232                     Alpha: 0.5744425058364868                     Beta: -1.1656843423843384                     MemKD: 0.28583014011383057
2026-02-11 03:18:45,700 - INFO - Epoch [69] Batch [20/35]                     Loss: -0.2340, Hard: 0.6803, Soft: -0.9142                     Acc: 81.25% LR: 0.000232                     Alpha: 0.5744425058364868                     Beta: -1.1709295511245728                     MemKD: 0.2846854627132416
2026-02-11 03:19:14,965 - INFO - Epoch [69/130] Train Loss: -0.6175, Train Acc: 83.57%, Val Loss: 0.5089, Val Acc: 81.38%
2026-02-11 03:19:37,837 - INFO - Epoch [70] Batch [0/35]                     Loss: -0.4400, Hard: 0.6059, Soft: -1.0459                     Acc: 75.00% LR: 0.000226                     Alpha: 0.5744425058364868                     Beta: -1.174857497215271                     MemKD: 0.28383010625839233
2026-02-11 03:19:41,534 - INFO - Epoch [70] Batch [20/35]                     Loss: -0.4000, Hard: 0.5867, Soft: -0.9866                     Acc: 85.12% LR: 0.000226                     Alpha: 0.5744425058364868                     Beta: -1.1800390481948853                     MemKD: 0.2826940417289734
2026-02-11 03:20:10,871 - INFO - Epoch [70/130] Train Loss: -0.7822, Train Acc: 86.79%, Val Loss: 0.4063, Val Acc: 84.57%
2026-02-11 03:20:10,919 - INFO - Checkpoint saved at epoch 70
2026-02-11 03:20:32,652 - INFO - Epoch [71] Batch [0/35]                     Loss: -0.4151, Hard: 0.6137, Soft: -1.0288                     Acc: 75.00% LR: 0.000220                     Alpha: 0.5744425058364868                     Beta: -1.1840468645095825                     MemKD: 0.28180763125419617
2026-02-11 03:20:35,765 - INFO - Epoch [71] Batch [20/35]                     Loss: -0.6768, Hard: 0.4481, Soft: -1.1250                     Acc: 84.82% LR: 0.000220                     Alpha: 0.5744425058364868                     Beta: -1.1891915798187256                     MemKD: 0.28067705035209656
2026-02-11 03:21:03,777 - INFO - Epoch [71/130] Train Loss: -0.6925, Train Acc: 84.82%, Val Loss: 0.4756, Val Acc: 81.38%
2026-02-11 03:21:27,037 - INFO - Epoch [72] Batch [0/35]                     Loss: -0.6006, Hard: 0.4358, Soft: -1.0364                     Acc: 81.25% LR: 0.000214                     Alpha: 0.5744425058364868                     Beta: -1.1929384469985962                     MemKD: 0.2798672318458557
2026-02-11 03:21:30,899 - INFO - Epoch [72] Batch [20/35]                     Loss: -0.8216, Hard: 0.3673, Soft: -1.1889                     Acc: 84.23% LR: 0.000214                     Alpha: 0.5744425058364868                     Beta: -1.1977945566177368                     MemKD: 0.2788182199001312
2026-02-11 03:22:00,948 - INFO - Epoch [72/130] Train Loss: -0.7327, Train Acc: 84.64%, Val Loss: 0.4517, Val Acc: 83.78%
2026-02-11 03:22:24,609 - INFO - Epoch [73] Batch [0/35]                     Loss: -0.8551, Hard: 0.2806, Soft: -1.1357                     Acc: 87.50% LR: 0.000208                     Alpha: 0.5744425058364868                     Beta: -1.2015018463134766                     MemKD: 0.2780137360095978
2026-02-11 03:22:27,723 - INFO - Epoch [73] Batch [20/35]                     Loss: -0.6118, Hard: 0.4738, Soft: -1.0857                     Acc: 87.80% LR: 0.000208                     Alpha: 0.5744425058364868                     Beta: -1.2063311338424683                     MemKD: 0.27696681022644043
2026-02-11 03:22:56,152 - INFO - Epoch [73/130] Train Loss: -0.8384, Train Acc: 88.04%, Val Loss: 0.5028, Val Acc: 82.71%
2026-02-11 03:23:19,200 - INFO - Epoch [74] Batch [0/35]                     Loss: -1.0174, Hard: 0.1897, Soft: -1.2072                     Acc: 93.75% LR: 0.000202                     Alpha: 0.5744425058364868                     Beta: -1.2099944353103638                     MemKD: 0.2761729657649994
2026-02-11 03:23:22,840 - INFO - Epoch [74] Batch [20/35]                     Loss: -1.1784, Hard: 0.1513, Soft: -1.3297                     Acc: 85.42% LR: 0.000202                     Alpha: 0.5744425058364868                     Beta: -1.2146168947219849                     MemKD: 0.27518418431282043
2026-02-11 03:23:52,077 - INFO - Epoch [74/130] Train Loss: -0.8069, Train Acc: 86.07%, Val Loss: 0.4373, Val Acc: 84.97%
2026-02-11 03:24:14,778 - INFO - Epoch [75] Batch [0/35]                     Loss: -1.2059, Hard: 0.1283, Soft: -1.3342                     Acc: 93.75% LR: 0.000196                     Alpha: 0.5744425058364868                     Beta: -1.2181731462478638                     MemKD: 0.2744215130805969
2026-02-11 03:24:18,685 - INFO - Epoch [75] Batch [20/35]                     Loss: -0.8303, Hard: 0.3178, Soft: -1.1481                     Acc: 88.39% LR: 0.000196                     Alpha: 0.5744425058364868                     Beta: -1.222679853439331                     MemKD: 0.27346399426460266
2026-02-11 03:24:48,049 - INFO - Epoch [75/130] Train Loss: -0.8725, Train Acc: 90.00%, Val Loss: 0.4512, Val Acc: 83.11%
2026-02-11 03:25:11,548 - INFO - Epoch [76] Batch [0/35]                     Loss: -0.5910, Hard: 0.5095, Soft: -1.1004                     Acc: 75.00% LR: 0.000190                     Alpha: 0.5744425058364868                     Beta: -1.2260549068450928                     MemKD: 0.27274593710899353
2026-02-11 03:25:14,596 - INFO - Epoch [76] Batch [20/35]                     Loss: -1.2244, Hard: 0.1009, Soft: -1.3253                     Acc: 86.01% LR: 0.000190                     Alpha: 0.5744425058364868                     Beta: -1.2303930521011353                     MemKD: 0.27183011174201965
2026-02-11 03:25:42,716 - INFO - Epoch [76/130] Train Loss: -0.7946, Train Acc: 85.89%, Val Loss: 0.4452, Val Acc: 84.57%
2026-02-11 03:26:06,739 - INFO - Epoch [77] Batch [0/35]                     Loss: -0.8994, Hard: 0.3439, Soft: -1.2433                     Acc: 87.50% LR: 0.000184                     Alpha: 0.5744425058364868                     Beta: -1.2336653470993042                     MemKD: 0.27113786339759827
2026-02-11 03:26:10,651 - INFO - Epoch [77] Batch [20/35]                     Loss: -0.2184, Hard: 0.7251, Soft: -0.9435                     Acc: 86.01% LR: 0.000184                     Alpha: 0.5744425058364868                     Beta: -1.2378737926483154                     MemKD: 0.2702513039112091
2026-02-11 03:26:40,470 - INFO - Epoch [77/130] Train Loss: -0.8185, Train Acc: 87.14%, Val Loss: 0.7545, Val Acc: 73.94%
2026-02-11 03:27:04,043 - INFO - Epoch [78] Batch [0/35]                     Loss: -0.6703, Hard: 0.5303, Soft: -1.2005                     Acc: 81.25% LR: 0.000179                     Alpha: 0.5744425058364868                     Beta: -1.2410025596618652                     MemKD: 0.2695983648300171
2026-02-11 03:27:07,071 - INFO - Epoch [78] Batch [20/35]                     Loss: -0.5060, Hard: 0.5883, Soft: -1.0943                     Acc: 86.90% LR: 0.000179                     Alpha: 0.5744425058364868                     Beta: -1.2450453042984009                     MemKD: 0.2687573730945587
2026-02-11 03:27:35,612 - INFO - Epoch [78/130] Train Loss: -0.8898, Train Acc: 87.86%, Val Loss: 0.3671, Val Acc: 86.44%
2026-02-11 03:27:35,612 - INFO - Best model saved with accuracy: 86.44%
2026-02-11 03:27:57,515 - INFO - Epoch [79] Batch [0/35]                     Loss: -0.8086, Hard: 0.3875, Soft: -1.1961                     Acc: 81.25% LR: 0.000173                     Alpha: 0.5744425058364868                     Beta: -1.2481162548065186                     MemKD: 0.26811423897743225
2026-02-11 03:28:01,259 - INFO - Epoch [79] Batch [20/35]                     Loss: -1.0925, Hard: 0.2472, Soft: -1.3397                     Acc: 84.82% LR: 0.000173                     Alpha: 0.5744425058364868                     Beta: -1.2519893646240234                     MemKD: 0.26731377840042114
2026-02-11 03:28:31,601 - INFO - Epoch [79/130] Train Loss: -0.8624, Train Acc: 86.96%, Val Loss: 0.4636, Val Acc: 80.59%
2026-02-11 03:28:55,182 - INFO - Epoch [80] Batch [0/35]                     Loss: -0.9295, Hard: 0.3261, Soft: -1.2556                     Acc: 87.50% LR: 0.000167                     Alpha: 0.5744425058364868                     Beta: -1.2549418210983276                     MemKD: 0.26670151948928833
2026-02-11 03:28:58,879 - INFO - Epoch [80] Batch [20/35]                     Loss: -0.6476, Hard: 0.5506, Soft: -1.1981                     Acc: 84.82% LR: 0.000167                     Alpha: 0.5744425058364868                     Beta: -1.2586939334869385                     MemKD: 0.2659311294555664
2026-02-11 03:29:28,826 - INFO - Epoch [80/130] Train Loss: -0.7881, Train Acc: 85.71%, Val Loss: 0.4068, Val Acc: 85.51%
2026-02-11 03:29:28,874 - INFO - Checkpoint saved at epoch 80
2026-02-11 03:29:51,214 - INFO - Epoch [81] Batch [0/35]                     Loss: -1.0122, Hard: 0.2723, Soft: -1.2844                     Acc: 87.50% LR: 0.000161                     Alpha: 0.5744425058364868                     Beta: -1.261458158493042                     MemKD: 0.2653656303882599
2026-02-11 03:29:54,578 - INFO - Epoch [81] Batch [20/35]                     Loss: -0.8716, Hard: 0.3445, Soft: -1.2162                     Acc: 83.93% LR: 0.000161                     Alpha: 0.5744425058364868                     Beta: -1.2650519609451294                     MemKD: 0.2646297216415405
2026-02-11 03:30:22,742 - INFO - Epoch [81/130] Train Loss: -0.8886, Train Acc: 85.18%, Val Loss: 0.3794, Val Acc: 86.17%
2026-02-11 03:30:45,484 - INFO - Epoch [82] Batch [0/35]                     Loss: -0.9645, Hard: 0.2857, Soft: -1.2502                     Acc: 87.50% LR: 0.000156                     Alpha: 0.5744425058364868                     Beta: -1.26775324344635                     MemKD: 0.2640760838985443
2026-02-11 03:30:49,201 - INFO - Epoch [82] Batch [20/35]                     Loss: -0.8694, Hard: 0.3699, Soft: -1.2392                     Acc: 86.90% LR: 0.000156                     Alpha: 0.5744425058364868                     Beta: -1.2712781429290771                     MemKD: 0.2633558511734009
2026-02-11 03:31:18,133 - INFO - Epoch [82/130] Train Loss: -0.8949, Train Acc: 86.61%, Val Loss: 0.5277, Val Acc: 80.85%
2026-02-11 03:31:40,708 - INFO - Epoch [83] Batch [0/35]                     Loss: -0.8489, Hard: 0.3507, Soft: -1.1997                     Acc: 75.00% LR: 0.000150                     Alpha: 0.5744425058364868                     Beta: -1.2739020586013794                     MemKD: 0.2628227472305298
2026-02-11 03:31:43,825 - INFO - Epoch [83] Batch [20/35]                     Loss: -1.0773, Hard: 0.2277, Soft: -1.3049                     Acc: 87.50% LR: 0.000150                     Alpha: 0.5744425058364868                     Beta: -1.277319312095642                     MemKD: 0.2621261775493622
2026-02-11 03:32:10,928 - INFO - Epoch [83/130] Train Loss: -0.9726, Train Acc: 87.32%, Val Loss: 0.3903, Val Acc: 86.57%
2026-02-11 03:32:10,929 - INFO - Best model saved with accuracy: 86.57%
2026-02-11 03:32:32,919 - INFO - Epoch [84] Batch [0/35]                     Loss: -1.1762, Hard: 0.1658, Soft: -1.3421                     Acc: 93.75% LR: 0.000145                     Alpha: 0.5744425058364868                     Beta: -1.279869556427002                     MemKD: 0.26160791516304016
2026-02-11 03:32:36,148 - INFO - Epoch [84] Batch [20/35]                     Loss: -0.8801, Hard: 0.3420, Soft: -1.2221                     Acc: 90.18% LR: 0.000145                     Alpha: 0.5744425058364868                     Beta: -1.283124327659607                     MemKD: 0.26094749569892883
2026-02-11 03:33:04,479 - INFO - Epoch [84/130] Train Loss: -0.8897, Train Acc: 86.79%, Val Loss: 0.3749, Val Acc: 87.50%
2026-02-11 03:33:04,479 - INFO - Best model saved with accuracy: 87.50%
2026-02-11 03:33:26,795 - INFO - Epoch [85] Batch [0/35]                     Loss: -1.0793, Hard: 0.2299, Soft: -1.3092                     Acc: 93.75% LR: 0.000139                     Alpha: 0.5744425058364868                     Beta: -1.2855043411254883                     MemKD: 0.2604708969593048
2026-02-11 03:33:30,463 - INFO - Epoch [85] Batch [20/35]                     Loss: -1.0279, Hard: 0.2431, Soft: -1.2710                     Acc: 92.56% LR: 0.000139                     Alpha: 0.5744425058364868                     Beta: -1.2886301279067993                     MemKD: 0.259839802980423
2026-02-11 03:33:58,419 - INFO - Epoch [85/130] Train Loss: -0.9526, Train Acc: 89.29%, Val Loss: 0.4367, Val Acc: 80.45%
2026-02-11 03:34:21,966 - INFO - Epoch [86] Batch [0/35]                     Loss: -1.0783, Hard: 0.2501, Soft: -1.3284                     Acc: 87.50% LR: 0.000134                     Alpha: 0.5744425058364868                     Beta: -1.2909519672393799                     MemKD: 0.25937342643737793
2026-02-11 03:34:25,184 - INFO - Epoch [86] Batch [20/35]                     Loss: -0.8669, Hard: 0.3631, Soft: -1.2300                     Acc: 86.01% LR: 0.000134                     Alpha: 0.5744425058364868                     Beta: -1.2939294576644897                     MemKD: 0.2587766945362091
2026-02-11 03:34:53,497 - INFO - Epoch [86/130] Train Loss: -0.8951, Train Acc: 85.89%, Val Loss: 0.3687, Val Acc: 86.17%
2026-02-11 03:35:15,694 - INFO - Epoch [87] Batch [0/35]                     Loss: -1.1709, Hard: 0.2190, Soft: -1.3899                     Acc: 87.50% LR: 0.000129                     Alpha: 0.5744425058364868                     Beta: -1.2961034774780273                     MemKD: 0.25834518671035767
2026-02-11 03:35:18,719 - INFO - Epoch [87] Batch [20/35]                     Loss: -1.1329, Hard: 0.2448, Soft: -1.3777                     Acc: 86.01% LR: 0.000129                     Alpha: 0.5744425058364868                     Beta: -1.298912525177002                     MemKD: 0.2577873170375824
2026-02-11 03:35:48,003 - INFO - Epoch [87/130] Train Loss: -0.9282, Train Acc: 87.14%, Val Loss: 0.5019, Val Acc: 80.85%
2026-02-11 03:36:11,348 - INFO - Epoch [88] Batch [0/35]                     Loss: -1.0520, Hard: 0.2386, Soft: -1.2905                     Acc: 87.50% LR: 0.000123                     Alpha: 0.5744425058364868                     Beta: -1.301012635231018                     MemKD: 0.2573709189891815
2026-02-11 03:36:15,170 - INFO - Epoch [88] Batch [20/35]                     Loss: -0.8288, Hard: 0.4167, Soft: -1.2455                     Acc: 88.10% LR: 0.000123                     Alpha: 0.5744425058364868                     Beta: -1.3037724494934082                     MemKD: 0.25681912899017334
2026-02-11 03:36:43,354 - INFO - Epoch [88/130] Train Loss: -1.0212, Train Acc: 89.11%, Val Loss: 0.3990, Val Acc: 85.90%
2026-02-11 03:37:05,407 - INFO - Epoch [89] Batch [0/35]                     Loss: -1.0708, Hard: 0.2660, Soft: -1.3368                     Acc: 93.75% LR: 0.000118                     Alpha: 0.5744425058364868                     Beta: -1.3058481216430664                     MemKD: 0.25640425086021423
2026-02-11 03:37:09,149 - INFO - Epoch [89] Batch [20/35]                     Loss: -1.1356, Hard: 0.2333, Soft: -1.3688                     Acc: 88.69% LR: 0.000118                     Alpha: 0.5744425058364868                     Beta: -1.3084437847137451                     MemKD: 0.2558903396129608
2026-02-11 03:37:36,463 - INFO - Epoch [89/130] Train Loss: -0.9410, Train Acc: 87.68%, Val Loss: 0.3744, Val Acc: 85.37%
2026-02-11 03:37:57,282 - INFO - Epoch [90] Batch [0/35]                     Loss: -0.7812, Hard: 0.4513, Soft: -1.2325                     Acc: 81.25% LR: 0.000113                     Alpha: 0.5744425058364868                     Beta: -1.3103963136672974                     MemKD: 0.25550389289855957
2026-02-11 03:38:01,097 - INFO - Epoch [90] Batch [20/35]                     Loss: -1.0848, Hard: 0.2631, Soft: -1.3479                     Acc: 87.80% LR: 0.000113                     Alpha: 0.5744425058364868                     Beta: -1.312882423400879                     MemKD: 0.2550138533115387
2026-02-11 03:38:29,922 - INFO - Epoch [90/130] Train Loss: -0.9621, Train Acc: 88.21%, Val Loss: 0.5301, Val Acc: 81.25%
2026-02-11 03:38:29,969 - INFO - Checkpoint saved at epoch 90
2026-02-11 03:38:53,740 - INFO - Epoch [91] Batch [0/35]                     Loss: -1.1317, Hard: 0.2466, Soft: -1.3783                     Acc: 87.50% LR: 0.000108                     Alpha: 0.5744425058364868                     Beta: -1.3147635459899902                     MemKD: 0.2546420097351074
2026-02-11 03:38:57,458 - INFO - Epoch [91] Batch [20/35]                     Loss: -1.1095, Hard: 0.2804, Soft: -1.3899                     Acc: 90.18% LR: 0.000108                     Alpha: 0.5744425058364868                     Beta: -1.3171466588974                     MemKD: 0.25417187809944153
2026-02-11 03:39:26,581 - INFO - Epoch [91/130] Train Loss: -1.0940, Train Acc: 89.64%, Val Loss: 0.3978, Val Acc: 85.90%
2026-02-11 03:39:49,483 - INFO - Epoch [92] Batch [0/35]                     Loss: -1.0518, Hard: 0.3128, Soft: -1.3646                     Acc: 87.50% LR: 0.000103                     Alpha: 0.5744425058364868                     Beta: -1.3189725875854492                     MemKD: 0.25381147861480713
2026-02-11 03:39:52,599 - INFO - Epoch [92] Batch [20/35]                     Loss: -1.1963, Hard: 0.2167, Soft: -1.4130                     Acc: 88.99% LR: 0.000103                     Alpha: 0.5744425058364868                     Beta: -1.321280837059021                     MemKD: 0.25335660576820374
2026-02-11 03:40:20,663 - INFO - Epoch [92/130] Train Loss: -1.0594, Train Acc: 89.46%, Val Loss: 0.4122, Val Acc: 84.31%
2026-02-11 03:40:44,234 - INFO - Epoch [93] Batch [0/35]                     Loss: -0.9656, Hard: 0.3149, Soft: -1.2805                     Acc: 87.50% LR: 0.000098                     Alpha: 0.5744425058364868                     Beta: -1.3229858875274658                     MemKD: 0.2530229985713959
2026-02-11 03:40:48,133 - INFO - Epoch [93] Batch [20/35]                     Loss: -1.2238, Hard: 0.1876, Soft: -1.4114                     Acc: 90.77% LR: 0.000098                     Alpha: 0.5744425058364868                     Beta: -1.3251559734344482                     MemKD: 0.2525968849658966
2026-02-11 03:41:17,240 - INFO - Epoch [93/130] Train Loss: -1.0926, Train Acc: 90.36%, Val Loss: 0.3804, Val Acc: 86.30%
2026-02-11 03:41:40,256 - INFO - Epoch [94] Batch [0/35]                     Loss: -0.9411, Hard: 0.3327, Soft: -1.2738                     Acc: 87.50% LR: 0.000093                     Alpha: 0.5744425058364868                     Beta: -1.3267866373062134                     MemKD: 0.2522774040699005
2026-02-11 03:41:43,258 - INFO - Epoch [94] Batch [20/35]                     Loss: -1.2946, Hard: 0.1651, Soft: -1.4597                     Acc: 91.07% LR: 0.000093                     Alpha: 0.5744425058364868                     Beta: -1.328847050666809                     MemKD: 0.251875638961792
2026-02-11 03:42:11,888 - INFO - Epoch [94/130] Train Loss: -1.1163, Train Acc: 91.96%, Val Loss: 0.3675, Val Acc: 87.77%
2026-02-11 03:42:11,889 - INFO - Best model saved with accuracy: 87.77%
2026-02-11 03:42:34,277 - INFO - Epoch [95] Batch [0/35]                     Loss: -0.6562, Hard: 0.5240, Soft: -1.1802                     Acc: 87.50% LR: 0.000089                     Alpha: 0.5744425058364868                     Beta: -1.330399513244629                     MemKD: 0.25157132744789124
2026-02-11 03:42:38,286 - INFO - Epoch [95] Batch [20/35]                     Loss: -1.2374, Hard: 0.2393, Soft: -1.4768                     Acc: 89.29% LR: 0.000089                     Alpha: 0.5744425058364868                     Beta: -1.3323489427566528                     MemKD: 0.2511918544769287
2026-02-11 03:43:08,456 - INFO - Epoch [95/130] Train Loss: -1.0739, Train Acc: 90.18%, Val Loss: 0.4285, Val Acc: 83.11%
2026-02-11 03:43:32,246 - INFO - Epoch [96] Batch [0/35]                     Loss: -1.2457, Hard: 0.2000, Soft: -1.4458                     Acc: 93.75% LR: 0.000084                     Alpha: 0.5744425058364868                     Beta: -1.3338208198547363                     MemKD: 0.25090503692626953
2026-02-11 03:43:35,986 - INFO - Epoch [96] Batch [20/35]                     Loss: -1.2122, Hard: 0.2325, Soft: -1.4447                     Acc: 87.80% LR: 0.000084                     Alpha: 0.5744425058364868                     Beta: -1.335662841796875                     MemKD: 0.25054821372032166
2026-02-11 03:44:04,549 - INFO - Epoch [96/130] Train Loss: -1.0855, Train Acc: 88.93%, Val Loss: 0.3679, Val Acc: 87.10%
2026-02-11 03:44:27,930 - INFO - Epoch [97] Batch [0/35]                     Loss: -1.0812, Hard: 0.3013, Soft: -1.3824                     Acc: 87.50% LR: 0.000080                     Alpha: 0.5744425058364868                     Beta: -1.3370579481124878                     MemKD: 0.25027817487716675
2026-02-11 03:44:31,721 - INFO - Epoch [97] Batch [20/35]                     Loss: -0.2932, Hard: 0.7579, Soft: -1.0511                     Acc: 86.01% LR: 0.000080                     Alpha: 0.5744425058364868                     Beta: -1.3388148546218872                     MemKD: 0.2499387115240097
2026-02-11 03:44:59,080 - INFO - Epoch [97/130] Train Loss: -1.0578, Train Acc: 86.79%, Val Loss: 0.4188, Val Acc: 84.97%
2026-02-11 03:45:22,286 - INFO - Epoch [98] Batch [0/35]                     Loss: -0.9223, Hard: 0.4180, Soft: -1.3404                     Acc: 87.50% LR: 0.000075                     Alpha: 0.5744425058364868                     Beta: -1.3401038646697998                     MemKD: 0.24969083070755005
2026-02-11 03:45:26,139 - INFO - Epoch [98] Batch [20/35]                     Loss: -1.3200, Hard: 0.1712, Soft: -1.4912                     Acc: 89.58% LR: 0.000075                     Alpha: 0.5744425058364868                     Beta: -1.3417611122131348                     MemKD: 0.24937061965465546
2026-02-11 03:45:55,348 - INFO - Epoch [98/130] Train Loss: -1.0842, Train Acc: 87.86%, Val Loss: 0.3544, Val Acc: 86.17%
2026-02-11 03:46:19,042 - INFO - Epoch [99] Batch [0/35]                     Loss: -1.3491, Hard: 0.1408, Soft: -1.4899                     Acc: 100.00% LR: 0.000071                     Alpha: 0.5744425058364868                     Beta: -1.342989206314087                     MemKD: 0.24913468956947327
2026-02-11 03:46:22,133 - INFO - Epoch [99] Batch [20/35]                     Loss: -1.2755, Hard: 0.2451, Soft: -1.5206                     Acc: 90.48% LR: 0.000071                     Alpha: 0.5744425058364868                     Beta: -1.3445444107055664                     MemKD: 0.2488349974155426
2026-02-11 03:46:49,942 - INFO - Epoch [99/130] Train Loss: -1.1575, Train Acc: 90.89%, Val Loss: 0.3921, Val Acc: 85.24%
2026-02-11 03:47:12,587 - INFO - Epoch [100] Batch [0/35]                     Loss: -0.9924, Hard: 0.3544, Soft: -1.3468                     Acc: 87.50% LR: 0.000067                     Alpha: 0.5744425058364868                     Beta: -1.345719337463379                     MemKD: 0.24860842525959015
2026-02-11 03:47:15,864 - INFO - Epoch [100] Batch [20/35]                     Loss: -0.9005, Hard: 0.4083, Soft: -1.3088                     Acc: 90.77% LR: 0.000067                     Alpha: 0.5744425058364868                     Beta: -1.3471728563308716                     MemKD: 0.2483290284872055
2026-02-11 03:47:44,574 - INFO - Epoch [100/130] Train Loss: -1.1165, Train Acc: 90.54%, Val Loss: 0.3813, Val Acc: 86.97%
2026-02-11 03:47:44,621 - INFO - Checkpoint saved at epoch 100
2026-02-11 03:48:08,714 - INFO - Epoch [101] Batch [0/35]                     Loss: -0.1391, Hard: 0.8602, Soft: -0.9994                     Acc: 68.75% LR: 0.000063                     Alpha: 0.5744425058364868                     Beta: -1.3482608795166016                     MemKD: 0.2481197714805603
2026-02-11 03:48:12,631 - INFO - Epoch [101] Batch [20/35]                     Loss: -1.5198, Hard: 0.0509, Soft: -1.5707                     Acc: 91.37% LR: 0.000063                     Alpha: 0.5744425058364868                     Beta: -1.3496294021606445                     MemKD: 0.24785679578781128
2026-02-11 03:48:41,311 - INFO - Epoch [101/130] Train Loss: -1.0868, Train Acc: 89.11%, Val Loss: 0.3513, Val Acc: 88.30%
2026-02-11 03:48:41,312 - INFO - Best model saved with accuracy: 88.30%
2026-02-11 03:49:05,066 - INFO - Epoch [102] Batch [0/35]                     Loss: -1.4524, Hard: 0.0647, Soft: -1.5171                     Acc: 100.00% LR: 0.000059                     Alpha: 0.5744425058364868                     Beta: -1.3506454229354858                     MemKD: 0.24766196310520172
2026-02-11 03:49:08,907 - INFO - Epoch [102] Batch [20/35]                     Loss: -0.9197, Hard: 0.4264, Soft: -1.3461                     Acc: 89.58% LR: 0.000059                     Alpha: 0.5744425058364868                     Beta: -1.351915955543518                     MemKD: 0.24741822481155396
2026-02-11 03:49:36,554 - INFO - Epoch [102/130] Train Loss: -1.1112, Train Acc: 87.68%, Val Loss: 0.3540, Val Acc: 86.97%
2026-02-11 03:49:59,426 - INFO - Epoch [103] Batch [0/35]                     Loss: -1.3101, Hard: 0.1181, Soft: -1.4282                     Acc: 100.00% LR: 0.000055                     Alpha: 0.5744425058364868                     Beta: -1.3528618812561035                     MemKD: 0.2472379058599472
2026-02-11 03:50:03,339 - INFO - Epoch [103] Batch [20/35]                     Loss: -1.4289, Hard: 0.0819, Soft: -1.5107                     Acc: 89.88% LR: 0.000055                     Alpha: 0.5744425058364868                     Beta: -1.3540475368499756                     MemKD: 0.24701198935508728
2026-02-11 03:50:32,317 - INFO - Epoch [103/130] Train Loss: -1.1241, Train Acc: 89.46%, Val Loss: 0.3470, Val Acc: 86.57%
2026-02-11 03:50:55,406 - INFO - Epoch [104] Batch [0/35]                     Loss: -1.1090, Hard: 0.3422, Soft: -1.4512                     Acc: 93.75% LR: 0.000051                     Alpha: 0.5744425058364868                     Beta: -1.354931116104126                     MemKD: 0.24684423208236694
2026-02-11 03:50:59,122 - INFO - Epoch [104] Batch [20/35]                     Loss: -0.9222, Hard: 0.3478, Soft: -1.2700                     Acc: 90.18% LR: 0.000051                     Alpha: 0.5744425058364868                     Beta: -1.3560442924499512                     MemKD: 0.24663230776786804
2026-02-11 03:51:28,600 - INFO - Epoch [104/130] Train Loss: -1.1339, Train Acc: 90.54%, Val Loss: 0.3374, Val Acc: 87.77%
2026-02-11 03:51:51,827 - INFO - Epoch [105] Batch [0/35]                     Loss: -1.2015, Hard: 0.2313, Soft: -1.4327                     Acc: 93.75% LR: 0.000048                     Alpha: 0.5744425058364868                     Beta: -1.356874704360962                     MemKD: 0.2464745044708252
2026-02-11 03:51:54,915 - INFO - Epoch [105] Batch [20/35]                     Loss: -1.3692, Hard: 0.0946, Soft: -1.4637                     Acc: 91.07% LR: 0.000048                     Alpha: 0.5744425058364868                     Beta: -1.3579171895980835                     MemKD: 0.24627582728862762
2026-02-11 03:52:23,920 - INFO - Epoch [105/130] Train Loss: -1.1420, Train Acc: 89.64%, Val Loss: 0.3497, Val Acc: 87.90%
2026-02-11 03:52:47,551 - INFO - Epoch [106] Batch [0/35]                     Loss: -1.2465, Hard: 0.2176, Soft: -1.4641                     Acc: 93.75% LR: 0.000044                     Alpha: 0.5744425058364868                     Beta: -1.3586896657943726                     MemKD: 0.24612894654273987
2026-02-11 03:52:51,474 - INFO - Epoch [106] Batch [20/35]                     Loss: -0.6146, Hard: 0.5242, Soft: -1.1387                     Acc: 87.20% LR: 0.000044                     Alpha: 0.5744425058364868                     Beta: -1.359632134437561                     MemKD: 0.24595141410827637
2026-02-11 03:53:20,714 - INFO - Epoch [106/130] Train Loss: -1.0719, Train Acc: 87.50%, Val Loss: 0.3506, Val Acc: 87.37%
2026-02-11 03:53:43,674 - INFO - Epoch [107] Batch [0/35]                     Loss: -0.7988, Hard: 0.4475, Soft: -1.2463                     Acc: 81.25% LR: 0.000041                     Alpha: 0.5744425058364868                     Beta: -1.360338807106018                     MemKD: 0.24581843614578247
2026-02-11 03:53:46,744 - INFO - Epoch [107] Batch [20/35]                     Loss: -1.4154, Hard: 0.1301, Soft: -1.5455                     Acc: 91.67% LR: 0.000041                     Alpha: 0.5744425058364868                     Beta: -1.3612093925476074                     MemKD: 0.24565467238426208
2026-02-11 03:54:14,577 - INFO - Epoch [107/130] Train Loss: -1.1709, Train Acc: 92.32%, Val Loss: 0.3436, Val Acc: 87.37%
2026-02-11 03:54:37,573 - INFO - Epoch [108] Batch [0/35]                     Loss: -1.4911, Hard: 0.0904, Soft: -1.5815                     Acc: 100.00% LR: 0.000038                     Alpha: 0.5744425058364868                     Beta: -1.36186683177948                     MemKD: 0.24553042650222778
2026-02-11 03:54:41,291 - INFO - Epoch [108] Batch [20/35]                     Loss: -0.9809, Hard: 0.3545, Soft: -1.3354                     Acc: 93.45% LR: 0.000038                     Alpha: 0.5744425058364868                     Beta: -1.3626810312271118                     MemKD: 0.24537596106529236
2026-02-11 03:55:10,114 - INFO - Epoch [108/130] Train Loss: -1.1854, Train Acc: 92.14%, Val Loss: 0.3441, Val Acc: 87.50%
2026-02-11 03:55:32,621 - INFO - Epoch [109] Batch [0/35]                     Loss: -1.2200, Hard: 0.2245, Soft: -1.4446                     Acc: 93.75% LR: 0.000035                     Alpha: 0.5744425058364868                     Beta: -1.3632853031158447                     MemKD: 0.24526174366474152
2026-02-11 03:55:36,499 - INFO - Epoch [109] Batch [20/35]                     Loss: -1.4352, Hard: 0.1364, Soft: -1.5716                     Acc: 91.37% LR: 0.000035                     Alpha: 0.5744425058364868                     Beta: -1.364017128944397                     MemKD: 0.24512428045272827
2026-02-11 03:56:05,568 - INFO - Epoch [109/130] Train Loss: -1.1752, Train Acc: 90.18%, Val Loss: 0.3303, Val Acc: 88.70%
2026-02-11 03:56:05,568 - INFO - Best model saved with accuracy: 88.70%
2026-02-11 03:56:27,744 - INFO - Epoch [110] Batch [0/35]                     Loss: -1.2844, Hard: 0.1806, Soft: -1.4649                     Acc: 93.75% LR: 0.000032                     Alpha: 0.5744425058364868                     Beta: -1.3645761013031006                     MemKD: 0.24501878023147583
2026-02-11 03:56:31,511 - INFO - Epoch [110] Batch [20/35]                     Loss: -1.5083, Hard: 0.0886, Soft: -1.5969                     Acc: 91.07% LR: 0.000032                     Alpha: 0.5744425058364868                     Beta: -1.365251898765564                     MemKD: 0.2448919713497162
2026-02-11 03:56:59,817 - INFO - Epoch [110/130] Train Loss: -1.1755, Train Acc: 91.25%, Val Loss: 0.3344, Val Acc: 88.30%
2026-02-11 03:56:59,864 - INFO - Checkpoint saved at epoch 110
2026-02-11 03:57:22,962 - INFO - Epoch [111] Batch [0/35]                     Loss: -1.2503, Hard: 0.1577, Soft: -1.4079                     Acc: 93.75% LR: 0.000029                     Alpha: 0.5744425058364868                     Beta: -1.3657547235488892                     MemKD: 0.24479727447032928
2026-02-11 03:57:26,836 - INFO - Epoch [111] Batch [20/35]                     Loss: -1.1628, Hard: 0.2430, Soft: -1.4058                     Acc: 91.67% LR: 0.000029                     Alpha: 0.5744425058364868                     Beta: -1.366369366645813                     MemKD: 0.24468128383159637
2026-02-11 03:57:56,428 - INFO - Epoch [111/130] Train Loss: -1.2461, Train Acc: 91.79%, Val Loss: 0.3433, Val Acc: 88.16%
2026-02-11 03:58:19,765 - INFO - Epoch [112] Batch [0/35]                     Loss: -1.3867, Hard: 0.1162, Soft: -1.5029                     Acc: 93.75% LR: 0.000026                     Alpha: 0.5744425058364868                     Beta: -1.36683189868927                     MemKD: 0.24459396302700043
2026-02-11 03:58:23,390 - INFO - Epoch [112] Batch [20/35]                     Loss: -1.4747, Hard: 0.1265, Soft: -1.6012                     Acc: 91.37% LR: 0.000026                     Alpha: 0.5744425058364868                     Beta: -1.3673796653747559                     MemKD: 0.24449093639850616
2026-02-11 03:58:51,285 - INFO - Epoch [112/130] Train Loss: -1.1878, Train Acc: 91.07%, Val Loss: 0.3280, Val Acc: 88.56%
2026-02-11 03:59:12,993 - INFO - Epoch [113] Batch [0/35]                     Loss: -1.2951, Hard: 0.2038, Soft: -1.4989                     Acc: 93.75% LR: 0.000023                     Alpha: 0.5744425058364868                     Beta: -1.3677942752838135                     MemKD: 0.24441276490688324
2026-02-11 03:59:16,044 - INFO - Epoch [113] Batch [20/35]                     Loss: -0.9328, Hard: 0.3941, Soft: -1.3270                     Acc: 87.50% LR: 0.000023                     Alpha: 0.5744425058364868                     Beta: -1.3682864904403687                     MemKD: 0.24432073533535004
2026-02-11 03:59:43,457 - INFO - Epoch [113/130] Train Loss: -1.1212, Train Acc: 88.57%, Val Loss: 0.3541, Val Acc: 86.97%
2026-02-11 04:00:07,170 - INFO - Epoch [114] Batch [0/35]                     Loss: -0.7917, Hard: 0.4409, Soft: -1.2327                     Acc: 75.00% LR: 0.000021                     Alpha: 0.5744425058364868                     Beta: -1.3686535358428955                     MemKD: 0.2442520558834076
2026-02-11 04:00:11,057 - INFO - Epoch [114] Batch [20/35]                     Loss: -1.1077, Hard: 0.3319, Soft: -1.4396                     Acc: 88.69% LR: 0.000021                     Alpha: 0.5744425058364868                     Beta: -1.3690932989120483                     MemKD: 0.2441696673631668
2026-02-11 04:00:40,624 - INFO - Epoch [114/130] Train Loss: -1.1575, Train Acc: 88.75%, Val Loss: 0.3360, Val Acc: 87.77%
2026-02-11 04:01:04,329 - INFO - Epoch [115] Batch [0/35]                     Loss: -1.4284, Hard: 0.1004, Soft: -1.5288                     Acc: 100.00% LR: 0.000018                     Alpha: 0.5744425058364868                     Beta: -1.3694233894348145                     MemKD: 0.24410779774188995
2026-02-11 04:01:07,451 - INFO - Epoch [115] Batch [20/35]                     Loss: -0.8842, Hard: 0.3820, Soft: -1.2662                     Acc: 88.99% LR: 0.000018                     Alpha: 0.5744425058364868                     Beta: -1.369814157485962                     MemKD: 0.24403449892997742
2026-02-11 04:01:35,672 - INFO - Epoch [115/130] Train Loss: -1.1253, Train Acc: 88.75%, Val Loss: 0.3521, Val Acc: 86.97%
2026-02-11 04:01:58,330 - INFO - Epoch [116] Batch [0/35]                     Loss: -1.0013, Hard: 0.3904, Soft: -1.3917                     Acc: 81.25% LR: 0.000016                     Alpha: 0.5744425058364868                     Beta: -1.3700989484786987                     MemKD: 0.2439814656972885
2026-02-11 04:02:02,242 - INFO - Epoch [116] Batch [20/35]                     Loss: -1.4072, Hard: 0.1264, Soft: -1.5336                     Acc: 89.58% LR: 0.000016                     Alpha: 0.5744425058364868                     Beta: -1.3704395294189453                     MemKD: 0.2439177930355072
2026-02-11 04:02:31,486 - INFO - Epoch [116/130] Train Loss: -1.1342, Train Acc: 89.46%, Val Loss: 0.3293, Val Acc: 87.63%
2026-02-11 04:02:54,782 - INFO - Epoch [117] Batch [0/35]                     Loss: -1.4335, Hard: 0.0968, Soft: -1.5304                     Acc: 100.00% LR: 0.000014                     Alpha: 0.5744425058364868                     Beta: -1.3706923723220825                     MemKD: 0.2438705861568451
2026-02-11 04:02:58,550 - INFO - Epoch [117] Batch [20/35]                     Loss: -1.1256, Hard: 0.2700, Soft: -1.3956                     Acc: 87.80% LR: 0.000014                     Alpha: 0.5744425058364868                     Beta: -1.3709865808486938                     MemKD: 0.2438158094882965
2026-02-11 04:03:27,672 - INFO - Epoch [117/130] Train Loss: -1.1632, Train Acc: 89.29%, Val Loss: 0.3434, Val Acc: 87.23%
2026-02-11 04:03:50,659 - INFO - Epoch [118] Batch [0/35]                     Loss: -0.9123, Hard: 0.3559, Soft: -1.2681                     Acc: 81.25% LR: 0.000012                     Alpha: 0.5744425058364868                     Beta: -1.3712105751037598                     MemKD: 0.24377387762069702
2026-02-11 04:03:54,400 - INFO - Epoch [118] Batch [20/35]                     Loss: -1.2943, Hard: 0.1580, Soft: -1.4523                     Acc: 89.29% LR: 0.000012                     Alpha: 0.5744425058364868                     Beta: -1.371466875076294                     MemKD: 0.24372588098049164
2026-02-11 04:04:22,670 - INFO - Epoch [118/130] Train Loss: -1.1677, Train Acc: 89.64%, Val Loss: 0.3320, Val Acc: 87.90%
2026-02-11 04:04:45,928 - INFO - Epoch [119] Batch [0/35]                     Loss: -1.2600, Hard: 0.1904, Soft: -1.4503                     Acc: 93.75% LR: 0.000010                     Alpha: 0.5744425058364868                     Beta: -1.3716593980789185                     MemKD: 0.24368993937969208
2026-02-11 04:04:49,778 - INFO - Epoch [119] Batch [20/35]                     Loss: -0.6702, Hard: 0.5420, Soft: -1.2121                     Acc: 90.48% LR: 0.000010                     Alpha: 0.5744425058364868                     Beta: -1.371877670288086                     MemKD: 0.24364908039569855
2026-02-11 04:05:18,718 - INFO - Epoch [119/130] Train Loss: -1.2056, Train Acc: 91.25%, Val Loss: 0.3410, Val Acc: 87.50%
2026-02-11 04:05:42,028 - INFO - Epoch [120] Batch [0/35]                     Loss: -0.8139, Hard: 0.5248, Soft: -1.3388                     Acc: 87.50% LR: 0.000009                     Alpha: 0.5744425058364868                     Beta: -1.3720415830612183                     MemKD: 0.24361854791641235
2026-02-11 04:05:45,079 - INFO - Epoch [120] Batch [20/35]                     Loss: -1.4297, Hard: 0.1287, Soft: -1.5585                     Acc: 88.10% LR: 0.000009                     Alpha: 0.5744425058364868                     Beta: -1.3722273111343384                     MemKD: 0.2435838282108307
2026-02-11 04:06:13,077 - INFO - Epoch [120/130] Train Loss: -1.1997, Train Acc: 90.18%, Val Loss: 0.3432, Val Acc: 87.23%
2026-02-11 04:06:13,134 - INFO - Checkpoint saved at epoch 120
2026-02-11 04:06:35,627 - INFO - Epoch [121] Batch [0/35]                     Loss: -1.1862, Hard: 0.2802, Soft: -1.4663                     Acc: 81.25% LR: 0.000007                     Alpha: 0.5744425058364868                     Beta: -1.3723669052124023                     MemKD: 0.24355776607990265
2026-02-11 04:06:38,547 - INFO - Epoch [121] Batch [20/35]                     Loss: -1.2846, Hard: 0.2204, Soft: -1.5050                     Acc: 92.26% LR: 0.000007                     Alpha: 0.5744425058364868                     Beta: -1.3725218772888184                     MemKD: 0.24352866411209106
2026-02-11 04:07:07,128 - INFO - Epoch [121/130] Train Loss: -1.2938, Train Acc: 93.57%, Val Loss: 0.3272, Val Acc: 88.56%
2026-02-11 04:07:29,564 - INFO - Epoch [122] Batch [0/35]                     Loss: -1.0736, Hard: 0.3425, Soft: -1.4161                     Acc: 81.25% LR: 0.000006                     Alpha: 0.5744425058364868                     Beta: -1.3726378679275513                     MemKD: 0.24350692331790924
2026-02-11 04:07:33,222 - INFO - Epoch [122] Batch [20/35]                     Loss: -0.7512, Hard: 0.4671, Soft: -1.2183                     Acc: 92.26% LR: 0.000006                     Alpha: 0.5744425058364868                     Beta: -1.3727624416351318                     MemKD: 0.24348357319831848
2026-02-11 04:08:02,126 - INFO - Epoch [122/130] Train Loss: -1.2192, Train Acc: 92.50%, Val Loss: 0.3456, Val Acc: 86.97%
2026-02-11 04:08:24,493 - INFO - Epoch [123] Batch [0/35]                     Loss: -0.5303, Hard: 0.6813, Soft: -1.2116                     Acc: 68.75% LR: 0.000005                     Alpha: 0.5744425058364868                     Beta: -1.3728541135787964                     MemKD: 0.24346646666526794
2026-02-11 04:08:27,575 - INFO - Epoch [123] Batch [20/35]                     Loss: -0.8705, Hard: 0.4745, Soft: -1.3450                     Acc: 86.90% LR: 0.000005                     Alpha: 0.5744425058364868                     Beta: -1.3729512691497803                     MemKD: 0.24344833195209503
2026-02-11 04:08:54,453 - INFO - Epoch [123/130] Train Loss: -1.1949, Train Acc: 88.75%, Val Loss: 0.3267, Val Acc: 87.90%
2026-02-11 04:09:15,993 - INFO - Epoch [124] Batch [0/35]                     Loss: -1.5601, Hard: 0.0381, Soft: -1.5982                     Acc: 100.00% LR: 0.000004                     Alpha: 0.5744425058364868                     Beta: -1.3730239868164062                     MemKD: 0.24343475699424744
2026-02-11 04:09:19,755 - INFO - Epoch [124] Batch [20/35]                     Loss: -1.3172, Hard: 0.2149, Soft: -1.5320                     Acc: 93.75% LR: 0.000004                     Alpha: 0.5744425058364868                     Beta: -1.373098611831665                     MemKD: 0.24342074990272522
2026-02-11 04:09:49,362 - INFO - Epoch [124/130] Train Loss: -1.2071, Train Acc: 92.32%, Val Loss: 0.3198, Val Acc: 88.83%
2026-02-11 04:09:49,363 - INFO - Best model saved with accuracy: 88.83%
2026-02-11 04:10:12,792 - INFO - Epoch [125] Batch [0/35]                     Loss: -0.8101, Hard: 0.4746, Soft: -1.2848                     Acc: 87.50% LR: 0.000003                     Alpha: 0.5744425058364868                     Beta: -1.3731549978256226                     MemKD: 0.24341034889221191
2026-02-11 04:10:16,645 - INFO - Epoch [125] Batch [20/35]                     Loss: -0.6779, Hard: 0.5769, Soft: -1.2548                     Acc: 90.48% LR: 0.000003                     Alpha: 0.5744425058364868                     Beta: -1.3732095956802368                     MemKD: 0.2434002310037613
2026-02-11 04:10:45,923 - INFO - Epoch [125/130] Train Loss: -1.1190, Train Acc: 89.46%, Val Loss: 0.3466, Val Acc: 87.10%
2026-02-11 04:11:09,797 - INFO - Epoch [126] Batch [0/35]                     Loss: -1.2949, Hard: 0.2375, Soft: -1.5324                     Acc: 87.50% LR: 0.000002                     Alpha: 0.5744425058364868                     Beta: -1.3732489347457886                     MemKD: 0.2433929443359375
2026-02-11 04:11:13,642 - INFO - Epoch [126] Batch [20/35]                     Loss: -1.2376, Hard: 0.3158, Soft: -1.5534                     Acc: 90.48% LR: 0.000002                     Alpha: 0.5744425058364868                     Beta: -1.3732870817184448                     MemKD: 0.2433859407901764
2026-02-11 04:11:42,709 - INFO - Epoch [126/130] Train Loss: -1.1753, Train Acc: 90.36%, Val Loss: 0.3347, Val Acc: 87.50%
2026-02-11 04:12:05,495 - INFO - Epoch [127] Batch [0/35]                     Loss: -1.4002, Hard: 0.1547, Soft: -1.5549                     Acc: 93.75% LR: 0.000001                     Alpha: 0.5744425058364868                     Beta: -1.373315691947937                     MemKD: 0.24338066577911377
2026-02-11 04:12:09,193 - INFO - Epoch [127] Batch [20/35]                     Loss: -1.2399, Hard: 0.2376, Soft: -1.4775                     Acc: 89.58% LR: 0.000001                     Alpha: 0.5744425058364868                     Beta: -1.3733395338058472                     MemKD: 0.24337628483772278
2026-02-11 04:12:38,723 - INFO - Epoch [127/130] Train Loss: -1.1849, Train Acc: 90.71%, Val Loss: 0.3144, Val Acc: 88.83%
2026-02-11 04:13:02,086 - INFO - Epoch [128] Batch [0/35]                     Loss: -1.5401, Hard: 0.0641, Soft: -1.6041                     Acc: 100.00% LR: 0.000001                     Alpha: 0.5744425058364868                     Beta: -1.3733574151992798                     MemKD: 0.24337294697761536
2026-02-11 04:13:05,185 - INFO - Epoch [128] Batch [20/35]                     Loss: -1.1554, Hard: 0.2408, Soft: -1.3962                     Acc: 88.69% LR: 0.000001                     Alpha: 0.5744425058364868                     Beta: -1.3733717203140259                     MemKD: 0.24337035417556763
2026-02-11 04:13:34,557 - INFO - Epoch [128/130] Train Loss: -1.1532, Train Acc: 88.93%, Val Loss: 0.3279, Val Acc: 88.16%
2026-02-11 04:13:58,010 - INFO - Epoch [129] Batch [0/35]                     Loss: -1.0549, Hard: 0.4104, Soft: -1.4652                     Acc: 87.50% LR: 0.000000                     Alpha: 0.5744425058364868                     Beta: -1.3733824491500854                     MemKD: 0.24336837232112885
2026-02-11 04:14:01,566 - INFO - Epoch [129] Batch [20/35]                     Loss: -1.3456, Hard: 0.1505, Soft: -1.4962                     Acc: 92.26% LR: 0.000000                     Alpha: 0.5744425058364868                     Beta: -1.3733896017074585                     MemKD: 0.2433670461177826
2026-02-11 04:14:30,733 - INFO - Epoch [129/130] Train Loss: -1.2410, Train Acc: 92.86%, Val Loss: 0.3156, Val Acc: 88.70%
2026-02-11 04:14:54,056 - INFO - Epoch [130] Batch [0/35]                     Loss: -0.9788, Hard: 0.3541, Soft: -1.3330                     Acc: 93.75% LR: 0.000000                     Alpha: 0.5744425058364868                     Beta: -1.3733949661254883                     MemKD: 0.2433660626411438
2026-02-11 04:14:57,900 - INFO - Epoch [130] Batch [20/35]                     Loss: -1.2677, Hard: 0.2359, Soft: -1.5036                     Acc: 95.54% LR: 0.000000                     Alpha: 0.5744425058364868                     Beta: -1.3733973503112793                     MemKD: 0.2433656007051468
2026-02-11 04:15:26,429 - INFO - Epoch [130/130] Train Loss: -1.2199, Train Acc: 93.57%, Val Loss: 0.3504, Val Acc: 87.63%
2026-02-11 04:15:26,495 - INFO - Checkpoint saved at epoch 130
2026-02-11 04:15:26,495 - INFO - ==================================================
2026-02-11 04:15:26,495 - INFO - Training finished! Best accuracy: 88.83%
2026-02-11 04:15:26,495 - INFO - ==================================================
