2026-02-08 23:54:08,436 - INFO - ==================================================
2026-02-08 23:54:08,437 - INFO - Distillation Training Configuration
2026-02-08 23:54:08,437 - INFO - ==================================================
2026-02-08 23:54:08,437 - INFO - GPUs: [4, 5, 6, 7]
2026-02-08 23:54:08,437 - INFO - World size: 4
2026-02-08 23:54:08,437 - INFO - Dataset: /media/hdd1/chuxiaohui/AI4Ocean_UATR/ShipsEar_622
2026-02-08 23:54:08,437 - INFO - Data type: wav_s@wav_t
2026-02-08 23:54:08,437 - INFO - Batch size: 16
2026-02-08 23:54:08,437 - INFO - Epochs: 100
2026-02-08 23:54:08,437 - INFO - Learning rate: 0.0005
2026-02-08 23:54:08,437 - INFO - Temperature: 2.0
2026-02-08 23:54:08,437 - INFO - Alpha: 0.3
2026-02-08 23:54:08,437 - INFO - Save dir: checkpoints/grid_shipsear/num_epochs100_weight_decay0.0001_batch_size16_lr0.0005_distill_typeMTSKD_Temp_freezeFalse_USE_DYNAMIC_DISTILL_WEIGHTTrue_p_encoder0.1_p_classifier0.3
2026-02-08 23:54:08,437 - INFO - ==================================================
2026-02-08 23:54:08,468 - INFO - Train dataset size: 2240
2026-02-08 23:54:08,468 - INFO - Validation dataset size: 749
2026-02-08 23:54:09,688 - INFO - Student params: 316,299 (0.32M)
2026-02-08 23:54:09,688 - INFO - Teacher params: 164,415,877 (164.42M)
2026-02-08 23:54:09,688 - INFO - Trainable params: 164,687,249 (164.69M)
2026-02-08 23:54:10,302 - INFO - Start training...
2026-02-08 23:54:10,303 - INFO - No checkpoint found, start from scratch
2026-02-08 23:54:33,250 - INFO - Epoch [1] Batch [0/35]                     Loss: 1.7084, Hard: 1.7084, Soft: 0.5359                     Acc: 6.25% LR: 0.000500                     Alpha: 0.5744425058364868                     Beta: 0.0                     MemKD: 0.5
2026-02-08 23:54:45,128 - INFO - Epoch [1] Batch [20/35]                     Loss: 1.6271, Hard: 1.6271, Soft: 0.3686                     Acc: 34.82% LR: 0.000500                     Alpha: 0.5744425058364868                     Beta: 0.0                     MemKD: 0.5
2026-02-08 23:55:18,954 - INFO - Epoch [1/100] Train Loss: 1.4242, Train Acc: 37.68%, Val Loss: 1.4186, Val Acc: 42.82%
2026-02-08 23:55:18,954 - INFO - Best model saved with accuracy: 42.82%
2026-02-08 23:55:41,562 - INFO - Epoch [2] Batch [0/35]                     Loss: 1.1062, Hard: 1.1062, Soft: 0.2039                     Acc: 43.75% LR: 0.000500                     Alpha: 0.5744425058364868                     Beta: 0.0                     MemKD: 0.5
2026-02-08 23:55:53,003 - INFO - Epoch [2] Batch [20/35]                     Loss: 1.4113, Hard: 1.4113, Soft: 0.3322                     Acc: 45.83% LR: 0.000500                     Alpha: 0.5744425058364868                     Beta: 0.0                     MemKD: 0.5
2026-02-08 23:56:26,101 - INFO - Epoch [2/100] Train Loss: 1.2692, Train Acc: 45.36%, Val Loss: 1.1339, Val Acc: 56.78%
2026-02-08 23:56:26,102 - INFO - Best model saved with accuracy: 56.78%
2026-02-08 23:56:47,832 - INFO - Epoch [3] Batch [0/35]                     Loss: 1.0648, Hard: 1.0648, Soft: 0.2013                     Acc: 56.25% LR: 0.000500                     Alpha: 0.5744425058364868                     Beta: 0.0                     MemKD: 0.5
2026-02-08 23:56:56,479 - INFO - Epoch [3] Batch [20/35]                     Loss: 1.3657, Hard: 1.3657, Soft: 0.2926                     Acc: 44.94% LR: 0.000500                     Alpha: 0.5744425058364868                     Beta: 0.0                     MemKD: 0.5
2026-02-08 23:57:28,230 - INFO - Epoch [3/100] Train Loss: 1.2056, Train Acc: 49.82%, Val Loss: 1.0583, Val Acc: 57.85%
2026-02-08 23:57:28,230 - INFO - Best model saved with accuracy: 57.85%
2026-02-08 23:57:50,273 - INFO - Epoch [4] Batch [0/35]                     Loss: 1.0160, Hard: 1.0160, Soft: 0.1868                     Acc: 62.50% LR: 0.000499                     Alpha: 0.5744425058364868                     Beta: 0.0                     MemKD: 0.5
2026-02-08 23:58:01,212 - INFO - Epoch [4] Batch [20/35]                     Loss: 1.2100, Hard: 1.2100, Soft: 0.2618                     Acc: 52.68% LR: 0.000499                     Alpha: 0.5744425058364868                     Beta: 0.0                     MemKD: 0.5
2026-02-08 23:58:34,738 - INFO - Epoch [4/100] Train Loss: 1.1590, Train Acc: 52.86%, Val Loss: 1.0424, Val Acc: 57.45%
2026-02-08 23:58:57,581 - INFO - Epoch [5] Batch [0/35]                     Loss: 1.0484, Hard: 1.0484, Soft: 0.2370                     Acc: 68.75% LR: 0.000498                     Alpha: 0.5744425058364868                     Beta: 0.0                     MemKD: 0.5
2026-02-08 23:59:09,242 - INFO - Epoch [5] Batch [20/35]                     Loss: 1.0891, Hard: 1.0891, Soft: 0.2062                     Acc: 59.23% LR: 0.000498                     Alpha: 0.5744425058364868                     Beta: 0.0                     MemKD: 0.5
2026-02-08 23:59:43,171 - INFO - Epoch [5/100] Train Loss: 1.0876, Train Acc: 59.29%, Val Loss: 1.0530, Val Acc: 58.11%
2026-02-08 23:59:43,171 - INFO - Best model saved with accuracy: 58.11%
2026-02-09 00:00:06,136 - INFO - Epoch [6] Batch [0/35]                     Loss: 1.0786, Hard: 1.0786, Soft: 0.2363                     Acc: 56.25% LR: 0.000497                     Alpha: 0.5744425058364868                     Beta: 0.0                     MemKD: 0.5
2026-02-09 00:00:17,868 - INFO - Epoch [6] Batch [20/35]                     Loss: 1.3543, Hard: 1.3543, Soft: 0.2709                     Acc: 59.23% LR: 0.000497                     Alpha: 0.5744425058364868                     Beta: 0.0                     MemKD: 0.5
2026-02-09 00:00:51,529 - INFO - Epoch [6/100] Train Loss: 1.0177, Train Acc: 60.54%, Val Loss: 0.9087, Val Acc: 65.16%
2026-02-09 00:00:51,529 - INFO - Best model saved with accuracy: 65.16%
2026-02-09 00:01:13,927 - INFO - Epoch [7] Batch [0/35]                     Loss: 0.9668, Hard: 0.9668, Soft: 0.1740                     Acc: 62.50% LR: 0.000496                     Alpha: 0.5744425058364868                     Beta: 0.0                     MemKD: 0.5
2026-02-09 00:01:24,849 - INFO - Epoch [7] Batch [20/35]                     Loss: 1.0935, Hard: 1.0935, Soft: 0.2256                     Acc: 62.80% LR: 0.000496                     Alpha: 0.5744425058364868                     Beta: 0.0                     MemKD: 0.5
2026-02-09 00:01:57,047 - INFO - Epoch [7/100] Train Loss: 0.9930, Train Acc: 61.96%, Val Loss: 0.9908, Val Acc: 57.98%
2026-02-09 00:02:18,461 - INFO - Epoch [8] Batch [0/35]                     Loss: 0.7269, Hard: 0.7269, Soft: 0.1732                     Acc: 81.25% LR: 0.000494                     Alpha: 0.5744425058364868                     Beta: 0.0                     MemKD: 0.5
2026-02-09 00:02:27,915 - INFO - Epoch [8] Batch [20/35]                     Loss: 0.6705, Hard: 0.6705, Soft: 0.1690                     Acc: 63.99% LR: 0.000494                     Alpha: 0.5744425058364868                     Beta: 0.0                     MemKD: 0.5
2026-02-09 00:03:00,891 - INFO - Epoch [8/100] Train Loss: 0.9876, Train Acc: 62.50%, Val Loss: 0.8379, Val Acc: 68.35%
2026-02-09 00:03:00,892 - INFO - Best model saved with accuracy: 68.35%
2026-02-09 00:03:23,007 - INFO - Epoch [9] Batch [0/35]                     Loss: 0.6841, Hard: 0.6841, Soft: 0.1576                     Acc: 87.50% LR: 0.000492                     Alpha: 0.5744425058364868                     Beta: 0.0                     MemKD: 0.5
2026-02-09 00:03:33,659 - INFO - Epoch [9] Batch [20/35]                     Loss: 1.3109, Hard: 1.3109, Soft: 0.2524                     Acc: 64.29% LR: 0.000492                     Alpha: 0.5744425058364868                     Beta: 0.0                     MemKD: 0.5
2026-02-09 00:04:05,572 - INFO - Epoch [9/100] Train Loss: 0.9143, Train Acc: 65.89%, Val Loss: 0.9779, Val Acc: 57.05%
2026-02-09 00:04:28,404 - INFO - Epoch [10] Batch [0/35]                     Loss: 1.1691, Hard: 1.1691, Soft: 0.2794                     Acc: 50.00% LR: 0.000490                     Alpha: 0.5744425058364868                     Beta: 0.0                     MemKD: 0.5
2026-02-09 00:04:40,120 - INFO - Epoch [10] Batch [20/35]                     Loss: 1.1641, Hard: 1.1641, Soft: 0.1749                     Acc: 63.99% LR: 0.000490                     Alpha: 0.5744425058364868                     Beta: 0.0                     MemKD: 0.5
2026-02-09 00:05:14,285 - INFO - Epoch [10/100] Train Loss: 0.8751, Train Acc: 65.89%, Val Loss: 0.8155, Val Acc: 67.82%
2026-02-09 00:05:14,327 - INFO - Checkpoint saved at epoch 10
2026-02-09 00:05:37,656 - INFO - Epoch [11] Batch [0/35]                     Loss: 0.5113, Hard: 0.5113, Soft: 0.1071                     Acc: 93.75% LR: 0.000488                     Alpha: 0.5744425058364868                     Beta: 0.0                     MemKD: 0.5
2026-02-09 00:05:49,437 - INFO - Epoch [11] Batch [20/35]                     Loss: 1.0476, Hard: 1.0476, Soft: 0.1696                     Acc: 69.64% LR: 0.000488                     Alpha: 0.5744425058364868                     Beta: 0.0                     MemKD: 0.5
2026-02-09 00:06:22,808 - INFO - Epoch [11/100] Train Loss: 0.8982, Train Acc: 67.32%, Val Loss: 0.7824, Val Acc: 68.35%
2026-02-09 00:06:45,044 - INFO - Epoch [12] Batch [0/35]                     Loss: 0.5714, Hard: 0.5714, Soft: 0.1141                     Acc: 75.00% LR: 0.000485                     Alpha: 0.5744425058364868                     Beta: 0.0                     MemKD: 0.5
2026-02-09 00:06:56,927 - INFO - Epoch [12] Batch [20/35]                     Loss: 1.1074, Hard: 1.1074, Soft: 0.2282                     Acc: 69.94% LR: 0.000485                     Alpha: 0.5744425058364868                     Beta: 0.0                     MemKD: 0.5
2026-02-09 00:07:28,434 - INFO - Epoch [12/100] Train Loss: 0.7867, Train Acc: 71.25%, Val Loss: 0.7249, Val Acc: 71.81%
2026-02-09 00:07:28,434 - INFO - Best model saved with accuracy: 71.81%
2026-02-09 00:07:50,220 - INFO - Epoch [13] Batch [0/35]                     Loss: 1.1883, Hard: 1.1883, Soft: 0.1626                     Acc: 37.50% LR: 0.000482                     Alpha: 0.5744425058364868                     Beta: 0.0                     MemKD: 0.5
2026-02-09 00:08:00,655 - INFO - Epoch [13] Batch [20/35]                     Loss: 0.9709, Hard: 0.9709, Soft: 0.1860                     Acc: 60.42% LR: 0.000482                     Alpha: 0.5744425058364868                     Beta: 0.0                     MemKD: 0.5
2026-02-09 00:08:33,664 - INFO - Epoch [13/100] Train Loss: 0.9072, Train Acc: 64.29%, Val Loss: 0.7209, Val Acc: 72.21%
2026-02-09 00:08:33,664 - INFO - Best model saved with accuracy: 72.21%
2026-02-09 00:08:56,457 - INFO - Epoch [14] Batch [0/35]                     Loss: 0.5216, Hard: 0.5216, Soft: 0.0958                     Acc: 87.50% LR: 0.000479                     Alpha: 0.5744425058364868                     Beta: 0.0                     MemKD: 0.5
2026-02-09 00:09:07,180 - INFO - Epoch [14] Batch [20/35]                     Loss: 0.5475, Hard: 0.5475, Soft: 0.1375                     Acc: 68.45% LR: 0.000479                     Alpha: 0.5744425058364868                     Beta: 0.0                     MemKD: 0.5
2026-02-09 00:09:41,417 - INFO - Epoch [14/100] Train Loss: 0.8249, Train Acc: 70.18%, Val Loss: 0.7236, Val Acc: 73.54%
2026-02-09 00:09:41,417 - INFO - Best model saved with accuracy: 73.54%
2026-02-09 00:10:02,991 - INFO - Epoch [15] Batch [0/35]                     Loss: 0.7668, Hard: 0.7668, Soft: 0.1638                     Acc: 62.50% LR: 0.000476                     Alpha: 0.5744425058364868                     Beta: 0.0                     MemKD: 0.5
2026-02-09 00:10:14,706 - INFO - Epoch [15] Batch [20/35]                     Loss: 0.7540, Hard: 0.7540, Soft: 0.1436                     Acc: 71.13% LR: 0.000476                     Alpha: 0.5744425058364868                     Beta: 0.0                     MemKD: 0.5
2026-02-09 00:10:47,244 - INFO - Epoch [15/100] Train Loss: 0.7630, Train Acc: 71.96%, Val Loss: 0.8451, Val Acc: 67.42%
2026-02-09 00:11:09,150 - INFO - Epoch [16] Batch [0/35]                     Loss: 0.6333, Hard: 0.6333, Soft: 0.1592                     Acc: 68.75% LR: 0.000473                     Alpha: 0.5744425058364868                     Beta: 0.0                     MemKD: 0.5
2026-02-09 00:11:20,896 - INFO - Epoch [16] Batch [20/35]                     Loss: 0.9981, Hard: 0.9981, Soft: 0.1711                     Acc: 68.45% LR: 0.000473                     Alpha: 0.5744425058364868                     Beta: 0.0                     MemKD: 0.5
2026-02-09 00:11:53,251 - INFO - Epoch [16/100] Train Loss: 0.7940, Train Acc: 69.29%, Val Loss: 0.7799, Val Acc: 67.15%
2026-02-09 00:12:15,717 - INFO - Epoch [17] Batch [0/35]                     Loss: 0.7788, Hard: 0.7788, Soft: 0.2147                     Acc: 68.75% LR: 0.000469                     Alpha: 0.5744425058364868                     Beta: 0.0                     MemKD: 0.5
2026-02-09 00:12:24,983 - INFO - Epoch [17] Batch [20/35]                     Loss: 0.6431, Hard: 0.6431, Soft: 0.1580                     Acc: 71.43% LR: 0.000469                     Alpha: 0.5744425058364868                     Beta: 0.0                     MemKD: 0.5
2026-02-09 00:12:55,355 - INFO - Epoch [17/100] Train Loss: 0.7817, Train Acc: 70.18%, Val Loss: 0.6926, Val Acc: 73.14%
2026-02-09 00:13:16,524 - INFO - Epoch [18] Batch [0/35]                     Loss: 1.0351, Hard: 1.0351, Soft: 0.2410                     Acc: 62.50% LR: 0.000465                     Alpha: 0.5744425058364868                     Beta: 0.0                     MemKD: 0.5
2026-02-09 00:13:28,433 - INFO - Epoch [18] Batch [20/35]                     Loss: 1.0584, Hard: 1.0584, Soft: 0.2135                     Acc: 72.02% LR: 0.000465                     Alpha: 0.5744425058364868                     Beta: 0.0                     MemKD: 0.5
2026-02-09 00:14:01,243 - INFO - Epoch [18/100] Train Loss: 0.7698, Train Acc: 70.18%, Val Loss: 0.8139, Val Acc: 68.88%
2026-02-09 00:14:22,916 - INFO - Epoch [19] Batch [0/35]                     Loss: 0.5575, Hard: 0.5575, Soft: 0.1555                     Acc: 75.00% LR: 0.000461                     Alpha: 0.5744425058364868                     Beta: 0.0                     MemKD: 0.5
2026-02-09 00:14:34,379 - INFO - Epoch [19] Batch [20/35]                     Loss: 0.7242, Hard: 0.7242, Soft: 0.2201                     Acc: 73.81% LR: 0.000461                     Alpha: 0.5744425058364868                     Beta: 0.0                     MemKD: 0.5
2026-02-09 00:15:07,755 - INFO - Epoch [19/100] Train Loss: 0.7789, Train Acc: 71.43%, Val Loss: 0.6982, Val Acc: 74.20%
2026-02-09 00:15:07,755 - INFO - Best model saved with accuracy: 74.20%
2026-02-09 00:15:29,519 - INFO - Epoch [20] Batch [0/35]                     Loss: 0.6169, Hard: 0.6169, Soft: 0.1388                     Acc: 68.75% LR: 0.000457                     Alpha: 0.5744425058364868                     Beta: 0.0                     MemKD: 0.5
2026-02-09 00:15:40,929 - INFO - Epoch [20] Batch [20/35]                     Loss: 0.8715, Hard: 0.8715, Soft: 0.1610                     Acc: 69.94% LR: 0.000457                     Alpha: 0.5744425058364868                     Beta: 0.0                     MemKD: 0.5
2026-02-09 00:16:14,629 - INFO - Epoch [20/100] Train Loss: 0.7548, Train Acc: 70.36%, Val Loss: 0.8115, Val Acc: 66.89%
2026-02-09 00:16:14,672 - INFO - Checkpoint saved at epoch 20
2026-02-09 00:16:36,896 - INFO - Epoch [21] Batch [0/35]                     Loss: 0.6309, Hard: 0.6271, Soft: 0.1532                     Acc: 75.00% LR: 0.000452                     Alpha: 0.5744425058364868                     Beta: 0.0                     MemKD: 0.5
2026-02-09 00:16:47,991 - INFO - Epoch [21] Batch [20/35]                     Loss: 0.4254, Hard: 0.4230, Soft: 0.0968                     Acc: 76.19% LR: 0.000452                     Alpha: 0.5744425058364868                     Beta: -0.03849194943904877                     MemKD: 0.5049179196357727
2026-02-09 00:17:20,896 - INFO - Epoch [21/100] Train Loss: 0.7053, Train Acc: 73.57%, Val Loss: 0.9969, Val Acc: 63.16%
2026-02-09 00:17:43,860 - INFO - Epoch [22] Batch [0/35]                     Loss: 1.4887, Hard: 1.4766, Soft: 0.2413                     Acc: 37.50% LR: 0.000448                     Alpha: 0.5744425058364868                     Beta: -0.06507174670696259                     MemKD: 0.5085337162017822
2026-02-09 00:17:51,724 - INFO - Epoch [22] Batch [20/35]                     Loss: 0.8918, Hard: 0.8852, Soft: 0.1320                     Acc: 69.94% LR: 0.000448                     Alpha: 0.5744425058364868                     Beta: -0.10122492164373398                     MemKD: 0.5122199654579163
2026-02-09 00:18:21,926 - INFO - Epoch [22/100] Train Loss: 0.7752, Train Acc: 71.07%, Val Loss: 0.7213, Val Acc: 71.54%
2026-02-09 00:18:44,201 - INFO - Epoch [23] Batch [0/35]                     Loss: 0.5529, Hard: 0.5465, Soft: 0.0845                     Acc: 81.25% LR: 0.000443                     Alpha: 0.5744425058364868                     Beta: -0.1256127953529358                     MemKD: 0.5135554671287537
2026-02-09 00:18:55,438 - INFO - Epoch [23] Batch [20/35]                     Loss: 0.7765, Hard: 0.7692, Soft: 0.0966                     Acc: 73.81% LR: 0.000443                     Alpha: 0.5744425058364868                     Beta: -0.15788985788822174                     MemKD: 0.5115149021148682
2026-02-09 00:19:28,374 - INFO - Epoch [23/100] Train Loss: 0.6827, Train Acc: 74.29%, Val Loss: 1.1510, Val Acc: 59.04%
2026-02-09 00:19:50,957 - INFO - Epoch [24] Batch [0/35]                     Loss: 0.5456, Hard: 0.5386, Soft: 0.0706                     Acc: 75.00% LR: 0.000438                     Alpha: 0.5744425058364868                     Beta: -0.17991994321346283                     MemKD: 0.5075090527534485
2026-02-09 00:20:02,226 - INFO - Epoch [24] Batch [20/35]                     Loss: 0.2854, Hard: 0.2884, Soft: -0.0307                     Acc: 73.21% LR: 0.000438                     Alpha: 0.5744425058364868                     Beta: -0.2101239562034607                     MemKD: 0.5012114644050598
2026-02-09 00:20:35,478 - INFO - Epoch [24/100] Train Loss: 0.6719, Train Acc: 74.64%, Val Loss: 0.9663, Val Acc: 60.11%
2026-02-09 00:20:57,828 - INFO - Epoch [25] Batch [0/35]                     Loss: 0.8160, Hard: 0.8069, Soft: 0.0728                     Acc: 68.75% LR: 0.000432                     Alpha: 0.5744425058364868                     Beta: -0.23145052790641785                     MemKD: 0.49624836444854736
2026-02-09 00:21:09,639 - INFO - Epoch [25] Batch [20/35]                     Loss: 0.3556, Hard: 0.3586, Soft: -0.0238                     Acc: 72.32% LR: 0.000432                     Alpha: 0.5744425058364868                     Beta: -0.2597939372062683                     MemKD: 0.4887625277042389
2026-02-09 00:21:42,129 - INFO - Epoch [25/100] Train Loss: 0.6684, Train Acc: 73.39%, Val Loss: 0.6550, Val Acc: 75.53%
2026-02-09 00:21:42,129 - INFO - Best model saved with accuracy: 75.53%
2026-02-09 00:22:03,734 - INFO - Epoch [26] Batch [0/35]                     Loss: 0.4739, Hard: 0.4766, Soft: -0.0180                     Acc: 87.50% LR: 0.000427                     Alpha: 0.5744425058364868                     Beta: -0.2797107994556427                     MemKD: 0.4835042953491211
2026-02-09 00:22:15,530 - INFO - Epoch [26] Batch [20/35]                     Loss: 0.9407, Hard: 0.9349, Soft: 0.0386                     Acc: 77.68% LR: 0.000427                     Alpha: 0.5744425058364868                     Beta: -0.30576735734939575                     MemKD: 0.4764005243778229
2026-02-09 00:22:48,644 - INFO - Epoch [26/100] Train Loss: 0.6278, Train Acc: 76.43%, Val Loss: 0.8394, Val Acc: 67.95%
2026-02-09 00:23:10,267 - INFO - Epoch [27] Batch [0/35]                     Loss: 0.4053, Hard: 0.4090, Soft: -0.0214                     Acc: 87.50% LR: 0.000421                     Alpha: 0.5744425058364868                     Beta: -0.3242778182029724                     MemKD: 0.47118905186653137
2026-02-09 00:23:18,157 - INFO - Epoch [27] Batch [20/35]                     Loss: 0.3779, Hard: 0.3972, Soft: -0.1103                     Acc: 76.19% LR: 0.000421                     Alpha: 0.5744425058364868                     Beta: -0.34911462664604187                     MemKD: 0.46441173553466797
2026-02-09 00:23:47,774 - INFO - Epoch [27/100] Train Loss: 0.6389, Train Acc: 75.18%, Val Loss: 0.6604, Val Acc: 76.06%
2026-02-09 00:23:47,774 - INFO - Best model saved with accuracy: 76.06%
2026-02-09 00:24:09,644 - INFO - Epoch [28] Batch [0/35]                     Loss: 1.2686, Hard: 1.2428, Soft: 0.1287                     Acc: 50.00% LR: 0.000415                     Alpha: 0.5744425058364868                     Beta: -0.36688700318336487                     MemKD: 0.45943590998649597
2026-02-09 00:24:21,486 - INFO - Epoch [28] Batch [20/35]                     Loss: 0.3808, Hard: 0.3916, Soft: -0.0541                     Acc: 77.38% LR: 0.000415                     Alpha: 0.5744425058364868                     Beta: -0.38947758078575134                     MemKD: 0.45346763730049133
2026-02-09 00:24:54,778 - INFO - Epoch [28/100] Train Loss: 0.6069, Train Acc: 77.32%, Val Loss: 0.7487, Val Acc: 70.88%
2026-02-09 00:25:17,143 - INFO - Epoch [29] Batch [0/35]                     Loss: 0.5593, Hard: 0.5833, Soft: -0.1065                     Acc: 81.25% LR: 0.000409                     Alpha: 0.5744425058364868                     Beta: -0.40695661306381226                     MemKD: 0.4483589231967926
2026-02-09 00:25:28,929 - INFO - Epoch [29] Batch [20/35]                     Loss: 0.6785, Hard: 0.6939, Soft: -0.0681                     Acc: 78.57% LR: 0.000409                     Alpha: 0.5744425058364868                     Beta: -0.4300055205821991                     MemKD: 0.4418528974056244
2026-02-09 00:26:02,385 - INFO - Epoch [29/100] Train Loss: 0.5435, Train Acc: 79.82%, Val Loss: 0.7570, Val Acc: 70.74%
2026-02-09 00:26:24,527 - INFO - Epoch [30] Batch [0/35]                     Loss: 0.6816, Hard: 0.6955, Soft: -0.0557                     Acc: 75.00% LR: 0.000403                     Alpha: 0.5744425058364868                     Beta: -0.44739145040512085                     MemKD: 0.4370293915271759
2026-02-09 00:26:36,210 - INFO - Epoch [30] Batch [20/35]                     Loss: 0.8147, Hard: 0.8238, Soft: -0.0363                     Acc: 79.46% LR: 0.000403                     Alpha: 0.5744425058364868                     Beta: -0.4700295329093933                     MemKD: 0.4307009279727936
2026-02-09 00:27:09,706 - INFO - Epoch [30/100] Train Loss: 0.5433, Train Acc: 78.57%, Val Loss: 0.5823, Val Acc: 78.19%
2026-02-09 00:27:09,706 - INFO - Best model saved with accuracy: 78.19%
2026-02-09 00:27:09,776 - INFO - Checkpoint saved at epoch 30
2026-02-09 00:27:31,154 - INFO - Epoch [31] Batch [0/35]                     Loss: 0.6762, Hard: 0.7114, Soft: -0.1280                     Acc: 75.00% LR: 0.000397                     Alpha: 0.5744425058364868                     Beta: -0.4863395094871521                     MemKD: 0.4262477159500122
2026-02-09 00:27:42,792 - INFO - Epoch [31] Batch [20/35]                     Loss: 0.4020, Hard: 0.4535, Soft: -0.1870                     Acc: 76.79% LR: 0.000397                     Alpha: 0.5744425058364868                     Beta: -0.5073277950286865                     MemKD: 0.4206685423851013
2026-02-09 00:28:16,609 - INFO - Epoch [31/100] Train Loss: 0.5255, Train Acc: 78.04%, Val Loss: 0.6847, Val Acc: 73.80%
2026-02-09 00:28:38,569 - INFO - Epoch [32] Batch [0/35]                     Loss: 0.5926, Hard: 0.6381, Soft: -0.1518                     Acc: 75.00% LR: 0.000391                     Alpha: 0.5744425058364868                     Beta: -0.522943377494812                     MemKD: 0.4164590537548065
2026-02-09 00:28:46,469 - INFO - Epoch [32] Batch [20/35]                     Loss: 0.5520, Hard: 0.6112, Soft: -0.1974                     Acc: 77.08% LR: 0.000391                     Alpha: 0.5744425058364868                     Beta: -0.5435089468955994                     MemKD: 0.4108118414878845
2026-02-09 00:29:17,027 - INFO - Epoch [32/100] Train Loss: 0.5061, Train Acc: 78.57%, Val Loss: 0.5627, Val Acc: 79.39%
2026-02-09 00:29:17,027 - INFO - Best model saved with accuracy: 79.39%
2026-02-09 00:29:39,471 - INFO - Epoch [33] Batch [0/35]                     Loss: 0.3047, Hard: 0.3885, Soft: -0.2579                     Acc: 87.50% LR: 0.000384                     Alpha: 0.5744425058364868                     Beta: -0.5586121082305908                     MemKD: 0.40675845742225647
2026-02-09 00:29:51,101 - INFO - Epoch [33] Batch [20/35]                     Loss: 0.5525, Hard: 0.6280, Soft: -0.2325                     Acc: 76.49% LR: 0.000384                     Alpha: 0.5744425058364868                     Beta: -0.5779805183410645                     MemKD: 0.40158066153526306
2026-02-09 00:30:25,218 - INFO - Epoch [33/100] Train Loss: 0.5424, Train Acc: 76.61%, Val Loss: 0.6356, Val Acc: 74.47%
2026-02-09 00:30:48,604 - INFO - Epoch [34] Batch [0/35]                     Loss: 0.4784, Hard: 0.5777, Soft: -0.2839                     Acc: 81.25% LR: 0.000377                     Alpha: 0.5744425058364868                     Beta: -0.5919269919395447                     MemKD: 0.39796072244644165
2026-02-09 00:31:00,071 - INFO - Epoch [34] Batch [20/35]                     Loss: 0.4845, Hard: 0.5871, Soft: -0.2932                     Acc: 79.17% LR: 0.000377                     Alpha: 0.5744425058364868                     Beta: -0.610900342464447                     MemKD: 0.3929358422756195
2026-02-09 00:31:33,566 - INFO - Epoch [34/100] Train Loss: 0.4629, Train Acc: 78.93%, Val Loss: 0.6905, Val Acc: 71.54%
2026-02-09 00:31:56,050 - INFO - Epoch [35] Batch [0/35]                     Loss: 1.1521, Hard: 1.1684, Soft: -0.0435                     Acc: 50.00% LR: 0.000370                     Alpha: 0.5744425058364868                     Beta: -0.624422013759613                     MemKD: 0.3894414007663727
2026-02-09 00:32:07,748 - INFO - Epoch [35] Batch [20/35]                     Loss: 0.1777, Hard: 0.3144, Soft: -0.3645                     Acc: 76.79% LR: 0.000370                     Alpha: 0.5744425058364868                     Beta: -0.6422478556632996                     MemKD: 0.38483983278274536
2026-02-09 00:32:41,525 - INFO - Epoch [35/100] Train Loss: 0.4482, Train Acc: 78.21%, Val Loss: 0.7323, Val Acc: 69.81%
2026-02-09 00:33:03,549 - INFO - Epoch [36] Batch [0/35]                     Loss: 0.3531, Hard: 0.5045, Soft: -0.3785                     Acc: 75.00% LR: 0.000363                     Alpha: 0.5744425058364868                     Beta: -0.6554845571517944                     MemKD: 0.38141947984695435
2026-02-09 00:33:15,506 - INFO - Epoch [36] Batch [20/35]                     Loss: 0.7148, Hard: 0.8176, Soft: -0.2569                     Acc: 79.46% LR: 0.000363                     Alpha: 0.5744425058364868                     Beta: -0.672856867313385                     MemKD: 0.376961886882782
2026-02-09 00:33:49,160 - INFO - Epoch [36/100] Train Loss: 0.3949, Train Acc: 79.64%, Val Loss: 0.8276, Val Acc: 70.08%
2026-02-09 00:34:11,758 - INFO - Epoch [37] Batch [0/35]                     Loss: 0.3135, Hard: 0.5110, Soft: -0.4648                     Acc: 87.50% LR: 0.000356                     Alpha: 0.5744425058364868                     Beta: -0.6853377819061279                     MemKD: 0.37379077076911926
2026-02-09 00:34:19,561 - INFO - Epoch [37] Batch [20/35]                     Loss: 0.4681, Hard: 0.6274, Soft: -0.3747                     Acc: 81.85% LR: 0.000356                     Alpha: 0.5744425058364868                     Beta: -0.7021510601043701                     MemKD: 0.36947813630104065
2026-02-09 00:34:48,277 - INFO - Epoch [37/100] Train Loss: 0.3147, Train Acc: 82.14%, Val Loss: 0.5454, Val Acc: 80.19%
2026-02-09 00:34:48,277 - INFO - Best model saved with accuracy: 80.19%
2026-02-09 00:35:11,223 - INFO - Epoch [38] Batch [0/35]                     Loss: 0.0359, Hard: 0.2590, Soft: -0.4956                     Acc: 93.75% LR: 0.000349                     Alpha: 0.5744425058364868                     Beta: -0.71442711353302                     MemKD: 0.3663158714771271
2026-02-09 00:35:22,939 - INFO - Epoch [38] Batch [20/35]                     Loss: 0.9263, Hard: 1.0234, Soft: -0.2157                     Acc: 84.23% LR: 0.000349                     Alpha: 0.5744425058364868                     Beta: -0.7306379079818726                     MemKD: 0.3621427118778229
2026-02-09 00:35:55,317 - INFO - Epoch [38/100] Train Loss: 0.2852, Train Acc: 81.79%, Val Loss: 0.5061, Val Acc: 80.32%
2026-02-09 00:35:55,318 - INFO - Best model saved with accuracy: 80.32%
2026-02-09 00:36:18,414 - INFO - Epoch [39] Batch [0/35]                     Loss: 0.0301, Hard: 0.2939, Soft: -0.5553                     Acc: 93.75% LR: 0.000342                     Alpha: 0.5744425058364868                     Beta: -0.7419628500938416                     MemKD: 0.3593480587005615
2026-02-09 00:36:29,041 - INFO - Epoch [39] Batch [20/35]                     Loss: 0.0243, Hard: 0.3028, Soft: -0.5863                     Acc: 85.42% LR: 0.000342                     Alpha: 0.5744425058364868                     Beta: -0.7571765184402466                     MemKD: 0.35552433133125305
2026-02-09 00:37:02,462 - INFO - Epoch [39/100] Train Loss: 0.1880, Train Acc: 85.36%, Val Loss: 0.5328, Val Acc: 79.39%
2026-02-09 00:37:25,349 - INFO - Epoch [40] Batch [0/35]                     Loss: 0.1229, Hard: 0.3943, Soft: -0.5428                     Acc: 75.00% LR: 0.000335                     Alpha: 0.5744425058364868                     Beta: -0.7684867978096008                     MemKD: 0.35269230604171753
2026-02-09 00:37:36,499 - INFO - Epoch [40] Batch [20/35]                     Loss: 0.0052, Hard: 0.3230, Soft: -0.6357                     Acc: 82.14% LR: 0.000335                     Alpha: 0.5744425058364868                     Beta: -0.7829633951187134                     MemKD: 0.3491063416004181
2026-02-09 00:38:09,016 - INFO - Epoch [40/100] Train Loss: 0.2385, Train Acc: 80.54%, Val Loss: 0.5491, Val Acc: 79.52%
2026-02-09 00:38:09,073 - INFO - Checkpoint saved at epoch 40
2026-02-09 00:38:32,413 - INFO - Epoch [41] Batch [0/35]                     Loss: -0.1133, Hard: 0.2114, Soft: -0.6185                     Acc: 100.00% LR: 0.000327                     Alpha: 0.5744425058364868                     Beta: -0.7935172915458679                     MemKD: 0.3465333878993988
2026-02-09 00:38:43,545 - INFO - Epoch [41] Batch [20/35]                     Loss: 0.1744, Hard: 0.4503, Soft: -0.5256                     Acc: 83.04% LR: 0.000327                     Alpha: 0.5744425058364868                     Beta: -0.8070950508117676                     MemKD: 0.34327781200408936
2026-02-09 00:39:17,057 - INFO - Epoch [41/100] Train Loss: 0.2035, Train Acc: 83.75%, Val Loss: 0.7139, Val Acc: 75.66%
2026-02-09 00:39:38,970 - INFO - Epoch [42] Batch [0/35]                     Loss: 0.0603, Hard: 0.3958, Soft: -0.6101                     Acc: 87.50% LR: 0.000320                     Alpha: 0.5744425058364868                     Beta: -0.8173161745071411                     MemKD: 0.3408242464065552
2026-02-09 00:39:47,090 - INFO - Epoch [42] Batch [20/35]                     Loss: 0.3226, Hard: 0.6159, Soft: -0.5332                     Acc: 86.90% LR: 0.000320                     Alpha: 0.5744425058364868                     Beta: -0.8308362364768982                     MemKD: 0.3375647962093353
2026-02-09 00:40:17,914 - INFO - Epoch [42/100] Train Loss: 0.0558, Train Acc: 86.96%, Val Loss: 0.4790, Val Acc: 81.91%
2026-02-09 00:40:17,915 - INFO - Best model saved with accuracy: 81.91%
2026-02-09 00:40:40,019 - INFO - Epoch [43] Batch [0/35]                     Loss: -0.0719, Hard: 0.3431, Soft: -0.7218                     Acc: 81.25% LR: 0.000312                     Alpha: 0.5744425058364868                     Beta: -0.8408174514770508                     MemKD: 0.33514636754989624
2026-02-09 00:40:51,819 - INFO - Epoch [43] Batch [20/35]                     Loss: 0.0354, Hard: 0.3949, Soft: -0.6254                     Acc: 81.85% LR: 0.000312                     Alpha: 0.5744425058364868                     Beta: -0.8536674380302429                     MemKD: 0.3320876955986023
2026-02-09 00:41:24,305 - INFO - Epoch [43/100] Train Loss: 0.0817, Train Acc: 83.75%, Val Loss: 0.5800, Val Acc: 77.93%
2026-02-09 00:41:45,703 - INFO - Epoch [44] Batch [0/35]                     Loss: 0.0340, Hard: 0.4470, Soft: -0.6883                     Acc: 87.50% LR: 0.000305                     Alpha: 0.5744425058364868                     Beta: -0.8631375432014465                     MemKD: 0.3298424184322357
2026-02-09 00:41:57,230 - INFO - Epoch [44] Batch [20/35]                     Loss: -0.1008, Hard: 0.3144, Soft: -0.6920                     Acc: 86.01% LR: 0.000305                     Alpha: 0.5744425058364868                     Beta: -0.8753787279129028                     MemKD: 0.3269543945789337
2026-02-09 00:42:30,775 - INFO - Epoch [44/100] Train Loss: 0.0384, Train Acc: 84.64%, Val Loss: 0.5601, Val Acc: 79.92%
2026-02-09 00:42:51,666 - INFO - Epoch [45] Batch [0/35]                     Loss: 0.0430, Hard: 0.4516, Soft: -0.6537                     Acc: 87.50% LR: 0.000297                     Alpha: 0.5744425058364868                     Beta: -0.8843226432800293                     MemKD: 0.3248726725578308
2026-02-09 00:43:03,245 - INFO - Epoch [45] Batch [20/35]                     Loss: -0.0247, Hard: 0.4059, Soft: -0.6889                     Acc: 86.61% LR: 0.000297                     Alpha: 0.5744425058364868                     Beta: -0.8962900042533875                     MemKD: 0.32205435633659363
2026-02-09 00:43:37,161 - INFO - Epoch [45/100] Train Loss: -0.0256, Train Acc: 85.54%, Val Loss: 0.7643, Val Acc: 73.14%
2026-02-09 00:43:58,693 - INFO - Epoch [46] Batch [0/35]                     Loss: 0.3798, Hard: 0.7425, Soft: -0.5579                     Acc: 75.00% LR: 0.000289                     Alpha: 0.5744425058364868                     Beta: -0.9049318432807922                     MemKD: 0.32005855441093445
2026-02-09 00:44:10,631 - INFO - Epoch [46] Batch [20/35]                     Loss: -0.1718, Hard: 0.3286, Soft: -0.7699                     Acc: 84.52% LR: 0.000289                     Alpha: 0.5744425058364868                     Beta: -0.9160605072975159                     MemKD: 0.31751689314842224
2026-02-09 00:44:43,145 - INFO - Epoch [46/100] Train Loss: -0.0325, Train Acc: 84.82%, Val Loss: 0.5020, Val Acc: 80.98%
2026-02-09 00:45:05,276 - INFO - Epoch [47] Batch [0/35]                     Loss: -0.0286, Hard: 0.4673, Soft: -0.7346                     Acc: 81.25% LR: 0.000281                     Alpha: 0.5744425058364868                     Beta: -0.9245516061782837                     MemKD: 0.3155554234981537
2026-02-09 00:45:13,159 - INFO - Epoch [47] Batch [20/35]                     Loss: 0.3799, Hard: 0.7855, Soft: -0.6010                     Acc: 81.25% LR: 0.000281                     Alpha: 0.5744425058364868                     Beta: -0.9351929426193237                     MemKD: 0.31314173340797424
2026-02-09 00:45:44,440 - INFO - Epoch [47/100] Train Loss: -0.0759, Train Acc: 83.75%, Val Loss: 0.4771, Val Acc: 81.65%
2026-02-09 00:46:08,142 - INFO - Epoch [48] Batch [0/35]                     Loss: 0.0523, Hard: 0.5074, Soft: -0.6502                     Acc: 81.25% LR: 0.000274                     Alpha: 0.5744425058364868                     Beta: -0.9433507323265076                     MemKD: 0.31128445267677307
2026-02-09 00:46:18,935 - INFO - Epoch [48] Batch [20/35]                     Loss: -0.4086, Hard: 0.1995, Soft: -0.8687                     Acc: 85.12% LR: 0.000274                     Alpha: 0.5744425058364868                     Beta: -0.9537531733512878                     MemKD: 0.3089379072189331
2026-02-09 00:46:52,811 - INFO - Epoch [48/100] Train Loss: -0.1086, Train Acc: 83.93%, Val Loss: 0.5272, Val Acc: 79.79%
2026-02-09 00:47:14,101 - INFO - Epoch [49] Batch [0/35]                     Loss: -0.1100, Hard: 0.3930, Soft: -0.6938                     Acc: 81.25% LR: 0.000266                     Alpha: 0.5744425058364868                     Beta: -0.9613856673240662                     MemKD: 0.3072293698787689
2026-02-09 00:47:26,085 - INFO - Epoch [49] Batch [20/35]                     Loss: -0.0541, Hard: 0.4662, Soft: -0.7176                     Acc: 83.93% LR: 0.000266                     Alpha: 0.5744425058364868                     Beta: -0.9712462425231934                     MemKD: 0.3050343990325928
2026-02-09 00:47:59,623 - INFO - Epoch [49/100] Train Loss: -0.1382, Train Acc: 85.00%, Val Loss: 0.4942, Val Acc: 81.12%
2026-02-09 00:48:21,740 - INFO - Epoch [50] Batch [0/35]                     Loss: -0.3514, Hard: 0.2995, Soft: -0.8679                     Acc: 93.75% LR: 0.000258                     Alpha: 0.5744425058364868                     Beta: -0.978510320186615                     MemKD: 0.30343109369277954
2026-02-09 00:48:33,246 - INFO - Epoch [50] Batch [20/35]                     Loss: -0.2496, Hard: 0.3808, Soft: -0.8406                     Acc: 83.33% LR: 0.000258                     Alpha: 0.5744425058364868                     Beta: -0.9879351258277893                     MemKD: 0.30136221647262573
2026-02-09 00:49:05,863 - INFO - Epoch [50/100] Train Loss: -0.1773, Train Acc: 84.11%, Val Loss: 0.4905, Val Acc: 81.91%
2026-02-09 00:49:05,921 - INFO - Checkpoint saved at epoch 50
2026-02-09 00:49:27,610 - INFO - Epoch [51] Batch [0/35]                     Loss: -0.2048, Hard: 0.4507, Soft: -0.8457                     Acc: 87.50% LR: 0.000250                     Alpha: 0.5744425058364868                     Beta: -0.9951400756835938                     MemKD: 0.2997708022594452
2026-02-09 00:49:38,367 - INFO - Epoch [51] Batch [20/35]                     Loss: -0.4221, Hard: 0.2746, Soft: -0.8989                     Acc: 86.31% LR: 0.000250                     Alpha: 0.5744425058364868                     Beta: -1.004441738128662                     MemKD: 0.2977302670478821
2026-02-09 00:50:10,557 - INFO - Epoch [51/100] Train Loss: -0.3547, Train Acc: 87.32%, Val Loss: 0.4360, Val Acc: 83.24%
2026-02-09 00:50:10,558 - INFO - Best model saved with accuracy: 83.24%
2026-02-09 00:50:31,840 - INFO - Epoch [52] Batch [0/35]                     Loss: -0.2046, Hard: 0.4505, Soft: -0.8189                     Acc: 87.50% LR: 0.000242                     Alpha: 0.5744425058364868                     Beta: -1.011401891708374                     MemKD: 0.29619699716567993
2026-02-09 00:50:40,337 - INFO - Epoch [52] Batch [20/35]                     Loss: -0.4519, Hard: 0.2506, Soft: -0.8782                     Acc: 84.23% LR: 0.000242                     Alpha: 0.5744425058364868                     Beta: -1.0202418565750122                     MemKD: 0.29427677392959595
2026-02-09 00:51:13,174 - INFO - Epoch [52/100] Train Loss: -0.3040, Train Acc: 84.64%, Val Loss: 0.4499, Val Acc: 82.71%
2026-02-09 00:51:36,408 - INFO - Epoch [53] Batch [0/35]                     Loss: -0.5022, Hard: 0.2399, Soft: -0.8996                     Acc: 93.75% LR: 0.000234                     Alpha: 0.5744425058364868                     Beta: -1.0267754793167114                     MemKD: 0.29286307096481323
2026-02-09 00:51:47,906 - INFO - Epoch [53] Batch [20/35]                     Loss: -0.5310, Hard: 0.2557, Soft: -0.9536                     Acc: 88.39% LR: 0.000234                     Alpha: 0.5744425058364868                     Beta: -1.035282850265503                     MemKD: 0.29102277755737305
2026-02-09 00:52:21,682 - INFO - Epoch [53/100] Train Loss: -0.3980, Train Acc: 87.86%, Val Loss: 0.5425, Val Acc: 80.05%
2026-02-09 00:52:44,877 - INFO - Epoch [54] Batch [0/35]                     Loss: 0.0197, Hard: 0.6634, Soft: -0.7572                     Acc: 81.25% LR: 0.000226                     Alpha: 0.5744425058364868                     Beta: -1.041589379310608                     MemKD: 0.2896724343299866
2026-02-09 00:52:55,857 - INFO - Epoch [54] Batch [20/35]                     Loss: -0.4711, Hard: 0.3514, Soft: -0.9677                     Acc: 86.61% LR: 0.000226                     Alpha: 0.5744425058364868                     Beta: -1.0497452020645142                     MemKD: 0.2879217267036438
2026-02-09 00:53:29,465 - INFO - Epoch [54/100] Train Loss: -0.4317, Train Acc: 87.14%, Val Loss: 0.4837, Val Acc: 80.85%
2026-02-09 00:53:51,106 - INFO - Epoch [55] Batch [0/35]                     Loss: -0.4773, Hard: 0.3318, Soft: -0.9247                     Acc: 81.25% LR: 0.000219                     Alpha: 0.5744425058364868                     Beta: -1.0557373762130737                     MemKD: 0.28663966059684753
2026-02-09 00:54:03,075 - INFO - Epoch [55] Batch [20/35]                     Loss: -0.5799, Hard: 0.2632, Soft: -0.9635                     Acc: 84.52% LR: 0.000219                     Alpha: 0.5744425058364868                     Beta: -1.063420057296753                     MemKD: 0.2850112020969391
2026-02-09 00:54:36,521 - INFO - Epoch [55/100] Train Loss: -0.4200, Train Acc: 84.82%, Val Loss: 0.4358, Val Acc: 83.11%
2026-02-09 00:54:58,815 - INFO - Epoch [56] Batch [0/35]                     Loss: -0.5057, Hard: 0.3671, Soft: -0.9697                     Acc: 93.75% LR: 0.000211                     Alpha: 0.5744425058364868                     Beta: -1.0691653490066528                     MemKD: 0.28379854559898376
2026-02-09 00:55:10,515 - INFO - Epoch [56] Batch [20/35]                     Loss: -0.5777, Hard: 0.2826, Soft: -0.9558                     Acc: 85.42% LR: 0.000211                     Alpha: 0.5744425058364868                     Beta: -1.0764307975769043                     MemKD: 0.2822718322277069
2026-02-09 00:55:40,889 - INFO - Epoch [56/100] Train Loss: -0.5040, Train Acc: 86.96%, Val Loss: 0.4103, Val Acc: 84.44%
2026-02-09 00:55:40,889 - INFO - Best model saved with accuracy: 84.44%
2026-02-09 00:56:02,087 - INFO - Epoch [57] Batch [0/35]                     Loss: -0.6216, Hard: 0.3259, Soft: -1.0243                     Acc: 87.50% LR: 0.000203                     Alpha: 0.5744425058364868                     Beta: -1.0818959474563599                     MemKD: 0.28112417459487915
2026-02-09 00:56:13,115 - INFO - Epoch [57] Batch [20/35]                     Loss: -0.5278, Hard: 0.4112, Soft: -1.0151                     Acc: 88.39% LR: 0.000203                     Alpha: 0.5744425058364868                     Beta: -1.0889132022857666                     MemKD: 0.2796536982059479
2026-02-09 00:56:45,445 - INFO - Epoch [57/100] Train Loss: -0.5473, Train Acc: 87.50%, Val Loss: 0.5013, Val Acc: 81.91%
2026-02-09 00:57:07,963 - INFO - Epoch [58] Batch [0/35]                     Loss: -0.8857, Hard: 0.1848, Soft: -1.1268                     Acc: 93.75% LR: 0.000195                     Alpha: 0.5744425058364868                     Beta: -1.0942286252975464                     MemKD: 0.2785455882549286
2026-02-09 00:57:19,509 - INFO - Epoch [58] Batch [20/35]                     Loss: -0.9437, Hard: 0.1920, Soft: -1.1954                     Acc: 88.39% LR: 0.000195                     Alpha: 0.5744425058364868                     Beta: -1.1010059118270874                     MemKD: 0.2771351933479309
2026-02-09 00:57:52,258 - INFO - Epoch [58/100] Train Loss: -0.5946, Train Acc: 86.61%, Val Loss: 0.4897, Val Acc: 82.31%
2026-02-09 00:58:14,427 - INFO - Epoch [59] Batch [0/35]                     Loss: -0.8701, Hard: 0.2292, Soft: -1.1275                     Acc: 93.75% LR: 0.000188                     Alpha: 0.5744425058364868                     Beta: -1.105966329574585                     MemKD: 0.27610915899276733
2026-02-09 00:58:25,889 - INFO - Epoch [59] Batch [20/35]                     Loss: -0.9724, Hard: 0.1533, Soft: -1.1546                     Acc: 90.77% LR: 0.000188                     Alpha: 0.5744425058364868                     Beta: -1.1124290227890015                     MemKD: 0.27477556467056274
2026-02-09 00:58:59,972 - INFO - Epoch [59/100] Train Loss: -0.7446, Train Acc: 89.82%, Val Loss: 0.4649, Val Acc: 82.58%
2026-02-09 00:59:22,195 - INFO - Epoch [60] Batch [0/35]                     Loss: -0.7269, Hard: 0.2999, Soft: -1.0267                     Acc: 87.50% LR: 0.000180                     Alpha: 0.5744425058364868                     Beta: -1.1172760725021362                     MemKD: 0.2737724781036377
2026-02-09 00:59:34,017 - INFO - Epoch [60] Batch [20/35]                     Loss: -0.9283, Hard: 0.1961, Soft: -1.1244                     Acc: 86.31% LR: 0.000180                     Alpha: 0.5744425058364868                     Beta: -1.1232658624649048                     MemKD: 0.272558331489563
2026-02-09 01:00:06,763 - INFO - Epoch [60/100] Train Loss: -0.6459, Train Acc: 86.96%, Val Loss: 0.5265, Val Acc: 80.19%
2026-02-09 01:00:06,810 - INFO - Checkpoint saved at epoch 60
2026-02-09 01:00:29,505 - INFO - Epoch [61] Batch [0/35]                     Loss: -0.0735, Hard: 0.7136, Soft: -0.7871                     Acc: 75.00% LR: 0.000173                     Alpha: 0.5744425058364868                     Beta: -1.1277481317520142                     MemKD: 0.27164560556411743
2026-02-09 01:00:40,847 - INFO - Epoch [61] Batch [20/35]                     Loss: -0.4184, Hard: 0.5481, Soft: -0.9665                     Acc: 86.61% LR: 0.000173                     Alpha: 0.5744425058364868                     Beta: -1.1333690881729126                     MemKD: 0.2705077528953552
2026-02-09 01:01:09,612 - INFO - Epoch [61/100] Train Loss: -0.5984, Train Acc: 84.46%, Val Loss: 0.4410, Val Acc: 84.04%
2026-02-09 01:01:31,542 - INFO - Epoch [62] Batch [0/35]                     Loss: -0.8130, Hard: 0.2941, Soft: -1.1071                     Acc: 87.50% LR: 0.000165                     Alpha: 0.5744425058364868                     Beta: -1.137405276298523                     MemKD: 0.26970723271369934
2026-02-09 01:01:42,889 - INFO - Epoch [62] Batch [20/35]                     Loss: -0.4661, Hard: 0.5131, Soft: -0.9792                     Acc: 87.80% LR: 0.000165                     Alpha: 0.5744425058364868                     Beta: -1.1427159309387207                     MemKD: 0.26863646507263184
2026-02-09 01:02:15,094 - INFO - Epoch [62/100] Train Loss: -0.7430, Train Acc: 87.86%, Val Loss: 0.4670, Val Acc: 82.58%
2026-02-09 01:02:37,000 - INFO - Epoch [63] Batch [0/35]                     Loss: -0.6506, Hard: 0.4543, Soft: -1.1049                     Acc: 81.25% LR: 0.000158                     Alpha: 0.5744425058364868                     Beta: -1.1466448307037354                     MemKD: 0.2678438723087311
2026-02-09 01:02:48,591 - INFO - Epoch [63] Batch [20/35]                     Loss: -1.1046, Hard: 0.1084, Soft: -1.2130                     Acc: 87.80% LR: 0.000158                     Alpha: 0.5744425058364868                     Beta: -1.1515733003616333                     MemKD: 0.26684942841529846
2026-02-09 01:03:22,584 - INFO - Epoch [63/100] Train Loss: -0.7605, Train Acc: 88.39%, Val Loss: 0.4271, Val Acc: 83.11%
2026-02-09 01:03:44,568 - INFO - Epoch [64] Batch [0/35]                     Loss: -0.7994, Hard: 0.3128, Soft: -1.1122                     Acc: 81.25% LR: 0.000151                     Alpha: 0.5744425058364868                     Beta: -1.1552869081497192                     MemKD: 0.2661046087741852
2026-02-09 01:03:56,122 - INFO - Epoch [64] Batch [20/35]                     Loss: -0.7995, Hard: 0.2440, Soft: -1.0435                     Acc: 84.52% LR: 0.000151                     Alpha: 0.5744425058364868                     Beta: -1.159917950630188                     MemKD: 0.2651793658733368
2026-02-09 01:04:29,445 - INFO - Epoch [64/100] Train Loss: -0.7952, Train Acc: 87.32%, Val Loss: 0.4526, Val Acc: 83.11%
2026-02-09 01:04:51,503 - INFO - Epoch [65] Batch [0/35]                     Loss: -1.1128, Hard: 0.0925, Soft: -1.2053                     Acc: 100.00% LR: 0.000144                     Alpha: 0.5744425058364868                     Beta: -1.1633342504501343                     MemKD: 0.26449814438819885
2026-02-09 01:05:02,131 - INFO - Epoch [65] Batch [20/35]                     Loss: -0.7525, Hard: 0.3164, Soft: -1.0689                     Acc: 88.39% LR: 0.000144                     Alpha: 0.5744425058364868                     Beta: -1.167603850364685                     MemKD: 0.2636485695838928
2026-02-09 01:05:36,096 - INFO - Epoch [65/100] Train Loss: -0.7800, Train Acc: 87.68%, Val Loss: 0.4482, Val Acc: 83.64%
2026-02-09 01:05:57,141 - INFO - Epoch [66] Batch [0/35]                     Loss: -1.0134, Hard: 0.1407, Soft: -1.1541                     Acc: 93.75% LR: 0.000137                     Alpha: 0.5744425058364868                     Beta: -1.1708204746246338                     MemKD: 0.26301345229148865
2026-02-09 01:06:08,283 - INFO - Epoch [66] Batch [20/35]                     Loss: -0.7325, Hard: 0.3504, Soft: -1.0829                     Acc: 89.29% LR: 0.000137                     Alpha: 0.5744425058364868                     Beta: -1.1748816967010498                     MemKD: 0.2622075378894806
2026-02-09 01:06:37,781 - INFO - Epoch [66/100] Train Loss: -0.8280, Train Acc: 88.39%, Val Loss: 0.4188, Val Acc: 84.84%
2026-02-09 01:06:37,782 - INFO - Best model saved with accuracy: 84.84%
2026-02-09 01:07:00,377 - INFO - Epoch [67] Batch [0/35]                     Loss: -1.0156, Hard: 0.2079, Soft: -1.2235                     Acc: 93.75% LR: 0.000130                     Alpha: 0.5744425058364868                     Beta: -1.1778228282928467                     MemKD: 0.2616274356842041
2026-02-09 01:07:11,989 - INFO - Epoch [67] Batch [20/35]                     Loss: -1.1913, Hard: 0.0866, Soft: -1.2779                     Acc: 91.96% LR: 0.000130                     Alpha: 0.5744425058364868                     Beta: -1.1815894842147827                     MemKD: 0.2608810365200043
2026-02-09 01:07:45,147 - INFO - Epoch [67/100] Train Loss: -0.8583, Train Acc: 89.82%, Val Loss: 0.4342, Val Acc: 83.11%
2026-02-09 01:08:08,282 - INFO - Epoch [68] Batch [0/35]                     Loss: -0.5413, Hard: 0.4209, Soft: -0.9622                     Acc: 87.50% LR: 0.000123                     Alpha: 0.5744425058364868                     Beta: -1.1843383312225342                     MemKD: 0.26033809781074524
2026-02-09 01:08:19,506 - INFO - Epoch [68] Batch [20/35]                     Loss: -1.1529, Hard: 0.1028, Soft: -1.2558                     Acc: 90.18% LR: 0.000123                     Alpha: 0.5744425058364868                     Beta: -1.1878267526626587                     MemKD: 0.25965189933776855
2026-02-09 01:08:52,856 - INFO - Epoch [68/100] Train Loss: -0.8379, Train Acc: 89.46%, Val Loss: 0.5170, Val Acc: 79.92%
2026-02-09 01:09:14,284 - INFO - Epoch [69] Batch [0/35]                     Loss: -0.9810, Hard: 0.2155, Soft: -1.1965                     Acc: 93.75% LR: 0.000116                     Alpha: 0.5744425058364868                     Beta: -1.1904044151306152                     MemKD: 0.25914910435676575
2026-02-09 01:09:25,190 - INFO - Epoch [69] Batch [20/35]                     Loss: -0.6442, Hard: 0.4339, Soft: -1.0781                     Acc: 88.10% LR: 0.000116                     Alpha: 0.5744425058364868                     Beta: -1.1936105489730835                     MemKD: 0.2585235834121704
2026-02-09 01:09:57,534 - INFO - Epoch [69/100] Train Loss: -0.8369, Train Acc: 88.21%, Val Loss: 0.4293, Val Acc: 84.44%
2026-02-09 01:10:19,024 - INFO - Epoch [70] Batch [0/35]                     Loss: -0.9059, Hard: 0.2988, Soft: -1.2047                     Acc: 93.75% LR: 0.000109                     Alpha: 0.5744425058364868                     Beta: -1.195980429649353                     MemKD: 0.25806155800819397
2026-02-09 01:10:29,859 - INFO - Epoch [70] Batch [20/35]                     Loss: -0.7813, Hard: 0.3271, Soft: -1.1084                     Acc: 91.07% LR: 0.000109                     Alpha: 0.5744425058364868                     Beta: -1.1989647150039673                     MemKD: 0.2574794888496399
2026-02-09 01:11:02,962 - INFO - Epoch [70/100] Train Loss: -0.9201, Train Acc: 91.61%, Val Loss: 0.4622, Val Acc: 83.24%
2026-02-09 01:11:03,008 - INFO - Checkpoint saved at epoch 70
2026-02-09 01:11:25,555 - INFO - Epoch [71] Batch [0/35]                     Loss: -0.3309, Hard: 0.6869, Soft: -1.0178                     Acc: 75.00% LR: 0.000103                     Alpha: 0.5744425058364868                     Beta: -1.2012393474578857                     MemKD: 0.2570350170135498
2026-02-09 01:11:36,297 - INFO - Epoch [71] Batch [20/35]                     Loss: -0.8832, Hard: 0.2710, Soft: -1.1542                     Acc: 86.61% LR: 0.000103                     Alpha: 0.5744425058364868                     Beta: -1.204033613204956                     MemKD: 0.2564912438392639
2026-02-09 01:12:05,448 - INFO - Epoch [71/100] Train Loss: -0.8790, Train Acc: 88.21%, Val Loss: 0.4481, Val Acc: 84.44%
2026-02-09 01:12:27,411 - INFO - Epoch [72] Batch [0/35]                     Loss: -0.6073, Hard: 0.4223, Soft: -1.0297                     Acc: 81.25% LR: 0.000097                     Alpha: 0.5744425058364868                     Beta: -1.206095576286316                     MemKD: 0.25609099864959717
2026-02-09 01:12:38,904 - INFO - Epoch [72] Batch [20/35]                     Loss: -0.9852, Hard: 0.2535, Soft: -1.2387                     Acc: 88.10% LR: 0.000097                     Alpha: 0.5744425058364868                     Beta: -1.2086602449417114                     MemKD: 0.2555941641330719
2026-02-09 01:13:11,374 - INFO - Epoch [72/100] Train Loss: -0.8810, Train Acc: 88.21%, Val Loss: 0.4401, Val Acc: 83.51%
2026-02-09 01:13:32,218 - INFO - Epoch [73] Batch [0/35]                     Loss: -0.9891, Hard: 0.2149, Soft: -1.2040                     Acc: 93.75% LR: 0.000091                     Alpha: 0.5744425058364868                     Beta: -1.2105993032455444                     MemKD: 0.2552184760570526
2026-02-09 01:13:43,816 - INFO - Epoch [73] Batch [20/35]                     Loss: -0.9250, Hard: 0.2807, Soft: -1.2057                     Acc: 89.88% LR: 0.000091                     Alpha: 0.5744425058364868                     Beta: -1.2130048274993896                     MemKD: 0.2547520101070404
2026-02-09 01:14:17,425 - INFO - Epoch [73/100] Train Loss: -0.9959, Train Acc: 91.25%, Val Loss: 0.3969, Val Acc: 85.90%
2026-02-09 01:14:17,425 - INFO - Best model saved with accuracy: 85.90%
2026-02-09 01:14:38,647 - INFO - Epoch [74] Batch [0/35]                     Loss: -1.0999, Hard: 0.1484, Soft: -1.2483                     Acc: 100.00% LR: 0.000085                     Alpha: 0.5744425058364868                     Beta: -1.214835524559021                     MemKD: 0.2543952465057373
2026-02-09 01:14:49,382 - INFO - Epoch [74] Batch [20/35]                     Loss: -1.2429, Hard: 0.0924, Soft: -1.3353                     Acc: 92.86% LR: 0.000085                     Alpha: 0.5744425058364868                     Beta: -1.217071533203125                     MemKD: 0.25396162271499634
2026-02-09 01:15:22,725 - INFO - Epoch [74/100] Train Loss: -0.9728, Train Acc: 91.79%, Val Loss: 0.4002, Val Acc: 84.84%
2026-02-09 01:15:44,843 - INFO - Epoch [75] Batch [0/35]                     Loss: -1.0812, Hard: 0.1935, Soft: -1.2747                     Acc: 93.75% LR: 0.000079                     Alpha: 0.5744425058364868                     Beta: -1.2187637090682983                     MemKD: 0.2536342442035675
2026-02-09 01:15:56,103 - INFO - Epoch [75] Batch [20/35]                     Loss: -0.7024, Hard: 0.3621, Soft: -1.0645                     Acc: 91.67% LR: 0.000079                     Alpha: 0.5744425058364868                     Beta: -1.2208125591278076                     MemKD: 0.2532396614551544
2026-02-09 01:16:30,715 - INFO - Epoch [75/100] Train Loss: -0.9750, Train Acc: 92.32%, Val Loss: 0.4161, Val Acc: 84.97%
2026-02-09 01:16:53,211 - INFO - Epoch [76] Batch [0/35]                     Loss: -1.0843, Hard: 0.1479, Soft: -1.2322                     Acc: 93.75% LR: 0.000073                     Alpha: 0.5744425058364868                     Beta: -1.2223191261291504                     MemKD: 0.2529502809047699
2026-02-09 01:17:01,385 - INFO - Epoch [76] Batch [20/35]                     Loss: -1.2630, Hard: 0.1037, Soft: -1.3667                     Acc: 90.18% LR: 0.000073                     Alpha: 0.5744425058364868                     Beta: -1.2241907119750977                     MemKD: 0.25259146094322205
2026-02-09 01:17:31,767 - INFO - Epoch [76/100] Train Loss: -0.9655, Train Acc: 90.36%, Val Loss: 0.4262, Val Acc: 83.91%
2026-02-09 01:17:53,358 - INFO - Epoch [77] Batch [0/35]                     Loss: -0.9567, Hard: 0.3033, Soft: -1.2600                     Acc: 87.50% LR: 0.000068                     Alpha: 0.5744425058364868                     Beta: -1.225604772567749                     MemKD: 0.252319872379303
2026-02-09 01:18:05,113 - INFO - Epoch [77] Batch [20/35]                     Loss: -0.9440, Hard: 0.2414, Soft: -1.1854                     Acc: 91.67% LR: 0.000068                     Alpha: 0.5744425058364868                     Beta: -1.2273247241973877                     MemKD: 0.2519904375076294
2026-02-09 01:18:39,165 - INFO - Epoch [77/100] Train Loss: -0.9454, Train Acc: 91.07%, Val Loss: 0.4158, Val Acc: 84.84%
2026-02-09 01:19:02,891 - INFO - Epoch [78] Batch [0/35]                     Loss: -0.8546, Hard: 0.4059, Soft: -1.2606                     Acc: 87.50% LR: 0.000062                     Alpha: 0.5744425058364868                     Beta: -1.2286006212234497                     MemKD: 0.25174638628959656
2026-02-09 01:19:14,612 - INFO - Epoch [78] Batch [20/35]                     Loss: -0.6351, Hard: 0.4937, Soft: -1.1288                     Acc: 91.96% LR: 0.000062                     Alpha: 0.5744425058364868                     Beta: -1.2301543951034546                     MemKD: 0.2514502704143524
2026-02-09 01:19:48,810 - INFO - Epoch [78/100] Train Loss: -1.0102, Train Acc: 91.61%, Val Loss: 0.4034, Val Acc: 84.71%
2026-02-09 01:20:10,356 - INFO - Epoch [79] Batch [0/35]                     Loss: -0.7776, Hard: 0.4089, Soft: -1.1865                     Acc: 81.25% LR: 0.000057                     Alpha: 0.5744425058364868                     Beta: -1.2313274145126343                     MemKD: 0.25122591853141785
2026-02-09 01:20:21,827 - INFO - Epoch [79] Batch [20/35]                     Loss: -1.1525, Hard: 0.1954, Soft: -1.3478                     Acc: 90.77% LR: 0.000057                     Alpha: 0.5744425058364868                     Beta: -1.2327452898025513                     MemKD: 0.25095683336257935
2026-02-09 01:20:54,843 - INFO - Epoch [79/100] Train Loss: -0.9640, Train Acc: 90.54%, Val Loss: 0.4176, Val Acc: 85.11%
2026-02-09 01:21:17,420 - INFO - Epoch [80] Batch [0/35]                     Loss: -0.9946, Hard: 0.2775, Soft: -1.2721                     Acc: 93.75% LR: 0.000052                     Alpha: 0.5744425058364868                     Beta: -1.233808994293213                     MemKD: 0.2507549822330475
2026-02-09 01:21:29,120 - INFO - Epoch [80] Batch [20/35]                     Loss: -0.7078, Hard: 0.4945, Soft: -1.2023                     Acc: 88.10% LR: 0.000052                     Alpha: 0.5744425058364868                     Beta: -1.235082983970642                     MemKD: 0.25051426887512207
2026-02-09 01:22:03,267 - INFO - Epoch [80/100] Train Loss: -0.8849, Train Acc: 89.11%, Val Loss: 0.4398, Val Acc: 83.78%
2026-02-09 01:22:03,313 - INFO - Checkpoint saved at epoch 80
2026-02-09 01:22:25,008 - INFO - Epoch [81] Batch [0/35]                     Loss: -1.0420, Hard: 0.2235, Soft: -1.2656                     Acc: 93.75% LR: 0.000048                     Alpha: 0.5744425058364868                     Beta: -1.2360268831253052                     MemKD: 0.2503357529640198
2026-02-09 01:22:32,944 - INFO - Epoch [81] Batch [20/35]                     Loss: -1.0063, Hard: 0.2556, Soft: -1.2619                     Acc: 88.69% LR: 0.000048                     Alpha: 0.5744425058364868                     Beta: -1.2371731996536255                     MemKD: 0.2501193881034851
2026-02-09 01:23:03,465 - INFO - Epoch [81/100] Train Loss: -0.9538, Train Acc: 88.93%, Val Loss: 0.4171, Val Acc: 86.70%
2026-02-09 01:23:03,465 - INFO - Best model saved with accuracy: 86.70%
2026-02-09 01:23:25,402 - INFO - Epoch [82] Batch [0/35]                     Loss: -0.9784, Hard: 0.2428, Soft: -1.2212                     Acc: 93.75% LR: 0.000043                     Alpha: 0.5744425058364868                     Beta: -1.238037347793579                     MemKD: 0.24995549023151398
2026-02-09 01:23:37,321 - INFO - Epoch [82] Batch [20/35]                     Loss: -0.9578, Hard: 0.3047, Soft: -1.2625                     Acc: 91.37% LR: 0.000043                     Alpha: 0.5744425058364868                     Beta: -1.239086389541626                     MemKD: 0.24975651502609253
2026-02-09 01:24:10,161 - INFO - Epoch [82/100] Train Loss: -0.9848, Train Acc: 90.54%, Val Loss: 0.3882, Val Acc: 86.70%
2026-02-09 01:24:32,353 - INFO - Epoch [83] Batch [0/35]                     Loss: -0.9670, Hard: 0.2836, Soft: -1.2506                     Acc: 87.50% LR: 0.000039                     Alpha: 0.5744425058364868                     Beta: -1.2398756742477417                     MemKD: 0.24960646033287048
2026-02-09 01:24:43,552 - INFO - Epoch [83] Batch [20/35]                     Loss: -1.0077, Hard: 0.2803, Soft: -1.2880                     Acc: 91.96% LR: 0.000039                     Alpha: 0.5744425058364868                     Beta: -1.2408292293548584                     MemKD: 0.24942530691623688
2026-02-09 01:25:16,981 - INFO - Epoch [83/100] Train Loss: -1.0558, Train Acc: 92.50%, Val Loss: 0.3985, Val Acc: 84.97%
2026-02-09 01:25:39,568 - INFO - Epoch [84] Batch [0/35]                     Loss: -1.1615, Hard: 0.1151, Soft: -1.2766                     Acc: 100.00% LR: 0.000035                     Alpha: 0.5744425058364868                     Beta: -1.2415368556976318                     MemKD: 0.24929101765155792
2026-02-09 01:25:50,427 - INFO - Epoch [84] Batch [20/35]                     Loss: -1.1866, Hard: 0.1143, Soft: -1.3008                     Acc: 92.86% LR: 0.000035                     Alpha: 0.5744425058364868                     Beta: -1.2423652410507202                     MemKD: 0.24913397431373596
2026-02-09 01:26:23,327 - INFO - Epoch [84/100] Train Loss: -0.9633, Train Acc: 90.54%, Val Loss: 0.4040, Val Acc: 85.11%
2026-02-09 01:26:45,078 - INFO - Epoch [85] Batch [0/35]                     Loss: -1.0678, Hard: 0.2137, Soft: -1.2815                     Acc: 93.75% LR: 0.000031                     Alpha: 0.5744425058364868                     Beta: -1.2429786920547485                     MemKD: 0.24901849031448364
2026-02-09 01:26:56,092 - INFO - Epoch [85] Batch [20/35]                     Loss: -0.9415, Hard: 0.2846, Soft: -1.2260                     Acc: 91.67% LR: 0.000031                     Alpha: 0.5744425058364868                     Beta: -1.2437063455581665                     MemKD: 0.2488812655210495
2026-02-09 01:27:29,019 - INFO - Epoch [85/100] Train Loss: -0.9869, Train Acc: 91.07%, Val Loss: 0.4197, Val Acc: 83.78%
2026-02-09 01:27:51,170 - INFO - Epoch [86] Batch [0/35]                     Loss: -1.1207, Hard: 0.1626, Soft: -1.2833                     Acc: 93.75% LR: 0.000027                     Alpha: 0.5744425058364868                     Beta: -1.244253158569336                     MemKD: 0.2487778514623642
2026-02-09 01:27:59,080 - INFO - Epoch [86] Batch [20/35]                     Loss: -0.9775, Hard: 0.2504, Soft: -1.2279                     Acc: 92.26% LR: 0.000027                     Alpha: 0.5744425058364868                     Beta: -1.2448945045471191                     MemKD: 0.24865670502185822
2026-02-09 01:28:29,169 - INFO - Epoch [86/100] Train Loss: -0.9660, Train Acc: 90.36%, Val Loss: 0.3793, Val Acc: 85.64%
2026-02-09 01:28:51,575 - INFO - Epoch [87] Batch [0/35]                     Loss: -1.2349, Hard: 0.1325, Soft: -1.3673                     Acc: 100.00% LR: 0.000024                     Alpha: 0.5744425058364868                     Beta: -1.2453631162643433                     MemKD: 0.24856872856616974
2026-02-09 01:29:03,459 - INFO - Epoch [87] Batch [20/35]                     Loss: -1.1973, Hard: 0.1334, Soft: -1.3307                     Acc: 88.99% LR: 0.000024                     Alpha: 0.5744425058364868                     Beta: -1.2459131479263306                     MemKD: 0.24846524000167847
2026-02-09 01:29:36,002 - INFO - Epoch [87/100] Train Loss: -0.9873, Train Acc: 90.36%, Val Loss: 0.3925, Val Acc: 85.51%
2026-02-09 01:29:58,274 - INFO - Epoch [88] Batch [0/35]                     Loss: -1.0571, Hard: 0.2014, Soft: -1.2585                     Acc: 87.50% LR: 0.000021                     Alpha: 0.5744425058364868                     Beta: -1.2463239431381226                     MemKD: 0.24838802218437195
2026-02-09 01:30:08,954 - INFO - Epoch [88] Batch [20/35]                     Loss: -0.7511, Hard: 0.3577, Soft: -1.1088                     Acc: 89.58% LR: 0.000021                     Alpha: 0.5744425058364868                     Beta: -1.2468031644821167                     MemKD: 0.24829739332199097
2026-02-09 01:30:41,980 - INFO - Epoch [88/100] Train Loss: -1.0565, Train Acc: 91.43%, Val Loss: 0.3862, Val Acc: 85.11%
2026-02-09 01:31:03,814 - INFO - Epoch [89] Batch [0/35]                     Loss: -1.2027, Hard: 0.1372, Soft: -1.3399                     Acc: 100.00% LR: 0.000018                     Alpha: 0.5744425058364868                     Beta: -1.2471634149551392                     MemKD: 0.24822905659675598
2026-02-09 01:31:14,528 - INFO - Epoch [89] Batch [20/35]                     Loss: -0.9795, Hard: 0.2813, Soft: -1.2608                     Acc: 92.86% LR: 0.000018                     Alpha: 0.5744425058364868                     Beta: -1.2475687265396118                     MemKD: 0.24815265834331512
2026-02-09 01:31:46,403 - INFO - Epoch [89/100] Train Loss: -0.9862, Train Acc: 91.25%, Val Loss: 0.3849, Val Acc: 86.04%
2026-02-09 01:32:08,444 - INFO - Epoch [90] Batch [0/35]                     Loss: -1.1427, Hard: 0.1296, Soft: -1.2724                     Acc: 100.00% LR: 0.000015                     Alpha: 0.5744425058364868                     Beta: -1.2478708028793335                     MemKD: 0.24809573590755463
2026-02-09 01:32:20,243 - INFO - Epoch [90] Batch [20/35]                     Loss: -1.0686, Hard: 0.2055, Soft: -1.2741                     Acc: 91.96% LR: 0.000015                     Alpha: 0.5744425058364868                     Beta: -1.2482080459594727                     MemKD: 0.24803243577480316
2026-02-09 01:32:54,328 - INFO - Epoch [90/100] Train Loss: -1.0193, Train Acc: 91.96%, Val Loss: 0.4023, Val Acc: 85.11%
2026-02-09 01:32:54,365 - INFO - Checkpoint saved at epoch 90
2026-02-09 01:33:14,718 - INFO - Epoch [91] Batch [0/35]                     Loss: -0.9911, Hard: 0.3042, Soft: -1.2953                     Acc: 81.25% LR: 0.000012                     Alpha: 0.5744425058364868                     Beta: -1.2484636306762695                     MemKD: 0.24798433482646942
2026-02-09 01:33:22,611 - INFO - Epoch [91] Batch [20/35]                     Loss: -1.1532, Hard: 0.1684, Soft: -1.3216                     Acc: 90.18% LR: 0.000012                     Alpha: 0.5744425058364868                     Beta: -1.248741626739502                     MemKD: 0.2479320913553238
2026-02-09 01:33:53,078 - INFO - Epoch [91/100] Train Loss: -1.0635, Train Acc: 90.89%, Val Loss: 0.3810, Val Acc: 86.17%
2026-02-09 01:34:14,907 - INFO - Epoch [92] Batch [0/35]                     Loss: -1.2243, Hard: 0.0983, Soft: -1.3226                     Acc: 93.75% LR: 0.000010                     Alpha: 0.5744425058364868                     Beta: -1.248953104019165                     MemKD: 0.24789215624332428
2026-02-09 01:34:26,473 - INFO - Epoch [92] Batch [20/35]                     Loss: -1.0676, Hard: 0.2271, Soft: -1.2947                     Acc: 90.77% LR: 0.000010                     Alpha: 0.5744425058364868                     Beta: -1.2491806745529175                     MemKD: 0.24784928560256958
2026-02-09 01:35:00,470 - INFO - Epoch [92/100] Train Loss: -1.0418, Train Acc: 91.61%, Val Loss: 0.3835, Val Acc: 86.17%
2026-02-09 01:35:23,047 - INFO - Epoch [93] Batch [0/35]                     Loss: -1.1480, Hard: 0.1591, Soft: -1.3071                     Acc: 93.75% LR: 0.000008                     Alpha: 0.5744425058364868                     Beta: -1.2493497133255005                     MemKD: 0.24781754612922668
2026-02-09 01:35:34,669 - INFO - Epoch [93] Batch [20/35]                     Loss: -1.1444, Hard: 0.1990, Soft: -1.3434                     Acc: 93.45% LR: 0.000008                     Alpha: 0.5744425058364868                     Beta: -1.249528408050537                     MemKD: 0.24778392910957336
2026-02-09 01:36:07,608 - INFO - Epoch [93/100] Train Loss: -1.0529, Train Acc: 93.04%, Val Loss: 0.3839, Val Acc: 86.84%
2026-02-09 01:36:07,608 - INFO - Best model saved with accuracy: 86.84%
2026-02-09 01:36:29,799 - INFO - Epoch [94] Batch [0/35]                     Loss: -0.7320, Hard: 0.4133, Soft: -1.1453                     Acc: 87.50% LR: 0.000006                     Alpha: 0.5744425058364868                     Beta: -1.2496627569198608                     MemKD: 0.24775870144367218
2026-02-09 01:36:41,601 - INFO - Epoch [94] Batch [20/35]                     Loss: -1.1616, Hard: 0.1462, Soft: -1.3078                     Acc: 92.86% LR: 0.000006                     Alpha: 0.5744425058364868                     Beta: -1.249799132347107                     MemKD: 0.24773302674293518
2026-02-09 01:37:14,376 - INFO - Epoch [94/100] Train Loss: -1.0895, Train Acc: 93.93%, Val Loss: 0.3924, Val Acc: 85.51%
2026-02-09 01:37:36,775 - INFO - Epoch [95] Batch [0/35]                     Loss: -0.9528, Hard: 0.2698, Soft: -1.2226                     Acc: 87.50% LR: 0.000004                     Alpha: 0.5744425058364868                     Beta: -1.2499016523361206                     MemKD: 0.2477136254310608
2026-02-09 01:37:48,245 - INFO - Epoch [95] Batch [20/35]                     Loss: -0.9763, Hard: 0.2896, Soft: -1.2660                     Acc: 91.07% LR: 0.000004                     Alpha: 0.5744425058364868                     Beta: -1.2500011920928955                     MemKD: 0.2476949691772461
2026-02-09 01:38:21,167 - INFO - Epoch [95/100] Train Loss: -1.0029, Train Acc: 90.54%, Val Loss: 0.3906, Val Acc: 85.77%
2026-02-09 01:38:42,729 - INFO - Epoch [96] Batch [0/35]                     Loss: -1.0863, Hard: 0.1936, Soft: -1.2799                     Acc: 93.75% LR: 0.000003                     Alpha: 0.5744425058364868                     Beta: -1.2500755786895752                     MemKD: 0.24768100678920746
2026-02-09 01:38:50,617 - INFO - Epoch [96] Batch [20/35]                     Loss: -1.3425, Hard: 0.0733, Soft: -1.4158                     Acc: 93.45% LR: 0.000003                     Alpha: 0.5744425058364868                     Beta: -1.2501447200775146                     MemKD: 0.2476681023836136
2026-02-09 01:39:20,516 - INFO - Epoch [96/100] Train Loss: -1.0982, Train Acc: 93.57%, Val Loss: 0.3934, Val Acc: 85.64%
2026-02-09 01:39:43,257 - INFO - Epoch [97] Batch [0/35]                     Loss: -1.0972, Hard: 0.1929, Soft: -1.2902                     Acc: 93.75% LR: 0.000002                     Alpha: 0.5744425058364868                     Beta: -1.2501965761184692                     MemKD: 0.247658371925354
2026-02-09 01:39:54,909 - INFO - Epoch [97] Batch [20/35]                     Loss: -0.7153, Hard: 0.4045, Soft: -1.1198                     Acc: 91.07% LR: 0.000002                     Alpha: 0.5744425058364868                     Beta: -1.2502411603927612                     MemKD: 0.2476499229669571
2026-02-09 01:40:29,891 - INFO - Epoch [97/100] Train Loss: -0.9984, Train Acc: 89.82%, Val Loss: 0.3820, Val Acc: 86.57%
2026-02-09 01:40:52,709 - INFO - Epoch [98] Batch [0/35]                     Loss: -1.1030, Hard: 0.1710, Soft: -1.2740                     Acc: 93.75% LR: 0.000001                     Alpha: 0.5744425058364868                     Beta: -1.25027334690094                     MemKD: 0.24764394760131836
2026-02-09 01:41:04,453 - INFO - Epoch [98] Batch [20/35]                     Loss: -1.1624, Hard: 0.1775, Soft: -1.3399                     Acc: 92.56% LR: 0.000001                     Alpha: 0.5744425058364868                     Beta: -1.25029718875885                     MemKD: 0.2476392686367035
2026-02-09 01:41:38,511 - INFO - Epoch [98/100] Train Loss: -1.0701, Train Acc: 91.61%, Val Loss: 0.3815, Val Acc: 86.04%
2026-02-09 01:42:01,257 - INFO - Epoch [99] Batch [0/35]                     Loss: -1.2239, Hard: 0.1615, Soft: -1.3854                     Acc: 93.75% LR: 0.000000                     Alpha: 0.5744425058364868                     Beta: -1.2503150701522827                     MemKD: 0.24763594567775726
2026-02-09 01:42:13,139 - INFO - Epoch [99] Batch [20/35]                     Loss: -1.2517, Hard: 0.1247, Soft: -1.3764                     Acc: 93.15% LR: 0.000000                     Alpha: 0.5744425058364868                     Beta: -1.2503269910812378                     MemKD: 0.24763371050357819
2026-02-09 01:42:46,342 - INFO - Epoch [99/100] Train Loss: -1.0335, Train Acc: 92.14%, Val Loss: 0.3854, Val Acc: 86.44%
2026-02-09 01:43:09,626 - INFO - Epoch [100] Batch [0/35]                     Loss: -1.1634, Hard: 0.1766, Soft: -1.3400                     Acc: 93.75% LR: 0.000000                     Alpha: 0.5744425058364868                     Beta: -1.250335931777954                     MemKD: 0.24763208627700806
2026-02-09 01:43:21,637 - INFO - Epoch [100] Batch [20/35]                     Loss: -0.8414, Hard: 0.3818, Soft: -1.2232                     Acc: 91.67% LR: 0.000000                     Alpha: 0.5744425058364868                     Beta: -1.2503383159637451                     MemKD: 0.24763160943984985
2026-02-09 01:43:54,559 - INFO - Epoch [100/100] Train Loss: -1.0480, Train Acc: 92.14%, Val Loss: 0.3807, Val Acc: 86.57%
2026-02-09 01:43:54,588 - INFO - Checkpoint saved at epoch 100
2026-02-09 01:43:54,588 - INFO - ==================================================
2026-02-09 01:43:54,589 - INFO - Training finished! Best accuracy: 86.84%
2026-02-09 01:43:54,589 - INFO - ==================================================
