2026-05-24 16:01:02,433 - INFO - ==================================================
2026-05-24 16:01:02,434 - INFO - Distillation Training Configuration
2026-05-24 16:01:02,434 - INFO - ==================================================
2026-05-24 16:01:02,434 - INFO - GPUs: [4, 5, 6, 7]
2026-05-24 16:01:02,434 - INFO - World size: 4
2026-05-24 16:01:02,434 - INFO - Dataset: /media/hdd1/chuxiaohui/AI4Ocean_UATR/ShipsEar_622
2026-05-24 16:01:02,434 - INFO - Data type: wav_s@wav_t
2026-05-24 16:01:02,434 - INFO - Batch size: 20
2026-05-24 16:01:02,434 - INFO - Epochs: 200
2026-05-24 16:01:02,434 - INFO - Learning rate: 0.0005
2026-05-24 16:01:02,434 - INFO - Temperature: 2.0
2026-05-24 16:01:02,434 - INFO - Alpha: 0.3
2026-05-24 16:01:02,434 - INFO - Save dir: /media/hdd1/fubohan/Code/UATR/checkpoints/hyperparameter_analysis/shipsear/01_beta_analysis/B1_beta_0_1
2026-05-24 16:01:02,434 - INFO - ==================================================
2026-05-24 16:01:02,679 - INFO - Train dataset size: 2240
2026-05-24 16:01:02,679 - INFO - Validation dataset size: 749
2026-05-24 16:01:12,123 - INFO - Student params: 316,299 (0.32M)
2026-05-24 16:01:12,123 - INFO - Teacher params: 164,415,877 (164.42M)
2026-05-24 16:01:12,124 - INFO - Trainable params: 271,372 (0.27M)
2026-05-24 16:01:14,645 - INFO - Start training...
2026-05-24 16:01:14,646 - INFO - No checkpoint found, start from scratch
