2026-02-09 10:37:58,461 - INFO - ==================================================
2026-02-09 10:37:58,461 - INFO - Distillation Training Configuration
2026-02-09 10:37:58,461 - INFO - ==================================================
2026-02-09 10:37:58,461 - INFO - GPUs: [4, 5, 6, 7]
2026-02-09 10:37:58,461 - INFO - World size: 4
2026-02-09 10:37:58,461 - INFO - Dataset: /media/hdd1/chuxiaohui/AI4Ocean_UATR/ShipsEar_622
2026-02-09 10:37:58,461 - INFO - Data type: wav_s@wav_t
2026-02-09 10:37:58,461 - INFO - Batch size: 16
2026-02-09 10:37:58,461 - INFO - Epochs: 130
2026-02-09 10:37:58,462 - INFO - Learning rate: 0.0005
2026-02-09 10:37:58,462 - INFO - Temperature: 2.0
2026-02-09 10:37:58,462 - INFO - Alpha: 0.3
2026-02-09 10:37:58,462 - INFO - Save dir: checkpoints/grid_shipsear/num_epochs130_weight_decay0.0001_batch_size16_lr0.0005_distill_typeTser_freezeTrue_USE_DYNAMIC_DISTILL_WEIGHTFalse_p_encoder0.25_p_classifier0.3
2026-02-09 10:37:58,462 - INFO - ==================================================
2026-02-09 10:37:58,493 - INFO - Train dataset size: 2240
2026-02-09 10:37:58,493 - INFO - Validation dataset size: 749
2026-02-09 10:38:01,105 - INFO - Student params: 316,299 (0.32M)
2026-02-09 10:38:01,105 - INFO - Teacher params: 164,415,877 (164.42M)
2026-02-09 10:38:01,105 - INFO - Trainable params: 271,372 (0.27M)
2026-02-09 10:38:01,821 - INFO - Start training...
2026-02-09 10:38:01,822 - INFO - No checkpoint found, start from scratch
2026-02-09 10:38:25,611 - INFO - Epoch [1] Batch [0/35]                     Loss: 2.7162, Hard: 1.7228, Soft: 0.9934                     Acc: 12.50% LR: 0.000500                     Alpha: 0.5744425058364868                     Beta: 0.0                     MemKD: 0.0
2026-02-09 10:38:29,268 - INFO - Epoch [1] Batch [20/35]                     Loss: 2.0559, Hard: 1.5086, Soft: 0.5473                     Acc: 36.01% LR: 0.000500                     Alpha: 0.5744425058364868                     Beta: 0.009251038543879986                     MemKD: 0.0
2026-02-09 10:38:57,751 - INFO - Epoch [1/130] Train Loss: 1.9381, Train Acc: 40.36%, Val Loss: 1.3733, Val Acc: 44.68%
2026-02-09 10:38:57,752 - INFO - Best model saved with accuracy: 44.68%
2026-02-09 10:39:18,483 - INFO - Epoch [2] Batch [0/35]                     Loss: 1.6183, Hard: 1.2252, Soft: 0.3931                     Acc: 43.75% LR: 0.000500                     Alpha: 0.5744425058364868                     Beta: 0.01575988531112671                     MemKD: 0.0
2026-02-09 10:39:22,021 - INFO - Epoch [2] Batch [20/35]                     Loss: 1.7368, Hard: 1.3310, Soft: 0.4058                     Acc: 46.73% LR: 0.000500                     Alpha: 0.5744425058364868                     Beta: 0.023928754031658173                     MemKD: 0.0
2026-02-09 10:39:49,365 - INFO - Epoch [2/130] Train Loss: 1.6776, Train Acc: 44.82%, Val Loss: 1.1981, Val Acc: 51.86%
2026-02-09 10:39:49,365 - INFO - Best model saved with accuracy: 51.86%
2026-02-09 10:40:11,707 - INFO - Epoch [3] Batch [0/35]                     Loss: 1.3558, Hard: 1.0466, Soft: 0.3092                     Acc: 50.00% LR: 0.000500                     Alpha: 0.5744425058364868                     Beta: 0.03011787123978138                     MemKD: 0.0
2026-02-09 10:40:15,401 - INFO - Epoch [3] Batch [20/35]                     Loss: 1.5281, Hard: 1.1714, Soft: 0.3567                     Acc: 44.64% LR: 0.000500                     Alpha: 0.5744425058364868                     Beta: 0.03895842656493187                     MemKD: 0.0
2026-02-09 10:40:43,031 - INFO - Epoch [3/130] Train Loss: 1.6405, Train Acc: 47.68%, Val Loss: 1.1101, Val Acc: 54.52%
2026-02-09 10:40:43,031 - INFO - Best model saved with accuracy: 54.52%
2026-02-09 10:41:04,176 - INFO - Epoch [4] Batch [0/35]                     Loss: 1.4390, Hard: 1.1506, Soft: 0.2884                     Acc: 62.50% LR: 0.000499                     Alpha: 0.5744425058364868                     Beta: 0.04538515955209732                     MemKD: 0.0
2026-02-09 10:41:07,202 - INFO - Epoch [4] Batch [20/35]                     Loss: 1.5392, Hard: 1.2090, Soft: 0.3302                     Acc: 51.49% LR: 0.000499                     Alpha: 0.5744425058364868                     Beta: 0.05333039537072182                     MemKD: 0.0
2026-02-09 10:41:32,437 - INFO - Epoch [4/130] Train Loss: 1.5191, Train Acc: 51.43%, Val Loss: 1.0116, Val Acc: 61.17%
2026-02-09 10:41:32,437 - INFO - Best model saved with accuracy: 61.17%
2026-02-09 10:41:54,441 - INFO - Epoch [5] Batch [0/35]                     Loss: 1.4919, Hard: 1.1470, Soft: 0.3449                     Acc: 56.25% LR: 0.000499                     Alpha: 0.5744425058364868                     Beta: 0.05934380367398262                     MemKD: 0.0
2026-02-09 10:41:58,011 - INFO - Epoch [5] Batch [20/35]                     Loss: 1.2102, Hard: 0.9991, Soft: 0.2111                     Acc: 57.14% LR: 0.000499                     Alpha: 0.5744425058364868                     Beta: 0.06764763593673706                     MemKD: 0.0
2026-02-09 10:42:25,490 - INFO - Epoch [5/130] Train Loss: 1.3943, Train Acc: 56.96%, Val Loss: 0.9975, Val Acc: 60.77%
2026-02-09 10:42:47,027 - INFO - Epoch [6] Batch [0/35]                     Loss: 1.4141, Hard: 1.1127, Soft: 0.3014                     Acc: 43.75% LR: 0.000498                     Alpha: 0.5744425058364868                     Beta: 0.07314742356538773                     MemKD: 0.0
2026-02-09 10:42:50,575 - INFO - Epoch [6] Batch [20/35]                     Loss: 1.9439, Hard: 1.4875, Soft: 0.4564                     Acc: 54.76% LR: 0.000498                     Alpha: 0.5744425058364868                     Beta: 0.08080515265464783                     MemKD: 0.0
2026-02-09 10:43:18,126 - INFO - Epoch [6/130] Train Loss: 1.3539, Train Acc: 56.61%, Val Loss: 0.9119, Val Acc: 63.56%
2026-02-09 10:43:18,127 - INFO - Best model saved with accuracy: 63.56%
2026-02-09 10:43:39,934 - INFO - Epoch [7] Batch [0/35]                     Loss: 1.1069, Hard: 0.9211, Soft: 0.1858                     Acc: 68.75% LR: 0.000497                     Alpha: 0.5744425058364868                     Beta: 0.08658841997385025                     MemKD: 0.0
2026-02-09 10:43:43,464 - INFO - Epoch [7] Batch [20/35]                     Loss: 1.1826, Hard: 0.9670, Soft: 0.2156                     Acc: 60.12% LR: 0.000497                     Alpha: 0.5744425058364868                     Beta: 0.09400711208581924                     MemKD: 0.0
2026-02-09 10:44:11,973 - INFO - Epoch [7/130] Train Loss: 1.3081, Train Acc: 58.93%, Val Loss: 0.9621, Val Acc: 61.84%
2026-02-09 10:44:34,359 - INFO - Epoch [8] Batch [0/35]                     Loss: 1.1306, Hard: 0.8728, Soft: 0.2579                     Acc: 68.75% LR: 0.000496                     Alpha: 0.5744425058364868                     Beta: 0.09983541071414948                     MemKD: 0.0
2026-02-09 10:44:37,885 - INFO - Epoch [8] Batch [20/35]                     Loss: 1.0220, Hard: 0.8085, Soft: 0.2135                     Acc: 59.52% LR: 0.000496                     Alpha: 0.5744425058364868                     Beta: 0.10764104872941971                     MemKD: 0.0
2026-02-09 10:45:04,368 - INFO - Epoch [8/130] Train Loss: 1.2586, Train Acc: 59.46%, Val Loss: 0.8702, Val Acc: 69.68%
2026-02-09 10:45:04,368 - INFO - Best model saved with accuracy: 69.68%
2026-02-09 10:45:27,332 - INFO - Epoch [9] Batch [0/35]                     Loss: 0.9441, Hard: 0.7816, Soft: 0.1625                     Acc: 68.75% LR: 0.000495                     Alpha: 0.5744425058364868                     Beta: 0.11326707154512405                     MemKD: 0.0
2026-02-09 10:45:30,347 - INFO - Epoch [9] Batch [20/35]                     Loss: 1.8584, Hard: 1.4714, Soft: 0.3870                     Acc: 58.33% LR: 0.000495                     Alpha: 0.5744425058364868                     Beta: 0.12065926939249039                     MemKD: 0.0
2026-02-09 10:45:54,877 - INFO - Epoch [9/130] Train Loss: 1.2154, Train Acc: 60.18%, Val Loss: 0.9134, Val Acc: 62.63%
2026-02-09 10:46:15,777 - INFO - Epoch [10] Batch [0/35]                     Loss: 1.1525, Hard: 0.9238, Soft: 0.2287                     Acc: 75.00% LR: 0.000494                     Alpha: 0.5744425058364868                     Beta: 0.12649990618228912                     MemKD: 0.0
2026-02-09 10:46:19,332 - INFO - Epoch [10] Batch [20/35]                     Loss: 1.2856, Hard: 1.0713, Soft: 0.2143                     Acc: 63.69% LR: 0.000494                     Alpha: 0.5744425058364868                     Beta: 0.1338227093219757                     MemKD: 0.0
2026-02-09 10:46:46,630 - INFO - Epoch [10/130] Train Loss: 1.0987, Train Acc: 65.71%, Val Loss: 1.0394, Val Acc: 64.10%
2026-02-09 10:46:46,675 - INFO - Checkpoint saved at epoch 10
2026-02-09 10:47:07,593 - INFO - Epoch [11] Batch [0/35]                     Loss: 0.7107, Hard: 0.5759, Soft: 0.1348                     Acc: 87.50% LR: 0.000493                     Alpha: 0.5744425058364868                     Beta: 0.13900230824947357                     MemKD: 0.0
2026-02-09 10:47:11,190 - INFO - Epoch [11] Batch [20/35]                     Loss: 1.4803, Hard: 1.2198, Soft: 0.2605                     Acc: 63.99% LR: 0.000493                     Alpha: 0.5744425058364868                     Beta: 0.1459687501192093                     MemKD: 0.0
2026-02-09 10:47:37,813 - INFO - Epoch [11/130] Train Loss: 1.1749, Train Acc: 63.93%, Val Loss: 0.8214, Val Acc: 68.62%
2026-02-09 10:47:58,427 - INFO - Epoch [12] Batch [0/35]                     Loss: 0.9069, Hard: 0.7301, Soft: 0.1768                     Acc: 56.25% LR: 0.000491                     Alpha: 0.5744425058364868                     Beta: 0.15170808136463165                     MemKD: 0.0
2026-02-09 10:48:01,956 - INFO - Epoch [12] Batch [20/35]                     Loss: 1.5457, Hard: 1.2223, Soft: 0.3234                     Acc: 66.67% LR: 0.000491                     Alpha: 0.5744425058364868                     Beta: 0.15870799124240875                     MemKD: 0.0
2026-02-09 10:48:30,320 - INFO - Epoch [12/130] Train Loss: 1.0746, Train Acc: 67.14%, Val Loss: 0.7429, Val Acc: 72.21%
2026-02-09 10:48:30,321 - INFO - Best model saved with accuracy: 72.21%
2026-02-09 10:48:53,078 - INFO - Epoch [13] Batch [0/35]                     Loss: 1.6638, Hard: 1.3861, Soft: 0.2777                     Acc: 37.50% LR: 0.000490                     Alpha: 0.5744425058364868                     Beta: 0.16422715783119202                     MemKD: 0.0
2026-02-09 10:48:56,642 - INFO - Epoch [13] Batch [20/35]                     Loss: 1.3052, Hard: 1.0715, Soft: 0.2337                     Acc: 54.76% LR: 0.000490                     Alpha: 0.5744425058364868                     Beta: 0.17258262634277344                     MemKD: 0.0
2026-02-09 10:49:23,564 - INFO - Epoch [13/130] Train Loss: 1.1990, Train Acc: 59.29%, Val Loss: 0.7353, Val Acc: 73.01%
2026-02-09 10:49:23,564 - INFO - Best model saved with accuracy: 73.01%
2026-02-09 10:49:45,944 - INFO - Epoch [14] Batch [0/35]                     Loss: 0.6569, Hard: 0.5691, Soft: 0.0878                     Acc: 81.25% LR: 0.000488                     Alpha: 0.5744425058364868                     Beta: 0.17845897376537323                     MemKD: 0.0
2026-02-09 10:49:49,558 - INFO - Epoch [14] Batch [20/35]                     Loss: 0.8999, Hard: 0.7432, Soft: 0.1567                     Acc: 67.56% LR: 0.000488                     Alpha: 0.5744425058364868                     Beta: 0.185531884431839                     MemKD: 0.0
2026-02-09 10:50:17,344 - INFO - Epoch [14/130] Train Loss: 1.0122, Train Acc: 68.57%, Val Loss: 1.1697, Val Acc: 54.39%
2026-02-09 10:50:39,104 - INFO - Epoch [15] Batch [0/35]                     Loss: 1.1647, Hard: 0.9562, Soft: 0.2084                     Acc: 62.50% LR: 0.000486                     Alpha: 0.5744425058364868                     Beta: 0.19076266884803772                     MemKD: 0.0
2026-02-09 10:50:42,087 - INFO - Epoch [15] Batch [20/35]                     Loss: 1.0470, Hard: 0.8710, Soft: 0.1760                     Acc: 69.05% LR: 0.000486                     Alpha: 0.5744425058364868                     Beta: 0.19770802557468414                     MemKD: 0.0
2026-02-09 10:51:10,122 - INFO - Epoch [15/130] Train Loss: 0.9933, Train Acc: 70.18%, Val Loss: 0.8833, Val Acc: 69.15%
2026-02-09 10:51:33,312 - INFO - Epoch [16] Batch [0/35]                     Loss: 1.0415, Hard: 0.8335, Soft: 0.2079                     Acc: 62.50% LR: 0.000484                     Alpha: 0.5744425058364868                     Beta: 0.20290698111057281                     MemKD: 0.0
2026-02-09 10:51:37,907 - INFO - Epoch [16] Batch [20/35]                     Loss: 1.2379, Hard: 1.0039, Soft: 0.2340                     Acc: 69.05% LR: 0.000484                     Alpha: 0.5744425058364868                     Beta: 0.20989705622196198                     MemKD: 0.0
2026-02-09 10:52:10,359 - INFO - Epoch [16/130] Train Loss: 1.0326, Train Acc: 69.82%, Val Loss: 0.7983, Val Acc: 68.22%
2026-02-09 10:52:36,696 - INFO - Epoch [17] Batch [0/35]                     Loss: 1.1346, Hard: 0.9075, Soft: 0.2271                     Acc: 68.75% LR: 0.000482                     Alpha: 0.5744425058364868                     Beta: 0.21554312109947205                     MemKD: 0.0
2026-02-09 10:52:41,247 - INFO - Epoch [17] Batch [20/35]                     Loss: 0.8351, Hard: 0.6859, Soft: 0.1491                     Acc: 72.02% LR: 0.000482                     Alpha: 0.5744425058364868                     Beta: 0.22278593480587006                     MemKD: 0.0
2026-02-09 10:53:11,265 - INFO - Epoch [17/130] Train Loss: 0.9754, Train Acc: 69.64%, Val Loss: 0.8868, Val Acc: 64.23%
2026-02-09 10:53:33,875 - INFO - Epoch [18] Batch [0/35]                     Loss: 1.2683, Hard: 1.0241, Soft: 0.2441                     Acc: 68.75% LR: 0.000479                     Alpha: 0.5744425058364868                     Beta: 0.22788402438163757                     MemKD: 0.0
2026-02-09 10:53:37,907 - INFO - Epoch [18] Batch [20/35]                     Loss: 1.4001, Hard: 1.1573, Soft: 0.2428                     Acc: 67.56% LR: 0.000479                     Alpha: 0.5744425058364868                     Beta: 0.2356504648923874                     MemKD: 0.0
2026-02-09 10:54:06,988 - INFO - Epoch [18/130] Train Loss: 1.0165, Train Acc: 67.68%, Val Loss: 0.9990, Val Acc: 61.04%
2026-02-09 10:54:29,046 - INFO - Epoch [19] Batch [0/35]                     Loss: 0.6867, Hard: 0.5479, Soft: 0.1388                     Acc: 81.25% LR: 0.000477                     Alpha: 0.5744425058364868                     Beta: 0.2412918657064438                     MemKD: 0.0
2026-02-09 10:54:33,583 - INFO - Epoch [19] Batch [20/35]                     Loss: 0.7472, Hard: 0.6086, Soft: 0.1386                     Acc: 75.00% LR: 0.000477                     Alpha: 0.5744425058364868                     Beta: 0.24836932122707367                     MemKD: 0.0
2026-02-09 10:55:02,343 - INFO - Epoch [19/130] Train Loss: 0.9717, Train Acc: 71.07%, Val Loss: 0.8976, Val Acc: 67.02%
2026-02-09 10:55:25,791 - INFO - Epoch [20] Batch [0/35]                     Loss: 0.8627, Hard: 0.7163, Soft: 0.1464                     Acc: 68.75% LR: 0.000474                     Alpha: 0.5744425058364868                     Beta: 0.2538830637931824                     MemKD: 0.0
2026-02-09 10:55:30,212 - INFO - Epoch [20] Batch [20/35]                     Loss: 1.0694, Hard: 0.9011, Soft: 0.1684                     Acc: 70.54% LR: 0.000474                     Alpha: 0.5744425058364868                     Beta: 0.26101768016815186                     MemKD: 0.0
2026-02-09 10:56:00,167 - INFO - Epoch [20/130] Train Loss: 0.9388, Train Acc: 69.46%, Val Loss: 0.6998, Val Acc: 72.74%
2026-02-09 10:56:00,221 - INFO - Checkpoint saved at epoch 20
2026-02-09 10:56:22,438 - INFO - Epoch [21] Batch [0/35]                     Loss: 0.6942, Hard: 0.5878, Soft: 0.1064                     Acc: 81.25% LR: 0.000471                     Alpha: 0.5744425058364868                     Beta: 0.26656654477119446                     MemKD: 0.0
2026-02-09 10:56:26,074 - INFO - Epoch [21] Batch [20/35]                     Loss: 0.4443, Hard: 0.3781, Soft: 0.0662                     Acc: 74.11% LR: 0.000471                     Alpha: 0.5744425058364868                     Beta: 0.2733405828475952                     MemKD: 0.0
2026-02-09 10:56:54,335 - INFO - Epoch [21/130] Train Loss: 0.8746, Train Acc: 73.93%, Val Loss: 0.7058, Val Acc: 73.27%
2026-02-09 10:56:54,335 - INFO - Best model saved with accuracy: 73.27%
2026-02-09 10:57:16,701 - INFO - Epoch [22] Batch [0/35]                     Loss: 1.0854, Hard: 0.9059, Soft: 0.1795                     Acc: 62.50% LR: 0.000468                     Alpha: 0.5744425058364868                     Beta: 0.27812275290489197                     MemKD: 0.0
2026-02-09 10:57:20,581 - INFO - Epoch [22] Batch [20/35]                     Loss: 1.0490, Hard: 0.9082, Soft: 0.1408                     Acc: 71.13% LR: 0.000468                     Alpha: 0.5744425058364868                     Beta: 0.2847408652305603                     MemKD: 0.0
2026-02-09 10:57:50,091 - INFO - Epoch [22/130] Train Loss: 0.8932, Train Acc: 71.07%, Val Loss: 0.5755, Val Acc: 78.59%
2026-02-09 10:57:50,091 - INFO - Best model saved with accuracy: 78.59%
2026-02-09 10:58:14,396 - INFO - Epoch [23] Batch [0/35]                     Loss: 0.7303, Hard: 0.6097, Soft: 0.1206                     Acc: 81.25% LR: 0.000465                     Alpha: 0.5744425058364868                     Beta: 0.289936363697052                     MemKD: 0.0
2026-02-09 10:58:18,022 - INFO - Epoch [23] Batch [20/35]                     Loss: 0.7317, Hard: 0.6214, Soft: 0.1103                     Acc: 73.51% LR: 0.000465                     Alpha: 0.5744425058364868                     Beta: 0.2964025139808655                     MemKD: 0.0
2026-02-09 10:58:46,482 - INFO - Epoch [23/130] Train Loss: 0.8126, Train Acc: 75.00%, Val Loss: 1.2255, Val Acc: 59.97%
2026-02-09 10:59:09,723 - INFO - Epoch [24] Batch [0/35]                     Loss: 0.7881, Hard: 0.6420, Soft: 0.1461                     Acc: 68.75% LR: 0.000462                     Alpha: 0.5744425058364868                     Beta: 0.301149845123291                     MemKD: 0.0
2026-02-09 10:59:14,090 - INFO - Epoch [24] Batch [20/35]                     Loss: 0.4278, Hard: 0.3511, Soft: 0.0766                     Acc: 73.21% LR: 0.000462                     Alpha: 0.5744425058364868                     Beta: 0.30802232027053833                     MemKD: 0.0
2026-02-09 10:59:44,147 - INFO - Epoch [24/130] Train Loss: 0.8338, Train Acc: 73.21%, Val Loss: 0.7777, Val Acc: 70.74%
2026-02-09 11:00:07,301 - INFO - Epoch [25] Batch [0/35]                     Loss: 1.1217, Hard: 0.9527, Soft: 0.1690                     Acc: 56.25% LR: 0.000459                     Alpha: 0.5744425058364868                     Beta: 0.313088595867157                     MemKD: 0.0
2026-02-09 11:00:11,885 - INFO - Epoch [25] Batch [20/35]                     Loss: 0.3564, Hard: 0.3038, Soft: 0.0526                     Acc: 72.02% LR: 0.000459                     Alpha: 0.5744425058364868                     Beta: 0.31956779956817627                     MemKD: 0.0
2026-02-09 11:00:41,237 - INFO - Epoch [25/130] Train Loss: 0.8442, Train Acc: 72.68%, Val Loss: 0.5635, Val Acc: 79.92%
2026-02-09 11:00:41,238 - INFO - Best model saved with accuracy: 79.92%
2026-02-09 11:01:04,076 - INFO - Epoch [26] Batch [0/35]                     Loss: 0.5251, Hard: 0.4481, Soft: 0.0769                     Acc: 87.50% LR: 0.000456                     Alpha: 0.5744425058364868                     Beta: 0.32440856099128723                     MemKD: 0.0
2026-02-09 11:01:08,135 - INFO - Epoch [26] Batch [20/35]                     Loss: 1.3613, Hard: 1.1592, Soft: 0.2020                     Acc: 75.60% LR: 0.000456                     Alpha: 0.5744425058364868                     Beta: 0.33057066798210144                     MemKD: 0.0
2026-02-09 11:01:38,056 - INFO - Epoch [26/130] Train Loss: 0.8074, Train Acc: 75.18%, Val Loss: 0.6168, Val Acc: 77.39%
2026-02-09 11:02:00,163 - INFO - Epoch [27] Batch [0/35]                     Loss: 0.5675, Hard: 0.4851, Soft: 0.0823                     Acc: 81.25% LR: 0.000452                     Alpha: 0.5744425058364868                     Beta: 0.33577078580856323                     MemKD: 0.0
2026-02-09 11:02:04,567 - INFO - Epoch [27] Batch [20/35]                     Loss: 0.4268, Hard: 0.3651, Soft: 0.0617                     Acc: 73.51% LR: 0.000452                     Alpha: 0.5744425058364868                     Beta: 0.34224313497543335                     MemKD: 0.0
2026-02-09 11:02:34,839 - INFO - Epoch [27/130] Train Loss: 0.8490, Train Acc: 71.61%, Val Loss: 0.6632, Val Acc: 70.61%
2026-02-09 11:02:58,752 - INFO - Epoch [28] Batch [0/35]                     Loss: 0.8986, Hard: 0.7391, Soft: 0.1595                     Acc: 68.75% LR: 0.000449                     Alpha: 0.5744425058364868                     Beta: 0.34736108779907227                     MemKD: 0.0
2026-02-09 11:03:02,723 - INFO - Epoch [28] Batch [20/35]                     Loss: 0.6648, Hard: 0.5562, Soft: 0.1086                     Acc: 77.38% LR: 0.000449                     Alpha: 0.5744425058364868                     Beta: 0.35418805480003357                     MemKD: 0.0
2026-02-09 11:03:30,560 - INFO - Epoch [28/130] Train Loss: 0.7602, Train Acc: 76.25%, Val Loss: 0.7042, Val Acc: 71.94%
2026-02-09 11:03:53,226 - INFO - Epoch [29] Batch [0/35]                     Loss: 0.6227, Hard: 0.5275, Soft: 0.0952                     Acc: 75.00% LR: 0.000445                     Alpha: 0.5744425058364868                     Beta: 0.35890641808509827                     MemKD: 0.0
2026-02-09 11:03:57,756 - INFO - Epoch [29] Batch [20/35]                     Loss: 0.9306, Hard: 0.7878, Soft: 0.1428                     Acc: 72.92% LR: 0.000445                     Alpha: 0.5744425058364868                     Beta: 0.3655816912651062                     MemKD: 0.0
2026-02-09 11:04:27,244 - INFO - Epoch [29/130] Train Loss: 0.7809, Train Acc: 74.82%, Val Loss: 0.7314, Val Acc: 70.21%
2026-02-09 11:04:50,160 - INFO - Epoch [30] Batch [0/35]                     Loss: 1.0319, Hard: 0.8616, Soft: 0.1703                     Acc: 68.75% LR: 0.000441                     Alpha: 0.5744425058364868                     Beta: 0.37045973539352417                     MemKD: 0.0
2026-02-09 11:04:54,652 - INFO - Epoch [30] Batch [20/35]                     Loss: 1.1815, Hard: 0.9792, Soft: 0.2023                     Acc: 77.38% LR: 0.000441                     Alpha: 0.5744425058364868                     Beta: 0.3765079379081726                     MemKD: 0.0
2026-02-09 11:05:25,961 - INFO - Epoch [30/130] Train Loss: 0.7990, Train Acc: 74.46%, Val Loss: 1.1349, Val Acc: 61.04%
2026-02-09 11:05:26,009 - INFO - Checkpoint saved at epoch 30
2026-02-09 11:05:48,928 - INFO - Epoch [31] Batch [0/35]                     Loss: 0.7637, Hard: 0.6583, Soft: 0.1054                     Acc: 75.00% LR: 0.000437                     Alpha: 0.5744425058364868                     Beta: 0.3814588785171509                     MemKD: 0.0
2026-02-09 11:05:53,487 - INFO - Epoch [31] Batch [20/35]                     Loss: 0.5294, Hard: 0.4505, Soft: 0.0789                     Acc: 77.98% LR: 0.000437                     Alpha: 0.5744425058364868                     Beta: 0.3879515826702118                     MemKD: 0.0
2026-02-09 11:06:22,754 - INFO - Epoch [31/130] Train Loss: 0.7329, Train Acc: 76.79%, Val Loss: 0.7182, Val Acc: 74.73%
2026-02-09 11:06:45,599 - INFO - Epoch [32] Batch [0/35]                     Loss: 0.7905, Hard: 0.6407, Soft: 0.1497                     Acc: 75.00% LR: 0.000433                     Alpha: 0.5744425058364868                     Beta: 0.39264804124832153                     MemKD: 0.0
2026-02-09 11:06:49,331 - INFO - Epoch [32] Batch [20/35]                     Loss: 0.5407, Hard: 0.4525, Soft: 0.0883                     Acc: 77.08% LR: 0.000433                     Alpha: 0.5744425058364868                     Beta: 0.39858150482177734                     MemKD: 0.0
2026-02-09 11:07:17,409 - INFO - Epoch [32/130] Train Loss: 0.6946, Train Acc: 77.68%, Val Loss: 0.6565, Val Acc: 74.34%
2026-02-09 11:07:39,744 - INFO - Epoch [33] Batch [0/35]                     Loss: 0.4450, Hard: 0.3796, Soft: 0.0653                     Acc: 93.75% LR: 0.000429                     Alpha: 0.5744425058364868                     Beta: 0.4030338227748871                     MemKD: 0.0
2026-02-09 11:07:44,188 - INFO - Epoch [33] Batch [20/35]                     Loss: 0.9121, Hard: 0.7813, Soft: 0.1308                     Acc: 77.68% LR: 0.000429                     Alpha: 0.5744425058364868                     Beta: 0.4088396430015564                     MemKD: 0.0
2026-02-09 11:08:13,559 - INFO - Epoch [33/130] Train Loss: 0.7778, Train Acc: 75.18%, Val Loss: 0.6179, Val Acc: 78.46%
2026-02-09 11:08:36,368 - INFO - Epoch [34] Batch [0/35]                     Loss: 0.5865, Hard: 0.5094, Soft: 0.0771                     Acc: 81.25% LR: 0.000425                     Alpha: 0.5744425058364868                     Beta: 0.41424787044525146                     MemKD: 0.0
2026-02-09 11:08:40,826 - INFO - Epoch [34] Batch [20/35]                     Loss: 0.6554, Hard: 0.5641, Soft: 0.0913                     Acc: 77.38% LR: 0.000425                     Alpha: 0.5744425058364868                     Beta: 0.42063435912132263                     MemKD: 0.0
2026-02-09 11:09:10,004 - INFO - Epoch [34/130] Train Loss: 0.7660, Train Acc: 75.54%, Val Loss: 1.3445, Val Acc: 57.05%
2026-02-09 11:09:32,724 - INFO - Epoch [35] Batch [0/35]                     Loss: 1.1850, Hard: 1.0148, Soft: 0.1702                     Acc: 62.50% LR: 0.000420                     Alpha: 0.5744425058364868                     Beta: 0.4260459542274475                     MemKD: 0.0
2026-02-09 11:09:35,921 - INFO - Epoch [35] Batch [20/35]                     Loss: 0.6190, Hard: 0.5145, Soft: 0.1046                     Acc: 74.40% LR: 0.000420                     Alpha: 0.5744425058364868                     Beta: 0.4330189526081085                     MemKD: 0.0
2026-02-09 11:10:05,287 - INFO - Epoch [35/130] Train Loss: 0.7565, Train Acc: 75.18%, Val Loss: 0.5270, Val Acc: 81.12%
2026-02-09 11:10:05,288 - INFO - Best model saved with accuracy: 81.12%
2026-02-09 11:10:28,456 - INFO - Epoch [36] Batch [0/35]                     Loss: 0.4627, Hard: 0.3815, Soft: 0.0812                     Acc: 93.75% LR: 0.000416                     Alpha: 0.5744425058364868                     Beta: 0.4377121329307556                     MemKD: 0.0
2026-02-09 11:10:32,902 - INFO - Epoch [36] Batch [20/35]                     Loss: 1.0304, Hard: 0.9008, Soft: 0.1296                     Acc: 78.27% LR: 0.000416                     Alpha: 0.5744425058364868                     Beta: 0.44344645738601685                     MemKD: 0.0
2026-02-09 11:11:01,707 - INFO - Epoch [36/130] Train Loss: 0.6923, Train Acc: 78.57%, Val Loss: 0.7380, Val Acc: 71.54%
2026-02-09 11:11:24,884 - INFO - Epoch [37] Batch [0/35]                     Loss: 0.4542, Hard: 0.3763, Soft: 0.0779                     Acc: 87.50% LR: 0.000411                     Alpha: 0.5744425058364868                     Beta: 0.44797471165657043                     MemKD: 0.0
2026-02-09 11:11:28,525 - INFO - Epoch [37] Batch [20/35]                     Loss: 0.8044, Hard: 0.7172, Soft: 0.0872                     Acc: 78.27% LR: 0.000411                     Alpha: 0.5744425058364868                     Beta: 0.45347362756729126                     MemKD: 0.0
2026-02-09 11:11:58,773 - INFO - Epoch [37/130] Train Loss: 0.6330, Train Acc: 78.75%, Val Loss: 0.6004, Val Acc: 77.53%
2026-02-09 11:12:24,962 - INFO - Epoch [38] Batch [0/35]                     Loss: 0.2933, Hard: 0.2416, Soft: 0.0517                     Acc: 100.00% LR: 0.000407                     Alpha: 0.5744425058364868                     Beta: 0.4573254883289337                     MemKD: 0.0
2026-02-09 11:12:29,129 - INFO - Epoch [38] Batch [20/35]                     Loss: 0.9095, Hard: 0.7819, Soft: 0.1276                     Acc: 83.93% LR: 0.000407                     Alpha: 0.5744425058364868                     Beta: 0.4624694585800171                     MemKD: 0.0
2026-02-09 11:13:02,612 - INFO - Epoch [38/130] Train Loss: 0.6443, Train Acc: 81.61%, Val Loss: 0.5077, Val Acc: 80.98%
2026-02-09 11:13:27,136 - INFO - Epoch [39] Batch [0/35]                     Loss: 0.8008, Hard: 0.6844, Soft: 0.1163                     Acc: 75.00% LR: 0.000402                     Alpha: 0.5744425058364868                     Beta: 0.46685829758644104                     MemKD: 0.0
2026-02-09 11:13:31,747 - INFO - Epoch [39] Batch [20/35]                     Loss: 0.4176, Hard: 0.3590, Soft: 0.0586                     Acc: 82.74% LR: 0.000402                     Alpha: 0.5744425058364868                     Beta: 0.47243738174438477                     MemKD: 0.0
2026-02-09 11:14:03,757 - INFO - Epoch [39/130] Train Loss: 0.5630, Train Acc: 82.86%, Val Loss: 0.5112, Val Acc: 81.38%
2026-02-09 11:14:03,757 - INFO - Best model saved with accuracy: 81.38%
2026-02-09 11:14:29,013 - INFO - Epoch [40] Batch [0/35]                     Loss: 0.5097, Hard: 0.4505, Soft: 0.0592                     Acc: 87.50% LR: 0.000397                     Alpha: 0.5744425058364868                     Beta: 0.47623613476753235                     MemKD: 0.0
2026-02-09 11:14:32,968 - INFO - Epoch [40] Batch [20/35]                     Loss: 0.6588, Hard: 0.5740, Soft: 0.0848                     Acc: 79.17% LR: 0.000397                     Alpha: 0.5744425058364868                     Beta: 0.48144087195396423                     MemKD: 0.0
2026-02-09 11:15:06,445 - INFO - Epoch [40/130] Train Loss: 0.6447, Train Acc: 77.86%, Val Loss: 0.7188, Val Acc: 72.21%
2026-02-09 11:15:06,498 - INFO - Checkpoint saved at epoch 40
2026-02-09 11:15:31,160 - INFO - Epoch [41] Batch [0/35]                     Loss: 0.4234, Hard: 0.3676, Soft: 0.0558                     Acc: 81.25% LR: 0.000392                     Alpha: 0.5744425058364868                     Beta: 0.4856185019016266                     MemKD: 0.0
2026-02-09 11:15:35,035 - INFO - Epoch [41] Batch [20/35]                     Loss: 0.5311, Hard: 0.4542, Soft: 0.0770                     Acc: 80.65% LR: 0.000392                     Alpha: 0.5744425058364868                     Beta: 0.4910822808742523                     MemKD: 0.0
2026-02-09 11:16:04,298 - INFO - Epoch [41/130] Train Loss: 0.5863, Train Acc: 81.79%, Val Loss: 0.5417, Val Acc: 81.52%
2026-02-09 11:16:04,298 - INFO - Best model saved with accuracy: 81.52%
2026-02-09 11:16:27,547 - INFO - Epoch [42] Batch [0/35]                     Loss: 0.6015, Hard: 0.5310, Soft: 0.0706                     Acc: 75.00% LR: 0.000387                     Alpha: 0.5744425058364868                     Beta: 0.49481406807899475                     MemKD: 0.0
2026-02-09 11:16:31,994 - INFO - Epoch [42] Batch [20/35]                     Loss: 1.2340, Hard: 1.0527, Soft: 0.1813                     Acc: 84.23% LR: 0.000387                     Alpha: 0.5744425058364868                     Beta: 0.4995957612991333                     MemKD: 0.0
2026-02-09 11:17:00,391 - INFO - Epoch [42/130] Train Loss: 0.5873, Train Acc: 82.32%, Val Loss: 0.7057, Val Acc: 73.80%
2026-02-09 11:17:24,119 - INFO - Epoch [43] Batch [0/35]                     Loss: 0.4910, Hard: 0.4289, Soft: 0.0621                     Acc: 87.50% LR: 0.000382                     Alpha: 0.5744425058364868                     Beta: 0.5037668347358704                     MemKD: 0.0
2026-02-09 11:17:28,763 - INFO - Epoch [43] Batch [20/35]                     Loss: 0.8753, Hard: 0.7412, Soft: 0.1341                     Acc: 78.57% LR: 0.000382                     Alpha: 0.5744425058364868                     Beta: 0.5095353722572327                     MemKD: 0.0
2026-02-09 11:17:59,828 - INFO - Epoch [43/130] Train Loss: 0.6082, Train Acc: 81.07%, Val Loss: 0.7010, Val Acc: 74.73%
2026-02-09 11:18:22,085 - INFO - Epoch [44] Batch [0/35]                     Loss: 0.3618, Hard: 0.3189, Soft: 0.0429                     Acc: 87.50% LR: 0.000377                     Alpha: 0.5744425058364868                     Beta: 0.5134591460227966                     MemKD: 0.0
2026-02-09 11:18:26,675 - INFO - Epoch [44] Batch [20/35]                     Loss: 0.3577, Hard: 0.3038, Soft: 0.0539                     Acc: 83.63% LR: 0.000377                     Alpha: 0.5744425058364868                     Beta: 0.5181016325950623                     MemKD: 0.0
2026-02-09 11:18:55,678 - INFO - Epoch [44/130] Train Loss: 0.5306, Train Acc: 82.68%, Val Loss: 0.6093, Val Acc: 77.39%
2026-02-09 11:19:18,778 - INFO - Epoch [45] Batch [0/35]                     Loss: 0.7485, Hard: 0.6607, Soft: 0.0877                     Acc: 75.00% LR: 0.000371                     Alpha: 0.5744425058364868                     Beta: 0.5219722986221313                     MemKD: 0.0
2026-02-09 11:19:23,230 - INFO - Epoch [45] Batch [20/35]                     Loss: 1.0110, Hard: 0.8907, Soft: 0.1203                     Acc: 84.23% LR: 0.000371                     Alpha: 0.5744425058364868                     Beta: 0.5263161063194275                     MemKD: 0.0
2026-02-09 11:19:53,348 - INFO - Epoch [45/130] Train Loss: 0.5705, Train Acc: 82.86%, Val Loss: 0.6002, Val Acc: 78.86%
2026-02-09 11:20:16,250 - INFO - Epoch [46] Batch [0/35]                     Loss: 1.0761, Hard: 0.9614, Soft: 0.1147                     Acc: 68.75% LR: 0.000366                     Alpha: 0.5744425058364868                     Beta: 0.5302894115447998                     MemKD: 0.0
2026-02-09 11:20:19,842 - INFO - Epoch [46] Batch [20/35]                     Loss: 0.4697, Hard: 0.4249, Soft: 0.0449                     Acc: 82.74% LR: 0.000366                     Alpha: 0.5744425058364868                     Beta: 0.5356008410453796                     MemKD: 0.0
2026-02-09 11:20:48,972 - INFO - Epoch [46/130] Train Loss: 0.5502, Train Acc: 81.61%, Val Loss: 0.5827, Val Acc: 78.86%
2026-02-09 11:21:11,703 - INFO - Epoch [47] Batch [0/35]                     Loss: 0.6176, Hard: 0.5406, Soft: 0.0770                     Acc: 75.00% LR: 0.000361                     Alpha: 0.5744425058364868                     Beta: 0.538932204246521                     MemKD: 0.0
2026-02-09 11:21:16,075 - INFO - Epoch [47] Batch [20/35]                     Loss: 1.1598, Hard: 1.0474, Soft: 0.1124                     Acc: 81.85% LR: 0.000361                     Alpha: 0.5744425058364868                     Beta: 0.5437943935394287                     MemKD: 0.0
2026-02-09 11:21:45,935 - INFO - Epoch [47/130] Train Loss: 0.5602, Train Acc: 82.68%, Val Loss: 0.6893, Val Acc: 74.60%
2026-02-09 11:22:08,924 - INFO - Epoch [48] Batch [0/35]                     Loss: 0.6752, Hard: 0.6043, Soft: 0.0709                     Acc: 81.25% LR: 0.000355                     Alpha: 0.5744425058364868                     Beta: 0.5472241640090942                     MemKD: 0.0
2026-02-09 11:22:12,521 - INFO - Epoch [48] Batch [20/35]                     Loss: 0.4281, Hard: 0.3857, Soft: 0.0423                     Acc: 83.04% LR: 0.000355                     Alpha: 0.5744425058364868                     Beta: 0.552135705947876                     MemKD: 0.0
2026-02-09 11:22:43,744 - INFO - Epoch [48/130] Train Loss: 0.5772, Train Acc: 81.79%, Val Loss: 0.7086, Val Acc: 74.60%
2026-02-09 11:23:08,903 - INFO - Epoch [49] Batch [0/35]                     Loss: 0.3532, Hard: 0.3066, Soft: 0.0465                     Acc: 87.50% LR: 0.000350                     Alpha: 0.5744425058364868                     Beta: 0.5557020902633667                     MemKD: 0.0
2026-02-09 11:23:13,783 - INFO - Epoch [49] Batch [20/35]                     Loss: 0.7353, Hard: 0.6482, Soft: 0.0871                     Acc: 80.65% LR: 0.000350                     Alpha: 0.5744425058364868                     Beta: 0.5604169368743896                     MemKD: 0.0
2026-02-09 11:23:45,199 - INFO - Epoch [49/130] Train Loss: 0.5439, Train Acc: 81.61%, Val Loss: 0.5170, Val Acc: 79.79%
2026-02-09 11:24:09,323 - INFO - Epoch [50] Batch [0/35]                     Loss: 0.6625, Hard: 0.5995, Soft: 0.0630                     Acc: 87.50% LR: 0.000344                     Alpha: 0.5744425058364868                     Beta: 0.5641769170761108                     MemKD: 0.0
2026-02-09 11:24:13,930 - INFO - Epoch [50] Batch [20/35]                     Loss: 0.2975, Hard: 0.2598, Soft: 0.0378                     Acc: 82.44% LR: 0.000344                     Alpha: 0.5744425058364868                     Beta: 0.5689355731010437                     MemKD: 0.0
2026-02-09 11:24:44,830 - INFO - Epoch [50/130] Train Loss: 0.5404, Train Acc: 83.04%, Val Loss: 0.7461, Val Acc: 72.74%
2026-02-09 11:24:44,882 - INFO - Checkpoint saved at epoch 50
2026-02-09 11:25:09,677 - INFO - Epoch [51] Batch [0/35]                     Loss: 0.5666, Hard: 0.5057, Soft: 0.0609                     Acc: 81.25% LR: 0.000339                     Alpha: 0.5744425058364868                     Beta: 0.5721784830093384                     MemKD: 0.0
2026-02-09 11:25:13,628 - INFO - Epoch [51] Batch [20/35]                     Loss: 0.4547, Hard: 0.4112, Soft: 0.0435                     Acc: 81.55% LR: 0.000339                     Alpha: 0.5744425058364868                     Beta: 0.5765306949615479                     MemKD: 0.0
2026-02-09 11:25:47,063 - INFO - Epoch [51/130] Train Loss: 0.5053, Train Acc: 82.14%, Val Loss: 0.5807, Val Acc: 78.59%
2026-02-09 11:26:11,644 - INFO - Epoch [52] Batch [0/35]                     Loss: 0.6843, Hard: 0.5959, Soft: 0.0884                     Acc: 81.25% LR: 0.000333                     Alpha: 0.5744425058364868                     Beta: 0.579825222492218                     MemKD: 0.0
2026-02-09 11:26:16,355 - INFO - Epoch [52] Batch [20/35]                     Loss: 0.6212, Hard: 0.5238, Soft: 0.0974                     Acc: 80.36% LR: 0.000333                     Alpha: 0.5744425058364868                     Beta: 0.5846022367477417                     MemKD: 0.0
2026-02-09 11:26:48,616 - INFO - Epoch [52/130] Train Loss: 0.5264, Train Acc: 81.96%, Val Loss: 0.4563, Val Acc: 81.91%
2026-02-09 11:26:48,617 - INFO - Best model saved with accuracy: 81.91%
2026-02-09 11:27:12,303 - INFO - Epoch [53] Batch [0/35]                     Loss: 0.2505, Hard: 0.2142, Soft: 0.0363                     Acc: 93.75% LR: 0.000327                     Alpha: 0.5744425058364868                     Beta: 0.5881643295288086                     MemKD: 0.0
2026-02-09 11:27:16,688 - INFO - Epoch [53] Batch [20/35]                     Loss: 0.3244, Hard: 0.2813, Soft: 0.0431                     Acc: 85.42% LR: 0.000327                     Alpha: 0.5744425058364868                     Beta: 0.592407763004303                     MemKD: 0.0
2026-02-09 11:27:48,266 - INFO - Epoch [53/130] Train Loss: 0.4524, Train Acc: 84.64%, Val Loss: 0.6004, Val Acc: 76.86%
2026-02-09 11:28:12,381 - INFO - Epoch [54] Batch [0/35]                     Loss: 0.9198, Hard: 0.8301, Soft: 0.0897                     Acc: 81.25% LR: 0.000321                     Alpha: 0.5744425058364868                     Beta: 0.5954479575157166                     MemKD: 0.0
2026-02-09 11:28:16,234 - INFO - Epoch [54] Batch [20/35]                     Loss: 0.2657, Hard: 0.2343, Soft: 0.0313                     Acc: 82.74% LR: 0.000321                     Alpha: 0.5744425058364868                     Beta: 0.5995196104049683                     MemKD: 0.0
2026-02-09 11:28:46,055 - INFO - Epoch [54/130] Train Loss: 0.5100, Train Acc: 82.50%, Val Loss: 0.6564, Val Acc: 76.46%
2026-02-09 11:29:11,049 - INFO - Epoch [55] Batch [0/35]                     Loss: 0.2753, Hard: 0.2400, Soft: 0.0353                     Acc: 87.50% LR: 0.000316                     Alpha: 0.5744425058364868                     Beta: 0.6026372313499451                     MemKD: 0.0
2026-02-09 11:29:15,590 - INFO - Epoch [55] Batch [20/35]                     Loss: 0.4323, Hard: 0.3936, Soft: 0.0388                     Acc: 82.74% LR: 0.000316                     Alpha: 0.5744425058364868                     Beta: 0.6067724823951721                     MemKD: 0.0
2026-02-09 11:29:47,708 - INFO - Epoch [55/130] Train Loss: 0.4914, Train Acc: 82.50%, Val Loss: 0.5660, Val Acc: 80.98%
2026-02-09 11:30:13,169 - INFO - Epoch [56] Batch [0/35]                     Loss: 0.3507, Hard: 0.3129, Soft: 0.0377                     Acc: 87.50% LR: 0.000310                     Alpha: 0.5744425058364868                     Beta: 0.6097962260246277                     MemKD: 0.0
2026-02-09 11:30:17,815 - INFO - Epoch [56] Batch [20/35]                     Loss: 0.2491, Hard: 0.2058, Soft: 0.0433                     Acc: 81.55% LR: 0.000310                     Alpha: 0.5744425058364868                     Beta: 0.6142533421516418                     MemKD: 0.0
2026-02-09 11:30:50,583 - INFO - Epoch [56/130] Train Loss: 0.5118, Train Acc: 83.04%, Val Loss: 0.4982, Val Acc: 81.12%
2026-02-09 11:31:13,895 - INFO - Epoch [57] Batch [0/35]                     Loss: 0.6281, Hard: 0.5779, Soft: 0.0502                     Acc: 81.25% LR: 0.000304                     Alpha: 0.5744425058364868                     Beta: 0.6175243258476257                     MemKD: 0.0
2026-02-09 11:31:17,505 - INFO - Epoch [57] Batch [20/35]                     Loss: 0.4490, Hard: 0.4052, Soft: 0.0438                     Acc: 86.61% LR: 0.000304                     Alpha: 0.5744425058364868                     Beta: 0.6216875314712524                     MemKD: 0.0
2026-02-09 11:31:47,195 - INFO - Epoch [57/130] Train Loss: 0.4663, Train Acc: 85.00%, Val Loss: 0.7730, Val Acc: 72.07%
2026-02-09 11:32:11,302 - INFO - Epoch [58] Batch [0/35]                     Loss: 0.2585, Hard: 0.2309, Soft: 0.0275                     Acc: 93.75% LR: 0.000298                     Alpha: 0.5744425058364868                     Beta: 0.6245498657226562                     MemKD: 0.0
2026-02-09 11:32:15,704 - INFO - Epoch [58] Batch [20/35]                     Loss: 0.5398, Hard: 0.4902, Soft: 0.0496                     Acc: 85.71% LR: 0.000298                     Alpha: 0.5744425058364868                     Beta: 0.6283237338066101                     MemKD: 0.0
2026-02-09 11:32:46,716 - INFO - Epoch [58/130] Train Loss: 0.4789, Train Acc: 84.11%, Val Loss: 0.4705, Val Acc: 83.24%
2026-02-09 11:32:46,717 - INFO - Best model saved with accuracy: 83.24%
2026-02-09 11:33:09,603 - INFO - Epoch [59] Batch [0/35]                     Loss: 0.4746, Hard: 0.4297, Soft: 0.0448                     Acc: 87.50% LR: 0.000292                     Alpha: 0.5744425058364868                     Beta: 0.6312857270240784                     MemKD: 0.0
2026-02-09 11:33:13,334 - INFO - Epoch [59] Batch [20/35]                     Loss: 0.2953, Hard: 0.2515, Soft: 0.0438                     Acc: 88.69% LR: 0.000292                     Alpha: 0.5744425058364868                     Beta: 0.6349465847015381                     MemKD: 0.0
2026-02-09 11:33:42,484 - INFO - Epoch [59/130] Train Loss: 0.4157, Train Acc: 86.79%, Val Loss: 0.5494, Val Acc: 81.25%
2026-02-09 11:34:04,202 - INFO - Epoch [60] Batch [0/35]                     Loss: 0.5393, Hard: 0.4819, Soft: 0.0574                     Acc: 81.25% LR: 0.000286                     Alpha: 0.5744425058364868                     Beta: 0.637603223323822                     MemKD: 0.0
2026-02-09 11:34:07,835 - INFO - Epoch [60] Batch [20/35]                     Loss: 0.4268, Hard: 0.3624, Soft: 0.0643                     Acc: 83.93% LR: 0.000286                     Alpha: 0.5744425058364868                     Beta: 0.6417754292488098                     MemKD: 0.0
2026-02-09 11:34:37,194 - INFO - Epoch [60/130] Train Loss: 0.5017, Train Acc: 83.57%, Val Loss: 0.6405, Val Acc: 75.66%
2026-02-09 11:34:37,272 - INFO - Checkpoint saved at epoch 60
2026-02-09 11:35:00,464 - INFO - Epoch [61] Batch [0/35]                     Loss: 0.5608, Hard: 0.5081, Soft: 0.0527                     Acc: 81.25% LR: 0.000280                     Alpha: 0.5744425058364868                     Beta: 0.6448371410369873                     MemKD: 0.0
2026-02-09 11:35:05,001 - INFO - Epoch [61] Batch [20/35]                     Loss: 0.3909, Hard: 0.3561, Soft: 0.0348                     Acc: 85.12% LR: 0.000280                     Alpha: 0.5744425058364868                     Beta: 0.6490758657455444                     MemKD: 0.0
2026-02-09 11:35:34,872 - INFO - Epoch [61/130] Train Loss: 0.5062, Train Acc: 83.75%, Val Loss: 0.4303, Val Acc: 84.04%
2026-02-09 11:35:34,872 - INFO - Best model saved with accuracy: 84.04%
2026-02-09 11:35:57,717 - INFO - Epoch [62] Batch [0/35]                     Loss: 0.5171, Hard: 0.4639, Soft: 0.0533                     Acc: 75.00% LR: 0.000274                     Alpha: 0.5744425058364868                     Beta: 0.6524417400360107                     MemKD: 0.0
2026-02-09 11:36:02,417 - INFO - Epoch [62] Batch [20/35]                     Loss: 0.5486, Hard: 0.4908, Soft: 0.0578                     Acc: 83.33% LR: 0.000274                     Alpha: 0.5744425058364868                     Beta: 0.6564939022064209                     MemKD: 0.0
2026-02-09 11:36:31,884 - INFO - Epoch [62/130] Train Loss: 0.4765, Train Acc: 83.57%, Val Loss: 0.4874, Val Acc: 83.24%
2026-02-09 11:36:55,110 - INFO - Epoch [63] Batch [0/35]                     Loss: 0.3777, Hard: 0.3482, Soft: 0.0295                     Acc: 87.50% LR: 0.000268                     Alpha: 0.5744425058364868                     Beta: 0.6595703959465027                     MemKD: 0.0
2026-02-09 11:36:59,604 - INFO - Epoch [63] Batch [20/35]                     Loss: 0.2746, Hard: 0.2413, Soft: 0.0334                     Acc: 85.71% LR: 0.000268                     Alpha: 0.5744425058364868                     Beta: 0.6631463766098022                     MemKD: 0.0
2026-02-09 11:37:29,753 - INFO - Epoch [63/130] Train Loss: 0.4027, Train Acc: 86.61%, Val Loss: 0.4495, Val Acc: 83.51%
2026-02-09 11:37:52,822 - INFO - Epoch [64] Batch [0/35]                     Loss: 0.4861, Hard: 0.4474, Soft: 0.0386                     Acc: 87.50% LR: 0.000262                     Alpha: 0.5744425058364868                     Beta: 0.665506899356842                     MemKD: 0.0
2026-02-09 11:37:57,248 - INFO - Epoch [64] Batch [20/35]                     Loss: 0.2122, Hard: 0.1823, Soft: 0.0298                     Acc: 85.71% LR: 0.000262                     Alpha: 0.5744425058364868                     Beta: 0.6689243316650391                     MemKD: 0.0
2026-02-09 11:38:27,271 - INFO - Epoch [64/130] Train Loss: 0.4124, Train Acc: 86.79%, Val Loss: 0.5302, Val Acc: 82.71%
2026-02-09 11:38:51,201 - INFO - Epoch [65] Batch [0/35]                     Loss: 0.2590, Hard: 0.2222, Soft: 0.0368                     Acc: 93.75% LR: 0.000256                     Alpha: 0.5744425058364868                     Beta: 0.6713963150978088                     MemKD: 0.0
2026-02-09 11:38:55,724 - INFO - Epoch [65] Batch [20/35]                     Loss: 0.3879, Hard: 0.3384, Soft: 0.0496                     Acc: 86.61% LR: 0.000256                     Alpha: 0.5744425058364868                     Beta: 0.6748077273368835                     MemKD: 0.0
2026-02-09 11:39:26,008 - INFO - Epoch [65/130] Train Loss: 0.3926, Train Acc: 86.79%, Val Loss: 0.6548, Val Acc: 75.66%
2026-02-09 11:39:49,037 - INFO - Epoch [66] Batch [0/35]                     Loss: 0.3741, Hard: 0.3402, Soft: 0.0339                     Acc: 87.50% LR: 0.000250                     Alpha: 0.5744425058364868                     Beta: 0.6772564053535461                     MemKD: 0.0
2026-02-09 11:39:52,674 - INFO - Epoch [66] Batch [20/35]                     Loss: 0.3237, Hard: 0.2928, Soft: 0.0309                     Acc: 86.90% LR: 0.000250                     Alpha: 0.5744425058364868                     Beta: 0.6803168654441833                     MemKD: 0.0
2026-02-09 11:40:22,210 - INFO - Epoch [66/130] Train Loss: 0.4246, Train Acc: 85.89%, Val Loss: 0.4739, Val Acc: 82.05%
2026-02-09 11:40:46,034 - INFO - Epoch [67] Batch [0/35]                     Loss: 0.3254, Hard: 0.2905, Soft: 0.0349                     Acc: 87.50% LR: 0.000244                     Alpha: 0.5744425058364868                     Beta: 0.6830689907073975                     MemKD: 0.0
2026-02-09 11:40:50,113 - INFO - Epoch [67] Batch [20/35]                     Loss: 0.2375, Hard: 0.2104, Soft: 0.0270                     Acc: 87.20% LR: 0.000244                     Alpha: 0.5744425058364868                     Beta: 0.6863293051719666                     MemKD: 0.0
2026-02-09 11:41:19,936 - INFO - Epoch [67/130] Train Loss: 0.4145, Train Acc: 86.61%, Val Loss: 0.5087, Val Acc: 80.19%
2026-02-09 11:41:42,102 - INFO - Epoch [68] Batch [0/35]                     Loss: 0.5306, Hard: 0.4770, Soft: 0.0535                     Acc: 87.50% LR: 0.000238                     Alpha: 0.5744425058364868                     Beta: 0.6887996196746826                     MemKD: 0.0
2026-02-09 11:41:45,762 - INFO - Epoch [68] Batch [20/35]                     Loss: 0.0980, Hard: 0.0783, Soft: 0.0196                     Acc: 87.20% LR: 0.000238                     Alpha: 0.5744425058364868                     Beta: 0.6920900344848633                     MemKD: 0.0
2026-02-09 11:42:15,872 - INFO - Epoch [68/130] Train Loss: 0.4585, Train Acc: 85.54%, Val Loss: 0.7532, Val Acc: 74.73%
2026-02-09 11:42:38,802 - INFO - Epoch [69] Batch [0/35]                     Loss: 0.3768, Hard: 0.3471, Soft: 0.0296                     Acc: 81.25% LR: 0.000232                     Alpha: 0.5744425058364868                     Beta: 0.6947402358055115                     MemKD: 0.0
2026-02-09 11:42:43,380 - INFO - Epoch [69] Batch [20/35]                     Loss: 0.7901, Hard: 0.7325, Soft: 0.0576                     Acc: 86.01% LR: 0.000232                     Alpha: 0.5744425058364868                     Beta: 0.6983694434165955                     MemKD: 0.0
2026-02-09 11:43:12,994 - INFO - Epoch [69/130] Train Loss: 0.3902, Train Acc: 86.79%, Val Loss: 0.5283, Val Acc: 78.59%
2026-02-09 11:43:36,911 - INFO - Epoch [70] Batch [0/35]                     Loss: 0.3661, Hard: 0.3286, Soft: 0.0375                     Acc: 81.25% LR: 0.000226                     Alpha: 0.5744425058364868                     Beta: 0.7008815407752991                     MemKD: 0.0
2026-02-09 11:43:40,650 - INFO - Epoch [70] Batch [20/35]                     Loss: 0.3526, Hard: 0.3080, Soft: 0.0446                     Acc: 87.50% LR: 0.000226                     Alpha: 0.5744425058364868                     Beta: 0.7037663459777832                     MemKD: 0.0
2026-02-09 11:44:09,516 - INFO - Epoch [70/130] Train Loss: 0.3445, Train Acc: 89.11%, Val Loss: 0.5391, Val Acc: 79.65%
2026-02-09 11:44:09,551 - INFO - Checkpoint saved at epoch 70
2026-02-09 11:44:32,816 - INFO - Epoch [71] Batch [0/35]                     Loss: 0.5417, Hard: 0.4986, Soft: 0.0431                     Acc: 81.25% LR: 0.000220                     Alpha: 0.5744425058364868                     Beta: 0.7058073878288269                     MemKD: 0.0
2026-02-09 11:44:37,257 - INFO - Epoch [71] Batch [20/35]                     Loss: 0.4111, Hard: 0.3763, Soft: 0.0347                     Acc: 86.90% LR: 0.000220                     Alpha: 0.5744425058364868                     Beta: 0.7086007595062256                     MemKD: 0.0
2026-02-09 11:45:07,228 - INFO - Epoch [71/130] Train Loss: 0.3913, Train Acc: 86.96%, Val Loss: 0.4904, Val Acc: 82.05%
2026-02-09 11:45:31,472 - INFO - Epoch [72] Batch [0/35]                     Loss: 0.4131, Hard: 0.3798, Soft: 0.0333                     Acc: 75.00% LR: 0.000214                     Alpha: 0.5744425058364868                     Beta: 0.7109025716781616                     MemKD: 0.0
2026-02-09 11:45:35,836 - INFO - Epoch [72] Batch [20/35]                     Loss: 0.1540, Hard: 0.1363, Soft: 0.0177                     Acc: 88.10% LR: 0.000214                     Alpha: 0.5744425058364868                     Beta: 0.7136955857276917                     MemKD: 0.0
2026-02-09 11:46:06,419 - INFO - Epoch [72/130] Train Loss: 0.3387, Train Acc: 88.57%, Val Loss: 0.5061, Val Acc: 80.85%
2026-02-09 11:46:28,920 - INFO - Epoch [73] Batch [0/35]                     Loss: 0.2662, Hard: 0.2386, Soft: 0.0276                     Acc: 93.75% LR: 0.000208                     Alpha: 0.5744425058364868                     Beta: 0.7155662178993225                     MemKD: 0.0
2026-02-09 11:46:32,796 - INFO - Epoch [73] Batch [20/35]                     Loss: 0.3677, Hard: 0.3399, Soft: 0.0278                     Acc: 87.50% LR: 0.000208                     Alpha: 0.5744425058364868                     Beta: 0.7182178497314453                     MemKD: 0.0
2026-02-09 11:46:59,851 - INFO - Epoch [73/130] Train Loss: 0.3589, Train Acc: 87.86%, Val Loss: 0.4689, Val Acc: 83.38%
2026-02-09 11:47:21,597 - INFO - Epoch [74] Batch [0/35]                     Loss: 0.1722, Hard: 0.1461, Soft: 0.0261                     Acc: 93.75% LR: 0.000202                     Alpha: 0.5744425058364868                     Beta: 0.7200543284416199                     MemKD: 0.0
2026-02-09 11:47:26,329 - INFO - Epoch [74] Batch [20/35]                     Loss: 0.2143, Hard: 0.1965, Soft: 0.0177                     Acc: 88.10% LR: 0.000202                     Alpha: 0.5744425058364868                     Beta: 0.7226750254631042                     MemKD: 0.0
2026-02-09 11:47:56,320 - INFO - Epoch [74/130] Train Loss: 0.3667, Train Acc: 88.04%, Val Loss: 0.5668, Val Acc: 80.32%
2026-02-09 11:48:20,291 - INFO - Epoch [75] Batch [0/35]                     Loss: 0.1312, Hard: 0.1120, Soft: 0.0193                     Acc: 100.00% LR: 0.000196                     Alpha: 0.5744425058364868                     Beta: 0.7246808409690857                     MemKD: 0.0
2026-02-09 11:48:24,662 - INFO - Epoch [75] Batch [20/35]                     Loss: 0.2580, Hard: 0.2310, Soft: 0.0270                     Acc: 89.58% LR: 0.000196                     Alpha: 0.5744425058364868                     Beta: 0.7273783087730408                     MemKD: 0.0
2026-02-09 11:48:54,374 - INFO - Epoch [75/130] Train Loss: 0.3204, Train Acc: 89.46%, Val Loss: 0.6385, Val Acc: 76.73%
2026-02-09 11:49:17,850 - INFO - Epoch [76] Batch [0/35]                     Loss: 0.1856, Hard: 0.1612, Soft: 0.0243                     Acc: 93.75% LR: 0.000190                     Alpha: 0.5744425058364868                     Beta: 0.7293124198913574                     MemKD: 0.0
2026-02-09 11:49:22,352 - INFO - Epoch [76] Batch [20/35]                     Loss: 0.1831, Hard: 0.1653, Soft: 0.0179                     Acc: 89.29% LR: 0.000190                     Alpha: 0.5744425058364868                     Beta: 0.7315852642059326                     MemKD: 0.0
2026-02-09 11:49:51,824 - INFO - Epoch [76/130] Train Loss: 0.3321, Train Acc: 89.46%, Val Loss: 0.5131, Val Acc: 81.78%
2026-02-09 11:50:15,452 - INFO - Epoch [77] Batch [0/35]                     Loss: 0.3928, Hard: 0.3592, Soft: 0.0336                     Acc: 87.50% LR: 0.000184                     Alpha: 0.5744425058364868                     Beta: 0.733144998550415                     MemKD: 0.0
2026-02-09 11:50:19,998 - INFO - Epoch [77] Batch [20/35]                     Loss: 0.6192, Hard: 0.5685, Soft: 0.0507                     Acc: 86.31% LR: 0.000184                     Alpha: 0.5744425058364868                     Beta: 0.7354875206947327                     MemKD: 0.0
2026-02-09 11:50:50,236 - INFO - Epoch [77/130] Train Loss: 0.3632, Train Acc: 87.86%, Val Loss: 0.4374, Val Acc: 83.78%
2026-02-09 11:51:14,124 - INFO - Epoch [78] Batch [0/35]                     Loss: 0.2276, Hard: 0.2060, Soft: 0.0216                     Acc: 93.75% LR: 0.000179                     Alpha: 0.5744425058364868                     Beta: 0.7373611927032471                     MemKD: 0.0
2026-02-09 11:51:18,603 - INFO - Epoch [78] Batch [20/35]                     Loss: 0.4408, Hard: 0.4058, Soft: 0.0350                     Acc: 88.99% LR: 0.000179                     Alpha: 0.5744425058364868                     Beta: 0.7396432757377625                     MemKD: 0.0
2026-02-09 11:51:48,389 - INFO - Epoch [78/130] Train Loss: 0.3070, Train Acc: 89.29%, Val Loss: 0.4549, Val Acc: 85.11%
2026-02-09 11:51:48,389 - INFO - Best model saved with accuracy: 85.11%
2026-02-09 11:52:10,966 - INFO - Epoch [79] Batch [0/35]                     Loss: 0.2735, Hard: 0.2524, Soft: 0.0212                     Acc: 93.75% LR: 0.000173                     Alpha: 0.5744425058364868                     Beta: 0.7411817312240601                     MemKD: 0.0
2026-02-09 11:52:14,596 - INFO - Epoch [79] Batch [20/35]                     Loss: 0.1944, Hard: 0.1713, Soft: 0.0231                     Acc: 86.90% LR: 0.000173                     Alpha: 0.5744425058364868                     Beta: 0.743523359298706                     MemKD: 0.0
2026-02-09 11:52:42,097 - INFO - Epoch [79/130] Train Loss: 0.3710, Train Acc: 88.04%, Val Loss: 0.4476, Val Acc: 83.11%
2026-02-09 11:53:04,975 - INFO - Epoch [80] Batch [0/35]                     Loss: 0.3355, Hard: 0.3077, Soft: 0.0277                     Acc: 87.50% LR: 0.000167                     Alpha: 0.5744425058364868                     Beta: 0.7453579902648926                     MemKD: 0.0
2026-02-09 11:53:08,648 - INFO - Epoch [80] Batch [20/35]                     Loss: 0.7420, Hard: 0.7055, Soft: 0.0365                     Acc: 88.39% LR: 0.000167                     Alpha: 0.5744425058364868                     Beta: 0.7478120923042297                     MemKD: 0.0
2026-02-09 11:53:37,363 - INFO - Epoch [80/130] Train Loss: 0.3671, Train Acc: 88.21%, Val Loss: 0.4340, Val Acc: 84.04%
2026-02-09 11:53:37,402 - INFO - Checkpoint saved at epoch 80
2026-02-09 11:54:00,018 - INFO - Epoch [81] Batch [0/35]                     Loss: 0.3957, Hard: 0.3675, Soft: 0.0283                     Acc: 93.75% LR: 0.000161                     Alpha: 0.5744425058364868                     Beta: 0.7496712803840637                     MemKD: 0.0
2026-02-09 11:54:03,765 - INFO - Epoch [81] Batch [20/35]                     Loss: 0.6060, Hard: 0.5695, Soft: 0.0365                     Acc: 86.01% LR: 0.000161                     Alpha: 0.5744425058364868                     Beta: 0.7520834803581238                     MemKD: 0.0
2026-02-09 11:54:32,920 - INFO - Epoch [81/130] Train Loss: 0.3802, Train Acc: 86.61%, Val Loss: 0.5551, Val Acc: 80.19%
2026-02-09 11:54:55,013 - INFO - Epoch [82] Batch [0/35]                     Loss: 0.2455, Hard: 0.2146, Soft: 0.0309                     Acc: 93.75% LR: 0.000156                     Alpha: 0.5744425058364868                     Beta: 0.7539138793945312                     MemKD: 0.0
2026-02-09 11:54:58,651 - INFO - Epoch [82] Batch [20/35]                     Loss: 0.2996, Hard: 0.2726, Soft: 0.0270                     Acc: 89.88% LR: 0.000156                     Alpha: 0.5744425058364868                     Beta: 0.7560909390449524                     MemKD: 0.0
2026-02-09 11:55:29,119 - INFO - Epoch [82/130] Train Loss: 0.3510, Train Acc: 88.93%, Val Loss: 0.4299, Val Acc: 84.97%
2026-02-09 11:55:52,407 - INFO - Epoch [83] Batch [0/35]                     Loss: 0.2377, Hard: 0.2145, Soft: 0.0231                     Acc: 93.75% LR: 0.000150                     Alpha: 0.5744425058364868                     Beta: 0.7577653527259827                     MemKD: 0.0
2026-02-09 11:55:56,881 - INFO - Epoch [83] Batch [20/35]                     Loss: 0.2439, Hard: 0.2172, Soft: 0.0267                     Acc: 91.07% LR: 0.000150                     Alpha: 0.5744425058364868                     Beta: 0.759813666343689                     MemKD: 0.0
2026-02-09 11:56:27,495 - INFO - Epoch [83/130] Train Loss: 0.2982, Train Acc: 90.54%, Val Loss: 0.4919, Val Acc: 82.31%
2026-02-09 11:56:52,024 - INFO - Epoch [84] Batch [0/35]                     Loss: 0.2540, Hard: 0.2270, Soft: 0.0270                     Acc: 93.75% LR: 0.000145                     Alpha: 0.5744425058364868                     Beta: 0.7613032460212708                     MemKD: 0.0
2026-02-09 11:56:55,751 - INFO - Epoch [84] Batch [20/35]                     Loss: 0.2022, Hard: 0.1818, Soft: 0.0204                     Acc: 92.86% LR: 0.000145                     Alpha: 0.5744425058364868                     Beta: 0.7630833983421326                     MemKD: 0.0
2026-02-09 11:57:24,910 - INFO - Epoch [84/130] Train Loss: 0.3578, Train Acc: 89.11%, Val Loss: 0.4308, Val Acc: 84.57%
2026-02-09 11:57:46,430 - INFO - Epoch [85] Batch [0/35]                     Loss: 0.3610, Hard: 0.3354, Soft: 0.0255                     Acc: 81.25% LR: 0.000139                     Alpha: 0.5744425058364868                     Beta: 0.7647584676742554                     MemKD: 0.0
2026-02-09 11:57:50,864 - INFO - Epoch [85] Batch [20/35]                     Loss: 0.2480, Hard: 0.2271, Soft: 0.0209                     Acc: 90.48% LR: 0.000139                     Alpha: 0.5744425058364868                     Beta: 0.7666547298431396                     MemKD: 0.0
2026-02-09 11:58:20,538 - INFO - Epoch [85/130] Train Loss: 0.2909, Train Acc: 90.18%, Val Loss: 0.5206, Val Acc: 80.98%
2026-02-09 11:58:43,443 - INFO - Epoch [86] Batch [0/35]                     Loss: 0.2048, Hard: 0.1842, Soft: 0.0207                     Acc: 93.75% LR: 0.000134                     Alpha: 0.5744425058364868                     Beta: 0.7679702043533325                     MemKD: 0.0
2026-02-09 11:58:47,251 - INFO - Epoch [86] Batch [20/35]                     Loss: 0.4704, Hard: 0.4348, Soft: 0.0356                     Acc: 87.80% LR: 0.000134                     Alpha: 0.5744425058364868                     Beta: 0.7696934938430786                     MemKD: 0.0
2026-02-09 11:59:15,858 - INFO - Epoch [86/130] Train Loss: 0.3617, Train Acc: 85.89%, Val Loss: 0.4639, Val Acc: 83.24%
2026-02-09 11:59:39,551 - INFO - Epoch [87] Batch [0/35]                     Loss: 0.2263, Hard: 0.2066, Soft: 0.0198                     Acc: 93.75% LR: 0.000129                     Alpha: 0.5744425058364868                     Beta: 0.7712368965148926                     MemKD: 0.0
2026-02-09 11:59:44,046 - INFO - Epoch [87] Batch [20/35]                     Loss: 0.1541, Hard: 0.1365, Soft: 0.0176                     Acc: 87.80% LR: 0.000129                     Alpha: 0.5744425058364868                     Beta: 0.7731767296791077                     MemKD: 0.0
2026-02-09 12:00:14,231 - INFO - Epoch [87/130] Train Loss: 0.3349, Train Acc: 88.57%, Val Loss: 0.4104, Val Acc: 85.90%
2026-02-09 12:00:14,231 - INFO - Best model saved with accuracy: 85.90%
2026-02-09 12:00:37,776 - INFO - Epoch [88] Batch [0/35]                     Loss: 0.3122, Hard: 0.2789, Soft: 0.0333                     Acc: 87.50% LR: 0.000123                     Alpha: 0.5744425058364868                     Beta: 0.7747161388397217                     MemKD: 0.0
2026-02-09 12:00:42,136 - INFO - Epoch [88] Batch [20/35]                     Loss: 0.3971, Hard: 0.3718, Soft: 0.0253                     Acc: 87.80% LR: 0.000123                     Alpha: 0.5744425058364868                     Beta: 0.7763881087303162                     MemKD: 0.0
2026-02-09 12:01:12,144 - INFO - Epoch [88/130] Train Loss: 0.2983, Train Acc: 89.82%, Val Loss: 0.4517, Val Acc: 84.04%
2026-02-09 12:01:35,392 - INFO - Epoch [89] Batch [0/35]                     Loss: 0.1211, Hard: 0.1081, Soft: 0.0130                     Acc: 93.75% LR: 0.000118                     Alpha: 0.5744425058364868                     Beta: 0.7775632739067078                     MemKD: 0.0
2026-02-09 12:01:39,842 - INFO - Epoch [89] Batch [20/35]                     Loss: 0.3567, Hard: 0.3311, Soft: 0.0256                     Acc: 87.80% LR: 0.000118                     Alpha: 0.5744425058364868                     Beta: 0.779265820980072                     MemKD: 0.0
2026-02-09 12:02:08,769 - INFO - Epoch [89/130] Train Loss: 0.3389, Train Acc: 89.11%, Val Loss: 0.4040, Val Acc: 85.77%
2026-02-09 12:02:32,184 - INFO - Epoch [90] Batch [0/35]                     Loss: 0.3041, Hard: 0.2764, Soft: 0.0277                     Acc: 93.75% LR: 0.000113                     Alpha: 0.5744425058364868                     Beta: 0.7806077599525452                     MemKD: 0.0
2026-02-09 12:02:36,619 - INFO - Epoch [90] Batch [20/35]                     Loss: 0.2768, Hard: 0.2524, Soft: 0.0243                     Acc: 91.96% LR: 0.000113                     Alpha: 0.5744425058364868                     Beta: 0.782021701335907                     MemKD: 0.0
2026-02-09 12:03:05,442 - INFO - Epoch [90/130] Train Loss: 0.2748, Train Acc: 91.43%, Val Loss: 0.4621, Val Acc: 82.58%
2026-02-09 12:03:05,478 - INFO - Checkpoint saved at epoch 90
2026-02-09 12:03:27,876 - INFO - Epoch [91] Batch [0/35]                     Loss: 0.5206, Hard: 0.4956, Soft: 0.0249                     Acc: 75.00% LR: 0.000108                     Alpha: 0.5744425058364868                     Beta: 0.7830618023872375                     MemKD: 0.0
2026-02-09 12:03:32,445 - INFO - Epoch [91] Batch [20/35]                     Loss: 0.3262, Hard: 0.3033, Soft: 0.0229                     Acc: 87.50% LR: 0.000108                     Alpha: 0.5744425058364868                     Beta: 0.7845494151115417                     MemKD: 0.0
2026-02-09 12:04:03,095 - INFO - Epoch [91/130] Train Loss: 0.2937, Train Acc: 89.46%, Val Loss: 0.4413, Val Acc: 85.24%
2026-02-09 12:04:26,281 - INFO - Epoch [92] Batch [0/35]                     Loss: 0.2309, Hard: 0.2121, Soft: 0.0188                     Acc: 93.75% LR: 0.000103                     Alpha: 0.5744425058364868                     Beta: 0.7855563759803772                     MemKD: 0.0
2026-02-09 12:04:30,741 - INFO - Epoch [92] Batch [20/35]                     Loss: 0.5048, Hard: 0.4636, Soft: 0.0412                     Acc: 91.67% LR: 0.000103                     Alpha: 0.5744425058364868                     Beta: 0.7868667840957642                     MemKD: 0.0
2026-02-09 12:05:00,171 - INFO - Epoch [92/130] Train Loss: 0.2942, Train Acc: 91.43%, Val Loss: 0.4584, Val Acc: 84.04%
2026-02-09 12:05:22,858 - INFO - Epoch [93] Batch [0/35]                     Loss: 0.2686, Hard: 0.2460, Soft: 0.0226                     Acc: 93.75% LR: 0.000098                     Alpha: 0.5744425058364868                     Beta: 0.7879915833473206                     MemKD: 0.0
2026-02-09 12:05:25,898 - INFO - Epoch [93] Batch [20/35]                     Loss: 0.1751, Hard: 0.1551, Soft: 0.0201                     Acc: 91.67% LR: 0.000098                     Alpha: 0.5744425058364868                     Beta: 0.7892931699752808                     MemKD: 0.0
2026-02-09 12:05:55,462 - INFO - Epoch [93/130] Train Loss: 0.2698, Train Acc: 91.25%, Val Loss: 0.4344, Val Acc: 85.11%
2026-02-09 12:06:18,610 - INFO - Epoch [94] Batch [0/35]                     Loss: 0.2415, Hard: 0.2216, Soft: 0.0198                     Acc: 87.50% LR: 0.000093                     Alpha: 0.5744425058364868                     Beta: 0.7902442812919617                     MemKD: 0.0
2026-02-09 12:06:23,042 - INFO - Epoch [94] Batch [20/35]                     Loss: 0.2259, Hard: 0.2060, Soft: 0.0199                     Acc: 91.07% LR: 0.000093                     Alpha: 0.5744425058364868                     Beta: 0.7915196418762207                     MemKD: 0.0
2026-02-09 12:06:52,614 - INFO - Epoch [94/130] Train Loss: 0.2473, Train Acc: 91.79%, Val Loss: 0.4312, Val Acc: 84.84%
2026-02-09 12:07:16,238 - INFO - Epoch [95] Batch [0/35]                     Loss: 0.4689, Hard: 0.4433, Soft: 0.0256                     Acc: 87.50% LR: 0.000089                     Alpha: 0.5744425058364868                     Beta: 0.7923716902732849                     MemKD: 0.0
2026-02-09 12:07:20,345 - INFO - Epoch [95] Batch [20/35]                     Loss: 0.2540, Hard: 0.2388, Soft: 0.0152                     Acc: 90.77% LR: 0.000089                     Alpha: 0.5744425058364868                     Beta: 0.7936102151870728                     MemKD: 0.0
2026-02-09 12:07:50,504 - INFO - Epoch [95/130] Train Loss: 0.2872, Train Acc: 90.71%, Val Loss: 0.4344, Val Acc: 84.97%
2026-02-09 12:08:13,985 - INFO - Epoch [96] Batch [0/35]                     Loss: 0.3111, Hard: 0.2879, Soft: 0.0233                     Acc: 87.50% LR: 0.000084                     Alpha: 0.5744425058364868                     Beta: 0.794470489025116                     MemKD: 0.0
2026-02-09 12:08:17,615 - INFO - Epoch [96] Batch [20/35]                     Loss: 0.0628, Hard: 0.0527, Soft: 0.0101                     Acc: 90.48% LR: 0.000084                     Alpha: 0.5744425058364868                     Beta: 0.7956329584121704                     MemKD: 0.0
2026-02-09 12:08:46,982 - INFO - Epoch [96/130] Train Loss: 0.2513, Train Acc: 91.61%, Val Loss: 0.4317, Val Acc: 85.51%
2026-02-09 12:09:09,630 - INFO - Epoch [97] Batch [0/35]                     Loss: 0.2132, Hard: 0.1923, Soft: 0.0208                     Acc: 93.75% LR: 0.000080                     Alpha: 0.5744425058364868                     Beta: 0.7964786291122437                     MemKD: 0.0
2026-02-09 12:09:14,171 - INFO - Epoch [97] Batch [20/35]                     Loss: 0.4422, Hard: 0.4162, Soft: 0.0260                     Acc: 90.18% LR: 0.000080                     Alpha: 0.5744425058364868                     Beta: 0.7975252866744995                     MemKD: 0.0
2026-02-09 12:09:44,223 - INFO - Epoch [97/130] Train Loss: 0.2903, Train Acc: 89.82%, Val Loss: 0.4799, Val Acc: 84.97%
2026-02-09 12:10:07,165 - INFO - Epoch [98] Batch [0/35]                     Loss: 0.3541, Hard: 0.3271, Soft: 0.0270                     Acc: 93.75% LR: 0.000075                     Alpha: 0.5744425058364868                     Beta: 0.7983608245849609                     MemKD: 0.0
2026-02-09 12:10:10,818 - INFO - Epoch [98] Batch [20/35]                     Loss: 0.4414, Hard: 0.4153, Soft: 0.0262                     Acc: 91.67% LR: 0.000075                     Alpha: 0.5744425058364868                     Beta: 0.7993770241737366                     MemKD: 0.0
2026-02-09 12:10:39,809 - INFO - Epoch [98/130] Train Loss: 0.2933, Train Acc: 90.54%, Val Loss: 0.4437, Val Acc: 84.71%
2026-02-09 12:11:02,478 - INFO - Epoch [99] Batch [0/35]                     Loss: 0.2188, Hard: 0.1987, Soft: 0.0201                     Acc: 93.75% LR: 0.000071                     Alpha: 0.5744425058364868                     Beta: 0.8001754283905029                     MemKD: 0.0
2026-02-09 12:11:06,933 - INFO - Epoch [99] Batch [20/35]                     Loss: 0.1535, Hard: 0.1388, Soft: 0.0147                     Acc: 92.26% LR: 0.000071                     Alpha: 0.5744425058364868                     Beta: 0.8010942339897156                     MemKD: 0.0
2026-02-09 12:11:36,371 - INFO - Epoch [99/130] Train Loss: 0.2468, Train Acc: 91.79%, Val Loss: 0.4148, Val Acc: 85.37%
2026-02-09 12:11:59,392 - INFO - Epoch [100] Batch [0/35]                     Loss: 0.2094, Hard: 0.1895, Soft: 0.0199                     Acc: 93.75% LR: 0.000067                     Alpha: 0.5744425058364868                     Beta: 0.8018010258674622                     MemKD: 0.0
2026-02-09 12:12:03,296 - INFO - Epoch [100] Batch [20/35]                     Loss: 0.3658, Hard: 0.3389, Soft: 0.0269                     Acc: 91.37% LR: 0.000067                     Alpha: 0.5744425058364868                     Beta: 0.8027529716491699                     MemKD: 0.0
2026-02-09 12:12:32,054 - INFO - Epoch [100/130] Train Loss: 0.2677, Train Acc: 91.25%, Val Loss: 0.4241, Val Acc: 85.64%
2026-02-09 12:12:32,106 - INFO - Checkpoint saved at epoch 100
2026-02-09 12:12:54,176 - INFO - Epoch [101] Batch [0/35]                     Loss: 0.6221, Hard: 0.5835, Soft: 0.0386                     Acc: 87.50% LR: 0.000063                     Alpha: 0.5744425058364868                     Beta: 0.8034603595733643                     MemKD: 0.0
2026-02-09 12:12:58,790 - INFO - Epoch [101] Batch [20/35]                     Loss: 0.1091, Hard: 0.0944, Soft: 0.0147                     Acc: 91.37% LR: 0.000063                     Alpha: 0.5744425058364868                     Beta: 0.8043214678764343                     MemKD: 0.0
2026-02-09 12:13:27,959 - INFO - Epoch [101/130] Train Loss: 0.2571, Train Acc: 90.54%, Val Loss: 0.4479, Val Acc: 85.11%
2026-02-09 12:13:51,287 - INFO - Epoch [102] Batch [0/35]                     Loss: 0.0916, Hard: 0.0778, Soft: 0.0138                     Acc: 100.00% LR: 0.000059                     Alpha: 0.5744425058364868                     Beta: 0.804952085018158                     MemKD: 0.0
2026-02-09 12:13:55,757 - INFO - Epoch [102] Batch [20/35]                     Loss: 0.1846, Hard: 0.1714, Soft: 0.0132                     Acc: 92.56% LR: 0.000059                     Alpha: 0.5744425058364868                     Beta: 0.805747926235199                     MemKD: 0.0
2026-02-09 12:14:25,955 - INFO - Epoch [102/130] Train Loss: 0.2423, Train Acc: 91.61%, Val Loss: 0.4274, Val Acc: 85.11%
2026-02-09 12:14:49,659 - INFO - Epoch [103] Batch [0/35]                     Loss: 0.1166, Hard: 0.1007, Soft: 0.0159                     Acc: 93.75% LR: 0.000055                     Alpha: 0.5744425058364868                     Beta: 0.8063609600067139                     MemKD: 0.0
2026-02-09 12:14:54,173 - INFO - Epoch [103] Batch [20/35]                     Loss: 0.1492, Hard: 0.1329, Soft: 0.0163                     Acc: 89.29% LR: 0.000055                     Alpha: 0.5744425058364868                     Beta: 0.8071436882019043                     MemKD: 0.0
2026-02-09 12:15:23,909 - INFO - Epoch [103/130] Train Loss: 0.2758, Train Acc: 90.18%, Val Loss: 0.4092, Val Acc: 86.04%
2026-02-09 12:15:23,910 - INFO - Best model saved with accuracy: 86.04%
2026-02-09 12:15:47,606 - INFO - Epoch [104] Batch [0/35]                     Loss: 0.3489, Hard: 0.3275, Soft: 0.0214                     Acc: 93.75% LR: 0.000051                     Alpha: 0.5744425058364868                     Beta: 0.8077588677406311                     MemKD: 0.0
2026-02-09 12:15:52,104 - INFO - Epoch [104] Batch [20/35]                     Loss: 0.3510, Hard: 0.3209, Soft: 0.0302                     Acc: 89.88% LR: 0.000051                     Alpha: 0.5744425058364868                     Beta: 0.8085020184516907                     MemKD: 0.0
2026-02-09 12:16:20,931 - INFO - Epoch [104/130] Train Loss: 0.2634, Train Acc: 90.36%, Val Loss: 0.4031, Val Acc: 86.04%
2026-02-09 12:16:43,254 - INFO - Epoch [105] Batch [0/35]                     Loss: 0.1734, Hard: 0.1582, Soft: 0.0152                     Acc: 93.75% LR: 0.000048                     Alpha: 0.5744425058364868                     Beta: 0.8090454339981079                     MemKD: 0.0
2026-02-09 12:16:47,760 - INFO - Epoch [105] Batch [20/35]                     Loss: 0.1743, Hard: 0.1555, Soft: 0.0187                     Acc: 92.86% LR: 0.000048                     Alpha: 0.5744425058364868                     Beta: 0.8096520304679871                     MemKD: 0.0
2026-02-09 12:17:17,664 - INFO - Epoch [105/130] Train Loss: 0.2713, Train Acc: 91.61%, Val Loss: 0.4192, Val Acc: 86.44%
2026-02-09 12:17:17,665 - INFO - Best model saved with accuracy: 86.44%
2026-02-09 12:17:40,245 - INFO - Epoch [106] Batch [0/35]                     Loss: 0.2021, Hard: 0.1847, Soft: 0.0174                     Acc: 93.75% LR: 0.000044                     Alpha: 0.5744425058364868                     Beta: 0.810163676738739                     MemKD: 0.0
2026-02-09 12:17:44,155 - INFO - Epoch [106] Batch [20/35]                     Loss: 0.3140, Hard: 0.2931, Soft: 0.0209                     Acc: 89.88% LR: 0.000044                     Alpha: 0.5744425058364868                     Beta: 0.8108359575271606                     MemKD: 0.0
2026-02-09 12:18:12,665 - INFO - Epoch [106/130] Train Loss: 0.2884, Train Acc: 90.18%, Val Loss: 0.4103, Val Acc: 86.04%
2026-02-09 12:18:34,494 - INFO - Epoch [107] Batch [0/35]                     Loss: 0.4999, Hard: 0.4611, Soft: 0.0387                     Acc: 81.25% LR: 0.000041                     Alpha: 0.5744425058364868                     Beta: 0.8113320469856262                     MemKD: 0.0
2026-02-09 12:18:38,133 - INFO - Epoch [107] Batch [20/35]                     Loss: 0.1736, Hard: 0.1579, Soft: 0.0157                     Acc: 90.48% LR: 0.000041                     Alpha: 0.5744425058364868                     Beta: 0.8119533061981201                     MemKD: 0.0
2026-02-09 12:19:07,100 - INFO - Epoch [107/130] Train Loss: 0.2534, Train Acc: 91.79%, Val Loss: 0.3911, Val Acc: 85.90%
2026-02-09 12:19:29,893 - INFO - Epoch [108] Batch [0/35]                     Loss: 0.2841, Hard: 0.2622, Soft: 0.0219                     Acc: 87.50% LR: 0.000038                     Alpha: 0.5744425058364868                     Beta: 0.812384307384491                     MemKD: 0.0
2026-02-09 12:19:34,335 - INFO - Epoch [108] Batch [20/35]                     Loss: 0.4426, Hard: 0.4157, Soft: 0.0269                     Acc: 94.64% LR: 0.000038                     Alpha: 0.5744425058364868                     Beta: 0.8128648996353149                     MemKD: 0.0
2026-02-09 12:20:03,492 - INFO - Epoch [108/130] Train Loss: 0.2531, Train Acc: 92.50%, Val Loss: 0.3988, Val Acc: 86.70%
2026-02-09 12:20:03,492 - INFO - Best model saved with accuracy: 86.70%
2026-02-09 12:20:26,852 - INFO - Epoch [109] Batch [0/35]                     Loss: 0.2189, Hard: 0.2027, Soft: 0.0161                     Acc: 93.75% LR: 0.000035                     Alpha: 0.5744425058364868                     Beta: 0.8132770657539368                     MemKD: 0.0
2026-02-09 12:20:30,719 - INFO - Epoch [109] Batch [20/35]                     Loss: 0.0969, Hard: 0.0865, Soft: 0.0103                     Acc: 93.15% LR: 0.000035                     Alpha: 0.5744425058364868                     Beta: 0.8138286471366882                     MemKD: 0.0
2026-02-09 12:20:59,301 - INFO - Epoch [109/130] Train Loss: 0.2660, Train Acc: 91.43%, Val Loss: 0.4154, Val Acc: 84.84%
2026-02-09 12:21:22,419 - INFO - Epoch [110] Batch [0/35]                     Loss: 0.0797, Hard: 0.0660, Soft: 0.0137                     Acc: 100.00% LR: 0.000032                     Alpha: 0.5744425058364868                     Beta: 0.8142246603965759                     MemKD: 0.0
2026-02-09 12:21:26,190 - INFO - Epoch [110] Batch [20/35]                     Loss: 0.1594, Hard: 0.1434, Soft: 0.0160                     Acc: 92.86% LR: 0.000032                     Alpha: 0.5744425058364868                     Beta: 0.8147056698799133                     MemKD: 0.0
2026-02-09 12:21:54,791 - INFO - Epoch [110/130] Train Loss: 0.2600, Train Acc: 91.61%, Val Loss: 0.4062, Val Acc: 86.17%
2026-02-09 12:21:54,848 - INFO - Checkpoint saved at epoch 110
2026-02-09 12:22:18,433 - INFO - Epoch [111] Batch [0/35]                     Loss: 0.2003, Hard: 0.1790, Soft: 0.0213                     Acc: 87.50% LR: 0.000029                     Alpha: 0.5744425058364868                     Beta: 0.8150641918182373                     MemKD: 0.0
2026-02-09 12:22:22,738 - INFO - Epoch [111] Batch [20/35]                     Loss: 0.2521, Hard: 0.2329, Soft: 0.0192                     Acc: 92.86% LR: 0.000029                     Alpha: 0.5744425058364868                     Beta: 0.815445065498352                     MemKD: 0.0
2026-02-09 12:22:52,743 - INFO - Epoch [111/130] Train Loss: 0.2130, Train Acc: 92.14%, Val Loss: 0.4140, Val Acc: 86.30%
2026-02-09 12:23:16,762 - INFO - Epoch [112] Batch [0/35]                     Loss: 0.1199, Hard: 0.1044, Soft: 0.0156                     Acc: 93.75% LR: 0.000026                     Alpha: 0.5744425058364868                     Beta: 0.8157348036766052                     MemKD: 0.0
2026-02-09 12:23:20,438 - INFO - Epoch [112] Batch [20/35]                     Loss: 0.1008, Hard: 0.0893, Soft: 0.0115                     Acc: 91.96% LR: 0.000026                     Alpha: 0.5744425058364868                     Beta: 0.8161390423774719                     MemKD: 0.0
2026-02-09 12:23:48,704 - INFO - Epoch [112/130] Train Loss: 0.2620, Train Acc: 91.07%, Val Loss: 0.3986, Val Acc: 86.97%
2026-02-09 12:23:48,704 - INFO - Best model saved with accuracy: 86.97%
2026-02-09 12:24:09,251 - INFO - Epoch [113] Batch [0/35]                     Loss: 0.2960, Hard: 0.2739, Soft: 0.0221                     Acc: 75.00% LR: 0.000023                     Alpha: 0.5744425058364868                     Beta: 0.816423773765564                     MemKD: 0.0
2026-02-09 12:24:13,171 - INFO - Epoch [113] Batch [20/35]                     Loss: 0.5669, Hard: 0.5407, Soft: 0.0263                     Acc: 89.58% LR: 0.000023                     Alpha: 0.5744425058364868                     Beta: 0.8167741894721985                     MemKD: 0.0
2026-02-09 12:24:41,511 - INFO - Epoch [113/130] Train Loss: 0.2836, Train Acc: 89.82%, Val Loss: 0.4147, Val Acc: 85.24%
2026-02-09 12:25:04,389 - INFO - Epoch [114] Batch [0/35]                     Loss: 0.2884, Hard: 0.2651, Soft: 0.0233                     Acc: 87.50% LR: 0.000021                     Alpha: 0.5744425058364868                     Beta: 0.8170414566993713                     MemKD: 0.0
2026-02-09 12:25:08,910 - INFO - Epoch [114] Batch [20/35]                     Loss: 0.4221, Hard: 0.3977, Soft: 0.0245                     Acc: 91.67% LR: 0.000021                     Alpha: 0.5744425058364868                     Beta: 0.8173401355743408                     MemKD: 0.0
2026-02-09 12:25:39,560 - INFO - Epoch [114/130] Train Loss: 0.2468, Train Acc: 90.89%, Val Loss: 0.3846, Val Acc: 86.70%
2026-02-09 12:26:03,427 - INFO - Epoch [115] Batch [0/35]                     Loss: 0.0509, Hard: 0.0358, Soft: 0.0151                     Acc: 100.00% LR: 0.000018                     Alpha: 0.5744425058364868                     Beta: 0.8175644874572754                     MemKD: 0.0
2026-02-09 12:26:08,010 - INFO - Epoch [115] Batch [20/35]                     Loss: 0.3698, Hard: 0.3455, Soft: 0.0243                     Acc: 91.96% LR: 0.000018                     Alpha: 0.5744425058364868                     Beta: 0.8178278803825378                     MemKD: 0.0
2026-02-09 12:26:37,256 - INFO - Epoch [115/130] Train Loss: 0.2665, Train Acc: 90.89%, Val Loss: 0.3999, Val Acc: 86.44%
2026-02-09 12:27:01,026 - INFO - Epoch [116] Batch [0/35]                     Loss: 0.5593, Hard: 0.5266, Soft: 0.0327                     Acc: 75.00% LR: 0.000016                     Alpha: 0.5744425058364868                     Beta: 0.8180438280105591                     MemKD: 0.0
2026-02-09 12:27:05,397 - INFO - Epoch [116] Batch [20/35]                     Loss: 0.0499, Hard: 0.0398, Soft: 0.0101                     Acc: 90.18% LR: 0.000016                     Alpha: 0.5744425058364868                     Beta: 0.8183018565177917                     MemKD: 0.0
2026-02-09 12:27:36,203 - INFO - Epoch [116/130] Train Loss: 0.2851, Train Acc: 90.54%, Val Loss: 0.3950, Val Acc: 86.30%
2026-02-09 12:27:59,428 - INFO - Epoch [117] Batch [0/35]                     Loss: 0.1398, Hard: 0.1247, Soft: 0.0150                     Acc: 93.75% LR: 0.000014                     Alpha: 0.5744425058364868                     Beta: 0.8185052275657654                     MemKD: 0.0
2026-02-09 12:28:03,864 - INFO - Epoch [117] Batch [20/35]                     Loss: 0.2843, Hard: 0.2667, Soft: 0.0177                     Acc: 90.77% LR: 0.000014                     Alpha: 0.5744425058364868                     Beta: 0.8187208771705627                     MemKD: 0.0
2026-02-09 12:28:33,949 - INFO - Epoch [117/130] Train Loss: 0.2636, Train Acc: 90.89%, Val Loss: 0.4253, Val Acc: 84.84%
2026-02-09 12:28:57,588 - INFO - Epoch [118] Batch [0/35]                     Loss: 0.2367, Hard: 0.2170, Soft: 0.0197                     Acc: 93.75% LR: 0.000012                     Alpha: 0.5744425058364868                     Beta: 0.8188695311546326                     MemKD: 0.0
2026-02-09 12:29:02,124 - INFO - Epoch [118] Batch [20/35]                     Loss: 0.1175, Hard: 0.1022, Soft: 0.0153                     Acc: 92.26% LR: 0.000012                     Alpha: 0.5744425058364868                     Beta: 0.8190541863441467                     MemKD: 0.0
2026-02-09 12:29:31,900 - INFO - Epoch [118/130] Train Loss: 0.2555, Train Acc: 91.61%, Val Loss: 0.4114, Val Acc: 86.04%
2026-02-09 12:29:55,568 - INFO - Epoch [119] Batch [0/35]                     Loss: 0.2442, Hard: 0.2242, Soft: 0.0199                     Acc: 87.50% LR: 0.000010                     Alpha: 0.5744425058364868                     Beta: 0.8191933631896973                     MemKD: 0.0
2026-02-09 12:29:59,257 - INFO - Epoch [119] Batch [20/35]                     Loss: 0.5119, Hard: 0.4761, Soft: 0.0358                     Acc: 93.45% LR: 0.000010                     Alpha: 0.5744425058364868                     Beta: 0.8193473815917969                     MemKD: 0.0
2026-02-09 12:30:28,757 - INFO - Epoch [119/130] Train Loss: 0.2152, Train Acc: 93.39%, Val Loss: 0.4025, Val Acc: 85.77%
2026-02-09 12:30:52,325 - INFO - Epoch [120] Batch [0/35]                     Loss: 0.6020, Hard: 0.5719, Soft: 0.0301                     Acc: 75.00% LR: 0.000009                     Alpha: 0.5744425058364868                     Beta: 0.819462776184082                     MemKD: 0.0
2026-02-09 12:30:56,677 - INFO - Epoch [120] Batch [20/35]                     Loss: 0.1300, Hard: 0.1170, Soft: 0.0130                     Acc: 88.99% LR: 0.000009                     Alpha: 0.5744425058364868                     Beta: 0.8195891976356506                     MemKD: 0.0
2026-02-09 12:31:25,950 - INFO - Epoch [120/130] Train Loss: 0.2309, Train Acc: 91.25%, Val Loss: 0.4093, Val Acc: 85.77%
2026-02-09 12:31:26,006 - INFO - Checkpoint saved at epoch 120
2026-02-09 12:31:48,063 - INFO - Epoch [121] Batch [0/35]                     Loss: 0.1849, Hard: 0.1694, Soft: 0.0155                     Acc: 93.75% LR: 0.000007                     Alpha: 0.5744425058364868                     Beta: 0.8196768760681152                     MemKD: 0.0
2026-02-09 12:31:51,705 - INFO - Epoch [121] Batch [20/35]                     Loss: 0.2301, Hard: 0.2145, Soft: 0.0156                     Acc: 93.45% LR: 0.000007                     Alpha: 0.5744425058364868                     Beta: 0.8197634816169739                     MemKD: 0.0
2026-02-09 12:32:21,042 - INFO - Epoch [121/130] Train Loss: 0.1948, Train Acc: 93.57%, Val Loss: 0.3944, Val Acc: 87.10%
2026-02-09 12:32:21,042 - INFO - Best model saved with accuracy: 87.10%
2026-02-09 12:32:43,639 - INFO - Epoch [122] Batch [0/35]                     Loss: 0.3303, Hard: 0.3112, Soft: 0.0191                     Acc: 87.50% LR: 0.000006                     Alpha: 0.5744425058364868                     Beta: 0.819835364818573                     MemKD: 0.0
2026-02-09 12:32:48,142 - INFO - Epoch [122] Batch [20/35]                     Loss: 0.5378, Hard: 0.5021, Soft: 0.0357                     Acc: 93.15% LR: 0.000006                     Alpha: 0.5744425058364868                     Beta: 0.8199186325073242                     MemKD: 0.0
2026-02-09 12:33:18,210 - INFO - Epoch [122/130] Train Loss: 0.2319, Train Acc: 92.86%, Val Loss: 0.4227, Val Acc: 85.51%
2026-02-09 12:33:42,596 - INFO - Epoch [123] Batch [0/35]                     Loss: 0.9475, Hard: 0.9176, Soft: 0.0300                     Acc: 75.00% LR: 0.000005                     Alpha: 0.5744425058364868                     Beta: 0.8199892044067383                     MemKD: 0.0
2026-02-09 12:33:46,245 - INFO - Epoch [123] Batch [20/35]                     Loss: 0.4295, Hard: 0.4044, Soft: 0.0251                     Acc: 91.67% LR: 0.000005                     Alpha: 0.5744425058364868                     Beta: 0.8200584053993225                     MemKD: 0.0
2026-02-09 12:34:15,579 - INFO - Epoch [123/130] Train Loss: 0.2408, Train Acc: 92.68%, Val Loss: 0.4070, Val Acc: 86.44%
2026-02-09 12:34:38,218 - INFO - Epoch [124] Batch [0/35]                     Loss: 0.1230, Hard: 0.1107, Soft: 0.0123                     Acc: 93.75% LR: 0.000004                     Alpha: 0.5744425058364868                     Beta: 0.8201062679290771                     MemKD: 0.0
2026-02-09 12:34:42,846 - INFO - Epoch [124] Batch [20/35]                     Loss: 0.1908, Hard: 0.1741, Soft: 0.0167                     Acc: 92.56% LR: 0.000004                     Alpha: 0.5744425058364868                     Beta: 0.8201577663421631                     MemKD: 0.0
2026-02-09 12:35:13,365 - INFO - Epoch [124/130] Train Loss: 0.2461, Train Acc: 92.50%, Val Loss: 0.3937, Val Acc: 87.37%
2026-02-09 12:35:13,365 - INFO - Best model saved with accuracy: 87.37%
2026-02-09 12:35:36,489 - INFO - Epoch [125] Batch [0/35]                     Loss: 0.4166, Hard: 0.3944, Soft: 0.0221                     Acc: 93.75% LR: 0.000003                     Alpha: 0.5744425058364868                     Beta: 0.8201988339424133                     MemKD: 0.0
2026-02-09 12:35:40,993 - INFO - Epoch [125] Batch [20/35]                     Loss: 0.5757, Hard: 0.5444, Soft: 0.0313                     Acc: 93.75% LR: 0.000003                     Alpha: 0.5744425058364868                     Beta: 0.8202390074729919                     MemKD: 0.0
2026-02-09 12:36:11,140 - INFO - Epoch [125/130] Train Loss: 0.2468, Train Acc: 92.14%, Val Loss: 0.4048, Val Acc: 85.90%
2026-02-09 12:36:33,249 - INFO - Epoch [126] Batch [0/35]                     Loss: 0.2383, Hard: 0.2197, Soft: 0.0185                     Acc: 93.75% LR: 0.000002                     Alpha: 0.5744425058364868                     Beta: 0.8202719688415527                     MemKD: 0.0
2026-02-09 12:36:36,835 - INFO - Epoch [126] Batch [20/35]                     Loss: 0.0406, Hard: 0.0306, Soft: 0.0100                     Acc: 92.56% LR: 0.000002                     Alpha: 0.5744425058364868                     Beta: 0.8203009366989136                     MemKD: 0.0
2026-02-09 12:37:06,358 - INFO - Epoch [126/130] Train Loss: 0.2261, Train Acc: 92.32%, Val Loss: 0.4060, Val Acc: 86.70%
2026-02-09 12:37:29,690 - INFO - Epoch [127] Batch [0/35]                     Loss: 0.1137, Hard: 0.0998, Soft: 0.0139                     Acc: 93.75% LR: 0.000001                     Alpha: 0.5744425058364868                     Beta: 0.8203204274177551                     MemKD: 0.0
2026-02-09 12:37:34,068 - INFO - Epoch [127] Batch [20/35]                     Loss: 0.2113, Hard: 0.1940, Soft: 0.0173                     Acc: 91.37% LR: 0.000001                     Alpha: 0.5744425058364868                     Beta: 0.8203384280204773                     MemKD: 0.0
2026-02-09 12:38:02,710 - INFO - Epoch [127/130] Train Loss: 0.2272, Train Acc: 92.14%, Val Loss: 0.3961, Val Acc: 87.10%
2026-02-09 12:38:25,898 - INFO - Epoch [128] Batch [0/35]                     Loss: 0.0756, Hard: 0.0639, Soft: 0.0116                     Acc: 100.00% LR: 0.000001                     Alpha: 0.5744425058364868                     Beta: 0.8203509449958801                     MemKD: 0.0
2026-02-09 12:38:30,465 - INFO - Epoch [128] Batch [20/35]                     Loss: 0.1874, Hard: 0.1663, Soft: 0.0211                     Acc: 91.37% LR: 0.000001                     Alpha: 0.5744425058364868                     Beta: 0.8203608989715576                     MemKD: 0.0
2026-02-09 12:39:00,347 - INFO - Epoch [128/130] Train Loss: 0.2600, Train Acc: 91.61%, Val Loss: 0.3936, Val Acc: 86.70%
2026-02-09 12:39:23,914 - INFO - Epoch [129] Batch [0/35]                     Loss: 0.6478, Hard: 0.6146, Soft: 0.0332                     Acc: 81.25% LR: 0.000000                     Alpha: 0.5744425058364868                     Beta: 0.8203690052032471                     MemKD: 0.0
2026-02-09 12:39:28,470 - INFO - Epoch [129] Batch [20/35]                     Loss: 0.1678, Hard: 0.1497, Soft: 0.0181                     Acc: 92.56% LR: 0.000000                     Alpha: 0.5744425058364868                     Beta: 0.8203737735748291                     MemKD: 0.0
2026-02-09 12:39:57,412 - INFO - Epoch [129/130] Train Loss: 0.2281, Train Acc: 91.96%, Val Loss: 0.3904, Val Acc: 86.04%
2026-02-09 12:40:19,833 - INFO - Epoch [130] Batch [0/35]                     Loss: 0.2377, Hard: 0.2229, Soft: 0.0148                     Acc: 93.75% LR: 0.000000                     Alpha: 0.5744425058364868                     Beta: 0.8203772902488708                     MemKD: 0.0
2026-02-09 12:40:24,360 - INFO - Epoch [130] Batch [20/35]                     Loss: 0.1581, Hard: 0.1443, Soft: 0.0138                     Acc: 93.75% LR: 0.000000                     Alpha: 0.5744425058364868                     Beta: 0.8203784823417664                     MemKD: 0.0
2026-02-09 12:40:53,582 - INFO - Epoch [130/130] Train Loss: 0.2347, Train Acc: 93.04%, Val Loss: 0.4162, Val Acc: 86.04%
2026-02-09 12:40:53,638 - INFO - Checkpoint saved at epoch 130
2026-02-09 12:40:53,638 - INFO - ==================================================
2026-02-09 12:40:53,638 - INFO - Training finished! Best accuracy: 87.37%
2026-02-09 12:40:53,638 - INFO - ==================================================
