2026-02-12 21:37:20,565 - INFO - ==================================================
2026-02-12 21:37:20,566 - INFO - Distillation Training Configuration
2026-02-12 21:37:20,566 - INFO - ==================================================
2026-02-12 21:37:20,566 - INFO - GPUs: [4, 5, 6, 7]
2026-02-12 21:37:20,566 - INFO - World size: 4
2026-02-12 21:37:20,566 - INFO - Dataset: /media/hdd1/chuxiaohui/AI4Ocean_UATR/DeepShip_622
2026-02-12 21:37:20,566 - INFO - Data type: wav_s@wav_t
2026-02-12 21:37:20,566 - INFO - Batch size: 16
2026-02-12 21:37:20,566 - INFO - Epochs: 100
2026-02-12 21:37:20,566 - INFO - Learning rate: 0.0005
2026-02-12 21:37:20,566 - INFO - Temperature: 2.0
2026-02-12 21:37:20,566 - INFO - Alpha: 0.3
2026-02-12 21:37:20,566 - INFO - Save dir: checkpoints/grid_deepship_0/num_epochs100_weight_decay0.0001_batch_size16_lr0.0005_distill_typeMemKD_freezeTrue_USE_DYNAMIC_DISTILL_WEIGHTFalse_p_encoder0.2_p_classifier0.3
2026-02-12 21:37:20,566 - INFO - ==================================================
2026-02-12 21:37:20,848 - INFO - Train dataset size: 31892
2026-02-12 21:37:20,848 - INFO - Validation dataset size: 10631
2026-02-12 21:37:21,870 - INFO - Student params: 316,234 (0.32M)
2026-02-12 21:37:21,870 - INFO - Teacher params: 164,415,748 (164.42M)
2026-02-12 21:37:21,870 - INFO - Trainable params: 271,242 (0.27M)
2026-02-12 21:37:22,625 - INFO - Start training...
2026-02-12 21:37:22,626 - INFO - No checkpoint found, start from scratch
