2026-02-07 08:29:39,504 - INFO - ==================================================
2026-02-07 08:29:39,504 - INFO - Distillation Training Configuration
2026-02-07 08:29:39,504 - INFO - ==================================================
2026-02-07 08:29:39,504 - INFO - GPUs: [4, 5, 6, 7]
2026-02-07 08:29:39,504 - INFO - World size: 4
2026-02-07 08:29:39,504 - INFO - Dataset: /media/hdd1/chuxiaohui/AI4Ocean_UATR/ShipsEar_622
2026-02-07 08:29:39,504 - INFO - Data type: wav_s@wav_t
2026-02-07 08:29:39,504 - INFO - Batch size: 16
2026-02-07 08:29:39,504 - INFO - Epochs: 100
2026-02-07 08:29:39,504 - INFO - Learning rate: 0.0005
2026-02-07 08:29:39,504 - INFO - Temperature: 2.0
2026-02-07 08:29:39,505 - INFO - Alpha: 0.3
2026-02-07 08:29:39,505 - INFO - Save dir: checkpoints/grid_shipsear/num_epochs100_weight_decay0.0001_batch_size16_lr0.0005_distill_typeTser_freezeFalse_USE_DYNAMIC_DISTILL_WEIGHTFalse_p_encoder0.2_p_classifier0.2
2026-02-07 08:29:39,505 - INFO - ==================================================
2026-02-07 08:29:39,537 - INFO - Train dataset size: 2240
2026-02-07 08:29:39,537 - INFO - Validation dataset size: 749
2026-02-07 08:29:40,645 - INFO - Student params: 316,299 (0.32M)
2026-02-07 08:29:40,645 - INFO - Teacher params: 164,415,877 (164.42M)
2026-02-07 08:29:40,645 - INFO - Trainable params: 164,687,249 (164.69M)
2026-02-07 08:29:41,108 - INFO - Start training...
2026-02-07 08:29:41,109 - INFO - No checkpoint found, start from scratch
2026-02-07 08:30:00,628 - INFO - Epoch [1] Batch [0/35]                     Loss: 2.7282, Hard: 1.7016, Soft: 1.0266                     Acc: 12.50% LR: 0.000500                     Alpha: 0.5744425058364868                     Beta: 0.0                     MemKD: 0.0
2026-02-07 08:30:08,307 - INFO - Epoch [1] Batch [20/35]                     Loss: 1.9722, Hard: 1.4516, Soft: 0.5207                     Acc: 34.23% LR: 0.000500                     Alpha: 0.5744425058364868                     Beta: 0.009052255190908909                     MemKD: 0.0
2026-02-07 08:30:38,056 - INFO - Epoch [1/100] Train Loss: 1.8806, Train Acc: 38.93%, Val Loss: 1.4523, Val Acc: 41.62%
2026-02-07 08:30:38,056 - INFO - Best model saved with accuracy: 41.62%
2026-02-07 08:30:56,433 - INFO - Epoch [2] Batch [0/35]                     Loss: 1.2610, Hard: 1.0382, Soft: 0.2229                     Acc: 62.50% LR: 0.000500                     Alpha: 0.5744425058364868                     Beta: 0.015527029521763325                     MemKD: 0.0
2026-02-07 08:31:03,974 - INFO - Epoch [2] Batch [20/35]                     Loss: 2.0554, Hard: 1.5295, Soft: 0.5258                     Acc: 47.32% LR: 0.000500                     Alpha: 0.5744425058364868                     Beta: 0.02366003952920437                     MemKD: 0.0
2026-02-07 08:31:29,842 - INFO - Epoch [2/100] Train Loss: 1.6300, Train Acc: 46.61%, Val Loss: 1.1822, Val Acc: 54.79%
2026-02-07 08:31:29,842 - INFO - Best model saved with accuracy: 54.79%
2026-02-07 08:31:49,501 - INFO - Epoch [3] Batch [0/35]                     Loss: 1.3163, Hard: 1.0517, Soft: 0.2646                     Acc: 62.50% LR: 0.000500                     Alpha: 0.5744425058364868                     Beta: 0.029731012880802155                     MemKD: 0.0
2026-02-07 08:31:57,099 - INFO - Epoch [3] Batch [20/35]                     Loss: 1.4974, Hard: 1.2007, Soft: 0.2968                     Acc: 48.81% LR: 0.000500                     Alpha: 0.5744425058364868                     Beta: 0.03817221149802208                     MemKD: 0.0
2026-02-07 08:32:24,910 - INFO - Epoch [3/100] Train Loss: 1.5368, Train Acc: 51.43%, Val Loss: 1.0375, Val Acc: 59.57%
2026-02-07 08:32:24,911 - INFO - Best model saved with accuracy: 59.57%
2026-02-07 08:32:43,890 - INFO - Epoch [4] Batch [0/35]                     Loss: 1.2195, Hard: 0.9846, Soft: 0.2349                     Acc: 68.75% LR: 0.000499                     Alpha: 0.5744425058364868                     Beta: 0.04402013123035431                     MemKD: 0.0
2026-02-07 08:32:51,479 - INFO - Epoch [4] Batch [20/35]                     Loss: 1.5796, Hard: 1.2159, Soft: 0.3637                     Acc: 53.57% LR: 0.000499                     Alpha: 0.5744425058364868                     Beta: 0.05141347274184227                     MemKD: 0.0
2026-02-07 08:33:18,023 - INFO - Epoch [4/100] Train Loss: 1.4074, Train Acc: 55.54%, Val Loss: 1.0152, Val Acc: 60.37%
2026-02-07 08:33:18,024 - INFO - Best model saved with accuracy: 60.37%
2026-02-07 08:33:36,256 - INFO - Epoch [5] Batch [0/35]                     Loss: 1.4229, Hard: 1.1087, Soft: 0.3141                     Acc: 75.00% LR: 0.000498                     Alpha: 0.5744425058364868                     Beta: 0.05717029422521591                     MemKD: 0.0
2026-02-07 08:33:43,786 - INFO - Epoch [5] Batch [20/35]                     Loss: 1.2602, Hard: 1.0323, Soft: 0.2279                     Acc: 58.93% LR: 0.000498                     Alpha: 0.5744425058364868                     Beta: 0.06499998271465302                     MemKD: 0.0
2026-02-07 08:34:11,594 - INFO - Epoch [5/100] Train Loss: 1.3665, Train Acc: 58.04%, Val Loss: 0.9658, Val Acc: 60.77%
2026-02-07 08:34:11,594 - INFO - Best model saved with accuracy: 60.77%
2026-02-07 08:34:29,974 - INFO - Epoch [6] Batch [0/35]                     Loss: 1.2422, Hard: 0.9988, Soft: 0.2434                     Acc: 56.25% LR: 0.000497                     Alpha: 0.5744425058364868                     Beta: 0.07065853476524353                     MemKD: 0.0
2026-02-07 08:34:37,580 - INFO - Epoch [6] Batch [20/35]                     Loss: 1.7275, Hard: 1.3743, Soft: 0.3532                     Acc: 61.01% LR: 0.000497                     Alpha: 0.5744425058364868                     Beta: 0.07802008092403412                     MemKD: 0.0
2026-02-07 08:35:04,964 - INFO - Epoch [6/100] Train Loss: 1.2646, Train Acc: 60.89%, Val Loss: 0.9945, Val Acc: 61.70%
2026-02-07 08:35:04,964 - INFO - Best model saved with accuracy: 61.70%
2026-02-07 08:35:23,739 - INFO - Epoch [7] Batch [0/35]                     Loss: 1.0341, Hard: 0.8700, Soft: 0.1641                     Acc: 68.75% LR: 0.000496                     Alpha: 0.5744425058364868                     Beta: 0.08368635922670364                     MemKD: 0.0
2026-02-07 08:35:31,289 - INFO - Epoch [7] Batch [20/35]                     Loss: 1.3226, Hard: 1.0595, Soft: 0.2631                     Acc: 62.50% LR: 0.000496                     Alpha: 0.5744425058364868                     Beta: 0.09081421047449112                     MemKD: 0.0
2026-02-07 08:35:58,350 - INFO - Epoch [7/100] Train Loss: 1.2086, Train Acc: 61.43%, Val Loss: 0.9214, Val Acc: 62.63%
2026-02-07 08:35:58,350 - INFO - Best model saved with accuracy: 62.63%
2026-02-07 08:36:17,860 - INFO - Epoch [8] Batch [0/35]                     Loss: 0.8698, Hard: 0.7000, Soft: 0.1699                     Acc: 81.25% LR: 0.000494                     Alpha: 0.5744425058364868                     Beta: 0.09630785882472992                     MemKD: 0.0
2026-02-07 08:36:25,531 - INFO - Epoch [8] Batch [20/35]                     Loss: 0.9218, Hard: 0.7494, Soft: 0.1724                     Acc: 61.61% LR: 0.000494                     Alpha: 0.5744425058364868                     Beta: 0.10378128290176392                     MemKD: 0.0
2026-02-07 08:36:52,785 - INFO - Epoch [8/100] Train Loss: 1.2555, Train Acc: 60.89%, Val Loss: 0.9071, Val Acc: 66.09%
2026-02-07 08:36:52,785 - INFO - Best model saved with accuracy: 66.09%
2026-02-07 08:37:12,030 - INFO - Epoch [9] Batch [0/35]                     Loss: 0.8216, Hard: 0.6955, Soft: 0.1261                     Acc: 81.25% LR: 0.000492                     Alpha: 0.5744425058364868                     Beta: 0.10982300341129303                     MemKD: 0.0
2026-02-07 08:37:19,601 - INFO - Epoch [9] Batch [20/35]                     Loss: 1.7344, Hard: 1.3870, Soft: 0.3474                     Acc: 62.80% LR: 0.000492                     Alpha: 0.5744425058364868                     Beta: 0.11748494952917099                     MemKD: 0.0
2026-02-07 08:37:45,884 - INFO - Epoch [9/100] Train Loss: 1.1153, Train Acc: 64.64%, Val Loss: 0.8625, Val Acc: 66.09%
2026-02-07 08:38:06,416 - INFO - Epoch [10] Batch [0/35]                     Loss: 1.0917, Hard: 0.8778, Soft: 0.2138                     Acc: 62.50% LR: 0.000490                     Alpha: 0.5744425058364868                     Beta: 0.12299752980470657                     MemKD: 0.0
2026-02-07 08:38:14,002 - INFO - Epoch [10] Batch [20/35]                     Loss: 1.5167, Hard: 1.2812, Soft: 0.2355                     Acc: 65.48% LR: 0.000490                     Alpha: 0.5744425058364868                     Beta: 0.12987789511680603                     MemKD: 0.0
2026-02-07 08:38:41,451 - INFO - Epoch [10/100] Train Loss: 1.0673, Train Acc: 66.79%, Val Loss: 0.9150, Val Acc: 63.16%
2026-02-07 08:38:41,515 - INFO - Checkpoint saved at epoch 10
2026-02-07 08:39:00,696 - INFO - Epoch [11] Batch [0/35]                     Loss: 0.6166, Hard: 0.5181, Soft: 0.0984                     Acc: 87.50% LR: 0.000488                     Alpha: 0.5744425058364868                     Beta: 0.13513730466365814                     MemKD: 0.0
2026-02-07 08:39:08,311 - INFO - Epoch [11] Batch [20/35]                     Loss: 1.0481, Hard: 0.8657, Soft: 0.1824                     Acc: 65.48% LR: 0.000488                     Alpha: 0.5744425058364868                     Beta: 0.14195379614830017                     MemKD: 0.0
2026-02-07 08:39:35,892 - INFO - Epoch [11/100] Train Loss: 1.1095, Train Acc: 64.64%, Val Loss: 0.7525, Val Acc: 72.07%
2026-02-07 08:39:35,893 - INFO - Best model saved with accuracy: 72.07%
2026-02-07 08:39:55,797 - INFO - Epoch [12] Batch [0/35]                     Loss: 0.7538, Hard: 0.6402, Soft: 0.1137                     Acc: 75.00% LR: 0.000485                     Alpha: 0.5744425058364868                     Beta: 0.14747127890586853                     MemKD: 0.0
2026-02-07 08:40:03,417 - INFO - Epoch [12] Batch [20/35]                     Loss: 1.3337, Hard: 1.0759, Soft: 0.2578                     Acc: 72.92% LR: 0.000485                     Alpha: 0.5744425058364868                     Beta: 0.15369310975074768                     MemKD: 0.0
2026-02-07 08:40:32,396 - INFO - Epoch [12/100] Train Loss: 0.9438, Train Acc: 72.14%, Val Loss: 0.8848, Val Acc: 65.29%
2026-02-07 08:40:52,935 - INFO - Epoch [13] Batch [0/35]                     Loss: 1.4985, Hard: 1.3059, Soft: 0.1926                     Acc: 43.75% LR: 0.000482                     Alpha: 0.5744425058364868                     Beta: 0.15856723487377167                     MemKD: 0.0
2026-02-07 08:41:00,504 - INFO - Epoch [13] Batch [20/35]                     Loss: 1.2234, Hard: 1.0106, Soft: 0.2128                     Acc: 60.71% LR: 0.000482                     Alpha: 0.5744425058364868                     Beta: 0.1664237380027771                     MemKD: 0.0
2026-02-07 08:41:27,933 - INFO - Epoch [13/100] Train Loss: 1.1156, Train Acc: 63.57%, Val Loss: 0.7885, Val Acc: 67.95%
2026-02-07 08:41:45,207 - INFO - Epoch [14] Batch [0/35]                     Loss: 0.6476, Hard: 0.5682, Soft: 0.0794                     Acc: 87.50% LR: 0.000479                     Alpha: 0.5744425058364868                     Beta: 0.17209655046463013                     MemKD: 0.0
2026-02-07 08:41:52,870 - INFO - Epoch [14] Batch [20/35]                     Loss: 0.8707, Hard: 0.6895, Soft: 0.1812                     Acc: 66.07% LR: 0.000479                     Alpha: 0.5744425058364868                     Beta: 0.17914725840091705                     MemKD: 0.0
2026-02-07 08:42:19,818 - INFO - Epoch [14/100] Train Loss: 1.0042, Train Acc: 67.32%, Val Loss: 0.9555, Val Acc: 63.03%
2026-02-07 08:42:38,413 - INFO - Epoch [15] Batch [0/35]                     Loss: 0.9654, Hard: 0.7952, Soft: 0.1702                     Acc: 68.75% LR: 0.000476                     Alpha: 0.5744425058364868                     Beta: 0.1848076730966568                     MemKD: 0.0
2026-02-07 08:42:46,012 - INFO - Epoch [15] Batch [20/35]                     Loss: 0.9341, Hard: 0.7852, Soft: 0.1489                     Acc: 68.75% LR: 0.000476                     Alpha: 0.5744425058364868                     Beta: 0.1920047402381897                     MemKD: 0.0
2026-02-07 08:43:12,544 - INFO - Epoch [15/100] Train Loss: 1.0028, Train Acc: 68.75%, Val Loss: 0.8025, Val Acc: 67.82%
2026-02-07 08:43:32,029 - INFO - Epoch [16] Batch [0/35]                     Loss: 1.0037, Hard: 0.8078, Soft: 0.1959                     Acc: 62.50% LR: 0.000473                     Alpha: 0.5744425058364868                     Beta: 0.1974576711654663                     MemKD: 0.0
2026-02-07 08:43:39,635 - INFO - Epoch [16] Batch [20/35]                     Loss: 0.9946, Hard: 0.8336, Soft: 0.1610                     Acc: 66.37% LR: 0.000473                     Alpha: 0.5744425058364868                     Beta: 0.20458748936653137                     MemKD: 0.0
2026-02-07 08:44:06,799 - INFO - Epoch [16/100] Train Loss: 1.0046, Train Acc: 67.14%, Val Loss: 0.7933, Val Acc: 69.15%
2026-02-07 08:44:25,923 - INFO - Epoch [17] Batch [0/35]                     Loss: 1.2230, Hard: 0.9621, Soft: 0.2609                     Acc: 68.75% LR: 0.000469                     Alpha: 0.5744425058364868                     Beta: 0.2100573182106018                     MemKD: 0.0
2026-02-07 08:44:33,497 - INFO - Epoch [17] Batch [20/35]                     Loss: 0.7730, Hard: 0.6453, Soft: 0.1278                     Acc: 69.94% LR: 0.000469                     Alpha: 0.5744425058364868                     Beta: 0.21720078587532043                     MemKD: 0.0
2026-02-07 08:45:00,737 - INFO - Epoch [17/100] Train Loss: 0.9910, Train Acc: 67.14%, Val Loss: 0.6925, Val Acc: 74.20%
2026-02-07 08:45:00,738 - INFO - Best model saved with accuracy: 74.20%
2026-02-07 08:45:19,824 - INFO - Epoch [18] Batch [0/35]                     Loss: 0.9806, Hard: 0.8068, Soft: 0.1738                     Acc: 68.75% LR: 0.000465                     Alpha: 0.5744425058364868                     Beta: 0.22254832088947296                     MemKD: 0.0
2026-02-07 08:45:27,440 - INFO - Epoch [18] Batch [20/35]                     Loss: 1.2369, Hard: 1.0196, Soft: 0.2174                     Acc: 71.43% LR: 0.000465                     Alpha: 0.5744425058364868                     Beta: 0.22976572811603546                     MemKD: 0.0
2026-02-07 08:45:55,893 - INFO - Epoch [18/100] Train Loss: 0.9009, Train Acc: 73.04%, Val Loss: 0.9963, Val Acc: 66.89%
2026-02-07 08:46:14,547 - INFO - Epoch [19] Batch [0/35]                     Loss: 0.6047, Hard: 0.4924, Soft: 0.1123                     Acc: 87.50% LR: 0.000461                     Alpha: 0.5744425058364868                     Beta: 0.23488500714302063                     MemKD: 0.0
2026-02-07 08:46:22,115 - INFO - Epoch [19] Batch [20/35]                     Loss: 0.7510, Hard: 0.5971, Soft: 0.1539                     Acc: 75.30% LR: 0.000461                     Alpha: 0.5744425058364868                     Beta: 0.24145646393299103                     MemKD: 0.0
2026-02-07 08:46:50,033 - INFO - Epoch [19/100] Train Loss: 0.8955, Train Acc: 71.61%, Val Loss: 0.6881, Val Acc: 75.27%
2026-02-07 08:46:50,033 - INFO - Best model saved with accuracy: 75.27%
2026-02-07 08:47:07,285 - INFO - Epoch [20] Batch [0/35]                     Loss: 0.7960, Hard: 0.6784, Soft: 0.1176                     Acc: 75.00% LR: 0.000457                     Alpha: 0.5744425058364868                     Beta: 0.24654176831245422                     MemKD: 0.0
2026-02-07 08:47:14,860 - INFO - Epoch [20] Batch [20/35]                     Loss: 0.9965, Hard: 0.8568, Soft: 0.1397                     Acc: 71.13% LR: 0.000457                     Alpha: 0.5744425058364868                     Beta: 0.2530554234981537                     MemKD: 0.0
2026-02-07 08:47:43,621 - INFO - Epoch [20/100] Train Loss: 0.8881, Train Acc: 70.00%, Val Loss: 0.6619, Val Acc: 74.47%
2026-02-07 08:47:43,655 - INFO - Checkpoint saved at epoch 20
2026-02-07 08:48:02,778 - INFO - Epoch [21] Batch [0/35]                     Loss: 0.6931, Hard: 0.5896, Soft: 0.1035                     Acc: 75.00% LR: 0.000452                     Alpha: 0.5744425058364868                     Beta: 0.2582034170627594                     MemKD: 0.0
2026-02-07 08:48:10,379 - INFO - Epoch [21] Batch [20/35]                     Loss: 0.6341, Hard: 0.5427, Soft: 0.0914                     Acc: 75.60% LR: 0.000452                     Alpha: 0.5744425058364868                     Beta: 0.2648714482784271                     MemKD: 0.0
2026-02-07 08:48:37,452 - INFO - Epoch [21/100] Train Loss: 0.8656, Train Acc: 73.93%, Val Loss: 0.7613, Val Acc: 67.69%
2026-02-07 08:48:55,969 - INFO - Epoch [22] Batch [0/35]                     Loss: 1.4122, Hard: 1.1884, Soft: 0.2238                     Acc: 50.00% LR: 0.000448                     Alpha: 0.5744425058364868                     Beta: 0.2695690393447876                     MemKD: 0.0
2026-02-07 08:49:03,529 - INFO - Epoch [22] Batch [20/35]                     Loss: 0.8279, Hard: 0.7145, Soft: 0.1134                     Acc: 75.30% LR: 0.000448                     Alpha: 0.5744425058364868                     Beta: 0.2757425606250763                     MemKD: 0.0
2026-02-07 08:49:30,513 - INFO - Epoch [22/100] Train Loss: 0.8539, Train Acc: 73.21%, Val Loss: 0.7434, Val Acc: 70.35%
2026-02-07 08:49:49,186 - INFO - Epoch [23] Batch [0/35]                     Loss: 0.8367, Hard: 0.6954, Soft: 0.1413                     Acc: 81.25% LR: 0.000443                     Alpha: 0.5744425058364868                     Beta: 0.28060680627822876                     MemKD: 0.0
2026-02-07 08:49:56,727 - INFO - Epoch [23] Batch [20/35]                     Loss: 0.9142, Hard: 0.7936, Soft: 0.1205                     Acc: 74.40% LR: 0.000443                     Alpha: 0.5744425058364868                     Beta: 0.28701847791671753                     MemKD: 0.0
2026-02-07 08:50:23,380 - INFO - Epoch [23/100] Train Loss: 0.7916, Train Acc: 75.00%, Val Loss: 0.7168, Val Acc: 73.01%
2026-02-07 08:50:43,849 - INFO - Epoch [24] Batch [0/35]                     Loss: 0.6235, Hard: 0.5168, Soft: 0.1067                     Acc: 81.25% LR: 0.000438                     Alpha: 0.5744425058364868                     Beta: 0.29176008701324463                     MemKD: 0.0
2026-02-07 08:50:51,349 - INFO - Epoch [24] Batch [20/35]                     Loss: 0.3706, Hard: 0.3156, Soft: 0.0551                     Acc: 75.30% LR: 0.000438                     Alpha: 0.5744425058364868                     Beta: 0.29810094833374023                     MemKD: 0.0
2026-02-07 08:51:19,810 - INFO - Epoch [24/100] Train Loss: 0.8192, Train Acc: 75.18%, Val Loss: 0.7327, Val Acc: 70.35%
2026-02-07 08:51:40,622 - INFO - Epoch [25] Batch [0/35]                     Loss: 0.9000, Hard: 0.7736, Soft: 0.1264                     Acc: 68.75% LR: 0.000432                     Alpha: 0.5744425058364868                     Beta: 0.30287909507751465                     MemKD: 0.0
2026-02-07 08:51:48,172 - INFO - Epoch [25] Batch [20/35]                     Loss: 0.3827, Hard: 0.3220, Soft: 0.0607                     Acc: 73.81% LR: 0.000432                     Alpha: 0.5744425058364868                     Beta: 0.3086344599723816                     MemKD: 0.0
2026-02-07 08:52:14,531 - INFO - Epoch [25/100] Train Loss: 0.7893, Train Acc: 74.29%, Val Loss: 0.5997, Val Acc: 76.99%
2026-02-07 08:52:14,532 - INFO - Best model saved with accuracy: 76.99%
2026-02-07 08:52:33,750 - INFO - Epoch [26] Batch [0/35]                     Loss: 0.5496, Hard: 0.4547, Soft: 0.0948                     Acc: 75.00% LR: 0.000427                     Alpha: 0.5744425058364868                     Beta: 0.313208669424057                     MemKD: 0.0
2026-02-07 08:52:41,362 - INFO - Epoch [26] Batch [20/35]                     Loss: 1.3480, Hard: 1.1818, Soft: 0.1662                     Acc: 76.49% LR: 0.000427                     Alpha: 0.5744425058364868                     Beta: 0.31902188062667847                     MemKD: 0.0
2026-02-07 08:53:10,007 - INFO - Epoch [26/100] Train Loss: 0.7468, Train Acc: 76.96%, Val Loss: 0.7502, Val Acc: 69.95%
2026-02-07 08:53:28,385 - INFO - Epoch [27] Batch [0/35]                     Loss: 0.6225, Hard: 0.5330, Soft: 0.0895                     Acc: 75.00% LR: 0.000421                     Alpha: 0.5744425058364868                     Beta: 0.3235403299331665                     MemKD: 0.0
2026-02-07 08:53:35,943 - INFO - Epoch [27] Batch [20/35]                     Loss: 0.5079, Hard: 0.4359, Soft: 0.0721                     Acc: 73.81% LR: 0.000421                     Alpha: 0.5744425058364868                     Beta: 0.32956892251968384                     MemKD: 0.0
2026-02-07 08:54:03,375 - INFO - Epoch [27/100] Train Loss: 0.7980, Train Acc: 73.39%, Val Loss: 0.7815, Val Acc: 69.95%
2026-02-07 08:54:21,755 - INFO - Epoch [28] Batch [0/35]                     Loss: 1.3409, Hard: 1.1271, Soft: 0.2138                     Acc: 50.00% LR: 0.000415                     Alpha: 0.5744425058364868                     Beta: 0.3342287540435791                     MemKD: 0.0
2026-02-07 08:54:29,377 - INFO - Epoch [28] Batch [20/35]                     Loss: 0.4900, Hard: 0.4286, Soft: 0.0613                     Acc: 72.02% LR: 0.000415                     Alpha: 0.5744425058364868                     Beta: 0.3410533368587494                     MemKD: 0.0
2026-02-07 08:54:58,514 - INFO - Epoch [28/100] Train Loss: 0.8064, Train Acc: 73.04%, Val Loss: 0.9154, Val Acc: 62.63%
2026-02-07 08:55:18,077 - INFO - Epoch [29] Batch [0/35]                     Loss: 0.8763, Hard: 0.7749, Soft: 0.1014                     Acc: 68.75% LR: 0.000409                     Alpha: 0.5744425058364868                     Beta: 0.34546059370040894                     MemKD: 0.0
2026-02-07 08:55:25,691 - INFO - Epoch [29] Batch [20/35]                     Loss: 1.0521, Hard: 0.8964, Soft: 0.1558                     Acc: 73.21% LR: 0.000409                     Alpha: 0.5744425058364868                     Beta: 0.351389080286026                     MemKD: 0.0
2026-02-07 08:55:53,755 - INFO - Epoch [29/100] Train Loss: 0.7504, Train Acc: 75.18%, Val Loss: 0.6456, Val Acc: 75.66%
2026-02-07 08:56:11,521 - INFO - Epoch [30] Batch [0/35]                     Loss: 0.9789, Hard: 0.8432, Soft: 0.1358                     Acc: 68.75% LR: 0.000403                     Alpha: 0.5744425058364868                     Beta: 0.35586416721343994                     MemKD: 0.0
2026-02-07 08:56:19,124 - INFO - Epoch [30] Batch [20/35]                     Loss: 0.9633, Hard: 0.8237, Soft: 0.1396                     Acc: 77.68% LR: 0.000403                     Alpha: 0.5744425058364868                     Beta: 0.36146795749664307                     MemKD: 0.0
2026-02-07 08:56:47,189 - INFO - Epoch [30/100] Train Loss: 0.7401, Train Acc: 75.89%, Val Loss: 0.6098, Val Acc: 76.86%
2026-02-07 08:56:47,260 - INFO - Checkpoint saved at epoch 30
2026-02-07 08:57:06,443 - INFO - Epoch [31] Batch [0/35]                     Loss: 0.8910, Hard: 0.7298, Soft: 0.1612                     Acc: 68.75% LR: 0.000397                     Alpha: 0.5744425058364868                     Beta: 0.36576688289642334                     MemKD: 0.0
2026-02-07 08:57:14,086 - INFO - Epoch [31] Batch [20/35]                     Loss: 0.5393, Hard: 0.4673, Soft: 0.0720                     Acc: 77.68% LR: 0.000397                     Alpha: 0.5744425058364868                     Beta: 0.37160006165504456                     MemKD: 0.0
2026-02-07 08:57:40,932 - INFO - Epoch [31/100] Train Loss: 0.6917, Train Acc: 75.89%, Val Loss: 0.6298, Val Acc: 75.27%
2026-02-07 08:57:59,591 - INFO - Epoch [32] Batch [0/35]                     Loss: 0.6445, Hard: 0.5447, Soft: 0.0998                     Acc: 75.00% LR: 0.000391                     Alpha: 0.5744425058364868                     Beta: 0.3757791519165039                     MemKD: 0.0
2026-02-07 08:58:07,220 - INFO - Epoch [32] Batch [20/35]                     Loss: 0.5463, Hard: 0.4487, Soft: 0.0975                     Acc: 76.79% LR: 0.000391                     Alpha: 0.5744425058364868                     Beta: 0.3810266852378845                     MemKD: 0.0
2026-02-07 08:58:35,785 - INFO - Epoch [32/100] Train Loss: 0.6906, Train Acc: 77.68%, Val Loss: 0.7754, Val Acc: 69.41%
2026-02-07 08:58:54,323 - INFO - Epoch [33] Batch [0/35]                     Loss: 0.5312, Hard: 0.4489, Soft: 0.0823                     Acc: 87.50% LR: 0.000384                     Alpha: 0.5744425058364868                     Beta: 0.38523298501968384                     MemKD: 0.0
2026-02-07 08:59:01,869 - INFO - Epoch [33] Batch [20/35]                     Loss: 0.8676, Hard: 0.7468, Soft: 0.1209                     Acc: 77.68% LR: 0.000384                     Alpha: 0.5744425058364868                     Beta: 0.39072495698928833                     MemKD: 0.0
2026-02-07 08:59:29,657 - INFO - Epoch [33/100] Train Loss: 0.7379, Train Acc: 75.71%, Val Loss: 0.5594, Val Acc: 78.59%
2026-02-07 08:59:29,657 - INFO - Best model saved with accuracy: 78.59%
2026-02-07 08:59:48,309 - INFO - Epoch [34] Batch [0/35]                     Loss: 0.7503, Hard: 0.6547, Soft: 0.0955                     Acc: 81.25% LR: 0.000377                     Alpha: 0.5744425058364868                     Beta: 0.3952445983886719                     MemKD: 0.0
2026-02-07 08:59:55,855 - INFO - Epoch [34] Batch [20/35]                     Loss: 0.7128, Hard: 0.6226, Soft: 0.0902                     Acc: 78.27% LR: 0.000377                     Alpha: 0.5744425058364868                     Beta: 0.40065211057662964                     MemKD: 0.0
2026-02-07 09:00:24,765 - INFO - Epoch [34/100] Train Loss: 0.7004, Train Acc: 76.79%, Val Loss: 0.6302, Val Acc: 76.06%
2026-02-07 09:00:42,926 - INFO - Epoch [35] Batch [0/35]                     Loss: 1.3101, Hard: 1.1196, Soft: 0.1906                     Acc: 68.75% LR: 0.000370                     Alpha: 0.5744425058364868                     Beta: 0.4052378833293915                     MemKD: 0.0
2026-02-07 09:00:50,512 - INFO - Epoch [35] Batch [20/35]                     Loss: 0.3886, Hard: 0.3303, Soft: 0.0583                     Acc: 79.46% LR: 0.000370                     Alpha: 0.5744425058364868                     Beta: 0.4110372066497803                     MemKD: 0.0
2026-02-07 09:01:18,761 - INFO - Epoch [35/100] Train Loss: 0.6993, Train Acc: 78.93%, Val Loss: 0.8385, Val Acc: 71.28%
2026-02-07 09:01:37,956 - INFO - Epoch [36] Batch [0/35]                     Loss: 0.3968, Hard: 0.3354, Soft: 0.0613                     Acc: 87.50% LR: 0.000363                     Alpha: 0.5744425058364868                     Beta: 0.41514769196510315                     MemKD: 0.0
2026-02-07 09:01:45,517 - INFO - Epoch [36] Batch [20/35]                     Loss: 0.8926, Hard: 0.7604, Soft: 0.1323                     Acc: 80.36% LR: 0.000363                     Alpha: 0.5744425058364868                     Beta: 0.41992151737213135                     MemKD: 0.0
2026-02-07 09:02:13,935 - INFO - Epoch [36/100] Train Loss: 0.6347, Train Acc: 79.11%, Val Loss: 0.8536, Val Acc: 69.15%
2026-02-07 09:02:31,853 - INFO - Epoch [37] Batch [0/35]                     Loss: 0.4245, Hard: 0.3645, Soft: 0.0600                     Acc: 87.50% LR: 0.000356                     Alpha: 0.5744425058364868                     Beta: 0.4237560033798218                     MemKD: 0.0
2026-02-07 09:02:39,479 - INFO - Epoch [37] Batch [20/35]                     Loss: 0.7881, Hard: 0.6879, Soft: 0.1002                     Acc: 79.76% LR: 0.000356                     Alpha: 0.5744425058364868                     Beta: 0.42859411239624023                     MemKD: 0.0
2026-02-07 09:03:09,168 - INFO - Epoch [37/100] Train Loss: 0.6131, Train Acc: 80.00%, Val Loss: 0.8018, Val Acc: 70.74%
2026-02-07 09:03:27,949 - INFO - Epoch [38] Batch [0/35]                     Loss: 0.3329, Hard: 0.2836, Soft: 0.0493                     Acc: 93.75% LR: 0.000349                     Alpha: 0.5744425058364868                     Beta: 0.4320339262485504                     MemKD: 0.0
2026-02-07 09:03:35,533 - INFO - Epoch [38] Batch [20/35]                     Loss: 1.2679, Hard: 1.1083, Soft: 0.1596                     Acc: 80.06% LR: 0.000349                     Alpha: 0.5744425058364868                     Beta: 0.43642428517341614                     MemKD: 0.0
2026-02-07 09:04:02,401 - INFO - Epoch [38/100] Train Loss: 0.6467, Train Acc: 79.29%, Val Loss: 0.5109, Val Acc: 80.32%
2026-02-07 09:04:02,402 - INFO - Best model saved with accuracy: 80.32%
2026-02-07 09:04:21,667 - INFO - Epoch [39] Batch [0/35]                     Loss: 0.3625, Hard: 0.3096, Soft: 0.0529                     Acc: 87.50% LR: 0.000342                     Alpha: 0.5744425058364868                     Beta: 0.4407106637954712                     MemKD: 0.0
2026-02-07 09:04:29,277 - INFO - Epoch [39] Batch [20/35]                     Loss: 0.4028, Hard: 0.3362, Soft: 0.0665                     Acc: 84.82% LR: 0.000342                     Alpha: 0.5744425058364868                     Beta: 0.44545793533325195                     MemKD: 0.0
2026-02-07 09:04:56,563 - INFO - Epoch [39/100] Train Loss: 0.5687, Train Acc: 82.68%, Val Loss: 0.5828, Val Acc: 78.86%
2026-02-07 09:05:16,491 - INFO - Epoch [40] Batch [0/35]                     Loss: 0.6499, Hard: 0.5614, Soft: 0.0885                     Acc: 75.00% LR: 0.000335                     Alpha: 0.5744425058364868                     Beta: 0.44894686341285706                     MemKD: 0.0
2026-02-07 09:05:24,112 - INFO - Epoch [40] Batch [20/35]                     Loss: 0.6887, Hard: 0.6007, Soft: 0.0880                     Acc: 79.17% LR: 0.000335                     Alpha: 0.5744425058364868                     Beta: 0.4535232186317444                     MemKD: 0.0
2026-02-07 09:05:52,341 - INFO - Epoch [40/100] Train Loss: 0.6430, Train Acc: 77.86%, Val Loss: 0.5254, Val Acc: 80.59%
2026-02-07 09:05:52,342 - INFO - Best model saved with accuracy: 80.59%
2026-02-07 09:05:52,407 - INFO - Checkpoint saved at epoch 40
2026-02-07 09:06:14,029 - INFO - Epoch [41] Batch [0/35]                     Loss: 0.3389, Hard: 0.2941, Soft: 0.0448                     Acc: 93.75% LR: 0.000327                     Alpha: 0.5744425058364868                     Beta: 0.4572225511074066                     MemKD: 0.0
2026-02-07 09:06:21,670 - INFO - Epoch [41] Batch [20/35]                     Loss: 0.5518, Hard: 0.4658, Soft: 0.0860                     Acc: 81.25% LR: 0.000327                     Alpha: 0.5744425058364868                     Beta: 0.4619590640068054                     MemKD: 0.0
2026-02-07 09:06:49,976 - INFO - Epoch [41/100] Train Loss: 0.5742, Train Acc: 81.43%, Val Loss: 0.4692, Val Acc: 82.05%
2026-02-07 09:06:49,977 - INFO - Best model saved with accuracy: 82.05%
2026-02-07 09:07:11,034 - INFO - Epoch [42] Batch [0/35]                     Loss: 0.6978, Hard: 0.6248, Soft: 0.0731                     Acc: 81.25% LR: 0.000320                     Alpha: 0.5744425058364868                     Beta: 0.4652833938598633                     MemKD: 0.0
2026-02-07 09:07:18,553 - INFO - Epoch [42] Batch [20/35]                     Loss: 0.7931, Hard: 0.6874, Soft: 0.1057                     Acc: 84.82% LR: 0.000320                     Alpha: 0.5744425058364868                     Beta: 0.46929073333740234                     MemKD: 0.0
2026-02-07 09:07:46,382 - INFO - Epoch [42/100] Train Loss: 0.5341, Train Acc: 83.75%, Val Loss: 0.5827, Val Acc: 76.73%
2026-02-07 09:08:06,100 - INFO - Epoch [43] Batch [0/35]                     Loss: 0.4138, Hard: 0.3564, Soft: 0.0574                     Acc: 81.25% LR: 0.000312                     Alpha: 0.5744425058364868                     Beta: 0.47231486439704895                     MemKD: 0.0
2026-02-07 09:08:13,824 - INFO - Epoch [43] Batch [20/35]                     Loss: 0.8416, Hard: 0.6929, Soft: 0.1488                     Acc: 78.27% LR: 0.000312                     Alpha: 0.5744425058364868                     Beta: 0.47682490944862366                     MemKD: 0.0
2026-02-07 09:08:40,748 - INFO - Epoch [43/100] Train Loss: 0.6140, Train Acc: 80.18%, Val Loss: 0.6500, Val Acc: 73.40%
2026-02-07 09:08:59,042 - INFO - Epoch [44] Batch [0/35]                     Loss: 0.3950, Hard: 0.3470, Soft: 0.0480                     Acc: 87.50% LR: 0.000305                     Alpha: 0.5744425058364868                     Beta: 0.48052293062210083                     MemKD: 0.0
2026-02-07 09:09:06,677 - INFO - Epoch [44] Batch [20/35]                     Loss: 0.4745, Hard: 0.4106, Soft: 0.0640                     Acc: 85.42% LR: 0.000305                     Alpha: 0.5744425058364868                     Beta: 0.48436039686203003                     MemKD: 0.0
2026-02-07 09:09:35,763 - INFO - Epoch [44/100] Train Loss: 0.5078, Train Acc: 84.29%, Val Loss: 0.6166, Val Acc: 78.19%
2026-02-07 09:09:55,741 - INFO - Epoch [45] Batch [0/35]                     Loss: 0.7009, Hard: 0.6128, Soft: 0.0881                     Acc: 75.00% LR: 0.000297                     Alpha: 0.5744425058364868                     Beta: 0.4873526394367218                     MemKD: 0.0
2026-02-07 09:10:03,326 - INFO - Epoch [45] Batch [20/35]                     Loss: 0.8548, Hard: 0.7429, Soft: 0.1119                     Acc: 84.23% LR: 0.000297                     Alpha: 0.5744425058364868                     Beta: 0.49064338207244873                     MemKD: 0.0
2026-02-07 09:10:31,588 - INFO - Epoch [45/100] Train Loss: 0.5256, Train Acc: 82.86%, Val Loss: 0.5888, Val Acc: 77.93%
2026-02-07 09:10:53,737 - INFO - Epoch [46] Batch [0/35]                     Loss: 0.7645, Hard: 0.6632, Soft: 0.1012                     Acc: 75.00% LR: 0.000289                     Alpha: 0.5744425058364868                     Beta: 0.49374884366989136                     MemKD: 0.0
2026-02-07 09:11:01,329 - INFO - Epoch [46] Batch [20/35]                     Loss: 0.4074, Hard: 0.3645, Soft: 0.0429                     Acc: 83.63% LR: 0.000289                     Alpha: 0.5744425058364868                     Beta: 0.4977699816226959                     MemKD: 0.0
2026-02-07 09:11:28,750 - INFO - Epoch [46/100] Train Loss: 0.5492, Train Acc: 82.50%, Val Loss: 0.5651, Val Acc: 76.60%
2026-02-07 09:11:47,424 - INFO - Epoch [47] Batch [0/35]                     Loss: 0.5374, Hard: 0.4800, Soft: 0.0574                     Acc: 81.25% LR: 0.000281                     Alpha: 0.5744425058364868                     Beta: 0.5005069971084595                     MemKD: 0.0
2026-02-07 09:11:55,085 - INFO - Epoch [47] Batch [20/35]                     Loss: 1.1052, Hard: 0.9791, Soft: 0.1261                     Acc: 80.95% LR: 0.000281                     Alpha: 0.5744425058364868                     Beta: 0.5045949816703796                     MemKD: 0.0
2026-02-07 09:12:22,025 - INFO - Epoch [47/100] Train Loss: 0.5732, Train Acc: 81.96%, Val Loss: 0.5113, Val Acc: 80.72%
2026-02-07 09:12:40,738 - INFO - Epoch [48] Batch [0/35]                     Loss: 0.6419, Hard: 0.5673, Soft: 0.0746                     Acc: 75.00% LR: 0.000274                     Alpha: 0.5744425058364868                     Beta: 0.5076809525489807                     MemKD: 0.0
2026-02-07 09:12:48,315 - INFO - Epoch [48] Batch [20/35]                     Loss: 0.2034, Hard: 0.1759, Soft: 0.0275                     Acc: 82.44% LR: 0.000274                     Alpha: 0.5744425058364868                     Beta: 0.5114806890487671                     MemKD: 0.0
2026-02-07 09:13:16,875 - INFO - Epoch [48/100] Train Loss: 0.5586, Train Acc: 81.25%, Val Loss: 0.6618, Val Acc: 75.53%
2026-02-07 09:13:36,803 - INFO - Epoch [49] Batch [0/35]                     Loss: 0.4380, Hard: 0.3737, Soft: 0.0643                     Acc: 87.50% LR: 0.000266                     Alpha: 0.5744425058364868                     Beta: 0.5143555402755737                     MemKD: 0.0
2026-02-07 09:13:44,416 - INFO - Epoch [49] Batch [20/35]                     Loss: 0.7443, Hard: 0.6591, Soft: 0.0852                     Acc: 81.55% LR: 0.000266                     Alpha: 0.5744425058364868                     Beta: 0.5179862976074219                     MemKD: 0.0
2026-02-07 09:14:11,043 - INFO - Epoch [49/100] Train Loss: 0.5485, Train Acc: 83.04%, Val Loss: 0.5103, Val Acc: 80.85%
2026-02-07 09:14:29,240 - INFO - Epoch [50] Batch [0/35]                     Loss: 0.5071, Hard: 0.4546, Soft: 0.0525                     Acc: 81.25% LR: 0.000258                     Alpha: 0.5744425058364868                     Beta: 0.5208533406257629                     MemKD: 0.0
2026-02-07 09:14:36,840 - INFO - Epoch [50] Batch [20/35]                     Loss: 0.4428, Hard: 0.3847, Soft: 0.0581                     Acc: 81.85% LR: 0.000258                     Alpha: 0.5744425058364868                     Beta: 0.5245580673217773                     MemKD: 0.0
2026-02-07 09:15:03,501 - INFO - Epoch [50/100] Train Loss: 0.5245, Train Acc: 83.93%, Val Loss: 0.4922, Val Acc: 81.65%
2026-02-07 09:15:03,551 - INFO - Checkpoint saved at epoch 50
2026-02-07 09:15:22,967 - INFO - Epoch [51] Batch [0/35]                     Loss: 0.5777, Hard: 0.5061, Soft: 0.0715                     Acc: 75.00% LR: 0.000250                     Alpha: 0.5744425058364868                     Beta: 0.5269279479980469                     MemKD: 0.0
2026-02-07 09:15:30,585 - INFO - Epoch [51] Batch [20/35]                     Loss: 0.6672, Hard: 0.5964, Soft: 0.0707                     Acc: 84.23% LR: 0.000250                     Alpha: 0.5744425058364868                     Beta: 0.5301164388656616                     MemKD: 0.0
2026-02-07 09:15:58,314 - INFO - Epoch [51/100] Train Loss: 0.4639, Train Acc: 84.46%, Val Loss: 0.5639, Val Acc: 77.39%
2026-02-07 09:16:17,995 - INFO - Epoch [52] Batch [0/35]                     Loss: 0.7108, Hard: 0.6183, Soft: 0.0925                     Acc: 87.50% LR: 0.000242                     Alpha: 0.5744425058364868                     Beta: 0.5324440002441406                     MemKD: 0.0
2026-02-07 09:16:25,660 - INFO - Epoch [52] Batch [20/35]                     Loss: 0.5357, Hard: 0.4528, Soft: 0.0829                     Acc: 83.93% LR: 0.000242                     Alpha: 0.5744425058364868                     Beta: 0.5355985760688782                     MemKD: 0.0
2026-02-07 09:16:53,739 - INFO - Epoch [52/100] Train Loss: 0.5104, Train Acc: 82.68%, Val Loss: 0.4969, Val Acc: 80.98%
2026-02-07 09:17:11,714 - INFO - Epoch [53] Batch [0/35]                     Loss: 0.3674, Hard: 0.3176, Soft: 0.0498                     Acc: 87.50% LR: 0.000234                     Alpha: 0.5744425058364868                     Beta: 0.5382221937179565                     MemKD: 0.0
2026-02-07 09:17:19,284 - INFO - Epoch [53] Batch [20/35]                     Loss: 0.1978, Hard: 0.1689, Soft: 0.0289                     Acc: 84.82% LR: 0.000234                     Alpha: 0.5744425058364868                     Beta: 0.5415498614311218                     MemKD: 0.0
2026-02-07 09:17:46,561 - INFO - Epoch [53/100] Train Loss: 0.4877, Train Acc: 84.46%, Val Loss: 0.4855, Val Acc: 81.25%
2026-02-07 09:18:07,009 - INFO - Epoch [54] Batch [0/35]                     Loss: 0.4953, Hard: 0.4312, Soft: 0.0641                     Acc: 81.25% LR: 0.000226                     Alpha: 0.5744425058364868                     Beta: 0.5439031720161438                     MemKD: 0.0
2026-02-07 09:18:14,637 - INFO - Epoch [54] Batch [20/35]                     Loss: 0.3805, Hard: 0.3349, Soft: 0.0456                     Acc: 85.42% LR: 0.000226                     Alpha: 0.5744425058364868                     Beta: 0.5466972589492798                     MemKD: 0.0
2026-02-07 09:18:44,008 - INFO - Epoch [54/100] Train Loss: 0.4639, Train Acc: 85.36%, Val Loss: 0.4587, Val Acc: 82.58%
2026-02-07 09:18:44,009 - INFO - Best model saved with accuracy: 82.58%
2026-02-07 09:19:04,864 - INFO - Epoch [55] Batch [0/35]                     Loss: 0.5133, Hard: 0.4444, Soft: 0.0689                     Acc: 81.25% LR: 0.000219                     Alpha: 0.5744425058364868                     Beta: 0.5489346385002136                     MemKD: 0.0
2026-02-07 09:19:12,506 - INFO - Epoch [55] Batch [20/35]                     Loss: 0.4815, Hard: 0.4290, Soft: 0.0525                     Acc: 83.63% LR: 0.000219                     Alpha: 0.5744425058364868                     Beta: 0.5519079566001892                     MemKD: 0.0
2026-02-07 09:19:39,552 - INFO - Epoch [55/100] Train Loss: 0.4715, Train Acc: 83.39%, Val Loss: 0.5714, Val Acc: 80.05%
2026-02-07 09:20:00,321 - INFO - Epoch [56] Batch [0/35]                     Loss: 0.5821, Hard: 0.5175, Soft: 0.0646                     Acc: 87.50% LR: 0.000211                     Alpha: 0.5744425058364868                     Beta: 0.5539755821228027                     MemKD: 0.0
2026-02-07 09:20:07,909 - INFO - Epoch [56] Batch [20/35]                     Loss: 0.3954, Hard: 0.3289, Soft: 0.0666                     Acc: 81.55% LR: 0.000211                     Alpha: 0.5744425058364868                     Beta: 0.5569244027137756                     MemKD: 0.0
2026-02-07 09:20:34,822 - INFO - Epoch [56/100] Train Loss: 0.4684, Train Acc: 83.57%, Val Loss: 0.4540, Val Acc: 83.38%
2026-02-07 09:20:34,822 - INFO - Best model saved with accuracy: 83.38%
2026-02-07 09:20:53,498 - INFO - Epoch [57] Batch [0/35]                     Loss: 0.5694, Hard: 0.5169, Soft: 0.0525                     Acc: 87.50% LR: 0.000203                     Alpha: 0.5744425058364868                     Beta: 0.5590765476226807                     MemKD: 0.0
2026-02-07 09:21:01,120 - INFO - Epoch [57] Batch [20/35]                     Loss: 0.4191, Hard: 0.3797, Soft: 0.0394                     Acc: 86.90% LR: 0.000203                     Alpha: 0.5744425058364868                     Beta: 0.5618348121643066                     MemKD: 0.0
2026-02-07 09:21:28,321 - INFO - Epoch [57/100] Train Loss: 0.4392, Train Acc: 85.54%, Val Loss: 0.4988, Val Acc: 80.45%
2026-02-07 09:21:46,189 - INFO - Epoch [58] Batch [0/35]                     Loss: 0.3164, Hard: 0.2888, Soft: 0.0277                     Acc: 81.25% LR: 0.000195                     Alpha: 0.5744425058364868                     Beta: 0.5636995434761047                     MemKD: 0.0
2026-02-07 09:21:53,742 - INFO - Epoch [58] Batch [20/35]                     Loss: 0.4040, Hard: 0.3527, Soft: 0.0513                     Acc: 84.52% LR: 0.000195                     Alpha: 0.5744425058364868                     Beta: 0.5661923885345459                     MemKD: 0.0
2026-02-07 09:22:21,669 - INFO - Epoch [58/100] Train Loss: 0.4765, Train Acc: 81.61%, Val Loss: 0.4861, Val Acc: 82.58%
2026-02-07 09:22:40,560 - INFO - Epoch [59] Batch [0/35]                     Loss: 0.2556, Hard: 0.2237, Soft: 0.0319                     Acc: 100.00% LR: 0.000188                     Alpha: 0.5744425058364868                     Beta: 0.5684180855751038                     MemKD: 0.0
2026-02-07 09:22:48,162 - INFO - Epoch [59] Batch [20/35]                     Loss: 0.1646, Hard: 0.1313, Soft: 0.0333                     Acc: 88.69% LR: 0.000188                     Alpha: 0.5744425058364868                     Beta: 0.5710423588752747                     MemKD: 0.0
2026-02-07 09:23:13,783 - INFO - Epoch [59/100] Train Loss: 0.4132, Train Acc: 87.86%, Val Loss: 0.4808, Val Acc: 82.58%
2026-02-07 09:23:33,078 - INFO - Epoch [60] Batch [0/35]                     Loss: 0.4437, Hard: 0.3879, Soft: 0.0558                     Acc: 81.25% LR: 0.000180                     Alpha: 0.5744425058364868                     Beta: 0.5727717280387878                     MemKD: 0.0
2026-02-07 09:23:40,673 - INFO - Epoch [60] Batch [20/35]                     Loss: 0.2695, Hard: 0.2226, Soft: 0.0468                     Acc: 86.61% LR: 0.000180                     Alpha: 0.5744425058364868                     Beta: 0.5754246711730957                     MemKD: 0.0
2026-02-07 09:24:07,687 - INFO - Epoch [60/100] Train Loss: 0.4361, Train Acc: 86.61%, Val Loss: 0.5764, Val Acc: 79.26%
2026-02-07 09:24:07,737 - INFO - Checkpoint saved at epoch 60
2026-02-07 09:24:26,454 - INFO - Epoch [61] Batch [0/35]                     Loss: 0.6311, Hard: 0.5601, Soft: 0.0709                     Acc: 81.25% LR: 0.000173                     Alpha: 0.5744425058364868                     Beta: 0.5771961808204651                     MemKD: 0.0
2026-02-07 09:24:34,103 - INFO - Epoch [61] Batch [20/35]                     Loss: 0.3979, Hard: 0.3604, Soft: 0.0374                     Acc: 83.63% LR: 0.000173                     Alpha: 0.5744425058364868                     Beta: 0.5796545743942261                     MemKD: 0.0
2026-02-07 09:25:01,525 - INFO - Epoch [61/100] Train Loss: 0.4893, Train Acc: 82.68%, Val Loss: 0.4732, Val Acc: 82.85%
2026-02-07 09:25:19,432 - INFO - Epoch [62] Batch [0/35]                     Loss: 0.3979, Hard: 0.3547, Soft: 0.0432                     Acc: 87.50% LR: 0.000165                     Alpha: 0.5744425058364868                     Beta: 0.5816906690597534                     MemKD: 0.0
2026-02-07 09:25:27,065 - INFO - Epoch [62] Batch [20/35]                     Loss: 0.5064, Hard: 0.4417, Soft: 0.0647                     Acc: 85.12% LR: 0.000165                     Alpha: 0.5744425058364868                     Beta: 0.5841869115829468                     MemKD: 0.0
2026-02-07 09:25:55,500 - INFO - Epoch [62/100] Train Loss: 0.4652, Train Acc: 84.82%, Val Loss: 0.4714, Val Acc: 82.45%
2026-02-07 09:26:14,329 - INFO - Epoch [63] Batch [0/35]                     Loss: 0.2018, Hard: 0.1780, Soft: 0.0239                     Acc: 100.00% LR: 0.000158                     Alpha: 0.5744425058364868                     Beta: 0.585927426815033                     MemKD: 0.0
2026-02-07 09:26:21,919 - INFO - Epoch [63] Batch [20/35]                     Loss: 0.3520, Hard: 0.3078, Soft: 0.0442                     Acc: 88.99% LR: 0.000158                     Alpha: 0.5744425058364868                     Beta: 0.5879861116409302                     MemKD: 0.0
2026-02-07 09:26:48,329 - INFO - Epoch [63/100] Train Loss: 0.3878, Train Acc: 87.50%, Val Loss: 0.4524, Val Acc: 84.04%
2026-02-07 09:26:48,329 - INFO - Best model saved with accuracy: 84.04%
2026-02-07 09:27:07,624 - INFO - Epoch [64] Batch [0/35]                     Loss: 0.3945, Hard: 0.3567, Soft: 0.0378                     Acc: 81.25% LR: 0.000151                     Alpha: 0.5744425058364868                     Beta: 0.5894433259963989                     MemKD: 0.0
2026-02-07 09:27:15,263 - INFO - Epoch [64] Batch [20/35]                     Loss: 0.2669, Hard: 0.2226, Soft: 0.0443                     Acc: 86.61% LR: 0.000151                     Alpha: 0.5744425058364868                     Beta: 0.5914209485054016                     MemKD: 0.0
2026-02-07 09:27:43,444 - INFO - Epoch [64/100] Train Loss: 0.3860, Train Acc: 87.32%, Val Loss: 0.4719, Val Acc: 82.45%
2026-02-07 09:28:02,057 - INFO - Epoch [65] Batch [0/35]                     Loss: 0.1559, Hard: 0.1267, Soft: 0.0292                     Acc: 93.75% LR: 0.000144                     Alpha: 0.5744425058364868                     Beta: 0.59285968542099                     MemKD: 0.0
2026-02-07 09:28:09,652 - INFO - Epoch [65] Batch [20/35]                     Loss: 0.5917, Hard: 0.5158, Soft: 0.0759                     Acc: 88.39% LR: 0.000144                     Alpha: 0.5744425058364868                     Beta: 0.5945703983306885                     MemKD: 0.0
2026-02-07 09:28:36,664 - INFO - Epoch [65/100] Train Loss: 0.3832, Train Acc: 87.68%, Val Loss: 0.5013, Val Acc: 81.65%
2026-02-07 09:28:54,908 - INFO - Epoch [66] Batch [0/35]                     Loss: 0.1740, Hard: 0.1426, Soft: 0.0314                     Acc: 93.75% LR: 0.000137                     Alpha: 0.5744425058364868                     Beta: 0.5960299372673035                     MemKD: 0.0
2026-02-07 09:29:02,511 - INFO - Epoch [66] Batch [20/35]                     Loss: 0.2971, Hard: 0.2711, Soft: 0.0259                     Acc: 86.90% LR: 0.000137                     Alpha: 0.5744425058364868                     Beta: 0.5978186726570129                     MemKD: 0.0
2026-02-07 09:29:30,097 - INFO - Epoch [66/100] Train Loss: 0.4075, Train Acc: 86.96%, Val Loss: 0.4609, Val Acc: 82.45%
2026-02-07 09:29:48,315 - INFO - Epoch [67] Batch [0/35]                     Loss: 0.2514, Hard: 0.2197, Soft: 0.0317                     Acc: 87.50% LR: 0.000130                     Alpha: 0.5744425058364868                     Beta: 0.5992571115493774                     MemKD: 0.0
2026-02-07 09:29:55,948 - INFO - Epoch [67] Batch [20/35]                     Loss: 0.1438, Hard: 0.1198, Soft: 0.0239                     Acc: 88.39% LR: 0.000130                     Alpha: 0.5744425058364868                     Beta: 0.6010002493858337                     MemKD: 0.0
2026-02-07 09:30:23,276 - INFO - Epoch [67/100] Train Loss: 0.3889, Train Acc: 87.50%, Val Loss: 0.4539, Val Acc: 82.45%
2026-02-07 09:30:41,202 - INFO - Epoch [68] Batch [0/35]                     Loss: 0.5144, Hard: 0.4436, Soft: 0.0708                     Acc: 81.25% LR: 0.000123                     Alpha: 0.5744425058364868                     Beta: 0.602302074432373                     MemKD: 0.0
2026-02-07 09:30:48,855 - INFO - Epoch [68] Batch [20/35]                     Loss: 0.4760, Hard: 0.4246, Soft: 0.0514                     Acc: 87.20% LR: 0.000123                     Alpha: 0.5744425058364868                     Beta: 0.6040238738059998                     MemKD: 0.0
2026-02-07 09:31:15,856 - INFO - Epoch [68/100] Train Loss: 0.4138, Train Acc: 87.14%, Val Loss: 0.5372, Val Acc: 78.46%
2026-02-07 09:31:34,148 - INFO - Epoch [69] Batch [0/35]                     Loss: 0.3011, Hard: 0.2633, Soft: 0.0378                     Acc: 93.75% LR: 0.000116                     Alpha: 0.5744425058364868                     Beta: 0.6053140163421631                     MemKD: 0.0
2026-02-07 09:31:41,845 - INFO - Epoch [69] Batch [20/35]                     Loss: 0.5972, Hard: 0.5403, Soft: 0.0569                     Acc: 86.01% LR: 0.000116                     Alpha: 0.5744425058364868                     Beta: 0.6070979237556458                     MemKD: 0.0
2026-02-07 09:32:08,958 - INFO - Epoch [69/100] Train Loss: 0.3971, Train Acc: 85.89%, Val Loss: 0.4278, Val Acc: 84.71%
2026-02-07 09:32:08,958 - INFO - Best model saved with accuracy: 84.71%
2026-02-07 09:32:28,435 - INFO - Epoch [70] Batch [0/35]                     Loss: 0.5769, Hard: 0.5236, Soft: 0.0533                     Acc: 93.75% LR: 0.000109                     Alpha: 0.5744425058364868                     Beta: 0.6084324717521667                     MemKD: 0.0
2026-02-07 09:32:36,013 - INFO - Epoch [70] Batch [20/35]                     Loss: 0.4178, Hard: 0.3724, Soft: 0.0454                     Acc: 88.39% LR: 0.000109                     Alpha: 0.5744425058364868                     Beta: 0.6100284457206726                     MemKD: 0.0
2026-02-07 09:33:02,916 - INFO - Epoch [70/100] Train Loss: 0.3381, Train Acc: 89.11%, Val Loss: 0.4358, Val Acc: 84.18%
2026-02-07 09:33:02,979 - INFO - Checkpoint saved at epoch 70
2026-02-07 09:33:21,726 - INFO - Epoch [71] Batch [0/35]                     Loss: 0.4252, Hard: 0.3840, Soft: 0.0412                     Acc: 81.25% LR: 0.000103                     Alpha: 0.5744425058364868                     Beta: 0.6110078692436218                     MemKD: 0.0
2026-02-07 09:33:29,317 - INFO - Epoch [71] Batch [20/35]                     Loss: 0.3949, Hard: 0.3608, Soft: 0.0340                     Acc: 86.01% LR: 0.000103                     Alpha: 0.5744425058364868                     Beta: 0.6123112440109253                     MemKD: 0.0
2026-02-07 09:33:56,000 - INFO - Epoch [71/100] Train Loss: 0.3954, Train Acc: 86.43%, Val Loss: 0.3970, Val Acc: 85.11%
2026-02-07 09:33:56,001 - INFO - Best model saved with accuracy: 85.11%
2026-02-07 09:34:14,783 - INFO - Epoch [72] Batch [0/35]                     Loss: 0.5332, Hard: 0.4883, Soft: 0.0448                     Acc: 81.25% LR: 0.000097                     Alpha: 0.5744425058364868                     Beta: 0.6133671402931213                     MemKD: 0.0
2026-02-07 09:34:22,629 - INFO - Epoch [72] Batch [20/35]                     Loss: 0.2832, Hard: 0.2556, Soft: 0.0276                     Acc: 87.50% LR: 0.000097                     Alpha: 0.5744425058364868                     Beta: 0.6146731972694397                     MemKD: 0.0
2026-02-07 09:34:49,620 - INFO - Epoch [72/100] Train Loss: 0.3574, Train Acc: 88.21%, Val Loss: 0.4054, Val Acc: 84.71%
2026-02-07 09:35:08,993 - INFO - Epoch [73] Batch [0/35]                     Loss: 0.3880, Hard: 0.3501, Soft: 0.0380                     Acc: 87.50% LR: 0.000091                     Alpha: 0.5744425058364868                     Beta: 0.6156083941459656                     MemKD: 0.0
2026-02-07 09:35:16,559 - INFO - Epoch [73] Batch [20/35]                     Loss: 0.2762, Hard: 0.2403, Soft: 0.0359                     Acc: 90.48% LR: 0.000091                     Alpha: 0.5744425058364868                     Beta: 0.6167061924934387                     MemKD: 0.0
2026-02-07 09:35:43,095 - INFO - Epoch [73/100] Train Loss: 0.3348, Train Acc: 90.18%, Val Loss: 0.3900, Val Acc: 86.44%
2026-02-07 09:35:43,095 - INFO - Best model saved with accuracy: 86.44%
2026-02-07 09:36:02,068 - INFO - Epoch [74] Batch [0/35]                     Loss: 0.1380, Hard: 0.1090, Soft: 0.0291                     Acc: 100.00% LR: 0.000085                     Alpha: 0.5744425058364868                     Beta: 0.6174592971801758                     MemKD: 0.0
2026-02-07 09:36:09,617 - INFO - Epoch [74] Batch [20/35]                     Loss: 0.1400, Hard: 0.1136, Soft: 0.0264                     Acc: 87.50% LR: 0.000085                     Alpha: 0.5744425058364868                     Beta: 0.6185688972473145                     MemKD: 0.0
2026-02-07 09:36:37,923 - INFO - Epoch [74/100] Train Loss: 0.3745, Train Acc: 87.50%, Val Loss: 0.3872, Val Acc: 86.97%
2026-02-07 09:36:37,924 - INFO - Best model saved with accuracy: 86.97%
2026-02-07 09:36:56,993 - INFO - Epoch [75] Batch [0/35]                     Loss: 0.1925, Hard: 0.1650, Soft: 0.0275                     Acc: 93.75% LR: 0.000079                     Alpha: 0.5744425058364868                     Beta: 0.6193684935569763                     MemKD: 0.0
2026-02-07 09:37:04,563 - INFO - Epoch [75] Batch [20/35]                     Loss: 0.6177, Hard: 0.5459, Soft: 0.0717                     Acc: 90.18% LR: 0.000079                     Alpha: 0.5744425058364868                     Beta: 0.6203534603118896                     MemKD: 0.0
2026-02-07 09:37:31,575 - INFO - Epoch [75/100] Train Loss: 0.3030, Train Acc: 90.54%, Val Loss: 0.4193, Val Acc: 83.38%
2026-02-07 09:37:50,111 - INFO - Epoch [76] Batch [0/35]                     Loss: 0.3064, Hard: 0.2701, Soft: 0.0363                     Acc: 87.50% LR: 0.000073                     Alpha: 0.5744425058364868                     Beta: 0.6210997700691223                     MemKD: 0.0
2026-02-07 09:37:57,792 - INFO - Epoch [76] Batch [20/35]                     Loss: 0.1417, Hard: 0.1172, Soft: 0.0245                     Acc: 90.18% LR: 0.000073                     Alpha: 0.5744425058364868                     Beta: 0.6219358444213867                     MemKD: 0.0
2026-02-07 09:38:24,257 - INFO - Epoch [76/100] Train Loss: 0.3055, Train Acc: 90.36%, Val Loss: 0.4648, Val Acc: 83.91%
2026-02-07 09:38:43,115 - INFO - Epoch [77] Batch [0/35]                     Loss: 0.3077, Hard: 0.2774, Soft: 0.0304                     Acc: 87.50% LR: 0.000068                     Alpha: 0.5744425058364868                     Beta: 0.6225708723068237                     MemKD: 0.0
2026-02-07 09:38:50,735 - INFO - Epoch [77] Batch [20/35]                     Loss: 0.4641, Hard: 0.4049, Soft: 0.0591                     Acc: 85.71% LR: 0.000068                     Alpha: 0.5744425058364868                     Beta: 0.6234440803527832                     MemKD: 0.0
2026-02-07 09:39:17,985 - INFO - Epoch [77/100] Train Loss: 0.3561, Train Acc: 87.50%, Val Loss: 0.4392, Val Acc: 84.31%
2026-02-07 09:39:37,266 - INFO - Epoch [78] Batch [0/35]                     Loss: 0.2855, Hard: 0.2440, Soft: 0.0415                     Acc: 93.75% LR: 0.000062                     Alpha: 0.5744425058364868                     Beta: 0.624117910861969                     MemKD: 0.0
2026-02-07 09:39:44,831 - INFO - Epoch [78] Batch [20/35]                     Loss: 0.5972, Hard: 0.5447, Soft: 0.0525                     Acc: 90.48% LR: 0.000062                     Alpha: 0.5744425058364868                     Beta: 0.624967098236084                     MemKD: 0.0
2026-02-07 09:40:12,180 - INFO - Epoch [78/100] Train Loss: 0.3029, Train Acc: 90.89%, Val Loss: 0.4043, Val Acc: 85.64%
2026-02-07 09:40:32,954 - INFO - Epoch [79] Batch [0/35]                     Loss: 0.3415, Hard: 0.3057, Soft: 0.0358                     Acc: 81.25% LR: 0.000057                     Alpha: 0.5744425058364868                     Beta: 0.6255508661270142                     MemKD: 0.0
2026-02-07 09:40:40,597 - INFO - Epoch [79] Batch [20/35]                     Loss: 0.1647, Hard: 0.1467, Soft: 0.0180                     Acc: 89.29% LR: 0.000057                     Alpha: 0.5744425058364868                     Beta: 0.6263303756713867                     MemKD: 0.0
2026-02-07 09:41:08,941 - INFO - Epoch [79/100] Train Loss: 0.3212, Train Acc: 90.89%, Val Loss: 0.4120, Val Acc: 85.11%
2026-02-07 09:41:27,426 - INFO - Epoch [80] Batch [0/35]                     Loss: 0.3574, Hard: 0.3244, Soft: 0.0330                     Acc: 87.50% LR: 0.000052                     Alpha: 0.5744425058364868                     Beta: 0.6268898844718933                     MemKD: 0.0
2026-02-07 09:41:34,997 - INFO - Epoch [80] Batch [20/35]                     Loss: 0.5675, Hard: 0.5264, Soft: 0.0411                     Acc: 88.10% LR: 0.000052                     Alpha: 0.5744425058364868                     Beta: 0.6276482939720154                     MemKD: 0.0
2026-02-07 09:42:02,988 - INFO - Epoch [80/100] Train Loss: 0.3724, Train Acc: 89.29%, Val Loss: 0.4848, Val Acc: 82.05%
2026-02-07 09:42:03,038 - INFO - Checkpoint saved at epoch 80
2026-02-07 09:42:21,496 - INFO - Epoch [81] Batch [0/35]                     Loss: 0.2721, Hard: 0.2372, Soft: 0.0350                     Acc: 93.75% LR: 0.000048                     Alpha: 0.5744425058364868                     Beta: 0.6282180547714233                     MemKD: 0.0
2026-02-07 09:42:29,142 - INFO - Epoch [81] Batch [20/35]                     Loss: 0.5602, Hard: 0.5119, Soft: 0.0483                     Acc: 87.20% LR: 0.000048                     Alpha: 0.5744425058364868                     Beta: 0.6289177536964417                     MemKD: 0.0
2026-02-07 09:42:56,290 - INFO - Epoch [81/100] Train Loss: 0.3779, Train Acc: 87.14%, Val Loss: 0.4119, Val Acc: 85.11%
2026-02-07 09:43:15,088 - INFO - Epoch [82] Batch [0/35]                     Loss: 0.2851, Hard: 0.2420, Soft: 0.0431                     Acc: 93.75% LR: 0.000043                     Alpha: 0.5744425058364868                     Beta: 0.6294413805007935                     MemKD: 0.0
2026-02-07 09:43:22,656 - INFO - Epoch [82] Batch [20/35]                     Loss: 0.2789, Hard: 0.2455, Soft: 0.0334                     Acc: 87.20% LR: 0.000043                     Alpha: 0.5744425058364868                     Beta: 0.6300852298736572                     MemKD: 0.0
2026-02-07 09:43:49,560 - INFO - Epoch [82/100] Train Loss: 0.3576, Train Acc: 87.32%, Val Loss: 0.4032, Val Acc: 86.44%
2026-02-07 09:44:08,762 - INFO - Epoch [83] Batch [0/35]                     Loss: 0.1569, Hard: 0.1280, Soft: 0.0289                     Acc: 93.75% LR: 0.000039                     Alpha: 0.5744425058364868                     Beta: 0.6305627226829529                     MemKD: 0.0
2026-02-07 09:44:16,267 - INFO - Epoch [83] Batch [20/35]                     Loss: 0.1726, Hard: 0.1529, Soft: 0.0197                     Acc: 91.96% LR: 0.000039                     Alpha: 0.5744425058364868                     Beta: 0.6310672163963318                     MemKD: 0.0
2026-02-07 09:44:43,567 - INFO - Epoch [83/100] Train Loss: 0.2731, Train Acc: 91.43%, Val Loss: 0.3923, Val Acc: 86.17%
2026-02-07 09:45:04,414 - INFO - Epoch [84] Batch [0/35]                     Loss: 0.2923, Hard: 0.2504, Soft: 0.0418                     Acc: 93.75% LR: 0.000035                     Alpha: 0.5744425058364868                     Beta: 0.6314439177513123                     MemKD: 0.0
2026-02-07 09:45:11,810 - INFO - Epoch [84] Batch [20/35]                     Loss: 0.2807, Hard: 0.2437, Soft: 0.0370                     Acc: 90.77% LR: 0.000035                     Alpha: 0.5744425058364868                     Beta: 0.6319358348846436                     MemKD: 0.0
2026-02-07 09:45:38,492 - INFO - Epoch [84/100] Train Loss: 0.3649, Train Acc: 88.57%, Val Loss: 0.3956, Val Acc: 85.51%
2026-02-07 09:45:58,547 - INFO - Epoch [85] Batch [0/35]                     Loss: 0.2732, Hard: 0.2418, Soft: 0.0314                     Acc: 93.75% LR: 0.000031                     Alpha: 0.5744425058364868                     Beta: 0.6323459148406982                     MemKD: 0.0
2026-02-07 09:46:06,136 - INFO - Epoch [85] Batch [20/35]                     Loss: 0.3154, Hard: 0.2817, Soft: 0.0338                     Acc: 91.07% LR: 0.000031                     Alpha: 0.5744425058364868                     Beta: 0.6327735185623169                     MemKD: 0.0
2026-02-07 09:46:34,913 - INFO - Epoch [85/100] Train Loss: 0.3126, Train Acc: 89.64%, Val Loss: 0.3965, Val Acc: 85.77%
2026-02-07 09:46:54,260 - INFO - Epoch [86] Batch [0/35]                     Loss: 0.2065, Hard: 0.1763, Soft: 0.0303                     Acc: 100.00% LR: 0.000027                     Alpha: 0.5744425058364868                     Beta: 0.6330803632736206                     MemKD: 0.0
2026-02-07 09:47:01,878 - INFO - Epoch [86] Batch [20/35]                     Loss: 0.5592, Hard: 0.5044, Soft: 0.0549                     Acc: 91.37% LR: 0.000027                     Alpha: 0.5744425058364868                     Beta: 0.6334346532821655                     MemKD: 0.0
2026-02-07 09:47:29,554 - INFO - Epoch [86/100] Train Loss: 0.3498, Train Acc: 88.39%, Val Loss: 0.3751, Val Acc: 86.57%
2026-02-07 09:47:50,566 - INFO - Epoch [87] Batch [0/35]                     Loss: 0.1546, Hard: 0.1304, Soft: 0.0242                     Acc: 100.00% LR: 0.000024                     Alpha: 0.5744425058364868                     Beta: 0.633762538433075                     MemKD: 0.0
2026-02-07 09:47:58,212 - INFO - Epoch [87] Batch [20/35]                     Loss: 0.2712, Hard: 0.2401, Soft: 0.0311                     Acc: 87.50% LR: 0.000024                     Alpha: 0.5744425058364868                     Beta: 0.6341345310211182                     MemKD: 0.0
2026-02-07 09:48:26,989 - INFO - Epoch [87/100] Train Loss: 0.3588, Train Acc: 88.04%, Val Loss: 0.3906, Val Acc: 85.77%
2026-02-07 09:48:48,681 - INFO - Epoch [88] Batch [0/35]                     Loss: 0.2531, Hard: 0.2157, Soft: 0.0374                     Acc: 87.50% LR: 0.000021                     Alpha: 0.5744425058364868                     Beta: 0.6344069838523865                     MemKD: 0.0
2026-02-07 09:48:56,244 - INFO - Epoch [88] Batch [20/35]                     Loss: 0.4217, Hard: 0.3821, Soft: 0.0396                     Acc: 87.50% LR: 0.000021                     Alpha: 0.5744425058364868                     Beta: 0.6346945762634277                     MemKD: 0.0
2026-02-07 09:49:25,537 - INFO - Epoch [88/100] Train Loss: 0.2969, Train Acc: 88.75%, Val Loss: 0.3838, Val Acc: 86.44%
2026-02-07 09:49:47,324 - INFO - Epoch [89] Batch [0/35]                     Loss: 0.1642, Hard: 0.1389, Soft: 0.0253                     Acc: 93.75% LR: 0.000018                     Alpha: 0.5744425058364868                     Beta: 0.6348944306373596                     MemKD: 0.0
2026-02-07 09:49:55,042 - INFO - Epoch [89] Batch [20/35]                     Loss: 0.3783, Hard: 0.3457, Soft: 0.0326                     Acc: 90.18% LR: 0.000018                     Alpha: 0.5744425058364868                     Beta: 0.6351498961448669                     MemKD: 0.0
2026-02-07 09:50:23,281 - INFO - Epoch [89/100] Train Loss: 0.3453, Train Acc: 88.75%, Val Loss: 0.3864, Val Acc: 86.44%
2026-02-07 09:50:41,596 - INFO - Epoch [90] Batch [0/35]                     Loss: 0.1889, Hard: 0.1591, Soft: 0.0298                     Acc: 93.75% LR: 0.000015                     Alpha: 0.5744425058364868                     Beta: 0.6353416442871094                     MemKD: 0.0
2026-02-07 09:50:49,170 - INFO - Epoch [90] Batch [20/35]                     Loss: 0.3180, Hard: 0.2786, Soft: 0.0393                     Acc: 88.69% LR: 0.000015                     Alpha: 0.5744425058364868                     Beta: 0.6355519890785217                     MemKD: 0.0
2026-02-07 09:51:16,562 - INFO - Epoch [90/100] Train Loss: 0.3214, Train Acc: 89.64%, Val Loss: 0.3956, Val Acc: 85.64%
2026-02-07 09:51:16,612 - INFO - Checkpoint saved at epoch 90
2026-02-07 09:51:37,033 - INFO - Epoch [91] Batch [0/35]                     Loss: 0.3550, Hard: 0.3233, Soft: 0.0316                     Acc: 81.25% LR: 0.000012                     Alpha: 0.5744425058364868                     Beta: 0.6357072591781616                     MemKD: 0.0
2026-02-07 09:51:44,655 - INFO - Epoch [91] Batch [20/35]                     Loss: 0.3356, Hard: 0.3014, Soft: 0.0342                     Acc: 88.99% LR: 0.000012                     Alpha: 0.5744425058364868                     Beta: 0.6358785629272461                     MemKD: 0.0
2026-02-07 09:52:14,097 - INFO - Epoch [91/100] Train Loss: 0.2846, Train Acc: 90.00%, Val Loss: 0.3860, Val Acc: 86.30%
2026-02-07 09:52:34,874 - INFO - Epoch [92] Batch [0/35]                     Loss: 0.2686, Hard: 0.2418, Soft: 0.0268                     Acc: 87.50% LR: 0.000010                     Alpha: 0.5744425058364868                     Beta: 0.6359983086585999                     MemKD: 0.0
2026-02-07 09:52:42,510 - INFO - Epoch [92] Batch [20/35]                     Loss: 0.2660, Hard: 0.2292, Soft: 0.0367                     Acc: 90.48% LR: 0.000010                     Alpha: 0.5744425058364868                     Beta: 0.6361277103424072                     MemKD: 0.0
2026-02-07 09:53:09,861 - INFO - Epoch [92/100] Train Loss: 0.2956, Train Acc: 90.89%, Val Loss: 0.3961, Val Acc: 85.90%
2026-02-07 09:53:30,245 - INFO - Epoch [93] Batch [0/35]                     Loss: 0.3283, Hard: 0.2906, Soft: 0.0377                     Acc: 81.25% LR: 0.000008                     Alpha: 0.5744425058364868                     Beta: 0.6362338066101074                     MemKD: 0.0
2026-02-07 09:53:37,905 - INFO - Epoch [93] Batch [20/35]                     Loss: 0.2326, Hard: 0.2068, Soft: 0.0258                     Acc: 92.26% LR: 0.000008                     Alpha: 0.5744425058364868                     Beta: 0.6363328099250793                     MemKD: 0.0
2026-02-07 09:54:05,721 - INFO - Epoch [93/100] Train Loss: 0.2726, Train Acc: 91.79%, Val Loss: 0.3789, Val Acc: 86.57%
2026-02-07 09:54:26,340 - INFO - Epoch [94] Batch [0/35]                     Loss: 0.4518, Hard: 0.4090, Soft: 0.0428                     Acc: 87.50% LR: 0.000006                     Alpha: 0.5744425058364868                     Beta: 0.6364099979400635                     MemKD: 0.0
2026-02-07 09:54:34,002 - INFO - Epoch [94] Batch [20/35]                     Loss: 0.1636, Hard: 0.1387, Soft: 0.0250                     Acc: 90.77% LR: 0.000006                     Alpha: 0.5744425058364868                     Beta: 0.6364970803260803                     MemKD: 0.0
2026-02-07 09:55:01,396 - INFO - Epoch [94/100] Train Loss: 0.2912, Train Acc: 91.25%, Val Loss: 0.3834, Val Acc: 85.64%
2026-02-07 09:55:21,767 - INFO - Epoch [95] Batch [0/35]                     Loss: 0.3011, Hard: 0.2699, Soft: 0.0312                     Acc: 93.75% LR: 0.000004                     Alpha: 0.5744425058364868                     Beta: 0.6365556120872498                     MemKD: 0.0
2026-02-07 09:55:29,363 - INFO - Epoch [95] Batch [20/35]                     Loss: 0.3082, Hard: 0.2806, Soft: 0.0276                     Acc: 87.20% LR: 0.000004                     Alpha: 0.5744425058364868                     Beta: 0.6366236209869385                     MemKD: 0.0
2026-02-07 09:55:57,831 - INFO - Epoch [95/100] Train Loss: 0.3273, Train Acc: 88.75%, Val Loss: 0.3855, Val Acc: 86.04%
2026-02-07 09:56:18,360 - INFO - Epoch [96] Batch [0/35]                     Loss: 0.2218, Hard: 0.1876, Soft: 0.0342                     Acc: 93.75% LR: 0.000003                     Alpha: 0.5744425058364868                     Beta: 0.6366698145866394                     MemKD: 0.0
2026-02-07 09:56:25,946 - INFO - Epoch [96] Batch [20/35]                     Loss: 0.1009, Hard: 0.0820, Soft: 0.0189                     Acc: 91.67% LR: 0.000003                     Alpha: 0.5744425058364868                     Beta: 0.6367133855819702                     MemKD: 0.0
2026-02-07 09:56:54,282 - INFO - Epoch [96/100] Train Loss: 0.2690, Train Acc: 91.96%, Val Loss: 0.4075, Val Acc: 86.04%
2026-02-07 09:57:14,231 - INFO - Epoch [97] Batch [0/35]                     Loss: 0.3107, Hard: 0.2776, Soft: 0.0331                     Acc: 93.75% LR: 0.000002                     Alpha: 0.5744425058364868                     Beta: 0.6367449760437012                     MemKD: 0.0
2026-02-07 09:57:21,853 - INFO - Epoch [97] Batch [20/35]                     Loss: 0.4190, Hard: 0.3767, Soft: 0.0422                     Acc: 89.29% LR: 0.000002                     Alpha: 0.5744425058364868                     Beta: 0.6367712020874023                     MemKD: 0.0
2026-02-07 09:57:50,782 - INFO - Epoch [97/100] Train Loss: 0.3341, Train Acc: 88.57%, Val Loss: 0.3816, Val Acc: 86.44%
2026-02-07 09:58:12,012 - INFO - Epoch [98] Batch [0/35]                     Loss: 0.2305, Hard: 0.1951, Soft: 0.0353                     Acc: 93.75% LR: 0.000001                     Alpha: 0.5744425058364868                     Beta: 0.6367948055267334                     MemKD: 0.0
2026-02-07 09:58:19,612 - INFO - Epoch [98] Batch [20/35]                     Loss: 0.3266, Hard: 0.2823, Soft: 0.0443                     Acc: 91.37% LR: 0.000001                     Alpha: 0.5744425058364868                     Beta: 0.6368103623390198                     MemKD: 0.0
2026-02-07 09:58:48,953 - INFO - Epoch [98/100] Train Loss: 0.3018, Train Acc: 90.54%, Val Loss: 0.3760, Val Acc: 86.70%
2026-02-07 09:59:08,541 - INFO - Epoch [99] Batch [0/35]                     Loss: 0.1952, Hard: 0.1682, Soft: 0.0270                     Acc: 93.75% LR: 0.000000                     Alpha: 0.5744425058364868                     Beta: 0.6368231773376465                     MemKD: 0.0
2026-02-07 09:59:16,197 - INFO - Epoch [99] Batch [20/35]                     Loss: 0.1788, Hard: 0.1610, Soft: 0.0178                     Acc: 90.48% LR: 0.000000                     Alpha: 0.5744425058364868                     Beta: 0.6368303298950195                     MemKD: 0.0
2026-02-07 09:59:45,045 - INFO - Epoch [99/100] Train Loss: 0.2981, Train Acc: 90.71%, Val Loss: 0.3899, Val Acc: 86.04%
2026-02-07 10:00:06,638 - INFO - Epoch [100] Batch [0/35]                     Loss: 0.1733, Hard: 0.1495, Soft: 0.0237                     Acc: 93.75% LR: 0.000000                     Alpha: 0.5744425058364868                     Beta: 0.6368356943130493                     MemKD: 0.0
2026-02-07 10:00:14,253 - INFO - Epoch [100] Batch [20/35]                     Loss: 0.4380, Hard: 0.3910, Soft: 0.0470                     Acc: 88.69% LR: 0.000000                     Alpha: 0.5744425058364868                     Beta: 0.6368374824523926                     MemKD: 0.0
2026-02-07 10:00:42,678 - INFO - Epoch [100/100] Train Loss: 0.2889, Train Acc: 90.54%, Val Loss: 0.3763, Val Acc: 86.57%
2026-02-07 10:00:42,738 - INFO - Checkpoint saved at epoch 100
2026-02-07 10:00:42,738 - INFO - ==================================================
2026-02-07 10:00:42,738 - INFO - Training finished! Best accuracy: 86.97%
2026-02-07 10:00:42,738 - INFO - ==================================================
