2026-02-07 22:20:14,662 - INFO - ==================================================
2026-02-07 22:20:14,663 - INFO - Distillation Training Configuration
2026-02-07 22:20:14,663 - INFO - ==================================================
2026-02-07 22:20:14,663 - INFO - GPUs: [4, 5, 6, 7]
2026-02-07 22:20:14,663 - INFO - World size: 4
2026-02-07 22:20:14,663 - INFO - Dataset: /media/hdd1/chuxiaohui/AI4Ocean_UATR/ShipsEar_622
2026-02-07 22:20:14,663 - INFO - Data type: wav_s@wav_t
2026-02-07 22:20:14,663 - INFO - Batch size: 16
2026-02-07 22:20:14,663 - INFO - Epochs: 100
2026-02-07 22:20:14,663 - INFO - Learning rate: 0.0005
2026-02-07 22:20:14,663 - INFO - Temperature: 2.0
2026-02-07 22:20:14,663 - INFO - Alpha: 0.3
2026-02-07 22:20:14,663 - INFO - Save dir: checkpoints/grid_shipsear/num_epochs100_weight_decay0.0001_batch_size16_lr0.0005_distill_typeMTSKD_Temp_freezeTrue_USE_DYNAMIC_DISTILL_WEIGHTTrue_p_encoder0.1_p_classifier0.5
2026-02-07 22:20:14,663 - INFO - ==================================================
2026-02-07 22:20:14,694 - INFO - Train dataset size: 2240
2026-02-07 22:20:14,694 - INFO - Validation dataset size: 749
2026-02-07 22:20:16,541 - INFO - Student params: 316,299 (0.32M)
2026-02-07 22:20:16,542 - INFO - Teacher params: 164,415,877 (164.42M)
2026-02-07 22:20:16,542 - INFO - Trainable params: 271,372 (0.27M)
2026-02-07 22:20:17,590 - INFO - Start training...
2026-02-07 22:20:17,591 - INFO - No checkpoint found, start from scratch
2026-02-07 22:20:41,325 - INFO - Epoch [1] Batch [0/35]                     Loss: 1.6857, Hard: 1.6857, Soft: 0.4942                     Acc: 25.00% LR: 0.000500                     Alpha: 0.5744425058364868                     Beta: 0.0                     MemKD: 0.5
2026-02-07 22:20:45,535 - INFO - Epoch [1] Batch [20/35]                     Loss: 1.5636, Hard: 1.5636, Soft: 0.3513                     Acc: 38.99% LR: 0.000500                     Alpha: 0.5744425058364868                     Beta: 0.0                     MemKD: 0.5
2026-02-07 22:21:14,586 - INFO - Epoch [1/100] Train Loss: 1.4237, Train Acc: 41.61%, Val Loss: 1.4175, Val Acc: 43.62%
2026-02-07 22:21:14,587 - INFO - Best model saved with accuracy: 43.62%
2026-02-07 22:21:36,519 - INFO - Epoch [2] Batch [0/35]                     Loss: 1.3259, Hard: 1.3259, Soft: 0.3011                     Acc: 50.00% LR: 0.000500                     Alpha: 0.5744425058364868                     Beta: 0.0                     MemKD: 0.5
2026-02-07 22:21:40,699 - INFO - Epoch [2] Batch [20/35]                     Loss: 1.4103, Hard: 1.4103, Soft: 0.3278                     Acc: 47.62% LR: 0.000500                     Alpha: 0.5744425058364868                     Beta: 0.0                     MemKD: 0.5
2026-02-07 22:22:09,476 - INFO - Epoch [2/100] Train Loss: 1.2828, Train Acc: 47.68%, Val Loss: 1.1766, Val Acc: 53.59%
2026-02-07 22:22:09,477 - INFO - Best model saved with accuracy: 53.59%
2026-02-07 22:22:33,214 - INFO - Epoch [3] Batch [0/35]                     Loss: 1.0932, Hard: 1.0932, Soft: 0.2453                     Acc: 50.00% LR: 0.000500                     Alpha: 0.5744425058364868                     Beta: 0.0                     MemKD: 0.5
2026-02-07 22:22:37,376 - INFO - Epoch [3] Batch [20/35]                     Loss: 1.2892, Hard: 1.2892, Soft: 0.2934                     Acc: 46.43% LR: 0.000500                     Alpha: 0.5744425058364868                     Beta: 0.0                     MemKD: 0.5
2026-02-07 22:23:06,369 - INFO - Epoch [3/100] Train Loss: 1.2460, Train Acc: 49.82%, Val Loss: 1.0542, Val Acc: 58.24%
2026-02-07 22:23:06,369 - INFO - Best model saved with accuracy: 58.24%
2026-02-07 22:23:28,787 - INFO - Epoch [4] Batch [0/35]                     Loss: 1.1520, Hard: 1.1520, Soft: 0.2244                     Acc: 56.25% LR: 0.000499                     Alpha: 0.5744425058364868                     Beta: 0.0                     MemKD: 0.5
2026-02-07 22:23:32,995 - INFO - Epoch [4] Batch [20/35]                     Loss: 1.3899, Hard: 1.3899, Soft: 0.3249                     Acc: 50.00% LR: 0.000499                     Alpha: 0.5744425058364868                     Beta: 0.0                     MemKD: 0.5
2026-02-07 22:24:02,610 - INFO - Epoch [4/100] Train Loss: 1.1958, Train Acc: 50.89%, Val Loss: 1.0578, Val Acc: 58.11%
2026-02-07 22:24:25,368 - INFO - Epoch [5] Batch [0/35]                     Loss: 1.0091, Hard: 1.0091, Soft: 0.2389                     Acc: 68.75% LR: 0.000498                     Alpha: 0.5744425058364868                     Beta: 0.0                     MemKD: 0.5
2026-02-07 22:24:29,518 - INFO - Epoch [5] Batch [20/35]                     Loss: 0.9740, Hard: 0.9740, Soft: 0.1848                     Acc: 57.44% LR: 0.000498                     Alpha: 0.5744425058364868                     Beta: 0.0                     MemKD: 0.5
2026-02-07 22:24:58,715 - INFO - Epoch [5/100] Train Loss: 1.1086, Train Acc: 57.50%, Val Loss: 1.0389, Val Acc: 58.78%
2026-02-07 22:24:58,715 - INFO - Best model saved with accuracy: 58.78%
2026-02-07 22:25:21,053 - INFO - Epoch [6] Batch [0/35]                     Loss: 1.1457, Hard: 1.1457, Soft: 0.2353                     Acc: 56.25% LR: 0.000497                     Alpha: 0.5744425058364868                     Beta: 0.0                     MemKD: 0.5
2026-02-07 22:25:25,250 - INFO - Epoch [6] Batch [20/35]                     Loss: 1.5396, Hard: 1.5396, Soft: 0.3254                     Acc: 58.33% LR: 0.000497                     Alpha: 0.5744425058364868                     Beta: 0.0                     MemKD: 0.5
2026-02-07 22:25:55,067 - INFO - Epoch [6/100] Train Loss: 1.0847, Train Acc: 58.21%, Val Loss: 0.9901, Val Acc: 58.11%
2026-02-07 22:26:18,292 - INFO - Epoch [7] Batch [0/35]                     Loss: 1.1776, Hard: 1.1776, Soft: 0.2108                     Acc: 43.75% LR: 0.000496                     Alpha: 0.5744425058364868                     Beta: 0.0                     MemKD: 0.5
2026-02-07 22:26:22,403 - INFO - Epoch [7] Batch [20/35]                     Loss: 0.9766, Hard: 0.9766, Soft: 0.1933                     Acc: 61.31% LR: 0.000496                     Alpha: 0.5744425058364868                     Beta: 0.0                     MemKD: 0.5
2026-02-07 22:26:51,641 - INFO - Epoch [7/100] Train Loss: 1.0559, Train Acc: 60.89%, Val Loss: 0.9675, Val Acc: 63.16%
2026-02-07 22:26:51,642 - INFO - Best model saved with accuracy: 63.16%
2026-02-07 22:27:14,336 - INFO - Epoch [8] Batch [0/35]                     Loss: 0.6873, Hard: 0.6873, Soft: 0.1510                     Acc: 75.00% LR: 0.000494                     Alpha: 0.5744425058364868                     Beta: 0.0                     MemKD: 0.5
2026-02-07 22:27:18,503 - INFO - Epoch [8] Batch [20/35]                     Loss: 0.8524, Hard: 0.8524, Soft: 0.1806                     Acc: 57.74% LR: 0.000494                     Alpha: 0.5744425058364868                     Beta: 0.0                     MemKD: 0.5
2026-02-07 22:27:47,153 - INFO - Epoch [8/100] Train Loss: 1.0581, Train Acc: 58.57%, Val Loss: 0.9340, Val Acc: 62.23%
2026-02-07 22:28:09,140 - INFO - Epoch [9] Batch [0/35]                     Loss: 0.6914, Hard: 0.6914, Soft: 0.1628                     Acc: 75.00% LR: 0.000492                     Alpha: 0.5744425058364868                     Beta: 0.0                     MemKD: 0.5
2026-02-07 22:28:13,294 - INFO - Epoch [9] Batch [20/35]                     Loss: 1.3879, Hard: 1.3879, Soft: 0.2829                     Acc: 58.33% LR: 0.000492                     Alpha: 0.5744425058364868                     Beta: 0.0                     MemKD: 0.5
2026-02-07 22:28:42,709 - INFO - Epoch [9/100] Train Loss: 0.9796, Train Acc: 60.89%, Val Loss: 0.8307, Val Acc: 69.68%
2026-02-07 22:28:42,709 - INFO - Best model saved with accuracy: 69.68%
2026-02-07 22:29:05,366 - INFO - Epoch [10] Batch [0/35]                     Loss: 0.8044, Hard: 0.8044, Soft: 0.2115                     Acc: 75.00% LR: 0.000490                     Alpha: 0.5744425058364868                     Beta: 0.0                     MemKD: 0.5
2026-02-07 22:29:09,491 - INFO - Epoch [10] Batch [20/35]                     Loss: 1.1442, Hard: 1.1442, Soft: 0.2156                     Acc: 63.10% LR: 0.000490                     Alpha: 0.5744425058364868                     Beta: 0.0                     MemKD: 0.5
2026-02-07 22:29:38,371 - INFO - Epoch [10/100] Train Loss: 0.9119, Train Acc: 64.82%, Val Loss: 0.9997, Val Acc: 63.30%
2026-02-07 22:29:38,424 - INFO - Checkpoint saved at epoch 10
2026-02-07 22:30:01,296 - INFO - Epoch [11] Batch [0/35]                     Loss: 0.5839, Hard: 0.5839, Soft: 0.1369                     Acc: 87.50% LR: 0.000488                     Alpha: 0.5744425058364868                     Beta: 0.0                     MemKD: 0.5
2026-02-07 22:30:05,435 - INFO - Epoch [11] Batch [20/35]                     Loss: 1.2790, Hard: 1.2790, Soft: 0.2168                     Acc: 66.07% LR: 0.000488                     Alpha: 0.5744425058364868                     Beta: 0.0                     MemKD: 0.5
2026-02-07 22:30:34,297 - INFO - Epoch [11/100] Train Loss: 0.9974, Train Acc: 63.57%, Val Loss: 0.8260, Val Acc: 70.35%
2026-02-07 22:30:34,297 - INFO - Best model saved with accuracy: 70.35%
2026-02-07 22:30:57,297 - INFO - Epoch [12] Batch [0/35]                     Loss: 0.7004, Hard: 0.7004, Soft: 0.1547                     Acc: 68.75% LR: 0.000485                     Alpha: 0.5744425058364868                     Beta: 0.0                     MemKD: 0.5
2026-02-07 22:31:01,510 - INFO - Epoch [12] Batch [20/35]                     Loss: 1.2105, Hard: 1.2105, Soft: 0.2658                     Acc: 64.58% LR: 0.000485                     Alpha: 0.5744425058364868                     Beta: 0.0                     MemKD: 0.5
2026-02-07 22:31:28,291 - INFO - Epoch [12/100] Train Loss: 0.8748, Train Acc: 67.14%, Val Loss: 0.9788, Val Acc: 60.37%
2026-02-07 22:31:50,076 - INFO - Epoch [13] Batch [0/35]                     Loss: 1.4928, Hard: 1.4928, Soft: 0.2522                     Acc: 43.75% LR: 0.000482                     Alpha: 0.5744425058364868                     Beta: 0.0                     MemKD: 0.5
2026-02-07 22:31:54,266 - INFO - Epoch [13] Batch [20/35]                     Loss: 1.2864, Hard: 1.2864, Soft: 0.2703                     Acc: 56.25% LR: 0.000482                     Alpha: 0.5744425058364868                     Beta: 0.0                     MemKD: 0.5
2026-02-07 22:32:22,905 - INFO - Epoch [13/100] Train Loss: 1.0443, Train Acc: 60.00%, Val Loss: 0.8250, Val Acc: 67.82%
2026-02-07 22:32:43,822 - INFO - Epoch [14] Batch [0/35]                     Loss: 0.9014, Hard: 0.9014, Soft: 0.1662                     Acc: 56.25% LR: 0.000479                     Alpha: 0.5744425058364868                     Beta: 0.0                     MemKD: 0.5
2026-02-07 22:32:47,772 - INFO - Epoch [14] Batch [20/35]                     Loss: 0.6814, Hard: 0.6814, Soft: 0.1703                     Acc: 65.48% LR: 0.000479                     Alpha: 0.5744425058364868                     Beta: 0.0                     MemKD: 0.5
2026-02-07 22:33:16,001 - INFO - Epoch [14/100] Train Loss: 0.8763, Train Acc: 67.14%, Val Loss: 0.8220, Val Acc: 66.49%
2026-02-07 22:33:38,461 - INFO - Epoch [15] Batch [0/35]                     Loss: 0.8461, Hard: 0.8461, Soft: 0.2193                     Acc: 62.50% LR: 0.000476                     Alpha: 0.5744425058364868                     Beta: 0.0                     MemKD: 0.5
2026-02-07 22:33:42,496 - INFO - Epoch [15] Batch [20/35]                     Loss: 0.9132, Hard: 0.9132, Soft: 0.1766                     Acc: 67.26% LR: 0.000476                     Alpha: 0.5744425058364868                     Beta: 0.0                     MemKD: 0.5
2026-02-07 22:34:10,506 - INFO - Epoch [15/100] Train Loss: 0.8611, Train Acc: 67.86%, Val Loss: 0.8123, Val Acc: 68.75%
2026-02-07 22:34:32,587 - INFO - Epoch [16] Batch [0/35]                     Loss: 1.0003, Hard: 1.0003, Soft: 0.2414                     Acc: 56.25% LR: 0.000473                     Alpha: 0.5744425058364868                     Beta: 0.0                     MemKD: 0.5
2026-02-07 22:34:36,611 - INFO - Epoch [16] Batch [20/35]                     Loss: 0.7721, Hard: 0.7721, Soft: 0.1477                     Acc: 66.07% LR: 0.000473                     Alpha: 0.5744425058364868                     Beta: 0.0                     MemKD: 0.5
2026-02-07 22:35:05,822 - INFO - Epoch [16/100] Train Loss: 0.8715, Train Acc: 66.96%, Val Loss: 0.7288, Val Acc: 73.01%
2026-02-07 22:35:05,822 - INFO - Best model saved with accuracy: 73.01%
2026-02-07 22:35:28,098 - INFO - Epoch [17] Batch [0/35]                     Loss: 0.8868, Hard: 0.8868, Soft: 0.2463                     Acc: 62.50% LR: 0.000469                     Alpha: 0.5744425058364868                     Beta: 0.0                     MemKD: 0.5
2026-02-07 22:35:32,243 - INFO - Epoch [17] Batch [20/35]                     Loss: 0.6435, Hard: 0.6435, Soft: 0.1745                     Acc: 69.94% LR: 0.000469                     Alpha: 0.5744425058364868                     Beta: 0.0                     MemKD: 0.5
2026-02-07 22:36:01,570 - INFO - Epoch [17/100] Train Loss: 0.8249, Train Acc: 68.57%, Val Loss: 0.8117, Val Acc: 66.22%
2026-02-07 22:36:23,725 - INFO - Epoch [18] Batch [0/35]                     Loss: 1.1993, Hard: 1.1993, Soft: 0.2802                     Acc: 68.75% LR: 0.000465                     Alpha: 0.5744425058364868                     Beta: 0.0                     MemKD: 0.5
2026-02-07 22:36:27,935 - INFO - Epoch [18] Batch [20/35]                     Loss: 1.0738, Hard: 1.0738, Soft: 0.2152                     Acc: 72.62% LR: 0.000465                     Alpha: 0.5744425058364868                     Beta: 0.0                     MemKD: 0.5
2026-02-07 22:36:56,369 - INFO - Epoch [18/100] Train Loss: 0.8058, Train Acc: 71.25%, Val Loss: 0.7498, Val Acc: 71.54%
2026-02-07 22:37:18,138 - INFO - Epoch [19] Batch [0/35]                     Loss: 0.5935, Hard: 0.5935, Soft: 0.1734                     Acc: 81.25% LR: 0.000461                     Alpha: 0.5744425058364868                     Beta: 0.0                     MemKD: 0.5
2026-02-07 22:37:22,163 - INFO - Epoch [19] Batch [20/35]                     Loss: 0.6002, Hard: 0.6002, Soft: 0.1774                     Acc: 73.81% LR: 0.000461                     Alpha: 0.5744425058364868                     Beta: 0.0                     MemKD: 0.5
2026-02-07 22:37:50,498 - INFO - Epoch [19/100] Train Loss: 0.7486, Train Acc: 73.04%, Val Loss: 0.6452, Val Acc: 76.20%
2026-02-07 22:37:50,498 - INFO - Best model saved with accuracy: 76.20%
2026-02-07 22:38:13,365 - INFO - Epoch [20] Batch [0/35]                     Loss: 0.8441, Hard: 0.8441, Soft: 0.1771                     Acc: 56.25% LR: 0.000457                     Alpha: 0.5744425058364868                     Beta: 0.0                     MemKD: 0.5
2026-02-07 22:38:17,486 - INFO - Epoch [20] Batch [20/35]                     Loss: 1.0219, Hard: 1.0219, Soft: 0.1892                     Acc: 72.92% LR: 0.000457                     Alpha: 0.5744425058364868                     Beta: 0.0                     MemKD: 0.5
2026-02-07 22:38:46,368 - INFO - Epoch [20/100] Train Loss: 0.7818, Train Acc: 71.25%, Val Loss: 0.8209, Val Acc: 67.29%
2026-02-07 22:38:46,427 - INFO - Checkpoint saved at epoch 20
2026-02-07 22:39:08,688 - INFO - Epoch [21] Batch [0/35]                     Loss: 0.6653, Hard: 0.6611, Soft: 0.1661                     Acc: 68.75% LR: 0.000452                     Alpha: 0.5744425058364868                     Beta: 0.0                     MemKD: 0.5
2026-02-07 22:39:12,749 - INFO - Epoch [21] Batch [20/35]                     Loss: 0.4067, Hard: 0.4043, Soft: 0.0952                     Acc: 74.40% LR: 0.000452                     Alpha: 0.5744425058364868                     Beta: -0.03844610974192619                     MemKD: 0.5067372918128967
2026-02-07 22:39:41,092 - INFO - Epoch [21/100] Train Loss: 0.7806, Train Acc: 72.86%, Val Loss: 0.6699, Val Acc: 74.73%
2026-02-07 22:40:03,729 - INFO - Epoch [22] Batch [0/35]                     Loss: 1.2208, Hard: 1.2098, Soft: 0.2214                     Acc: 56.25% LR: 0.000448                     Alpha: 0.5744425058364868                     Beta: -0.06463130563497543                     MemKD: 0.5108819603919983
2026-02-07 22:40:07,894 - INFO - Epoch [22] Batch [20/35]                     Loss: 0.9923, Hard: 0.9846, Soft: 0.1525                     Acc: 72.32% LR: 0.000448                     Alpha: 0.5744425058364868                     Beta: -0.10021933168172836                     MemKD: 0.5148799419403076
2026-02-07 22:40:37,184 - INFO - Epoch [22/100] Train Loss: 0.8041, Train Acc: 71.07%, Val Loss: 0.6552, Val Acc: 74.87%
2026-02-07 22:40:59,202 - INFO - Epoch [23] Batch [0/35]                     Loss: 0.6864, Hard: 0.6781, Soft: 0.1113                     Acc: 75.00% LR: 0.000443                     Alpha: 0.5744425058364868                     Beta: -0.12360913306474686                     MemKD: 0.518094003200531
2026-02-07 22:41:03,345 - INFO - Epoch [23] Batch [20/35]                     Loss: 0.7375, Hard: 0.7303, Soft: 0.0966                     Acc: 73.21% LR: 0.000443                     Alpha: 0.5744425058364868                     Beta: -0.15584009885787964                     MemKD: 0.5188150405883789
2026-02-07 22:41:32,813 - INFO - Epoch [23/100] Train Loss: 0.7023, Train Acc: 73.75%, Val Loss: 0.7043, Val Acc: 72.87%
2026-02-07 22:41:55,350 - INFO - Epoch [24] Batch [0/35]                     Loss: 0.6953, Hard: 0.6851, Soft: 0.1017                     Acc: 68.75% LR: 0.000438                     Alpha: 0.5744425058364868                     Beta: -0.17739522457122803                     MemKD: 0.5170247554779053
2026-02-07 22:41:59,475 - INFO - Epoch [24] Batch [20/35]                     Loss: 0.2777, Hard: 0.2775, Soft: 0.0023                     Acc: 74.70% LR: 0.000438                     Alpha: 0.5744425058364868                     Beta: -0.20696866512298584                     MemKD: 0.5137245655059814
2026-02-07 22:42:25,975 - INFO - Epoch [24/100] Train Loss: 0.7155, Train Acc: 74.82%, Val Loss: 0.6048, Val Acc: 76.86%
2026-02-07 22:42:25,975 - INFO - Best model saved with accuracy: 76.86%
2026-02-07 22:42:48,528 - INFO - Epoch [25] Batch [0/35]                     Loss: 1.0243, Hard: 1.0073, Soft: 0.1362                     Acc: 62.50% LR: 0.000432                     Alpha: 0.5744425058364868                     Beta: -0.22847488522529602                     MemKD: 0.5105939507484436
2026-02-07 22:42:52,642 - INFO - Epoch [25] Batch [20/35]                     Loss: 0.4045, Hard: 0.4066, Soft: -0.0167                     Acc: 70.54% LR: 0.000432                     Alpha: 0.5744425058364868                     Beta: -0.2572495639324188                     MemKD: 0.5048173666000366
2026-02-07 22:43:20,492 - INFO - Epoch [25/100] Train Loss: 0.7340, Train Acc: 71.61%, Val Loss: 0.5542, Val Acc: 81.12%
2026-02-07 22:43:20,492 - INFO - Best model saved with accuracy: 81.12%
2026-02-07 22:43:42,796 - INFO - Epoch [26] Batch [0/35]                     Loss: 0.3512, Hard: 0.3514, Soft: -0.0010                     Acc: 87.50% LR: 0.000427                     Alpha: 0.5744425058364868                     Beta: -0.2773507237434387                     MemKD: 0.5003032088279724
2026-02-07 22:43:46,910 - INFO - Epoch [26] Batch [20/35]                     Loss: 1.3395, Hard: 1.3179, Soft: 0.1441                     Acc: 75.30% LR: 0.000427                     Alpha: 0.5744425058364868                     Beta: -0.3031039535999298                     MemKD: 0.49409064650535583
2026-02-07 22:44:15,775 - INFO - Epoch [26/100] Train Loss: 0.6881, Train Acc: 75.71%, Val Loss: 0.8022, Val Acc: 69.95%
2026-02-07 22:44:38,752 - INFO - Epoch [27] Batch [0/35]                     Loss: 0.4695, Hard: 0.4758, Soft: -0.0361                     Acc: 87.50% LR: 0.000421                     Alpha: 0.5744425058364868                     Beta: -0.321134477853775                     MemKD: 0.48980915546417236
2026-02-07 22:44:42,873 - INFO - Epoch [27] Batch [20/35]                     Loss: 0.4403, Hard: 0.4525, Soft: -0.0699                     Acc: 74.70% LR: 0.000421                     Alpha: 0.5744425058364868                     Beta: -0.345461905002594                     MemKD: 0.48343440890312195
2026-02-07 22:45:11,191 - INFO - Epoch [27/100] Train Loss: 0.7118, Train Acc: 74.29%, Val Loss: 0.6271, Val Acc: 76.46%
2026-02-07 22:45:34,602 - INFO - Epoch [28] Batch [0/35]                     Loss: 1.0090, Hard: 0.9819, Soft: 0.1356                     Acc: 50.00% LR: 0.000415                     Alpha: 0.5744425058364868                     Beta: -0.362658828496933                     MemKD: 0.4789390563964844
2026-02-07 22:45:38,764 - INFO - Epoch [28] Batch [20/35]                     Loss: 0.3985, Hard: 0.4037, Soft: -0.0260                     Acc: 77.08% LR: 0.000415                     Alpha: 0.5744425058364868                     Beta: -0.38444438576698303                     MemKD: 0.47357890009880066
2026-02-07 22:46:07,088 - INFO - Epoch [28/100] Train Loss: 0.6844, Train Acc: 77.14%, Val Loss: 0.6469, Val Acc: 74.07%
2026-02-07 22:46:29,260 - INFO - Epoch [29] Batch [0/35]                     Loss: 0.6866, Hard: 0.6936, Soft: -0.0310                     Acc: 62.50% LR: 0.000409                     Alpha: 0.5744425058364868                     Beta: -0.40171945095062256                     MemKD: 0.4685494601726532
2026-02-07 22:46:33,463 - INFO - Epoch [29] Batch [20/35]                     Loss: 0.5397, Hard: 0.5480, Soft: -0.0368                     Acc: 73.51% LR: 0.000409                     Alpha: 0.5744425058364868                     Beta: -0.42426538467407227                     MemKD: 0.46234652400016785
2026-02-07 22:47:01,070 - INFO - Epoch [29/100] Train Loss: 0.6400, Train Acc: 74.64%, Val Loss: 0.6117, Val Acc: 76.60%
2026-02-07 22:47:22,886 - INFO - Epoch [30] Batch [0/35]                     Loss: 0.8988, Hard: 0.8888, Soft: 0.0400                     Acc: 50.00% LR: 0.000403                     Alpha: 0.5744425058364868                     Beta: -0.44154560565948486                     MemKD: 0.4574092626571655
2026-02-07 22:47:26,978 - INFO - Epoch [30] Batch [20/35]                     Loss: 0.7371, Hard: 0.7267, Soft: 0.0415                     Acc: 77.98% LR: 0.000403                     Alpha: 0.5744425058364868                     Beta: -0.46393686532974243                     MemKD: 0.4510001540184021
2026-02-07 22:47:55,077 - INFO - Epoch [30/100] Train Loss: 0.6266, Train Acc: 75.36%, Val Loss: 0.6908, Val Acc: 73.40%
2026-02-07 22:47:55,310 - INFO - Checkpoint saved at epoch 30
2026-02-07 22:48:18,512 - INFO - Epoch [31] Batch [0/35]                     Loss: 0.6662, Hard: 0.6793, Soft: -0.0475                     Acc: 68.75% LR: 0.000397                     Alpha: 0.5744425058364868                     Beta: -0.4804260730743408                     MemKD: 0.44642946124076843
2026-02-07 22:48:22,584 - INFO - Epoch [31] Batch [20/35]                     Loss: 0.5222, Hard: 0.5504, Soft: -0.1027                     Acc: 75.60% LR: 0.000397                     Alpha: 0.5744425058364868                     Beta: -0.5014614462852478                     MemKD: 0.4407046139240265
2026-02-07 22:48:50,125 - INFO - Epoch [31/100] Train Loss: 0.6210, Train Acc: 76.25%, Val Loss: 0.5790, Val Acc: 79.12%
2026-02-07 22:49:13,133 - INFO - Epoch [32] Batch [0/35]                     Loss: 0.7709, Hard: 0.7862, Soft: -0.0510                     Acc: 62.50% LR: 0.000391                     Alpha: 0.5744425058364868                     Beta: -0.516863226890564                     MemKD: 0.4365600645542145
2026-02-07 22:49:17,260 - INFO - Epoch [32] Batch [20/35]                     Loss: 0.6929, Hard: 0.7210, Soft: -0.0935                     Acc: 77.68% LR: 0.000391                     Alpha: 0.5744425058364868                     Beta: -0.5376474261283875                     MemKD: 0.4308025538921356
2026-02-07 22:49:46,493 - INFO - Epoch [32/100] Train Loss: 0.5878, Train Acc: 78.39%, Val Loss: 0.6582, Val Acc: 75.66%
2026-02-07 22:50:08,675 - INFO - Epoch [33] Batch [0/35]                     Loss: 0.5249, Hard: 0.5842, Soft: -0.1823                     Acc: 87.50% LR: 0.000384                     Alpha: 0.5744425058364868                     Beta: -0.5528673529624939                     MemKD: 0.42663416266441345
2026-02-07 22:50:12,810 - INFO - Epoch [33] Batch [20/35]                     Loss: 0.5380, Hard: 0.5999, Soft: -0.1906                     Acc: 76.49% LR: 0.000384                     Alpha: 0.5744425058364868                     Beta: -0.573216438293457                     MemKD: 0.42103108763694763
2026-02-07 22:50:41,817 - INFO - Epoch [33/100] Train Loss: 0.5961, Train Acc: 75.71%, Val Loss: 0.6915, Val Acc: 72.61%
2026-02-07 22:51:04,092 - INFO - Epoch [34] Batch [0/35]                     Loss: 0.5522, Hard: 0.6557, Soft: -0.2955                     Acc: 81.25% LR: 0.000377                     Alpha: 0.5744425058364868                     Beta: -0.5877274870872498                     MemKD: 0.4172697067260742
2026-02-07 22:51:08,237 - INFO - Epoch [34] Batch [20/35]                     Loss: 0.5977, Hard: 0.6789, Soft: -0.2320                     Acc: 81.55% LR: 0.000377                     Alpha: 0.5744425058364868                     Beta: -0.6078494787216187                     MemKD: 0.41176146268844604
2026-02-07 22:51:36,877 - INFO - Epoch [34/100] Train Loss: 0.5303, Train Acc: 79.82%, Val Loss: 0.5086, Val Acc: 84.18%
2026-02-07 22:51:36,877 - INFO - Best model saved with accuracy: 84.18%
2026-02-07 22:51:59,604 - INFO - Epoch [35] Batch [0/35]                     Loss: 0.9425, Hard: 0.9741, Soft: -0.0842                     Acc: 62.50% LR: 0.000370                     Alpha: 0.5744425058364868                     Beta: -0.621947705745697                     MemKD: 0.4081033170223236
2026-02-07 22:52:03,739 - INFO - Epoch [35] Batch [20/35]                     Loss: 0.3475, Hard: 0.4506, Soft: -0.2749                     Acc: 77.68% LR: 0.000370                     Alpha: 0.5744425058364868                     Beta: -0.6405431032180786                     MemKD: 0.403209924697876
2026-02-07 22:52:33,091 - INFO - Epoch [35/100] Train Loss: 0.5053, Train Acc: 79.11%, Val Loss: 0.6424, Val Acc: 74.34%
2026-02-07 22:52:55,455 - INFO - Epoch [36] Batch [0/35]                     Loss: 0.7503, Hard: 0.8451, Soft: -0.2370                     Acc: 62.50% LR: 0.000363                     Alpha: 0.5744425058364868                     Beta: -0.6544475555419922                     MemKD: 0.3994908630847931
2026-02-07 22:52:59,586 - INFO - Epoch [36] Batch [20/35]                     Loss: 0.6310, Hard: 0.7390, Soft: -0.2701                     Acc: 78.87% LR: 0.000363                     Alpha: 0.5744425058364868                     Beta: -0.6726667881011963                     MemKD: 0.39473751187324524
2026-02-07 22:53:29,075 - INFO - Epoch [36/100] Train Loss: 0.4742, Train Acc: 77.86%, Val Loss: 0.5023, Val Acc: 82.58%
2026-02-07 22:53:50,743 - INFO - Epoch [37] Batch [0/35]                     Loss: 0.1844, Hard: 0.4061, Soft: -0.5216                     Acc: 87.50% LR: 0.000356                     Alpha: 0.5744425058364868                     Beta: -0.685842752456665                     MemKD: 0.3913322687149048
2026-02-07 22:53:54,831 - INFO - Epoch [37] Batch [20/35]                     Loss: 0.3201, Hard: 0.4888, Soft: -0.3971                     Acc: 80.06% LR: 0.000356                     Alpha: 0.5744425058364868                     Beta: -0.7033869624137878                     MemKD: 0.386737197637558
2026-02-07 22:54:25,560 - INFO - Epoch [37/100] Train Loss: 0.3761, Train Acc: 80.71%, Val Loss: 0.5291, Val Acc: 79.39%
2026-02-07 22:54:48,179 - INFO - Epoch [38] Batch [0/35]                     Loss: 0.0591, Hard: 0.2722, Soft: -0.4735                     Acc: 100.00% LR: 0.000349                     Alpha: 0.5744425058364868                     Beta: -0.7160741686820984                     MemKD: 0.3834184408187866
2026-02-07 22:54:52,262 - INFO - Epoch [38] Batch [20/35]                     Loss: 0.5986, Hard: 0.7278, Soft: -0.2872                     Acc: 82.14% LR: 0.000349                     Alpha: 0.5744425058364868                     Beta: -0.732642650604248                     MemKD: 0.3790646493434906
2026-02-07 22:55:20,558 - INFO - Epoch [38/100] Train Loss: 0.3475, Train Acc: 80.00%, Val Loss: 1.0025, Val Acc: 66.36%
2026-02-07 22:55:43,900 - INFO - Epoch [39] Batch [0/35]                     Loss: 0.3376, Hard: 0.5350, Soft: -0.4155                     Acc: 87.50% LR: 0.000342                     Alpha: 0.5744425058364868                     Beta: -0.7442789077758789                     MemKD: 0.3761143684387207
2026-02-07 22:55:48,058 - INFO - Epoch [39] Batch [20/35]                     Loss: 0.0717, Hard: 0.3278, Soft: -0.5391                     Acc: 83.93% LR: 0.000342                     Alpha: 0.5744425058364868                     Beta: -0.7596257328987122                     MemKD: 0.37219998240470886
2026-02-07 22:56:16,369 - INFO - Epoch [39/100] Train Loss: 0.2935, Train Acc: 83.04%, Val Loss: 0.5283, Val Acc: 81.65%
2026-02-07 22:56:38,292 - INFO - Epoch [40] Batch [0/35]                     Loss: 0.1625, Hard: 0.4196, Soft: -0.5142                     Acc: 81.25% LR: 0.000335                     Alpha: 0.5744425058364868                     Beta: -0.77101731300354                     MemKD: 0.36929744482040405
2026-02-07 22:56:42,416 - INFO - Epoch [40] Batch [20/35]                     Loss: 0.2876, Hard: 0.5326, Soft: -0.4899                     Acc: 80.65% LR: 0.000335                     Alpha: 0.5744425058364868                     Beta: -0.7856903076171875                     MemKD: 0.365583598613739
2026-02-07 22:57:10,782 - INFO - Epoch [40/100] Train Loss: 0.3142, Train Acc: 79.11%, Val Loss: 0.6893, Val Acc: 73.01%
2026-02-07 22:57:10,866 - INFO - Checkpoint saved at epoch 40
2026-02-07 22:57:34,049 - INFO - Epoch [41] Batch [0/35]                     Loss: 0.2394, Hard: 0.4999, Soft: -0.4961                     Acc: 75.00% LR: 0.000327                     Alpha: 0.5744425058364868                     Beta: -0.7964755296707153                     MemKD: 0.3628939092159271
2026-02-07 22:57:38,199 - INFO - Epoch [41] Batch [20/35]                     Loss: 0.1224, Hard: 0.3738, Soft: -0.4787                     Acc: 82.14% LR: 0.000327                     Alpha: 0.5744425058364868                     Beta: -0.8104329705238342                     MemKD: 0.35944950580596924
2026-02-07 22:58:06,513 - INFO - Epoch [41/100] Train Loss: 0.2528, Train Acc: 83.04%, Val Loss: 0.4840, Val Acc: 82.18%
2026-02-07 22:58:28,830 - INFO - Epoch [42] Batch [0/35]                     Loss: 0.3130, Hard: 0.5920, Soft: -0.5074                     Acc: 81.25% LR: 0.000320                     Alpha: 0.5744425058364868                     Beta: -0.8209064602851868                     MemKD: 0.35684555768966675
2026-02-07 22:58:32,919 - INFO - Epoch [42] Batch [20/35]                     Loss: 0.7057, Hard: 0.9230, Soft: -0.3952                     Acc: 82.44% LR: 0.000320                     Alpha: 0.5744425058364868                     Beta: -0.834615170955658                     MemKD: 0.3534567654132843
2026-02-07 22:59:02,005 - INFO - Epoch [42/100] Train Loss: 0.1509, Train Acc: 82.68%, Val Loss: 0.6024, Val Acc: 76.33%
2026-02-07 22:59:23,001 - INFO - Epoch [43] Batch [0/35]                     Loss: 0.2081, Hard: 0.5755, Soft: -0.6391                     Acc: 81.25% LR: 0.000312                     Alpha: 0.5744425058364868                     Beta: -0.8447045087814331                     MemKD: 0.3509646952152252
2026-02-07 22:59:27,085 - INFO - Epoch [43] Batch [20/35]                     Loss: 0.1384, Hard: 0.4431, Soft: -0.5299                     Acc: 80.06% LR: 0.000312                     Alpha: 0.5744425058364868                     Beta: -0.857593834400177                     MemKD: 0.34783780574798584
2026-02-07 22:59:55,170 - INFO - Epoch [43/100] Train Loss: 0.1383, Train Acc: 81.43%, Val Loss: 0.5463, Val Acc: 78.99%
2026-02-07 23:00:17,292 - INFO - Epoch [44] Batch [0/35]                     Loss: -0.1154, Hard: 0.3215, Soft: -0.7281                     Acc: 93.75% LR: 0.000305                     Alpha: 0.5744425058364868                     Beta: -0.8671712875366211                     MemKD: 0.34551942348480225
2026-02-07 23:00:21,350 - INFO - Epoch [44] Batch [20/35]                     Loss: -0.1923, Hard: 0.2650, Soft: -0.7621                     Acc: 84.82% LR: 0.000305                     Alpha: 0.5744425058364868                     Beta: -0.8796946406364441                     MemKD: 0.34249231219291687
2026-02-07 23:00:50,880 - INFO - Epoch [44/100] Train Loss: 0.0935, Train Acc: 83.21%, Val Loss: 0.4736, Val Acc: 82.58%
2026-02-07 23:01:13,779 - INFO - Epoch [45] Batch [0/35]                     Loss: -0.0251, Hard: 0.3822, Soft: -0.6517                     Acc: 87.50% LR: 0.000297                     Alpha: 0.5744425058364868                     Beta: -0.8888040781021118                     MemKD: 0.3403227925300598
2026-02-07 23:01:17,852 - INFO - Epoch [45] Batch [20/35]                     Loss: 0.8379, Hard: 1.1498, Soft: -0.4989                     Acc: 84.82% LR: 0.000297                     Alpha: 0.5744425058364868                     Beta: -0.9009387493133545                     MemKD: 0.3373727798461914
2026-02-07 23:01:47,354 - INFO - Epoch [45/100] Train Loss: 0.0027, Train Acc: 84.11%, Val Loss: 0.4780, Val Acc: 81.12%
2026-02-07 23:02:10,303 - INFO - Epoch [46] Batch [0/35]                     Loss: 0.8491, Hard: 1.1666, Soft: -0.4885                     Acc: 68.75% LR: 0.000289                     Alpha: 0.5744425058364868                     Beta: -0.9097298979759216                     MemKD: 0.3352784812450409
2026-02-07 23:02:14,350 - INFO - Epoch [46] Batch [20/35]                     Loss: -0.1736, Hard: 0.3441, Soft: -0.7964                     Acc: 82.14% LR: 0.000289                     Alpha: 0.5744425058364868                     Beta: -0.9210382103919983                     MemKD: 0.3326256275177002
2026-02-07 23:02:43,806 - INFO - Epoch [46/100] Train Loss: 0.0294, Train Acc: 82.50%, Val Loss: 0.5282, Val Acc: 80.19%
2026-02-07 23:03:05,962 - INFO - Epoch [47] Batch [0/35]                     Loss: -0.2057, Hard: 0.3225, Soft: -0.7826                     Acc: 87.50% LR: 0.000281                     Alpha: 0.5744425058364868                     Beta: -0.9296559691429138                     MemKD: 0.3305792212486267
2026-02-07 23:03:10,155 - INFO - Epoch [47] Batch [20/35]                     Loss: 0.6034, Hard: 0.9309, Soft: -0.4851                     Acc: 81.85% LR: 0.000281                     Alpha: 0.5744425058364868                     Beta: -0.9405319690704346                     MemKD: 0.3280192017555237
2026-02-07 23:03:38,611 - INFO - Epoch [47/100] Train Loss: -0.0304, Train Acc: 83.39%, Val Loss: 0.4437, Val Acc: 82.31%
2026-02-07 23:04:00,901 - INFO - Epoch [48] Batch [0/35]                     Loss: 0.2024, Hard: 0.6244, Soft: -0.6029                     Acc: 81.25% LR: 0.000274                     Alpha: 0.5744425058364868                     Beta: -0.9486700296401978                     MemKD: 0.3261159360408783
2026-02-07 23:04:05,027 - INFO - Epoch [48] Batch [20/35]                     Loss: -0.3060, Hard: 0.3024, Soft: -0.8691                     Acc: 82.74% LR: 0.000274                     Alpha: 0.5744425058364868                     Beta: -0.9590890407562256                     MemKD: 0.32370224595069885
2026-02-07 23:04:33,051 - INFO - Epoch [48/100] Train Loss: 0.0053, Train Acc: 81.25%, Val Loss: 0.5155, Val Acc: 81.78%
2026-02-07 23:04:52,907 - INFO - Epoch [49] Batch [0/35]                     Loss: -0.1404, Hard: 0.4061, Soft: -0.7537                     Acc: 87.50% LR: 0.000266                     Alpha: 0.5744425058364868                     Beta: -0.9667372107505798                     MemKD: 0.3219577372074127
2026-02-07 23:04:57,011 - INFO - Epoch [49] Batch [20/35]                     Loss: -0.0671, Hard: 0.4481, Soft: -0.7106                     Acc: 83.93% LR: 0.000266                     Alpha: 0.5744425058364868                     Beta: -0.9766752123832703                     MemKD: 0.319687157869339
2026-02-07 23:05:25,823 - INFO - Epoch [49/100] Train Loss: -0.0925, Train Acc: 84.64%, Val Loss: 0.5115, Val Acc: 83.38%
2026-02-07 23:05:46,861 - INFO - Epoch [50] Batch [0/35]                     Loss: -0.2519, Hard: 0.3566, Soft: -0.8112                     Acc: 87.50% LR: 0.000258                     Alpha: 0.5744425058364868                     Beta: -0.9839702248573303                     MemKD: 0.3180285096168518
2026-02-07 23:05:50,950 - INFO - Epoch [50] Batch [20/35]                     Loss: -0.2363, Hard: 0.3903, Soft: -0.8355                     Acc: 83.63% LR: 0.000258                     Alpha: 0.5744425058364868                     Beta: -0.9934423565864563                     MemKD: 0.3158787786960602
2026-02-07 23:06:17,407 - INFO - Epoch [50/100] Train Loss: -0.1111, Train Acc: 84.11%, Val Loss: 0.6457, Val Acc: 75.66%
2026-02-07 23:06:17,440 - INFO - Checkpoint saved at epoch 50
2026-02-07 23:06:41,167 - INFO - Epoch [51] Batch [0/35]                     Loss: -0.3756, Hard: 0.2996, Soft: -0.8712                     Acc: 93.75% LR: 0.000250                     Alpha: 0.5744425058364868                     Beta: -1.000632882118225                     MemKD: 0.31424444913864136
2026-02-07 23:06:45,265 - INFO - Epoch [51] Batch [20/35]                     Loss: -0.1046, Hard: 0.5355, Soft: -0.8259                     Acc: 85.42% LR: 0.000250                     Alpha: 0.5744425058364868                     Beta: -1.0099626779556274                     MemKD: 0.31213340163230896
2026-02-07 23:07:13,997 - INFO - Epoch [51/100] Train Loss: -0.2357, Train Acc: 86.07%, Val Loss: 0.4912, Val Acc: 82.05%
2026-02-07 23:07:36,480 - INFO - Epoch [52] Batch [0/35]                     Loss: 0.0963, Hard: 0.6541, Soft: -0.6972                     Acc: 75.00% LR: 0.000242                     Alpha: 0.5744425058364868                     Beta: -1.0168691873550415                     MemKD: 0.3105733394622803
2026-02-07 23:07:40,606 - INFO - Epoch [52] Batch [20/35]                     Loss: -0.1271, Hard: 0.4578, Soft: -0.7312                     Acc: 82.74% LR: 0.000242                     Alpha: 0.5744425058364868                     Beta: -1.0257234573364258                     MemKD: 0.30859261751174927
2026-02-07 23:08:08,975 - INFO - Epoch [52/100] Train Loss: -0.2264, Train Acc: 82.14%, Val Loss: 0.4816, Val Acc: 81.38%
2026-02-07 23:08:31,344 - INFO - Epoch [53] Batch [0/35]                     Loss: -0.6086, Hard: 0.1936, Soft: -0.9724                     Acc: 93.75% LR: 0.000234                     Alpha: 0.5744425058364868                     Beta: -1.032268762588501                     MemKD: 0.3071381151676178
2026-02-07 23:08:35,428 - INFO - Epoch [53] Batch [20/35]                     Loss: -0.3158, Hard: 0.4082, Soft: -0.8776                     Acc: 87.50% LR: 0.000234                     Alpha: 0.5744425058364868                     Beta: -1.0408598184585571                     MemKD: 0.30522483587265015
2026-02-07 23:09:04,709 - INFO - Epoch [53/100] Train Loss: -0.3249, Train Acc: 86.07%, Val Loss: 0.6519, Val Acc: 77.53%
2026-02-07 23:09:28,005 - INFO - Epoch [54] Batch [0/35]                     Loss: 0.1044, Hard: 0.7362, Soft: -0.7433                     Acc: 81.25% LR: 0.000226                     Alpha: 0.5744425058364868                     Beta: -1.0472019910812378                     MemKD: 0.30382633209228516
2026-02-07 23:09:32,145 - INFO - Epoch [54] Batch [20/35]                     Loss: -0.5823, Hard: 0.2569, Soft: -0.9873                     Acc: 86.31% LR: 0.000226                     Alpha: 0.5744425058364868                     Beta: -1.0553903579711914                     MemKD: 0.30201494693756104
2026-02-07 23:10:00,856 - INFO - Epoch [54/100] Train Loss: -0.3700, Train Acc: 85.36%, Val Loss: 0.5275, Val Acc: 80.59%
2026-02-07 23:10:22,512 - INFO - Epoch [55] Batch [0/35]                     Loss: -0.4288, Hard: 0.3739, Soft: -0.9174                     Acc: 87.50% LR: 0.000219                     Alpha: 0.5744425058364868                     Beta: -1.06143057346344                     MemKD: 0.300681471824646
2026-02-07 23:10:26,668 - INFO - Epoch [55] Batch [20/35]                     Loss: -0.4145, Hard: 0.3618, Soft: -0.8872                     Acc: 85.42% LR: 0.000219                     Alpha: 0.5744425058364868                     Beta: -1.0691838264465332                     MemKD: 0.2989787757396698
2026-02-07 23:10:55,932 - INFO - Epoch [55/100] Train Loss: -0.3509, Train Acc: 84.64%, Val Loss: 0.4660, Val Acc: 82.05%
2026-02-07 23:11:18,511 - INFO - Epoch [56] Batch [0/35]                     Loss: -0.4194, Hard: 0.4164, Soft: -0.9287                     Acc: 87.50% LR: 0.000211                     Alpha: 0.5744425058364868                     Beta: -1.0749180316925049                     MemKD: 0.2977316379547119
2026-02-07 23:11:22,675 - INFO - Epoch [56] Batch [20/35]                     Loss: -0.3776, Hard: 0.4166, Soft: -0.8824                     Acc: 85.42% LR: 0.000211                     Alpha: 0.5744425058364868                     Beta: -1.0821313858032227                     MemKD: 0.2961823046207428
2026-02-07 23:11:51,324 - INFO - Epoch [56/100] Train Loss: -0.4065, Train Acc: 86.07%, Val Loss: 0.4429, Val Acc: 83.91%
2026-02-07 23:12:13,855 - INFO - Epoch [57] Batch [0/35]                     Loss: -0.4981, Hard: 0.4240, Soft: -0.9968                     Acc: 87.50% LR: 0.000203                     Alpha: 0.5744425058364868                     Beta: -1.0875993967056274                     MemKD: 0.2949984073638916
2026-02-07 23:12:18,011 - INFO - Epoch [57] Batch [20/35]                     Loss: -0.7194, Hard: 0.2544, Soft: -1.0527                     Acc: 87.20% LR: 0.000203                     Alpha: 0.5744425058364868                     Beta: -1.0946118831634521                     MemKD: 0.29349449276924133
2026-02-07 23:12:47,809 - INFO - Epoch [57/100] Train Loss: -0.4975, Train Acc: 87.14%, Val Loss: 0.4894, Val Acc: 81.25%
2026-02-07 23:13:09,126 - INFO - Epoch [58] Batch [0/35]                     Loss: -0.7790, Hard: 0.2571, Soft: -1.0905                     Acc: 93.75% LR: 0.000195                     Alpha: 0.5744425058364868                     Beta: -1.0999397039413452                     MemKD: 0.29234838485717773
2026-02-07 23:13:13,258 - INFO - Epoch [58] Batch [20/35]                     Loss: -0.7418, Hard: 0.2919, Soft: -1.0881                     Acc: 89.88% LR: 0.000195                     Alpha: 0.5744425058364868                     Beta: -1.1067100763320923                     MemKD: 0.2909024953842163
2026-02-07 23:13:42,190 - INFO - Epoch [58/100] Train Loss: -0.4946, Train Acc: 86.61%, Val Loss: 0.4332, Val Acc: 84.31%
2026-02-07 23:13:42,190 - INFO - Best model saved with accuracy: 84.31%
2026-02-07 23:14:04,778 - INFO - Epoch [59] Batch [0/35]                     Loss: -0.8287, Hard: 0.2444, Soft: -1.1005                     Acc: 87.50% LR: 0.000188                     Alpha: 0.5744425058364868                     Beta: -1.1116642951965332                     MemKD: 0.28984832763671875
2026-02-07 23:14:08,940 - INFO - Epoch [59] Batch [20/35]                     Loss: -0.9164, Hard: 0.1797, Soft: -1.1242                     Acc: 89.58% LR: 0.000188                     Alpha: 0.5744425058364868                     Beta: -1.1181128025054932                     MemKD: 0.2884741425514221
2026-02-07 23:14:38,569 - INFO - Epoch [59/100] Train Loss: -0.6834, Train Acc: 88.93%, Val Loss: 0.4796, Val Acc: 82.31%
2026-02-07 23:15:01,726 - INFO - Epoch [60] Batch [0/35]                     Loss: -0.5035, Hard: 0.4639, Soft: -0.9674                     Acc: 87.50% LR: 0.000180                     Alpha: 0.5744425058364868                     Beta: -1.1229751110076904                     MemKD: 0.287438303232193
2026-02-07 23:15:05,885 - INFO - Epoch [60] Batch [20/35]                     Loss: -0.8539, Hard: 0.2144, Soft: -1.0683                     Acc: 86.31% LR: 0.000180                     Alpha: 0.5744425058364868                     Beta: -1.129094123840332                     MemKD: 0.2861512005329132
2026-02-07 23:15:35,382 - INFO - Epoch [60/100] Train Loss: -0.6213, Train Acc: 86.25%, Val Loss: 0.5020, Val Acc: 81.91%
2026-02-07 23:15:35,413 - INFO - Checkpoint saved at epoch 60
2026-02-07 23:15:57,251 - INFO - Epoch [61] Batch [0/35]                     Loss: -0.2831, Hard: 0.5686, Soft: -0.8516                     Acc: 81.25% LR: 0.000173                     Alpha: 0.5744425058364868                     Beta: -1.1336513757705688                     MemKD: 0.2851923406124115
2026-02-07 23:16:01,338 - INFO - Epoch [61] Batch [20/35]                     Loss: -0.3443, Hard: 0.5855, Soft: -0.9299                     Acc: 84.82% LR: 0.000173                     Alpha: 0.5744425058364868                     Beta: -1.139316439628601                     MemKD: 0.28401052951812744
2026-02-07 23:16:30,019 - INFO - Epoch [61/100] Train Loss: -0.5542, Train Acc: 83.57%, Val Loss: 0.5086, Val Acc: 81.78%
2026-02-07 23:16:53,084 - INFO - Epoch [62] Batch [0/35]                     Loss: -0.8352, Hard: 0.2660, Soft: -1.1013                     Acc: 93.75% LR: 0.000165                     Alpha: 0.5744425058364868                     Beta: -1.143399715423584                     MemKD: 0.2831726372241974
2026-02-07 23:16:57,260 - INFO - Epoch [62] Batch [20/35]                     Loss: -0.3320, Hard: 0.6834, Soft: -1.0154                     Acc: 86.31% LR: 0.000165                     Alpha: 0.5744425058364868                     Beta: -1.1487069129943848                     MemKD: 0.2820720076560974
2026-02-07 23:17:25,793 - INFO - Epoch [62/100] Train Loss: -0.6429, Train Acc: 86.43%, Val Loss: 0.4591, Val Acc: 82.18%
2026-02-07 23:17:49,159 - INFO - Epoch [63] Batch [0/35]                     Loss: -0.9878, Hard: 0.2134, Soft: -1.2012                     Acc: 100.00% LR: 0.000158                     Alpha: 0.5744425058364868                     Beta: -1.152635097503662                     MemKD: 0.28125402331352234
2026-02-07 23:17:53,382 - INFO - Epoch [63] Batch [20/35]                     Loss: -0.8799, Hard: 0.2457, Soft: -1.1256                     Acc: 88.99% LR: 0.000158                     Alpha: 0.5744425058364868                     Beta: -1.1576143503189087                     MemKD: 0.2802087962627411
2026-02-07 23:18:22,885 - INFO - Epoch [63/100] Train Loss: -0.6969, Train Acc: 88.04%, Val Loss: 0.4615, Val Acc: 82.18%
2026-02-07 23:18:45,397 - INFO - Epoch [64] Batch [0/35]                     Loss: -0.5219, Hard: 0.4843, Soft: -1.0063                     Acc: 81.25% LR: 0.000151                     Alpha: 0.5744425058364868                     Beta: -1.1613160371780396                     MemKD: 0.2794395387172699
2026-02-07 23:18:49,585 - INFO - Epoch [64] Batch [20/35]                     Loss: -0.9683, Hard: 0.1593, Soft: -1.1277                     Acc: 84.23% LR: 0.000151                     Alpha: 0.5744425058364868                     Beta: -1.1659315824508667                     MemKD: 0.2784891724586487
2026-02-07 23:19:19,080 - INFO - Epoch [64/100] Train Loss: -0.6894, Train Acc: 85.89%, Val Loss: 0.4281, Val Acc: 84.84%
2026-02-07 23:19:19,081 - INFO - Best model saved with accuracy: 84.84%
2026-02-07 23:19:41,035 - INFO - Epoch [65] Batch [0/35]                     Loss: -1.1125, Hard: 0.1046, Soft: -1.2172                     Acc: 93.75% LR: 0.000144                     Alpha: 0.5744425058364868                     Beta: -1.1693519353866577                     MemKD: 0.2777884602546692
2026-02-07 23:19:45,148 - INFO - Epoch [65] Batch [20/35]                     Loss: -0.5306, Hard: 0.4089, Soft: -0.9396                     Acc: 88.10% LR: 0.000144                     Alpha: 0.5744425058364868                     Beta: -1.173669695854187                     MemKD: 0.276899129152298
2026-02-07 23:20:13,495 - INFO - Epoch [65/100] Train Loss: -0.7763, Train Acc: 87.86%, Val Loss: 0.4544, Val Acc: 83.11%
2026-02-07 23:20:35,665 - INFO - Epoch [66] Batch [0/35]                     Loss: -0.9980, Hard: 0.1863, Soft: -1.1843                     Acc: 93.75% LR: 0.000137                     Alpha: 0.5744425058364868                     Beta: -1.1768919229507446                     MemKD: 0.2762402296066284
2026-02-07 23:20:39,748 - INFO - Epoch [66] Batch [20/35]                     Loss: -0.8451, Hard: 0.2924, Soft: -1.1375                     Acc: 89.88% LR: 0.000137                     Alpha: 0.5744425058364868                     Beta: -1.1809850931167603                     MemKD: 0.2753998637199402
2026-02-07 23:21:08,638 - INFO - Epoch [66/100] Train Loss: -0.7646, Train Acc: 89.11%, Val Loss: 0.4404, Val Acc: 84.04%
2026-02-07 23:21:31,730 - INFO - Epoch [67] Batch [0/35]                     Loss: -0.8055, Hard: 0.3083, Soft: -1.1138                     Acc: 87.50% LR: 0.000130                     Alpha: 0.5744425058364868                     Beta: -1.1839494705200195                     MemKD: 0.2747940719127655
2026-02-07 23:21:35,888 - INFO - Epoch [67] Batch [20/35]                     Loss: -0.9637, Hard: 0.2788, Soft: -1.2425                     Acc: 88.99% LR: 0.000130                     Alpha: 0.5744425058364868                     Beta: -1.1877022981643677                     MemKD: 0.274027019739151
2026-02-07 23:22:04,231 - INFO - Epoch [67/100] Train Loss: -0.7753, Train Acc: 88.93%, Val Loss: 0.4280, Val Acc: 85.11%
2026-02-07 23:22:04,232 - INFO - Best model saved with accuracy: 85.11%
2026-02-07 23:22:26,292 - INFO - Epoch [68] Batch [0/35]                     Loss: -0.0730, Hard: 0.7431, Soft: -0.8161                     Acc: 62.50% LR: 0.000123                     Alpha: 0.5744425058364868                     Beta: -1.1904644966125488                     MemKD: 0.2734634578227997
2026-02-07 23:22:30,420 - INFO - Epoch [68] Batch [20/35]                     Loss: -0.6434, Hard: 0.4799, Soft: -1.1233                     Acc: 91.37% LR: 0.000123                     Alpha: 0.5744425058364868                     Beta: -1.1939771175384521                     MemKD: 0.272745281457901
2026-02-07 23:23:00,174 - INFO - Epoch [68/100] Train Loss: -0.7802, Train Acc: 88.93%, Val Loss: 0.4656, Val Acc: 82.85%
2026-02-07 23:23:23,158 - INFO - Epoch [69] Batch [0/35]                     Loss: -0.7702, Hard: 0.3239, Soft: -1.0941                     Acc: 87.50% LR: 0.000116                     Alpha: 0.5744425058364868                     Beta: -1.1965687274932861                     MemKD: 0.2722218334674835
2026-02-07 23:23:27,323 - INFO - Epoch [69] Batch [20/35]                     Loss: -0.4351, Hard: 0.6053, Soft: -1.0404                     Acc: 85.71% LR: 0.000116                     Alpha: 0.5744425058364868                     Beta: -1.199759840965271                     MemKD: 0.2715810537338257
2026-02-07 23:23:56,439 - INFO - Epoch [69/100] Train Loss: -0.7059, Train Acc: 85.36%, Val Loss: 0.4295, Val Acc: 84.44%
2026-02-07 23:24:18,767 - INFO - Epoch [70] Batch [0/35]                     Loss: -0.5821, Hard: 0.5047, Soft: -1.0868                     Acc: 75.00% LR: 0.000109                     Alpha: 0.5744425058364868                     Beta: -1.2020941972732544                     MemKD: 0.27111437916755676
2026-02-07 23:24:22,935 - INFO - Epoch [70] Batch [20/35]                     Loss: -0.6451, Hard: 0.3785, Soft: -1.0235                     Acc: 89.58% LR: 0.000109                     Alpha: 0.5744425058364868                     Beta: -1.2050853967666626                     MemKD: 0.2705116868019104
2026-02-07 23:24:51,533 - INFO - Epoch [70/100] Train Loss: -0.8640, Train Acc: 89.82%, Val Loss: 0.4774, Val Acc: 82.58%
2026-02-07 23:24:51,590 - INFO - Checkpoint saved at epoch 70
2026-02-07 23:25:14,855 - INFO - Epoch [71] Batch [0/35]                     Loss: -0.2775, Hard: 0.7097, Soft: -0.9872                     Acc: 81.25% LR: 0.000103                     Alpha: 0.5744425058364868                     Beta: -1.20736563205719                     MemKD: 0.2700505554676056
2026-02-07 23:25:19,095 - INFO - Epoch [71] Batch [20/35]                     Loss: -0.6456, Hard: 0.5104, Soft: -1.1560                     Acc: 85.42% LR: 0.000103                     Alpha: 0.5744425058364868                     Beta: -1.2101691961288452                     MemKD: 0.26948612928390503
2026-02-07 23:25:48,109 - INFO - Epoch [71/100] Train Loss: -0.7878, Train Acc: 87.14%, Val Loss: 0.4288, Val Acc: 83.78%
2026-02-07 23:26:11,525 - INFO - Epoch [72] Batch [0/35]                     Loss: -0.0804, Hard: 0.7866, Soft: -0.8670                     Acc: 68.75% LR: 0.000097                     Alpha: 0.5744425058364868                     Beta: -1.2122300863265991                     MemKD: 0.2690733075141907
2026-02-07 23:26:15,724 - INFO - Epoch [72] Batch [20/35]                     Loss: -0.9308, Hard: 0.2752, Soft: -1.2061                     Acc: 88.69% LR: 0.000097                     Alpha: 0.5744425058364868                     Beta: -1.2147924900054932                     MemKD: 0.26855966448783875
2026-02-07 23:26:44,731 - INFO - Epoch [72/100] Train Loss: -0.8478, Train Acc: 89.46%, Val Loss: 0.4308, Val Acc: 84.71%
2026-02-07 23:27:07,665 - INFO - Epoch [73] Batch [0/35]                     Loss: -1.0228, Hard: 0.1659, Soft: -1.1887                     Acc: 93.75% LR: 0.000091                     Alpha: 0.5744425058364868                     Beta: -1.2167426347732544                     MemKD: 0.26816627383232117
2026-02-07 23:27:11,792 - INFO - Epoch [73] Batch [20/35]                     Loss: -0.7204, Hard: 0.4130, Soft: -1.1334                     Acc: 89.29% LR: 0.000091                     Alpha: 0.5744425058364868                     Beta: -1.2191637754440308                     MemKD: 0.2676781415939331
2026-02-07 23:27:40,900 - INFO - Epoch [73/100] Train Loss: -0.9247, Train Acc: 89.46%, Val Loss: 0.4685, Val Acc: 82.85%
2026-02-07 23:28:04,326 - INFO - Epoch [74] Batch [0/35]                     Loss: -1.0909, Hard: 0.1637, Soft: -1.2546                     Acc: 93.75% LR: 0.000085                     Alpha: 0.5744425058364868                     Beta: -1.221002459526062                     MemKD: 0.26730749011039734
2026-02-07 23:28:08,500 - INFO - Epoch [74] Batch [20/35]                     Loss: -1.0965, Hard: 0.1760, Soft: -1.2725                     Acc: 88.39% LR: 0.000085                     Alpha: 0.5744425058364868                     Beta: -1.223233938217163                     MemKD: 0.26686111092567444
2026-02-07 23:28:37,522 - INFO - Epoch [74/100] Train Loss: -0.8775, Train Acc: 89.29%, Val Loss: 0.3942, Val Acc: 85.90%
2026-02-07 23:28:37,523 - INFO - Best model saved with accuracy: 85.90%
2026-02-07 23:28:59,696 - INFO - Epoch [75] Batch [0/35]                     Loss: -1.2180, Hard: 0.1109, Soft: -1.3288                     Acc: 93.75% LR: 0.000079                     Alpha: 0.5744425058364868                     Beta: -1.2249187231063843                     MemKD: 0.26652538776397705
2026-02-07 23:29:03,884 - INFO - Epoch [75] Batch [20/35]                     Loss: -0.4212, Hard: 0.5683, Soft: -0.9895                     Acc: 91.96% LR: 0.000079                     Alpha: 0.5744425058364868                     Beta: -1.2269901037216187                     MemKD: 0.26611125469207764
2026-02-07 23:29:33,305 - INFO - Epoch [75/100] Train Loss: -0.9471, Train Acc: 92.32%, Val Loss: 0.3994, Val Acc: 85.51%
2026-02-07 23:29:55,398 - INFO - Epoch [76] Batch [0/35]                     Loss: -0.6352, Hard: 0.5111, Soft: -1.1464                     Acc: 87.50% LR: 0.000073                     Alpha: 0.5744425058364868                     Beta: -1.2285237312316895                     MemKD: 0.26580482721328735
2026-02-07 23:29:59,553 - INFO - Epoch [76] Batch [20/35]                     Loss: -1.1196, Hard: 0.1679, Soft: -1.2876                     Acc: 89.88% LR: 0.000073                     Alpha: 0.5744425058364868                     Beta: -1.2304056882858276                     MemKD: 0.26543113589286804
2026-02-07 23:30:28,979 - INFO - Epoch [76/100] Train Loss: -0.8635, Train Acc: 89.46%, Val Loss: 0.4119, Val Acc: 85.11%
2026-02-07 23:30:51,723 - INFO - Epoch [77] Batch [0/35]                     Loss: -0.9521, Hard: 0.2860, Soft: -1.2381                     Acc: 87.50% LR: 0.000068                     Alpha: 0.5744425058364868                     Beta: -1.2318158149719238                     MemKD: 0.2651517689228058
2026-02-07 23:30:55,824 - INFO - Epoch [77] Batch [20/35]                     Loss: -0.5570, Hard: 0.5434, Soft: -1.1004                     Acc: 89.88% LR: 0.000068                     Alpha: 0.5744425058364868                     Beta: -1.2335295677185059                     MemKD: 0.2648125886917114
2026-02-07 23:31:24,465 - INFO - Epoch [77/100] Train Loss: -0.8618, Train Acc: 90.18%, Val Loss: 0.4259, Val Acc: 83.91%
2026-02-07 23:31:45,632 - INFO - Epoch [78] Batch [0/35]                     Loss: -0.9649, Hard: 0.3076, Soft: -1.2725                     Acc: 87.50% LR: 0.000062                     Alpha: 0.5744425058364868                     Beta: -1.2348053455352783                     MemKD: 0.26456087827682495
2026-02-07 23:31:49,722 - INFO - Epoch [78] Batch [20/35]                     Loss: -0.4710, Hard: 0.5986, Soft: -1.0696                     Acc: 88.39% LR: 0.000062                     Alpha: 0.5744425058364868                     Beta: -1.2363576889038086                     MemKD: 0.2642555832862854
2026-02-07 23:32:17,516 - INFO - Epoch [78/100] Train Loss: -0.9327, Train Acc: 89.82%, Val Loss: 0.4067, Val Acc: 85.11%
2026-02-07 23:32:39,664 - INFO - Epoch [79] Batch [0/35]                     Loss: -0.6941, Hard: 0.4559, Soft: -1.1500                     Acc: 81.25% LR: 0.000057                     Alpha: 0.5744425058364868                     Beta: -1.2375290393829346                     MemKD: 0.2640245258808136
2026-02-07 23:32:43,836 - INFO - Epoch [79] Batch [20/35]                     Loss: -1.0103, Hard: 0.2810, Soft: -1.2913                     Acc: 86.31% LR: 0.000057                     Alpha: 0.5744425058364868                     Beta: -1.2389419078826904                     MemKD: 0.26374754309654236
2026-02-07 23:33:12,131 - INFO - Epoch [79/100] Train Loss: -0.8716, Train Acc: 88.04%, Val Loss: 0.4133, Val Acc: 84.97%
2026-02-07 23:33:34,685 - INFO - Epoch [80] Batch [0/35]                     Loss: -1.0329, Hard: 0.2480, Soft: -1.2809                     Acc: 93.75% LR: 0.000052                     Alpha: 0.5744425058364868                     Beta: -1.2400100231170654                     MemKD: 0.2635380029678345
2026-02-07 23:33:38,780 - INFO - Epoch [80] Batch [20/35]                     Loss: -0.4779, Hard: 0.6117, Soft: -1.0897                     Acc: 87.80% LR: 0.000052                     Alpha: 0.5744425058364868                     Beta: -1.2412970066070557                     MemKD: 0.26328638195991516
2026-02-07 23:34:07,799 - INFO - Epoch [80/100] Train Loss: -0.8742, Train Acc: 89.29%, Val Loss: 0.4805, Val Acc: 83.11%
2026-02-07 23:34:07,833 - INFO - Checkpoint saved at epoch 80
2026-02-07 23:34:31,476 - INFO - Epoch [81] Batch [0/35]                     Loss: -1.1079, Hard: 0.2017, Soft: -1.3097                     Acc: 93.75% LR: 0.000048                     Alpha: 0.5744425058364868                     Beta: -1.2422465085983276                     MemKD: 0.26310035586357117
2026-02-07 23:34:35,535 - INFO - Epoch [81] Batch [20/35]                     Loss: -0.8064, Hard: 0.4001, Soft: -1.2065                     Acc: 86.90% LR: 0.000048                     Alpha: 0.5744425058364868                     Beta: -1.243401050567627                     MemKD: 0.26287418603897095
2026-02-07 23:35:05,594 - INFO - Epoch [81/100] Train Loss: -0.9019, Train Acc: 88.93%, Val Loss: 0.4310, Val Acc: 84.84%
2026-02-07 23:35:28,619 - INFO - Epoch [82] Batch [0/35]                     Loss: -1.0855, Hard: 0.2110, Soft: -1.2965                     Acc: 93.75% LR: 0.000043                     Alpha: 0.5744425058364868                     Beta: -1.244268536567688                     MemKD: 0.2627035677433014
2026-02-07 23:35:32,750 - INFO - Epoch [82] Batch [20/35]                     Loss: -1.1544, Hard: 0.1444, Soft: -1.2988                     Acc: 91.67% LR: 0.000043                     Alpha: 0.5744425058364868                     Beta: -1.2453296184539795                     MemKD: 0.26249390840530396
2026-02-07 23:36:02,028 - INFO - Epoch [82/100] Train Loss: -0.9550, Train Acc: 90.36%, Val Loss: 0.4046, Val Acc: 85.64%
2026-02-07 23:36:25,401 - INFO - Epoch [83] Batch [0/35]                     Loss: -0.9848, Hard: 0.2255, Soft: -1.2103                     Acc: 93.75% LR: 0.000039                     Alpha: 0.5744425058364868                     Beta: -1.2461192607879639                     MemKD: 0.2623388171195984
2026-02-07 23:36:29,590 - INFO - Epoch [83] Batch [20/35]                     Loss: -0.8832, Hard: 0.3219, Soft: -1.2051                     Acc: 90.18% LR: 0.000039                     Alpha: 0.5744425058364868                     Beta: -1.2470711469650269                     MemKD: 0.2621519863605499
2026-02-07 23:36:59,200 - INFO - Epoch [83/100] Train Loss: -0.9832, Train Acc: 91.43%, Val Loss: 0.4157, Val Acc: 84.04%
2026-02-07 23:37:20,811 - INFO - Epoch [84] Batch [0/35]                     Loss: -0.7236, Hard: 0.3966, Soft: -1.1202                     Acc: 81.25% LR: 0.000035                     Alpha: 0.5744425058364868                     Beta: -1.2477792501449585                     MemKD: 0.2620130479335785
2026-02-07 23:37:25,036 - INFO - Epoch [84] Batch [20/35]                     Loss: -1.1212, Hard: 0.1526, Soft: -1.2737                     Acc: 89.29% LR: 0.000035                     Alpha: 0.5744425058364868                     Beta: -1.2486159801483154                     MemKD: 0.2618487775325775
2026-02-07 23:37:54,342 - INFO - Epoch [84/100] Train Loss: -0.8964, Train Acc: 88.21%, Val Loss: 0.4168, Val Acc: 85.11%
2026-02-07 23:38:17,042 - INFO - Epoch [85] Batch [0/35]                     Loss: -0.6264, Hard: 0.4958, Soft: -1.1222                     Acc: 75.00% LR: 0.000031                     Alpha: 0.5744425058364868                     Beta: -1.249231219291687                     MemKD: 0.2617289423942566
2026-02-07 23:38:21,128 - INFO - Epoch [85] Batch [20/35]                     Loss: -0.9060, Hard: 0.3285, Soft: -1.2345                     Acc: 91.07% LR: 0.000031                     Alpha: 0.5744425058364868                     Beta: -1.2499606609344482                     MemKD: 0.2615870535373688
2026-02-07 23:38:51,869 - INFO - Epoch [85/100] Train Loss: -0.9653, Train Acc: 91.43%, Val Loss: 0.4074, Val Acc: 84.31%
2026-02-07 23:39:14,407 - INFO - Epoch [86] Batch [0/35]                     Loss: -1.0629, Hard: 0.2374, Soft: -1.3003                     Acc: 81.25% LR: 0.000027                     Alpha: 0.5744425058364868                     Beta: -1.250512719154358                     MemKD: 0.26147890090942383
2026-02-07 23:39:18,523 - INFO - Epoch [86] Batch [20/35]                     Loss: -0.6024, Hard: 0.4808, Soft: -1.0832                     Acc: 89.88% LR: 0.000027                     Alpha: 0.5744425058364868                     Beta: -1.2511588335037231                     MemKD: 0.26135244965553284
2026-02-07 23:39:47,619 - INFO - Epoch [86/100] Train Loss: -0.8981, Train Acc: 88.93%, Val Loss: 0.3916, Val Acc: 85.77%
2026-02-07 23:40:10,640 - INFO - Epoch [87] Batch [0/35]                     Loss: -1.2002, Hard: 0.1511, Soft: -1.3513                     Acc: 93.75% LR: 0.000024                     Alpha: 0.5744425058364868                     Beta: -1.2516268491744995                     MemKD: 0.261261910200119
2026-02-07 23:40:14,837 - INFO - Epoch [87] Batch [20/35]                     Loss: -1.1528, Hard: 0.1466, Soft: -1.2994                     Acc: 88.10% LR: 0.000024                     Alpha: 0.5744425058364868                     Beta: -1.2521746158599854                     MemKD: 0.26115554571151733
2026-02-07 23:40:43,866 - INFO - Epoch [87/100] Train Loss: -0.9302, Train Acc: 89.29%, Val Loss: 0.4022, Val Acc: 85.24%
2026-02-07 23:41:06,494 - INFO - Epoch [88] Batch [0/35]                     Loss: -0.8832, Hard: 0.3225, Soft: -1.2057                     Acc: 87.50% LR: 0.000021                     Alpha: 0.5744425058364868                     Beta: -1.2525849342346191                     MemKD: 0.26107561588287354
2026-02-07 23:41:10,685 - INFO - Epoch [88] Batch [20/35]                     Loss: -0.7035, Hard: 0.4554, Soft: -1.1589                     Acc: 90.77% LR: 0.000021                     Alpha: 0.5744425058364868                     Beta: -1.2530666589736938                     MemKD: 0.26098117232322693
2026-02-07 23:41:39,993 - INFO - Epoch [88/100] Train Loss: -1.0254, Train Acc: 91.79%, Val Loss: 0.3840, Val Acc: 86.04%
2026-02-07 23:41:39,993 - INFO - Best model saved with accuracy: 86.04%
2026-02-07 23:42:03,192 - INFO - Epoch [89] Batch [0/35]                     Loss: -1.1762, Hard: 0.1426, Soft: -1.3188                     Acc: 93.75% LR: 0.000018                     Alpha: 0.5744425058364868                     Beta: -1.253432273864746                     MemKD: 0.26090916991233826
2026-02-07 23:42:07,325 - INFO - Epoch [89] Batch [20/35]                     Loss: -1.0063, Hard: 0.2246, Soft: -1.2309                     Acc: 92.86% LR: 0.000018                     Alpha: 0.5744425058364868                     Beta: -1.2538394927978516                     MemKD: 0.26082947850227356
2026-02-07 23:42:36,728 - INFO - Epoch [89/100] Train Loss: -0.9550, Train Acc: 91.25%, Val Loss: 0.3838, Val Acc: 86.57%
2026-02-07 23:42:36,728 - INFO - Best model saved with accuracy: 86.57%
2026-02-07 23:42:59,137 - INFO - Epoch [90] Batch [0/35]                     Loss: -0.9352, Hard: 0.3019, Soft: -1.2371                     Acc: 93.75% LR: 0.000015                     Alpha: 0.5744425058364868                     Beta: -1.2541429996490479                     MemKD: 0.26077014207839966
2026-02-07 23:43:03,284 - INFO - Epoch [90] Batch [20/35]                     Loss: -0.9068, Hard: 0.3055, Soft: -1.2122                     Acc: 90.48% LR: 0.000015                     Alpha: 0.5744425058364868                     Beta: -1.254481315612793                     MemKD: 0.26070430874824524
2026-02-07 23:43:32,358 - INFO - Epoch [90/100] Train Loss: -0.9325, Train Acc: 90.18%, Val Loss: 0.4050, Val Acc: 84.84%
2026-02-07 23:43:32,407 - INFO - Checkpoint saved at epoch 90
2026-02-07 23:43:54,591 - INFO - Epoch [91] Batch [0/35]                     Loss: -1.0059, Hard: 0.2566, Soft: -1.2625                     Acc: 87.50% LR: 0.000012                     Alpha: 0.5744425058364868                     Beta: -1.2547359466552734                     MemKD: 0.2606548070907593
2026-02-07 23:43:58,751 - INFO - Epoch [91] Batch [20/35]                     Loss: -1.2003, Hard: 0.1470, Soft: -1.3473                     Acc: 91.07% LR: 0.000012                     Alpha: 0.5744425058364868                     Beta: -1.25501549243927                     MemKD: 0.2606002986431122
2026-02-07 23:44:28,415 - INFO - Epoch [91/100] Train Loss: -1.0098, Train Acc: 90.54%, Val Loss: 0.3907, Val Acc: 85.64%
2026-02-07 23:44:50,768 - INFO - Epoch [92] Batch [0/35]                     Loss: -1.1640, Hard: 0.1462, Soft: -1.3102                     Acc: 93.75% LR: 0.000010                     Alpha: 0.5744425058364868                     Beta: -1.2552281618118286                     MemKD: 0.26055875420570374
2026-02-07 23:44:54,965 - INFO - Epoch [92] Batch [20/35]                     Loss: -0.9358, Hard: 0.3210, Soft: -1.2568                     Acc: 88.10% LR: 0.000010                     Alpha: 0.5744425058364868                     Beta: -1.2554553747177124                     MemKD: 0.2605145573616028
2026-02-07 23:45:24,640 - INFO - Epoch [92/100] Train Loss: -0.9504, Train Acc: 88.57%, Val Loss: 0.3898, Val Acc: 85.90%
2026-02-07 23:45:46,950 - INFO - Epoch [93] Batch [0/35]                     Loss: -0.9262, Hard: 0.2636, Soft: -1.1898                     Acc: 87.50% LR: 0.000008                     Alpha: 0.5744425058364868                     Beta: -1.2556231021881104                     MemKD: 0.26048219203948975
2026-02-07 23:45:50,971 - INFO - Epoch [93] Batch [20/35]                     Loss: -1.0798, Hard: 0.2173, Soft: -1.2970                     Acc: 93.45% LR: 0.000008                     Alpha: 0.5744425058364868                     Beta: -1.2558010816574097                     MemKD: 0.26044759154319763
2026-02-07 23:46:19,015 - INFO - Epoch [93/100] Train Loss: -0.9932, Train Acc: 92.32%, Val Loss: 0.3833, Val Acc: 86.44%
2026-02-07 23:46:41,266 - INFO - Epoch [94] Batch [0/35]                     Loss: -0.9629, Hard: 0.2785, Soft: -1.2414                     Acc: 93.75% LR: 0.000006                     Alpha: 0.5744425058364868                     Beta: -1.2559348344802856                     MemKD: 0.26042166352272034
2026-02-07 23:46:45,363 - INFO - Epoch [94] Batch [20/35]                     Loss: -1.0703, Hard: 0.2377, Soft: -1.3080                     Acc: 90.77% LR: 0.000006                     Alpha: 0.5744425058364868                     Beta: -1.2560703754425049                     MemKD: 0.26039549708366394
2026-02-07 23:47:11,917 - INFO - Epoch [94/100] Train Loss: -0.9917, Train Acc: 91.43%, Val Loss: 0.3884, Val Acc: 85.77%
2026-02-07 23:47:33,682 - INFO - Epoch [95] Batch [0/35]                     Loss: -0.7741, Hard: 0.3588, Soft: -1.1328                     Acc: 93.75% LR: 0.000004                     Alpha: 0.5744425058364868                     Beta: -1.2561722993850708                     MemKD: 0.26037564873695374
2026-02-07 23:47:37,845 - INFO - Epoch [95] Batch [20/35]                     Loss: -0.9523, Hard: 0.3031, Soft: -1.2554                     Acc: 91.67% LR: 0.000004                     Alpha: 0.5744425058364868                     Beta: -1.2562706470489502                     MemKD: 0.26035642623901367
2026-02-07 23:48:07,450 - INFO - Epoch [95/100] Train Loss: -0.9837, Train Acc: 91.25%, Val Loss: 0.3869, Val Acc: 86.17%
2026-02-07 23:48:30,919 - INFO - Epoch [96] Batch [0/35]                     Loss: -1.0362, Hard: 0.2281, Soft: -1.2644                     Acc: 93.75% LR: 0.000003                     Alpha: 0.5744425058364868                     Beta: -1.2563456296920776                     MemKD: 0.26034191250801086
2026-02-07 23:48:35,085 - INFO - Epoch [96] Batch [20/35]                     Loss: -1.2050, Hard: 0.1613, Soft: -1.3663                     Acc: 90.77% LR: 0.000003                     Alpha: 0.5744425058364868                     Beta: -1.2564146518707275                     MemKD: 0.2603285610675812
2026-02-07 23:49:04,434 - INFO - Epoch [96/100] Train Loss: -1.0405, Train Acc: 92.86%, Val Loss: 0.3982, Val Acc: 85.90%
2026-02-07 23:49:27,911 - INFO - Epoch [97] Batch [0/35]                     Loss: -1.0820, Hard: 0.1945, Soft: -1.2765                     Acc: 87.50% LR: 0.000002                     Alpha: 0.5744425058364868                     Beta: -1.2564671039581299                     MemKD: 0.2603183090686798
2026-02-07 23:49:32,181 - INFO - Epoch [97] Batch [20/35]                     Loss: -0.8233, Hard: 0.3310, Soft: -1.1542                     Acc: 89.88% LR: 0.000002                     Alpha: 0.5744425058364868                     Beta: -1.2565122842788696                     MemKD: 0.2603095769882202
2026-02-07 23:50:01,235 - INFO - Epoch [97/100] Train Loss: -0.9648, Train Acc: 90.18%, Val Loss: 0.3791, Val Acc: 86.84%
2026-02-07 23:50:01,235 - INFO - Best model saved with accuracy: 86.84%
2026-02-07 23:50:23,644 - INFO - Epoch [98] Batch [0/35]                     Loss: -1.0647, Hard: 0.1908, Soft: -1.2555                     Acc: 93.75% LR: 0.000001                     Alpha: 0.5744425058364868                     Beta: -1.2565444707870483                     MemKD: 0.2603033483028412
2026-02-07 23:50:27,813 - INFO - Epoch [98] Batch [20/35]                     Loss: -1.0842, Hard: 0.2307, Soft: -1.3149                     Acc: 91.37% LR: 0.000001                     Alpha: 0.5744425058364868                     Beta: -1.2565683126449585                     MemKD: 0.260298490524292
2026-02-07 23:50:56,539 - INFO - Epoch [98/100] Train Loss: -0.9892, Train Acc: 89.29%, Val Loss: 0.3826, Val Acc: 86.17%
2026-02-07 23:51:19,229 - INFO - Epoch [99] Batch [0/35]                     Loss: -1.0358, Hard: 0.2435, Soft: -1.2793                     Acc: 87.50% LR: 0.000000                     Alpha: 0.5744425058364868                     Beta: -1.2565861940383911                     MemKD: 0.260295033454895
2026-02-07 23:51:23,323 - INFO - Epoch [99] Batch [20/35]                     Loss: -1.2369, Hard: 0.1364, Soft: -1.3733                     Acc: 91.37% LR: 0.000000                     Alpha: 0.5744425058364868                     Beta: -1.2565981149673462                     MemKD: 0.26029273867607117
2026-02-07 23:51:52,730 - INFO - Epoch [99/100] Train Loss: -0.9978, Train Acc: 91.25%, Val Loss: 0.3914, Val Acc: 86.04%
2026-02-07 23:52:15,852 - INFO - Epoch [100] Batch [0/35]                     Loss: -1.0495, Hard: 0.2120, Soft: -1.2615                     Acc: 87.50% LR: 0.000000                     Alpha: 0.5744425058364868                     Beta: -1.2566070556640625                     MemKD: 0.2602910101413727
2026-02-07 23:52:20,013 - INFO - Epoch [100] Batch [20/35]                     Loss: -0.8198, Hard: 0.3492, Soft: -1.1691                     Acc: 90.18% LR: 0.000000                     Alpha: 0.5744425058364868                     Beta: -1.2566094398498535                     MemKD: 0.26029056310653687
2026-02-07 23:52:48,960 - INFO - Epoch [100/100] Train Loss: -0.9657, Train Acc: 90.36%, Val Loss: 0.3853, Val Acc: 85.64%
2026-02-07 23:52:49,009 - INFO - Checkpoint saved at epoch 100
2026-02-07 23:52:49,009 - INFO - ==================================================
2026-02-07 23:52:49,009 - INFO - Training finished! Best accuracy: 86.84%
2026-02-07 23:52:49,009 - INFO - ==================================================
