2026-02-24 03:22:00,722 - INFO - ==================================================
2026-02-24 03:22:00,722 - INFO - Distillation Training Configuration
2026-02-24 03:22:00,722 - INFO - ==================================================
2026-02-24 03:22:00,723 - INFO - GPUs: [0, 1, 2, 3, 4, 5, 6, 7]
2026-02-24 03:22:00,723 - INFO - World size: 8
2026-02-24 03:22:00,723 - INFO - Dataset: /media/hdd1/chuxiaohui/AI4Ocean_UATR/ShipsEar_622
2026-02-24 03:22:00,723 - INFO - Data type: wav_s@wav_t
2026-02-24 03:22:00,723 - INFO - Batch size: 20
2026-02-24 03:22:00,723 - INFO - Epochs: 200
2026-02-24 03:22:00,723 - INFO - Learning rate: 0.0005
2026-02-24 03:22:00,723 - INFO - Temperature: 2.0
2026-02-24 03:22:00,723 - INFO - Alpha: 0.3
2026-02-24 03:22:00,723 - INFO - Save dir: checkpoints/grid_shipsear_v2/num_epochs200_weight_decay0.0003_batch_size20_lr0.0005_distill_typeMTSKD_Temp_freezeTrue_USE_DYNAMIC_DISTILL_WEIGHTFalse_p_encoder0.355_p_classifier0.255
2026-02-24 03:22:00,723 - INFO - ==================================================
2026-02-24 03:22:00,753 - INFO - Train dataset size: 2240
2026-02-24 03:22:00,753 - INFO - Validation dataset size: 749
2026-02-24 03:22:04,897 - INFO - Student params: 316,299 (0.32M)
2026-02-24 03:22:04,897 - INFO - Teacher params: 164,415,877 (164.42M)
2026-02-24 03:22:04,897 - INFO - Trainable params: 271,372 (0.27M)
2026-02-24 03:22:05,973 - INFO - Start training...
2026-02-24 03:22:05,974 - INFO - No checkpoint found, start from scratch
2026-02-24 03:22:24,791 - INFO - Epoch [1] Batch [0/14]                     Loss: 2.4675, Hard: 1.8646, Soft: 0.6029                     Acc: 10.00% LR: 0.000500                     Alpha: 0.5744425058364868                     Beta: 0.0                     MemKD: 0.5
2026-02-24 03:22:52,430 - INFO - Epoch [1/200] Train Loss: 1.7893, Train Acc: 37.14%, Val Loss: 1.5464, Val Acc: 37.63%
2026-02-24 03:22:52,431 - INFO - Best model saved with accuracy: 37.63%
2026-02-24 03:23:14,282 - INFO - Epoch [2] Batch [0/14]                     Loss: 1.5349, Hard: 1.2867, Soft: 0.2482                     Acc: 45.00% LR: 0.000500                     Alpha: 0.5744425058364868                     Beta: -0.004538665059953928                     MemKD: 0.5016061663627625
2026-02-24 03:23:42,399 - INFO - Epoch [2/200] Train Loss: 1.4982, Train Acc: 46.79%, Val Loss: 1.4810, Val Acc: 40.96%
2026-02-24 03:23:42,400 - INFO - Best model saved with accuracy: 40.96%
2026-02-24 03:24:05,628 - INFO - Epoch [3] Batch [0/14]                     Loss: 1.4215, Hard: 1.2170, Soft: 0.2045                     Acc: 55.00% LR: 0.000500                     Alpha: 0.5744425058364868                     Beta: -0.01158637274056673                     MemKD: 0.5030332207679749
2026-02-24 03:24:33,563 - INFO - Epoch [3/200] Train Loss: 1.4909, Train Acc: 46.79%, Val Loss: 1.3059, Val Acc: 40.96%
2026-02-24 03:24:55,567 - INFO - Epoch [4] Batch [0/14]                     Loss: 1.3894, Hard: 1.1885, Soft: 0.2009                     Acc: 35.00% LR: 0.000500                     Alpha: 0.5744425058364868                     Beta: -0.018683305010199547                     MemKD: 0.504443347454071
2026-02-24 03:25:24,930 - INFO - Epoch [4/200] Train Loss: 1.3752, Train Acc: 52.50%, Val Loss: 1.1175, Val Acc: 55.19%
2026-02-24 03:25:24,931 - INFO - Best model saved with accuracy: 55.19%
2026-02-24 03:25:46,728 - INFO - Epoch [5] Batch [0/14]                     Loss: 1.2424, Hard: 1.0810, Soft: 0.1614                     Acc: 65.00% LR: 0.000500                     Alpha: 0.5744425058364868                     Beta: -0.026057498529553413                     MemKD: 0.505788266658783
2026-02-24 03:26:15,554 - INFO - Epoch [5/200] Train Loss: 1.3583, Train Acc: 54.29%, Val Loss: 1.0435, Val Acc: 60.90%
2026-02-24 03:26:15,555 - INFO - Best model saved with accuracy: 60.90%
2026-02-24 03:26:37,910 - INFO - Epoch [6] Batch [0/14]                     Loss: 1.2758, Hard: 1.1111, Soft: 0.1646                     Acc: 60.00% LR: 0.000499                     Alpha: 0.5744425058364868                     Beta: -0.03409853205084801                     MemKD: 0.5070841908454895
2026-02-24 03:27:05,944 - INFO - Epoch [6/200] Train Loss: 1.3076, Train Acc: 54.29%, Val Loss: 1.0427, Val Acc: 55.59%
2026-02-24 03:27:28,947 - INFO - Epoch [7] Batch [0/14]                     Loss: 1.4570, Hard: 1.2706, Soft: 0.1864                     Acc: 60.00% LR: 0.000499                     Alpha: 0.5744425058364868                     Beta: -0.04206826165318489                     MemKD: 0.5083426833152771
2026-02-24 03:27:56,212 - INFO - Epoch [7/200] Train Loss: 1.3098, Train Acc: 52.50%, Val Loss: 0.9669, Val Acc: 61.97%
2026-02-24 03:27:56,212 - INFO - Best model saved with accuracy: 61.97%
2026-02-24 03:28:18,486 - INFO - Epoch [8] Batch [0/14]                     Loss: 0.9400, Hard: 0.8324, Soft: 0.1076                     Acc: 75.00% LR: 0.000498                     Alpha: 0.5744425058364868                     Beta: -0.049496762454509735                     MemKD: 0.5096079111099243
2026-02-24 03:28:47,202 - INFO - Epoch [8/200] Train Loss: 1.2337, Train Acc: 57.14%, Val Loss: 0.9750, Val Acc: 61.44%
2026-02-24 03:29:10,124 - INFO - Epoch [9] Batch [0/14]                     Loss: 0.9444, Hard: 0.8454, Soft: 0.0990                     Acc: 70.00% LR: 0.000498                     Alpha: 0.5744425058364868                     Beta: -0.05710753798484802                     MemKD: 0.5108921527862549
2026-02-24 03:29:38,940 - INFO - Epoch [9/200] Train Loss: 1.2548, Train Acc: 57.14%, Val Loss: 0.9366, Val Acc: 62.90%
2026-02-24 03:29:38,940 - INFO - Best model saved with accuracy: 62.90%
2026-02-24 03:30:02,884 - INFO - Epoch [10] Batch [0/14]                     Loss: 0.9199, Hard: 0.8180, Soft: 0.1019                     Acc: 75.00% LR: 0.000498                     Alpha: 0.5744425058364868                     Beta: -0.06507967412471771                     MemKD: 0.5120824575424194
2026-02-24 03:30:31,573 - INFO - Epoch [10/200] Train Loss: 1.0642, Train Acc: 62.14%, Val Loss: 1.0283, Val Acc: 56.78%
2026-02-24 03:30:31,618 - INFO - Checkpoint saved at epoch 10
2026-02-24 03:30:53,148 - INFO - Epoch [11] Batch [0/14]                     Loss: 1.0412, Hard: 0.9088, Soft: 0.1324                     Acc: 65.00% LR: 0.000497                     Alpha: 0.5744425058364868                     Beta: -0.07378313690423965                     MemKD: 0.5131056904792786
2026-02-24 03:31:21,190 - INFO - Epoch [11/200] Train Loss: 1.1722, Train Acc: 57.86%, Val Loss: 0.8634, Val Acc: 66.76%
2026-02-24 03:31:21,190 - INFO - Best model saved with accuracy: 66.76%
2026-02-24 03:31:44,493 - INFO - Epoch [12] Batch [0/14]                     Loss: 0.9561, Hard: 0.8453, Soft: 0.1108                     Acc: 60.00% LR: 0.000496                     Alpha: 0.5744425058364868                     Beta: -0.08281370252370834                     MemKD: 0.5140563249588013
2026-02-24 03:32:12,565 - INFO - Epoch [12/200] Train Loss: 1.0352, Train Acc: 63.57%, Val Loss: 1.0955, Val Acc: 61.04%
2026-02-24 03:32:35,441 - INFO - Epoch [13] Batch [0/14]                     Loss: 1.1449, Hard: 1.0404, Soft: 0.1045                     Acc: 65.00% LR: 0.000496                     Alpha: 0.5744425058364868                     Beta: -0.09158972650766373                     MemKD: 0.5150293111801147
2026-02-24 03:33:04,204 - INFO - Epoch [13/200] Train Loss: 1.1478, Train Acc: 59.64%, Val Loss: 0.9469, Val Acc: 60.77%
2026-02-24 03:33:26,191 - INFO - Epoch [14] Batch [0/14]                     Loss: 0.6605, Hard: 0.6088, Soft: 0.0517                     Acc: 85.00% LR: 0.000495                     Alpha: 0.5744425058364868                     Beta: -0.10053298622369766                     MemKD: 0.5160133242607117
2026-02-24 03:33:54,030 - INFO - Epoch [14/200] Train Loss: 1.0329, Train Acc: 65.36%, Val Loss: 0.8787, Val Acc: 66.09%
2026-02-24 03:34:16,259 - INFO - Epoch [15] Batch [0/14]                     Loss: 1.3941, Hard: 1.2364, Soft: 0.1577                     Acc: 50.00% LR: 0.000494                     Alpha: 0.5744425058364868                     Beta: -0.10950569808483124                     MemKD: 0.5168951153755188
2026-02-24 03:34:44,355 - INFO - Epoch [15/200] Train Loss: 1.0280, Train Acc: 64.64%, Val Loss: 0.8653, Val Acc: 64.49%
2026-02-24 03:35:07,407 - INFO - Epoch [16] Batch [0/14]                     Loss: 0.9256, Hard: 0.8503, Soft: 0.0753                     Acc: 65.00% LR: 0.000493                     Alpha: 0.5744425058364868                     Beta: -0.11872410774230957                     MemKD: 0.5176407694816589
2026-02-24 03:35:36,205 - INFO - Epoch [16/200] Train Loss: 0.9518, Train Acc: 66.43%, Val Loss: 0.8098, Val Acc: 67.15%
2026-02-24 03:35:36,205 - INFO - Best model saved with accuracy: 67.15%
2026-02-24 03:36:00,060 - INFO - Epoch [17] Batch [0/14]                     Loss: 1.3237, Hard: 1.1903, Soft: 0.1334                     Acc: 75.00% LR: 0.000492                     Alpha: 0.5744425058364868                     Beta: -0.12833918631076813                     MemKD: 0.5181671380996704
2026-02-24 03:36:28,796 - INFO - Epoch [17/200] Train Loss: 1.0673, Train Acc: 63.57%, Val Loss: 0.8996, Val Acc: 66.22%
2026-02-24 03:36:50,584 - INFO - Epoch [18] Batch [0/14]                     Loss: 0.8958, Hard: 0.8300, Soft: 0.0657                     Acc: 75.00% LR: 0.000491                     Alpha: 0.5744425058364868                     Beta: -0.13764382898807526                     MemKD: 0.51870197057724
2026-02-24 03:37:19,216 - INFO - Epoch [18/200] Train Loss: 0.9012, Train Acc: 68.93%, Val Loss: 0.7430, Val Acc: 73.14%
2026-02-24 03:37:19,216 - INFO - Best model saved with accuracy: 73.14%
2026-02-24 03:37:43,227 - INFO - Epoch [19] Batch [0/14]                     Loss: 0.8628, Hard: 0.8357, Soft: 0.0271                     Acc: 75.00% LR: 0.000490                     Alpha: 0.5744425058364868                     Beta: -0.14680731296539307                     MemKD: 0.5190701484680176
2026-02-24 03:38:12,309 - INFO - Epoch [19/200] Train Loss: 0.9599, Train Acc: 68.57%, Val Loss: 0.7493, Val Acc: 72.74%
2026-02-24 03:38:34,331 - INFO - Epoch [20] Batch [0/14]                     Loss: 0.7028, Hard: 0.6833, Soft: 0.0195                     Acc: 75.00% LR: 0.000489                     Alpha: 0.5744425058364868                     Beta: -0.15579292178153992                     MemKD: 0.5194416046142578
2026-02-24 03:39:01,533 - INFO - Epoch [20/200] Train Loss: 0.9481, Train Acc: 64.29%, Val Loss: 0.7239, Val Acc: 72.74%
2026-02-24 03:39:01,581 - INFO - Checkpoint saved at epoch 20
2026-02-24 03:39:24,582 - INFO - Epoch [21] Batch [0/14]                     Loss: 0.8959, Hard: 0.8547, Soft: 0.0413                     Acc: 65.00% LR: 0.000488                     Alpha: 0.5744425058364868                     Beta: -0.16482184827327728                     MemKD: 0.5197098255157471
2026-02-24 03:39:52,005 - INFO - Epoch [21/200] Train Loss: 0.9105, Train Acc: 67.50%, Val Loss: 0.9146, Val Acc: 63.56%
2026-02-24 03:40:14,059 - INFO - Epoch [22] Batch [0/14]                     Loss: 0.8882, Hard: 0.8539, Soft: 0.0343                     Acc: 60.00% LR: 0.000487                     Alpha: 0.5744425058364868                     Beta: -0.17364677786827087                     MemKD: 0.5199279189109802
2026-02-24 03:40:42,953 - INFO - Epoch [22/200] Train Loss: 0.9305, Train Acc: 64.29%, Val Loss: 0.7236, Val Acc: 71.81%
2026-02-24 03:41:05,831 - INFO - Epoch [23] Batch [0/14]                     Loss: 0.5628, Hard: 0.5699, Soft: -0.0071                     Acc: 80.00% LR: 0.000485                     Alpha: 0.5744425058364868                     Beta: -0.18240495026111603                     MemKD: 0.5200203061103821
2026-02-24 03:41:33,645 - INFO - Epoch [23/200] Train Loss: 0.8377, Train Acc: 70.00%, Val Loss: 0.7417, Val Acc: 72.34%
2026-02-24 03:41:56,966 - INFO - Epoch [24] Batch [0/14]                     Loss: 0.6083, Hard: 0.6253, Soft: -0.0170                     Acc: 80.00% LR: 0.000484                     Alpha: 0.5744425058364868                     Beta: -0.1911754012107849                     MemKD: 0.5199494361877441
2026-02-24 03:42:24,442 - INFO - Epoch [24/200] Train Loss: 0.7974, Train Acc: 69.29%, Val Loss: 0.7626, Val Acc: 70.74%
2026-02-24 03:42:47,223 - INFO - Epoch [25] Batch [0/14]                     Loss: 1.0326, Hard: 0.9436, Soft: 0.0890                     Acc: 65.00% LR: 0.000482                     Alpha: 0.5744425058364868                     Beta: -0.2001049518585205                     MemKD: 0.5196603536605835
2026-02-24 03:43:15,445 - INFO - Epoch [25/200] Train Loss: 0.9016, Train Acc: 68.57%, Val Loss: 0.8016, Val Acc: 71.68%
2026-02-24 03:43:37,310 - INFO - Epoch [26] Batch [0/14]                     Loss: 0.6992, Hard: 0.6959, Soft: 0.0032                     Acc: 80.00% LR: 0.000481                     Alpha: 0.5744425058364868                     Beta: -0.2088088095188141                     MemKD: 0.5192920565605164
2026-02-24 03:44:05,942 - INFO - Epoch [26/200] Train Loss: 0.7251, Train Acc: 71.07%, Val Loss: 0.8775, Val Acc: 67.29%
2026-02-24 03:44:29,053 - INFO - Epoch [27] Batch [0/14]                     Loss: 0.4038, Hard: 0.4742, Soft: -0.0704                     Acc: 90.00% LR: 0.000479                     Alpha: 0.5744425058364868                     Beta: -0.2172642946243286                     MemKD: 0.5188794136047363
2026-02-24 03:44:57,057 - INFO - Epoch [27/200] Train Loss: 0.8334, Train Acc: 68.57%, Val Loss: 0.6313, Val Acc: 75.80%
2026-02-24 03:44:57,058 - INFO - Best model saved with accuracy: 75.80%
2026-02-24 03:45:19,107 - INFO - Epoch [28] Batch [0/14]                     Loss: 0.8383, Hard: 0.8174, Soft: 0.0209                     Acc: 55.00% LR: 0.000478                     Alpha: 0.5744425058364868                     Beta: -0.22584985196590424                     MemKD: 0.5182072520256042
2026-02-24 03:45:48,217 - INFO - Epoch [28/200] Train Loss: 0.7779, Train Acc: 67.86%, Val Loss: 0.7077, Val Acc: 73.40%
2026-02-24 03:46:11,192 - INFO - Epoch [29] Batch [0/14]                     Loss: 0.9195, Hard: 0.8903, Soft: 0.0292                     Acc: 60.00% LR: 0.000476                     Alpha: 0.5744425058364868                     Beta: -0.2341543287038803                     MemKD: 0.5175682306289673
2026-02-24 03:46:39,675 - INFO - Epoch [29/200] Train Loss: 0.7863, Train Acc: 69.29%, Val Loss: 0.6639, Val Acc: 75.93%
2026-02-24 03:46:39,676 - INFO - Best model saved with accuracy: 75.93%
2026-02-24 03:47:02,996 - INFO - Epoch [30] Batch [0/14]                     Loss: 0.9419, Hard: 0.9169, Soft: 0.0250                     Acc: 65.00% LR: 0.000475                     Alpha: 0.5744425058364868                     Beta: -0.24234867095947266                     MemKD: 0.5168283581733704
2026-02-24 03:47:31,916 - INFO - Epoch [30/200] Train Loss: 0.7240, Train Acc: 72.50%, Val Loss: 0.7597, Val Acc: 69.15%
2026-02-24 03:47:31,950 - INFO - Checkpoint saved at epoch 30
2026-02-24 03:47:55,336 - INFO - Epoch [31] Batch [0/14]                     Loss: 0.8888, Hard: 0.8796, Soft: 0.0092                     Acc: 70.00% LR: 0.000473                     Alpha: 0.5744425058364868                     Beta: -0.2506082057952881                     MemKD: 0.5159080624580383
2026-02-24 03:48:21,382 - INFO - Epoch [31/200] Train Loss: 0.6827, Train Acc: 69.64%, Val Loss: 0.6763, Val Acc: 74.34%
2026-02-24 03:48:43,084 - INFO - Epoch [32] Batch [0/14]                     Loss: 0.7281, Hard: 0.7393, Soft: -0.0112                     Acc: 70.00% LR: 0.000471                     Alpha: 0.5744425058364868                     Beta: -0.25893136858940125                     MemKD: 0.5147809982299805
2026-02-24 03:49:12,346 - INFO - Epoch [32/200] Train Loss: 0.6629, Train Acc: 74.29%, Val Loss: 0.7007, Val Acc: 74.07%
2026-02-24 03:49:35,149 - INFO - Epoch [33] Batch [0/14]                     Loss: 0.3472, Hard: 0.4500, Soft: -0.1028                     Acc: 85.00% LR: 0.000469                     Alpha: 0.5744425058364868                     Beta: -0.2671544551849365                     MemKD: 0.5136157870292664
2026-02-24 03:50:02,908 - INFO - Epoch [33/200] Train Loss: 0.7375, Train Acc: 73.21%, Val Loss: 0.9554, Val Acc: 64.23%
2026-02-24 03:50:25,395 - INFO - Epoch [34] Batch [0/14]                     Loss: 0.3370, Hard: 0.4337, Soft: -0.0967                     Acc: 85.00% LR: 0.000467                     Alpha: 0.5744425058364868                     Beta: -0.275372177362442                     MemKD: 0.5122758746147156
2026-02-24 03:50:54,577 - INFO - Epoch [34/200] Train Loss: 0.6543, Train Acc: 72.86%, Val Loss: 0.7902, Val Acc: 73.54%
2026-02-24 03:51:16,171 - INFO - Epoch [35] Batch [0/14]                     Loss: 0.7494, Hard: 0.7824, Soft: -0.0330                     Acc: 70.00% LR: 0.000465                     Alpha: 0.5744425058364868                     Beta: -0.2834436595439911                     MemKD: 0.5108633637428284
2026-02-24 03:51:43,184 - INFO - Epoch [35/200] Train Loss: 0.6556, Train Acc: 75.00%, Val Loss: 0.6935, Val Acc: 73.80%
2026-02-24 03:52:05,184 - INFO - Epoch [36] Batch [0/14]                     Loss: 0.3590, Hard: 0.4691, Soft: -0.1101                     Acc: 90.00% LR: 0.000463                     Alpha: 0.5744425058364868                     Beta: -0.29143741726875305                     MemKD: 0.5093532204627991
2026-02-24 03:52:34,366 - INFO - Epoch [36/200] Train Loss: 0.5607, Train Acc: 77.50%, Val Loss: 0.8814, Val Acc: 65.43%
2026-02-24 03:52:57,164 - INFO - Epoch [37] Batch [0/14]                     Loss: 0.8906, Hard: 0.8734, Soft: 0.0171                     Acc: 65.00% LR: 0.000461                     Alpha: 0.5744425058364868                     Beta: -0.2995959222316742                     MemKD: 0.5076234340667725
2026-02-24 03:53:25,898 - INFO - Epoch [37/200] Train Loss: 0.5377, Train Acc: 77.14%, Val Loss: 0.5642, Val Acc: 78.72%
2026-02-24 03:53:25,899 - INFO - Best model saved with accuracy: 78.72%
2026-02-24 03:53:48,338 - INFO - Epoch [38] Batch [0/14]                     Loss: 0.3333, Hard: 0.4476, Soft: -0.1143                     Acc: 95.00% LR: 0.000459                     Alpha: 0.5744425058364868                     Beta: -0.3077835738658905                     MemKD: 0.5057467818260193
2026-02-24 03:54:14,093 - INFO - Epoch [38/200] Train Loss: 0.6499, Train Acc: 75.71%, Val Loss: 0.6569, Val Acc: 75.93%
2026-02-24 03:54:36,616 - INFO - Epoch [39] Batch [0/14]                     Loss: 0.4962, Hard: 0.5753, Soft: -0.0791                     Acc: 75.00% LR: 0.000457                     Alpha: 0.5744425058364868                     Beta: -0.315700501203537                     MemKD: 0.50393146276474
2026-02-24 03:55:03,985 - INFO - Epoch [39/200] Train Loss: 0.4286, Train Acc: 84.29%, Val Loss: 0.6397, Val Acc: 75.27%
2026-02-24 03:55:27,074 - INFO - Epoch [40] Batch [0/14]                     Loss: 0.1531, Hard: 0.3213, Soft: -0.1682                     Acc: 95.00% LR: 0.000455                     Alpha: 0.5744425058364868                     Beta: -0.3237135410308838                     MemKD: 0.5018882751464844
2026-02-24 03:55:54,807 - INFO - Epoch [40/200] Train Loss: 0.6441, Train Acc: 75.36%, Val Loss: 0.5780, Val Acc: 78.72%
2026-02-24 03:55:54,853 - INFO - Checkpoint saved at epoch 40
2026-02-24 03:56:17,691 - INFO - Epoch [41] Batch [0/14]                     Loss: 0.2725, Hard: 0.4188, Soft: -0.1463                     Acc: 90.00% LR: 0.000452                     Alpha: 0.5744425058364868                     Beta: -0.33158785104751587                     MemKD: 0.49989834427833557
2026-02-24 03:56:44,604 - INFO - Epoch [41/200] Train Loss: 0.5915, Train Acc: 76.43%, Val Loss: 0.5994, Val Acc: 78.06%
2026-02-24 03:57:06,010 - INFO - Epoch [42] Batch [0/14]                     Loss: 0.4825, Hard: 0.5987, Soft: -0.1163                     Acc: 80.00% LR: 0.000450                     Alpha: 0.5744425058364868                     Beta: -0.33926212787628174                     MemKD: 0.49799662828445435
2026-02-24 03:57:35,081 - INFO - Epoch [42/200] Train Loss: 0.4815, Train Acc: 79.29%, Val Loss: 0.5311, Val Acc: 81.12%
2026-02-24 03:57:35,082 - INFO - Best model saved with accuracy: 81.12%
2026-02-24 03:57:58,114 - INFO - Epoch [43] Batch [0/14]                     Loss: 0.1745, Hard: 0.3598, Soft: -0.1852                     Acc: 90.00% LR: 0.000448                     Alpha: 0.5744425058364868                     Beta: -0.3470516502857208                     MemKD: 0.4958935081958771
2026-02-24 03:58:27,238 - INFO - Epoch [43/200] Train Loss: 0.5866, Train Acc: 74.29%, Val Loss: 0.7289, Val Acc: 72.34%
2026-02-24 03:58:50,057 - INFO - Epoch [44] Batch [0/14]                     Loss: 0.4825, Hard: 0.6080, Soft: -0.1256                     Acc: 75.00% LR: 0.000445                     Alpha: 0.5744425058364868                     Beta: -0.35469451546669006                     MemKD: 0.4938454031944275
2026-02-24 03:59:18,194 - INFO - Epoch [44/200] Train Loss: 0.5037, Train Acc: 77.14%, Val Loss: 0.5853, Val Acc: 77.93%
2026-02-24 03:59:40,721 - INFO - Epoch [45] Batch [0/14]                     Loss: 0.1666, Hard: 0.3456, Soft: -0.1790                     Acc: 95.00% LR: 0.000443                     Alpha: 0.5744425058364868                     Beta: -0.3622841238975525                     MemKD: 0.49176332354545593
2026-02-24 04:00:07,751 - INFO - Epoch [45/200] Train Loss: 0.4529, Train Acc: 78.57%, Val Loss: 0.6438, Val Acc: 74.47%
2026-02-24 04:00:30,640 - INFO - Epoch [46] Batch [0/14]                     Loss: 0.7667, Hard: 0.8241, Soft: -0.0574                     Acc: 65.00% LR: 0.000440                     Alpha: 0.5744425058364868                     Beta: -0.370000958442688                     MemKD: 0.48948898911476135
2026-02-24 04:00:58,619 - INFO - Epoch [46/200] Train Loss: 0.3598, Train Acc: 81.79%, Val Loss: 0.4867, Val Acc: 81.25%
2026-02-24 04:00:58,619 - INFO - Best model saved with accuracy: 81.25%
2026-02-24 04:01:21,216 - INFO - Epoch [47] Batch [0/14]                     Loss: 0.9196, Hard: 0.9792, Soft: -0.0596                     Acc: 65.00% LR: 0.000438                     Alpha: 0.5744425058364868                     Beta: -0.3776281774044037                     MemKD: 0.4872225522994995
2026-02-24 04:01:49,899 - INFO - Epoch [47/200] Train Loss: 0.4801, Train Acc: 75.00%, Val Loss: 0.5394, Val Acc: 77.93%
2026-02-24 04:02:13,401 - INFO - Epoch [48] Batch [0/14]                     Loss: 1.4073, Hard: 1.4030, Soft: 0.0042                     Acc: 55.00% LR: 0.000435                     Alpha: 0.5744425058364868                     Beta: -0.385145366191864                     MemKD: 0.4849573075771332
2026-02-24 04:02:41,876 - INFO - Epoch [48/200] Train Loss: 0.4789, Train Acc: 77.14%, Val Loss: 0.4948, Val Acc: 81.38%
2026-02-24 04:02:41,876 - INFO - Best model saved with accuracy: 81.38%
2026-02-24 04:03:02,694 - INFO - Epoch [49] Batch [0/14]                     Loss: 0.3719, Hard: 0.5568, Soft: -0.1849                     Acc: 90.00% LR: 0.000432                     Alpha: 0.5744425058364868                     Beta: -0.3925544321537018                     MemKD: 0.48271891474723816
2026-02-24 04:03:31,884 - INFO - Epoch [49/200] Train Loss: 0.4406, Train Acc: 78.21%, Val Loss: 0.5968, Val Acc: 78.46%
2026-02-24 04:03:54,075 - INFO - Epoch [50] Batch [0/14]                     Loss: 0.3746, Hard: 0.5490, Soft: -0.1744                     Acc: 80.00% LR: 0.000430                     Alpha: 0.5744425058364868                     Beta: -0.3999616503715515                     MemKD: 0.48043519258499146
2026-02-24 04:04:22,264 - INFO - Epoch [50/200] Train Loss: 0.3656, Train Acc: 80.00%, Val Loss: 0.6372, Val Acc: 76.06%
2026-02-24 04:04:22,311 - INFO - Checkpoint saved at epoch 50
2026-02-24 04:04:45,486 - INFO - Epoch [51] Batch [0/14]                     Loss: 0.3540, Hard: 0.5302, Soft: -0.1762                     Acc: 80.00% LR: 0.000427                     Alpha: 0.5744425058364868                     Beta: -0.40739279985427856                     MemKD: 0.4780995845794678
2026-02-24 04:05:14,191 - INFO - Epoch [51/200] Train Loss: 0.4254, Train Acc: 78.21%, Val Loss: 0.5498, Val Acc: 79.79%
2026-02-24 04:05:35,945 - INFO - Epoch [52] Batch [0/14]                     Loss: 0.1787, Hard: 0.4054, Soft: -0.2267                     Acc: 90.00% LR: 0.000424                     Alpha: 0.5744425058364868                     Beta: -0.4147706627845764                     MemKD: 0.47577857971191406
2026-02-24 04:06:02,545 - INFO - Epoch [52/200] Train Loss: 0.3791, Train Acc: 78.93%, Val Loss: 0.7195, Val Acc: 72.87%
2026-02-24 04:06:25,036 - INFO - Epoch [53] Batch [0/14]                     Loss: 0.3549, Hard: 0.5373, Soft: -0.1824                     Acc: 80.00% LR: 0.000421                     Alpha: 0.5744425058364868                     Beta: -0.4221838116645813                     MemKD: 0.4733758866786957
2026-02-24 04:06:53,389 - INFO - Epoch [53/200] Train Loss: 0.3088, Train Acc: 80.00%, Val Loss: 0.6027, Val Acc: 78.59%
2026-02-24 04:07:16,111 - INFO - Epoch [54] Batch [0/14]                     Loss: 0.0551, Hard: 0.3288, Soft: -0.2738                     Acc: 95.00% LR: 0.000418                     Alpha: 0.5744425058364868                     Beta: -0.42950552701950073                     MemKD: 0.47100967168807983
2026-02-24 04:07:45,039 - INFO - Epoch [54/200] Train Loss: 0.2837, Train Acc: 81.43%, Val Loss: 0.5506, Val Acc: 78.86%
2026-02-24 04:08:08,473 - INFO - Epoch [55] Batch [0/14]                     Loss: -0.0542, Hard: 0.2283, Soft: -0.2825                     Acc: 95.00% LR: 0.000415                     Alpha: 0.5744425058364868                     Beta: -0.4368627965450287                     MemKD: 0.46860411763191223
2026-02-24 04:08:36,097 - INFO - Epoch [55/200] Train Loss: 0.4334, Train Acc: 77.50%, Val Loss: 0.6204, Val Acc: 77.53%
2026-02-24 04:08:58,603 - INFO - Epoch [56] Batch [0/14]                     Loss: 0.6121, Hard: 0.7700, Soft: -0.1579                     Acc: 65.00% LR: 0.000412                     Alpha: 0.5744425058364868                     Beta: -0.44397810101509094                     MemKD: 0.466328501701355
2026-02-24 04:09:26,875 - INFO - Epoch [56/200] Train Loss: 0.3824, Train Acc: 78.57%, Val Loss: 0.5707, Val Acc: 77.13%
2026-02-24 04:09:49,465 - INFO - Epoch [57] Batch [0/14]                     Loss: 0.4074, Hard: 0.6044, Soft: -0.1970                     Acc: 75.00% LR: 0.000409                     Alpha: 0.5744425058364868                     Beta: -0.4508378207683563                     MemKD: 0.4642369747161865
2026-02-24 04:10:18,532 - INFO - Epoch [57/200] Train Loss: 0.2813, Train Acc: 79.29%, Val Loss: 0.6698, Val Acc: 73.67%
2026-02-24 04:10:41,533 - INFO - Epoch [58] Batch [0/14]                     Loss: 0.3190, Hard: 0.5313, Soft: -0.2123                     Acc: 85.00% LR: 0.000406                     Alpha: 0.5744425058364868                     Beta: -0.45792803168296814                     MemKD: 0.4619174897670746
2026-02-24 04:11:11,044 - INFO - Epoch [58/200] Train Loss: 0.2569, Train Acc: 85.00%, Val Loss: 0.5021, Val Acc: 80.72%
2026-02-24 04:11:35,764 - INFO - Epoch [59] Batch [0/14]                     Loss: 0.5199, Hard: 0.7155, Soft: -0.1956                     Acc: 75.00% LR: 0.000403                     Alpha: 0.5744425058364868                     Beta: -0.4649328887462616                     MemKD: 0.45963624119758606
2026-02-24 04:12:04,000 - INFO - Epoch [59/200] Train Loss: 0.2435, Train Acc: 81.79%, Val Loss: 0.7096, Val Acc: 73.14%
2026-02-24 04:12:25,825 - INFO - Epoch [60] Batch [0/14]                     Loss: 0.1269, Hard: 0.3785, Soft: -0.2516                     Acc: 90.00% LR: 0.000400                     Alpha: 0.5744425058364868                     Beta: -0.47194358706474304                     MemKD: 0.45733585953712463
2026-02-24 04:12:55,295 - INFO - Epoch [60/200] Train Loss: 0.2285, Train Acc: 83.57%, Val Loss: 0.4976, Val Acc: 81.52%
2026-02-24 04:12:55,296 - INFO - Best model saved with accuracy: 81.52%
2026-02-24 04:12:55,377 - INFO - Checkpoint saved at epoch 60
2026-02-24 04:13:18,538 - INFO - Epoch [61] Batch [0/14]                     Loss: 0.3609, Hard: 0.5855, Soft: -0.2246                     Acc: 80.00% LR: 0.000397                     Alpha: 0.5744425058364868                     Beta: -0.47892749309539795                     MemKD: 0.455046683549881
2026-02-24 04:13:47,580 - INFO - Epoch [61/200] Train Loss: 0.4216, Train Acc: 75.71%, Val Loss: 0.5608, Val Acc: 79.79%
2026-02-24 04:14:11,130 - INFO - Epoch [62] Batch [0/14]                     Loss: 0.0627, Hard: 0.3548, Soft: -0.2921                     Acc: 80.00% LR: 0.000394                     Alpha: 0.5744425058364868                     Beta: -0.4856889545917511                     MemKD: 0.4528937339782715
2026-02-24 04:14:38,983 - INFO - Epoch [62/200] Train Loss: 0.3129, Train Acc: 80.00%, Val Loss: 0.4766, Val Acc: 82.71%
2026-02-24 04:14:38,983 - INFO - Best model saved with accuracy: 82.71%
2026-02-24 04:15:01,814 - INFO - Epoch [63] Batch [0/14]                     Loss: 0.6657, Hard: 0.8529, Soft: -0.1872                     Acc: 70.00% LR: 0.000391                     Alpha: 0.5744425058364868                     Beta: -0.49231231212615967                     MemKD: 0.45080575346946716
2026-02-24 04:15:29,946 - INFO - Epoch [63/200] Train Loss: 0.4338, Train Acc: 77.14%, Val Loss: 0.5973, Val Acc: 75.80%
2026-02-24 04:15:52,250 - INFO - Epoch [64] Batch [0/14]                     Loss: 1.0277, Hard: 1.1057, Soft: -0.0780                     Acc: 70.00% LR: 0.000387                     Alpha: 0.5744425058364868                     Beta: -0.4987218976020813                     MemKD: 0.44884154200553894
2026-02-24 04:16:21,312 - INFO - Epoch [64/200] Train Loss: 0.2910, Train Acc: 78.57%, Val Loss: 0.5401, Val Acc: 77.79%
2026-02-24 04:16:44,002 - INFO - Epoch [65] Batch [0/14]                     Loss: 0.1799, Hard: 0.4646, Soft: -0.2847                     Acc: 90.00% LR: 0.000384                     Alpha: 0.5744425058364868                     Beta: -0.5051357746124268                     MemKD: 0.4468632936477661
2026-02-24 04:17:12,223 - INFO - Epoch [65/200] Train Loss: 0.2459, Train Acc: 80.36%, Val Loss: 0.4495, Val Acc: 82.98%
2026-02-24 04:17:12,223 - INFO - Best model saved with accuracy: 82.98%
2026-02-24 04:17:33,828 - INFO - Epoch [66] Batch [0/14]                     Loss: -0.0727, Hard: 0.2720, Soft: -0.3446                     Acc: 90.00% LR: 0.000381                     Alpha: 0.5744425058364868                     Beta: -0.5115993022918701                     MemKD: 0.44482365250587463
2026-02-24 04:18:02,203 - INFO - Epoch [66/200] Train Loss: 0.1577, Train Acc: 83.21%, Val Loss: 0.5274, Val Acc: 80.05%
2026-02-24 04:18:24,871 - INFO - Epoch [67] Batch [0/14]                     Loss: 0.4768, Hard: 0.7007, Soft: -0.2239                     Acc: 75.00% LR: 0.000377                     Alpha: 0.5744425058364868                     Beta: -0.5182051658630371                     MemKD: 0.442658007144928
2026-02-24 04:18:53,849 - INFO - Epoch [67/200] Train Loss: 0.2280, Train Acc: 80.71%, Val Loss: 0.6372, Val Acc: 75.66%
2026-02-24 04:19:16,276 - INFO - Epoch [68] Batch [0/14]                     Loss: 0.1431, Hard: 0.4408, Soft: -0.2977                     Acc: 90.00% LR: 0.000374                     Alpha: 0.5744425058364868                     Beta: -0.524629533290863                     MemKD: 0.44060018658638
2026-02-24 04:19:45,187 - INFO - Epoch [68/200] Train Loss: 0.0732, Train Acc: 86.43%, Val Loss: 0.5909, Val Acc: 76.99%
2026-02-24 04:20:07,825 - INFO - Epoch [69] Batch [0/14]                     Loss: -0.0150, Hard: 0.3283, Soft: -0.3433                     Acc: 90.00% LR: 0.000370                     Alpha: 0.5744425058364868                     Beta: -0.5311759114265442                     MemKD: 0.4384521245956421
2026-02-24 04:20:35,222 - INFO - Epoch [69/200] Train Loss: 0.2254, Train Acc: 80.36%, Val Loss: 0.7549, Val Acc: 75.53%
2026-02-24 04:20:56,734 - INFO - Epoch [70] Batch [0/14]                     Loss: 0.1824, Hard: 0.4745, Soft: -0.2921                     Acc: 80.00% LR: 0.000367                     Alpha: 0.5744425058364868                     Beta: -0.5375447869300842                     MemKD: 0.4364162087440491
2026-02-24 04:21:25,636 - INFO - Epoch [70/200] Train Loss: 0.2225, Train Acc: 81.07%, Val Loss: 0.6274, Val Acc: 77.93%
2026-02-24 04:21:25,681 - INFO - Checkpoint saved at epoch 70
2026-02-24 04:21:48,196 - INFO - Epoch [71] Batch [0/14]                     Loss: 0.1606, Hard: 0.4842, Soft: -0.3236                     Acc: 85.00% LR: 0.000363                     Alpha: 0.5744425058364868                     Beta: -0.5437120795249939                     MemKD: 0.43450668454170227
2026-02-24 04:22:17,947 - INFO - Epoch [71/200] Train Loss: 0.1020, Train Acc: 85.36%, Val Loss: 0.4907, Val Acc: 81.65%
2026-02-24 04:22:41,393 - INFO - Epoch [72] Batch [0/14]                     Loss: 0.1236, Hard: 0.4648, Soft: -0.3412                     Acc: 80.00% LR: 0.000360                     Alpha: 0.5744425058364868                     Beta: -0.5499582886695862                     MemKD: 0.4325160086154938
2026-02-24 04:23:09,558 - INFO - Epoch [72/200] Train Loss: 0.1947, Train Acc: 79.64%, Val Loss: 0.7334, Val Acc: 73.80%
2026-02-24 04:23:31,261 - INFO - Epoch [73] Batch [0/14]                     Loss: 0.4592, Hard: 0.7515, Soft: -0.2923                     Acc: 60.00% LR: 0.000356                     Alpha: 0.5744425058364868                     Beta: -0.556100606918335                     MemKD: 0.4305630326271057
2026-02-24 04:24:00,024 - INFO - Epoch [73/200] Train Loss: 0.0308, Train Acc: 85.36%, Val Loss: 0.4828, Val Acc: 82.58%
2026-02-24 04:24:22,534 - INFO - Epoch [74] Batch [0/14]                     Loss: 0.0701, Hard: 0.3823, Soft: -0.3122                     Acc: 90.00% LR: 0.000353                     Alpha: 0.5744425058364868                     Beta: -0.562249481678009                     MemKD: 0.42859140038490295
2026-02-24 04:24:51,780 - INFO - Epoch [74/200] Train Loss: 0.0423, Train Acc: 86.79%, Val Loss: 0.4644, Val Acc: 83.24%
2026-02-24 04:24:51,781 - INFO - Best model saved with accuracy: 83.24%
2026-02-24 04:25:15,455 - INFO - Epoch [75] Batch [0/14]                     Loss: -0.0795, Hard: 0.3132, Soft: -0.3927                     Acc: 85.00% LR: 0.000349                     Alpha: 0.5744425058364868                     Beta: -0.5684581995010376                     MemKD: 0.4265729486942291
2026-02-24 04:25:45,004 - INFO - Epoch [75/200] Train Loss: 0.0457, Train Acc: 87.14%, Val Loss: 0.8470, Val Acc: 67.15%
2026-02-24 04:26:07,008 - INFO - Epoch [76] Batch [0/14]                     Loss: -0.0844, Hard: 0.3062, Soft: -0.3907                     Acc: 90.00% LR: 0.000346                     Alpha: 0.5744425058364868                     Beta: -0.5745434165000916                     MemKD: 0.42462557554244995
2026-02-24 04:26:32,315 - INFO - Epoch [76/200] Train Loss: 0.0393, Train Acc: 83.57%, Val Loss: 0.5715, Val Acc: 78.06%
2026-02-24 04:26:54,614 - INFO - Epoch [77] Batch [0/14]                     Loss: -0.0040, Hard: 0.3879, Soft: -0.3919                     Acc: 85.00% LR: 0.000342                     Alpha: 0.5744425058364868                     Beta: -0.5805137157440186                     MemKD: 0.4227381646633148
2026-02-24 04:27:23,388 - INFO - Epoch [77/200] Train Loss: 0.1149, Train Acc: 83.21%, Val Loss: 0.4798, Val Acc: 81.52%
2026-02-24 04:27:46,212 - INFO - Epoch [78] Batch [0/14]                     Loss: -0.1806, Hard: 0.2774, Soft: -0.4580                     Acc: 95.00% LR: 0.000338                     Alpha: 0.5744425058364868                     Beta: -0.5863813757896423                     MemKD: 0.4208991825580597
2026-02-24 04:28:14,966 - INFO - Epoch [78/200] Train Loss: -0.0015, Train Acc: 87.14%, Val Loss: 0.5069, Val Acc: 80.72%
2026-02-24 04:28:36,845 - INFO - Epoch [79] Batch [0/14]                     Loss: 0.3892, Hard: 0.7137, Soft: -0.3245                     Acc: 75.00% LR: 0.000335                     Alpha: 0.5744425058364868                     Beta: -0.5921679735183716                     MemKD: 0.41909369826316833
2026-02-24 04:29:03,606 - INFO - Epoch [79/200] Train Loss: 0.0775, Train Acc: 83.21%, Val Loss: 0.4828, Val Acc: 82.31%
2026-02-24 04:29:25,641 - INFO - Epoch [80] Batch [0/14]                     Loss: 0.4277, Hard: 0.7584, Soft: -0.3307                     Acc: 80.00% LR: 0.000331                     Alpha: 0.5744425058364868                     Beta: -0.5979293584823608                     MemKD: 0.4173029959201813
2026-02-24 04:29:54,292 - INFO - Epoch [80/200] Train Loss: 0.1381, Train Acc: 83.93%, Val Loss: 0.5680, Val Acc: 77.66%
2026-02-24 04:29:54,353 - INFO - Checkpoint saved at epoch 80
2026-02-24 04:30:16,649 - INFO - Epoch [81] Batch [0/14]                     Loss: 0.2843, Hard: 0.5991, Soft: -0.3148                     Acc: 75.00% LR: 0.000327                     Alpha: 0.5744425058364868                     Beta: -0.603493332862854                     MemKD: 0.41562214493751526
2026-02-24 04:30:45,817 - INFO - Epoch [81/200] Train Loss: 0.0970, Train Acc: 83.57%, Val Loss: 0.6745, Val Acc: 75.13%
2026-02-24 04:31:09,691 - INFO - Epoch [82] Batch [0/14]                     Loss: -0.1681, Hard: 0.2615, Soft: -0.4296                     Acc: 90.00% LR: 0.000324                     Alpha: 0.5744425058364868                     Beta: -0.6089286208152771                     MemKD: 0.41398918628692627
2026-02-24 04:31:38,615 - INFO - Epoch [82/200] Train Loss: 0.0154, Train Acc: 83.93%, Val Loss: 0.8076, Val Acc: 73.67%
2026-02-24 04:32:01,495 - INFO - Epoch [83] Batch [0/14]                     Loss: -0.0680, Hard: 0.3624, Soft: -0.4303                     Acc: 85.00% LR: 0.000320                     Alpha: 0.5744425058364868                     Beta: -0.6144065856933594                     MemKD: 0.4123198091983795
2026-02-24 04:32:27,774 - INFO - Epoch [83/200] Train Loss: -0.0394, Train Acc: 85.36%, Val Loss: 0.4637, Val Acc: 81.91%
2026-02-24 04:32:50,280 - INFO - Epoch [84] Batch [0/14]                     Loss: 0.2347, Hard: 0.5381, Soft: -0.3033                     Acc: 70.00% LR: 0.000316                     Alpha: 0.5744425058364868                     Beta: -0.6198458075523376                     MemKD: 0.4106639623641968
2026-02-24 04:33:19,325 - INFO - Epoch [84/200] Train Loss: 0.0532, Train Acc: 82.50%, Val Loss: 0.6629, Val Acc: 73.67%
2026-02-24 04:33:41,394 - INFO - Epoch [85] Batch [0/14]                     Loss: 0.1040, Hard: 0.4876, Soft: -0.3835                     Acc: 80.00% LR: 0.000312                     Alpha: 0.5744425058364868                     Beta: -0.6251866817474365                     MemKD: 0.40904325246810913
2026-02-24 04:34:09,692 - INFO - Epoch [85/200] Train Loss: 0.0746, Train Acc: 81.79%, Val Loss: 0.4495, Val Acc: 83.51%
2026-02-24 04:34:09,692 - INFO - Best model saved with accuracy: 83.51%
2026-02-24 04:34:33,409 - INFO - Epoch [86] Batch [0/14]                     Loss: -0.1059, Hard: 0.3351, Soft: -0.4410                     Acc: 85.00% LR: 0.000308                     Alpha: 0.5744425058364868                     Beta: -0.6303465962409973                     MemKD: 0.4075149893760681
2026-02-24 04:35:01,070 - INFO - Epoch [86/200] Train Loss: -0.0660, Train Acc: 86.07%, Val Loss: 0.4869, Val Acc: 81.38%
2026-02-24 04:35:21,284 - INFO - Epoch [87] Batch [0/14]                     Loss: -0.1708, Hard: 0.2981, Soft: -0.4689                     Acc: 85.00% LR: 0.000305                     Alpha: 0.5744425058364868                     Beta: -0.6355537176132202                     MemKD: 0.40594130754470825
2026-02-24 04:35:49,631 - INFO - Epoch [87/200] Train Loss: 0.0447, Train Acc: 80.00%, Val Loss: 0.5600, Val Acc: 78.06%
2026-02-24 04:36:13,944 - INFO - Epoch [88] Batch [0/14]                     Loss: 0.0876, Hard: 0.4936, Soft: -0.4060                     Acc: 80.00% LR: 0.000301                     Alpha: 0.5744425058364868                     Beta: -0.640651524066925                     MemKD: 0.4044235348701477
2026-02-24 04:36:43,386 - INFO - Epoch [88/200] Train Loss: -0.0332, Train Acc: 81.79%, Val Loss: 0.4595, Val Acc: 83.91%
2026-02-24 04:36:43,387 - INFO - Best model saved with accuracy: 83.91%
2026-02-24 04:37:07,163 - INFO - Epoch [89] Batch [0/14]                     Loss: 0.0163, Hard: 0.4432, Soft: -0.4269                     Acc: 85.00% LR: 0.000297                     Alpha: 0.5744425058364868                     Beta: -0.6457160711288452                     MemKD: 0.40290895104408264
2026-02-24 04:37:37,705 - INFO - Epoch [89/200] Train Loss: 0.0311, Train Acc: 82.50%, Val Loss: 0.4045, Val Acc: 84.57%
2026-02-24 04:37:37,705 - INFO - Best model saved with accuracy: 84.57%
2026-02-24 04:38:00,763 - INFO - Epoch [90] Batch [0/14]                     Loss: -0.0893, Hard: 0.3898, Soft: -0.4792                     Acc: 85.00% LR: 0.000293                     Alpha: 0.5744425058364868                     Beta: -0.6506762504577637                     MemKD: 0.4014340341091156
2026-02-24 04:38:28,052 - INFO - Epoch [90/200] Train Loss: 0.0355, Train Acc: 83.57%, Val Loss: 0.5679, Val Acc: 80.32%
2026-02-24 04:38:28,098 - INFO - Checkpoint saved at epoch 90
2026-02-24 04:38:50,253 - INFO - Epoch [91] Batch [0/14]                     Loss: -0.1218, Hard: 0.3695, Soft: -0.4913                     Acc: 90.00% LR: 0.000289                     Alpha: 0.5744425058364868                     Beta: -0.6555671095848083                     MemKD: 0.39999449253082275
2026-02-24 04:39:18,519 - INFO - Epoch [91/200] Train Loss: -0.0396, Train Acc: 83.57%, Val Loss: 0.4939, Val Acc: 81.12%
2026-02-24 04:39:41,193 - INFO - Epoch [92] Batch [0/14]                     Loss: -0.1152, Hard: 0.3607, Soft: -0.4759                     Acc: 90.00% LR: 0.000285                     Alpha: 0.5744425058364868                     Beta: -0.660359799861908                     MemKD: 0.3985941708087921
2026-02-24 04:40:09,351 - INFO - Epoch [92/200] Train Loss: -0.1567, Train Acc: 88.21%, Val Loss: 0.6215, Val Acc: 78.86%
2026-02-24 04:40:32,684 - INFO - Epoch [93] Batch [0/14]                     Loss: -0.3262, Hard: 0.1730, Soft: -0.4991                     Acc: 95.00% LR: 0.000281                     Alpha: 0.5744425058364868                     Beta: -0.6651848554611206                     MemKD: 0.3971720039844513
2026-02-24 04:41:01,340 - INFO - Epoch [93/200] Train Loss: -0.1474, Train Acc: 88.57%, Val Loss: 0.5833, Val Acc: 80.72%
2026-02-24 04:41:23,853 - INFO - Epoch [94] Batch [0/14]                     Loss: -0.3235, Hard: 0.1720, Soft: -0.4955                     Acc: 95.00% LR: 0.000277                     Alpha: 0.5744425058364868                     Beta: -0.6699923872947693                     MemKD: 0.3957391679286957
2026-02-24 04:41:51,581 - INFO - Epoch [94/200] Train Loss: -0.1813, Train Acc: 88.93%, Val Loss: 0.4312, Val Acc: 83.78%
2026-02-24 04:42:14,203 - INFO - Epoch [95] Batch [0/14]                     Loss: -0.1013, Hard: 0.3463, Soft: -0.4475                     Acc: 85.00% LR: 0.000274                     Alpha: 0.5744425058364868                     Beta: -0.674714207649231                     MemKD: 0.39433592557907104
2026-02-24 04:42:43,743 - INFO - Epoch [95/200] Train Loss: -0.0293, Train Acc: 86.43%, Val Loss: 0.3859, Val Acc: 86.44%
2026-02-24 04:42:43,744 - INFO - Best model saved with accuracy: 86.44%
2026-02-24 04:43:06,861 - INFO - Epoch [96] Batch [0/14]                     Loss: -0.2710, Hard: 0.2630, Soft: -0.5340                     Acc: 100.00% LR: 0.000270                     Alpha: 0.5744425058364868                     Beta: -0.6792698502540588                     MemKD: 0.3930090367794037
2026-02-24 04:43:33,760 - INFO - Epoch [96/200] Train Loss: -0.1026, Train Acc: 87.50%, Val Loss: 0.4658, Val Acc: 84.18%
2026-02-24 04:43:56,020 - INFO - Epoch [97] Batch [0/14]                     Loss: 0.4232, Hard: 0.7514, Soft: -0.3282                     Acc: 70.00% LR: 0.000266                     Alpha: 0.5744425058364868                     Beta: -0.6837387681007385                     MemKD: 0.39171287417411804
2026-02-24 04:44:24,824 - INFO - Epoch [97/200] Train Loss: -0.1729, Train Acc: 87.50%, Val Loss: 0.4462, Val Acc: 83.91%
2026-02-24 04:44:47,242 - INFO - Epoch [98] Batch [0/14]                     Loss: -0.2964, Hard: 0.2258, Soft: -0.5222                     Acc: 90.00% LR: 0.000262                     Alpha: 0.5744425058364868                     Beta: -0.6882109045982361                     MemKD: 0.39041876792907715
2026-02-24 04:45:15,173 - INFO - Epoch [98/200] Train Loss: -0.1872, Train Acc: 88.57%, Val Loss: 0.4961, Val Acc: 82.85%
2026-02-24 04:45:38,300 - INFO - Epoch [99] Batch [0/14]                     Loss: -0.1825, Hard: 0.3302, Soft: -0.5127                     Acc: 80.00% LR: 0.000258                     Alpha: 0.5744425058364868                     Beta: -0.6926480531692505                     MemKD: 0.38911744952201843
2026-02-24 04:46:07,646 - INFO - Epoch [99/200] Train Loss: -0.1279, Train Acc: 87.86%, Val Loss: 0.4772, Val Acc: 83.24%
2026-02-24 04:46:30,313 - INFO - Epoch [100] Batch [0/14]                     Loss: -0.4256, Hard: 0.1514, Soft: -0.5770                     Acc: 95.00% LR: 0.000254                     Alpha: 0.5744425058364868                     Beta: -0.6969961524009705                     MemKD: 0.3878589868545532
2026-02-24 04:46:57,910 - INFO - Epoch [100/200] Train Loss: -0.1890, Train Acc: 88.21%, Val Loss: 0.3970, Val Acc: 85.90%
2026-02-24 04:46:57,953 - INFO - Checkpoint saved at epoch 100
2026-02-24 04:47:21,018 - INFO - Epoch [101] Batch [0/14]                     Loss: -0.0399, Hard: 0.5049, Soft: -0.5448                     Acc: 90.00% LR: 0.000250                     Alpha: 0.5744425058364868                     Beta: -0.7012743949890137                     MemKD: 0.38662075996398926
2026-02-24 04:47:50,338 - INFO - Epoch [101/200] Train Loss: -0.1674, Train Acc: 89.29%, Val Loss: 0.4741, Val Acc: 81.12%
2026-02-24 04:48:13,671 - INFO - Epoch [102] Batch [0/14]                     Loss: -0.4126, Hard: 0.1776, Soft: -0.5902                     Acc: 95.00% LR: 0.000246                     Alpha: 0.5744425058364868                     Beta: -0.7054922580718994                     MemKD: 0.3854079842567444
2026-02-24 04:48:42,519 - INFO - Epoch [102/200] Train Loss: -0.2031, Train Acc: 89.29%, Val Loss: 0.4367, Val Acc: 83.24%
2026-02-24 04:49:05,813 - INFO - Epoch [103] Batch [0/14]                     Loss: -0.2718, Hard: 0.2778, Soft: -0.5496                     Acc: 85.00% LR: 0.000242                     Alpha: 0.5744425058364868                     Beta: -0.7095969915390015                     MemKD: 0.3842355012893677
2026-02-24 04:49:34,470 - INFO - Epoch [103/200] Train Loss: -0.1504, Train Acc: 87.50%, Val Loss: 0.3902, Val Acc: 85.51%
2026-02-24 04:49:57,556 - INFO - Epoch [104] Batch [0/14]                     Loss: -0.2416, Hard: 0.3312, Soft: -0.5729                     Acc: 90.00% LR: 0.000238                     Alpha: 0.5744425058364868                     Beta: -0.7136016488075256                     MemKD: 0.3830987811088562
2026-02-24 04:50:26,913 - INFO - Epoch [104/200] Train Loss: -0.1878, Train Acc: 86.79%, Val Loss: 0.4146, Val Acc: 84.84%
2026-02-24 04:50:50,088 - INFO - Epoch [105] Batch [0/14]                     Loss: -0.2477, Hard: 0.3291, Soft: -0.5768                     Acc: 95.00% LR: 0.000234                     Alpha: 0.5744425058364868                     Beta: -0.717577338218689                     MemKD: 0.3819715082645416
2026-02-24 04:51:19,106 - INFO - Epoch [105/200] Train Loss: -0.1763, Train Acc: 86.07%, Val Loss: 0.5367, Val Acc: 81.12%
2026-02-24 04:51:42,294 - INFO - Epoch [106] Batch [0/14]                     Loss: -0.2547, Hard: 0.3164, Soft: -0.5711                     Acc: 95.00% LR: 0.000230                     Alpha: 0.5744425058364868                     Beta: -0.721491813659668                     MemKD: 0.38086554408073425
2026-02-24 04:52:11,750 - INFO - Epoch [106/200] Train Loss: -0.1568, Train Acc: 86.43%, Val Loss: 0.3845, Val Acc: 85.24%
2026-02-24 04:52:34,860 - INFO - Epoch [107] Batch [0/14]                     Loss: -0.2791, Hard: 0.2944, Soft: -0.5735                     Acc: 90.00% LR: 0.000226                     Alpha: 0.5744425058364868                     Beta: -0.7253047823905945                     MemKD: 0.3797991871833801
2026-02-24 04:53:01,205 - INFO - Epoch [107/200] Train Loss: -0.2487, Train Acc: 88.57%, Val Loss: 0.4469, Val Acc: 84.84%
2026-02-24 04:53:22,939 - INFO - Epoch [108] Batch [0/14]                     Loss: -0.2554, Hard: 0.3108, Soft: -0.5661                     Acc: 80.00% LR: 0.000223                     Alpha: 0.5744425058364868                     Beta: -0.729089617729187                     MemKD: 0.37873244285583496
2026-02-24 04:53:51,174 - INFO - Epoch [108/200] Train Loss: -0.2296, Train Acc: 86.07%, Val Loss: 0.4743, Val Acc: 82.85%
2026-02-24 04:54:14,954 - INFO - Epoch [109] Batch [0/14]                     Loss: -0.2951, Hard: 0.2994, Soft: -0.5945                     Acc: 90.00% LR: 0.000219                     Alpha: 0.5744425058364868                     Beta: -0.7328009605407715                     MemKD: 0.37769097089767456
2026-02-24 04:54:43,725 - INFO - Epoch [109/200] Train Loss: -0.3218, Train Acc: 90.71%, Val Loss: 0.4186, Val Acc: 85.24%
2026-02-24 04:55:07,104 - INFO - Epoch [110] Batch [0/14]                     Loss: -0.2214, Hard: 0.3262, Soft: -0.5476                     Acc: 95.00% LR: 0.000215                     Alpha: 0.5744425058364868                     Beta: -0.7364702224731445                     MemKD: 0.3766617178916931
2026-02-24 04:55:35,391 - INFO - Epoch [110/200] Train Loss: -0.2846, Train Acc: 87.14%, Val Loss: 0.4107, Val Acc: 85.77%
2026-02-24 04:55:35,460 - INFO - Checkpoint saved at epoch 110
2026-02-24 04:55:57,772 - INFO - Epoch [111] Batch [0/14]                     Loss: -0.3013, Hard: 0.2691, Soft: -0.5705                     Acc: 90.00% LR: 0.000211                     Alpha: 0.5744425058364868                     Beta: -0.740084707736969                     MemKD: 0.3756469488143921
2026-02-24 04:56:26,880 - INFO - Epoch [111/200] Train Loss: -0.3544, Train Acc: 90.71%, Val Loss: 0.4204, Val Acc: 83.24%
2026-02-24 04:56:48,888 - INFO - Epoch [112] Batch [0/14]                     Loss: -0.0073, Hard: 0.4709, Soft: -0.4782                     Acc: 80.00% LR: 0.000207                     Alpha: 0.5744425058364868                     Beta: -0.7436293959617615                     MemKD: 0.3746528625488281
2026-02-24 04:57:17,553 - INFO - Epoch [112/200] Train Loss: -0.2518, Train Acc: 86.79%, Val Loss: 0.4220, Val Acc: 84.57%
2026-02-24 04:57:39,303 - INFO - Epoch [113] Batch [0/14]                     Loss: -0.3733, Hard: 0.2520, Soft: -0.6254                     Acc: 95.00% LR: 0.000203                     Alpha: 0.5744425058364868                     Beta: -0.7470783591270447                     MemKD: 0.37368980050086975
2026-02-24 04:58:07,189 - INFO - Epoch [113/200] Train Loss: -0.2138, Train Acc: 86.07%, Val Loss: 0.4402, Val Acc: 84.57%
2026-02-24 04:58:28,968 - INFO - Epoch [114] Batch [0/14]                     Loss: -0.5684, Hard: 0.0759, Soft: -0.6442                     Acc: 100.00% LR: 0.000199                     Alpha: 0.5744425058364868                     Beta: -0.750436544418335                     MemKD: 0.3727654814720154
2026-02-24 04:58:55,465 - INFO - Epoch [114/200] Train Loss: -0.2308, Train Acc: 87.86%, Val Loss: 0.4510, Val Acc: 82.98%
2026-02-24 04:59:17,194 - INFO - Epoch [115] Batch [0/14]                     Loss: -0.2036, Hard: 0.3661, Soft: -0.5697                     Acc: 75.00% LR: 0.000195                     Alpha: 0.5744425058364868                     Beta: -0.7536988258361816                     MemKD: 0.3718741536140442
2026-02-24 04:59:45,798 - INFO - Epoch [115/200] Train Loss: -0.2019, Train Acc: 86.79%, Val Loss: 0.4795, Val Acc: 82.45%
2026-02-24 05:00:08,609 - INFO - Epoch [116] Batch [0/14]                     Loss: 0.2310, Hard: 0.6985, Soft: -0.4675                     Acc: 75.00% LR: 0.000192                     Alpha: 0.5744425058364868                     Beta: -0.7568848133087158                     MemKD: 0.37100881338119507
2026-02-24 05:00:36,332 - INFO - Epoch [116/200] Train Loss: -0.3109, Train Acc: 87.50%, Val Loss: 0.5300, Val Acc: 81.52%
2026-02-24 05:00:59,355 - INFO - Epoch [117] Batch [0/14]                     Loss: -0.3021, Hard: 0.3169, Soft: -0.6190                     Acc: 90.00% LR: 0.000188                     Alpha: 0.5744425058364868                     Beta: -0.7600054740905762                     MemKD: 0.37016212940216064
2026-02-24 05:01:27,687 - INFO - Epoch [117/200] Train Loss: -0.2090, Train Acc: 87.86%, Val Loss: 0.3805, Val Acc: 86.84%
2026-02-24 05:01:27,688 - INFO - Best model saved with accuracy: 86.84%
2026-02-24 05:01:49,282 - INFO - Epoch [118] Batch [0/14]                     Loss: -0.2543, Hard: 0.3474, Soft: -0.6016                     Acc: 90.00% LR: 0.000184                     Alpha: 0.5744425058364868                     Beta: -0.7630687355995178                     MemKD: 0.3693305552005768
2026-02-24 05:02:17,740 - INFO - Epoch [118/200] Train Loss: -0.1751, Train Acc: 87.50%, Val Loss: 0.4164, Val Acc: 84.71%
2026-02-24 05:02:40,930 - INFO - Epoch [119] Batch [0/14]                     Loss: -0.5155, Hard: 0.1536, Soft: -0.6691                     Acc: 90.00% LR: 0.000180                     Alpha: 0.5744425058364868                     Beta: -0.766057014465332                     MemKD: 0.3685252070426941
2026-02-24 05:03:09,449 - INFO - Epoch [119/200] Train Loss: -0.4074, Train Acc: 92.14%, Val Loss: 0.3772, Val Acc: 85.51%
2026-02-24 05:03:32,512 - INFO - Epoch [120] Batch [0/14]                     Loss: -0.3198, Hard: 0.3287, Soft: -0.6485                     Acc: 90.00% LR: 0.000176                     Alpha: 0.5744425058364868                     Beta: -0.7690145969390869                     MemKD: 0.367723673582077
2026-02-24 05:04:01,871 - INFO - Epoch [120/200] Train Loss: -0.3198, Train Acc: 87.86%, Val Loss: 0.3848, Val Acc: 85.37%
2026-02-24 05:04:01,922 - INFO - Checkpoint saved at epoch 120
2026-02-24 05:04:25,481 - INFO - Epoch [121] Batch [0/14]                     Loss: -0.3346, Hard: 0.3091, Soft: -0.6437                     Acc: 85.00% LR: 0.000173                     Alpha: 0.5744425058364868                     Beta: -0.7719203233718872                     MemKD: 0.3669361472129822
2026-02-24 05:04:51,179 - INFO - Epoch [121/200] Train Loss: -0.2747, Train Acc: 87.86%, Val Loss: 0.4106, Val Acc: 84.57%
2026-02-24 05:05:12,494 - INFO - Epoch [122] Batch [0/14]                     Loss: -0.3961, Hard: 0.2362, Soft: -0.6323                     Acc: 90.00% LR: 0.000169                     Alpha: 0.5744425058364868                     Beta: -0.7747377157211304                     MemKD: 0.3661784827709198
2026-02-24 05:05:41,191 - INFO - Epoch [122/200] Train Loss: -0.4084, Train Acc: 92.50%, Val Loss: 0.3967, Val Acc: 86.17%
2026-02-24 05:06:04,895 - INFO - Epoch [123] Batch [0/14]                     Loss: -0.2738, Hard: 0.3775, Soft: -0.6513                     Acc: 85.00% LR: 0.000165                     Alpha: 0.5744425058364868                     Beta: -0.777513325214386                     MemKD: 0.36543023586273193
2026-02-24 05:06:33,668 - INFO - Epoch [123/200] Train Loss: -0.3117, Train Acc: 88.21%, Val Loss: 0.4053, Val Acc: 85.77%
2026-02-24 05:06:56,705 - INFO - Epoch [124] Batch [0/14]                     Loss: -0.4866, Hard: 0.1612, Soft: -0.6479                     Acc: 95.00% LR: 0.000162                     Alpha: 0.5744425058364868                     Beta: -0.7802310585975647                     MemKD: 0.36469924449920654
2026-02-24 05:07:25,277 - INFO - Epoch [124/200] Train Loss: -0.3766, Train Acc: 90.36%, Val Loss: 0.4612, Val Acc: 82.31%
2026-02-24 05:07:46,470 - INFO - Epoch [125] Batch [0/14]                     Loss: -0.1557, Hard: 0.4199, Soft: -0.5756                     Acc: 90.00% LR: 0.000158                     Alpha: 0.5744425058364868                     Beta: -0.7828772068023682                     MemKD: 0.3639887869358063
2026-02-24 05:08:15,989 - INFO - Epoch [125/200] Train Loss: -0.2970, Train Acc: 87.50%, Val Loss: 0.4136, Val Acc: 86.04%
2026-02-24 05:08:40,511 - INFO - Epoch [126] Batch [0/14]                     Loss: -0.3790, Hard: 0.2903, Soft: -0.6693                     Acc: 85.00% LR: 0.000154                     Alpha: 0.5744425058364868                     Beta: -0.7854293584823608                     MemKD: 0.36331290006637573
2026-02-24 05:09:09,520 - INFO - Epoch [126/200] Train Loss: -0.2933, Train Acc: 86.43%, Val Loss: 0.3933, Val Acc: 84.44%
2026-02-24 05:09:32,642 - INFO - Epoch [127] Batch [0/14]                     Loss: -0.1396, Hard: 0.4668, Soft: -0.6064                     Acc: 85.00% LR: 0.000151                     Alpha: 0.5744425058364868                     Beta: -0.7879258990287781                     MemKD: 0.3626529574394226
2026-02-24 05:10:00,156 - INFO - Epoch [127/200] Train Loss: -0.3821, Train Acc: 91.43%, Val Loss: 0.4325, Val Acc: 83.51%
2026-02-24 05:10:21,658 - INFO - Epoch [128] Batch [0/14]                     Loss: -0.2722, Hard: 0.3519, Soft: -0.6241                     Acc: 90.00% LR: 0.000147                     Alpha: 0.5744425058364868                     Beta: -0.7903626561164856                     MemKD: 0.36200961470603943
2026-02-24 05:10:49,257 - INFO - Epoch [128/200] Train Loss: -0.3783, Train Acc: 92.50%, Val Loss: 0.4482, Val Acc: 83.78%
2026-02-24 05:11:11,718 - INFO - Epoch [129] Batch [0/14]                     Loss: -0.4450, Hard: 0.2026, Soft: -0.6476                     Acc: 95.00% LR: 0.000144                     Alpha: 0.5744425058364868                     Beta: -0.7927480936050415                     MemKD: 0.3613743782043457
2026-02-24 05:11:40,030 - INFO - Epoch [129/200] Train Loss: -0.3491, Train Acc: 89.29%, Val Loss: 0.4299, Val Acc: 83.64%
2026-02-24 05:12:03,907 - INFO - Epoch [130] Batch [0/14]                     Loss: -0.5058, Hard: 0.1746, Soft: -0.6804                     Acc: 95.00% LR: 0.000140                     Alpha: 0.5744425058364868                     Beta: -0.795081615447998                     MemKD: 0.3607557713985443
2026-02-24 05:12:31,883 - INFO - Epoch [130/200] Train Loss: -0.2977, Train Acc: 88.57%, Val Loss: 0.4476, Val Acc: 82.71%
2026-02-24 05:12:31,954 - INFO - Checkpoint saved at epoch 130
2026-02-24 05:12:55,361 - INFO - Epoch [131] Batch [0/14]                     Loss: -0.1841, Hard: 0.3852, Soft: -0.5694                     Acc: 90.00% LR: 0.000137                     Alpha: 0.5744425058364868                     Beta: -0.7973331809043884                     MemKD: 0.3601664900779724
2026-02-24 05:13:22,798 - INFO - Epoch [131/200] Train Loss: -0.2999, Train Acc: 88.21%, Val Loss: 0.3906, Val Acc: 86.17%
2026-02-24 05:13:45,206 - INFO - Epoch [132] Batch [0/14]                     Loss: -0.2772, Hard: 0.3484, Soft: -0.6256                     Acc: 85.00% LR: 0.000133                     Alpha: 0.5744425058364868                     Beta: -0.7994991540908813                     MemKD: 0.35960420966148376
2026-02-24 05:14:13,297 - INFO - Epoch [132/200] Train Loss: -0.3449, Train Acc: 87.86%, Val Loss: 0.4024, Val Acc: 86.44%
2026-02-24 05:14:35,849 - INFO - Epoch [133] Batch [0/14]                     Loss: -0.4827, Hard: 0.1829, Soft: -0.6656                     Acc: 95.00% LR: 0.000130                     Alpha: 0.5744425058364868                     Beta: -0.8016172647476196                     MemKD: 0.3590523600578308
2026-02-24 05:15:04,902 - INFO - Epoch [133/200] Train Loss: -0.3875, Train Acc: 89.64%, Val Loss: 0.3855, Val Acc: 85.11%
2026-02-24 05:15:27,359 - INFO - Epoch [134] Batch [0/14]                     Loss: -0.3757, Hard: 0.2484, Soft: -0.6241                     Acc: 95.00% LR: 0.000126                     Alpha: 0.5744425058364868                     Beta: -0.8037167191505432                     MemKD: 0.3585023581981659
2026-02-24 05:15:56,220 - INFO - Epoch [134/200] Train Loss: -0.4505, Train Acc: 91.43%, Val Loss: 0.3637, Val Acc: 87.23%
2026-02-24 05:15:56,221 - INFO - Best model saved with accuracy: 87.23%
2026-02-24 05:16:18,809 - INFO - Epoch [135] Batch [0/14]                     Loss: -0.4301, Hard: 0.2697, Soft: -0.6998                     Acc: 90.00% LR: 0.000123                     Alpha: 0.5744425058364868                     Beta: -0.8057467341423035                     MemKD: 0.35797375440597534
2026-02-24 05:16:46,672 - INFO - Epoch [135/200] Train Loss: -0.3219, Train Acc: 88.21%, Val Loss: 0.3816, Val Acc: 86.04%
2026-02-24 05:17:08,904 - INFO - Epoch [136] Batch [0/14]                     Loss: 0.0397, Hard: 0.5922, Soft: -0.5525                     Acc: 75.00% LR: 0.000119                     Alpha: 0.5744425058364868                     Beta: -0.807719349861145                     MemKD: 0.35745969414711
2026-02-24 05:17:38,348 - INFO - Epoch [136/200] Train Loss: -0.4207, Train Acc: 90.71%, Val Loss: 0.4113, Val Acc: 82.85%
2026-02-24 05:18:01,874 - INFO - Epoch [137] Batch [0/14]                     Loss: -0.6223, Hard: 0.1220, Soft: -0.7442                     Acc: 100.00% LR: 0.000116                     Alpha: 0.5744425058364868                     Beta: -0.809627115726471                     MemKD: 0.35696399211883545
2026-02-24 05:18:31,149 - INFO - Epoch [137/200] Train Loss: -0.3462, Train Acc: 87.14%, Val Loss: 0.3624, Val Acc: 86.84%
2026-02-24 05:18:54,513 - INFO - Epoch [138] Batch [0/14]                     Loss: -0.6465, Hard: 0.1107, Soft: -0.7573                     Acc: 95.00% LR: 0.000113                     Alpha: 0.5744425058364868                     Beta: -0.811469554901123                     MemKD: 0.35648784041404724
2026-02-24 05:19:20,868 - INFO - Epoch [138/200] Train Loss: -0.4665, Train Acc: 92.14%, Val Loss: 0.3470, Val Acc: 86.30%
2026-02-24 05:19:44,520 - INFO - Epoch [139] Batch [0/14]                     Loss: -0.1791, Hard: 0.4562, Soft: -0.6353                     Acc: 85.00% LR: 0.000109                     Alpha: 0.5744425058364868                     Beta: -0.8132755756378174                     MemKD: 0.35601919889450073
2026-02-24 05:20:13,404 - INFO - Epoch [139/200] Train Loss: -0.3207, Train Acc: 87.86%, Val Loss: 0.3593, Val Acc: 86.30%
2026-02-24 05:20:37,475 - INFO - Epoch [140] Batch [0/14]                     Loss: -0.4111, Hard: 0.2716, Soft: -0.6827                     Acc: 85.00% LR: 0.000106                     Alpha: 0.5744425058364868                     Beta: -0.815035343170166                     MemKD: 0.35556480288505554
2026-02-24 05:21:06,470 - INFO - Epoch [140/200] Train Loss: -0.4326, Train Acc: 89.29%, Val Loss: 0.3516, Val Acc: 87.10%
2026-02-24 05:21:06,530 - INFO - Checkpoint saved at epoch 140
2026-02-24 05:21:30,794 - INFO - Epoch [141] Batch [0/14]                     Loss: -0.6571, Hard: 0.1093, Soft: -0.7664                     Acc: 100.00% LR: 0.000103                     Alpha: 0.5744425058364868                     Beta: -0.8167274594306946                     MemKD: 0.3551301658153534
2026-02-24 05:22:00,276 - INFO - Epoch [141/200] Train Loss: -0.4170, Train Acc: 91.43%, Val Loss: 0.3784, Val Acc: 85.64%
2026-02-24 05:22:23,076 - INFO - Epoch [142] Batch [0/14]                     Loss: -0.5353, Hard: 0.1651, Soft: -0.7004                     Acc: 95.00% LR: 0.000100                     Alpha: 0.5744425058364868                     Beta: -0.8183864951133728                     MemKD: 0.354703426361084
2026-02-24 05:22:52,398 - INFO - Epoch [142/200] Train Loss: -0.4398, Train Acc: 91.79%, Val Loss: 0.4203, Val Acc: 84.44%
2026-02-24 05:23:15,127 - INFO - Epoch [143] Batch [0/14]                     Loss: -0.4698, Hard: 0.2259, Soft: -0.6957                     Acc: 90.00% LR: 0.000097                     Alpha: 0.5744425058364868                     Beta: -0.8199828863143921                     MemKD: 0.35429346561431885
2026-02-24 05:23:44,184 - INFO - Epoch [143/200] Train Loss: -0.4483, Train Acc: 91.43%, Val Loss: 0.3646, Val Acc: 86.84%
2026-02-24 05:24:06,495 - INFO - Epoch [144] Batch [0/14]                     Loss: -0.5522, Hard: 0.1928, Soft: -0.7450                     Acc: 95.00% LR: 0.000094                     Alpha: 0.5744425058364868                     Beta: -0.8215377926826477                     MemKD: 0.35389360785484314
2026-02-24 05:24:34,905 - INFO - Epoch [144/200] Train Loss: -0.4869, Train Acc: 91.79%, Val Loss: 0.3652, Val Acc: 86.70%
2026-02-24 05:24:56,104 - INFO - Epoch [145] Batch [0/14]                     Loss: -0.3134, Hard: 0.3175, Soft: -0.6309                     Acc: 90.00% LR: 0.000091                     Alpha: 0.5744425058364868                     Beta: -0.8230478167533875                     MemKD: 0.3535049259662628
2026-02-24 05:25:22,805 - INFO - Epoch [145/200] Train Loss: -0.4383, Train Acc: 91.43%, Val Loss: 0.4001, Val Acc: 84.04%
2026-02-24 05:25:44,951 - INFO - Epoch [146] Batch [0/14]                     Loss: -0.3591, Hard: 0.3164, Soft: -0.6755                     Acc: 85.00% LR: 0.000088                     Alpha: 0.5744425058364868                     Beta: -0.8244779706001282                     MemKD: 0.35314151644706726
2026-02-24 05:26:12,982 - INFO - Epoch [146/200] Train Loss: -0.4366, Train Acc: 90.00%, Val Loss: 0.3849, Val Acc: 87.37%
2026-02-24 05:26:12,983 - INFO - Best model saved with accuracy: 87.37%
2026-02-24 05:26:35,419 - INFO - Epoch [147] Batch [0/14]                     Loss: -0.3048, Hard: 0.3627, Soft: -0.6675                     Acc: 85.00% LR: 0.000085                     Alpha: 0.5744425058364868                     Beta: -0.8258782625198364                     MemKD: 0.35278400778770447
2026-02-24 05:27:04,292 - INFO - Epoch [147/200] Train Loss: -0.3970, Train Acc: 88.57%, Val Loss: 0.3717, Val Acc: 86.84%
2026-02-24 05:27:26,449 - INFO - Epoch [148] Batch [0/14]                     Loss: -0.4973, Hard: 0.2618, Soft: -0.7592                     Acc: 90.00% LR: 0.000082                     Alpha: 0.5744425058364868                     Beta: -0.8272159099578857                     MemKD: 0.3524450957775116
2026-02-24 05:27:53,961 - INFO - Epoch [148/200] Train Loss: -0.4910, Train Acc: 91.79%, Val Loss: 0.3811, Val Acc: 86.57%
2026-02-24 05:28:15,589 - INFO - Epoch [149] Batch [0/14]                     Loss: -0.5715, Hard: 0.1661, Soft: -0.7375                     Acc: 95.00% LR: 0.000079                     Alpha: 0.5744425058364868                     Beta: -0.8285142779350281                     MemKD: 0.35211461782455444
2026-02-24 05:28:43,785 - INFO - Epoch [149/200] Train Loss: -0.4606, Train Acc: 90.71%, Val Loss: 0.3795, Val Acc: 84.31%
2026-02-24 05:29:06,744 - INFO - Epoch [150] Batch [0/14]                     Loss: -0.4455, Hard: 0.2845, Soft: -0.7299                     Acc: 90.00% LR: 0.000076                     Alpha: 0.5744425058364868                     Beta: -0.8297649621963501                     MemKD: 0.3517967164516449
2026-02-24 05:29:35,818 - INFO - Epoch [150/200] Train Loss: -0.4372, Train Acc: 89.29%, Val Loss: 0.3574, Val Acc: 86.04%
2026-02-24 05:29:35,863 - INFO - Checkpoint saved at epoch 150
2026-02-24 05:29:59,567 - INFO - Epoch [151] Batch [0/14]                     Loss: -0.3496, Hard: 0.3272, Soft: -0.6768                     Acc: 80.00% LR: 0.000073                     Alpha: 0.5744425058364868                     Beta: -0.8309713006019592                     MemKD: 0.35149216651916504
2026-02-24 05:30:27,029 - INFO - Epoch [151/200] Train Loss: -0.4560, Train Acc: 91.43%, Val Loss: 0.3799, Val Acc: 85.77%
2026-02-24 05:30:49,407 - INFO - Epoch [152] Batch [0/14]                     Loss: -0.5940, Hard: 0.1394, Soft: -0.7334                     Acc: 95.00% LR: 0.000070                     Alpha: 0.5744425058364868                     Beta: -0.8321247696876526                     MemKD: 0.3512023091316223
2026-02-24 05:31:17,094 - INFO - Epoch [152/200] Train Loss: -0.5732, Train Acc: 95.36%, Val Loss: 0.3524, Val Acc: 86.44%
2026-02-24 05:31:39,647 - INFO - Epoch [153] Batch [0/14]                     Loss: -0.5412, Hard: 0.1884, Soft: -0.7296                     Acc: 90.00% LR: 0.000068                     Alpha: 0.5744425058364868                     Beta: -0.8332534432411194                     MemKD: 0.35091572999954224
2026-02-24 05:32:08,750 - INFO - Epoch [153/200] Train Loss: -0.4338, Train Acc: 88.57%, Val Loss: 0.3418, Val Acc: 87.90%
2026-02-24 05:32:08,750 - INFO - Best model saved with accuracy: 87.90%
2026-02-24 05:32:31,766 - INFO - Epoch [154] Batch [0/14]                     Loss: -0.5247, Hard: 0.2028, Soft: -0.7274                     Acc: 90.00% LR: 0.000065                     Alpha: 0.5744425058364868                     Beta: -0.8343324065208435                     MemKD: 0.3506437838077545
2026-02-24 05:33:00,240 - INFO - Epoch [154/200] Train Loss: -0.4580, Train Acc: 90.71%, Val Loss: 0.3861, Val Acc: 85.90%
2026-02-24 05:33:24,052 - INFO - Epoch [155] Batch [0/14]                     Loss: -0.6827, Hard: 0.0913, Soft: -0.7740                     Acc: 95.00% LR: 0.000062                     Alpha: 0.5744425058364868                     Beta: -0.8353576064109802                     MemKD: 0.3503872752189636
2026-02-24 05:33:51,593 - INFO - Epoch [155/200] Train Loss: -0.5338, Train Acc: 92.50%, Val Loss: 0.3454, Val Acc: 87.63%
2026-02-24 05:34:13,932 - INFO - Epoch [156] Batch [0/14]                     Loss: -0.5653, Hard: 0.1775, Soft: -0.7427                     Acc: 90.00% LR: 0.000060                     Alpha: 0.5744425058364868                     Beta: -0.8363516330718994                     MemKD: 0.35013750195503235
2026-02-24 05:34:43,996 - INFO - Epoch [156/200] Train Loss: -0.4697, Train Acc: 91.07%, Val Loss: 0.3571, Val Acc: 86.44%
2026-02-24 05:35:06,989 - INFO - Epoch [157] Batch [0/14]                     Loss: -0.4057, Hard: 0.2708, Soft: -0.6765                     Acc: 85.00% LR: 0.000057                     Alpha: 0.5744425058364868                     Beta: -0.8373001217842102                     MemKD: 0.3499006927013397
2026-02-24 05:35:35,440 - INFO - Epoch [157/200] Train Loss: -0.4578, Train Acc: 90.00%, Val Loss: 0.3498, Val Acc: 86.70%
2026-02-24 05:35:59,130 - INFO - Epoch [158] Batch [0/14]                     Loss: -0.4648, Hard: 0.2725, Soft: -0.7373                     Acc: 90.00% LR: 0.000055                     Alpha: 0.5744425058364868                     Beta: -0.83819979429245                     MemKD: 0.3496759831905365
2026-02-24 05:36:27,524 - INFO - Epoch [158/200] Train Loss: -0.4508, Train Acc: 90.00%, Val Loss: 0.3671, Val Acc: 85.37%
2026-02-24 05:36:50,173 - INFO - Epoch [159] Batch [0/14]                     Loss: -0.7291, Hard: 0.0656, Soft: -0.7947                     Acc: 100.00% LR: 0.000052                     Alpha: 0.5744425058364868                     Beta: -0.8390463590621948                     MemKD: 0.34946557879447937
2026-02-24 05:37:18,572 - INFO - Epoch [159/200] Train Loss: -0.4423, Train Acc: 91.43%, Val Loss: 0.3553, Val Acc: 86.84%
2026-02-24 05:37:42,956 - INFO - Epoch [160] Batch [0/14]                     Loss: -0.4651, Hard: 0.2768, Soft: -0.7419                     Acc: 90.00% LR: 0.000050                     Alpha: 0.5744425058364868                     Beta: -0.8398565649986267                     MemKD: 0.3492647707462311
2026-02-24 05:38:12,057 - INFO - Epoch [160/200] Train Loss: -0.4050, Train Acc: 89.29%, Val Loss: 0.3560, Val Acc: 87.23%
2026-02-24 05:38:12,091 - INFO - Checkpoint saved at epoch 160
2026-02-24 05:38:34,470 - INFO - Epoch [161] Batch [0/14]                     Loss: 0.1025, Hard: 0.7152, Soft: -0.6127                     Acc: 75.00% LR: 0.000048                     Alpha: 0.5744425058364868                     Beta: -0.8406192660331726                     MemKD: 0.3490772247314453
2026-02-24 05:39:03,104 - INFO - Epoch [161/200] Train Loss: -0.4542, Train Acc: 89.64%, Val Loss: 0.3274, Val Acc: 86.97%
2026-02-24 05:39:26,893 - INFO - Epoch [162] Batch [0/14]                     Loss: -0.5714, Hard: 0.1572, Soft: -0.7286                     Acc: 95.00% LR: 0.000045                     Alpha: 0.5744425058364868                     Beta: -0.8413543105125427                     MemKD: 0.3488958179950714
2026-02-24 05:39:54,494 - INFO - Epoch [162/200] Train Loss: -0.4907, Train Acc: 91.43%, Val Loss: 0.3565, Val Acc: 87.50%
2026-02-24 05:40:16,894 - INFO - Epoch [163] Batch [0/14]                     Loss: -0.5934, Hard: 0.1814, Soft: -0.7748                     Acc: 95.00% LR: 0.000043                     Alpha: 0.5744425058364868                     Beta: -0.8420655131340027                     MemKD: 0.3487199544906616
2026-02-24 05:40:45,666 - INFO - Epoch [163/200] Train Loss: -0.4845, Train Acc: 91.43%, Val Loss: 0.3479, Val Acc: 86.04%
2026-02-24 05:41:09,119 - INFO - Epoch [164] Batch [0/14]                     Loss: -0.7024, Hard: 0.0951, Soft: -0.7975                     Acc: 100.00% LR: 0.000041                     Alpha: 0.5744425058364868                     Beta: -0.8427430391311646                     MemKD: 0.34855204820632935
2026-02-24 05:41:37,390 - INFO - Epoch [164/200] Train Loss: -0.5464, Train Acc: 93.21%, Val Loss: 0.3394, Val Acc: 88.70%
2026-02-24 05:41:37,391 - INFO - Best model saved with accuracy: 88.70%
2026-02-24 05:42:00,803 - INFO - Epoch [165] Batch [0/14]                     Loss: -0.3218, Hard: 0.3113, Soft: -0.6331                     Acc: 90.00% LR: 0.000039                     Alpha: 0.5744425058364868                     Beta: -0.8433799743652344                     MemKD: 0.3483952581882477
2026-02-24 05:42:28,398 - INFO - Epoch [165/200] Train Loss: -0.5288, Train Acc: 93.57%, Val Loss: 0.3381, Val Acc: 87.10%
2026-02-24 05:42:50,620 - INFO - Epoch [166] Batch [0/14]                     Loss: -0.4197, Hard: 0.3132, Soft: -0.7328                     Acc: 90.00% LR: 0.000037                     Alpha: 0.5744425058364868                     Beta: -0.8439857363700867                     MemKD: 0.3482457101345062
2026-02-24 05:43:18,825 - INFO - Epoch [166/200] Train Loss: -0.5190, Train Acc: 92.50%, Val Loss: 0.4074, Val Acc: 84.97%
2026-02-24 05:43:41,097 - INFO - Epoch [167] Batch [0/14]                     Loss: -0.5196, Hard: 0.2369, Soft: -0.7565                     Acc: 90.00% LR: 0.000035                     Alpha: 0.5744425058364868                     Beta: -0.8445609211921692                     MemKD: 0.3481035828590393
2026-02-24 05:44:11,146 - INFO - Epoch [167/200] Train Loss: -0.4904, Train Acc: 91.43%, Val Loss: 0.3535, Val Acc: 88.43%
2026-02-24 05:44:32,773 - INFO - Epoch [168] Batch [0/14]                     Loss: -0.5270, Hard: 0.2205, Soft: -0.7475                     Acc: 95.00% LR: 0.000033                     Alpha: 0.5744425058364868                     Beta: -0.8450973033905029                     MemKD: 0.34797197580337524
2026-02-24 05:45:01,824 - INFO - Epoch [168/200] Train Loss: -0.4880, Train Acc: 92.14%, Val Loss: 0.3472, Val Acc: 88.03%
2026-02-24 05:45:24,276 - INFO - Epoch [169] Batch [0/14]                     Loss: -0.6718, Hard: 0.1423, Soft: -0.8141                     Acc: 95.00% LR: 0.000031                     Alpha: 0.5744425058364868                     Beta: -0.8455997109413147                     MemKD: 0.3478491008281708
2026-02-24 05:45:50,706 - INFO - Epoch [169/200] Train Loss: -0.4953, Train Acc: 91.79%, Val Loss: 0.3613, Val Acc: 86.97%
2026-02-24 05:46:13,341 - INFO - Epoch [170] Batch [0/14]                     Loss: -0.2588, Hard: 0.3804, Soft: -0.6392                     Acc: 80.00% LR: 0.000029                     Alpha: 0.5744425058364868                     Beta: -0.846077561378479                     MemKD: 0.3477320671081543
2026-02-24 05:46:41,519 - INFO - Epoch [170/200] Train Loss: -0.5329, Train Acc: 91.79%, Val Loss: 0.3317, Val Acc: 88.70%
2026-02-24 05:46:41,577 - INFO - Checkpoint saved at epoch 170
2026-02-24 05:47:03,832 - INFO - Epoch [171] Batch [0/14]                     Loss: -0.7973, Hard: 0.0274, Soft: -0.8247                     Acc: 100.00% LR: 0.000027                     Alpha: 0.5744425058364868                     Beta: -0.8465220928192139                     MemKD: 0.34762346744537354
2026-02-24 05:47:32,720 - INFO - Epoch [171/200] Train Loss: -0.5530, Train Acc: 91.43%, Val Loss: 0.3359, Val Acc: 88.83%
2026-02-24 05:47:32,721 - INFO - Best model saved with accuracy: 88.83%
2026-02-24 05:47:56,758 - INFO - Epoch [172] Batch [0/14]                     Loss: -0.2790, Hard: 0.3990, Soft: -0.6780                     Acc: 85.00% LR: 0.000025                     Alpha: 0.5744425058364868                     Beta: -0.846946656703949                     MemKD: 0.3475190997123718
2026-02-24 05:48:24,979 - INFO - Epoch [172/200] Train Loss: -0.4158, Train Acc: 89.64%, Val Loss: 0.3358, Val Acc: 88.30%
2026-02-24 05:48:47,273 - INFO - Epoch [173] Batch [0/14]                     Loss: -0.4051, Hard: 0.2770, Soft: -0.6821                     Acc: 90.00% LR: 0.000024                     Alpha: 0.5744425058364868                     Beta: -0.8473364114761353                     MemKD: 0.3474244475364685
2026-02-24 05:49:16,471 - INFO - Epoch [173/200] Train Loss: -0.4117, Train Acc: 90.71%, Val Loss: 0.3335, Val Acc: 87.90%
2026-02-24 05:49:38,788 - INFO - Epoch [174] Batch [0/14]                     Loss: -0.6465, Hard: 0.1444, Soft: -0.7909                     Acc: 95.00% LR: 0.000022                     Alpha: 0.5744425058364868                     Beta: -0.8476948142051697                     MemKD: 0.3473379611968994
2026-02-24 05:50:08,743 - INFO - Epoch [174/200] Train Loss: -0.4667, Train Acc: 90.00%, Val Loss: 0.3498, Val Acc: 86.17%
2026-02-24 05:50:32,547 - INFO - Epoch [175] Batch [0/14]                     Loss: -0.5272, Hard: 0.2339, Soft: -0.7611                     Acc: 85.00% LR: 0.000021                     Alpha: 0.5744425058364868                     Beta: -0.8480261564254761                     MemKD: 0.34725815057754517
2026-02-24 05:51:02,833 - INFO - Epoch [175/200] Train Loss: -0.5078, Train Acc: 90.36%, Val Loss: 0.3488, Val Acc: 85.90%
2026-02-24 05:51:26,202 - INFO - Epoch [176] Batch [0/14]                     Loss: -0.3438, Hard: 0.3845, Soft: -0.7283                     Acc: 85.00% LR: 0.000019                     Alpha: 0.5744425058364868                     Beta: -0.8483373522758484                     MemKD: 0.347182959318161
2026-02-24 05:51:52,750 - INFO - Epoch [176/200] Train Loss: -0.5191, Train Acc: 92.14%, Val Loss: 0.3240, Val Acc: 88.96%
2026-02-24 05:51:52,750 - INFO - Best model saved with accuracy: 88.96%
2026-02-24 05:52:14,687 - INFO - Epoch [177] Batch [0/14]                     Loss: -0.5416, Hard: 0.2239, Soft: -0.7655                     Acc: 90.00% LR: 0.000018                     Alpha: 0.5744425058364868                     Beta: -0.8486282825469971                     MemKD: 0.3471124470233917
2026-02-24 05:52:42,911 - INFO - Epoch [177/200] Train Loss: -0.4563, Train Acc: 91.07%, Val Loss: 0.3299, Val Acc: 87.50%
2026-02-24 05:53:05,399 - INFO - Epoch [178] Batch [0/14]                     Loss: -0.6149, Hard: 0.1373, Soft: -0.7522                     Acc: 95.00% LR: 0.000016                     Alpha: 0.5744425058364868                     Beta: -0.8488960862159729                     MemKD: 0.34704744815826416
2026-02-24 05:53:33,315 - INFO - Epoch [178/200] Train Loss: -0.5286, Train Acc: 91.43%, Val Loss: 0.3486, Val Acc: 86.57%
2026-02-24 05:53:55,968 - INFO - Epoch [179] Batch [0/14]                     Loss: -0.4268, Hard: 0.2870, Soft: -0.7138                     Acc: 80.00% LR: 0.000015                     Alpha: 0.5744425058364868                     Beta: -0.8491442799568176                     MemKD: 0.34698718786239624
2026-02-24 05:54:24,576 - INFO - Epoch [179/200] Train Loss: -0.4717, Train Acc: 92.14%, Val Loss: 0.3274, Val Acc: 89.36%
2026-02-24 05:54:24,576 - INFO - Best model saved with accuracy: 89.36%
2026-02-24 05:54:47,356 - INFO - Epoch [180] Batch [0/14]                     Loss: -0.6899, Hard: 0.0846, Soft: -0.7745                     Acc: 100.00% LR: 0.000013                     Alpha: 0.5744425058364868                     Beta: -0.8493674397468567                     MemKD: 0.3469332754611969
2026-02-24 05:55:16,010 - INFO - Epoch [180/200] Train Loss: -0.5563, Train Acc: 94.29%, Val Loss: 0.3360, Val Acc: 88.30%
2026-02-24 05:55:16,053 - INFO - Checkpoint saved at epoch 180
2026-02-24 05:55:39,843 - INFO - Epoch [181] Batch [0/14]                     Loss: -0.3451, Hard: 0.3498, Soft: -0.6948                     Acc: 85.00% LR: 0.000012                     Alpha: 0.5744425058364868                     Beta: -0.8495713472366333                     MemKD: 0.3468838632106781
2026-02-24 05:56:09,233 - INFO - Epoch [181/200] Train Loss: -0.4939, Train Acc: 91.07%, Val Loss: 0.3417, Val Acc: 88.30%
2026-02-24 05:56:32,501 - INFO - Epoch [182] Batch [0/14]                     Loss: -0.6006, Hard: 0.1752, Soft: -0.7758                     Acc: 95.00% LR: 0.000011                     Alpha: 0.5744425058364868                     Beta: -0.8497568368911743                     MemKD: 0.34683895111083984
2026-02-24 05:57:01,333 - INFO - Epoch [182/200] Train Loss: -0.5128, Train Acc: 92.14%, Val Loss: 0.3339, Val Acc: 88.43%
2026-02-24 05:57:23,652 - INFO - Epoch [183] Batch [0/14]                     Loss: -0.4913, Hard: 0.2714, Soft: -0.7627                     Acc: 85.00% LR: 0.000010                     Alpha: 0.5744425058364868                     Beta: -0.8499252200126648                     MemKD: 0.3467983305454254
2026-02-24 05:57:50,112 - INFO - Epoch [183/200] Train Loss: -0.5252, Train Acc: 91.79%, Val Loss: 0.3393, Val Acc: 87.23%
2026-02-24 05:58:13,079 - INFO - Epoch [184] Batch [0/14]                     Loss: -0.2256, Hard: 0.4237, Soft: -0.6493                     Acc: 85.00% LR: 0.000009                     Alpha: 0.5744425058364868                     Beta: -0.8500756025314331                     MemKD: 0.34676215052604675
2026-02-24 05:58:41,076 - INFO - Epoch [184/200] Train Loss: -0.4819, Train Acc: 89.29%, Val Loss: 0.3324, Val Acc: 88.83%
2026-02-24 05:59:03,663 - INFO - Epoch [185] Batch [0/14]                     Loss: -0.2260, Hard: 0.3903, Soft: -0.6163                     Acc: 85.00% LR: 0.000008                     Alpha: 0.5744425058364868                     Beta: -0.850209653377533                     MemKD: 0.3467300236225128
2026-02-24 05:59:30,979 - INFO - Epoch [185/200] Train Loss: -0.4260, Train Acc: 88.57%, Val Loss: 0.3423, Val Acc: 87.37%
2026-02-24 05:59:53,986 - INFO - Epoch [186] Batch [0/14]                     Loss: -0.2957, Hard: 0.3884, Soft: -0.6841                     Acc: 85.00% LR: 0.000007                     Alpha: 0.5744425058364868                     Beta: -0.8503280282020569                     MemKD: 0.34670156240463257
2026-02-24 06:00:21,807 - INFO - Epoch [186/200] Train Loss: -0.5051, Train Acc: 92.14%, Val Loss: 0.3301, Val Acc: 87.77%
2026-02-24 06:00:42,394 - INFO - Epoch [187] Batch [0/14]                     Loss: -0.5850, Hard: 0.1820, Soft: -0.7670                     Acc: 90.00% LR: 0.000006                     Alpha: 0.5744425058364868                     Beta: -0.8504303097724915                     MemKD: 0.3466772437095642
2026-02-24 06:01:10,682 - INFO - Epoch [187/200] Train Loss: -0.5130, Train Acc: 92.86%, Val Loss: 0.3280, Val Acc: 88.30%
2026-02-24 06:01:33,126 - INFO - Epoch [188] Batch [0/14]                     Loss: -0.6310, Hard: 0.1563, Soft: -0.7874                     Acc: 95.00% LR: 0.000005                     Alpha: 0.5744425058364868                     Beta: -0.8505209684371948                     MemKD: 0.34665554761886597
2026-02-24 06:02:02,554 - INFO - Epoch [188/200] Train Loss: -0.5600, Train Acc: 91.79%, Val Loss: 0.3347, Val Acc: 87.37%
2026-02-24 06:02:24,584 - INFO - Epoch [189] Batch [0/14]                     Loss: 0.1399, Hard: 0.7249, Soft: -0.5850                     Acc: 80.00% LR: 0.000004                     Alpha: 0.5744425058364868                     Beta: -0.8505998253822327                     MemKD: 0.34663665294647217
2026-02-24 06:02:52,589 - INFO - Epoch [189/200] Train Loss: -0.5057, Train Acc: 92.50%, Val Loss: 0.3267, Val Acc: 88.16%
2026-02-24 06:03:14,311 - INFO - Epoch [190] Batch [0/14]                     Loss: -0.6161, Hard: 0.1543, Soft: -0.7704                     Acc: 95.00% LR: 0.000004                     Alpha: 0.5744425058364868                     Beta: -0.8506671786308289                     MemKD: 0.3466205894947052
2026-02-24 06:03:41,380 - INFO - Epoch [190/200] Train Loss: -0.4691, Train Acc: 90.71%, Val Loss: 0.3319, Val Acc: 87.50%
2026-02-24 06:03:41,423 - INFO - Checkpoint saved at epoch 190
2026-02-24 06:04:03,335 - INFO - Epoch [191] Batch [0/14]                     Loss: -0.5551, Hard: 0.2034, Soft: -0.7585                     Acc: 90.00% LR: 0.000003                     Alpha: 0.5744425058364868                     Beta: -0.8507230281829834                     MemKD: 0.3466072976589203
2026-02-24 06:04:32,675 - INFO - Epoch [191/200] Train Loss: -0.5131, Train Acc: 92.14%, Val Loss: 0.3328, Val Acc: 87.90%
2026-02-24 06:04:56,740 - INFO - Epoch [192] Batch [0/14]                     Loss: -0.5761, Hard: 0.2015, Soft: -0.7776                     Acc: 95.00% LR: 0.000002                     Alpha: 0.5744425058364868                     Beta: -0.8507691621780396                     MemKD: 0.34659624099731445
2026-02-24 06:05:26,105 - INFO - Epoch [192/200] Train Loss: -0.5235, Train Acc: 91.43%, Val Loss: 0.3271, Val Acc: 87.37%
2026-02-24 06:05:49,553 - INFO - Epoch [193] Batch [0/14]                     Loss: -0.6845, Hard: 0.0993, Soft: -0.7838                     Acc: 100.00% LR: 0.000002                     Alpha: 0.5744425058364868                     Beta: -0.8508068323135376                     MemKD: 0.34658724069595337
2026-02-24 06:06:15,822 - INFO - Epoch [193/200] Train Loss: -0.5806, Train Acc: 95.00%, Val Loss: 0.3225, Val Acc: 87.77%
2026-02-24 06:06:38,720 - INFO - Epoch [194] Batch [0/14]                     Loss: -0.1748, Hard: 0.4654, Soft: -0.6402                     Acc: 85.00% LR: 0.000002                     Alpha: 0.5744425058364868                     Beta: -0.8508368134498596                     MemKD: 0.3465801179409027
2026-02-24 06:07:06,604 - INFO - Epoch [194/200] Train Loss: -0.5098, Train Acc: 89.29%, Val Loss: 0.3173, Val Acc: 88.16%
2026-02-24 06:07:29,826 - INFO - Epoch [195] Batch [0/14]                     Loss: -0.6897, Hard: 0.1408, Soft: -0.8305                     Acc: 95.00% LR: 0.000001                     Alpha: 0.5744425058364868                     Beta: -0.8508593440055847                     MemKD: 0.3465747833251953
2026-02-24 06:07:58,782 - INFO - Epoch [195/200] Train Loss: -0.5219, Train Acc: 90.36%, Val Loss: 0.3235, Val Acc: 88.56%
2026-02-24 06:08:21,289 - INFO - Epoch [196] Batch [0/14]                     Loss: -0.7848, Hard: 0.0531, Soft: -0.8379                     Acc: 100.00% LR: 0.000001                     Alpha: 0.5744425058364868                     Beta: -0.8508760333061218                     MemKD: 0.34657081961631775
2026-02-24 06:08:49,004 - INFO - Epoch [196/200] Train Loss: -0.5571, Train Acc: 92.14%, Val Loss: 0.3399, Val Acc: 87.23%
2026-02-24 06:09:11,604 - INFO - Epoch [197] Batch [0/14]                     Loss: -0.4785, Hard: 0.2397, Soft: -0.7182                     Acc: 90.00% LR: 0.000000                     Alpha: 0.5744425058364868                     Beta: -0.8508877158164978                     MemKD: 0.3465680181980133
2026-02-24 06:09:39,128 - INFO - Epoch [197/200] Train Loss: -0.4917, Train Acc: 91.07%, Val Loss: 0.3338, Val Acc: 87.10%
2026-02-24 06:10:01,550 - INFO - Epoch [198] Batch [0/14]                     Loss: -0.6246, Hard: 0.1417, Soft: -0.7663                     Acc: 95.00% LR: 0.000000                     Alpha: 0.5744425058364868                     Beta: -0.8508952260017395                     MemKD: 0.3465662896633148
2026-02-24 06:10:30,313 - INFO - Epoch [198/200] Train Loss: -0.4855, Train Acc: 91.43%, Val Loss: 0.3304, Val Acc: 88.03%
2026-02-24 06:10:52,229 - INFO - Epoch [199] Batch [0/14]                     Loss: -0.5754, Hard: 0.1701, Soft: -0.7455                     Acc: 95.00% LR: 0.000000                     Alpha: 0.5744425058364868                     Beta: -0.8508993983268738                     MemKD: 0.3465653657913208
2026-02-24 06:11:20,817 - INFO - Epoch [199/200] Train Loss: -0.5389, Train Acc: 92.14%, Val Loss: 0.3353, Val Acc: 86.44%
2026-02-24 06:11:43,801 - INFO - Epoch [200] Batch [0/14]                     Loss: -0.4607, Hard: 0.2642, Soft: -0.7249                     Acc: 95.00% LR: 0.000000                     Alpha: 0.5744425058364868                     Beta: -0.8509010672569275                     MemKD: 0.34656497836112976
2026-02-24 06:12:10,838 - INFO - Epoch [200/200] Train Loss: -0.5066, Train Acc: 91.07%, Val Loss: 0.3401, Val Acc: 86.30%
2026-02-24 06:12:10,884 - INFO - Checkpoint saved at epoch 200
2026-02-24 06:12:10,884 - INFO - ==================================================
2026-02-24 06:12:10,884 - INFO - Training finished! Best accuracy: 89.36%
2026-02-24 06:12:10,884 - INFO - ==================================================
