2026-02-23 06:37:55,114 - INFO - ==================================================
2026-02-23 06:37:55,114 - INFO - Distillation Training Configuration
2026-02-23 06:37:55,114 - INFO - ==================================================
2026-02-23 06:37:55,114 - INFO - GPUs: [0, 1, 2, 3, 4, 5, 6, 7]
2026-02-23 06:37:55,114 - INFO - World size: 8
2026-02-23 06:37:55,114 - INFO - Dataset: /media/hdd1/chuxiaohui/AI4Ocean_UATR/ShipsEar_622
2026-02-23 06:37:55,114 - INFO - Data type: wav_s@wav_t
2026-02-23 06:37:55,114 - INFO - Batch size: 16
2026-02-23 06:37:55,114 - INFO - Epochs: 200
2026-02-23 06:37:55,115 - INFO - Learning rate: 0.0005
2026-02-23 06:37:55,115 - INFO - Temperature: 2.0
2026-02-23 06:37:55,115 - INFO - Alpha: 0.3
2026-02-23 06:37:55,115 - INFO - Save dir: checkpoints/grid_shipsear_v2/num_epochs200_weight_decay0.0003_batch_size16_lr0.0005_distill_typeMTSKD_Temp_freezeTrue_USE_DYNAMIC_DISTILL_WEIGHTFalse_p_encoder0.355_p_classifier0.265
2026-02-23 06:37:55,115 - INFO - ==================================================
2026-02-23 06:37:55,140 - INFO - Train dataset size: 2240
2026-02-23 06:37:55,140 - INFO - Validation dataset size: 749
2026-02-23 06:37:58,926 - INFO - Student params: 316,299 (0.32M)
2026-02-23 06:37:58,926 - INFO - Teacher params: 164,415,877 (164.42M)
2026-02-23 06:37:58,926 - INFO - Trainable params: 271,372 (0.27M)
2026-02-23 06:37:59,589 - INFO - Start training...
2026-02-23 06:37:59,590 - INFO - No checkpoint found, start from scratch
2026-02-23 06:38:19,190 - INFO - Epoch [1] Batch [0/17]                     Loss: 2.3870, Hard: 1.8132, Soft: 0.5738                     Acc: 12.50% LR: 0.000500                     Alpha: 0.5744425058364868                     Beta: 0.0                     MemKD: 0.5
2026-02-23 06:38:43,326 - INFO - Epoch [1/200] Train Loss: 1.7648, Train Acc: 41.18%, Val Loss: 1.5252, Val Acc: 37.63%
2026-02-23 06:38:43,327 - INFO - Best model saved with accuracy: 37.63%
2026-02-23 06:39:03,405 - INFO - Epoch [2] Batch [0/17]                     Loss: 1.6656, Hard: 1.3674, Soft: 0.2981                     Acc: 50.00% LR: 0.000500                     Alpha: 0.5744425058364868                     Beta: -0.005967292468994856                     MemKD: 0.5019606351852417
2026-02-23 06:39:30,887 - INFO - Epoch [2/200] Train Loss: 1.5213, Train Acc: 48.90%, Val Loss: 1.3359, Val Acc: 45.61%
2026-02-23 06:39:30,888 - INFO - Best model saved with accuracy: 45.61%
2026-02-23 06:39:54,182 - INFO - Epoch [3] Batch [0/17]                     Loss: 1.2972, Hard: 1.1142, Soft: 0.1829                     Acc: 56.25% LR: 0.000500                     Alpha: 0.5744425058364868                     Beta: -0.014178885146975517                     MemKD: 0.5036827325820923
2026-02-23 06:40:23,636 - INFO - Epoch [3/200] Train Loss: 1.5203, Train Acc: 42.28%, Val Loss: 1.1990, Val Acc: 49.20%
2026-02-23 06:40:23,636 - INFO - Best model saved with accuracy: 49.20%
2026-02-23 06:40:47,720 - INFO - Epoch [4] Batch [0/17]                     Loss: 1.4519, Hard: 1.2455, Soft: 0.2064                     Acc: 37.50% LR: 0.000500                     Alpha: 0.5744425058364868                     Beta: -0.022524390369653702                     MemKD: 0.5054346323013306
2026-02-23 06:41:14,677 - INFO - Epoch [4/200] Train Loss: 1.3954, Train Acc: 50.37%, Val Loss: 1.0891, Val Acc: 56.78%
2026-02-23 06:41:14,678 - INFO - Best model saved with accuracy: 56.78%
2026-02-23 06:41:35,687 - INFO - Epoch [5] Batch [0/17]                     Loss: 1.4157, Hard: 1.2166, Soft: 0.1991                     Acc: 50.00% LR: 0.000500                     Alpha: 0.5744425058364868                     Beta: -0.031243450939655304                     MemKD: 0.5070725679397583
2026-02-23 06:42:04,002 - INFO - Epoch [5/200] Train Loss: 1.3124, Train Acc: 52.94%, Val Loss: 1.0875, Val Acc: 56.25%
2026-02-23 06:42:27,251 - INFO - Epoch [6] Batch [0/17]                     Loss: 1.1376, Hard: 1.0017, Soft: 0.1360                     Acc: 62.50% LR: 0.000499                     Alpha: 0.5744425058364868                     Beta: -0.041118327528238297                     MemKD: 0.5086033940315247
2026-02-23 06:42:57,133 - INFO - Epoch [6/200] Train Loss: 1.2719, Train Acc: 56.62%, Val Loss: 1.0105, Val Acc: 58.91%
2026-02-23 06:42:57,133 - INFO - Best model saved with accuracy: 58.91%
2026-02-23 06:43:20,368 - INFO - Epoch [7] Batch [0/17]                     Loss: 1.3313, Hard: 1.1566, Soft: 0.1747                     Acc: 56.25% LR: 0.000499                     Alpha: 0.5744425058364868                     Beta: -0.051107730716466904                     MemKD: 0.5100082755088806
2026-02-23 06:43:48,827 - INFO - Epoch [7/200] Train Loss: 1.2790, Train Acc: 55.15%, Val Loss: 0.9935, Val Acc: 61.70%
2026-02-23 06:43:48,827 - INFO - Best model saved with accuracy: 61.70%
2026-02-23 06:44:11,791 - INFO - Epoch [8] Batch [0/17]                     Loss: 1.2513, Hard: 1.0929, Soft: 0.1584                     Acc: 62.50% LR: 0.000498                     Alpha: 0.5744425058364868                     Beta: -0.060190971940755844                     MemKD: 0.5114673376083374
2026-02-23 06:44:39,660 - INFO - Epoch [8/200] Train Loss: 1.3115, Train Acc: 49.63%, Val Loss: 1.0113, Val Acc: 57.05%
2026-02-23 06:45:02,093 - INFO - Epoch [9] Batch [0/17]                     Loss: 1.1299, Hard: 0.9849, Soft: 0.1450                     Acc: 62.50% LR: 0.000498                     Alpha: 0.5744425058364868                     Beta: -0.06892871111631393                     MemKD: 0.5130579471588135
2026-02-23 06:45:31,160 - INFO - Epoch [9/200] Train Loss: 1.2861, Train Acc: 54.78%, Val Loss: 0.9132, Val Acc: 64.89%
2026-02-23 06:45:31,160 - INFO - Best model saved with accuracy: 64.89%
2026-02-23 06:45:53,507 - INFO - Epoch [10] Batch [0/17]                     Loss: 1.2220, Hard: 1.0361, Soft: 0.1860                     Acc: 68.75% LR: 0.000498                     Alpha: 0.5744425058364868                     Beta: -0.07803867012262344                     MemKD: 0.5145911574363708
2026-02-23 06:46:22,550 - INFO - Epoch [10/200] Train Loss: 1.0751, Train Acc: 63.97%, Val Loss: 0.8955, Val Acc: 66.76%
2026-02-23 06:46:22,551 - INFO - Best model saved with accuracy: 66.76%
2026-02-23 06:46:22,621 - INFO - Checkpoint saved at epoch 10
2026-02-23 06:46:46,189 - INFO - Epoch [11] Batch [0/17]                     Loss: 0.7465, Hard: 0.6664, Soft: 0.0801                     Acc: 81.25% LR: 0.000497                     Alpha: 0.5744425058364868                     Beta: -0.08838130533695221                     MemKD: 0.5158740282058716
2026-02-23 06:47:13,965 - INFO - Epoch [11/200] Train Loss: 1.0431, Train Acc: 62.87%, Val Loss: 0.9422, Val Acc: 61.84%
2026-02-23 06:47:36,086 - INFO - Epoch [12] Batch [0/17]                     Loss: 0.8755, Hard: 0.7834, Soft: 0.0921                     Acc: 75.00% LR: 0.000496                     Alpha: 0.5744425058364868                     Beta: -0.09953294694423676                     MemKD: 0.5168765187263489
2026-02-23 06:48:04,217 - INFO - Epoch [12/200] Train Loss: 1.0190, Train Acc: 67.28%, Val Loss: 0.9000, Val Acc: 65.82%
2026-02-23 06:48:27,493 - INFO - Epoch [13] Batch [0/17]                     Loss: 0.9903, Hard: 0.8916, Soft: 0.0986                     Acc: 62.50% LR: 0.000496                     Alpha: 0.5744425058364868                     Beta: -0.1104736179113388                     MemKD: 0.5178656578063965
2026-02-23 06:48:57,094 - INFO - Epoch [13/200] Train Loss: 1.1668, Train Acc: 57.72%, Val Loss: 0.8145, Val Acc: 69.55%
2026-02-23 06:48:57,094 - INFO - Best model saved with accuracy: 69.55%
2026-02-23 06:49:19,420 - INFO - Epoch [14] Batch [0/17]                     Loss: 0.7572, Hard: 0.7043, Soft: 0.0530                     Acc: 81.25% LR: 0.000495                     Alpha: 0.5744425058364868                     Beta: -0.12127213180065155                     MemKD: 0.5189974904060364
2026-02-23 06:49:48,108 - INFO - Epoch [14/200] Train Loss: 1.0478, Train Acc: 63.97%, Val Loss: 0.9120, Val Acc: 63.03%
2026-02-23 06:50:09,594 - INFO - Epoch [15] Batch [0/17]                     Loss: 1.1284, Hard: 1.0326, Soft: 0.0958                     Acc: 56.25% LR: 0.000494                     Alpha: 0.5744425058364868                     Beta: -0.13233323395252228                     MemKD: 0.5199946761131287
2026-02-23 06:50:37,043 - INFO - Epoch [15/200] Train Loss: 0.9680, Train Acc: 68.01%, Val Loss: 0.8342, Val Acc: 68.22%
2026-02-23 06:50:59,932 - INFO - Epoch [16] Batch [0/17]                     Loss: 1.0021, Hard: 0.9387, Soft: 0.0634                     Acc: 68.75% LR: 0.000493                     Alpha: 0.5744425058364868                     Beta: -0.1437755525112152                     MemKD: 0.5207095146179199
2026-02-23 06:51:29,211 - INFO - Epoch [16/200] Train Loss: 0.9355, Train Acc: 65.44%, Val Loss: 0.7976, Val Acc: 69.55%
2026-02-23 06:51:53,267 - INFO - Epoch [17] Batch [0/17]                     Loss: 1.1995, Hard: 1.1073, Soft: 0.0922                     Acc: 56.25% LR: 0.000492                     Alpha: 0.5744425058364868                     Beta: -0.15569667518138885                     MemKD: 0.5211406946182251
2026-02-23 06:52:22,126 - INFO - Epoch [17/200] Train Loss: 0.9764, Train Acc: 65.44%, Val Loss: 0.8663, Val Acc: 64.89%
2026-02-23 06:52:45,533 - INFO - Epoch [18] Batch [0/17]                     Loss: 0.8451, Hard: 0.7911, Soft: 0.0540                     Acc: 81.25% LR: 0.000491                     Alpha: 0.5744425058364868                     Beta: -0.16728471219539642                     MemKD: 0.5215317010879517
2026-02-23 06:53:13,513 - INFO - Epoch [18/200] Train Loss: 0.8944, Train Acc: 68.75%, Val Loss: 0.7823, Val Acc: 72.61%
2026-02-23 06:53:13,513 - INFO - Best model saved with accuracy: 72.61%
2026-02-23 06:53:34,953 - INFO - Epoch [19] Batch [0/17]                     Loss: 0.7871, Hard: 0.7870, Soft: 0.0001                     Acc: 75.00% LR: 0.000490                     Alpha: 0.5744425058364868                     Beta: -0.17862631380558014                     MemKD: 0.5217035412788391
2026-02-23 06:54:04,411 - INFO - Epoch [19/200] Train Loss: 0.8611, Train Acc: 71.32%, Val Loss: 0.7390, Val Acc: 72.47%
2026-02-23 06:54:26,317 - INFO - Epoch [20] Batch [0/17]                     Loss: 0.5290, Hard: 0.5734, Soft: -0.0444                     Acc: 81.25% LR: 0.000489                     Alpha: 0.5744425058364868                     Beta: -0.1897791624069214                     MemKD: 0.5217320322990417
2026-02-23 06:54:55,649 - INFO - Epoch [20/200] Train Loss: 0.8702, Train Acc: 69.12%, Val Loss: 0.7427, Val Acc: 73.01%
2026-02-23 06:54:55,649 - INFO - Best model saved with accuracy: 73.01%
2026-02-23 06:54:55,707 - INFO - Checkpoint saved at epoch 20
2026-02-23 06:55:19,357 - INFO - Epoch [21] Batch [0/17]                     Loss: 0.9184, Hard: 0.8892, Soft: 0.0293                     Acc: 68.75% LR: 0.000488                     Alpha: 0.5744425058364868                     Beta: -0.20102785527706146                     MemKD: 0.5215491056442261
2026-02-23 06:55:48,439 - INFO - Epoch [21/200] Train Loss: 0.9920, Train Acc: 63.97%, Val Loss: 0.9242, Val Acc: 61.70%
2026-02-23 06:56:10,227 - INFO - Epoch [22] Batch [0/17]                     Loss: 0.7938, Hard: 0.7817, Soft: 0.0121                     Acc: 68.75% LR: 0.000487                     Alpha: 0.5744425058364868                     Beta: -0.21176129579544067                     MemKD: 0.5214932560920715
2026-02-23 06:56:37,846 - INFO - Epoch [22/200] Train Loss: 0.7601, Train Acc: 73.53%, Val Loss: 0.7323, Val Acc: 72.61%
2026-02-23 06:56:59,425 - INFO - Epoch [23] Batch [0/17]                     Loss: 0.4590, Hard: 0.5154, Soft: -0.0564                     Acc: 81.25% LR: 0.000485                     Alpha: 0.5744425058364868                     Beta: -0.2225515991449356                     MemKD: 0.5211318135261536
2026-02-23 06:57:29,167 - INFO - Epoch [23/200] Train Loss: 0.7583, Train Acc: 71.69%, Val Loss: 0.9177, Val Acc: 63.56%
2026-02-23 06:57:53,096 - INFO - Epoch [24] Batch [0/17]                     Loss: 0.6094, Hard: 0.6365, Soft: -0.0272                     Acc: 81.25% LR: 0.000484                     Alpha: 0.5744425058364868                     Beta: -0.23352043330669403                     MemKD: 0.520384669303894
2026-02-23 06:58:21,450 - INFO - Epoch [24/200] Train Loss: 0.7885, Train Acc: 70.59%, Val Loss: 0.6896, Val Acc: 75.93%
2026-02-23 06:58:21,450 - INFO - Best model saved with accuracy: 75.93%
2026-02-23 06:58:43,854 - INFO - Epoch [25] Batch [0/17]                     Loss: 0.8162, Hard: 0.8039, Soft: 0.0124                     Acc: 81.25% LR: 0.000482                     Alpha: 0.5744425058364868                     Beta: -0.2444058656692505                     MemKD: 0.5195046663284302
2026-02-23 06:59:10,626 - INFO - Epoch [25/200] Train Loss: 0.8342, Train Acc: 68.75%, Val Loss: 0.7099, Val Acc: 73.54%
2026-02-23 06:59:32,192 - INFO - Epoch [26] Batch [0/17]                     Loss: 0.8092, Hard: 0.8170, Soft: -0.0078                     Acc: 81.25% LR: 0.000481                     Alpha: 0.5744425058364868                     Beta: -0.25484907627105713                     MemKD: 0.5186504125595093
2026-02-23 07:00:01,001 - INFO - Epoch [26/200] Train Loss: 0.7223, Train Acc: 73.53%, Val Loss: 0.6822, Val Acc: 76.06%
2026-02-23 07:00:01,001 - INFO - Best model saved with accuracy: 76.06%
2026-02-23 07:00:23,031 - INFO - Epoch [27] Batch [0/17]                     Loss: 0.6883, Hard: 0.7144, Soft: -0.0260                     Acc: 75.00% LR: 0.000479                     Alpha: 0.5744425058364868                     Beta: -0.26513636112213135                     MemKD: 0.5176211595535278
2026-02-23 07:00:52,194 - INFO - Epoch [27/200] Train Loss: 0.8277, Train Acc: 66.91%, Val Loss: 0.9459, Val Acc: 65.56%
2026-02-23 07:01:15,241 - INFO - Epoch [28] Batch [0/17]                     Loss: 0.6464, Hard: 0.6788, Soft: -0.0324                     Acc: 75.00% LR: 0.000478                     Alpha: 0.5744425058364868                     Beta: -0.27547314763069153                     MemKD: 0.5163464546203613
2026-02-23 07:01:43,937 - INFO - Epoch [28/200] Train Loss: 0.6309, Train Acc: 74.26%, Val Loss: 0.7552, Val Acc: 72.07%
2026-02-23 07:02:07,428 - INFO - Epoch [29] Batch [0/17]                     Loss: 0.8803, Hard: 0.8788, Soft: 0.0016                     Acc: 68.75% LR: 0.000476                     Alpha: 0.5744425058364868                     Beta: -0.28590720891952515                     MemKD: 0.5147446990013123
2026-02-23 07:02:35,760 - INFO - Epoch [29/200] Train Loss: 0.7520, Train Acc: 72.06%, Val Loss: 0.7612, Val Acc: 70.48%
2026-02-23 07:02:57,912 - INFO - Epoch [30] Batch [0/17]                     Loss: 0.8529, Hard: 0.8520, Soft: 0.0009                     Acc: 75.00% LR: 0.000475                     Alpha: 0.5744425058364868                     Beta: -0.29597634077072144                     MemKD: 0.5131998658180237
2026-02-23 07:03:26,758 - INFO - Epoch [30/200] Train Loss: 0.6971, Train Acc: 70.22%, Val Loss: 0.6909, Val Acc: 73.01%
2026-02-23 07:03:26,820 - INFO - Checkpoint saved at epoch 30
2026-02-23 07:03:49,374 - INFO - Epoch [31] Batch [0/17]                     Loss: 0.8556, Hard: 0.8511, Soft: 0.0045                     Acc: 62.50% LR: 0.000473                     Alpha: 0.5744425058364868                     Beta: -0.30606570839881897                     MemKD: 0.5114938616752625
2026-02-23 07:04:18,777 - INFO - Epoch [31/200] Train Loss: 0.6371, Train Acc: 75.37%, Val Loss: 0.7856, Val Acc: 71.68%
2026-02-23 07:04:42,250 - INFO - Epoch [32] Batch [0/17]                     Loss: 0.8684, Hard: 0.8530, Soft: 0.0154                     Acc: 62.50% LR: 0.000471                     Alpha: 0.5744425058364868                     Beta: -0.3160109519958496                     MemKD: 0.5096749663352966
2026-02-23 07:05:09,832 - INFO - Epoch [32/200] Train Loss: 0.6419, Train Acc: 74.63%, Val Loss: 0.6240, Val Acc: 76.73%
2026-02-23 07:05:09,832 - INFO - Best model saved with accuracy: 76.73%
2026-02-23 07:05:32,033 - INFO - Epoch [33] Batch [0/17]                     Loss: 0.2004, Hard: 0.3698, Soft: -0.1694                     Acc: 87.50% LR: 0.000469                     Alpha: 0.5744425058364868                     Beta: -0.32603269815444946                     MemKD: 0.5075980424880981
2026-02-23 07:05:59,827 - INFO - Epoch [33/200] Train Loss: 0.6598, Train Acc: 72.06%, Val Loss: 0.6620, Val Acc: 75.00%
2026-02-23 07:06:22,856 - INFO - Epoch [34] Batch [0/17]                     Loss: 0.4573, Hard: 0.5858, Soft: -0.1286                     Acc: 75.00% LR: 0.000467                     Alpha: 0.5744425058364868                     Beta: -0.3360327482223511                     MemKD: 0.505313515663147
2026-02-23 07:06:52,372 - INFO - Epoch [34/200] Train Loss: 0.6453, Train Acc: 71.32%, Val Loss: 0.7124, Val Acc: 71.14%
2026-02-23 07:07:16,228 - INFO - Epoch [35] Batch [0/17]                     Loss: 0.6801, Hard: 0.7628, Soft: -0.0828                     Acc: 75.00% LR: 0.000465                     Alpha: 0.5744425058364868                     Beta: -0.3457762598991394                     MemKD: 0.5031168460845947
2026-02-23 07:07:43,845 - INFO - Epoch [35/200] Train Loss: 0.7396, Train Acc: 67.65%, Val Loss: 0.6456, Val Acc: 74.87%
2026-02-23 07:08:05,318 - INFO - Epoch [36] Batch [0/17]                     Loss: 0.2342, Hard: 0.4090, Soft: -0.1747                     Acc: 93.75% LR: 0.000463                     Alpha: 0.5744425058364868                     Beta: -0.3552442193031311                     MemKD: 0.5010736584663391
2026-02-23 07:08:33,518 - INFO - Epoch [36/200] Train Loss: 0.4193, Train Acc: 81.99%, Val Loss: 0.7371, Val Acc: 71.94%
2026-02-23 07:08:56,664 - INFO - Epoch [37] Batch [0/17]                     Loss: 0.9389, Hard: 0.9383, Soft: 0.0006                     Acc: 68.75% LR: 0.000461                     Alpha: 0.5744425058364868                     Beta: -0.3651246726512909                     MemKD: 0.49851763248443604
2026-02-23 07:09:24,927 - INFO - Epoch [37/200] Train Loss: 0.4487, Train Acc: 79.41%, Val Loss: 0.5789, Val Acc: 77.66%
2026-02-23 07:09:24,928 - INFO - Best model saved with accuracy: 77.66%
2026-02-23 07:09:48,042 - INFO - Epoch [38] Batch [0/17]                     Loss: 0.3504, Hard: 0.5226, Soft: -0.1722                     Acc: 75.00% LR: 0.000459                     Alpha: 0.5744425058364868                     Beta: -0.3752819299697876                     MemKD: 0.4955854117870331
2026-02-23 07:10:17,119 - INFO - Epoch [38/200] Train Loss: 0.5468, Train Acc: 76.47%, Val Loss: 0.6495, Val Acc: 74.87%
2026-02-23 07:10:39,027 - INFO - Epoch [39] Batch [0/17]                     Loss: 0.2172, Hard: 0.3843, Soft: -0.1672                     Acc: 87.50% LR: 0.000457                     Alpha: 0.5744425058364868                     Beta: -0.38514307141304016                     MemKD: 0.4927310347557068
2026-02-23 07:11:05,857 - INFO - Epoch [39/200] Train Loss: 0.4612, Train Acc: 78.31%, Val Loss: 0.6836, Val Acc: 72.07%
2026-02-23 07:11:27,031 - INFO - Epoch [40] Batch [0/17]                     Loss: 0.1696, Hard: 0.3918, Soft: -0.2222                     Acc: 87.50% LR: 0.000455                     Alpha: 0.5744425058364868                     Beta: -0.3947802782058716                     MemKD: 0.490000456571579
2026-02-23 07:11:55,540 - INFO - Epoch [40/200] Train Loss: 0.5910, Train Acc: 73.53%, Val Loss: 0.6165, Val Acc: 78.59%
2026-02-23 07:11:55,541 - INFO - Best model saved with accuracy: 78.59%
2026-02-23 07:11:55,618 - INFO - Checkpoint saved at epoch 40
2026-02-23 07:12:17,877 - INFO - Epoch [41] Batch [0/17]                     Loss: 0.1323, Hard: 0.3473, Soft: -0.2150                     Acc: 87.50% LR: 0.000452                     Alpha: 0.5744425058364868                     Beta: -0.404221773147583                     MemKD: 0.4873201847076416
2026-02-23 07:12:46,216 - INFO - Epoch [41/200] Train Loss: 0.5632, Train Acc: 73.16%, Val Loss: 0.5684, Val Acc: 78.72%
2026-02-23 07:12:46,217 - INFO - Best model saved with accuracy: 78.72%
2026-02-23 07:13:08,111 - INFO - Epoch [42] Batch [0/17]                     Loss: 0.7005, Hard: 0.8079, Soft: -0.1075                     Acc: 68.75% LR: 0.000450                     Alpha: 0.5744425058364868                     Beta: -0.41348299384117126                     MemKD: 0.4847491979598999
2026-02-23 07:13:36,104 - INFO - Epoch [42/200] Train Loss: 0.4889, Train Acc: 77.57%, Val Loss: 0.6125, Val Acc: 76.99%
2026-02-23 07:13:59,264 - INFO - Epoch [43] Batch [0/17]                     Loss: 0.2924, Hard: 0.4858, Soft: -0.1934                     Acc: 75.00% LR: 0.000448                     Alpha: 0.5744425058364868                     Beta: -0.42285680770874023                     MemKD: 0.48204362392425537
2026-02-23 07:14:28,037 - INFO - Epoch [43/200] Train Loss: 0.4143, Train Acc: 75.74%, Val Loss: 0.6969, Val Acc: 75.80%
2026-02-23 07:14:50,738 - INFO - Epoch [44] Batch [0/17]                     Loss: 0.3726, Hard: 0.5474, Soft: -0.1748                     Acc: 87.50% LR: 0.000445                     Alpha: 0.5744425058364868                     Beta: -0.4322715699672699                     MemKD: 0.47921472787857056
2026-02-23 07:15:19,187 - INFO - Epoch [44/200] Train Loss: 0.3688, Train Acc: 80.15%, Val Loss: 0.6521, Val Acc: 74.87%
2026-02-23 07:15:41,849 - INFO - Epoch [45] Batch [0/17]                     Loss: 0.2923, Hard: 0.5114, Soft: -0.2192                     Acc: 81.25% LR: 0.000443                     Alpha: 0.5744425058364868                     Beta: -0.4417455196380615                     MemKD: 0.47624683380126953
2026-02-23 07:16:10,635 - INFO - Epoch [45/200] Train Loss: 0.4595, Train Acc: 77.21%, Val Loss: 0.7546, Val Acc: 71.54%
2026-02-23 07:16:33,107 - INFO - Epoch [46] Batch [0/17]                     Loss: 0.6520, Hard: 0.7788, Soft: -0.1268                     Acc: 68.75% LR: 0.000440                     Alpha: 0.5744425058364868                     Beta: -0.4511878788471222                     MemKD: 0.4732372760772705
2026-02-23 07:17:00,115 - INFO - Epoch [46/200] Train Loss: 0.3634, Train Acc: 79.41%, Val Loss: 0.5257, Val Acc: 80.59%
2026-02-23 07:17:00,115 - INFO - Best model saved with accuracy: 80.59%
2026-02-23 07:17:21,686 - INFO - Epoch [47] Batch [0/17]                     Loss: 1.3144, Hard: 1.3758, Soft: -0.0615                     Acc: 62.50% LR: 0.000438                     Alpha: 0.5744425058364868                     Beta: -0.4602198004722595                     MemKD: 0.4705541431903839
2026-02-23 07:17:50,657 - INFO - Epoch [47/200] Train Loss: 0.4499, Train Acc: 74.26%, Val Loss: 0.6453, Val Acc: 76.60%
2026-02-23 07:18:13,077 - INFO - Epoch [48] Batch [0/17]                     Loss: 0.6490, Hard: 0.8211, Soft: -0.1721                     Acc: 62.50% LR: 0.000435                     Alpha: 0.5744425058364868                     Beta: -0.4692177474498749                     MemKD: 0.4677896499633789
2026-02-23 07:18:42,609 - INFO - Epoch [48/200] Train Loss: 0.4077, Train Acc: 75.00%, Val Loss: 0.5515, Val Acc: 79.92%
2026-02-23 07:19:06,172 - INFO - Epoch [49] Batch [0/17]                     Loss: 0.6518, Hard: 0.8273, Soft: -0.1755                     Acc: 68.75% LR: 0.000432                     Alpha: 0.5744425058364868                     Beta: -0.47833767533302307                     MemKD: 0.4648931324481964
2026-02-23 07:19:33,963 - INFO - Epoch [49/200] Train Loss: 0.3928, Train Acc: 77.57%, Val Loss: 0.6332, Val Acc: 76.46%
2026-02-23 07:19:55,361 - INFO - Epoch [50] Batch [0/17]                     Loss: 0.4098, Hard: 0.6497, Soft: -0.2400                     Acc: 81.25% LR: 0.000430                     Alpha: 0.5744425058364868                     Beta: -0.48742374777793884                     MemKD: 0.461995005607605
2026-02-23 07:20:23,863 - INFO - Epoch [50/200] Train Loss: 0.3723, Train Acc: 77.94%, Val Loss: 0.5238, Val Acc: 79.79%
2026-02-23 07:20:23,921 - INFO - Checkpoint saved at epoch 50
2026-02-23 07:20:47,687 - INFO - Epoch [51] Batch [0/17]                     Loss: 0.1705, Hard: 0.4433, Soft: -0.2728                     Acc: 75.00% LR: 0.000427                     Alpha: 0.5744425058364868                     Beta: -0.49642249941825867                     MemKD: 0.45913994312286377
2026-02-23 07:21:16,106 - INFO - Epoch [51/200] Train Loss: 0.3532, Train Acc: 77.57%, Val Loss: 0.5720, Val Acc: 77.93%
2026-02-23 07:21:38,612 - INFO - Epoch [52] Batch [0/17]                     Loss: -0.0083, Hard: 0.3261, Soft: -0.3344                     Acc: 87.50% LR: 0.000424                     Alpha: 0.5744425058364868                     Beta: -0.5053836107254028                     MemKD: 0.4562865197658539
2026-02-23 07:22:07,873 - INFO - Epoch [52/200] Train Loss: 0.2692, Train Acc: 79.78%, Val Loss: 0.4868, Val Acc: 82.05%
2026-02-23 07:22:07,873 - INFO - Best model saved with accuracy: 82.05%
2026-02-23 07:22:30,415 - INFO - Epoch [53] Batch [0/17]                     Loss: 0.2181, Hard: 0.4830, Soft: -0.2648                     Acc: 81.25% LR: 0.000421                     Alpha: 0.5744425058364868                     Beta: -0.5144340991973877                     MemKD: 0.453335165977478
2026-02-23 07:22:57,102 - INFO - Epoch [53/200] Train Loss: 0.1928, Train Acc: 83.09%, Val Loss: 0.5004, Val Acc: 81.12%
2026-02-23 07:23:19,287 - INFO - Epoch [54] Batch [0/17]                     Loss: 0.0627, Hard: 0.3932, Soft: -0.3305                     Acc: 81.25% LR: 0.000418                     Alpha: 0.5744425058364868                     Beta: -0.5234892964363098                     MemKD: 0.4503649175167084
2026-02-23 07:23:49,063 - INFO - Epoch [54/200] Train Loss: 0.1892, Train Acc: 79.41%, Val Loss: 0.6032, Val Acc: 77.66%
2026-02-23 07:24:10,718 - INFO - Epoch [55] Batch [0/17]                     Loss: 0.1406, Hard: 0.4632, Soft: -0.3227                     Acc: 75.00% LR: 0.000415                     Alpha: 0.5744425058364868                     Beta: -0.5325360298156738                     MemKD: 0.4473709464073181
2026-02-23 07:24:39,143 - INFO - Epoch [55/200] Train Loss: 0.3701, Train Acc: 75.74%, Val Loss: 0.7386, Val Acc: 71.81%
2026-02-23 07:25:02,230 - INFO - Epoch [56] Batch [0/17]                     Loss: 0.1179, Hard: 0.4353, Soft: -0.3174                     Acc: 87.50% LR: 0.000412                     Alpha: 0.5744425058364868                     Beta: -0.5412031412124634                     MemKD: 0.4446215033531189
2026-02-23 07:25:30,814 - INFO - Epoch [56/200] Train Loss: 0.2316, Train Acc: 79.78%, Val Loss: 0.6405, Val Acc: 76.73%
2026-02-23 07:25:53,108 - INFO - Epoch [57] Batch [0/17]                     Loss: 0.0958, Hard: 0.4374, Soft: -0.3416                     Acc: 81.25% LR: 0.000409                     Alpha: 0.5744425058364868                     Beta: -0.5497349500656128                     MemKD: 0.4419449269771576
2026-02-23 07:26:21,605 - INFO - Epoch [57/200] Train Loss: 0.2419, Train Acc: 78.68%, Val Loss: 0.5350, Val Acc: 80.45%
2026-02-23 07:26:44,854 - INFO - Epoch [58] Batch [0/17]                     Loss: -0.1162, Hard: 0.2851, Soft: -0.4013                     Acc: 93.75% LR: 0.000406                     Alpha: 0.5744425058364868                     Beta: -0.558332622051239                     MemKD: 0.43920305371284485
2026-02-23 07:27:14,416 - INFO - Epoch [58/200] Train Loss: 0.2143, Train Acc: 80.88%, Val Loss: 0.5994, Val Acc: 77.79%
2026-02-23 07:27:36,632 - INFO - Epoch [59] Batch [0/17]                     Loss: 0.4167, Hard: 0.6915, Soft: -0.2748                     Acc: 75.00% LR: 0.000403                     Alpha: 0.5744425058364868                     Beta: -0.566788911819458                     MemKD: 0.43652212619781494
2026-02-23 07:28:05,807 - INFO - Epoch [59/200] Train Loss: 0.1430, Train Acc: 81.62%, Val Loss: 0.7468, Val Acc: 71.68%
2026-02-23 07:28:28,009 - INFO - Epoch [60] Batch [0/17]                     Loss: -0.1086, Hard: 0.2972, Soft: -0.4058                     Acc: 93.75% LR: 0.000400                     Alpha: 0.5744425058364868                     Beta: -0.5752968192100525                     MemKD: 0.4337996542453766
2026-02-23 07:28:55,971 - INFO - Epoch [60/200] Train Loss: 0.1655, Train Acc: 81.25%, Val Loss: 0.5145, Val Acc: 81.65%
2026-02-23 07:28:56,015 - INFO - Checkpoint saved at epoch 60
2026-02-23 07:29:18,529 - INFO - Epoch [61] Batch [0/17]                     Loss: -0.1120, Hard: 0.3180, Soft: -0.4300                     Acc: 87.50% LR: 0.000397                     Alpha: 0.5744425058364868                     Beta: -0.5837773680686951                     MemKD: 0.431098073720932
2026-02-23 07:29:47,176 - INFO - Epoch [61/200] Train Loss: 0.3309, Train Acc: 76.10%, Val Loss: 0.5555, Val Acc: 78.06%
2026-02-23 07:30:09,495 - INFO - Epoch [62] Batch [0/17]                     Loss: -0.1256, Hard: 0.3033, Soft: -0.4289                     Acc: 93.75% LR: 0.000394                     Alpha: 0.5744425058364868                     Beta: -0.5920077562332153                     MemKD: 0.42854073643684387
2026-02-23 07:30:37,530 - INFO - Epoch [62/200] Train Loss: 0.2763, Train Acc: 78.31%, Val Loss: 0.5593, Val Acc: 80.19%
2026-02-23 07:31:00,768 - INFO - Epoch [63] Batch [0/17]                     Loss: 0.3806, Hard: 0.7015, Soft: -0.3210                     Acc: 75.00% LR: 0.000391                     Alpha: 0.5744425058364868                     Beta: -0.5999892950057983                     MemKD: 0.4261222183704376
2026-02-23 07:31:28,995 - INFO - Epoch [63/200] Train Loss: 0.2238, Train Acc: 76.10%, Val Loss: 0.7868, Val Acc: 68.35%
2026-02-23 07:31:51,243 - INFO - Epoch [64] Batch [0/17]                     Loss: 0.9591, Hard: 1.1397, Soft: -0.1806                     Acc: 62.50% LR: 0.000387                     Alpha: 0.5744425058364868                     Beta: -0.6078161597251892                     MemKD: 0.42377734184265137
2026-02-23 07:32:20,089 - INFO - Epoch [64/200] Train Loss: 0.2693, Train Acc: 77.94%, Val Loss: 0.5639, Val Acc: 78.86%
2026-02-23 07:32:42,492 - INFO - Epoch [65] Batch [0/17]                     Loss: 0.0202, Hard: 0.4255, Soft: -0.4053                     Acc: 87.50% LR: 0.000384                     Alpha: 0.5744425058364868                     Beta: -0.6156473159790039                     MemKD: 0.4214355945587158
2026-02-23 07:33:10,696 - INFO - Epoch [65/200] Train Loss: 0.1839, Train Acc: 78.68%, Val Loss: 0.4861, Val Acc: 81.65%
2026-02-23 07:33:32,855 - INFO - Epoch [66] Batch [0/17]                     Loss: -0.1505, Hard: 0.3007, Soft: -0.4512                     Acc: 87.50% LR: 0.000381                     Alpha: 0.5744425058364868                     Beta: -0.6235513687133789                     MemKD: 0.4190122187137604
2026-02-23 07:34:02,727 - INFO - Epoch [66/200] Train Loss: 0.0779, Train Acc: 81.62%, Val Loss: 0.4935, Val Acc: 81.65%
2026-02-23 07:34:24,567 - INFO - Epoch [67] Batch [0/17]                     Loss: -0.0564, Hard: 0.3874, Soft: -0.4438                     Acc: 87.50% LR: 0.000377                     Alpha: 0.5744425058364868                     Beta: -0.6315568685531616                     MemKD: 0.4165208339691162
2026-02-23 07:34:50,636 - INFO - Epoch [67/200] Train Loss: 0.1036, Train Acc: 81.25%, Val Loss: 0.6424, Val Acc: 76.60%
2026-02-23 07:35:12,067 - INFO - Epoch [68] Batch [0/17]                     Loss: 0.6302, Hard: 0.9029, Soft: -0.2727                     Acc: 56.25% LR: 0.000374                     Alpha: 0.5744425058364868                     Beta: -0.6393640041351318                     MemKD: 0.414119690656662
2026-02-23 07:35:41,037 - INFO - Epoch [68/200] Train Loss: 0.0164, Train Acc: 82.72%, Val Loss: 0.4865, Val Acc: 81.65%
2026-02-23 07:36:03,875 - INFO - Epoch [69] Batch [0/17]                     Loss: -0.2391, Hard: 0.2702, Soft: -0.5093                     Acc: 87.50% LR: 0.000370                     Alpha: 0.5744425058364868                     Beta: -0.647250771522522                     MemKD: 0.41165846586227417
2026-02-23 07:36:31,881 - INFO - Epoch [69/200] Train Loss: 0.1799, Train Acc: 76.10%, Val Loss: 0.7937, Val Acc: 71.81%
2026-02-23 07:36:54,392 - INFO - Epoch [70] Batch [0/17]                     Loss: 0.5015, Hard: 0.8370, Soft: -0.3355                     Acc: 62.50% LR: 0.000367                     Alpha: 0.5744425058364868                     Beta: -0.6549421548843384                     MemKD: 0.4093096852302551
2026-02-23 07:37:22,935 - INFO - Epoch [70/200] Train Loss: 0.0987, Train Acc: 79.78%, Val Loss: 0.5493, Val Acc: 78.72%
2026-02-23 07:37:22,982 - INFO - Checkpoint saved at epoch 70
2026-02-23 07:37:44,060 - INFO - Epoch [71] Batch [0/17]                     Loss: -0.0083, Hard: 0.4281, Soft: -0.4365                     Acc: 81.25% LR: 0.000363                     Alpha: 0.5744425058364868                     Beta: -0.6623791456222534                     MemKD: 0.4071129560470581
2026-02-23 07:38:12,876 - INFO - Epoch [71/200] Train Loss: -0.0100, Train Acc: 83.82%, Val Loss: 0.4782, Val Acc: 82.18%
2026-02-23 07:38:12,877 - INFO - Best model saved with accuracy: 82.18%
2026-02-23 07:38:35,148 - INFO - Epoch [72] Batch [0/17]                     Loss: 0.2339, Hard: 0.6298, Soft: -0.3959                     Acc: 75.00% LR: 0.000360                     Alpha: 0.5744425058364868                     Beta: -0.6700426936149597                     MemKD: 0.4047694802284241
2026-02-23 07:39:03,154 - INFO - Epoch [72/200] Train Loss: 0.1000, Train Acc: 80.51%, Val Loss: 0.4502, Val Acc: 83.51%
2026-02-23 07:39:03,154 - INFO - Best model saved with accuracy: 83.51%
2026-02-23 07:39:25,730 - INFO - Epoch [73] Batch [0/17]                     Loss: 0.2333, Hard: 0.6422, Soft: -0.4089                     Acc: 81.25% LR: 0.000356                     Alpha: 0.5744425058364868                     Beta: -0.6774542927742004                     MemKD: 0.4025503695011139
2026-02-23 07:39:56,672 - INFO - Epoch [73/200] Train Loss: -0.1017, Train Acc: 86.03%, Val Loss: 0.5781, Val Acc: 78.86%
2026-02-23 07:40:20,401 - INFO - Epoch [74] Batch [0/17]                     Loss: -0.1959, Hard: 0.3116, Soft: -0.5075                     Acc: 93.75% LR: 0.000353                     Alpha: 0.5744425058364868                     Beta: -0.6849181056022644                     MemKD: 0.40028318762779236
2026-02-23 07:40:47,055 - INFO - Epoch [74/200] Train Loss: -0.0358, Train Acc: 81.99%, Val Loss: 0.4828, Val Acc: 82.98%
2026-02-23 07:41:09,188 - INFO - Epoch [75] Batch [0/17]                     Loss: -0.1044, Hard: 0.4002, Soft: -0.5046                     Acc: 81.25% LR: 0.000349                     Alpha: 0.5744425058364868                     Beta: -0.6924700736999512                     MemKD: 0.3979771137237549
2026-02-23 07:41:38,268 - INFO - Epoch [75/200] Train Loss: -0.0708, Train Acc: 85.66%, Val Loss: 0.6808, Val Acc: 74.73%
2026-02-23 07:42:00,736 - INFO - Epoch [76] Batch [0/17]                     Loss: 0.0371, Hard: 0.4896, Soft: -0.4525                     Acc: 75.00% LR: 0.000346                     Alpha: 0.5744425058364868                     Beta: -0.6997957825660706                     MemKD: 0.39578524231910706
2026-02-23 07:42:29,593 - INFO - Epoch [76/200] Train Loss: -0.0636, Train Acc: 83.09%, Val Loss: 0.4924, Val Acc: 82.31%
2026-02-23 07:42:52,743 - INFO - Epoch [77] Batch [0/17]                     Loss: -0.0877, Hard: 0.4143, Soft: -0.5020                     Acc: 81.25% LR: 0.000342                     Alpha: 0.5744425058364868                     Beta: -0.7070491313934326                     MemKD: 0.39361220598220825
2026-02-23 07:43:20,002 - INFO - Epoch [77/200] Train Loss: -0.0645, Train Acc: 82.72%, Val Loss: 0.6497, Val Acc: 75.40%
2026-02-23 07:43:42,411 - INFO - Epoch [78] Batch [0/17]                     Loss: -0.2984, Hard: 0.3121, Soft: -0.6105                     Acc: 81.25% LR: 0.000338                     Alpha: 0.5744425058364868                     Beta: -0.7141954898834229                     MemKD: 0.3914851248264313
2026-02-23 07:44:11,462 - INFO - Epoch [78/200] Train Loss: -0.2139, Train Acc: 88.24%, Val Loss: 0.6070, Val Acc: 77.66%
2026-02-23 07:44:34,531 - INFO - Epoch [79] Batch [0/17]                     Loss: 0.0891, Hard: 0.5667, Soft: -0.4775                     Acc: 81.25% LR: 0.000335                     Alpha: 0.5744425058364868                     Beta: -0.7213378548622131                     MemKD: 0.3893478214740753
2026-02-23 07:45:04,019 - INFO - Epoch [79/200] Train Loss: 0.0251, Train Acc: 80.51%, Val Loss: 0.4690, Val Acc: 81.38%
2026-02-23 07:45:25,827 - INFO - Epoch [80] Batch [0/17]                     Loss: -0.2136, Hard: 0.3526, Soft: -0.5662                     Acc: 81.25% LR: 0.000331                     Alpha: 0.5744425058364868                     Beta: -0.7282734513282776                     MemKD: 0.38732677698135376
2026-02-23 07:45:55,236 - INFO - Epoch [80/200] Train Loss: 0.0100, Train Acc: 83.46%, Val Loss: 0.4412, Val Acc: 84.57%
2026-02-23 07:45:55,236 - INFO - Best model saved with accuracy: 84.57%
2026-02-23 07:45:55,299 - INFO - Checkpoint saved at epoch 80
2026-02-23 07:46:17,508 - INFO - Epoch [81] Batch [0/17]                     Loss: -0.1359, Hard: 0.3964, Soft: -0.5324                     Acc: 93.75% LR: 0.000327                     Alpha: 0.5744425058364868                     Beta: -0.7349950671195984                     MemKD: 0.385405570268631
2026-02-23 07:46:44,968 - INFO - Epoch [81/200] Train Loss: -0.0997, Train Acc: 83.82%, Val Loss: 0.4375, Val Acc: 83.51%
2026-02-23 07:47:07,743 - INFO - Epoch [82] Batch [0/17]                     Loss: -0.3522, Hard: 0.2424, Soft: -0.5946                     Acc: 93.75% LR: 0.000324                     Alpha: 0.5744425058364868                     Beta: -0.7415515780448914                     MemKD: 0.38354676961898804
2026-02-23 07:47:37,602 - INFO - Epoch [82/200] Train Loss: -0.1089, Train Acc: 84.19%, Val Loss: 0.5233, Val Acc: 80.98%
2026-02-23 07:48:01,121 - INFO - Epoch [83] Batch [0/17]                     Loss: 0.0387, Hard: 0.4770, Soft: -0.4383                     Acc: 75.00% LR: 0.000320                     Alpha: 0.5744425058364868                     Beta: -0.7482322454452515                     MemKD: 0.3816194534301758
2026-02-23 07:48:29,933 - INFO - Epoch [83/200] Train Loss: -0.1007, Train Acc: 84.56%, Val Loss: 0.5539, Val Acc: 79.65%
2026-02-23 07:48:52,400 - INFO - Epoch [84] Batch [0/17]                     Loss: 0.0559, Hard: 0.5245, Soft: -0.4686                     Acc: 68.75% LR: 0.000316                     Alpha: 0.5744425058364868                     Beta: -0.7547892332077026                     MemKD: 0.37976405024528503
2026-02-23 07:49:20,000 - INFO - Epoch [84/200] Train Loss: -0.1010, Train Acc: 83.09%, Val Loss: 0.5683, Val Acc: 79.79%
2026-02-23 07:49:40,748 - INFO - Epoch [85] Batch [0/17]                     Loss: -0.0074, Hard: 0.4903, Soft: -0.4977                     Acc: 87.50% LR: 0.000312                     Alpha: 0.5744425058364868                     Beta: -0.7612490653991699                     MemKD: 0.37793517112731934
2026-02-23 07:50:08,982 - INFO - Epoch [85/200] Train Loss: -0.0243, Train Acc: 83.09%, Val Loss: 0.4921, Val Acc: 82.58%
2026-02-23 07:50:31,175 - INFO - Epoch [86] Batch [0/17]                     Loss: -0.2300, Hard: 0.3443, Soft: -0.5743                     Acc: 87.50% LR: 0.000308                     Alpha: 0.5744425058364868                     Beta: -0.767500638961792                     MemKD: 0.37618762254714966
2026-02-23 07:51:00,150 - INFO - Epoch [86/200] Train Loss: -0.1121, Train Acc: 82.35%, Val Loss: 0.5306, Val Acc: 81.78%
2026-02-23 07:51:23,486 - INFO - Epoch [87] Batch [0/17]                     Loss: -0.3278, Hard: 0.3015, Soft: -0.6292                     Acc: 87.50% LR: 0.000305                     Alpha: 0.5744425058364868                     Beta: -0.7737043499946594                     MemKD: 0.374457985162735
2026-02-23 07:51:53,863 - INFO - Epoch [87/200] Train Loss: -0.1829, Train Acc: 83.46%, Val Loss: 0.5293, Val Acc: 80.19%
2026-02-23 07:52:15,756 - INFO - Epoch [88] Batch [0/17]                     Loss: 0.0219, Hard: 0.5409, Soft: -0.5190                     Acc: 62.50% LR: 0.000301                     Alpha: 0.5744425058364868                     Beta: -0.7798781394958496                     MemKD: 0.37272676825523376
2026-02-23 07:52:41,773 - INFO - Epoch [88/200] Train Loss: -0.1628, Train Acc: 82.72%, Val Loss: 0.5234, Val Acc: 80.32%
2026-02-23 07:53:03,168 - INFO - Epoch [89] Batch [0/17]                     Loss: -0.3823, Hard: 0.2423, Soft: -0.6246                     Acc: 93.75% LR: 0.000297                     Alpha: 0.5744425058364868                     Beta: -0.7860130667686462                     MemKD: 0.371004581451416
2026-02-23 07:53:32,272 - INFO - Epoch [89/200] Train Loss: -0.2303, Train Acc: 84.93%, Val Loss: 0.4529, Val Acc: 82.98%
2026-02-23 07:53:55,252 - INFO - Epoch [90] Batch [0/17]                     Loss: -0.3727, Hard: 0.3009, Soft: -0.6736                     Acc: 81.25% LR: 0.000293                     Alpha: 0.5744425058364868                     Beta: -0.7920965552330017                     MemKD: 0.3692918121814728
2026-02-23 07:54:24,767 - INFO - Epoch [90/200] Train Loss: -0.2016, Train Acc: 83.82%, Val Loss: 0.4597, Val Acc: 82.58%
2026-02-23 07:54:24,828 - INFO - Checkpoint saved at epoch 90
2026-02-23 07:54:47,991 - INFO - Epoch [91] Batch [0/17]                     Loss: 0.0555, Hard: 0.6366, Soft: -0.5811                     Acc: 81.25% LR: 0.000289                     Alpha: 0.5744425058364868                     Beta: -0.7981725335121155                     MemKD: 0.36758938431739807
2026-02-23 07:55:16,615 - INFO - Epoch [91/200] Train Loss: -0.2469, Train Acc: 86.03%, Val Loss: 0.4638, Val Acc: 82.31%
2026-02-23 07:55:37,776 - INFO - Epoch [92] Batch [0/17]                     Loss: -0.5229, Hard: 0.1663, Soft: -0.6892                     Acc: 93.75% LR: 0.000285                     Alpha: 0.5744425058364868                     Beta: -0.8040804266929626                     MemKD: 0.36595720052719116
2026-02-23 07:56:05,898 - INFO - Epoch [92/200] Train Loss: -0.3144, Train Acc: 90.07%, Val Loss: 0.4675, Val Acc: 83.11%
2026-02-23 07:56:28,913 - INFO - Epoch [93] Batch [0/17]                     Loss: -0.4669, Hard: 0.2116, Soft: -0.6786                     Acc: 93.75% LR: 0.000281                     Alpha: 0.5744425058364868                     Beta: -0.810004472732544                     MemKD: 0.3643050491809845
2026-02-23 07:56:58,473 - INFO - Epoch [93/200] Train Loss: -0.1912, Train Acc: 86.03%, Val Loss: 0.5180, Val Acc: 82.18%
2026-02-23 07:57:20,881 - INFO - Epoch [94] Batch [0/17]                     Loss: -0.5006, Hard: 0.2009, Soft: -0.7016                     Acc: 100.00% LR: 0.000277                     Alpha: 0.5744425058364868                     Beta: -0.8157802820205688                     MemKD: 0.3627089262008667
2026-02-23 07:57:50,884 - INFO - Epoch [94/200] Train Loss: -0.3286, Train Acc: 88.24%, Val Loss: 0.4395, Val Acc: 84.97%
2026-02-23 07:57:50,885 - INFO - Best model saved with accuracy: 84.97%
2026-02-23 07:58:12,697 - INFO - Epoch [95] Batch [0/17]                     Loss: 0.2479, Hard: 0.6972, Soft: -0.4492                     Acc: 81.25% LR: 0.000274                     Alpha: 0.5744425058364868                     Beta: -0.8214432001113892                     MemKD: 0.36115801334381104
2026-02-23 07:58:40,155 - INFO - Epoch [95/200] Train Loss: -0.2684, Train Acc: 84.93%, Val Loss: 0.4350, Val Acc: 84.04%
2026-02-23 07:59:01,974 - INFO - Epoch [96] Batch [0/17]                     Loss: -0.5719, Hard: 0.1408, Soft: -0.7127                     Acc: 100.00% LR: 0.000270                     Alpha: 0.5744425058364868                     Beta: -0.8270087838172913                     MemKD: 0.35963526368141174
2026-02-23 07:59:31,025 - INFO - Epoch [96/200] Train Loss: -0.3288, Train Acc: 90.07%, Val Loss: 0.4744, Val Acc: 83.38%
2026-02-23 07:59:54,227 - INFO - Epoch [97] Batch [0/17]                     Loss: -0.3758, Hard: 0.2795, Soft: -0.6553                     Acc: 87.50% LR: 0.000266                     Alpha: 0.5744425058364868                     Beta: -0.8324815630912781                     MemKD: 0.35814759135246277
2026-02-23 08:00:23,728 - INFO - Epoch [97/200] Train Loss: -0.3528, Train Acc: 86.76%, Val Loss: 0.5024, Val Acc: 82.71%
2026-02-23 08:00:46,939 - INFO - Epoch [98] Batch [0/17]                     Loss: -0.4197, Hard: 0.2364, Soft: -0.6561                     Acc: 93.75% LR: 0.000262                     Alpha: 0.5744425058364868                     Beta: -0.8379635214805603                     MemKD: 0.3566533625125885
2026-02-23 08:01:14,386 - INFO - Epoch [98/200] Train Loss: -0.3338, Train Acc: 87.50%, Val Loss: 0.4320, Val Acc: 84.04%
2026-02-23 08:01:35,843 - INFO - Epoch [99] Batch [0/17]                     Loss: -0.2810, Hard: 0.3751, Soft: -0.6561                     Acc: 81.25% LR: 0.000258                     Alpha: 0.5744425058364868                     Beta: -0.8433084487915039                     MemKD: 0.35520943999290466
2026-02-23 08:02:04,517 - INFO - Epoch [99/200] Train Loss: -0.4148, Train Acc: 88.60%, Val Loss: 0.5254, Val Acc: 79.92%
2026-02-23 08:02:26,109 - INFO - Epoch [100] Batch [0/17]                     Loss: -0.6973, Hard: 0.1087, Soft: -0.8061                     Acc: 93.75% LR: 0.000254                     Alpha: 0.5744425058364868                     Beta: -0.8486353754997253                     MemKD: 0.35377633571624756
2026-02-23 08:02:54,426 - INFO - Epoch [100/200] Train Loss: -0.2553, Train Acc: 83.82%, Val Loss: 0.3943, Val Acc: 86.17%
2026-02-23 08:02:54,427 - INFO - Best model saved with accuracy: 86.17%
2026-02-23 08:02:54,506 - INFO - Checkpoint saved at epoch 100
2026-02-23 08:03:16,262 - INFO - Epoch [101] Batch [0/17]                     Loss: -0.2594, Hard: 0.4282, Soft: -0.6875                     Acc: 81.25% LR: 0.000250                     Alpha: 0.5744425058364868                     Beta: -0.8538146615028381                     MemKD: 0.3523961305618286
2026-02-23 08:03:46,425 - INFO - Epoch [101/200] Train Loss: -0.4085, Train Acc: 88.24%, Val Loss: 0.5708, Val Acc: 80.05%
2026-02-23 08:04:09,417 - INFO - Epoch [102] Batch [0/17]                     Loss: -0.6727, Hard: 0.1015, Soft: -0.7742                     Acc: 100.00% LR: 0.000246                     Alpha: 0.5744425058364868                     Beta: -0.8589212894439697                     MemKD: 0.3510393798351288
2026-02-23 08:04:37,589 - INFO - Epoch [102/200] Train Loss: -0.3516, Train Acc: 86.03%, Val Loss: 0.4979, Val Acc: 80.98%
2026-02-23 08:05:00,159 - INFO - Epoch [103] Batch [0/17]                     Loss: -0.5188, Hard: 0.2525, Soft: -0.7713                     Acc: 87.50% LR: 0.000242                     Alpha: 0.5744425058364868                     Beta: -0.8638970851898193                     MemKD: 0.34971949458122253
2026-02-23 08:05:29,071 - INFO - Epoch [103/200] Train Loss: -0.2835, Train Acc: 87.13%, Val Loss: 0.4009, Val Acc: 86.17%
2026-02-23 08:05:52,297 - INFO - Epoch [104] Batch [0/17]                     Loss: -0.6203, Hard: 0.1878, Soft: -0.8082                     Acc: 100.00% LR: 0.000238                     Alpha: 0.5744425058364868                     Beta: -0.8687039613723755                     MemKD: 0.3484611213207245
2026-02-23 08:06:21,041 - INFO - Epoch [104/200] Train Loss: -0.3621, Train Acc: 86.76%, Val Loss: 0.4299, Val Acc: 85.24%
2026-02-23 08:06:44,088 - INFO - Epoch [105] Batch [0/17]                     Loss: -0.3414, Hard: 0.4189, Soft: -0.7604                     Acc: 87.50% LR: 0.000234                     Alpha: 0.5744425058364868                     Beta: -0.8734655380249023                     MemKD: 0.3472230136394501
2026-02-23 08:07:11,795 - INFO - Epoch [105/200] Train Loss: -0.3033, Train Acc: 85.66%, Val Loss: 0.4586, Val Acc: 84.97%
2026-02-23 08:07:32,334 - INFO - Epoch [106] Batch [0/17]                     Loss: -0.2450, Hard: 0.4636, Soft: -0.7087                     Acc: 75.00% LR: 0.000230                     Alpha: 0.5744425058364868                     Beta: -0.8781741261482239                     MemKD: 0.34600141644477844
2026-02-23 08:08:01,189 - INFO - Epoch [106/200] Train Loss: -0.4170, Train Acc: 87.13%, Val Loss: 0.4577, Val Acc: 84.04%
2026-02-23 08:08:24,462 - INFO - Epoch [107] Batch [0/17]                     Loss: -0.4294, Hard: 0.3291, Soft: -0.7585                     Acc: 87.50% LR: 0.000226                     Alpha: 0.5744425058364868                     Beta: -0.8828198909759521                     MemKD: 0.3447944223880768
2026-02-23 08:08:52,383 - INFO - Epoch [107/200] Train Loss: -0.4233, Train Acc: 88.60%, Val Loss: 0.4566, Val Acc: 83.38%
2026-02-23 08:09:14,000 - INFO - Epoch [108] Batch [0/17]                     Loss: -0.7323, Hard: 0.1234, Soft: -0.8557                     Acc: 100.00% LR: 0.000223                     Alpha: 0.5744425058364868                     Beta: -0.8873916864395142                     MemKD: 0.3436090052127838
2026-02-23 08:09:41,396 - INFO - Epoch [108/200] Train Loss: -0.4581, Train Acc: 88.60%, Val Loss: 0.4749, Val Acc: 82.58%
2026-02-23 08:10:03,006 - INFO - Epoch [109] Batch [0/17]                     Loss: -0.2731, Hard: 0.4499, Soft: -0.7230                     Acc: 75.00% LR: 0.000219                     Alpha: 0.5744425058364868                     Beta: -0.8919150829315186                     MemKD: 0.3424335718154907
2026-02-23 08:10:29,006 - INFO - Epoch [109/200] Train Loss: -0.4046, Train Acc: 87.13%, Val Loss: 0.4336, Val Acc: 86.17%
2026-02-23 08:10:50,787 - INFO - Epoch [110] Batch [0/17]                     Loss: -0.7883, Hard: 0.0777, Soft: -0.8660                     Acc: 100.00% LR: 0.000215                     Alpha: 0.5744425058364868                     Beta: -0.8963028192520142                     MemKD: 0.3413098156452179
2026-02-23 08:11:19,079 - INFO - Epoch [110/200] Train Loss: -0.4781, Train Acc: 88.97%, Val Loss: 0.4614, Val Acc: 84.18%
2026-02-23 08:11:19,138 - INFO - Checkpoint saved at epoch 110
2026-02-23 08:11:41,099 - INFO - Epoch [111] Batch [0/17]                     Loss: -0.1958, Hard: 0.4298, Soft: -0.6256                     Acc: 81.25% LR: 0.000211                     Alpha: 0.5744425058364868                     Beta: -0.9006105661392212                     MemKD: 0.34020766615867615
2026-02-23 08:12:10,079 - INFO - Epoch [111/200] Train Loss: -0.4806, Train Acc: 89.34%, Val Loss: 0.5206, Val Acc: 80.19%
2026-02-23 08:12:33,630 - INFO - Epoch [112] Batch [0/17]                     Loss: -0.6606, Hard: 0.1483, Soft: -0.8088                     Acc: 93.75% LR: 0.000207                     Alpha: 0.5744425058364868                     Beta: -0.9048541784286499                     MemKD: 0.3391231894493103
2026-02-23 08:13:03,204 - INFO - Epoch [112/200] Train Loss: -0.4227, Train Acc: 87.50%, Val Loss: 0.4228, Val Acc: 85.64%
2026-02-23 08:13:23,927 - INFO - Epoch [113] Batch [0/17]                     Loss: -0.7724, Hard: 0.1056, Soft: -0.8780                     Acc: 100.00% LR: 0.000203                     Alpha: 0.5744425058364868                     Beta: -0.9089856147766113                     MemKD: 0.33807095885276794
2026-02-23 08:13:51,868 - INFO - Epoch [113/200] Train Loss: -0.4460, Train Acc: 87.50%, Val Loss: 0.4472, Val Acc: 84.18%
2026-02-23 08:14:13,342 - INFO - Epoch [114] Batch [0/17]                     Loss: -0.7304, Hard: 0.1248, Soft: -0.8552                     Acc: 100.00% LR: 0.000199                     Alpha: 0.5744425058364868                     Beta: -0.91299968957901                     MemKD: 0.33705782890319824
2026-02-23 08:14:42,732 - INFO - Epoch [114/200] Train Loss: -0.3505, Train Acc: 85.29%, Val Loss: 0.5335, Val Acc: 79.65%
2026-02-23 08:15:04,753 - INFO - Epoch [115] Batch [0/17]                     Loss: -0.4707, Hard: 0.3158, Soft: -0.7865                     Acc: 81.25% LR: 0.000195                     Alpha: 0.5744425058364868                     Beta: -0.9169192910194397                     MemKD: 0.3360728919506073
2026-02-23 08:15:32,705 - INFO - Epoch [115/200] Train Loss: -0.3663, Train Acc: 84.93%, Val Loss: 0.4281, Val Acc: 85.51%
2026-02-23 08:15:56,326 - INFO - Epoch [116] Batch [0/17]                     Loss: -0.0082, Hard: 0.6518, Soft: -0.6600                     Acc: 75.00% LR: 0.000192                     Alpha: 0.5744425058364868                     Beta: -0.9207249879837036                     MemKD: 0.33512675762176514
2026-02-23 08:16:22,683 - INFO - Epoch [116/200] Train Loss: -0.4530, Train Acc: 86.40%, Val Loss: 0.3930, Val Acc: 86.44%
2026-02-23 08:16:22,684 - INFO - Best model saved with accuracy: 86.44%
2026-02-23 08:16:45,253 - INFO - Epoch [117] Batch [0/17]                     Loss: -0.3515, Hard: 0.4163, Soft: -0.7678                     Acc: 87.50% LR: 0.000188                     Alpha: 0.5744425058364868                     Beta: -0.9244664907455444                     MemKD: 0.33419370651245117
2026-02-23 08:17:14,955 - INFO - Epoch [117/200] Train Loss: -0.4890, Train Acc: 88.60%, Val Loss: 0.4348, Val Acc: 84.97%
2026-02-23 08:17:37,249 - INFO - Epoch [118] Batch [0/17]                     Loss: -0.4711, Hard: 0.2909, Soft: -0.7619                     Acc: 87.50% LR: 0.000184                     Alpha: 0.5744425058364868                     Beta: -0.9281556606292725                     MemKD: 0.33327049016952515
2026-02-23 08:18:06,763 - INFO - Epoch [118/200] Train Loss: -0.4975, Train Acc: 87.50%, Val Loss: 0.4892, Val Acc: 83.91%
2026-02-23 08:18:29,868 - INFO - Epoch [119] Batch [0/17]                     Loss: -0.5795, Hard: 0.2735, Soft: -0.8529                     Acc: 87.50% LR: 0.000180                     Alpha: 0.5744425058364868                     Beta: -0.9317848682403564                     MemKD: 0.3323611915111542
2026-02-23 08:18:58,938 - INFO - Epoch [119/200] Train Loss: -0.5569, Train Acc: 90.07%, Val Loss: 0.4401, Val Acc: 84.57%
2026-02-23 08:19:22,201 - INFO - Epoch [120] Batch [0/17]                     Loss: -0.6220, Hard: 0.2474, Soft: -0.8694                     Acc: 93.75% LR: 0.000176                     Alpha: 0.5744425058364868                     Beta: -0.9353561401367188                     MemKD: 0.33146825432777405
2026-02-23 08:19:52,229 - INFO - Epoch [120/200] Train Loss: -0.5371, Train Acc: 89.71%, Val Loss: 0.4048, Val Acc: 87.10%
2026-02-23 08:19:52,229 - INFO - Best model saved with accuracy: 87.10%
2026-02-23 08:19:52,309 - INFO - Checkpoint saved at epoch 120
2026-02-23 08:20:14,567 - INFO - Epoch [121] Batch [0/17]                     Loss: -0.5310, Hard: 0.3205, Soft: -0.8515                     Acc: 81.25% LR: 0.000173                     Alpha: 0.5744425058364868                     Beta: -0.9388647675514221                     MemKD: 0.3305925726890564
2026-02-23 08:20:42,645 - INFO - Epoch [121/200] Train Loss: -0.4942, Train Acc: 86.76%, Val Loss: 0.4184, Val Acc: 85.11%
2026-02-23 08:21:05,402 - INFO - Epoch [122] Batch [0/17]                     Loss: -0.6258, Hard: 0.2191, Soft: -0.8449                     Acc: 100.00% LR: 0.000169                     Alpha: 0.5744425058364868                     Beta: -0.9422689080238342                     MemKD: 0.32974913716316223
2026-02-23 08:21:34,751 - INFO - Epoch [122/200] Train Loss: -0.5586, Train Acc: 92.28%, Val Loss: 0.4385, Val Acc: 85.11%
2026-02-23 08:21:56,272 - INFO - Epoch [123] Batch [0/17]                     Loss: -0.0234, Hard: 0.6358, Soft: -0.6592                     Acc: 75.00% LR: 0.000165                     Alpha: 0.5744425058364868                     Beta: -0.9455927610397339                     MemKD: 0.3289277255535126
2026-02-23 08:22:25,271 - INFO - Epoch [123/200] Train Loss: -0.4145, Train Acc: 85.29%, Val Loss: 0.4133, Val Acc: 84.31%
2026-02-23 08:22:47,136 - INFO - Epoch [124] Batch [0/17]                     Loss: -0.7221, Hard: 0.1623, Soft: -0.8844                     Acc: 87.50% LR: 0.000162                     Alpha: 0.5744425058364868                     Beta: -0.948793351650238                     MemKD: 0.32814887166023254
2026-02-23 08:23:17,365 - INFO - Epoch [124/200] Train Loss: -0.5271, Train Acc: 89.34%, Val Loss: 0.4172, Val Acc: 85.37%
2026-02-23 08:23:39,727 - INFO - Epoch [125] Batch [0/17]                     Loss: -0.3131, Hard: 0.4318, Soft: -0.7449                     Acc: 81.25% LR: 0.000158                     Alpha: 0.5744425058364868                     Beta: -0.9519275426864624                     MemKD: 0.3273862302303314
2026-02-23 08:24:09,280 - INFO - Epoch [125/200] Train Loss: -0.4138, Train Acc: 85.29%, Val Loss: 0.5389, Val Acc: 77.13%
2026-02-23 08:24:31,695 - INFO - Epoch [126] Batch [0/17]                     Loss: -0.3252, Hard: 0.4782, Soft: -0.8034                     Acc: 75.00% LR: 0.000154                     Alpha: 0.5744425058364868                     Beta: -0.9549543857574463                     MemKD: 0.32665571570396423
2026-02-23 08:24:57,958 - INFO - Epoch [126/200] Train Loss: -0.4726, Train Acc: 86.76%, Val Loss: 0.4511, Val Acc: 84.44%
2026-02-23 08:25:18,084 - INFO - Epoch [127] Batch [0/17]                     Loss: -0.5236, Hard: 0.3198, Soft: -0.8433                     Acc: 93.75% LR: 0.000151                     Alpha: 0.5744425058364868                     Beta: -0.9579041600227356                     MemKD: 0.3259463310241699
2026-02-23 08:25:46,433 - INFO - Epoch [127/200] Train Loss: -0.5511, Train Acc: 91.54%, Val Loss: 0.3701, Val Acc: 86.97%
2026-02-23 08:26:08,370 - INFO - Epoch [128] Batch [0/17]                     Loss: -0.4583, Hard: 0.3602, Soft: -0.8185                     Acc: 93.75% LR: 0.000147                     Alpha: 0.5744425058364868                     Beta: -0.9608206152915955                     MemKD: 0.32524004578590393
2026-02-23 08:26:38,817 - INFO - Epoch [128/200] Train Loss: -0.5808, Train Acc: 90.07%, Val Loss: 0.4626, Val Acc: 83.64%
2026-02-23 08:27:02,208 - INFO - Epoch [129] Batch [0/17]                     Loss: -0.5821, Hard: 0.2399, Soft: -0.8219                     Acc: 93.75% LR: 0.000144                     Alpha: 0.5744425058364868                     Beta: -0.9636973738670349                     MemKD: 0.3245376646518707
2026-02-23 08:27:28,512 - INFO - Epoch [129/200] Train Loss: -0.6094, Train Acc: 90.44%, Val Loss: 0.4000, Val Acc: 85.77%
2026-02-23 08:27:49,515 - INFO - Epoch [130] Batch [0/17]                     Loss: -0.7111, Hard: 0.1807, Soft: -0.8918                     Acc: 87.50% LR: 0.000140                     Alpha: 0.5744425058364868                     Beta: -0.9665007591247559                     MemKD: 0.3238571882247925
2026-02-23 08:28:17,298 - INFO - Epoch [130/200] Train Loss: -0.5431, Train Acc: 89.34%, Val Loss: 0.4256, Val Acc: 85.11%
2026-02-23 08:28:17,357 - INFO - Checkpoint saved at epoch 130
2026-02-23 08:28:40,299 - INFO - Epoch [131] Batch [0/17]                     Loss: -0.5213, Hard: 0.3013, Soft: -0.8226                     Acc: 81.25% LR: 0.000137                     Alpha: 0.5744425058364868                     Beta: -0.9692360758781433                     MemKD: 0.3231973648071289
2026-02-23 08:29:08,978 - INFO - Epoch [131/200] Train Loss: -0.5748, Train Acc: 88.60%, Val Loss: 0.4415, Val Acc: 84.04%
2026-02-23 08:29:30,701 - INFO - Epoch [132] Batch [0/17]                     Loss: -0.4819, Hard: 0.3384, Soft: -0.8203                     Acc: 87.50% LR: 0.000133                     Alpha: 0.5744425058364868                     Beta: -0.9718835353851318                     MemKD: 0.32255956530570984
2026-02-23 08:30:00,305 - INFO - Epoch [132/200] Train Loss: -0.5768, Train Acc: 88.24%, Val Loss: 0.4114, Val Acc: 85.77%
2026-02-23 08:30:23,844 - INFO - Epoch [133] Batch [0/17]                     Loss: -0.7181, Hard: 0.1966, Soft: -0.9147                     Acc: 93.75% LR: 0.000130                     Alpha: 0.5744425058364868                     Beta: -0.9744545221328735                     MemKD: 0.3219411075115204
2026-02-23 08:30:51,383 - INFO - Epoch [133/200] Train Loss: -0.6108, Train Acc: 90.81%, Val Loss: 0.3890, Val Acc: 86.97%
2026-02-23 08:31:14,086 - INFO - Epoch [134] Batch [0/17]                     Loss: -0.5849, Hard: 0.2883, Soft: -0.8733                     Acc: 87.50% LR: 0.000126                     Alpha: 0.5744425058364868                     Beta: -0.9769880175590515                     MemKD: 0.3213312327861786
2026-02-23 08:31:43,056 - INFO - Epoch [134/200] Train Loss: -0.6375, Train Acc: 90.81%, Val Loss: 0.3979, Val Acc: 86.57%
2026-02-23 08:32:05,712 - INFO - Epoch [135] Batch [0/17]                     Loss: -0.7790, Hard: 0.1842, Soft: -0.9632                     Acc: 93.75% LR: 0.000123                     Alpha: 0.5744425058364868                     Beta: -0.9794393181800842                     MemKD: 0.32074376940727234
2026-02-23 08:32:34,889 - INFO - Epoch [135/200] Train Loss: -0.5358, Train Acc: 87.87%, Val Loss: 0.4062, Val Acc: 86.70%
2026-02-23 08:32:58,233 - INFO - Epoch [136] Batch [0/17]                     Loss: -0.4393, Hard: 0.3939, Soft: -0.8331                     Acc: 81.25% LR: 0.000119                     Alpha: 0.5744425058364868                     Beta: -0.9818209409713745                     MemKD: 0.3201768696308136
2026-02-23 08:33:25,937 - INFO - Epoch [136/200] Train Loss: -0.6234, Train Acc: 88.24%, Val Loss: 0.4214, Val Acc: 84.71%
2026-02-23 08:33:46,905 - INFO - Epoch [137] Batch [0/17]                     Loss: -0.4710, Hard: 0.4087, Soft: -0.8796                     Acc: 87.50% LR: 0.000116                     Alpha: 0.5744425058364868                     Beta: -0.9840983748435974                     MemKD: 0.3196367621421814
2026-02-23 08:34:15,574 - INFO - Epoch [137/200] Train Loss: -0.5092, Train Acc: 86.76%, Val Loss: 0.3581, Val Acc: 87.90%
2026-02-23 08:34:15,574 - INFO - Best model saved with accuracy: 87.90%
2026-02-23 08:34:37,948 - INFO - Epoch [138] Batch [0/17]                     Loss: -0.7321, Hard: 0.2318, Soft: -0.9640                     Acc: 93.75% LR: 0.000113                     Alpha: 0.5744425058364868                     Beta: -0.9863123893737793                     MemKD: 0.31911253929138184
2026-02-23 08:35:06,373 - INFO - Epoch [138/200] Train Loss: -0.6368, Train Acc: 90.81%, Val Loss: 0.3578, Val Acc: 87.37%
2026-02-23 08:35:29,401 - INFO - Epoch [139] Batch [0/17]                     Loss: -0.6338, Hard: 0.2754, Soft: -0.9092                     Acc: 93.75% LR: 0.000109                     Alpha: 0.5744425058364868                     Beta: -0.9884636998176575                     MemKD: 0.3186035454273224
2026-02-23 08:35:59,574 - INFO - Epoch [139/200] Train Loss: -0.5545, Train Acc: 87.13%, Val Loss: 0.3799, Val Acc: 86.57%
2026-02-23 08:36:23,308 - INFO - Epoch [140] Batch [0/17]                     Loss: -0.6197, Hard: 0.2869, Soft: -0.9066                     Acc: 81.25% LR: 0.000106                     Alpha: 0.5744425058364868                     Beta: -0.9905673265457153                     MemKD: 0.31810835003852844
2026-02-23 08:36:50,870 - INFO - Epoch [140/200] Train Loss: -0.6420, Train Acc: 89.71%, Val Loss: 0.4079, Val Acc: 86.17%
2026-02-23 08:36:50,916 - INFO - Checkpoint saved at epoch 140
2026-02-23 08:37:12,992 - INFO - Epoch [141] Batch [0/17]                     Loss: -0.9858, Hard: 0.0713, Soft: -1.0572                     Acc: 100.00% LR: 0.000103                     Alpha: 0.5744425058364868                     Beta: -0.9925962686538696                     MemKD: 0.31763193011283875
2026-02-23 08:37:41,049 - INFO - Epoch [141/200] Train Loss: -0.5737, Train Acc: 88.60%, Val Loss: 0.3910, Val Acc: 87.23%
2026-02-23 08:38:04,653 - INFO - Epoch [142] Batch [0/17]                     Loss: -0.8565, Hard: 0.0849, Soft: -0.9414                     Acc: 100.00% LR: 0.000100                     Alpha: 0.5744425058364868                     Beta: -0.9945793151855469                     MemKD: 0.31716591119766235
2026-02-23 08:38:34,344 - INFO - Epoch [142/200] Train Loss: -0.6539, Train Acc: 92.65%, Val Loss: 0.3721, Val Acc: 86.17%
2026-02-23 08:38:57,814 - INFO - Epoch [143] Batch [0/17]                     Loss: -0.8249, Hard: 0.1526, Soft: -0.9775                     Acc: 93.75% LR: 0.000097                     Alpha: 0.5744425058364868                     Beta: -0.9964792728424072                     MemKD: 0.3167197108268738
2026-02-23 08:39:26,140 - INFO - Epoch [143/200] Train Loss: -0.6396, Train Acc: 88.24%, Val Loss: 0.3693, Val Acc: 86.97%
2026-02-23 08:39:48,802 - INFO - Epoch [144] Batch [0/17]                     Loss: -0.8385, Hard: 0.1378, Soft: -0.9763                     Acc: 87.50% LR: 0.000094                     Alpha: 0.5744425058364868                     Beta: -0.9983463883399963                     MemKD: 0.3162798285484314
2026-02-23 08:40:17,972 - INFO - Epoch [144/200] Train Loss: -0.6300, Train Acc: 90.07%, Val Loss: 0.3563, Val Acc: 87.50%
2026-02-23 08:40:41,786 - INFO - Epoch [145] Batch [0/17]                     Loss: -0.5678, Hard: 0.2957, Soft: -0.8635                     Acc: 87.50% LR: 0.000091                     Alpha: 0.5744425058364868                     Beta: -1.000131368637085                     MemKD: 0.31586381793022156
2026-02-23 08:41:11,855 - INFO - Epoch [145/200] Train Loss: -0.6484, Train Acc: 91.54%, Val Loss: 0.3746, Val Acc: 86.70%
2026-02-23 08:41:34,110 - INFO - Epoch [146] Batch [0/17]                     Loss: -0.6336, Hard: 0.2462, Soft: -0.8799                     Acc: 93.75% LR: 0.000088                     Alpha: 0.5744425058364868                     Beta: -1.001847505569458                     MemKD: 0.31546661257743835
2026-02-23 08:42:03,625 - INFO - Epoch [146/200] Train Loss: -0.5992, Train Acc: 89.34%, Val Loss: 0.3651, Val Acc: 87.10%
2026-02-23 08:42:26,377 - INFO - Epoch [147] Batch [0/17]                     Loss: -0.6738, Hard: 0.2670, Soft: -0.9408                     Acc: 87.50% LR: 0.000085                     Alpha: 0.5744425058364868                     Beta: -1.0035187005996704                     MemKD: 0.31507664918899536
2026-02-23 08:42:53,749 - INFO - Epoch [147/200] Train Loss: -0.6494, Train Acc: 88.97%, Val Loss: 0.3801, Val Acc: 87.23%
2026-02-23 08:43:16,113 - INFO - Epoch [148] Batch [0/17]                     Loss: -0.8531, Hard: 0.1468, Soft: -0.9999                     Acc: 93.75% LR: 0.000082                     Alpha: 0.5744425058364868                     Beta: -1.0051277875900269                     MemKD: 0.3147026300430298
2026-02-23 08:43:44,405 - INFO - Epoch [148/200] Train Loss: -0.6254, Train Acc: 88.97%, Val Loss: 0.3763, Val Acc: 85.90%
2026-02-23 08:44:06,275 - INFO - Epoch [149] Batch [0/17]                     Loss: -0.8003, Hard: 0.1698, Soft: -0.9701                     Acc: 100.00% LR: 0.000079                     Alpha: 0.5744425058364868                     Beta: -1.0066808462142944                     MemKD: 0.31434181332588196
2026-02-23 08:44:35,074 - INFO - Epoch [149/200] Train Loss: -0.6843, Train Acc: 91.18%, Val Loss: 0.3606, Val Acc: 87.77%
2026-02-23 08:44:58,043 - INFO - Epoch [150] Batch [0/17]                     Loss: -0.8363, Hard: 0.1767, Soft: -1.0130                     Acc: 87.50% LR: 0.000076                     Alpha: 0.5744425058364868                     Beta: -1.0081708431243896                     MemKD: 0.31399619579315186
2026-02-23 08:45:27,025 - INFO - Epoch [150/200] Train Loss: -0.6696, Train Acc: 90.44%, Val Loss: 0.3864, Val Acc: 87.10%
2026-02-23 08:45:27,056 - INFO - Checkpoint saved at epoch 150
2026-02-23 08:45:49,661 - INFO - Epoch [151] Batch [0/17]                     Loss: -0.6779, Hard: 0.2705, Soft: -0.9485                     Acc: 87.50% LR: 0.000073                     Alpha: 0.5744425058364868                     Beta: -1.0096179246902466                     MemKD: 0.31366074085235596
2026-02-23 08:46:19,570 - INFO - Epoch [151/200] Train Loss: -0.6814, Train Acc: 90.07%, Val Loss: 0.3815, Val Acc: 86.44%
2026-02-23 08:46:43,196 - INFO - Epoch [152] Batch [0/17]                     Loss: -0.6081, Hard: 0.2770, Soft: -0.8852                     Acc: 93.75% LR: 0.000070                     Alpha: 0.5744425058364868                     Beta: -1.0110020637512207                     MemKD: 0.3133416175842285
2026-02-23 08:47:13,061 - INFO - Epoch [152/200] Train Loss: -0.7668, Train Acc: 92.65%, Val Loss: 0.3871, Val Acc: 86.84%
2026-02-23 08:47:36,141 - INFO - Epoch [153] Batch [0/17]                     Loss: -0.7825, Hard: 0.1685, Soft: -0.9510                     Acc: 93.75% LR: 0.000068                     Alpha: 0.5744425058364868                     Beta: -1.0123542547225952                     MemKD: 0.3130284249782562
2026-02-23 08:48:03,825 - INFO - Epoch [153/200] Train Loss: -0.6243, Train Acc: 89.71%, Val Loss: 0.4012, Val Acc: 86.57%
2026-02-23 08:48:24,918 - INFO - Epoch [154] Batch [0/17]                     Loss: -0.3457, Hard: 0.4704, Soft: -0.8162                     Acc: 81.25% LR: 0.000065                     Alpha: 0.5744425058364868                     Beta: -1.0136382579803467                     MemKD: 0.31273362040519714
2026-02-23 08:48:52,993 - INFO - Epoch [154/200] Train Loss: -0.7524, Train Acc: 92.28%, Val Loss: 0.3958, Val Acc: 86.44%
2026-02-23 08:49:15,536 - INFO - Epoch [155] Batch [0/17]                     Loss: -0.9123, Hard: 0.0964, Soft: -1.0087                     Acc: 100.00% LR: 0.000062                     Alpha: 0.5744425058364868                     Beta: -1.0148673057556152                     MemKD: 0.31245145201683044
2026-02-23 08:49:45,289 - INFO - Epoch [155/200] Train Loss: -0.7915, Train Acc: 94.12%, Val Loss: 0.3741, Val Acc: 87.77%
2026-02-23 08:50:08,163 - INFO - Epoch [156] Batch [0/17]                     Loss: -0.9153, Hard: 0.1179, Soft: -1.0332                     Acc: 100.00% LR: 0.000060                     Alpha: 0.5744425058364868                     Beta: -1.0160681009292603                     MemKD: 0.31217285990715027
2026-02-23 08:50:37,276 - INFO - Epoch [156/200] Train Loss: -0.7125, Train Acc: 90.07%, Val Loss: 0.3860, Val Acc: 87.63%
2026-02-23 08:50:59,300 - INFO - Epoch [157] Batch [0/17]                     Loss: -0.8139, Hard: 0.1436, Soft: -0.9574                     Acc: 93.75% LR: 0.000057                     Alpha: 0.5744425058364868                     Beta: -1.0172089338302612                     MemKD: 0.31191062927246094
2026-02-23 08:51:26,528 - INFO - Epoch [157/200] Train Loss: -0.6622, Train Acc: 86.76%, Val Loss: 0.3799, Val Acc: 86.97%
2026-02-23 08:51:48,880 - INFO - Epoch [158] Batch [0/17]                     Loss: -0.4782, Hard: 0.4234, Soft: -0.9016                     Acc: 75.00% LR: 0.000055                     Alpha: 0.5744425058364868                     Beta: -1.0182875394821167                     MemKD: 0.3116649091243744
2026-02-23 08:52:17,583 - INFO - Epoch [158/200] Train Loss: -0.6345, Train Acc: 90.07%, Val Loss: 0.3905, Val Acc: 87.90%
2026-02-23 08:52:40,818 - INFO - Epoch [159] Batch [0/17]                     Loss: -0.9707, Hard: 0.0624, Soft: -1.0331                     Acc: 100.00% LR: 0.000052                     Alpha: 0.5744425058364868                     Beta: -1.019293189048767                     MemKD: 0.31143754720687866
2026-02-23 08:53:09,125 - INFO - Epoch [159/200] Train Loss: -0.6983, Train Acc: 91.91%, Val Loss: 0.3752, Val Acc: 86.70%
2026-02-23 08:53:32,455 - INFO - Epoch [160] Batch [0/17]                     Loss: -0.9420, Hard: 0.0962, Soft: -1.0382                     Acc: 100.00% LR: 0.000050                     Alpha: 0.5744425058364868                     Beta: -1.0202655792236328                     MemKD: 0.31121572852134705
2026-02-23 08:54:00,511 - INFO - Epoch [160/200] Train Loss: -0.6746, Train Acc: 90.07%, Val Loss: 0.4084, Val Acc: 86.84%
2026-02-23 08:54:00,583 - INFO - Checkpoint saved at epoch 160
2026-02-23 08:54:22,942 - INFO - Epoch [161] Batch [0/17]                     Loss: -0.5904, Hard: 0.3220, Soft: -0.9124                     Acc: 81.25% LR: 0.000048                     Alpha: 0.5744425058364868                     Beta: -1.021189570426941                     MemKD: 0.31100529432296753
2026-02-23 08:54:52,497 - INFO - Epoch [161/200] Train Loss: -0.7177, Train Acc: 91.18%, Val Loss: 0.3569, Val Acc: 87.37%
2026-02-23 08:55:15,454 - INFO - Epoch [162] Batch [0/17]                     Loss: -0.9039, Hard: 0.1189, Soft: -1.0228                     Acc: 93.75% LR: 0.000045                     Alpha: 0.5744425058364868                     Beta: -1.0220774412155151                     MemKD: 0.3108035922050476
2026-02-23 08:55:46,139 - INFO - Epoch [162/200] Train Loss: -0.7601, Train Acc: 91.54%, Val Loss: 0.3677, Val Acc: 87.90%
2026-02-23 08:56:09,032 - INFO - Epoch [163] Batch [0/17]                     Loss: -0.5668, Hard: 0.3584, Soft: -0.9251                     Acc: 81.25% LR: 0.000043                     Alpha: 0.5744425058364868                     Beta: -1.022933006286621                     MemKD: 0.310609370470047
2026-02-23 08:56:38,618 - INFO - Epoch [163/200] Train Loss: -0.7364, Train Acc: 92.28%, Val Loss: 0.3704, Val Acc: 88.03%
2026-02-23 08:56:38,619 - INFO - Best model saved with accuracy: 88.03%
2026-02-23 08:57:01,397 - INFO - Epoch [164] Batch [0/17]                     Loss: -0.9209, Hard: 0.1047, Soft: -1.0256                     Acc: 100.00% LR: 0.000041                     Alpha: 0.5744425058364868                     Beta: -1.0237529277801514                     MemKD: 0.3104219138622284
2026-02-23 08:57:28,003 - INFO - Epoch [164/200] Train Loss: -0.7696, Train Acc: 94.12%, Val Loss: 0.3674, Val Acc: 87.50%
2026-02-23 08:57:49,210 - INFO - Epoch [165] Batch [0/17]                     Loss: -0.7551, Hard: 0.1793, Soft: -0.9343                     Acc: 93.75% LR: 0.000039                     Alpha: 0.5744425058364868                     Beta: -1.024520754814148                     MemKD: 0.3102480471134186
2026-02-23 08:58:18,446 - INFO - Epoch [165/200] Train Loss: -0.7910, Train Acc: 94.49%, Val Loss: 0.3566, Val Acc: 88.56%
2026-02-23 08:58:18,447 - INFO - Best model saved with accuracy: 88.56%
2026-02-23 08:58:41,093 - INFO - Epoch [166] Batch [0/17]                     Loss: -0.7040, Hard: 0.2388, Soft: -0.9427                     Acc: 87.50% LR: 0.000037                     Alpha: 0.5744425058364868                     Beta: -1.0252524614334106                     MemKD: 0.31008148193359375
2026-02-23 08:59:10,194 - INFO - Epoch [166/200] Train Loss: -0.7702, Train Acc: 92.28%, Val Loss: 0.3984, Val Acc: 86.97%
2026-02-23 08:59:32,706 - INFO - Epoch [167] Batch [0/17]                     Loss: -0.7462, Hard: 0.2376, Soft: -0.9839                     Acc: 93.75% LR: 0.000035                     Alpha: 0.5744425058364868                     Beta: -1.0259429216384888                     MemKD: 0.3099246025085449
2026-02-23 08:59:59,887 - INFO - Epoch [167/200] Train Loss: -0.6844, Train Acc: 88.97%, Val Loss: 0.3806, Val Acc: 86.44%
2026-02-23 09:00:21,198 - INFO - Epoch [168] Batch [0/17]                     Loss: -0.8132, Hard: 0.1935, Soft: -1.0067                     Acc: 93.75% LR: 0.000033                     Alpha: 0.5744425058364868                     Beta: -1.0265836715698242                     MemKD: 0.30978038907051086
2026-02-23 09:00:49,741 - INFO - Epoch [168/200] Train Loss: -0.6875, Train Acc: 91.18%, Val Loss: 0.3997, Val Acc: 86.84%
2026-02-23 09:01:11,546 - INFO - Epoch [169] Batch [0/17]                     Loss: -0.5923, Hard: 0.3461, Soft: -0.9383                     Acc: 93.75% LR: 0.000031                     Alpha: 0.5744425058364868                     Beta: -1.0271806716918945                     MemKD: 0.3096467852592468
2026-02-23 09:01:40,690 - INFO - Epoch [169/200] Train Loss: -0.7491, Train Acc: 93.01%, Val Loss: 0.3597, Val Acc: 88.70%
2026-02-23 09:01:40,691 - INFO - Best model saved with accuracy: 88.70%
2026-02-23 09:02:04,028 - INFO - Epoch [170] Batch [0/17]                     Loss: -0.7199, Hard: 0.2235, Soft: -0.9434                     Acc: 87.50% LR: 0.000029                     Alpha: 0.5744425058364868                     Beta: -1.0277528762817383                     MemKD: 0.30951809883117676
2026-02-23 09:02:33,018 - INFO - Epoch [170/200] Train Loss: -0.7398, Train Acc: 90.44%, Val Loss: 0.3698, Val Acc: 88.30%
2026-02-23 09:02:33,087 - INFO - Checkpoint saved at epoch 170
2026-02-23 09:02:56,642 - INFO - Epoch [171] Batch [0/17]                     Loss: -1.0231, Hard: 0.0434, Soft: -1.0664                     Acc: 100.00% LR: 0.000027                     Alpha: 0.5744425058364868                     Beta: -1.0282859802246094                     MemKD: 0.30939823389053345
2026-02-23 09:03:24,086 - INFO - Epoch [171/200] Train Loss: -0.7535, Train Acc: 93.01%, Val Loss: 0.3683, Val Acc: 87.77%
2026-02-23 09:03:45,758 - INFO - Epoch [172] Batch [0/17]                     Loss: -1.0223, Hard: 0.0485, Soft: -1.0708                     Acc: 100.00% LR: 0.000025                     Alpha: 0.5744425058364868                     Beta: -1.0287929773330688                     MemKD: 0.3092838227748871
2026-02-23 09:04:15,535 - INFO - Epoch [172/200] Train Loss: -0.6370, Train Acc: 88.24%, Val Loss: 0.3705, Val Acc: 87.37%
2026-02-23 09:04:37,377 - INFO - Epoch [173] Batch [0/17]                     Loss: -0.5519, Hard: 0.3529, Soft: -0.9048                     Acc: 87.50% LR: 0.000024                     Alpha: 0.5744425058364868                     Beta: -1.0292564630508423                     MemKD: 0.3091805875301361
2026-02-23 09:05:06,751 - INFO - Epoch [173/200] Train Loss: -0.5888, Train Acc: 90.07%, Val Loss: 0.3777, Val Acc: 87.10%
2026-02-23 09:05:30,392 - INFO - Epoch [174] Batch [0/17]                     Loss: -0.7043, Hard: 0.2738, Soft: -0.9781                     Acc: 87.50% LR: 0.000022                     Alpha: 0.5744425058364868                     Beta: -1.0296850204467773                     MemKD: 0.3090856373310089
2026-02-23 09:05:58,128 - INFO - Epoch [174/200] Train Loss: -0.7411, Train Acc: 89.71%, Val Loss: 0.3699, Val Acc: 87.77%
2026-02-23 09:06:20,123 - INFO - Epoch [175] Batch [0/17]                     Loss: -0.7356, Hard: 0.2572, Soft: -0.9927                     Acc: 81.25% LR: 0.000021                     Alpha: 0.5744425058364868                     Beta: -1.030084252357483                     MemKD: 0.3089970052242279
2026-02-23 09:06:48,118 - INFO - Epoch [175/200] Train Loss: -0.7415, Train Acc: 90.07%, Val Loss: 0.3413, Val Acc: 88.43%
2026-02-23 09:07:09,798 - INFO - Epoch [176] Batch [0/17]                     Loss: -0.7998, Hard: 0.1846, Soft: -0.9844                     Acc: 93.75% LR: 0.000019                     Alpha: 0.5744425058364868                     Beta: -1.0304608345031738                     MemKD: 0.30891290307044983
2026-02-23 09:07:39,107 - INFO - Epoch [176/200] Train Loss: -0.7249, Train Acc: 90.81%, Val Loss: 0.3473, Val Acc: 87.90%
2026-02-23 09:08:00,544 - INFO - Epoch [177] Batch [0/17]                     Loss: -0.7887, Hard: 0.1753, Soft: -0.9640                     Acc: 93.75% LR: 0.000018                     Alpha: 0.5744425058364868                     Beta: -1.0308102369308472                     MemKD: 0.3088347613811493
2026-02-23 09:08:29,697 - INFO - Epoch [177/200] Train Loss: -0.6358, Train Acc: 87.50%, Val Loss: 0.3507, Val Acc: 88.70%
2026-02-23 09:08:51,777 - INFO - Epoch [178] Batch [0/17]                     Loss: -0.7921, Hard: 0.1857, Soft: -0.9778                     Acc: 93.75% LR: 0.000016                     Alpha: 0.5744425058364868                     Beta: -1.0311291217803955                     MemKD: 0.3087637424468994
2026-02-23 09:09:19,583 - INFO - Epoch [178/200] Train Loss: -0.8131, Train Acc: 91.91%, Val Loss: 0.3480, Val Acc: 88.96%
2026-02-23 09:09:19,584 - INFO - Best model saved with accuracy: 88.96%
2026-02-23 09:09:40,549 - INFO - Epoch [179] Batch [0/17]                     Loss: -0.5128, Hard: 0.3749, Soft: -0.8877                     Acc: 81.25% LR: 0.000015                     Alpha: 0.5744425058364868                     Beta: -1.0314276218414307                     MemKD: 0.308696985244751
2026-02-23 09:10:09,456 - INFO - Epoch [179/200] Train Loss: -0.6292, Train Acc: 90.07%, Val Loss: 0.3511, Val Acc: 88.16%
2026-02-23 09:10:31,567 - INFO - Epoch [180] Batch [0/17]                     Loss: -0.6909, Hard: 0.2649, Soft: -0.9558                     Acc: 93.75% LR: 0.000013                     Alpha: 0.5744425058364868                     Beta: -1.0316945314407349                     MemKD: 0.3086378276348114
2026-02-23 09:11:01,242 - INFO - Epoch [180/200] Train Loss: -0.7391, Train Acc: 94.12%, Val Loss: 0.3633, Val Acc: 87.77%
2026-02-23 09:11:01,297 - INFO - Checkpoint saved at epoch 180
2026-02-23 09:11:25,112 - INFO - Epoch [181] Batch [0/17]                     Loss: -0.6035, Hard: 0.3073, Soft: -0.9108                     Acc: 81.25% LR: 0.000012                     Alpha: 0.5744425058364868                     Beta: -1.0319372415542603                     MemKD: 0.3085838556289673
2026-02-23 09:11:53,385 - INFO - Epoch [181/200] Train Loss: -0.7879, Train Acc: 94.49%, Val Loss: 0.3542, Val Acc: 87.77%
2026-02-23 09:12:14,399 - INFO - Epoch [182] Batch [0/17]                     Loss: -0.7819, Hard: 0.2162, Soft: -0.9981                     Acc: 93.75% LR: 0.000011                     Alpha: 0.5744425058364868                     Beta: -1.0321612358093262                     MemKD: 0.3085336685180664
2026-02-23 09:12:43,367 - INFO - Epoch [182/200] Train Loss: -0.7212, Train Acc: 91.54%, Val Loss: 0.3635, Val Acc: 87.90%
2026-02-23 09:13:05,451 - INFO - Epoch [183] Batch [0/17]                     Loss: -0.8569, Hard: 0.1843, Soft: -1.0412                     Acc: 87.50% LR: 0.000010                     Alpha: 0.5744425058364868                     Beta: -1.0323631763458252                     MemKD: 0.3084886968135834
2026-02-23 09:13:35,147 - INFO - Epoch [183/200] Train Loss: -0.7765, Train Acc: 92.28%, Val Loss: 0.3600, Val Acc: 88.16%
2026-02-23 09:13:57,667 - INFO - Epoch [184] Batch [0/17]                     Loss: -0.4151, Hard: 0.4520, Soft: -0.8671                     Acc: 87.50% LR: 0.000009                     Alpha: 0.5744425058364868                     Beta: -1.0325437784194946                     MemKD: 0.30844852328300476
2026-02-23 09:14:26,582 - INFO - Epoch [184/200] Train Loss: -0.7261, Train Acc: 89.71%, Val Loss: 0.3488, Val Acc: 88.83%
2026-02-23 09:14:50,153 - INFO - Epoch [185] Batch [0/17]                     Loss: -0.3693, Hard: 0.4199, Soft: -0.7892                     Acc: 75.00% LR: 0.000008                     Alpha: 0.5744425058364868                     Beta: -1.0327054262161255                     MemKD: 0.30841249227523804
2026-02-23 09:15:17,393 - INFO - Epoch [185/200] Train Loss: -0.7892, Train Acc: 92.28%, Val Loss: 0.3567, Val Acc: 87.90%
2026-02-23 09:15:38,325 - INFO - Epoch [186] Batch [0/17]                     Loss: -0.3983, Hard: 0.5065, Soft: -0.9048                     Acc: 87.50% LR: 0.000007                     Alpha: 0.5744425058364868                     Beta: -1.0328484773635864                     MemKD: 0.3083806335926056
2026-02-23 09:16:06,836 - INFO - Epoch [186/200] Train Loss: -0.6530, Train Acc: 89.34%, Val Loss: 0.3470, Val Acc: 88.56%
2026-02-23 09:16:28,637 - INFO - Epoch [187] Batch [0/17]                     Loss: -0.7982, Hard: 0.1748, Soft: -0.9730                     Acc: 100.00% LR: 0.000006                     Alpha: 0.5744425058364868                     Beta: -1.0329726934432983                     MemKD: 0.3083532154560089
2026-02-23 09:16:57,955 - INFO - Epoch [187/200] Train Loss: -0.7242, Train Acc: 91.91%, Val Loss: 0.3538, Val Acc: 88.56%
2026-02-23 09:17:20,837 - INFO - Epoch [188] Batch [0/17]                     Loss: -0.8533, Hard: 0.1715, Soft: -1.0248                     Acc: 100.00% LR: 0.000005                     Alpha: 0.5744425058364868                     Beta: -1.0330814123153687                     MemKD: 0.3083290457725525
2026-02-23 09:17:48,312 - INFO - Epoch [188/200] Train Loss: -0.7594, Train Acc: 92.28%, Val Loss: 0.3591, Val Acc: 87.77%
2026-02-23 09:18:10,815 - INFO - Epoch [189] Batch [0/17]                     Loss: -0.6510, Hard: 0.2930, Soft: -0.9439                     Acc: 87.50% LR: 0.000004                     Alpha: 0.5744425058364868                     Beta: -1.0331753492355347                     MemKD: 0.30830833315849304
2026-02-23 09:18:39,805 - INFO - Epoch [189/200] Train Loss: -0.7372, Train Acc: 89.71%, Val Loss: 0.3588, Val Acc: 87.77%
2026-02-23 09:19:02,506 - INFO - Epoch [190] Batch [0/17]                     Loss: -0.7540, Hard: 0.2351, Soft: -0.9890                     Acc: 93.75% LR: 0.000004                     Alpha: 0.5744425058364868                     Beta: -1.0332560539245605                     MemKD: 0.3082905411720276
2026-02-23 09:19:31,793 - INFO - Epoch [190/200] Train Loss: -0.6900, Train Acc: 90.07%, Val Loss: 0.3455, Val Acc: 88.03%
2026-02-23 09:19:31,854 - INFO - Checkpoint saved at epoch 190
2026-02-23 09:19:54,658 - INFO - Epoch [191] Batch [0/17]                     Loss: -0.7604, Hard: 0.2270, Soft: -0.9874                     Acc: 93.75% LR: 0.000003                     Alpha: 0.5744425058364868                     Beta: -1.0333225727081299                     MemKD: 0.3082759380340576
2026-02-23 09:20:23,682 - INFO - Epoch [191/200] Train Loss: -0.7765, Train Acc: 91.91%, Val Loss: 0.3460, Val Acc: 88.70%
2026-02-23 09:20:45,795 - INFO - Epoch [192] Batch [0/17]                     Loss: -0.8095, Hard: 0.2120, Soft: -1.0215                     Acc: 93.75% LR: 0.000002                     Alpha: 0.5744425058364868                     Beta: -1.033377766609192                     MemKD: 0.30826371908187866
2026-02-23 09:21:12,188 - INFO - Epoch [192/200] Train Loss: -0.7954, Train Acc: 92.28%, Val Loss: 0.3475, Val Acc: 88.83%
2026-02-23 09:21:34,419 - INFO - Epoch [193] Batch [0/17]                     Loss: -0.7386, Hard: 0.2000, Soft: -0.9386                     Acc: 93.75% LR: 0.000002                     Alpha: 0.5744425058364868                     Beta: -1.0334227085113525                     MemKD: 0.308253675699234
2026-02-23 09:22:05,101 - INFO - Epoch [193/200] Train Loss: -0.7899, Train Acc: 93.38%, Val Loss: 0.3621, Val Acc: 87.90%
2026-02-23 09:22:28,656 - INFO - Epoch [194] Batch [0/17]                     Loss: -0.2125, Hard: 0.5618, Soft: -0.7744                     Acc: 75.00% LR: 0.000002                     Alpha: 0.5744425058364868                     Beta: -1.0334590673446655                     MemKD: 0.3082457184791565
2026-02-23 09:22:57,594 - INFO - Epoch [194/200] Train Loss: -0.7127, Train Acc: 90.81%, Val Loss: 0.3492, Val Acc: 88.30%
2026-02-23 09:23:19,701 - INFO - Epoch [195] Batch [0/17]                     Loss: -0.5368, Hard: 0.3779, Soft: -0.9147                     Acc: 81.25% LR: 0.000001                     Alpha: 0.5744425058364868                     Beta: -1.0334854125976562                     MemKD: 0.30823978781700134
2026-02-23 09:23:47,909 - INFO - Epoch [195/200] Train Loss: -0.7643, Train Acc: 92.65%, Val Loss: 0.3638, Val Acc: 88.16%
2026-02-23 09:24:07,565 - INFO - Epoch [196] Batch [0/17]                     Loss: -0.9239, Hard: 0.1061, Soft: -1.0299                     Acc: 100.00% LR: 0.000001                     Alpha: 0.5744425058364868                     Beta: -1.0335056781768799                     MemKD: 0.30823540687561035
2026-02-23 09:24:36,260 - INFO - Epoch [196/200] Train Loss: -0.8444, Train Acc: 94.49%, Val Loss: 0.3653, Val Acc: 87.90%
2026-02-23 09:24:59,017 - INFO - Epoch [197] Batch [0/17]                     Loss: -0.9297, Hard: 0.1303, Soft: -1.0600                     Acc: 93.75% LR: 0.000000                     Alpha: 0.5744425058364868                     Beta: -1.0335198640823364                     MemKD: 0.3082323372364044
2026-02-23 09:25:27,886 - INFO - Epoch [197/200] Train Loss: -0.7725, Train Acc: 91.18%, Val Loss: 0.3520, Val Acc: 88.03%
2026-02-23 09:25:51,235 - INFO - Epoch [198] Batch [0/17]                     Loss: -0.6988, Hard: 0.2714, Soft: -0.9702                     Acc: 87.50% LR: 0.000000                     Alpha: 0.5744425058364868                     Beta: -1.0335279703140259                     MemKD: 0.3082304000854492
2026-02-23 09:26:20,499 - INFO - Epoch [198/200] Train Loss: -0.7538, Train Acc: 92.65%, Val Loss: 0.3486, Val Acc: 87.90%
2026-02-23 09:26:43,310 - INFO - Epoch [199] Batch [0/17]                     Loss: -0.8546, Hard: 0.1447, Soft: -0.9993                     Acc: 93.75% LR: 0.000000                     Alpha: 0.5744425058364868                     Beta: -1.0335321426391602                     MemKD: 0.30822932720184326
2026-02-23 09:27:11,690 - INFO - Epoch [199/200] Train Loss: -0.7979, Train Acc: 93.01%, Val Loss: 0.3535, Val Acc: 88.16%
2026-02-23 09:27:33,670 - INFO - Epoch [200] Batch [0/17]                     Loss: -0.5926, Hard: 0.3314, Soft: -0.9240                     Acc: 81.25% LR: 0.000000                     Alpha: 0.5744425058364868                     Beta: -1.0335341691970825                     MemKD: 0.30822888016700745
2026-02-23 09:28:02,318 - INFO - Epoch [200/200] Train Loss: -0.7188, Train Acc: 88.24%, Val Loss: 0.3437, Val Acc: 88.43%
2026-02-23 09:28:02,377 - INFO - Checkpoint saved at epoch 200
2026-02-23 09:28:02,377 - INFO - ==================================================
2026-02-23 09:28:02,377 - INFO - Training finished! Best accuracy: 88.96%
2026-02-23 09:28:02,377 - INFO - ==================================================
