2026-02-27 15:02:11,678 - INFO - ==================================================
2026-02-27 15:02:11,679 - INFO - Distillation Training Configuration
2026-02-27 15:02:11,680 - INFO - ==================================================
2026-02-27 15:02:11,680 - INFO - GPUs: [4, 5, 6, 7]
2026-02-27 15:02:11,681 - INFO - World size: 4
2026-02-27 15:02:11,682 - INFO - Dataset: /media/hdd1/chuxiaohui/AI4Ocean_UATR/ShipsEar_622
2026-02-27 15:02:11,682 - INFO - Data type: wav_s@wav_t
2026-02-27 15:02:11,682 - INFO - Batch size: 20
2026-02-27 15:02:11,683 - INFO - Epochs: 200
2026-02-27 15:02:11,683 - INFO - Learning rate: 0.0005
2026-02-27 15:02:11,683 - INFO - Temperature: 2.0
2026-02-27 15:02:11,683 - INFO - Alpha: 0.3
2026-02-27 15:02:11,683 - INFO - Save dir: checkpoints/ablation_shipsear/num_epochs200_weight_decay0.0001_batch_size20_lr0.0005_distill_typeMemKD_freezeTrue_USE_DYNAMIC_DISTILL_WEIGHTFalse_p_encoder0.355_p_classifier0.255
2026-02-27 15:02:11,683 - INFO - ==================================================
2026-02-27 15:02:11,724 - INFO - Train dataset size: 2240
2026-02-27 15:02:11,725 - INFO - Validation dataset size: 749
2026-02-27 15:02:12,927 - INFO - Student params: 316,299 (0.32M)
2026-02-27 15:02:12,927 - INFO - Teacher params: 164,415,877 (164.42M)
2026-02-27 15:02:12,927 - INFO - Trainable params: 271,372 (0.27M)
2026-02-27 15:02:13,449 - INFO - Start training...
2026-02-27 15:02:13,449 - INFO - No checkpoint found, start from scratch
