2026-02-09 15:24:38,268 - INFO - ==================================================
2026-02-09 15:24:38,268 - INFO - Distillation Training Configuration
2026-02-09 15:24:38,268 - INFO - ==================================================
2026-02-09 15:24:38,268 - INFO - GPUs: [4, 5, 6, 7]
2026-02-09 15:24:38,268 - INFO - World size: 4
2026-02-09 15:24:38,268 - INFO - Dataset: /media/hdd1/chuxiaohui/AI4Ocean_UATR/ShipsEar_622
2026-02-09 15:24:38,268 - INFO - Data type: wav_s@wav_t
2026-02-09 15:24:38,268 - INFO - Batch size: 16
2026-02-09 15:24:38,268 - INFO - Epochs: 130
2026-02-09 15:24:38,268 - INFO - Learning rate: 0.0005
2026-02-09 15:24:38,268 - INFO - Temperature: 2.0
2026-02-09 15:24:38,268 - INFO - Alpha: 0.3
2026-02-09 15:24:38,268 - INFO - Save dir: checkpoints/grid_shipsear_v2/num_epochs130_weight_decay0.0001_batch_size16_lr0.0005_distill_typeTser_freezeTrue_USE_DYNAMIC_DISTILL_WEIGHTFalse_p_encoder0.25_p_classifier0.25
2026-02-09 15:24:38,269 - INFO - ==================================================
2026-02-09 15:24:38,299 - INFO - Train dataset size: 2240
2026-02-09 15:24:38,299 - INFO - Validation dataset size: 749
2026-02-09 15:24:39,470 - INFO - Student params: 316,299 (0.32M)
2026-02-09 15:24:39,470 - INFO - Teacher params: 164,415,877 (164.42M)
2026-02-09 15:24:39,470 - INFO - Trainable params: 271,372 (0.27M)
2026-02-09 15:24:41,393 - INFO - Start training...
2026-02-09 15:24:41,394 - INFO - No checkpoint found, start from scratch
2026-02-09 15:25:03,773 - INFO - Epoch [1] Batch [0/35]                     Loss: 2.6659, Hard: 1.6924, Soft: 0.9735                     Acc: 12.50% LR: 0.000500                     Alpha: 0.5744425058364868                     Beta: 0.0                     MemKD: 0.0
2026-02-09 15:25:08,604 - INFO - Epoch [1] Batch [20/35]                     Loss: 2.1375, Hard: 1.5394, Soft: 0.5981                     Acc: 35.42% LR: 0.000500                     Alpha: 0.5744425058364868                     Beta: 0.009261989034712315                     MemKD: 0.0
2026-02-09 15:25:37,768 - INFO - Epoch [1/130] Train Loss: 1.9227, Train Acc: 40.00%, Val Loss: 1.3903, Val Acc: 44.68%
2026-02-09 15:25:37,768 - INFO - Best model saved with accuracy: 44.68%
2026-02-09 15:25:59,776 - INFO - Epoch [2] Batch [0/35]                     Loss: 1.5738, Hard: 1.2063, Soft: 0.3675                     Acc: 43.75% LR: 0.000500                     Alpha: 0.5744425058364868                     Beta: 0.015774840489029884                     MemKD: 0.0
2026-02-09 15:26:04,692 - INFO - Epoch [2] Batch [20/35]                     Loss: 2.0181, Hard: 1.4918, Soft: 0.5264                     Acc: 43.75% LR: 0.000500                     Alpha: 0.5744425058364868                     Beta: 0.023933045566082                     MemKD: 0.0
2026-02-09 15:26:34,103 - INFO - Epoch [2/130] Train Loss: 1.6734, Train Acc: 43.57%, Val Loss: 1.2294, Val Acc: 46.94%
2026-02-09 15:26:34,104 - INFO - Best model saved with accuracy: 46.94%
2026-02-09 15:26:55,584 - INFO - Epoch [3] Batch [0/35]                     Loss: 1.3249, Hard: 1.0352, Soft: 0.2897                     Acc: 50.00% LR: 0.000500                     Alpha: 0.5744425058364868                     Beta: 0.030130235478281975                     MemKD: 0.0
2026-02-09 15:27:00,324 - INFO - Epoch [3] Batch [20/35]                     Loss: 1.5225, Hard: 1.2029, Soft: 0.3196                     Acc: 44.35% LR: 0.000500                     Alpha: 0.5744425058364868                     Beta: 0.03855704516172409                     MemKD: 0.0
2026-02-09 15:27:30,247 - INFO - Epoch [3/130] Train Loss: 1.6048, Train Acc: 46.43%, Val Loss: 1.0704, Val Acc: 55.32%
2026-02-09 15:27:30,248 - INFO - Best model saved with accuracy: 55.32%
2026-02-09 15:27:52,761 - INFO - Epoch [4] Batch [0/35]                     Loss: 1.3006, Hard: 1.0408, Soft: 0.2598                     Acc: 56.25% LR: 0.000499                     Alpha: 0.5744425058364868                     Beta: 0.04492597654461861                     MemKD: 0.0
2026-02-09 15:27:56,893 - INFO - Epoch [4] Batch [20/35]                     Loss: 1.5474, Hard: 1.1991, Soft: 0.3484                     Acc: 51.79% LR: 0.000499                     Alpha: 0.5744425058364868                     Beta: 0.05270247533917427                     MemKD: 0.0
2026-02-09 15:28:25,122 - INFO - Epoch [4/130] Train Loss: 1.4507, Train Acc: 53.21%, Val Loss: 1.0831, Val Acc: 56.91%
2026-02-09 15:28:25,122 - INFO - Best model saved with accuracy: 56.91%
2026-02-09 15:28:46,807 - INFO - Epoch [5] Batch [0/35]                     Loss: 1.6339, Hard: 1.2503, Soft: 0.3835                     Acc: 56.25% LR: 0.000499                     Alpha: 0.5744425058364868                     Beta: 0.05854329094290733                     MemKD: 0.0
2026-02-09 15:28:51,675 - INFO - Epoch [5] Batch [20/35]                     Loss: 1.2550, Hard: 1.0159, Soft: 0.2391                     Acc: 55.95% LR: 0.000499                     Alpha: 0.5744425058364868                     Beta: 0.066766656935215                     MemKD: 0.0
2026-02-09 15:29:20,529 - INFO - Epoch [5/130] Train Loss: 1.3875, Train Acc: 57.14%, Val Loss: 1.0716, Val Acc: 60.64%
2026-02-09 15:29:20,529 - INFO - Best model saved with accuracy: 60.64%
2026-02-09 15:29:42,415 - INFO - Epoch [6] Batch [0/35]                     Loss: 1.1929, Hard: 0.9702, Soft: 0.2227                     Acc: 68.75% LR: 0.000498                     Alpha: 0.5744425058364868                     Beta: 0.07238120585680008                     MemKD: 0.0
2026-02-09 15:29:47,270 - INFO - Epoch [6] Batch [20/35]                     Loss: 1.9203, Hard: 1.4680, Soft: 0.4523                     Acc: 58.93% LR: 0.000498                     Alpha: 0.5744425058364868                     Beta: 0.08013689517974854                     MemKD: 0.0
2026-02-09 15:30:16,481 - INFO - Epoch [6/130] Train Loss: 1.3265, Train Acc: 59.29%, Val Loss: 1.0345, Val Acc: 59.44%
2026-02-09 15:30:39,585 - INFO - Epoch [7] Batch [0/35]                     Loss: 1.2189, Hard: 1.0076, Soft: 0.2113                     Acc: 56.25% LR: 0.000497                     Alpha: 0.5744425058364868                     Beta: 0.08599748462438583                     MemKD: 0.0
2026-02-09 15:30:44,413 - INFO - Epoch [7] Batch [20/35]                     Loss: 1.1242, Hard: 0.9057, Soft: 0.2185                     Acc: 58.63% LR: 0.000497                     Alpha: 0.5744425058364868                     Beta: 0.09332554787397385                     MemKD: 0.0
2026-02-09 15:31:13,139 - INFO - Epoch [7/130] Train Loss: 1.2501, Train Acc: 58.04%, Val Loss: 0.9894, Val Acc: 60.64%
2026-02-09 15:31:36,297 - INFO - Epoch [8] Batch [0/35]                     Loss: 0.8900, Hard: 0.7021, Soft: 0.1879                     Acc: 75.00% LR: 0.000496                     Alpha: 0.5744425058364868                     Beta: 0.09901468455791473                     MemKD: 0.0
2026-02-09 15:31:41,124 - INFO - Epoch [8] Batch [20/35]                     Loss: 0.8701, Hard: 0.6861, Soft: 0.1840                     Acc: 60.71% LR: 0.000496                     Alpha: 0.5744425058364868                     Beta: 0.10685481131076813                     MemKD: 0.0
2026-02-09 15:32:09,898 - INFO - Epoch [8/130] Train Loss: 1.2517, Train Acc: 61.07%, Val Loss: 0.9566, Val Acc: 59.57%
2026-02-09 15:32:33,395 - INFO - Epoch [9] Batch [0/35]                     Loss: 0.8501, Hard: 0.7151, Soft: 0.1351                     Acc: 75.00% LR: 0.000495                     Alpha: 0.5744425058364868                     Beta: 0.11256272345781326                     MemKD: 0.0
2026-02-09 15:32:38,198 - INFO - Epoch [9] Batch [20/35]                     Loss: 1.6515, Hard: 1.3096, Soft: 0.3419                     Acc: 63.10% LR: 0.000495                     Alpha: 0.5744425058364868                     Beta: 0.12019398808479309                     MemKD: 0.0
2026-02-09 15:33:08,802 - INFO - Epoch [9/130] Train Loss: 1.1715, Train Acc: 63.93%, Val Loss: 0.9202, Val Acc: 65.82%
2026-02-09 15:33:08,803 - INFO - Best model saved with accuracy: 65.82%
2026-02-09 15:33:30,987 - INFO - Epoch [10] Batch [0/35]                     Loss: 1.0385, Hard: 0.8021, Soft: 0.2364                     Acc: 81.25% LR: 0.000494                     Alpha: 0.5744425058364868                     Beta: 0.12586048245429993                     MemKD: 0.0
2026-02-09 15:33:35,816 - INFO - Epoch [10] Batch [20/35]                     Loss: 1.2975, Hard: 1.0760, Soft: 0.2215                     Acc: 61.61% LR: 0.000494                     Alpha: 0.5744425058364868                     Beta: 0.13342465460300446                     MemKD: 0.0
2026-02-09 15:34:05,370 - INFO - Epoch [10/130] Train Loss: 1.1208, Train Acc: 64.11%, Val Loss: 0.8660, Val Acc: 67.02%
2026-02-09 15:34:05,370 - INFO - Best model saved with accuracy: 67.02%
2026-02-09 15:34:05,436 - INFO - Checkpoint saved at epoch 10
2026-02-09 15:34:26,755 - INFO - Epoch [11] Batch [0/35]                     Loss: 0.6560, Hard: 0.5391, Soft: 0.1169                     Acc: 87.50% LR: 0.000493                     Alpha: 0.5744425058364868                     Beta: 0.1390189677476883                     MemKD: 0.0
2026-02-09 15:34:30,398 - INFO - Epoch [11] Batch [20/35]                     Loss: 1.6117, Hard: 1.3220, Soft: 0.2897                     Acc: 66.07% LR: 0.000493                     Alpha: 0.5744425058364868                     Beta: 0.14596933126449585                     MemKD: 0.0
2026-02-09 15:34:57,808 - INFO - Epoch [11/130] Train Loss: 1.1435, Train Acc: 63.39%, Val Loss: 0.8510, Val Acc: 66.49%
2026-02-09 15:35:19,415 - INFO - Epoch [12] Batch [0/35]                     Loss: 0.7281, Hard: 0.5933, Soft: 0.1348                     Acc: 68.75% LR: 0.000491                     Alpha: 0.5744425058364868                     Beta: 0.15183749794960022                     MemKD: 0.0
2026-02-09 15:35:22,520 - INFO - Epoch [12] Batch [20/35]                     Loss: 1.4981, Hard: 1.1820, Soft: 0.3161                     Acc: 67.56% LR: 0.000491                     Alpha: 0.5744425058364868                     Beta: 0.1591023951768875                     MemKD: 0.0
2026-02-09 15:35:49,734 - INFO - Epoch [12/130] Train Loss: 1.0605, Train Acc: 68.21%, Val Loss: 1.0184, Val Acc: 63.83%
2026-02-09 15:36:11,712 - INFO - Epoch [13] Batch [0/35]                     Loss: 1.6782, Hard: 1.4125, Soft: 0.2657                     Acc: 37.50% LR: 0.000490                     Alpha: 0.5744425058364868                     Beta: 0.16466058790683746                     MemKD: 0.0
2026-02-09 15:36:15,351 - INFO - Epoch [13] Batch [20/35]                     Loss: 1.4336, Hard: 1.1610, Soft: 0.2726                     Acc: 56.25% LR: 0.000490                     Alpha: 0.5744425058364868                     Beta: 0.17304587364196777                     MemKD: 0.0
2026-02-09 15:36:43,001 - INFO - Epoch [13/130] Train Loss: 1.2013, Train Acc: 60.89%, Val Loss: 0.7908, Val Acc: 69.41%
2026-02-09 15:36:43,002 - INFO - Best model saved with accuracy: 69.41%
2026-02-09 15:37:03,742 - INFO - Epoch [14] Batch [0/35]                     Loss: 0.8449, Hard: 0.7249, Soft: 0.1200                     Acc: 68.75% LR: 0.000488                     Alpha: 0.5744425058364868                     Beta: 0.17937788367271423                     MemKD: 0.0
2026-02-09 15:37:07,380 - INFO - Epoch [14] Batch [20/35]                     Loss: 0.8205, Hard: 0.6397, Soft: 0.1808                     Acc: 68.15% LR: 0.000488                     Alpha: 0.5744425058364868                     Beta: 0.18684174120426178                     MemKD: 0.0
2026-02-09 15:37:36,238 - INFO - Epoch [14/130] Train Loss: 1.0395, Train Acc: 68.75%, Val Loss: 0.9571, Val Acc: 63.16%
2026-02-09 15:37:58,047 - INFO - Epoch [15] Batch [0/35]                     Loss: 1.1526, Hard: 0.9434, Soft: 0.2092                     Acc: 62.50% LR: 0.000486                     Alpha: 0.5744425058364868                     Beta: 0.19243986904621124                     MemKD: 0.0
2026-02-09 15:38:01,635 - INFO - Epoch [15] Batch [20/35]                     Loss: 1.0565, Hard: 0.8761, Soft: 0.1803                     Acc: 69.35% LR: 0.000486                     Alpha: 0.5744425058364868                     Beta: 0.1998164802789688                     MemKD: 0.0
2026-02-09 15:38:30,271 - INFO - Epoch [15/130] Train Loss: 1.0295, Train Acc: 69.11%, Val Loss: 0.7737, Val Acc: 70.61%
2026-02-09 15:38:30,272 - INFO - Best model saved with accuracy: 70.61%
2026-02-09 15:38:52,709 - INFO - Epoch [16] Batch [0/35]                     Loss: 1.0870, Hard: 0.8508, Soft: 0.2362                     Acc: 68.75% LR: 0.000484                     Alpha: 0.5744425058364868                     Beta: 0.2051643580198288                     MemKD: 0.0
2026-02-09 15:38:56,385 - INFO - Epoch [16] Batch [20/35]                     Loss: 0.8066, Hard: 0.6689, Soft: 0.1377                     Acc: 71.43% LR: 0.000484                     Alpha: 0.5744425058364868                     Beta: 0.21214431524276733                     MemKD: 0.0
2026-02-09 15:39:25,153 - INFO - Epoch [16/130] Train Loss: 1.0033, Train Acc: 69.46%, Val Loss: 0.8168, Val Acc: 65.69%
2026-02-09 15:39:46,677 - INFO - Epoch [17] Batch [0/35]                     Loss: 1.3082, Hard: 1.0443, Soft: 0.2639                     Acc: 56.25% LR: 0.000482                     Alpha: 0.5744425058364868                     Beta: 0.21769613027572632                     MemKD: 0.0
2026-02-09 15:39:49,742 - INFO - Epoch [17] Batch [20/35]                     Loss: 0.7738, Hard: 0.6389, Soft: 0.1349                     Acc: 70.83% LR: 0.000482                     Alpha: 0.5744425058364868                     Beta: 0.22503024339675903                     MemKD: 0.0
2026-02-09 15:40:16,752 - INFO - Epoch [17/130] Train Loss: 0.9608, Train Acc: 70.18%, Val Loss: 0.7515, Val Acc: 72.74%
2026-02-09 15:40:16,753 - INFO - Best model saved with accuracy: 72.74%
2026-02-09 15:40:38,478 - INFO - Epoch [18] Batch [0/35]                     Loss: 1.3046, Hard: 1.0522, Soft: 0.2524                     Acc: 62.50% LR: 0.000479                     Alpha: 0.5744425058364868                     Beta: 0.2299957126379013                     MemKD: 0.0
2026-02-09 15:40:42,177 - INFO - Epoch [18] Batch [20/35]                     Loss: 1.0451, Hard: 0.8621, Soft: 0.1830                     Acc: 69.35% LR: 0.000479                     Alpha: 0.5744425058364868                     Beta: 0.2371804267168045                     MemKD: 0.0
2026-02-09 15:41:10,030 - INFO - Epoch [18/130] Train Loss: 0.9451, Train Acc: 70.18%, Val Loss: 0.8878, Val Acc: 67.29%
2026-02-09 15:41:31,829 - INFO - Epoch [19] Batch [0/35]                     Loss: 0.7638, Hard: 0.6189, Soft: 0.1449                     Acc: 81.25% LR: 0.000477                     Alpha: 0.5744425058364868                     Beta: 0.24251969158649445                     MemKD: 0.0
2026-02-09 15:41:35,447 - INFO - Epoch [19] Batch [20/35]                     Loss: 0.9449, Hard: 0.7456, Soft: 0.1993                     Acc: 75.00% LR: 0.000477                     Alpha: 0.5744425058364868                     Beta: 0.24924786388874054                     MemKD: 0.0
2026-02-09 15:42:03,285 - INFO - Epoch [19/130] Train Loss: 0.9223, Train Acc: 71.43%, Val Loss: 0.7618, Val Acc: 68.48%
2026-02-09 15:42:26,374 - INFO - Epoch [20] Batch [0/35]                     Loss: 0.7635, Hard: 0.6476, Soft: 0.1159                     Acc: 75.00% LR: 0.000474                     Alpha: 0.5744425058364868                     Beta: 0.2545740306377411                     MemKD: 0.0
2026-02-09 15:42:29,890 - INFO - Epoch [20] Batch [20/35]                     Loss: 1.1594, Hard: 0.9807, Soft: 0.1787                     Acc: 70.83% LR: 0.000474                     Alpha: 0.5744425058364868                     Beta: 0.26139557361602783                     MemKD: 0.0
2026-02-09 15:42:58,416 - INFO - Epoch [20/130] Train Loss: 0.9274, Train Acc: 69.46%, Val Loss: 0.6695, Val Acc: 74.20%
2026-02-09 15:42:58,416 - INFO - Best model saved with accuracy: 74.20%
2026-02-09 15:42:58,497 - INFO - Checkpoint saved at epoch 20
2026-02-09 15:43:21,333 - INFO - Epoch [21] Batch [0/35]                     Loss: 0.7540, Hard: 0.6317, Soft: 0.1223                     Acc: 75.00% LR: 0.000471                     Alpha: 0.5744425058364868                     Beta: 0.26688307523727417                     MemKD: 0.0
2026-02-09 15:43:24,954 - INFO - Epoch [21] Batch [20/35]                     Loss: 0.5466, Hard: 0.4554, Soft: 0.0912                     Acc: 75.30% LR: 0.000471                     Alpha: 0.5744425058364868                     Beta: 0.27393049001693726                     MemKD: 0.0
2026-02-09 15:43:52,397 - INFO - Epoch [21/130] Train Loss: 0.8637, Train Acc: 73.21%, Val Loss: 0.8023, Val Acc: 65.96%
2026-02-09 15:44:14,811 - INFO - Epoch [22] Batch [0/35]                     Loss: 1.4834, Hard: 1.2355, Soft: 0.2479                     Acc: 37.50% LR: 0.000468                     Alpha: 0.5744425058364868                     Beta: 0.2788214087486267                     MemKD: 0.0
2026-02-09 15:44:18,408 - INFO - Epoch [22] Batch [20/35]                     Loss: 0.8424, Hard: 0.7194, Soft: 0.1229                     Acc: 75.30% LR: 0.000468                     Alpha: 0.5744425058364868                     Beta: 0.2853935956954956                     MemKD: 0.0
2026-02-09 15:44:45,851 - INFO - Epoch [22/130] Train Loss: 0.8541, Train Acc: 74.46%, Val Loss: 0.6722, Val Acc: 74.07%
2026-02-09 15:45:07,508 - INFO - Epoch [23] Batch [0/35]                     Loss: 0.6706, Hard: 0.5597, Soft: 0.1109                     Acc: 81.25% LR: 0.000465                     Alpha: 0.5744425058364868                     Beta: 0.2905530333518982                     MemKD: 0.0
2026-02-09 15:45:10,578 - INFO - Epoch [23] Batch [20/35]                     Loss: 0.7207, Hard: 0.6189, Soft: 0.1018                     Acc: 77.38% LR: 0.000465                     Alpha: 0.5744425058364868                     Beta: 0.29688408970832825                     MemKD: 0.0
2026-02-09 15:45:36,877 - INFO - Epoch [23/130] Train Loss: 0.7778, Train Acc: 76.07%, Val Loss: 0.6301, Val Acc: 75.80%
2026-02-09 15:45:36,877 - INFO - Best model saved with accuracy: 75.80%
2026-02-09 15:45:59,199 - INFO - Epoch [24] Batch [0/35]                     Loss: 0.8700, Hard: 0.7179, Soft: 0.1521                     Acc: 75.00% LR: 0.000462                     Alpha: 0.5744425058364868                     Beta: 0.30150675773620605                     MemKD: 0.0
2026-02-09 15:46:02,784 - INFO - Epoch [24] Batch [20/35]                     Loss: 0.4301, Hard: 0.3602, Soft: 0.0698                     Acc: 74.11% LR: 0.000462                     Alpha: 0.5744425058364868                     Beta: 0.30827847123146057                     MemKD: 0.0
2026-02-09 15:46:30,304 - INFO - Epoch [24/130] Train Loss: 0.8383, Train Acc: 75.18%, Val Loss: 0.7288, Val Acc: 72.34%
2026-02-09 15:46:52,765 - INFO - Epoch [25] Batch [0/35]                     Loss: 1.2160, Hard: 1.0132, Soft: 0.2028                     Acc: 56.25% LR: 0.000459                     Alpha: 0.5744425058364868                     Beta: 0.31343528628349304                     MemKD: 0.0
2026-02-09 15:46:56,358 - INFO - Epoch [25] Batch [20/35]                     Loss: 0.4680, Hard: 0.3967, Soft: 0.0713                     Acc: 72.02% LR: 0.000459                     Alpha: 0.5744425058364868                     Beta: 0.3200884759426117                     MemKD: 0.0
2026-02-09 15:47:24,836 - INFO - Epoch [25/130] Train Loss: 0.7960, Train Acc: 73.93%, Val Loss: 0.7882, Val Acc: 73.01%
2026-02-09 15:47:47,386 - INFO - Epoch [26] Batch [0/35]                     Loss: 0.5941, Hard: 0.5077, Soft: 0.0863                     Acc: 75.00% LR: 0.000456                     Alpha: 0.5744425058364868                     Beta: 0.3246648907661438                     MemKD: 0.0
2026-02-09 15:47:50,943 - INFO - Epoch [26] Batch [20/35]                     Loss: 1.2799, Hard: 1.0838, Soft: 0.1962                     Acc: 77.38% LR: 0.000456                     Alpha: 0.5744425058364868                     Beta: 0.33033186197280884                     MemKD: 0.0
2026-02-09 15:48:19,898 - INFO - Epoch [26/130] Train Loss: 0.7461, Train Acc: 77.32%, Val Loss: 0.6203, Val Acc: 76.06%
2026-02-09 15:48:19,898 - INFO - Best model saved with accuracy: 76.06%
2026-02-09 15:48:42,129 - INFO - Epoch [27] Batch [0/35]                     Loss: 0.5334, Hard: 0.4510, Soft: 0.0824                     Acc: 81.25% LR: 0.000452                     Alpha: 0.5744425058364868                     Beta: 0.33513981103897095                     MemKD: 0.0
2026-02-09 15:48:45,733 - INFO - Epoch [27] Batch [20/35]                     Loss: 0.3603, Hard: 0.3035, Soft: 0.0568                     Acc: 74.70% LR: 0.000452                     Alpha: 0.5744425058364868                     Beta: 0.34134650230407715                     MemKD: 0.0
2026-02-09 15:49:13,788 - INFO - Epoch [27/130] Train Loss: 0.8100, Train Acc: 74.11%, Val Loss: 0.6607, Val Acc: 75.93%
2026-02-09 15:49:36,327 - INFO - Epoch [28] Batch [0/35]                     Loss: 1.0749, Hard: 0.9001, Soft: 0.1748                     Acc: 68.75% LR: 0.000449                     Alpha: 0.5744425058364868                     Beta: 0.34627723693847656                     MemKD: 0.0
2026-02-09 15:49:39,973 - INFO - Epoch [28] Batch [20/35]                     Loss: 0.5135, Hard: 0.4329, Soft: 0.0806                     Acc: 77.38% LR: 0.000449                     Alpha: 0.5744425058364868                     Beta: 0.3532181978225708                     MemKD: 0.0
2026-02-09 15:50:08,312 - INFO - Epoch [28/130] Train Loss: 0.7480, Train Acc: 76.79%, Val Loss: 0.6318, Val Acc: 75.40%
2026-02-09 15:50:29,353 - INFO - Epoch [29] Batch [0/35]                     Loss: 0.6263, Hard: 0.5391, Soft: 0.0872                     Acc: 75.00% LR: 0.000445                     Alpha: 0.5744425058364868                     Beta: 0.35787132382392883                     MemKD: 0.0
2026-02-09 15:50:32,441 - INFO - Epoch [29] Batch [20/35]                     Loss: 0.6467, Hard: 0.5346, Soft: 0.1121                     Acc: 73.81% LR: 0.000445                     Alpha: 0.5744425058364868                     Beta: 0.3639921545982361                     MemKD: 0.0
2026-02-09 15:50:57,989 - INFO - Epoch [29/130] Train Loss: 0.7387, Train Acc: 74.11%, Val Loss: 0.6045, Val Acc: 77.26%
2026-02-09 15:50:57,990 - INFO - Best model saved with accuracy: 77.26%
2026-02-09 15:51:20,426 - INFO - Epoch [30] Batch [0/35]                     Loss: 1.0335, Hard: 0.8767, Soft: 0.1568                     Acc: 62.50% LR: 0.000441                     Alpha: 0.5744425058364868                     Beta: 0.3686605393886566                     MemKD: 0.0
2026-02-09 15:51:23,995 - INFO - Epoch [30] Batch [20/35]                     Loss: 0.8395, Hard: 0.6977, Soft: 0.1418                     Acc: 75.60% LR: 0.000441                     Alpha: 0.5744425058364868                     Beta: 0.37483784556388855                     MemKD: 0.0
2026-02-09 15:51:52,968 - INFO - Epoch [30/130] Train Loss: 0.7577, Train Acc: 73.75%, Val Loss: 0.5958, Val Acc: 76.33%
2026-02-09 15:51:53,006 - INFO - Checkpoint saved at epoch 30
2026-02-09 15:52:16,237 - INFO - Epoch [31] Batch [0/35]                     Loss: 0.9713, Hard: 0.8038, Soft: 0.1675                     Acc: 68.75% LR: 0.000437                     Alpha: 0.5744425058364868                     Beta: 0.3797016143798828                     MemKD: 0.0
2026-02-09 15:52:19,814 - INFO - Epoch [31] Batch [20/35]                     Loss: 0.5891, Hard: 0.5039, Soft: 0.0851                     Acc: 77.68% LR: 0.000437                     Alpha: 0.5744425058364868                     Beta: 0.3862771987915039                     MemKD: 0.0
2026-02-09 15:52:48,007 - INFO - Epoch [31/130] Train Loss: 0.7154, Train Acc: 76.96%, Val Loss: 0.5332, Val Acc: 79.52%
2026-02-09 15:52:48,007 - INFO - Best model saved with accuracy: 79.52%
2026-02-09 15:53:11,524 - INFO - Epoch [32] Batch [0/35]                     Loss: 0.9178, Hard: 0.7556, Soft: 0.1622                     Acc: 62.50% LR: 0.000433                     Alpha: 0.5744425058364868                     Beta: 0.3910236954689026                     MemKD: 0.0
2026-02-09 15:53:14,973 - INFO - Epoch [32] Batch [20/35]                     Loss: 0.4186, Hard: 0.3480, Soft: 0.0707                     Acc: 75.00% LR: 0.000433                     Alpha: 0.5744425058364868                     Beta: 0.39725470542907715                     MemKD: 0.0
2026-02-09 15:53:43,991 - INFO - Epoch [32/130] Train Loss: 0.7018, Train Acc: 77.14%, Val Loss: 0.6313, Val Acc: 78.06%
2026-02-09 15:54:06,065 - INFO - Epoch [33] Batch [0/35]                     Loss: 0.5717, Hard: 0.4831, Soft: 0.0886                     Acc: 81.25% LR: 0.000429                     Alpha: 0.5744425058364868                     Beta: 0.401704341173172                     MemKD: 0.0
2026-02-09 15:54:09,722 - INFO - Epoch [33] Batch [20/35]                     Loss: 0.7471, Hard: 0.6377, Soft: 0.1093                     Acc: 76.19% LR: 0.000429                     Alpha: 0.5744425058364868                     Beta: 0.4077388644218445                     MemKD: 0.0
2026-02-09 15:54:38,607 - INFO - Epoch [33/130] Train Loss: 0.7623, Train Acc: 75.36%, Val Loss: 0.7978, Val Acc: 69.55%
2026-02-09 15:55:01,380 - INFO - Epoch [34] Batch [0/35]                     Loss: 0.6294, Hard: 0.5404, Soft: 0.0890                     Acc: 75.00% LR: 0.000425                     Alpha: 0.5744425058364868                     Beta: 0.41293400526046753                     MemKD: 0.0
2026-02-09 15:55:05,001 - INFO - Epoch [34] Batch [20/35]                     Loss: 0.6545, Hard: 0.5614, Soft: 0.0931                     Acc: 76.49% LR: 0.000425                     Alpha: 0.5744425058364868                     Beta: 0.41926681995391846                     MemKD: 0.0
2026-02-09 15:55:33,251 - INFO - Epoch [34/130] Train Loss: 0.7576, Train Acc: 74.64%, Val Loss: 0.8901, Val Acc: 64.36%
2026-02-09 15:55:54,741 - INFO - Epoch [35] Batch [0/35]                     Loss: 1.3052, Hard: 1.1099, Soft: 0.1953                     Acc: 68.75% LR: 0.000420                     Alpha: 0.5744425058364868                     Beta: 0.42471346259117126                     MemKD: 0.0
2026-02-09 15:55:57,830 - INFO - Epoch [35] Batch [20/35]                     Loss: 0.6591, Hard: 0.5602, Soft: 0.0990                     Acc: 77.38% LR: 0.000420                     Alpha: 0.5744425058364868                     Beta: 0.43180051445961                     MemKD: 0.0
2026-02-09 15:56:25,960 - INFO - Epoch [35/130] Train Loss: 0.7311, Train Acc: 78.21%, Val Loss: 0.7559, Val Acc: 73.40%
2026-02-09 15:56:48,603 - INFO - Epoch [36] Batch [0/35]                     Loss: 0.5782, Hard: 0.4819, Soft: 0.0964                     Acc: 68.75% LR: 0.000416                     Alpha: 0.5744425058364868                     Beta: 0.43648993968963623                     MemKD: 0.0
2026-02-09 15:56:52,225 - INFO - Epoch [36] Batch [20/35]                     Loss: 0.9017, Hard: 0.7797, Soft: 0.1220                     Acc: 78.27% LR: 0.000416                     Alpha: 0.5744425058364868                     Beta: 0.44209024310112                     MemKD: 0.0
2026-02-09 15:57:20,101 - INFO - Epoch [36/130] Train Loss: 0.6857, Train Acc: 77.32%, Val Loss: 0.8125, Val Acc: 70.88%
2026-02-09 15:57:42,285 - INFO - Epoch [37] Batch [0/35]                     Loss: 0.2914, Hard: 0.2534, Soft: 0.0379                     Acc: 100.00% LR: 0.000411                     Alpha: 0.5744425058364868                     Beta: 0.4467458724975586                     MemKD: 0.0
2026-02-09 15:57:45,910 - INFO - Epoch [37] Batch [20/35]                     Loss: 0.7164, Hard: 0.6243, Soft: 0.0921                     Acc: 81.55% LR: 0.000411                     Alpha: 0.5744425058364868                     Beta: 0.45218798518180847                     MemKD: 0.0
2026-02-09 15:58:14,534 - INFO - Epoch [37/130] Train Loss: 0.6300, Train Acc: 80.54%, Val Loss: 0.5659, Val Acc: 79.65%
2026-02-09 15:58:14,535 - INFO - Best model saved with accuracy: 79.65%
2026-02-09 15:58:35,542 - INFO - Epoch [38] Batch [0/35]                     Loss: 0.4954, Hard: 0.4096, Soft: 0.0858                     Acc: 93.75% LR: 0.000407                     Alpha: 0.5744425058364868                     Beta: 0.4563249349594116                     MemKD: 0.0
2026-02-09 15:58:39,157 - INFO - Epoch [38] Batch [20/35]                     Loss: 1.1632, Hard: 0.9979, Soft: 0.1654                     Acc: 79.76% LR: 0.000407                     Alpha: 0.5744425058364868                     Beta: 0.4621286690235138                     MemKD: 0.0
2026-02-09 15:59:06,335 - INFO - Epoch [38/130] Train Loss: 0.6817, Train Acc: 78.75%, Val Loss: 1.1315, Val Acc: 63.56%
2026-02-09 15:59:28,949 - INFO - Epoch [39] Batch [0/35]                     Loss: 0.5385, Hard: 0.4626, Soft: 0.0760                     Acc: 87.50% LR: 0.000402                     Alpha: 0.5744425058364868                     Beta: 0.46711665391921997                     MemKD: 0.0
2026-02-09 15:59:32,617 - INFO - Epoch [39] Batch [20/35]                     Loss: 0.4273, Hard: 0.3568, Soft: 0.0705                     Acc: 82.14% LR: 0.000402                     Alpha: 0.5744425058364868                     Beta: 0.47307178378105164                     MemKD: 0.0
2026-02-09 16:00:01,365 - INFO - Epoch [39/130] Train Loss: 0.5949, Train Acc: 82.68%, Val Loss: 0.6396, Val Acc: 73.94%
2026-02-09 16:00:23,681 - INFO - Epoch [40] Batch [0/35]                     Loss: 0.5083, Hard: 0.4288, Soft: 0.0795                     Acc: 87.50% LR: 0.000397                     Alpha: 0.5744425058364868                     Beta: 0.47724074125289917                     MemKD: 0.0
2026-02-09 16:00:27,372 - INFO - Epoch [40] Batch [20/35]                     Loss: 0.5980, Hard: 0.5213, Soft: 0.0767                     Acc: 77.68% LR: 0.000397                     Alpha: 0.5744425058364868                     Beta: 0.482928603887558                     MemKD: 0.0
2026-02-09 16:00:53,580 - INFO - Epoch [40/130] Train Loss: 0.6440, Train Acc: 77.32%, Val Loss: 0.5360, Val Acc: 81.38%
2026-02-09 16:00:53,581 - INFO - Best model saved with accuracy: 81.38%
2026-02-09 16:00:53,646 - INFO - Checkpoint saved at epoch 40
2026-02-09 16:01:15,592 - INFO - Epoch [41] Batch [0/35]                     Loss: 0.3245, Hard: 0.2737, Soft: 0.0509                     Acc: 93.75% LR: 0.000392                     Alpha: 0.5744425058364868                     Beta: 0.48704665899276733                     MemKD: 0.0
2026-02-09 16:01:18,674 - INFO - Epoch [41] Batch [20/35]                     Loss: 0.5323, Hard: 0.4540, Soft: 0.0782                     Acc: 83.33% LR: 0.000392                     Alpha: 0.5744425058364868                     Beta: 0.49208271503448486                     MemKD: 0.0
2026-02-09 16:01:47,457 - INFO - Epoch [41/130] Train Loss: 0.5672, Train Acc: 82.50%, Val Loss: 0.8881, Val Acc: 71.81%
2026-02-09 16:02:10,040 - INFO - Epoch [42] Batch [0/35]                     Loss: 0.7612, Hard: 0.6820, Soft: 0.0792                     Acc: 75.00% LR: 0.000387                     Alpha: 0.5744425058364868                     Beta: 0.49596118927001953                     MemKD: 0.0
2026-02-09 16:02:13,713 - INFO - Epoch [42] Batch [20/35]                     Loss: 0.9535, Hard: 0.8197, Soft: 0.1338                     Acc: 83.04% LR: 0.000387                     Alpha: 0.5744425058364868                     Beta: 0.5009222030639648                     MemKD: 0.0
2026-02-09 16:02:41,788 - INFO - Epoch [42/130] Train Loss: 0.5608, Train Acc: 82.68%, Val Loss: 0.5526, Val Acc: 79.65%
2026-02-09 16:03:03,867 - INFO - Epoch [43] Batch [0/35]                     Loss: 0.5916, Hard: 0.5231, Soft: 0.0685                     Acc: 87.50% LR: 0.000382                     Alpha: 0.5744425058364868                     Beta: 0.5047709941864014                     MemKD: 0.0
2026-02-09 16:03:07,688 - INFO - Epoch [43] Batch [20/35]                     Loss: 0.9139, Hard: 0.7667, Soft: 0.1473                     Acc: 80.06% LR: 0.000382                     Alpha: 0.5744425058364868                     Beta: 0.5101691484451294                     MemKD: 0.0
2026-02-09 16:03:36,166 - INFO - Epoch [43/130] Train Loss: 0.5706, Train Acc: 81.61%, Val Loss: 0.7114, Val Acc: 73.40%
2026-02-09 16:03:58,426 - INFO - Epoch [44] Batch [0/35]                     Loss: 0.5653, Hard: 0.5018, Soft: 0.0635                     Acc: 75.00% LR: 0.000377                     Alpha: 0.5744425058364868                     Beta: 0.5140554904937744                     MemKD: 0.0
2026-02-09 16:04:02,217 - INFO - Epoch [44] Batch [20/35]                     Loss: 0.3866, Hard: 0.3346, Soft: 0.0520                     Acc: 83.63% LR: 0.000377                     Alpha: 0.5744425058364868                     Beta: 0.5185584425926208                     MemKD: 0.0
2026-02-09 16:04:29,868 - INFO - Epoch [44/130] Train Loss: 0.5440, Train Acc: 81.43%, Val Loss: 0.5153, Val Acc: 80.85%
2026-02-09 16:04:52,117 - INFO - Epoch [45] Batch [0/35]                     Loss: 0.6686, Hard: 0.5695, Soft: 0.0991                     Acc: 81.25% LR: 0.000371                     Alpha: 0.5744425058364868                     Beta: 0.5226491689682007                     MemKD: 0.0
2026-02-09 16:04:55,656 - INFO - Epoch [45] Batch [20/35]                     Loss: 0.9729, Hard: 0.8649, Soft: 0.1080                     Acc: 86.61% LR: 0.000371                     Alpha: 0.5744425058364868                     Beta: 0.5270691514015198                     MemKD: 0.0
2026-02-09 16:05:24,160 - INFO - Epoch [45/130] Train Loss: 0.5179, Train Acc: 84.46%, Val Loss: 0.4981, Val Acc: 80.59%
2026-02-09 16:05:47,203 - INFO - Epoch [46] Batch [0/35]                     Loss: 0.6835, Hard: 0.6051, Soft: 0.0784                     Acc: 75.00% LR: 0.000366                     Alpha: 0.5744425058364868                     Beta: 0.5308833718299866                     MemKD: 0.0
2026-02-09 16:05:50,222 - INFO - Epoch [46] Batch [20/35]                     Loss: 0.4747, Hard: 0.4225, Soft: 0.0522                     Acc: 80.65% LR: 0.000366                     Alpha: 0.5744425058364868                     Beta: 0.5363229513168335                     MemKD: 0.0
2026-02-09 16:06:16,833 - INFO - Epoch [46/130] Train Loss: 0.5471, Train Acc: 80.54%, Val Loss: 0.5168, Val Acc: 79.65%
2026-02-09 16:06:38,611 - INFO - Epoch [47] Batch [0/35]                     Loss: 0.5928, Hard: 0.5166, Soft: 0.0762                     Acc: 68.75% LR: 0.000361                     Alpha: 0.5744425058364868                     Beta: 0.5396909713745117                     MemKD: 0.0
2026-02-09 16:06:42,264 - INFO - Epoch [47] Batch [20/35]                     Loss: 0.8785, Hard: 0.7844, Soft: 0.0941                     Acc: 79.17% LR: 0.000361                     Alpha: 0.5744425058364868                     Beta: 0.5446746349334717                     MemKD: 0.0
2026-02-09 16:07:10,973 - INFO - Epoch [47/130] Train Loss: 0.5442, Train Acc: 81.61%, Val Loss: 0.6188, Val Acc: 73.94%
2026-02-09 16:07:33,191 - INFO - Epoch [48] Batch [0/35]                     Loss: 0.7153, Hard: 0.6337, Soft: 0.0816                     Acc: 81.25% LR: 0.000355                     Alpha: 0.5744425058364868                     Beta: 0.5480386018753052                     MemKD: 0.0
2026-02-09 16:07:36,780 - INFO - Epoch [48] Batch [20/35]                     Loss: 0.3680, Hard: 0.3180, Soft: 0.0500                     Acc: 81.85% LR: 0.000355                     Alpha: 0.5744425058364868                     Beta: 0.5528771877288818                     MemKD: 0.0
2026-02-09 16:08:04,046 - INFO - Epoch [48/130] Train Loss: 0.5856, Train Acc: 81.07%, Val Loss: 1.0046, Val Acc: 70.48%
2026-02-09 16:08:26,977 - INFO - Epoch [49] Batch [0/35]                     Loss: 0.4570, Hard: 0.4063, Soft: 0.0507                     Acc: 81.25% LR: 0.000350                     Alpha: 0.5744425058364868                     Beta: 0.5565310120582581                     MemKD: 0.0
2026-02-09 16:08:30,667 - INFO - Epoch [49] Batch [20/35]                     Loss: 0.6391, Hard: 0.5691, Soft: 0.0700                     Acc: 79.76% LR: 0.000350                     Alpha: 0.5744425058364868                     Beta: 0.5614013075828552                     MemKD: 0.0
2026-02-09 16:08:58,146 - INFO - Epoch [49/130] Train Loss: 0.5685, Train Acc: 81.07%, Val Loss: 0.6337, Val Acc: 74.34%
2026-02-09 16:09:21,042 - INFO - Epoch [50] Batch [0/35]                     Loss: 0.5549, Hard: 0.4952, Soft: 0.0597                     Acc: 87.50% LR: 0.000344                     Alpha: 0.5744425058364868                     Beta: 0.5654796957969666                     MemKD: 0.0
2026-02-09 16:09:24,694 - INFO - Epoch [50] Batch [20/35]                     Loss: 0.3932, Hard: 0.3526, Soft: 0.0406                     Acc: 86.31% LR: 0.000344                     Alpha: 0.5744425058364868                     Beta: 0.5702746510505676                     MemKD: 0.0
2026-02-09 16:09:52,835 - INFO - Epoch [50/130] Train Loss: 0.4923, Train Acc: 85.71%, Val Loss: 0.5754, Val Acc: 79.12%
2026-02-09 16:09:52,900 - INFO - Checkpoint saved at epoch 50
2026-02-09 16:10:15,481 - INFO - Epoch [51] Batch [0/35]                     Loss: 0.5551, Hard: 0.4925, Soft: 0.0625                     Acc: 75.00% LR: 0.000339                     Alpha: 0.5744425058364868                     Beta: 0.5734227299690247                     MemKD: 0.0
2026-02-09 16:10:19,117 - INFO - Epoch [51] Batch [20/35]                     Loss: 0.4546, Hard: 0.4097, Soft: 0.0448                     Acc: 83.33% LR: 0.000339                     Alpha: 0.5744425058364868                     Beta: 0.5776968002319336                     MemKD: 0.0
2026-02-09 16:10:46,680 - INFO - Epoch [51/130] Train Loss: 0.4749, Train Acc: 84.29%, Val Loss: 0.6742, Val Acc: 77.26%
2026-02-09 16:11:09,600 - INFO - Epoch [52] Batch [0/35]                     Loss: 0.6306, Hard: 0.5597, Soft: 0.0708                     Acc: 87.50% LR: 0.000333                     Alpha: 0.5744425058364868                     Beta: 0.5808861255645752                     MemKD: 0.0
2026-02-09 16:11:12,592 - INFO - Epoch [52] Batch [20/35]                     Loss: 0.3088, Hard: 0.2605, Soft: 0.0484                     Acc: 82.14% LR: 0.000333                     Alpha: 0.5744425058364868                     Beta: 0.5852773785591125                     MemKD: 0.0
2026-02-09 16:11:39,446 - INFO - Epoch [52/130] Train Loss: 0.4828, Train Acc: 82.32%, Val Loss: 0.6327, Val Acc: 76.06%
2026-02-09 16:12:00,850 - INFO - Epoch [53] Batch [0/35]                     Loss: 0.4048, Hard: 0.3508, Soft: 0.0539                     Acc: 87.50% LR: 0.000327                     Alpha: 0.5744425058364868                     Beta: 0.5884150266647339                     MemKD: 0.0
2026-02-09 16:12:04,535 - INFO - Epoch [53] Batch [20/35]                     Loss: 0.3447, Hard: 0.3007, Soft: 0.0440                     Acc: 83.93% LR: 0.000327                     Alpha: 0.5744425058364868                     Beta: 0.5928643345832825                     MemKD: 0.0
2026-02-09 16:12:32,715 - INFO - Epoch [53/130] Train Loss: 0.5016, Train Acc: 83.57%, Val Loss: 0.6071, Val Acc: 80.05%
2026-02-09 16:12:54,439 - INFO - Epoch [54] Batch [0/35]                     Loss: 0.7415, Hard: 0.6732, Soft: 0.0683                     Acc: 87.50% LR: 0.000321                     Alpha: 0.5744425058364868                     Beta: 0.5961537957191467                     MemKD: 0.0
2026-02-09 16:12:58,059 - INFO - Epoch [54] Batch [20/35]                     Loss: 0.3734, Hard: 0.3330, Soft: 0.0404                     Acc: 84.23% LR: 0.000321                     Alpha: 0.5744425058364868                     Beta: 0.6002787351608276                     MemKD: 0.0
2026-02-09 16:13:26,547 - INFO - Epoch [54/130] Train Loss: 0.4811, Train Acc: 84.29%, Val Loss: 0.5711, Val Acc: 78.99%
2026-02-09 16:13:49,861 - INFO - Epoch [55] Batch [0/35]                     Loss: 0.6326, Hard: 0.5619, Soft: 0.0707                     Acc: 81.25% LR: 0.000316                     Alpha: 0.5744425058364868                     Beta: 0.603333592414856                     MemKD: 0.0
2026-02-09 16:13:53,428 - INFO - Epoch [55] Batch [20/35]                     Loss: 0.4142, Hard: 0.3665, Soft: 0.0478                     Acc: 83.04% LR: 0.000316                     Alpha: 0.5744425058364868                     Beta: 0.6076418161392212                     MemKD: 0.0
2026-02-09 16:14:21,002 - INFO - Epoch [55/130] Train Loss: 0.5123, Train Acc: 82.86%, Val Loss: 0.5549, Val Acc: 80.72%
2026-02-09 16:14:42,527 - INFO - Epoch [56] Batch [0/35]                     Loss: 0.2575, Hard: 0.2272, Soft: 0.0303                     Acc: 93.75% LR: 0.000310                     Alpha: 0.5744425058364868                     Beta: 0.6107519865036011                     MemKD: 0.0
2026-02-09 16:14:46,289 - INFO - Epoch [56] Batch [20/35]                     Loss: 0.3443, Hard: 0.2985, Soft: 0.0458                     Acc: 83.93% LR: 0.000310                     Alpha: 0.5744425058364868                     Beta: 0.6151507496833801                     MemKD: 0.0
2026-02-09 16:15:14,153 - INFO - Epoch [56/130] Train Loss: 0.5009, Train Acc: 83.39%, Val Loss: 0.8128, Val Acc: 72.07%
2026-02-09 16:15:36,250 - INFO - Epoch [57] Batch [0/35]                     Loss: 0.6955, Hard: 0.6335, Soft: 0.0621                     Acc: 75.00% LR: 0.000304                     Alpha: 0.5744425058364868                     Beta: 0.6185317635536194                     MemKD: 0.0
2026-02-09 16:15:39,792 - INFO - Epoch [57] Batch [20/35]                     Loss: 0.3236, Hard: 0.2916, Soft: 0.0320                     Acc: 84.82% LR: 0.000304                     Alpha: 0.5744425058364868                     Beta: 0.6226704120635986                     MemKD: 0.0
2026-02-09 16:16:07,523 - INFO - Epoch [57/130] Train Loss: 0.4855, Train Acc: 83.75%, Val Loss: 0.6588, Val Acc: 70.08%
2026-02-09 16:16:28,626 - INFO - Epoch [58] Batch [0/35]                     Loss: 0.2365, Hard: 0.2097, Soft: 0.0268                     Acc: 100.00% LR: 0.000298                     Alpha: 0.5744425058364868                     Beta: 0.6256154179573059                     MemKD: 0.0
2026-02-09 16:16:31,675 - INFO - Epoch [58] Batch [20/35]                     Loss: 0.3086, Hard: 0.2822, Soft: 0.0264                     Acc: 85.71% LR: 0.000298                     Alpha: 0.5744425058364868                     Beta: 0.6295492649078369                     MemKD: 0.0
2026-02-09 16:16:59,174 - INFO - Epoch [58/130] Train Loss: 0.4774, Train Acc: 82.68%, Val Loss: 0.6285, Val Acc: 76.73%
2026-02-09 16:17:20,920 - INFO - Epoch [59] Batch [0/35]                     Loss: 0.2306, Hard: 0.2020, Soft: 0.0286                     Acc: 100.00% LR: 0.000292                     Alpha: 0.5744425058364868                     Beta: 0.6326283812522888                     MemKD: 0.0
2026-02-09 16:17:24,570 - INFO - Epoch [59] Batch [20/35]                     Loss: 0.2301, Hard: 0.1913, Soft: 0.0388                     Acc: 88.69% LR: 0.000292                     Alpha: 0.5744425058364868                     Beta: 0.6366167068481445                     MemKD: 0.0
2026-02-09 16:17:52,199 - INFO - Epoch [59/130] Train Loss: 0.3936, Train Acc: 87.32%, Val Loss: 0.5052, Val Acc: 82.98%
2026-02-09 16:17:52,199 - INFO - Best model saved with accuracy: 82.98%
2026-02-09 16:18:14,858 - INFO - Epoch [60] Batch [0/35]                     Loss: 0.3562, Hard: 0.3147, Soft: 0.0414                     Acc: 81.25% LR: 0.000286                     Alpha: 0.5744425058364868                     Beta: 0.6392065286636353                     MemKD: 0.0
2026-02-09 16:18:18,498 - INFO - Epoch [60] Batch [20/35]                     Loss: 0.3277, Hard: 0.2820, Soft: 0.0457                     Acc: 85.12% LR: 0.000286                     Alpha: 0.5744425058364868                     Beta: 0.6429768204689026                     MemKD: 0.0
2026-02-09 16:18:44,932 - INFO - Epoch [60/130] Train Loss: 0.4657, Train Acc: 85.54%, Val Loss: 0.6746, Val Acc: 75.66%
2026-02-09 16:18:44,978 - INFO - Checkpoint saved at epoch 60
2026-02-09 16:19:07,883 - INFO - Epoch [61] Batch [0/35]                     Loss: 0.5020, Hard: 0.4451, Soft: 0.0569                     Acc: 75.00% LR: 0.000280                     Alpha: 0.5744425058364868                     Beta: 0.6459273099899292                     MemKD: 0.0
2026-02-09 16:19:11,567 - INFO - Epoch [61] Batch [20/35]                     Loss: 0.6619, Hard: 0.6038, Soft: 0.0581                     Acc: 82.44% LR: 0.000280                     Alpha: 0.5744425058364868                     Beta: 0.6500566601753235                     MemKD: 0.0
2026-02-09 16:19:40,628 - INFO - Epoch [61/130] Train Loss: 0.5156, Train Acc: 81.79%, Val Loss: 0.5978, Val Acc: 77.93%
2026-02-09 16:20:01,464 - INFO - Epoch [62] Batch [0/35]                     Loss: 0.3498, Hard: 0.3159, Soft: 0.0339                     Acc: 87.50% LR: 0.000274                     Alpha: 0.5744425058364868                     Beta: 0.6535961031913757                     MemKD: 0.0
2026-02-09 16:20:05,093 - INFO - Epoch [62] Batch [20/35]                     Loss: 0.4834, Hard: 0.4397, Soft: 0.0438                     Acc: 83.93% LR: 0.000274                     Alpha: 0.5744425058364868                     Beta: 0.6575417518615723                     MemKD: 0.0
2026-02-09 16:20:32,459 - INFO - Epoch [62/130] Train Loss: 0.4614, Train Acc: 84.64%, Val Loss: 0.5508, Val Acc: 79.52%
2026-02-09 16:20:53,796 - INFO - Epoch [63] Batch [0/35]                     Loss: 0.4701, Hard: 0.4300, Soft: 0.0401                     Acc: 87.50% LR: 0.000268                     Alpha: 0.5744425058364868                     Beta: 0.6604399085044861                     MemKD: 0.0
2026-02-09 16:20:57,399 - INFO - Epoch [63] Batch [20/35]                     Loss: 0.2139, Hard: 0.1847, Soft: 0.0292                     Acc: 87.80% LR: 0.000268                     Alpha: 0.5744425058364868                     Beta: 0.6640297770500183                     MemKD: 0.0
2026-02-09 16:21:23,233 - INFO - Epoch [63/130] Train Loss: 0.3917, Train Acc: 87.68%, Val Loss: 0.4621, Val Acc: 84.04%
2026-02-09 16:21:23,234 - INFO - Best model saved with accuracy: 84.04%
2026-02-09 16:21:43,801 - INFO - Epoch [64] Batch [0/35]                     Loss: 0.7513, Hard: 0.6763, Soft: 0.0751                     Acc: 68.75% LR: 0.000262                     Alpha: 0.5744425058364868                     Beta: 0.6663416028022766                     MemKD: 0.0
2026-02-09 16:21:46,906 - INFO - Epoch [64] Batch [20/35]                     Loss: 0.2515, Hard: 0.2163, Soft: 0.0352                     Acc: 86.31% LR: 0.000262                     Alpha: 0.5744425058364868                     Beta: 0.6697750091552734                     MemKD: 0.0
2026-02-09 16:22:14,211 - INFO - Epoch [64/130] Train Loss: 0.4047, Train Acc: 86.61%, Val Loss: 0.5675, Val Acc: 78.99%
2026-02-09 16:22:36,945 - INFO - Epoch [65] Batch [0/35]                     Loss: 0.1586, Hard: 0.1280, Soft: 0.0306                     Acc: 93.75% LR: 0.000256                     Alpha: 0.5744425058364868                     Beta: 0.6723191738128662                     MemKD: 0.0
2026-02-09 16:22:40,667 - INFO - Epoch [65] Batch [20/35]                     Loss: 0.5915, Hard: 0.5267, Soft: 0.0648                     Acc: 86.01% LR: 0.000256                     Alpha: 0.5744425058364868                     Beta: 0.675703227519989                     MemKD: 0.0
2026-02-09 16:23:09,342 - INFO - Epoch [65/130] Train Loss: 0.3962, Train Acc: 86.79%, Val Loss: 0.5544, Val Acc: 79.52%
2026-02-09 16:23:30,942 - INFO - Epoch [66] Batch [0/35]                     Loss: 0.2214, Hard: 0.2006, Soft: 0.0208                     Acc: 93.75% LR: 0.000250                     Alpha: 0.5744425058364868                     Beta: 0.6782839894294739                     MemKD: 0.0
2026-02-09 16:23:34,540 - INFO - Epoch [66] Batch [20/35]                     Loss: 0.3839, Hard: 0.3522, Soft: 0.0317                     Acc: 86.31% LR: 0.000250                     Alpha: 0.5744425058364868                     Beta: 0.6814574003219604                     MemKD: 0.0
2026-02-09 16:24:02,192 - INFO - Epoch [66/130] Train Loss: 0.4076, Train Acc: 86.96%, Val Loss: 0.5289, Val Acc: 77.26%
2026-02-09 16:24:23,640 - INFO - Epoch [67] Batch [0/35]                     Loss: 0.2950, Hard: 0.2596, Soft: 0.0354                     Acc: 81.25% LR: 0.000244                     Alpha: 0.5744425058364868                     Beta: 0.6840721964836121                     MemKD: 0.0
2026-02-09 16:24:27,268 - INFO - Epoch [67] Batch [20/35]                     Loss: 0.2111, Hard: 0.1862, Soft: 0.0249                     Acc: 86.01% LR: 0.000244                     Alpha: 0.5744425058364868                     Beta: 0.6875705122947693                     MemKD: 0.0
2026-02-09 16:24:55,294 - INFO - Epoch [67/130] Train Loss: 0.4247, Train Acc: 85.54%, Val Loss: 0.5380, Val Acc: 76.73%
2026-02-09 16:25:17,686 - INFO - Epoch [68] Batch [0/35]                     Loss: 0.5924, Hard: 0.5383, Soft: 0.0541                     Acc: 75.00% LR: 0.000238                     Alpha: 0.5744425058364868                     Beta: 0.6902628540992737                     MemKD: 0.0
2026-02-09 16:25:21,250 - INFO - Epoch [68] Batch [20/35]                     Loss: 0.1994, Hard: 0.1763, Soft: 0.0232                     Acc: 87.20% LR: 0.000238                     Alpha: 0.5744425058364868                     Beta: 0.6934861540794373                     MemKD: 0.0
2026-02-09 16:25:49,817 - INFO - Epoch [68/130] Train Loss: 0.4217, Train Acc: 86.07%, Val Loss: 1.1655, Val Acc: 65.43%
2026-02-09 16:26:13,392 - INFO - Epoch [69] Batch [0/35]                     Loss: 0.2885, Hard: 0.2587, Soft: 0.0298                     Acc: 93.75% LR: 0.000232                     Alpha: 0.5744425058364868                     Beta: 0.6960674524307251                     MemKD: 0.0
2026-02-09 16:26:17,040 - INFO - Epoch [69] Batch [20/35]                     Loss: 0.6348, Hard: 0.5822, Soft: 0.0526                     Acc: 84.52% LR: 0.000232                     Alpha: 0.5744425058364868                     Beta: 0.6995986104011536                     MemKD: 0.0
2026-02-09 16:26:44,482 - INFO - Epoch [69/130] Train Loss: 0.3852, Train Acc: 85.18%, Val Loss: 0.4921, Val Acc: 82.71%
2026-02-09 16:27:04,582 - INFO - Epoch [70] Batch [0/35]                     Loss: 0.4221, Hard: 0.3847, Soft: 0.0373                     Acc: 87.50% LR: 0.000226                     Alpha: 0.5744425058364868                     Beta: 0.7021517157554626                     MemKD: 0.0
2026-02-09 16:27:07,684 - INFO - Epoch [70] Batch [20/35]                     Loss: 0.4564, Hard: 0.4070, Soft: 0.0494                     Acc: 87.20% LR: 0.000226                     Alpha: 0.5744425058364868                     Beta: 0.705070972442627                     MemKD: 0.0
2026-02-09 16:27:33,920 - INFO - Epoch [70/130] Train Loss: 0.3385, Train Acc: 88.75%, Val Loss: 0.4845, Val Acc: 81.91%
2026-02-09 16:27:33,971 - INFO - Checkpoint saved at epoch 70
2026-02-09 16:27:56,356 - INFO - Epoch [71] Batch [0/35]                     Loss: 0.5221, Hard: 0.4810, Soft: 0.0411                     Acc: 81.25% LR: 0.000220                     Alpha: 0.5744425058364868                     Beta: 0.7071797847747803                     MemKD: 0.0
2026-02-09 16:27:59,926 - INFO - Epoch [71] Batch [20/35]                     Loss: 0.2952, Hard: 0.2709, Soft: 0.0243                     Acc: 87.20% LR: 0.000220                     Alpha: 0.5744425058364868                     Beta: 0.7100793123245239                     MemKD: 0.0
2026-02-09 16:28:28,326 - INFO - Epoch [71/130] Train Loss: 0.4202, Train Acc: 86.25%, Val Loss: 0.4834, Val Acc: 82.45%
2026-02-09 16:28:51,814 - INFO - Epoch [72] Batch [0/35]                     Loss: 0.5600, Hard: 0.5191, Soft: 0.0409                     Acc: 81.25% LR: 0.000214                     Alpha: 0.5744425058364868                     Beta: 0.7124003767967224                     MemKD: 0.0
2026-02-09 16:28:55,475 - INFO - Epoch [72] Batch [20/35]                     Loss: 0.2773, Hard: 0.2479, Soft: 0.0294                     Acc: 87.80% LR: 0.000214                     Alpha: 0.5744425058364868                     Beta: 0.7153200507164001                     MemKD: 0.0
2026-02-09 16:29:23,144 - INFO - Epoch [72/130] Train Loss: 0.3641, Train Acc: 88.04%, Val Loss: 0.4724, Val Acc: 83.64%
2026-02-09 16:29:43,791 - INFO - Epoch [73] Batch [0/35]                     Loss: 0.4579, Hard: 0.4228, Soft: 0.0352                     Acc: 87.50% LR: 0.000208                     Alpha: 0.5744425058364868                     Beta: 0.7173208594322205                     MemKD: 0.0
2026-02-09 16:29:47,407 - INFO - Epoch [73] Batch [20/35]                     Loss: 0.3571, Hard: 0.3234, Soft: 0.0338                     Acc: 88.39% LR: 0.000208                     Alpha: 0.5744425058364868                     Beta: 0.7199292778968811                     MemKD: 0.0
2026-02-09 16:30:15,654 - INFO - Epoch [73/130] Train Loss: 0.3609, Train Acc: 86.79%, Val Loss: 0.5970, Val Acc: 78.59%
2026-02-09 16:30:38,231 - INFO - Epoch [74] Batch [0/35]                     Loss: 0.2280, Hard: 0.1995, Soft: 0.0285                     Acc: 87.50% LR: 0.000202                     Alpha: 0.5744425058364868                     Beta: 0.7218706011772156                     MemKD: 0.0
2026-02-09 16:30:41,911 - INFO - Epoch [74] Batch [20/35]                     Loss: 0.1368, Hard: 0.1194, Soft: 0.0174                     Acc: 85.12% LR: 0.000202                     Alpha: 0.5744425058364868                     Beta: 0.7246407866477966                     MemKD: 0.0
2026-02-09 16:31:09,360 - INFO - Epoch [74/130] Train Loss: 0.3589, Train Acc: 86.25%, Val Loss: 0.5618, Val Acc: 82.98%
2026-02-09 16:31:31,227 - INFO - Epoch [75] Batch [0/35]                     Loss: 0.1161, Hard: 0.0997, Soft: 0.0165                     Acc: 100.00% LR: 0.000196                     Alpha: 0.5744425058364868                     Beta: 0.726531445980072                     MemKD: 0.0
2026-02-09 16:31:34,815 - INFO - Epoch [75] Batch [20/35]                     Loss: 0.4650, Hard: 0.4210, Soft: 0.0440                     Acc: 89.58% LR: 0.000196                     Alpha: 0.5744425058364868                     Beta: 0.7290973663330078                     MemKD: 0.0
2026-02-09 16:32:01,331 - INFO - Epoch [75/130] Train Loss: 0.2929, Train Acc: 89.64%, Val Loss: 0.5029, Val Acc: 81.25%
2026-02-09 16:32:22,031 - INFO - Epoch [76] Batch [0/35]                     Loss: 0.1485, Hard: 0.1269, Soft: 0.0217                     Acc: 93.75% LR: 0.000190                     Alpha: 0.5744425058364868                     Beta: 0.7309056520462036                     MemKD: 0.0
2026-02-09 16:32:25,083 - INFO - Epoch [76] Batch [20/35]                     Loss: 0.1302, Hard: 0.1141, Soft: 0.0162                     Acc: 89.58% LR: 0.000190                     Alpha: 0.5744425058364868                     Beta: 0.7330979704856873                     MemKD: 0.0
2026-02-09 16:32:52,149 - INFO - Epoch [76/130] Train Loss: 0.3325, Train Acc: 89.11%, Val Loss: 0.4781, Val Acc: 83.64%
2026-02-09 16:33:13,545 - INFO - Epoch [77] Batch [0/35]                     Loss: 0.3127, Hard: 0.2860, Soft: 0.0267                     Acc: 81.25% LR: 0.000184                     Alpha: 0.5744425058364868                     Beta: 0.7348048090934753                     MemKD: 0.0
2026-02-09 16:33:17,094 - INFO - Epoch [77] Batch [20/35]                     Loss: 0.3440, Hard: 0.3123, Soft: 0.0317                     Acc: 86.90% LR: 0.000184                     Alpha: 0.5744425058364868                     Beta: 0.7371792793273926                     MemKD: 0.0
2026-02-09 16:33:45,784 - INFO - Epoch [77/130] Train Loss: 0.3752, Train Acc: 85.89%, Val Loss: 0.6704, Val Acc: 75.27%
2026-02-09 16:34:08,931 - INFO - Epoch [78] Batch [0/35]                     Loss: 0.6419, Hard: 0.6027, Soft: 0.0391                     Acc: 87.50% LR: 0.000179                     Alpha: 0.5744425058364868                     Beta: 0.7391146421432495                     MemKD: 0.0
2026-02-09 16:34:12,440 - INFO - Epoch [78] Batch [20/35]                     Loss: 0.4368, Hard: 0.4048, Soft: 0.0320                     Acc: 87.50% LR: 0.000179                     Alpha: 0.5744425058364868                     Beta: 0.7415973544120789                     MemKD: 0.0
2026-02-09 16:34:39,855 - INFO - Epoch [78/130] Train Loss: 0.3213, Train Acc: 89.11%, Val Loss: 0.4496, Val Acc: 84.57%
2026-02-09 16:34:39,855 - INFO - Best model saved with accuracy: 84.57%
2026-02-09 16:35:02,633 - INFO - Epoch [79] Batch [0/35]                     Loss: 0.2942, Hard: 0.2716, Soft: 0.0226                     Acc: 81.25% LR: 0.000173                     Alpha: 0.5744425058364868                     Beta: 0.7432492971420288                     MemKD: 0.0
2026-02-09 16:35:06,266 - INFO - Epoch [79] Batch [20/35]                     Loss: 0.2670, Hard: 0.2378, Soft: 0.0292                     Acc: 87.80% LR: 0.000173                     Alpha: 0.5744425058364868                     Beta: 0.7455055713653564                     MemKD: 0.0
2026-02-09 16:35:35,406 - INFO - Epoch [79/130] Train Loss: 0.3354, Train Acc: 87.50%, Val Loss: 0.4484, Val Acc: 84.18%
2026-02-09 16:35:57,837 - INFO - Epoch [80] Batch [0/35]                     Loss: 0.3200, Hard: 0.2938, Soft: 0.0262                     Acc: 87.50% LR: 0.000167                     Alpha: 0.5744425058364868                     Beta: 0.7473070621490479                     MemKD: 0.0
2026-02-09 16:36:01,390 - INFO - Epoch [80] Batch [20/35]                     Loss: 0.5287, Hard: 0.5014, Soft: 0.0273                     Acc: 86.01% LR: 0.000167                     Alpha: 0.5744425058364868                     Beta: 0.749895453453064                     MemKD: 0.0
2026-02-09 16:36:30,219 - INFO - Epoch [80/130] Train Loss: 0.3837, Train Acc: 86.61%, Val Loss: 0.4826, Val Acc: 82.45%
2026-02-09 16:36:30,266 - INFO - Checkpoint saved at epoch 80
2026-02-09 16:36:53,042 - INFO - Epoch [81] Batch [0/35]                     Loss: 0.3263, Hard: 0.2965, Soft: 0.0298                     Acc: 87.50% LR: 0.000161                     Alpha: 0.5744425058364868                     Beta: 0.7517512440681458                     MemKD: 0.0
2026-02-09 16:36:56,152 - INFO - Epoch [81] Batch [20/35]                     Loss: 0.3760, Hard: 0.3518, Soft: 0.0242                     Acc: 86.61% LR: 0.000161                     Alpha: 0.5744425058364868                     Beta: 0.7541208863258362                     MemKD: 0.0
2026-02-09 16:37:22,967 - INFO - Epoch [81/130] Train Loss: 0.3432, Train Acc: 87.32%, Val Loss: 0.6995, Val Acc: 76.20%
2026-02-09 16:37:43,774 - INFO - Epoch [82] Batch [0/35]                     Loss: 0.2282, Hard: 0.2026, Soft: 0.0255                     Acc: 93.75% LR: 0.000156                     Alpha: 0.5744425058364868                     Beta: 0.7558550238609314                     MemKD: 0.0
2026-02-09 16:37:47,410 - INFO - Epoch [82] Batch [20/35]                     Loss: 0.3561, Hard: 0.3268, Soft: 0.0293                     Acc: 88.10% LR: 0.000156                     Alpha: 0.5744425058364868                     Beta: 0.7578393220901489                     MemKD: 0.0
2026-02-09 16:38:15,519 - INFO - Epoch [82/130] Train Loss: 0.3144, Train Acc: 88.21%, Val Loss: 0.5140, Val Acc: 82.98%
2026-02-09 16:38:37,834 - INFO - Epoch [83] Batch [0/35]                     Loss: 0.5289, Hard: 0.4933, Soft: 0.0356                     Acc: 81.25% LR: 0.000150                     Alpha: 0.5744425058364868                     Beta: 0.7594264149665833                     MemKD: 0.0
2026-02-09 16:38:41,453 - INFO - Epoch [83] Batch [20/35]                     Loss: 0.2374, Hard: 0.2140, Soft: 0.0234                     Acc: 90.18% LR: 0.000150                     Alpha: 0.5744425058364868                     Beta: 0.7614020705223083                     MemKD: 0.0
2026-02-09 16:39:08,722 - INFO - Epoch [83/130] Train Loss: 0.2893, Train Acc: 90.71%, Val Loss: 0.4262, Val Acc: 84.18%
2026-02-09 16:39:31,762 - INFO - Epoch [84] Batch [0/35]                     Loss: 0.2059, Hard: 0.1785, Soft: 0.0274                     Acc: 93.75% LR: 0.000145                     Alpha: 0.5744425058364868                     Beta: 0.762822151184082                     MemKD: 0.0
2026-02-09 16:39:35,437 - INFO - Epoch [84] Batch [20/35]                     Loss: 0.3118, Hard: 0.2828, Soft: 0.0290                     Acc: 90.77% LR: 0.000145                     Alpha: 0.5744425058364868                     Beta: 0.7646065354347229                     MemKD: 0.0
2026-02-09 16:40:03,624 - INFO - Epoch [84/130] Train Loss: 0.3364, Train Acc: 88.93%, Val Loss: 0.4288, Val Acc: 86.04%
2026-02-09 16:40:03,624 - INFO - Best model saved with accuracy: 86.04%
2026-02-09 16:40:24,200 - INFO - Epoch [85] Batch [0/35]                     Loss: 0.3226, Hard: 0.2959, Soft: 0.0267                     Acc: 93.75% LR: 0.000139                     Alpha: 0.5744425058364868                     Beta: 0.7662419676780701                     MemKD: 0.0
2026-02-09 16:40:27,787 - INFO - Epoch [85] Batch [20/35]                     Loss: 0.2597, Hard: 0.2389, Soft: 0.0208                     Acc: 91.07% LR: 0.000139                     Alpha: 0.5744425058364868                     Beta: 0.7681905031204224                     MemKD: 0.0
2026-02-09 16:40:55,297 - INFO - Epoch [85/130] Train Loss: 0.3144, Train Acc: 90.54%, Val Loss: 0.5996, Val Acc: 78.06%
2026-02-09 16:41:19,035 - INFO - Epoch [86] Batch [0/35]                     Loss: 0.1832, Hard: 0.1643, Soft: 0.0188                     Acc: 93.75% LR: 0.000134                     Alpha: 0.5744425058364868                     Beta: 0.7695999145507812                     MemKD: 0.0
2026-02-09 16:41:22,610 - INFO - Epoch [86] Batch [20/35]                     Loss: 0.3251, Hard: 0.3023, Soft: 0.0228                     Acc: 89.88% LR: 0.000134                     Alpha: 0.5744425058364868                     Beta: 0.771368682384491                     MemKD: 0.0
2026-02-09 16:41:51,489 - INFO - Epoch [86/130] Train Loss: 0.3408, Train Acc: 88.21%, Val Loss: 0.4391, Val Acc: 84.97%
2026-02-09 16:42:12,863 - INFO - Epoch [87] Batch [0/35]                     Loss: 0.1806, Hard: 0.1631, Soft: 0.0174                     Acc: 93.75% LR: 0.000129                     Alpha: 0.5744425058364868                     Beta: 0.7730221748352051                     MemKD: 0.0
2026-02-09 16:42:15,917 - INFO - Epoch [87] Batch [20/35]                     Loss: 0.1154, Hard: 0.0994, Soft: 0.0160                     Acc: 88.69% LR: 0.000129                     Alpha: 0.5744425058364868                     Beta: 0.7749940752983093                     MemKD: 0.0
2026-02-09 16:42:42,195 - INFO - Epoch [87/130] Train Loss: 0.2998, Train Acc: 89.64%, Val Loss: 0.4122, Val Acc: 84.84%
2026-02-09 16:43:04,756 - INFO - Epoch [88] Batch [0/35]                     Loss: 0.1484, Hard: 0.1266, Soft: 0.0218                     Acc: 93.75% LR: 0.000123                     Alpha: 0.5744425058364868                     Beta: 0.7762512564659119                     MemKD: 0.0
2026-02-09 16:43:08,546 - INFO - Epoch [88] Batch [20/35]                     Loss: 0.4347, Hard: 0.4090, Soft: 0.0257                     Acc: 88.39% LR: 0.000123                     Alpha: 0.5744425058364868                     Beta: 0.7777402997016907                     MemKD: 0.0
2026-02-09 16:43:36,223 - INFO - Epoch [88/130] Train Loss: 0.2760, Train Acc: 89.46%, Val Loss: 0.4496, Val Acc: 84.04%
2026-02-09 16:43:58,178 - INFO - Epoch [89] Batch [0/35]                     Loss: 0.1442, Hard: 0.1263, Soft: 0.0179                     Acc: 93.75% LR: 0.000118                     Alpha: 0.5744425058364868                     Beta: 0.7788124680519104                     MemKD: 0.0
2026-02-09 16:44:01,846 - INFO - Epoch [89] Batch [20/35]                     Loss: 0.3378, Hard: 0.3118, Soft: 0.0260                     Acc: 89.29% LR: 0.000118                     Alpha: 0.5744425058364868                     Beta: 0.7804362773895264                     MemKD: 0.0
2026-02-09 16:44:29,906 - INFO - Epoch [89/130] Train Loss: 0.3173, Train Acc: 88.93%, Val Loss: 0.4552, Val Acc: 84.44%
2026-02-09 16:44:52,826 - INFO - Epoch [90] Batch [0/35]                     Loss: 0.3134, Hard: 0.2909, Soft: 0.0226                     Acc: 87.50% LR: 0.000113                     Alpha: 0.5744425058364868                     Beta: 0.7817163467407227                     MemKD: 0.0
2026-02-09 16:44:56,407 - INFO - Epoch [90] Batch [20/35]                     Loss: 0.2947, Hard: 0.2695, Soft: 0.0252                     Acc: 90.77% LR: 0.000113                     Alpha: 0.5744425058364868                     Beta: 0.7833132743835449                     MemKD: 0.0
2026-02-09 16:45:24,661 - INFO - Epoch [90/130] Train Loss: 0.3134, Train Acc: 90.18%, Val Loss: 0.4951, Val Acc: 81.78%
2026-02-09 16:45:24,712 - INFO - Checkpoint saved at epoch 90
2026-02-09 16:45:46,330 - INFO - Epoch [91] Batch [0/35]                     Loss: 0.3773, Hard: 0.3542, Soft: 0.0232                     Acc: 87.50% LR: 0.000108                     Alpha: 0.5744425058364868                     Beta: 0.7844616174697876                     MemKD: 0.0
2026-02-09 16:45:49,957 - INFO - Epoch [91] Batch [20/35]                     Loss: 0.3867, Hard: 0.3575, Soft: 0.0292                     Acc: 89.58% LR: 0.000108                     Alpha: 0.5744425058364868                     Beta: 0.7859887480735779                     MemKD: 0.0
2026-02-09 16:46:17,771 - INFO - Epoch [91/130] Train Loss: 0.2817, Train Acc: 90.36%, Val Loss: 0.5402, Val Acc: 81.38%
2026-02-09 16:46:40,627 - INFO - Epoch [92] Batch [0/35]                     Loss: 0.1721, Hard: 0.1551, Soft: 0.0170                     Acc: 93.75% LR: 0.000103                     Alpha: 0.5744425058364868                     Beta: 0.7870835065841675                     MemKD: 0.0
2026-02-09 16:46:44,311 - INFO - Epoch [92] Batch [20/35]                     Loss: 0.1956, Hard: 0.1755, Soft: 0.0202                     Acc: 90.48% LR: 0.000103                     Alpha: 0.5744425058364868                     Beta: 0.7883329391479492                     MemKD: 0.0
2026-02-09 16:47:10,756 - INFO - Epoch [92/130] Train Loss: 0.2650, Train Acc: 90.00%, Val Loss: 0.4909, Val Acc: 82.85%
2026-02-09 16:47:31,155 - INFO - Epoch [93] Batch [0/35]                     Loss: 0.3230, Hard: 0.2958, Soft: 0.0272                     Acc: 87.50% LR: 0.000098                     Alpha: 0.5744425058364868                     Beta: 0.7893892526626587                     MemKD: 0.0
2026-02-09 16:47:34,242 - INFO - Epoch [93] Batch [20/35]                     Loss: 0.2743, Hard: 0.2510, Soft: 0.0233                     Acc: 90.77% LR: 0.000098                     Alpha: 0.5744425058364868                     Beta: 0.7905843257904053                     MemKD: 0.0
2026-02-09 16:48:01,654 - INFO - Epoch [93/130] Train Loss: 0.2548, Train Acc: 90.89%, Val Loss: 0.4223, Val Acc: 86.44%
2026-02-09 16:48:01,655 - INFO - Best model saved with accuracy: 86.44%
2026-02-09 16:48:24,175 - INFO - Epoch [94] Batch [0/35]                     Loss: 0.3525, Hard: 0.3286, Soft: 0.0239                     Acc: 87.50% LR: 0.000093                     Alpha: 0.5744425058364868                     Beta: 0.7915176153182983                     MemKD: 0.0
2026-02-09 16:48:27,861 - INFO - Epoch [94] Batch [20/35]                     Loss: 0.2024, Hard: 0.1852, Soft: 0.0171                     Acc: 91.67% LR: 0.000093                     Alpha: 0.5744425058364868                     Beta: 0.7927568554878235                     MemKD: 0.0
2026-02-09 16:48:55,981 - INFO - Epoch [94/130] Train Loss: 0.2546, Train Acc: 92.32%, Val Loss: 0.4521, Val Acc: 84.84%
2026-02-09 16:49:18,813 - INFO - Epoch [95] Batch [0/35]                     Loss: 0.4517, Hard: 0.4207, Soft: 0.0310                     Acc: 81.25% LR: 0.000089                     Alpha: 0.5744425058364868                     Beta: 0.7936199903488159                     MemKD: 0.0
2026-02-09 16:49:22,494 - INFO - Epoch [95] Batch [20/35]                     Loss: 0.4003, Hard: 0.3774, Soft: 0.0229                     Acc: 90.48% LR: 0.000089                     Alpha: 0.5744425058364868                     Beta: 0.794875979423523                     MemKD: 0.0
2026-02-09 16:49:50,823 - INFO - Epoch [95/130] Train Loss: 0.2813, Train Acc: 91.07%, Val Loss: 0.5415, Val Acc: 79.79%
2026-02-09 16:50:13,323 - INFO - Epoch [96] Batch [0/35]                     Loss: 0.3433, Hard: 0.3175, Soft: 0.0258                     Acc: 81.25% LR: 0.000084                     Alpha: 0.5744425058364868                     Beta: 0.7957468032836914                     MemKD: 0.0
2026-02-09 16:50:16,856 - INFO - Epoch [96] Batch [20/35]                     Loss: 0.1282, Hard: 0.1159, Soft: 0.0124                     Acc: 89.88% LR: 0.000084                     Alpha: 0.5744425058364868                     Beta: 0.7968844175338745                     MemKD: 0.0
2026-02-09 16:50:44,859 - INFO - Epoch [96/130] Train Loss: 0.2464, Train Acc: 91.61%, Val Loss: 0.4036, Val Acc: 86.17%
2026-02-09 16:51:06,947 - INFO - Epoch [97] Batch [0/35]                     Loss: 0.2177, Hard: 0.1972, Soft: 0.0204                     Acc: 93.75% LR: 0.000080                     Alpha: 0.5744425058364868                     Beta: 0.7976892590522766                     MemKD: 0.0
2026-02-09 16:51:10,594 - INFO - Epoch [97] Batch [20/35]                     Loss: 0.2593, Hard: 0.2425, Soft: 0.0168                     Acc: 89.88% LR: 0.000080                     Alpha: 0.5744425058364868                     Beta: 0.7987642288208008                     MemKD: 0.0
2026-02-09 16:51:39,389 - INFO - Epoch [97/130] Train Loss: 0.2805, Train Acc: 89.29%, Val Loss: 0.4620, Val Acc: 85.11%
2026-02-09 16:52:00,560 - INFO - Epoch [98] Batch [0/35]                     Loss: 0.2459, Hard: 0.2205, Soft: 0.0255                     Acc: 93.75% LR: 0.000075                     Alpha: 0.5744425058364868                     Beta: 0.7995945811271667                     MemKD: 0.0
2026-02-09 16:52:04,033 - INFO - Epoch [98] Batch [20/35]                     Loss: 0.3020, Hard: 0.2749, Soft: 0.0271                     Acc: 92.26% LR: 0.000075                     Alpha: 0.5744425058364868                     Beta: 0.8005579710006714                     MemKD: 0.0
2026-02-09 16:52:31,791 - INFO - Epoch [98/130] Train Loss: 0.2465, Train Acc: 91.43%, Val Loss: 0.4437, Val Acc: 85.24%
2026-02-09 16:52:53,086 - INFO - Epoch [99] Batch [0/35]                     Loss: 0.2990, Hard: 0.2724, Soft: 0.0266                     Acc: 87.50% LR: 0.000071                     Alpha: 0.5744425058364868                     Beta: 0.8013412356376648                     MemKD: 0.0
2026-02-09 16:52:56,214 - INFO - Epoch [99] Batch [20/35]                     Loss: 0.1803, Hard: 0.1634, Soft: 0.0169                     Acc: 89.88% LR: 0.000071                     Alpha: 0.5744425058364868                     Beta: 0.802359402179718                     MemKD: 0.0
2026-02-09 16:53:24,236 - INFO - Epoch [99/130] Train Loss: 0.2575, Train Acc: 90.54%, Val Loss: 0.3991, Val Acc: 86.84%
2026-02-09 16:53:24,237 - INFO - Best model saved with accuracy: 86.84%
2026-02-09 16:53:46,569 - INFO - Epoch [100] Batch [0/35]                     Loss: 0.4511, Hard: 0.4251, Soft: 0.0260                     Acc: 87.50% LR: 0.000067                     Alpha: 0.5744425058364868                     Beta: 0.8030951023101807                     MemKD: 0.0
2026-02-09 16:53:50,233 - INFO - Epoch [100] Batch [20/35]                     Loss: 0.2552, Hard: 0.2357, Soft: 0.0195                     Acc: 90.77% LR: 0.000067                     Alpha: 0.5744425058364868                     Beta: 0.804020345211029                     MemKD: 0.0
2026-02-09 16:54:18,896 - INFO - Epoch [100/130] Train Loss: 0.2876, Train Acc: 90.89%, Val Loss: 0.4330, Val Acc: 85.51%
2026-02-09 16:54:18,931 - INFO - Checkpoint saved at epoch 100
2026-02-09 16:54:41,771 - INFO - Epoch [101] Batch [0/35]                     Loss: 0.4947, Hard: 0.4661, Soft: 0.0286                     Acc: 87.50% LR: 0.000063                     Alpha: 0.5744425058364868                     Beta: 0.8047303557395935                     MemKD: 0.0
2026-02-09 16:54:45,464 - INFO - Epoch [101] Batch [20/35]                     Loss: 0.0704, Hard: 0.0589, Soft: 0.0116                     Acc: 92.86% LR: 0.000063                     Alpha: 0.5744425058364868                     Beta: 0.8055674433708191                     MemKD: 0.0
2026-02-09 16:55:13,712 - INFO - Epoch [101/130] Train Loss: 0.2493, Train Acc: 91.96%, Val Loss: 0.4149, Val Acc: 86.04%
2026-02-09 16:55:36,089 - INFO - Epoch [102] Batch [0/35]                     Loss: 0.0868, Hard: 0.0741, Soft: 0.0127                     Acc: 100.00% LR: 0.000059                     Alpha: 0.5744425058364868                     Beta: 0.8062365055084229                     MemKD: 0.0
2026-02-09 16:55:39,718 - INFO - Epoch [102] Batch [20/35]                     Loss: 0.2253, Hard: 0.2100, Soft: 0.0153                     Acc: 91.96% LR: 0.000059                     Alpha: 0.5744425058364868                     Beta: 0.8070489168167114                     MemKD: 0.0
2026-02-09 16:56:08,713 - INFO - Epoch [102/130] Train Loss: 0.2567, Train Acc: 90.71%, Val Loss: 0.4270, Val Acc: 85.11%
2026-02-09 16:56:32,286 - INFO - Epoch [103] Batch [0/35]                     Loss: 0.1013, Hard: 0.0818, Soft: 0.0195                     Acc: 100.00% LR: 0.000055                     Alpha: 0.5744425058364868                     Beta: 0.8076963424682617                     MemKD: 0.0
2026-02-09 16:56:35,828 - INFO - Epoch [103] Batch [20/35]                     Loss: 0.1142, Hard: 0.1021, Soft: 0.0121                     Acc: 91.07% LR: 0.000055                     Alpha: 0.5744425058364868                     Beta: 0.8084843754768372                     MemKD: 0.0
2026-02-09 16:57:04,211 - INFO - Epoch [103/130] Train Loss: 0.2644, Train Acc: 90.36%, Val Loss: 0.4020, Val Acc: 86.30%
2026-02-09 16:57:27,234 - INFO - Epoch [104] Batch [0/35]                     Loss: 0.2844, Hard: 0.2670, Soft: 0.0174                     Acc: 87.50% LR: 0.000051                     Alpha: 0.5744425058364868                     Beta: 0.8090793490409851                     MemKD: 0.0
2026-02-09 16:57:30,844 - INFO - Epoch [104] Batch [20/35]                     Loss: 0.3239, Hard: 0.2953, Soft: 0.0286                     Acc: 89.88% LR: 0.000051                     Alpha: 0.5744425058364868                     Beta: 0.8098381757736206                     MemKD: 0.0
2026-02-09 16:57:58,519 - INFO - Epoch [104/130] Train Loss: 0.2441, Train Acc: 90.89%, Val Loss: 0.4038, Val Acc: 86.44%
2026-02-09 16:58:19,249 - INFO - Epoch [105] Batch [0/35]                     Loss: 0.2316, Hard: 0.2135, Soft: 0.0180                     Acc: 87.50% LR: 0.000048                     Alpha: 0.5744425058364868                     Beta: 0.8104010224342346                     MemKD: 0.0
2026-02-09 16:58:22,354 - INFO - Epoch [105] Batch [20/35]                     Loss: 0.2071, Hard: 0.1843, Soft: 0.0229                     Acc: 92.26% LR: 0.000048                     Alpha: 0.5744425058364868                     Beta: 0.8110327124595642                     MemKD: 0.0
2026-02-09 16:58:49,363 - INFO - Epoch [105/130] Train Loss: 0.2667, Train Acc: 91.43%, Val Loss: 0.4098, Val Acc: 86.17%
2026-02-09 16:59:10,955 - INFO - Epoch [106] Batch [0/35]                     Loss: 0.2329, Hard: 0.2145, Soft: 0.0184                     Acc: 87.50% LR: 0.000044                     Alpha: 0.5744425058364868                     Beta: 0.811557948589325                     MemKD: 0.0
2026-02-09 16:59:14,586 - INFO - Epoch [106] Batch [20/35]                     Loss: 0.5095, Hard: 0.4795, Soft: 0.0299                     Acc: 88.10% LR: 0.000044                     Alpha: 0.5744425058364868                     Beta: 0.8122477531433105                     MemKD: 0.0
2026-02-09 16:59:42,305 - INFO - Epoch [106/130] Train Loss: 0.2982, Train Acc: 89.11%, Val Loss: 0.4009, Val Acc: 86.97%
2026-02-09 16:59:42,306 - INFO - Best model saved with accuracy: 86.97%
2026-02-09 17:00:02,978 - INFO - Epoch [107] Batch [0/35]                     Loss: 0.2620, Hard: 0.2389, Soft: 0.0232                     Acc: 87.50% LR: 0.000041                     Alpha: 0.5744425058364868                     Beta: 0.8127636909484863                     MemKD: 0.0
2026-02-09 17:00:06,626 - INFO - Epoch [107] Batch [20/35]                     Loss: 0.1695, Hard: 0.1538, Soft: 0.0157                     Acc: 89.88% LR: 0.000041                     Alpha: 0.5744425058364868                     Beta: 0.8133990168571472                     MemKD: 0.0
2026-02-09 17:00:34,259 - INFO - Epoch [107/130] Train Loss: 0.2660, Train Acc: 91.07%, Val Loss: 0.4087, Val Acc: 85.11%
2026-02-09 17:00:57,285 - INFO - Epoch [108] Batch [0/35]                     Loss: 0.2508, Hard: 0.2257, Soft: 0.0252                     Acc: 93.75% LR: 0.000038                     Alpha: 0.5744425058364868                     Beta: 0.813856840133667                     MemKD: 0.0
2026-02-09 17:01:00,966 - INFO - Epoch [108] Batch [20/35]                     Loss: 0.7315, Hard: 0.6949, Soft: 0.0366                     Acc: 94.64% LR: 0.000038                     Alpha: 0.5744425058364868                     Beta: 0.8143563866615295                     MemKD: 0.0
2026-02-09 17:01:29,825 - INFO - Epoch [108/130] Train Loss: 0.2637, Train Acc: 93.39%, Val Loss: 0.4074, Val Acc: 86.57%
2026-02-09 17:01:51,797 - INFO - Epoch [109] Batch [0/35]                     Loss: 0.1823, Hard: 0.1664, Soft: 0.0159                     Acc: 93.75% LR: 0.000035                     Alpha: 0.5744425058364868                     Beta: 0.8147900104522705                     MemKD: 0.0
2026-02-09 17:01:55,454 - INFO - Epoch [109] Batch [20/35]                     Loss: 0.1026, Hard: 0.0920, Soft: 0.0107                     Acc: 91.67% LR: 0.000035                     Alpha: 0.5744425058364868                     Beta: 0.8153992891311646                     MemKD: 0.0
2026-02-09 17:02:23,675 - INFO - Epoch [109/130] Train Loss: 0.2487, Train Acc: 91.79%, Val Loss: 0.4163, Val Acc: 85.64%
2026-02-09 17:02:45,292 - INFO - Epoch [110] Batch [0/35]                     Loss: 0.0618, Hard: 0.0494, Soft: 0.0124                     Acc: 100.00% LR: 0.000032                     Alpha: 0.5744425058364868                     Beta: 0.815783679485321                     MemKD: 0.0
2026-02-09 17:02:48,403 - INFO - Epoch [110] Batch [20/35]                     Loss: 0.1636, Hard: 0.1498, Soft: 0.0139                     Acc: 92.86% LR: 0.000032                     Alpha: 0.5744425058364868                     Beta: 0.8162604570388794                     MemKD: 0.0
2026-02-09 17:03:15,987 - INFO - Epoch [110/130] Train Loss: 0.2568, Train Acc: 91.96%, Val Loss: 0.4175, Val Acc: 86.44%
2026-02-09 17:03:16,039 - INFO - Checkpoint saved at epoch 110
2026-02-09 17:03:37,786 - INFO - Epoch [111] Batch [0/35]                     Loss: 0.2300, Hard: 0.2085, Soft: 0.0215                     Acc: 87.50% LR: 0.000029                     Alpha: 0.5744425058364868                     Beta: 0.8166065216064453                     MemKD: 0.0
2026-02-09 17:03:41,394 - INFO - Epoch [111] Batch [20/35]                     Loss: 0.3469, Hard: 0.3236, Soft: 0.0233                     Acc: 94.05% LR: 0.000029                     Alpha: 0.5744425058364868                     Beta: 0.8170098662376404                     MemKD: 0.0
2026-02-09 17:04:09,241 - INFO - Epoch [111/130] Train Loss: 0.2044, Train Acc: 92.68%, Val Loss: 0.4102, Val Acc: 86.70%
2026-02-09 17:04:32,222 - INFO - Epoch [112] Batch [0/35]                     Loss: 0.1402, Hard: 0.1233, Soft: 0.0168                     Acc: 93.75% LR: 0.000026                     Alpha: 0.5744425058364868                     Beta: 0.8172934055328369                     MemKD: 0.0
2026-02-09 17:04:35,736 - INFO - Epoch [112] Batch [20/35]                     Loss: 0.0694, Hard: 0.0590, Soft: 0.0103                     Acc: 92.26% LR: 0.000026                     Alpha: 0.5744425058364868                     Beta: 0.8176595568656921                     MemKD: 0.0
2026-02-09 17:05:03,285 - INFO - Epoch [112/130] Train Loss: 0.2302, Train Acc: 91.43%, Val Loss: 0.4005, Val Acc: 86.70%
2026-02-09 17:05:25,630 - INFO - Epoch [113] Batch [0/35]                     Loss: 0.3343, Hard: 0.3156, Soft: 0.0187                     Acc: 81.25% LR: 0.000023                     Alpha: 0.5744425058364868                     Beta: 0.8179216384887695                     MemKD: 0.0
2026-02-09 17:05:29,429 - INFO - Epoch [113] Batch [20/35]                     Loss: 0.3233, Hard: 0.3061, Soft: 0.0173                     Acc: 88.69% LR: 0.000023                     Alpha: 0.5744425058364868                     Beta: 0.8182607889175415                     MemKD: 0.0
2026-02-09 17:05:57,148 - INFO - Epoch [113/130] Train Loss: 0.2620, Train Acc: 89.82%, Val Loss: 0.4089, Val Acc: 86.84%
2026-02-09 17:06:19,557 - INFO - Epoch [114] Batch [0/35]                     Loss: 0.2568, Hard: 0.2347, Soft: 0.0221                     Acc: 93.75% LR: 0.000021                     Alpha: 0.5744425058364868                     Beta: 0.8185136914253235                     MemKD: 0.0
2026-02-09 17:06:23,299 - INFO - Epoch [114] Batch [20/35]                     Loss: 0.4452, Hard: 0.4232, Soft: 0.0221                     Acc: 91.07% LR: 0.000021                     Alpha: 0.5744425058364868                     Beta: 0.8188281655311584                     MemKD: 0.0
2026-02-09 17:06:50,428 - INFO - Epoch [114/130] Train Loss: 0.2707, Train Acc: 90.36%, Val Loss: 0.3801, Val Acc: 87.90%
2026-02-09 17:06:50,428 - INFO - Best model saved with accuracy: 87.90%
2026-02-09 17:07:12,328 - INFO - Epoch [115] Batch [0/35]                     Loss: 0.1191, Hard: 0.1031, Soft: 0.0161                     Acc: 93.75% LR: 0.000018                     Alpha: 0.5744425058364868                     Beta: 0.8190699219703674                     MemKD: 0.0
2026-02-09 17:07:15,924 - INFO - Epoch [115] Batch [20/35]                     Loss: 0.4756, Hard: 0.4480, Soft: 0.0276                     Acc: 90.18% LR: 0.000018                     Alpha: 0.5744425058364868                     Beta: 0.8193560838699341                     MemKD: 0.0
2026-02-09 17:07:43,141 - INFO - Epoch [115/130] Train Loss: 0.2535, Train Acc: 90.18%, Val Loss: 0.4144, Val Acc: 86.17%
2026-02-09 17:08:06,085 - INFO - Epoch [116] Batch [0/35]                     Loss: 0.2234, Hard: 0.2064, Soft: 0.0169                     Acc: 87.50% LR: 0.000016                     Alpha: 0.5744425058364868                     Beta: 0.8195632100105286                     MemKD: 0.0
2026-02-09 17:08:09,142 - INFO - Epoch [116] Batch [20/35]                     Loss: 0.0748, Hard: 0.0649, Soft: 0.0099                     Acc: 90.48% LR: 0.000016                     Alpha: 0.5744425058364868                     Beta: 0.8198119401931763                     MemKD: 0.0
2026-02-09 17:08:35,254 - INFO - Epoch [116/130] Train Loss: 0.2732, Train Acc: 90.18%, Val Loss: 0.4001, Val Acc: 86.70%
2026-02-09 17:08:58,088 - INFO - Epoch [117] Batch [0/35]                     Loss: 0.0947, Hard: 0.0825, Soft: 0.0122                     Acc: 100.00% LR: 0.000014                     Alpha: 0.5744425058364868                     Beta: 0.8200171589851379                     MemKD: 0.0
2026-02-09 17:09:01,540 - INFO - Epoch [117] Batch [20/35]                     Loss: 0.3399, Hard: 0.3185, Soft: 0.0213                     Acc: 91.37% LR: 0.000014                     Alpha: 0.5744425058364868                     Beta: 0.8202323913574219                     MemKD: 0.0
2026-02-09 17:09:29,561 - INFO - Epoch [117/130] Train Loss: 0.2478, Train Acc: 91.43%, Val Loss: 0.4146, Val Acc: 85.77%
2026-02-09 17:09:52,497 - INFO - Epoch [118] Batch [0/35]                     Loss: 0.2807, Hard: 0.2600, Soft: 0.0207                     Acc: 93.75% LR: 0.000012                     Alpha: 0.5744425058364868                     Beta: 0.8203855156898499                     MemKD: 0.0
2026-02-09 17:09:56,126 - INFO - Epoch [118] Batch [20/35]                     Loss: 0.1354, Hard: 0.1202, Soft: 0.0152                     Acc: 92.26% LR: 0.000012                     Alpha: 0.5744425058364868                     Beta: 0.8205563426017761                     MemKD: 0.0
2026-02-09 17:10:24,071 - INFO - Epoch [118/130] Train Loss: 0.2433, Train Acc: 91.79%, Val Loss: 0.4002, Val Acc: 86.97%
2026-02-09 17:10:47,006 - INFO - Epoch [119] Batch [0/35]                     Loss: 0.2237, Hard: 0.2058, Soft: 0.0179                     Acc: 87.50% LR: 0.000010                     Alpha: 0.5744425058364868                     Beta: 0.8206961750984192                     MemKD: 0.0
2026-02-09 17:10:50,672 - INFO - Epoch [119] Batch [20/35]                     Loss: 0.4348, Hard: 0.4049, Soft: 0.0299                     Acc: 91.37% LR: 0.000010                     Alpha: 0.5744425058364868                     Beta: 0.820858359336853                     MemKD: 0.0
2026-02-09 17:11:18,501 - INFO - Epoch [119/130] Train Loss: 0.2321, Train Acc: 91.79%, Val Loss: 0.4118, Val Acc: 85.90%
2026-02-09 17:11:40,975 - INFO - Epoch [120] Batch [0/35]                     Loss: 0.5851, Hard: 0.5573, Soft: 0.0278                     Acc: 87.50% LR: 0.000009                     Alpha: 0.5744425058364868                     Beta: 0.8209753632545471                     MemKD: 0.0
2026-02-09 17:11:44,579 - INFO - Epoch [120] Batch [20/35]                     Loss: 0.1975, Hard: 0.1813, Soft: 0.0161                     Acc: 90.77% LR: 0.000009                     Alpha: 0.5744425058364868                     Beta: 0.8211061954498291                     MemKD: 0.0
2026-02-09 17:12:12,731 - INFO - Epoch [120/130] Train Loss: 0.2238, Train Acc: 91.79%, Val Loss: 0.4012, Val Acc: 86.97%
2026-02-09 17:12:12,766 - INFO - Checkpoint saved at epoch 120
2026-02-09 17:12:34,573 - INFO - Epoch [121] Batch [0/35]                     Loss: 0.1654, Hard: 0.1523, Soft: 0.0131                     Acc: 93.75% LR: 0.000007                     Alpha: 0.5744425058364868                     Beta: 0.821196973323822                     MemKD: 0.0
2026-02-09 17:12:38,261 - INFO - Epoch [121] Batch [20/35]                     Loss: 0.5072, Hard: 0.4774, Soft: 0.0297                     Acc: 94.64% LR: 0.000007                     Alpha: 0.5744425058364868                     Beta: 0.8212841749191284                     MemKD: 0.0
2026-02-09 17:13:05,796 - INFO - Epoch [121/130] Train Loss: 0.2105, Train Acc: 93.39%, Val Loss: 0.3976, Val Acc: 86.44%
2026-02-09 17:13:26,942 - INFO - Epoch [122] Batch [0/35]                     Loss: 0.4101, Hard: 0.3903, Soft: 0.0198                     Acc: 81.25% LR: 0.000006                     Alpha: 0.5744425058364868                     Beta: 0.821366012096405                     MemKD: 0.0
2026-02-09 17:13:30,023 - INFO - Epoch [122] Batch [20/35]                     Loss: 0.2594, Hard: 0.2354, Soft: 0.0240                     Acc: 91.67% LR: 0.000006                     Alpha: 0.5744425058364868                     Beta: 0.8214557766914368                     MemKD: 0.0
2026-02-09 17:13:56,511 - INFO - Epoch [122/130] Train Loss: 0.2114, Train Acc: 92.14%, Val Loss: 0.4142, Val Acc: 85.90%
2026-02-09 17:14:18,911 - INFO - Epoch [123] Batch [0/35]                     Loss: 0.5285, Hard: 0.5064, Soft: 0.0221                     Acc: 81.25% LR: 0.000005                     Alpha: 0.5744425058364868                     Beta: 0.8215207457542419                     MemKD: 0.0
2026-02-09 17:14:22,452 - INFO - Epoch [123] Batch [20/35]                     Loss: 0.4046, Hard: 0.3802, Soft: 0.0244                     Acc: 88.10% LR: 0.000005                     Alpha: 0.5744425058364868                     Beta: 0.8215925097465515                     MemKD: 0.0
2026-02-09 17:14:50,591 - INFO - Epoch [123/130] Train Loss: 0.2329, Train Acc: 91.07%, Val Loss: 0.4024, Val Acc: 86.44%
2026-02-09 17:15:13,650 - INFO - Epoch [124] Batch [0/35]                     Loss: 0.0568, Hard: 0.0438, Soft: 0.0130                     Acc: 100.00% LR: 0.000004                     Alpha: 0.5744425058364868                     Beta: 0.8216421008110046                     MemKD: 0.0
2026-02-09 17:15:17,160 - INFO - Epoch [124] Batch [20/35]                     Loss: 0.1766, Hard: 0.1616, Soft: 0.0150                     Acc: 91.37% LR: 0.000004                     Alpha: 0.5744425058364868                     Beta: 0.821693480014801                     MemKD: 0.0
2026-02-09 17:15:43,706 - INFO - Epoch [124/130] Train Loss: 0.2327, Train Acc: 91.61%, Val Loss: 0.3922, Val Acc: 86.57%
2026-02-09 17:16:06,026 - INFO - Epoch [125] Batch [0/35]                     Loss: 0.3804, Hard: 0.3589, Soft: 0.0215                     Acc: 87.50% LR: 0.000003                     Alpha: 0.5744425058364868                     Beta: 0.8217342495918274                     MemKD: 0.0
2026-02-09 17:16:09,674 - INFO - Epoch [125] Batch [20/35]                     Loss: 0.5040, Hard: 0.4754, Soft: 0.0286                     Acc: 90.48% LR: 0.000003                     Alpha: 0.5744425058364868                     Beta: 0.8217750191688538                     MemKD: 0.0
2026-02-09 17:16:37,631 - INFO - Epoch [125/130] Train Loss: 0.2551, Train Acc: 90.18%, Val Loss: 0.4046, Val Acc: 86.84%
2026-02-09 17:16:59,846 - INFO - Epoch [126] Batch [0/35]                     Loss: 0.3159, Hard: 0.2995, Soft: 0.0165                     Acc: 87.50% LR: 0.000002                     Alpha: 0.5744425058364868                     Beta: 0.8218094110488892                     MemKD: 0.0
2026-02-09 17:17:03,470 - INFO - Epoch [126] Batch [20/35]                     Loss: 0.0800, Hard: 0.0678, Soft: 0.0122                     Acc: 89.58% LR: 0.000002                     Alpha: 0.5744425058364868                     Beta: 0.8218401074409485                     MemKD: 0.0
2026-02-09 17:17:31,220 - INFO - Epoch [126/130] Train Loss: 0.2786, Train Acc: 89.64%, Val Loss: 0.4140, Val Acc: 86.04%
2026-02-09 17:17:52,909 - INFO - Epoch [127] Batch [0/35]                     Loss: 0.0843, Hard: 0.0724, Soft: 0.0119                     Acc: 93.75% LR: 0.000001                     Alpha: 0.5744425058364868                     Beta: 0.8218625783920288                     MemKD: 0.0
2026-02-09 17:17:55,990 - INFO - Epoch [127] Batch [20/35]                     Loss: 0.1372, Hard: 0.1250, Soft: 0.0122                     Acc: 92.86% LR: 0.000001                     Alpha: 0.5744425058364868                     Beta: 0.8218811750411987                     MemKD: 0.0
2026-02-09 17:18:22,196 - INFO - Epoch [127/130] Train Loss: 0.2274, Train Acc: 92.86%, Val Loss: 0.3846, Val Acc: 87.50%
2026-02-09 17:18:44,074 - INFO - Epoch [128] Batch [0/35]                     Loss: 0.0971, Hard: 0.0848, Soft: 0.0123                     Acc: 93.75% LR: 0.000001                     Alpha: 0.5744425058364868                     Beta: 0.8218933939933777                     MemKD: 0.0
2026-02-09 17:18:47,665 - INFO - Epoch [128] Batch [20/35]                     Loss: 0.1637, Hard: 0.1458, Soft: 0.0179                     Acc: 92.56% LR: 0.000001                     Alpha: 0.5744425058364868                     Beta: 0.8219034075737                     MemKD: 0.0
2026-02-09 17:19:15,938 - INFO - Epoch [128/130] Train Loss: 0.2425, Train Acc: 92.50%, Val Loss: 0.3907, Val Acc: 87.10%
2026-02-09 17:19:37,809 - INFO - Epoch [129] Batch [0/35]                     Loss: 0.6871, Hard: 0.6541, Soft: 0.0330                     Acc: 81.25% LR: 0.000000                     Alpha: 0.5744425058364868                     Beta: 0.8219110369682312                     MemKD: 0.0
2026-02-09 17:19:41,391 - INFO - Epoch [129] Batch [20/35]                     Loss: 0.0721, Hard: 0.0560, Soft: 0.0161                     Acc: 93.75% LR: 0.000000                     Alpha: 0.5744425058364868                     Beta: 0.8219155669212341                     MemKD: 0.0
2026-02-09 17:20:09,236 - INFO - Epoch [129/130] Train Loss: 0.2145, Train Acc: 93.75%, Val Loss: 0.3858, Val Acc: 86.70%
2026-02-09 17:20:31,119 - INFO - Epoch [130] Batch [0/35]                     Loss: 0.2783, Hard: 0.2587, Soft: 0.0196                     Acc: 93.75% LR: 0.000000                     Alpha: 0.5744425058364868                     Beta: 0.8219190835952759                     MemKD: 0.0
2026-02-09 17:20:34,694 - INFO - Epoch [130] Batch [20/35]                     Loss: 0.2514, Hard: 0.2369, Soft: 0.0146                     Acc: 94.35% LR: 0.000000                     Alpha: 0.5744425058364868                     Beta: 0.8219202756881714                     MemKD: 0.0
2026-02-09 17:21:02,030 - INFO - Epoch [130/130] Train Loss: 0.2302, Train Acc: 91.79%, Val Loss: 0.4077, Val Acc: 86.17%
2026-02-09 17:21:02,083 - INFO - Checkpoint saved at epoch 130
2026-02-09 17:21:02,083 - INFO - ==================================================
2026-02-09 17:21:02,083 - INFO - Training finished! Best accuracy: 87.90%
2026-02-09 17:21:02,083 - INFO - ==================================================
