2026-02-22 15:30:36,383 - INFO - ==================================================
2026-02-22 15:30:36,384 - INFO - Distillation Training Configuration
2026-02-22 15:30:36,384 - INFO - ==================================================
2026-02-22 15:30:36,384 - INFO - GPUs: [0, 1, 2, 3, 4, 5, 6, 7]
2026-02-22 15:30:36,384 - INFO - World size: 8
2026-02-22 15:30:36,385 - INFO - Dataset: /media/hdd1/chuxiaohui/AI4Ocean_UATR/ShipsEar_622
2026-02-22 15:30:36,385 - INFO - Data type: wav_s@wav_t
2026-02-22 15:30:36,385 - INFO - Batch size: 16
2026-02-22 15:30:36,385 - INFO - Epochs: 200
2026-02-22 15:30:36,385 - INFO - Learning rate: 0.0005
2026-02-22 15:30:36,385 - INFO - Temperature: 2.0
2026-02-22 15:30:36,385 - INFO - Alpha: 0.3
2026-02-22 15:30:36,385 - INFO - Save dir: checkpoints/grid_shipsear_v2/num_epochs200_weight_decay0.0003_batch_size16_lr0.0005_distill_typeMTSKD_Temp_freezeTrue_USE_DYNAMIC_DISTILL_WEIGHTFalse_p_encoder0.35_p_classifier0.255
2026-02-22 15:30:36,385 - INFO - ==================================================
2026-02-22 15:30:36,424 - INFO - Train dataset size: 2240
2026-02-22 15:30:36,424 - INFO - Validation dataset size: 749
2026-02-22 15:30:38,273 - INFO - Student params: 316,299 (0.32M)
2026-02-22 15:30:38,273 - INFO - Teacher params: 164,415,877 (164.42M)
2026-02-22 15:30:38,273 - INFO - Trainable params: 271,372 (0.27M)
2026-02-22 15:30:38,964 - INFO - Start training...
2026-02-22 15:30:38,965 - INFO - No checkpoint found, start from scratch
2026-02-22 15:31:02,612 - INFO - Epoch [1] Batch [0/17]                     Loss: 2.4006, Hard: 1.8245, Soft: 0.5760                     Acc: 12.50% LR: 0.000500                     Alpha: 0.5744425058364868                     Beta: 0.0                     MemKD: 0.5
2026-02-22 15:31:30,854 - INFO - Epoch [1/200] Train Loss: 1.7755, Train Acc: 41.54%, Val Loss: 1.5254, Val Acc: 37.63%
2026-02-22 15:31:30,854 - INFO - Best model saved with accuracy: 37.63%
2026-02-22 15:31:53,361 - INFO - Epoch [2] Batch [0/17]                     Loss: 1.6223, Hard: 1.3434, Soft: 0.2789                     Acc: 43.75% LR: 0.000500                     Alpha: 0.5744425058364868                     Beta: -0.006011402700096369                     MemKD: 0.5019550323486328
2026-02-22 15:32:22,644 - INFO - Epoch [2/200] Train Loss: 1.5090, Train Acc: 46.32%, Val Loss: 1.3146, Val Acc: 45.88%
2026-02-22 15:32:22,644 - INFO - Best model saved with accuracy: 45.88%
2026-02-22 15:32:45,958 - INFO - Epoch [3] Batch [0/17]                     Loss: 1.2693, Hard: 1.0944, Soft: 0.1749                     Acc: 50.00% LR: 0.000500                     Alpha: 0.5744425058364868                     Beta: -0.0144041758030653                     MemKD: 0.5036635994911194
2026-02-22 15:33:16,026 - INFO - Epoch [3/200] Train Loss: 1.5139, Train Acc: 42.28%, Val Loss: 1.1860, Val Acc: 51.20%
2026-02-22 15:33:16,026 - INFO - Best model saved with accuracy: 51.20%
2026-02-22 15:33:39,179 - INFO - Epoch [4] Batch [0/17]                     Loss: 1.3953, Hard: 1.2033, Soft: 0.1920                     Acc: 43.75% LR: 0.000500                     Alpha: 0.5744425058364868                     Beta: -0.02297845482826233                     MemKD: 0.5054075121879578
2026-02-22 15:34:08,115 - INFO - Epoch [4/200] Train Loss: 1.3961, Train Acc: 50.00%, Val Loss: 1.0862, Val Acc: 57.31%
2026-02-22 15:34:08,115 - INFO - Best model saved with accuracy: 57.31%
2026-02-22 15:34:30,414 - INFO - Epoch [5] Batch [0/17]                     Loss: 1.4064, Hard: 1.2044, Soft: 0.2020                     Acc: 56.25% LR: 0.000500                     Alpha: 0.5744425058364868                     Beta: -0.031706586480140686                     MemKD: 0.507042407989502
2026-02-22 15:34:59,456 - INFO - Epoch [5/200] Train Loss: 1.3033, Train Acc: 54.41%, Val Loss: 1.0359, Val Acc: 56.25%
2026-02-22 15:35:21,866 - INFO - Epoch [6] Batch [0/17]                     Loss: 1.1777, Hard: 1.0302, Soft: 0.1475                     Acc: 68.75% LR: 0.000499                     Alpha: 0.5744425058364868                     Beta: -0.04125792533159256                     MemKD: 0.5085804462432861
2026-02-22 15:35:51,003 - INFO - Epoch [6/200] Train Loss: 1.2700, Train Acc: 56.99%, Val Loss: 1.0329, Val Acc: 57.31%
2026-02-22 15:36:13,703 - INFO - Epoch [7] Batch [0/17]                     Loss: 1.2844, Hard: 1.1207, Soft: 0.1636                     Acc: 56.25% LR: 0.000499                     Alpha: 0.5744425058364868                     Beta: -0.05105952173471451                     MemKD: 0.5099871158599854
2026-02-22 15:36:42,402 - INFO - Epoch [7/200] Train Loss: 1.2588, Train Acc: 55.15%, Val Loss: 1.0619, Val Acc: 57.85%
2026-02-22 15:36:42,402 - INFO - Best model saved with accuracy: 57.85%
2026-02-22 15:37:04,852 - INFO - Epoch [8] Batch [0/17]                     Loss: 1.2543, Hard: 1.0862, Soft: 0.1681                     Acc: 62.50% LR: 0.000498                     Alpha: 0.5744425058364868                     Beta: -0.06002402305603027                     MemKD: 0.5114669799804688
2026-02-22 15:37:34,041 - INFO - Epoch [8/200] Train Loss: 1.2877, Train Acc: 52.94%, Val Loss: 1.1191, Val Acc: 61.44%
2026-02-22 15:37:34,041 - INFO - Best model saved with accuracy: 61.44%
2026-02-22 15:37:57,086 - INFO - Epoch [9] Batch [0/17]                     Loss: 1.0231, Hard: 0.9156, Soft: 0.1074                     Acc: 68.75% LR: 0.000498                     Alpha: 0.5744425058364868                     Beta: -0.06898236274719238                     MemKD: 0.5129844546318054
2026-02-22 15:38:25,931 - INFO - Epoch [9/200] Train Loss: 1.2757, Train Acc: 54.78%, Val Loss: 0.9209, Val Acc: 61.17%
2026-02-22 15:38:48,481 - INFO - Epoch [10] Batch [0/17]                     Loss: 1.3488, Hard: 1.1359, Soft: 0.2129                     Acc: 62.50% LR: 0.000498                     Alpha: 0.5744425058364868                     Beta: -0.07810719311237335                     MemKD: 0.5144519805908203
2026-02-22 15:39:18,280 - INFO - Epoch [10/200] Train Loss: 1.0701, Train Acc: 61.03%, Val Loss: 1.0063, Val Acc: 62.50%
2026-02-22 15:39:18,281 - INFO - Best model saved with accuracy: 62.50%
2026-02-22 15:39:18,374 - INFO - Checkpoint saved at epoch 10
2026-02-22 15:39:41,697 - INFO - Epoch [11] Batch [0/17]                     Loss: 0.9745, Hard: 0.8465, Soft: 0.1280                     Acc: 75.00% LR: 0.000497                     Alpha: 0.5744425058364868                     Beta: -0.08842752873897552                     MemKD: 0.5157259106636047
2026-02-22 15:40:09,258 - INFO - Epoch [11/200] Train Loss: 1.0817, Train Acc: 59.19%, Val Loss: 0.9119, Val Acc: 63.16%
2026-02-22 15:40:09,258 - INFO - Best model saved with accuracy: 63.16%
2026-02-22 15:40:31,919 - INFO - Epoch [12] Batch [0/17]                     Loss: 0.9083, Hard: 0.8118, Soft: 0.0965                     Acc: 81.25% LR: 0.000496                     Alpha: 0.5744425058364868                     Beta: -0.09935574978590012                     MemKD: 0.5168130993843079
2026-02-22 15:41:01,301 - INFO - Epoch [12/200] Train Loss: 1.0368, Train Acc: 64.71%, Val Loss: 0.9460, Val Acc: 67.02%
2026-02-22 15:41:01,302 - INFO - Best model saved with accuracy: 67.02%
2026-02-22 15:41:24,557 - INFO - Epoch [13] Batch [0/17]                     Loss: 0.9032, Hard: 0.8405, Soft: 0.0627                     Acc: 68.75% LR: 0.000496                     Alpha: 0.5744425058364868                     Beta: -0.11022365838289261                     MemKD: 0.5178529024124146
2026-02-22 15:41:53,972 - INFO - Epoch [13/200] Train Loss: 1.1195, Train Acc: 60.66%, Val Loss: 0.8981, Val Acc: 64.36%
2026-02-22 15:42:16,969 - INFO - Epoch [14] Batch [0/17]                     Loss: 0.7340, Hard: 0.6828, Soft: 0.0512                     Acc: 81.25% LR: 0.000495                     Alpha: 0.5744425058364868                     Beta: -0.12140439450740814                     MemKD: 0.5188795924186707
2026-02-22 15:42:44,490 - INFO - Epoch [14/200] Train Loss: 1.0575, Train Acc: 62.50%, Val Loss: 0.8947, Val Acc: 63.16%
2026-02-22 15:43:05,799 - INFO - Epoch [15] Batch [0/17]                     Loss: 0.8936, Hard: 0.8368, Soft: 0.0568                     Acc: 68.75% LR: 0.000494                     Alpha: 0.5744425058364868                     Beta: -0.13256727159023285                     MemKD: 0.51983243227005
2026-02-22 15:43:33,846 - INFO - Epoch [15/200] Train Loss: 0.9796, Train Acc: 66.54%, Val Loss: 0.9618, Val Acc: 62.90%
2026-02-22 15:43:56,124 - INFO - Epoch [16] Batch [0/17]                     Loss: 0.9770, Hard: 0.9149, Soft: 0.0621                     Acc: 62.50% LR: 0.000493                     Alpha: 0.5744425058364868                     Beta: -0.14404140412807465                     MemKD: 0.5205779075622559
2026-02-22 15:44:25,389 - INFO - Epoch [16/200] Train Loss: 0.9540, Train Acc: 64.34%, Val Loss: 0.7630, Val Acc: 73.01%
2026-02-22 15:44:25,390 - INFO - Best model saved with accuracy: 73.01%
2026-02-22 15:44:47,988 - INFO - Epoch [17] Batch [0/17]                     Loss: 1.0321, Hard: 0.9646, Soft: 0.0675                     Acc: 56.25% LR: 0.000492                     Alpha: 0.5744425058364868                     Beta: -0.15595775842666626                     MemKD: 0.5210296511650085
2026-02-22 15:45:16,798 - INFO - Epoch [17/200] Train Loss: 1.0023, Train Acc: 61.76%, Val Loss: 0.9310, Val Acc: 64.63%
2026-02-22 15:45:39,974 - INFO - Epoch [18] Batch [0/17]                     Loss: 0.8572, Hard: 0.8098, Soft: 0.0474                     Acc: 81.25% LR: 0.000491                     Alpha: 0.5744425058364868                     Beta: -0.16755777597427368                     MemKD: 0.521426796913147
2026-02-22 15:46:06,259 - INFO - Epoch [18/200] Train Loss: 0.9050, Train Acc: 66.91%, Val Loss: 0.8680, Val Acc: 65.82%
2026-02-22 15:46:29,292 - INFO - Epoch [19] Batch [0/17]                     Loss: 0.7198, Hard: 0.7107, Soft: 0.0091                     Acc: 75.00% LR: 0.000490                     Alpha: 0.5744425058364868                     Beta: -0.17886970937252045                     MemKD: 0.521638035774231
2026-02-22 15:46:58,894 - INFO - Epoch [19/200] Train Loss: 0.9064, Train Acc: 66.18%, Val Loss: 0.7455, Val Acc: 73.54%
2026-02-22 15:46:58,895 - INFO - Best model saved with accuracy: 73.54%
2026-02-22 15:47:22,112 - INFO - Epoch [20] Batch [0/17]                     Loss: 0.5892, Hard: 0.6247, Soft: -0.0355                     Acc: 75.00% LR: 0.000489                     Alpha: 0.5744425058364868                     Beta: -0.1898021101951599                     MemKD: 0.5217978954315186
2026-02-22 15:47:50,993 - INFO - Epoch [20/200] Train Loss: 0.8943, Train Acc: 66.18%, Val Loss: 0.8708, Val Acc: 66.89%
2026-02-22 15:47:51,050 - INFO - Checkpoint saved at epoch 20
2026-02-22 15:48:15,847 - INFO - Epoch [21] Batch [0/17]                     Loss: 0.7184, Hard: 0.7321, Soft: -0.0136                     Acc: 75.00% LR: 0.000488                     Alpha: 0.5744425058364868                     Beta: -0.20101916790008545                     MemKD: 0.521642804145813
2026-02-22 15:48:45,406 - INFO - Epoch [21/200] Train Loss: 0.8965, Train Acc: 66.54%, Val Loss: 0.6972, Val Acc: 73.54%
2026-02-22 15:49:06,824 - INFO - Epoch [22] Batch [0/17]                     Loss: 0.7432, Hard: 0.7305, Soft: 0.0127                     Acc: 62.50% LR: 0.000487                     Alpha: 0.5744425058364868                     Beta: -0.21195660531520844                     MemKD: 0.521419107913971
2026-02-22 15:49:35,440 - INFO - Epoch [22/200] Train Loss: 0.8177, Train Acc: 69.85%, Val Loss: 0.7205, Val Acc: 72.61%
2026-02-22 15:49:58,379 - INFO - Epoch [23] Batch [0/17]                     Loss: 0.6448, Hard: 0.6631, Soft: -0.0184                     Acc: 75.00% LR: 0.000485                     Alpha: 0.5744425058364868                     Beta: -0.2228318303823471                     MemKD: 0.5209749937057495
2026-02-22 15:50:28,333 - INFO - Epoch [23/200] Train Loss: 0.7597, Train Acc: 71.32%, Val Loss: 0.7778, Val Acc: 69.28%
2026-02-22 15:50:50,315 - INFO - Epoch [24] Batch [0/17]                     Loss: 0.5470, Hard: 0.5757, Soft: -0.0287                     Acc: 75.00% LR: 0.000484                     Alpha: 0.5744425058364868                     Beta: -0.233714759349823                     MemKD: 0.5202497839927673
2026-02-22 15:51:19,634 - INFO - Epoch [24/200] Train Loss: 0.7566, Train Acc: 69.85%, Val Loss: 0.7671, Val Acc: 72.34%
2026-02-22 15:51:41,792 - INFO - Epoch [25] Batch [0/17]                     Loss: 0.7914, Hard: 0.7763, Soft: 0.0151                     Acc: 68.75% LR: 0.000482                     Alpha: 0.5744425058364868                     Beta: -0.24456505477428436                     MemKD: 0.5193312168121338
2026-02-22 15:52:09,473 - INFO - Epoch [25/200] Train Loss: 0.8899, Train Acc: 66.54%, Val Loss: 0.6368, Val Acc: 76.60%
2026-02-22 15:52:09,473 - INFO - Best model saved with accuracy: 76.60%
2026-02-22 15:52:32,693 - INFO - Epoch [26] Batch [0/17]                     Loss: 0.7411, Hard: 0.7581, Soft: -0.0170                     Acc: 81.25% LR: 0.000481                     Alpha: 0.5744425058364868                     Beta: -0.25487664341926575                     MemKD: 0.5185092687606812
2026-02-22 15:53:01,601 - INFO - Epoch [26/200] Train Loss: 0.7381, Train Acc: 71.32%, Val Loss: 0.7253, Val Acc: 71.01%
2026-02-22 15:53:25,289 - INFO - Epoch [27] Batch [0/17]                     Loss: 0.5821, Hard: 0.6414, Soft: -0.0593                     Acc: 81.25% LR: 0.000479                     Alpha: 0.5744425058364868                     Beta: -0.26500391960144043                     MemKD: 0.5175548195838928
2026-02-22 15:53:55,032 - INFO - Epoch [27/200] Train Loss: 0.7905, Train Acc: 65.81%, Val Loss: 0.9380, Val Acc: 63.83%
2026-02-22 15:54:19,121 - INFO - Epoch [28] Batch [0/17]                     Loss: 0.6409, Hard: 0.6658, Soft: -0.0249                     Acc: 75.00% LR: 0.000478                     Alpha: 0.5744425058364868                     Beta: -0.2752121090888977                     MemKD: 0.5162283778190613
2026-02-22 15:54:46,758 - INFO - Epoch [28/200] Train Loss: 0.6536, Train Acc: 73.16%, Val Loss: 0.7170, Val Acc: 72.87%
2026-02-22 15:55:09,189 - INFO - Epoch [29] Batch [0/17]                     Loss: 0.7028, Hard: 0.7462, Soft: -0.0435                     Acc: 68.75% LR: 0.000476                     Alpha: 0.5744425058364868                     Beta: -0.28564757108688354                     MemKD: 0.514519214630127
2026-02-22 15:55:39,448 - INFO - Epoch [29/200] Train Loss: 0.7357, Train Acc: 72.43%, Val Loss: 0.6398, Val Acc: 74.73%
2026-02-22 15:56:03,074 - INFO - Epoch [30] Batch [0/17]                     Loss: 0.5927, Hard: 0.6330, Soft: -0.0403                     Acc: 75.00% LR: 0.000475                     Alpha: 0.5744425058364868                     Beta: -0.29565054178237915                     MemKD: 0.5129278898239136
2026-02-22 15:56:32,743 - INFO - Epoch [30/200] Train Loss: 0.6635, Train Acc: 73.53%, Val Loss: 0.6106, Val Acc: 78.72%
2026-02-22 15:56:32,743 - INFO - Best model saved with accuracy: 78.72%
2026-02-22 15:56:32,821 - INFO - Checkpoint saved at epoch 30
2026-02-22 15:56:55,855 - INFO - Epoch [31] Batch [0/17]                     Loss: 0.8302, Hard: 0.8240, Soft: 0.0062                     Acc: 68.75% LR: 0.000473                     Alpha: 0.5744425058364868                     Beta: -0.30574876070022583                     MemKD: 0.5110899209976196
2026-02-22 15:57:23,566 - INFO - Epoch [31/200] Train Loss: 0.6716, Train Acc: 71.69%, Val Loss: 0.6148, Val Acc: 76.86%
2026-02-22 15:57:44,929 - INFO - Epoch [32] Batch [0/17]                     Loss: 0.5339, Hard: 0.6178, Soft: -0.0838                     Acc: 81.25% LR: 0.000471                     Alpha: 0.5744425058364868                     Beta: -0.31573963165283203                     MemKD: 0.5091512799263
2026-02-22 15:58:14,519 - INFO - Epoch [32/200] Train Loss: 0.5772, Train Acc: 76.47%, Val Loss: 0.6044, Val Acc: 77.79%
2026-02-22 15:58:36,543 - INFO - Epoch [33] Batch [0/17]                     Loss: 0.2654, Hard: 0.4212, Soft: -0.1558                     Acc: 93.75% LR: 0.000469                     Alpha: 0.5744425058364868                     Beta: -0.32582321763038635                     MemKD: 0.5069133639335632
2026-02-22 15:59:05,657 - INFO - Epoch [33/200] Train Loss: 0.6986, Train Acc: 72.43%, Val Loss: 0.6083, Val Acc: 76.99%
2026-02-22 15:59:28,853 - INFO - Epoch [34] Batch [0/17]                     Loss: 0.3626, Hard: 0.5143, Soft: -0.1517                     Acc: 81.25% LR: 0.000467                     Alpha: 0.5744425058364868                     Beta: -0.3357559144496918                     MemKD: 0.5046279430389404
2026-02-22 15:59:57,832 - INFO - Epoch [34/200] Train Loss: 0.6157, Train Acc: 73.53%, Val Loss: 0.7914, Val Acc: 67.29%
2026-02-22 16:00:21,414 - INFO - Epoch [35] Batch [0/17]                     Loss: 0.5597, Hard: 0.6662, Soft: -0.1065                     Acc: 75.00% LR: 0.000465                     Alpha: 0.5744425058364868                     Beta: -0.3454177975654602                     MemKD: 0.502437174320221
2026-02-22 16:00:48,510 - INFO - Epoch [35/200] Train Loss: 0.7013, Train Acc: 70.59%, Val Loss: 0.6888, Val Acc: 73.14%
2026-02-22 16:01:11,616 - INFO - Epoch [36] Batch [0/17]                     Loss: 0.3086, Hard: 0.4633, Soft: -0.1547                     Acc: 93.75% LR: 0.000463                     Alpha: 0.5744425058364868                     Beta: -0.3548426926136017                     MemKD: 0.5003398656845093
2026-02-22 16:01:40,843 - INFO - Epoch [36/200] Train Loss: 0.4389, Train Acc: 81.25%, Val Loss: 0.5631, Val Acc: 80.05%
2026-02-22 16:01:40,844 - INFO - Best model saved with accuracy: 80.05%
2026-02-22 16:02:04,461 - INFO - Epoch [37] Batch [0/17]                     Loss: 0.8588, Hard: 0.8896, Soft: -0.0308                     Acc: 68.75% LR: 0.000461                     Alpha: 0.5744425058364868                     Beta: -0.36469581723213196                     MemKD: 0.49770405888557434
2026-02-22 16:02:32,893 - INFO - Epoch [37/200] Train Loss: 0.4534, Train Acc: 77.57%, Val Loss: 0.6625, Val Acc: 75.27%
2026-02-22 16:02:56,438 - INFO - Epoch [38] Batch [0/17]                     Loss: 0.3983, Hard: 0.5467, Soft: -0.1484                     Acc: 93.75% LR: 0.000459                     Alpha: 0.5744425058364868                     Beta: -0.3748423159122467                     MemKD: 0.49468865990638733
2026-02-22 16:03:24,802 - INFO - Epoch [38/200] Train Loss: 0.5560, Train Acc: 76.10%, Val Loss: 0.6467, Val Acc: 78.06%
2026-02-22 16:03:46,370 - INFO - Epoch [39] Batch [0/17]                     Loss: 0.2138, Hard: 0.3857, Soft: -0.1719                     Acc: 87.50% LR: 0.000457                     Alpha: 0.5744425058364868                     Beta: -0.38458266854286194                     MemKD: 0.49188074469566345
2026-02-22 16:04:15,466 - INFO - Epoch [39/200] Train Loss: 0.4210, Train Acc: 81.99%, Val Loss: 0.8484, Val Acc: 68.09%
2026-02-22 16:04:38,095 - INFO - Epoch [40] Batch [0/17]                     Loss: 0.1790, Hard: 0.3945, Soft: -0.2156                     Acc: 87.50% LR: 0.000455                     Alpha: 0.5744425058364868                     Beta: -0.39430588483810425                     MemKD: 0.4889938235282898
2026-02-22 16:05:07,801 - INFO - Epoch [40/200] Train Loss: 0.5202, Train Acc: 77.21%, Val Loss: 0.7435, Val Acc: 72.34%
2026-02-22 16:05:07,852 - INFO - Checkpoint saved at epoch 40
2026-02-22 16:05:30,624 - INFO - Epoch [41] Batch [0/17]                     Loss: 0.1833, Hard: 0.3850, Soft: -0.2017                     Acc: 93.75% LR: 0.000452                     Alpha: 0.5744425058364868                     Beta: -0.4037500023841858                     MemKD: 0.48627886176109314
2026-02-22 16:05:59,635 - INFO - Epoch [41/200] Train Loss: 0.4866, Train Acc: 78.68%, Val Loss: 0.7328, Val Acc: 71.94%
2026-02-22 16:06:22,621 - INFO - Epoch [42] Batch [0/17]                     Loss: 0.7505, Hard: 0.8386, Soft: -0.0880                     Acc: 62.50% LR: 0.000450                     Alpha: 0.5744425058364868                     Beta: -0.41321390867233276                     MemKD: 0.4834676682949066
2026-02-22 16:06:50,283 - INFO - Epoch [42/200] Train Loss: 0.4521, Train Acc: 76.84%, Val Loss: 0.7094, Val Acc: 72.47%
2026-02-22 16:07:12,819 - INFO - Epoch [43] Batch [0/17]                     Loss: 0.4887, Hard: 0.6472, Soft: -0.1585                     Acc: 68.75% LR: 0.000448                     Alpha: 0.5744425058364868                     Beta: -0.4226970672607422                     MemKD: 0.48060473799705505
2026-02-22 16:07:42,085 - INFO - Epoch [43/200] Train Loss: 0.5433, Train Acc: 71.69%, Val Loss: 0.8302, Val Acc: 69.02%
2026-02-22 16:08:05,556 - INFO - Epoch [44] Batch [0/17]                     Loss: 0.2840, Hard: 0.4974, Soft: -0.2134                     Acc: 81.25% LR: 0.000445                     Alpha: 0.5744425058364868                     Beta: -0.4318792521953583                     MemKD: 0.4779732823371887
2026-02-22 16:08:34,702 - INFO - Epoch [44/200] Train Loss: 0.3659, Train Acc: 79.41%, Val Loss: 0.6253, Val Acc: 75.40%
2026-02-22 16:08:57,277 - INFO - Epoch [45] Batch [0/17]                     Loss: 0.1436, Hard: 0.4001, Soft: -0.2565                     Acc: 87.50% LR: 0.000443                     Alpha: 0.5744425058364868                     Beta: -0.44122931361198425                     MemKD: 0.4750920534133911
2026-02-22 16:09:25,785 - INFO - Epoch [45/200] Train Loss: 0.4197, Train Acc: 78.31%, Val Loss: 0.7713, Val Acc: 69.81%
2026-02-22 16:09:48,631 - INFO - Epoch [46] Batch [0/17]                     Loss: 0.9640, Hard: 0.9855, Soft: -0.0215                     Acc: 68.75% LR: 0.000440                     Alpha: 0.5744425058364868                     Beta: -0.45076119899749756                     MemKD: 0.47199028730392456
2026-02-22 16:10:17,483 - INFO - Epoch [46/200] Train Loss: 0.4356, Train Acc: 76.84%, Val Loss: 0.5369, Val Acc: 80.45%
2026-02-22 16:10:17,483 - INFO - Best model saved with accuracy: 80.45%
2026-02-22 16:10:40,495 - INFO - Epoch [47] Batch [0/17]                     Loss: 1.5347, Hard: 1.5566, Soft: -0.0219                     Acc: 37.50% LR: 0.000438                     Alpha: 0.5744425058364868                     Beta: -0.45962467789649963                     MemKD: 0.46941882371902466
2026-02-22 16:11:09,505 - INFO - Epoch [47/200] Train Loss: 0.5383, Train Acc: 70.22%, Val Loss: 0.6144, Val Acc: 77.13%
2026-02-22 16:11:32,874 - INFO - Epoch [48] Batch [0/17]                     Loss: 0.9182, Hard: 1.0604, Soft: -0.1422                     Acc: 62.50% LR: 0.000435                     Alpha: 0.5744425058364868                     Beta: -0.4683913588523865                     MemKD: 0.46684738993644714
2026-02-22 16:12:01,138 - INFO - Epoch [48/200] Train Loss: 0.4242, Train Acc: 77.94%, Val Loss: 0.6067, Val Acc: 78.46%
2026-02-22 16:12:22,592 - INFO - Epoch [49] Batch [0/17]                     Loss: 0.3720, Hard: 0.6035, Soft: -0.2315                     Acc: 75.00% LR: 0.000432                     Alpha: 0.5744425058364868                     Beta: -0.4773067533969879                     MemKD: 0.46409499645233154
2026-02-22 16:12:51,873 - INFO - Epoch [49/200] Train Loss: 0.3970, Train Acc: 77.57%, Val Loss: 0.6021, Val Acc: 77.93%
2026-02-22 16:13:14,245 - INFO - Epoch [50] Batch [0/17]                     Loss: 0.3120, Hard: 0.5346, Soft: -0.2226                     Acc: 75.00% LR: 0.000430                     Alpha: 0.5744425058364868                     Beta: -0.48625022172927856                     MemKD: 0.4612825810909271
2026-02-22 16:13:43,397 - INFO - Epoch [50/200] Train Loss: 0.3076, Train Acc: 77.94%, Val Loss: 0.5567, Val Acc: 79.52%
2026-02-22 16:13:43,440 - INFO - Checkpoint saved at epoch 50
2026-02-22 16:14:06,795 - INFO - Epoch [51] Batch [0/17]                     Loss: 0.2983, Hard: 0.5440, Soft: -0.2457                     Acc: 68.75% LR: 0.000427                     Alpha: 0.5744425058364868                     Beta: -0.4952094256877899                     MemKD: 0.458404004573822
2026-02-22 16:14:36,568 - INFO - Epoch [51/200] Train Loss: 0.2997, Train Acc: 79.78%, Val Loss: 0.6686, Val Acc: 73.14%
2026-02-22 16:14:58,335 - INFO - Epoch [52] Batch [0/17]                     Loss: 0.2407, Hard: 0.5141, Soft: -0.2734                     Acc: 75.00% LR: 0.000424                     Alpha: 0.5744425058364868                     Beta: -0.5042365193367004                     MemKD: 0.4554629325866699
2026-02-22 16:15:26,020 - INFO - Epoch [52/200] Train Loss: 0.2802, Train Acc: 80.88%, Val Loss: 0.6148, Val Acc: 75.93%
2026-02-22 16:15:46,781 - INFO - Epoch [53] Batch [0/17]                     Loss: 0.3701, Hard: 0.5916, Soft: -0.2215                     Acc: 81.25% LR: 0.000421                     Alpha: 0.5744425058364868                     Beta: -0.5132535696029663                     MemKD: 0.45251554250717163
2026-02-22 16:16:16,005 - INFO - Epoch [53/200] Train Loss: 0.2617, Train Acc: 79.78%, Val Loss: 0.4815, Val Acc: 82.85%
2026-02-22 16:16:16,005 - INFO - Best model saved with accuracy: 82.85%
2026-02-22 16:16:37,292 - INFO - Epoch [54] Batch [0/17]                     Loss: -0.0531, Hard: 0.3034, Soft: -0.3565                     Acc: 93.75% LR: 0.000418                     Alpha: 0.5744425058364868                     Beta: -0.5220841765403748                     MemKD: 0.44969919323921204
2026-02-22 16:17:07,002 - INFO - Epoch [54/200] Train Loss: 0.1773, Train Acc: 82.72%, Val Loss: 0.6360, Val Acc: 75.27%
2026-02-22 16:17:30,582 - INFO - Epoch [55] Batch [0/17]                     Loss: 0.2445, Hard: 0.5350, Soft: -0.2905                     Acc: 81.25% LR: 0.000415                     Alpha: 0.5744425058364868                     Beta: -0.5310249924659729                     MemKD: 0.44674772024154663
2026-02-22 16:17:58,868 - INFO - Epoch [55/200] Train Loss: 0.3190, Train Acc: 77.57%, Val Loss: 0.6574, Val Acc: 75.66%
2026-02-22 16:18:19,895 - INFO - Epoch [56] Batch [0/17]                     Loss: -0.0750, Hard: 0.2749, Soft: -0.3498                     Acc: 93.75% LR: 0.000412                     Alpha: 0.5744425058364868                     Beta: -0.5396667718887329                     MemKD: 0.4439697265625
2026-02-22 16:18:47,859 - INFO - Epoch [56/200] Train Loss: 0.2612, Train Acc: 80.15%, Val Loss: 0.5479, Val Acc: 80.72%
2026-02-22 16:19:10,968 - INFO - Epoch [57] Batch [0/17]                     Loss: 0.1888, Hard: 0.5242, Soft: -0.3354                     Acc: 75.00% LR: 0.000409                     Alpha: 0.5744425058364868                     Beta: -0.5481566786766052                     MemKD: 0.44128403067588806
2026-02-22 16:19:40,005 - INFO - Epoch [57/200] Train Loss: 0.2864, Train Acc: 77.57%, Val Loss: 0.5940, Val Acc: 76.86%
2026-02-22 16:20:02,893 - INFO - Epoch [58] Batch [0/17]                     Loss: -0.0301, Hard: 0.3436, Soft: -0.3737                     Acc: 87.50% LR: 0.000406                     Alpha: 0.5744425058364868                     Beta: -0.5566692352294922                     MemKD: 0.4385862648487091
2026-02-22 16:20:31,889 - INFO - Epoch [58/200] Train Loss: 0.2704, Train Acc: 77.94%, Val Loss: 0.6246, Val Acc: 76.60%
2026-02-22 16:20:54,096 - INFO - Epoch [59] Batch [0/17]                     Loss: 0.5689, Hard: 0.8452, Soft: -0.2763                     Acc: 68.75% LR: 0.000403                     Alpha: 0.5744425058364868                     Beta: -0.564944326877594                     MemKD: 0.4360214173793793
2026-02-22 16:21:21,382 - INFO - Epoch [59/200] Train Loss: 0.1478, Train Acc: 84.19%, Val Loss: 0.7110, Val Acc: 72.34%
2026-02-22 16:21:42,416 - INFO - Epoch [60] Batch [0/17]                     Loss: -0.1245, Hard: 0.2860, Soft: -0.4106                     Acc: 93.75% LR: 0.000400                     Alpha: 0.5744425058364868                     Beta: -0.5733330249786377                     MemKD: 0.4333697259426117
2026-02-22 16:22:11,229 - INFO - Epoch [60/200] Train Loss: 0.1321, Train Acc: 80.51%, Val Loss: 0.5098, Val Acc: 80.19%
2026-02-22 16:22:11,291 - INFO - Checkpoint saved at epoch 60
2026-02-22 16:22:34,546 - INFO - Epoch [61] Batch [0/17]                     Loss: -0.1954, Hard: 0.2470, Soft: -0.4425                     Acc: 100.00% LR: 0.000397                     Alpha: 0.5744425058364868                     Beta: -0.5818215608596802                     MemKD: 0.4306448996067047
2026-02-22 16:23:03,890 - INFO - Epoch [61/200] Train Loss: 0.3643, Train Acc: 75.37%, Val Loss: 0.6946, Val Acc: 75.40%
2026-02-22 16:23:27,743 - INFO - Epoch [62] Batch [0/17]                     Loss: 0.0587, Hard: 0.4276, Soft: -0.3688                     Acc: 87.50% LR: 0.000394                     Alpha: 0.5744425058364868                     Beta: -0.5899176597595215                     MemKD: 0.4281480014324188
2026-02-22 16:23:56,953 - INFO - Epoch [62/200] Train Loss: 0.3103, Train Acc: 76.10%, Val Loss: 0.5475, Val Acc: 80.72%
2026-02-22 16:24:19,031 - INFO - Epoch [63] Batch [0/17]                     Loss: 0.3356, Hard: 0.6741, Soft: -0.3385                     Acc: 81.25% LR: 0.000391                     Alpha: 0.5744425058364868                     Beta: -0.5978053212165833                     MemKD: 0.42576682567596436
2026-02-22 16:24:47,679 - INFO - Epoch [63/200] Train Loss: 0.1761, Train Acc: 80.51%, Val Loss: 0.6534, Val Acc: 75.40%
2026-02-22 16:25:09,657 - INFO - Epoch [64] Batch [0/17]                     Loss: 1.2258, Hard: 1.3719, Soft: -0.1461                     Acc: 56.25% LR: 0.000387                     Alpha: 0.5744425058364868                     Beta: -0.605667233467102                     MemKD: 0.42338088154792786
2026-02-22 16:25:38,421 - INFO - Epoch [64/200] Train Loss: 0.2612, Train Acc: 78.31%, Val Loss: 0.6697, Val Acc: 76.86%
2026-02-22 16:26:02,496 - INFO - Epoch [65] Batch [0/17]                     Loss: -0.1450, Hard: 0.3024, Soft: -0.4474                     Acc: 93.75% LR: 0.000384                     Alpha: 0.5744425058364868                     Beta: -0.6136089563369751                     MemKD: 0.4209427535533905
2026-02-22 16:26:31,710 - INFO - Epoch [65/200] Train Loss: 0.1687, Train Acc: 81.62%, Val Loss: 0.4809, Val Acc: 82.71%
2026-02-22 16:26:53,852 - INFO - Epoch [66] Batch [0/17]                     Loss: -0.1275, Hard: 0.3176, Soft: -0.4451                     Acc: 87.50% LR: 0.000381                     Alpha: 0.5744425058364868                     Beta: -0.6214807033538818                     MemKD: 0.41851627826690674
2026-02-22 16:27:22,582 - INFO - Epoch [66/200] Train Loss: 0.1233, Train Acc: 81.62%, Val Loss: 0.5076, Val Acc: 81.25%
2026-02-22 16:27:45,433 - INFO - Epoch [67] Batch [0/17]                     Loss: -0.1785, Hard: 0.2985, Soft: -0.4770                     Acc: 100.00% LR: 0.000377                     Alpha: 0.5744425058364868                     Beta: -0.6294470429420471                     MemKD: 0.41603678464889526
2026-02-22 16:28:15,201 - INFO - Epoch [67/200] Train Loss: 0.1744, Train Acc: 80.15%, Val Loss: 0.6350, Val Acc: 76.73%
2026-02-22 16:28:38,219 - INFO - Epoch [68] Batch [0/17]                     Loss: 0.1844, Hard: 0.5323, Soft: -0.3479                     Acc: 75.00% LR: 0.000374                     Alpha: 0.5744425058364868                     Beta: -0.6370789408683777                     MemKD: 0.41373345255851746
2026-02-22 16:29:06,781 - INFO - Epoch [68/200] Train Loss: -0.0034, Train Acc: 82.35%, Val Loss: 0.6065, Val Acc: 76.33%
2026-02-22 16:29:29,142 - INFO - Epoch [69] Batch [0/17]                     Loss: -0.1484, Hard: 0.3343, Soft: -0.4828                     Acc: 93.75% LR: 0.000370                     Alpha: 0.5744425058364868                     Beta: -0.6448974609375                     MemKD: 0.4112984836101532
2026-02-22 16:29:55,130 - INFO - Epoch [69/200] Train Loss: 0.1538, Train Acc: 80.51%, Val Loss: 0.9044, Val Acc: 68.22%
2026-02-22 16:30:18,058 - INFO - Epoch [70] Batch [0/17]                     Loss: 0.3851, Hard: 0.6944, Soft: -0.3094                     Acc: 81.25% LR: 0.000367                     Alpha: 0.5744425058364868                     Beta: -0.6525136828422546                     MemKD: 0.4089837372303009
2026-02-22 16:30:47,629 - INFO - Epoch [70/200] Train Loss: 0.0805, Train Acc: 84.56%, Val Loss: 0.6924, Val Acc: 75.00%
2026-02-22 16:30:47,676 - INFO - Checkpoint saved at epoch 70
2026-02-22 16:31:09,625 - INFO - Epoch [71] Batch [0/17]                     Loss: 0.0278, Hard: 0.4772, Soft: -0.4494                     Acc: 75.00% LR: 0.000363                     Alpha: 0.5744425058364868                     Beta: -0.6599547266960144                     MemKD: 0.4067574143409729
2026-02-22 16:31:38,014 - INFO - Epoch [71/200] Train Loss: 0.0081, Train Acc: 82.72%, Val Loss: 0.5166, Val Acc: 80.19%
2026-02-22 16:32:00,711 - INFO - Epoch [72] Batch [0/17]                     Loss: 0.3502, Hard: 0.7011, Soft: -0.3509                     Acc: 75.00% LR: 0.000360                     Alpha: 0.5744425058364868                     Beta: -0.6674992442131042                     MemKD: 0.40445831418037415
2026-02-22 16:32:28,748 - INFO - Epoch [72/200] Train Loss: 0.1314, Train Acc: 77.57%, Val Loss: 0.5210, Val Acc: 80.32%
2026-02-22 16:32:50,924 - INFO - Epoch [73] Batch [0/17]                     Loss: 0.3531, Hard: 0.7330, Soft: -0.3800                     Acc: 75.00% LR: 0.000356                     Alpha: 0.5744425058364868                     Beta: -0.6749028563499451                     MemKD: 0.4022236764431
2026-02-22 16:33:19,559 - INFO - Epoch [73/200] Train Loss: -0.0983, Train Acc: 87.50%, Val Loss: 0.6859, Val Acc: 74.73%
2026-02-22 16:33:41,107 - INFO - Epoch [74] Batch [0/17]                     Loss: 0.0057, Hard: 0.4656, Soft: -0.4598                     Acc: 87.50% LR: 0.000353                     Alpha: 0.5744425058364868                     Beta: -0.6823488473892212                     MemKD: 0.39996305108070374
2026-02-22 16:34:10,168 - INFO - Epoch [74/200] Train Loss: -0.0533, Train Acc: 82.35%, Val Loss: 0.5158, Val Acc: 81.91%
2026-02-22 16:34:32,916 - INFO - Epoch [75] Batch [0/17]                     Loss: -0.1964, Hard: 0.3432, Soft: -0.5396                     Acc: 93.75% LR: 0.000349                     Alpha: 0.5744425058364868                     Beta: -0.6899091601371765                     MemKD: 0.3976361155509949
2026-02-22 16:35:02,466 - INFO - Epoch [75/200] Train Loss: -0.0137, Train Acc: 80.88%, Val Loss: 0.6428, Val Acc: 75.27%
2026-02-22 16:35:24,534 - INFO - Epoch [76] Batch [0/17]                     Loss: 0.0328, Hard: 0.4778, Soft: -0.4450                     Acc: 81.25% LR: 0.000346                     Alpha: 0.5744425058364868                     Beta: -0.6972533464431763                     MemKD: 0.3954216539859772
2026-02-22 16:35:51,883 - INFO - Epoch [76/200] Train Loss: -0.0950, Train Acc: 85.29%, Val Loss: 0.5544, Val Acc: 78.72%
2026-02-22 16:36:14,985 - INFO - Epoch [77] Batch [0/17]                     Loss: -0.0257, Hard: 0.4842, Soft: -0.5098                     Acc: 75.00% LR: 0.000342                     Alpha: 0.5744425058364868                     Beta: -0.7044703960418701                     MemKD: 0.39325806498527527
2026-02-22 16:36:44,313 - INFO - Epoch [77/200] Train Loss: -0.1196, Train Acc: 84.93%, Val Loss: 0.4462, Val Acc: 84.44%
2026-02-22 16:36:44,313 - INFO - Best model saved with accuracy: 84.44%
2026-02-22 16:37:07,157 - INFO - Epoch [78] Batch [0/17]                     Loss: -0.2905, Hard: 0.3055, Soft: -0.5960                     Acc: 87.50% LR: 0.000338                     Alpha: 0.5744425058364868                     Beta: -0.7116817831993103                     MemKD: 0.39107900857925415
2026-02-22 16:37:36,563 - INFO - Epoch [78/200] Train Loss: -0.1440, Train Acc: 86.40%, Val Loss: 0.4768, Val Acc: 82.45%
2026-02-22 16:37:59,666 - INFO - Epoch [79] Batch [0/17]                     Loss: -0.1354, Hard: 0.3955, Soft: -0.5309                     Acc: 87.50% LR: 0.000335                     Alpha: 0.5744425058364868                     Beta: -0.7187528610229492                     MemKD: 0.38896164298057556
2026-02-22 16:38:28,817 - INFO - Epoch [79/200] Train Loss: -0.0369, Train Acc: 84.56%, Val Loss: 0.6582, Val Acc: 75.80%
2026-02-22 16:38:50,269 - INFO - Epoch [80] Batch [0/17]                     Loss: -0.1005, Hard: 0.4505, Soft: -0.5509                     Acc: 81.25% LR: 0.000331                     Alpha: 0.5744425058364868                     Beta: -0.7256999015808105                     MemKD: 0.38691243529319763
2026-02-22 16:39:19,097 - INFO - Epoch [80/200] Train Loss: 0.0314, Train Acc: 81.62%, Val Loss: 0.6811, Val Acc: 73.14%
2026-02-22 16:39:19,152 - INFO - Checkpoint saved at epoch 80
2026-02-22 16:39:41,654 - INFO - Epoch [81] Batch [0/17]                     Loss: 0.1969, Hard: 0.6388, Soft: -0.4419                     Acc: 81.25% LR: 0.000327                     Alpha: 0.5744425058364868                     Beta: -0.7324076890945435                     MemKD: 0.3849942088127136
2026-02-22 16:40:11,397 - INFO - Epoch [81/200] Train Loss: 0.0078, Train Acc: 81.25%, Val Loss: 0.6079, Val Acc: 78.19%
2026-02-22 16:40:34,209 - INFO - Epoch [82] Batch [0/17]                     Loss: -0.3545, Hard: 0.2379, Soft: -0.5924                     Acc: 93.75% LR: 0.000324                     Alpha: 0.5744425058364868                     Beta: -0.7389127016067505                     MemKD: 0.3831591308116913
2026-02-22 16:41:02,641 - INFO - Epoch [82/200] Train Loss: -0.0411, Train Acc: 81.99%, Val Loss: 0.4651, Val Acc: 83.11%
2026-02-22 16:41:26,175 - INFO - Epoch [83] Batch [0/17]                     Loss: -0.3826, Hard: 0.2358, Soft: -0.6184                     Acc: 87.50% LR: 0.000320                     Alpha: 0.5744425058364868                     Beta: -0.7454112768173218                     MemKD: 0.3813193738460541
2026-02-22 16:41:55,158 - INFO - Epoch [83/200] Train Loss: -0.1539, Train Acc: 86.76%, Val Loss: 0.6283, Val Acc: 73.67%
2026-02-22 16:42:18,119 - INFO - Epoch [84] Batch [0/17]                     Loss: 0.1564, Hard: 0.5881, Soft: -0.4317                     Acc: 68.75% LR: 0.000316                     Alpha: 0.5744425058364868                     Beta: -0.7519805431365967                     MemKD: 0.3794402778148651
2026-02-22 16:42:47,943 - INFO - Epoch [84/200] Train Loss: -0.0884, Train Acc: 83.09%, Val Loss: 0.5825, Val Acc: 78.32%
2026-02-22 16:43:10,962 - INFO - Epoch [85] Batch [0/17]                     Loss: 0.0323, Hard: 0.5170, Soft: -0.4848                     Acc: 75.00% LR: 0.000312                     Alpha: 0.5744425058364868                     Beta: -0.7584183812141418                     MemKD: 0.3776051104068756
2026-02-22 16:43:40,855 - INFO - Epoch [85/200] Train Loss: -0.0051, Train Acc: 82.35%, Val Loss: 0.6493, Val Acc: 74.34%
2026-02-22 16:44:04,110 - INFO - Epoch [86] Batch [0/17]                     Loss: -0.2970, Hard: 0.2962, Soft: -0.5931                     Acc: 93.75% LR: 0.000308                     Alpha: 0.5744425058364868                     Beta: -0.7646310329437256                     MemKD: 0.37586817145347595
2026-02-22 16:44:31,042 - INFO - Epoch [86/200] Train Loss: -0.1531, Train Acc: 85.29%, Val Loss: 0.5035, Val Acc: 80.32%
2026-02-22 16:44:53,929 - INFO - Epoch [87] Batch [0/17]                     Loss: -0.3404, Hard: 0.2952, Soft: -0.6356                     Acc: 87.50% LR: 0.000305                     Alpha: 0.5744425058364868                     Beta: -0.7708497643470764                     MemKD: 0.3741162121295929
2026-02-22 16:45:23,257 - INFO - Epoch [87/200] Train Loss: -0.0974, Train Acc: 84.93%, Val Loss: 0.5718, Val Acc: 79.39%
2026-02-22 16:45:46,422 - INFO - Epoch [88] Batch [0/17]                     Loss: -0.3135, Hard: 0.3043, Soft: -0.6178                     Acc: 87.50% LR: 0.000301                     Alpha: 0.5744425058364868                     Beta: -0.7769723534584045                     MemKD: 0.3724023103713989
2026-02-22 16:46:15,895 - INFO - Epoch [88/200] Train Loss: -0.2499, Train Acc: 85.29%, Val Loss: 0.5791, Val Acc: 79.79%
2026-02-22 16:46:38,123 - INFO - Epoch [89] Batch [0/17]                     Loss: -0.4544, Hard: 0.2008, Soft: -0.6552                     Acc: 93.75% LR: 0.000297                     Alpha: 0.5744425058364868                     Beta: -0.7831573486328125                     MemKD: 0.37065181136131287
2026-02-22 16:47:06,835 - INFO - Epoch [89/200] Train Loss: -0.2169, Train Acc: 86.40%, Val Loss: 0.6232, Val Acc: 77.39%
2026-02-22 16:47:28,318 - INFO - Epoch [90] Batch [0/17]                     Loss: -0.3596, Hard: 0.2949, Soft: -0.6545                     Acc: 87.50% LR: 0.000293                     Alpha: 0.5744425058364868                     Beta: -0.7892748713493347                     MemKD: 0.36892423033714294
2026-02-22 16:47:56,796 - INFO - Epoch [90/200] Train Loss: -0.2824, Train Acc: 87.50%, Val Loss: 0.7227, Val Acc: 71.28%
2026-02-22 16:47:56,854 - INFO - Checkpoint saved at epoch 90
2026-02-22 16:48:19,606 - INFO - Epoch [91] Batch [0/17]                     Loss: -0.2575, Hard: 0.3981, Soft: -0.6556                     Acc: 75.00% LR: 0.000289                     Alpha: 0.5744425058364868                     Beta: -0.7953858971595764                     MemKD: 0.36719441413879395
2026-02-22 16:48:48,945 - INFO - Epoch [91/200] Train Loss: -0.2308, Train Acc: 84.19%, Val Loss: 0.4705, Val Acc: 81.38%
2026-02-22 16:49:11,564 - INFO - Epoch [92] Batch [0/17]                     Loss: -0.5455, Hard: 0.1566, Soft: -0.7021                     Acc: 100.00% LR: 0.000285                     Alpha: 0.5744425058364868                     Beta: -0.8013202548027039                     MemKD: 0.3655361831188202
2026-02-22 16:49:40,751 - INFO - Epoch [92/200] Train Loss: -0.3019, Train Acc: 87.87%, Val Loss: 0.4979, Val Acc: 81.52%
2026-02-22 16:50:04,344 - INFO - Epoch [93] Batch [0/17]                     Loss: -0.5609, Hard: 0.1344, Soft: -0.6953                     Acc: 93.75% LR: 0.000281                     Alpha: 0.5744425058364868                     Beta: -0.8072433471679688                     MemKD: 0.3638790249824524
2026-02-22 16:50:31,177 - INFO - Epoch [93/200] Train Loss: -0.2969, Train Acc: 88.97%, Val Loss: 0.5962, Val Acc: 78.72%
2026-02-22 16:50:52,335 - INFO - Epoch [94] Batch [0/17]                     Loss: -0.2750, Hard: 0.3539, Soft: -0.6289                     Acc: 87.50% LR: 0.000277                     Alpha: 0.5744425058364868                     Beta: -0.8130584955215454                     MemKD: 0.36225971579551697
2026-02-22 16:51:20,871 - INFO - Epoch [94/200] Train Loss: -0.2876, Train Acc: 87.13%, Val Loss: 0.5163, Val Acc: 82.58%
2026-02-22 16:51:43,716 - INFO - Epoch [95] Batch [0/17]                     Loss: 0.6179, Hard: 0.9299, Soft: -0.3120                     Acc: 56.25% LR: 0.000274                     Alpha: 0.5744425058364868                     Beta: -0.8187114000320435                     MemKD: 0.36070579290390015
2026-02-22 16:52:12,832 - INFO - Epoch [95/200] Train Loss: -0.2609, Train Acc: 84.56%, Val Loss: 0.4868, Val Acc: 82.98%
2026-02-22 16:52:36,222 - INFO - Epoch [96] Batch [0/17]                     Loss: -0.5752, Hard: 0.1575, Soft: -0.7327                     Acc: 100.00% LR: 0.000270                     Alpha: 0.5744425058364868                     Beta: -0.8242136240005493                     MemKD: 0.35920605063438416
2026-02-22 16:53:05,527 - INFO - Epoch [96/200] Train Loss: -0.2821, Train Acc: 87.87%, Val Loss: 0.5482, Val Acc: 77.93%
2026-02-22 16:53:28,590 - INFO - Epoch [97] Batch [0/17]                     Loss: -0.0671, Hard: 0.5012, Soft: -0.5683                     Acc: 75.00% LR: 0.000266                     Alpha: 0.5744425058364868                     Beta: -0.8296644687652588                     MemKD: 0.3577246069908142
2026-02-22 16:53:58,729 - INFO - Epoch [97/200] Train Loss: -0.2839, Train Acc: 83.46%, Val Loss: 0.4503, Val Acc: 84.31%
2026-02-22 16:54:21,825 - INFO - Epoch [98] Batch [0/17]                     Loss: -0.3017, Hard: 0.3140, Soft: -0.6157                     Acc: 93.75% LR: 0.000262                     Alpha: 0.5744425058364868                     Beta: -0.835085391998291                     MemKD: 0.3562581241130829
2026-02-22 16:54:51,319 - INFO - Epoch [98/200] Train Loss: -0.2892, Train Acc: 87.13%, Val Loss: 0.4502, Val Acc: 84.44%
2026-02-22 16:55:14,699 - INFO - Epoch [99] Batch [0/17]                     Loss: -0.3826, Hard: 0.3162, Soft: -0.6988                     Acc: 93.75% LR: 0.000258                     Alpha: 0.5744425058364868                     Beta: -0.8403904438018799                     MemKD: 0.35483047366142273
2026-02-22 16:55:43,161 - INFO - Epoch [99/200] Train Loss: -0.5039, Train Acc: 93.38%, Val Loss: 0.4676, Val Acc: 83.24%
2026-02-22 16:56:05,957 - INFO - Epoch [100] Batch [0/17]                     Loss: -0.7402, Hard: 0.0785, Soft: -0.8187                     Acc: 100.00% LR: 0.000254                     Alpha: 0.5744425058364868                     Beta: -0.8457452654838562                     MemKD: 0.3533792197704315
2026-02-22 16:56:34,236 - INFO - Epoch [100/200] Train Loss: -0.2662, Train Acc: 84.56%, Val Loss: 0.4587, Val Acc: 84.31%
2026-02-22 16:56:34,295 - INFO - Checkpoint saved at epoch 100
2026-02-22 16:56:57,391 - INFO - Epoch [101] Batch [0/17]                     Loss: -0.3719, Hard: 0.3630, Soft: -0.7349                     Acc: 87.50% LR: 0.000250                     Alpha: 0.5744425058364868                     Beta: -0.8509271740913391                     MemKD: 0.351991206407547
2026-02-22 16:57:27,166 - INFO - Epoch [101/200] Train Loss: -0.3597, Train Acc: 89.34%, Val Loss: 0.5269, Val Acc: 80.98%
2026-02-22 16:57:50,756 - INFO - Epoch [102] Batch [0/17]                     Loss: -0.5797, Hard: 0.1813, Soft: -0.7611                     Acc: 93.75% LR: 0.000246                     Alpha: 0.5744425058364868                     Beta: -0.8559821844100952                     MemKD: 0.3506554663181305
2026-02-22 16:58:20,645 - INFO - Epoch [102/200] Train Loss: -0.3212, Train Acc: 85.66%, Val Loss: 0.6138, Val Acc: 77.39%
2026-02-22 16:58:44,044 - INFO - Epoch [103] Batch [0/17]                     Loss: -0.4127, Hard: 0.3224, Soft: -0.7350                     Acc: 75.00% LR: 0.000242                     Alpha: 0.5744425058364868                     Beta: -0.860913872718811                     MemKD: 0.3493562936782837
2026-02-22 16:59:11,200 - INFO - Epoch [103/200] Train Loss: -0.2823, Train Acc: 84.56%, Val Loss: 0.4411, Val Acc: 84.57%
2026-02-22 16:59:11,200 - INFO - Best model saved with accuracy: 84.57%
2026-02-22 16:59:33,411 - INFO - Epoch [104] Batch [0/17]                     Loss: -0.4463, Hard: 0.3027, Soft: -0.7489                     Acc: 87.50% LR: 0.000238                     Alpha: 0.5744425058364868                     Beta: -0.8657256960868835                     MemKD: 0.34809720516204834
2026-02-22 17:00:01,390 - INFO - Epoch [104/200] Train Loss: -0.3245, Train Acc: 84.56%, Val Loss: 0.4786, Val Acc: 83.78%
2026-02-22 17:00:24,466 - INFO - Epoch [105] Batch [0/17]                     Loss: -0.4085, Hard: 0.3574, Soft: -0.7659                     Acc: 93.75% LR: 0.000234                     Alpha: 0.5744425058364868                     Beta: -0.8704550862312317                     MemKD: 0.3468714952468872
2026-02-22 17:00:53,807 - INFO - Epoch [105/200] Train Loss: -0.3269, Train Acc: 85.66%, Val Loss: 0.4965, Val Acc: 81.52%
2026-02-22 17:01:17,443 - INFO - Epoch [106] Batch [0/17]                     Loss: -0.3805, Hard: 0.3417, Soft: -0.7222                     Acc: 81.25% LR: 0.000230                     Alpha: 0.5744425058364868                     Beta: -0.8751619458198547                     MemKD: 0.3456479609012604
2026-02-22 17:01:45,485 - INFO - Epoch [106/200] Train Loss: -0.3779, Train Acc: 87.87%, Val Loss: 0.5177, Val Acc: 79.92%
2026-02-22 17:02:06,634 - INFO - Epoch [107] Batch [0/17]                     Loss: -0.4866, Hard: 0.3093, Soft: -0.7959                     Acc: 87.50% LR: 0.000226                     Alpha: 0.5744425058364868                     Beta: -0.8797633051872253                     MemKD: 0.3444589674472809
2026-02-22 17:02:36,025 - INFO - Epoch [107/200] Train Loss: -0.4244, Train Acc: 86.76%, Val Loss: 0.4767, Val Acc: 83.91%
2026-02-22 17:02:58,613 - INFO - Epoch [108] Batch [0/17]                     Loss: -0.6578, Hard: 0.1710, Soft: -0.8288                     Acc: 100.00% LR: 0.000223                     Alpha: 0.5744425058364868                     Beta: -0.8843320608139038                     MemKD: 0.343275249004364
2026-02-22 17:03:27,222 - INFO - Epoch [108/200] Train Loss: -0.4764, Train Acc: 90.44%, Val Loss: 0.4857, Val Acc: 82.98%
2026-02-22 17:03:50,389 - INFO - Epoch [109] Batch [0/17]                     Loss: -0.4001, Hard: 0.3724, Soft: -0.7725                     Acc: 87.50% LR: 0.000219                     Alpha: 0.5744425058364868                     Beta: -0.8888634443283081                     MemKD: 0.34209248423576355
2026-02-22 17:04:20,211 - INFO - Epoch [109/200] Train Loss: -0.3903, Train Acc: 85.66%, Val Loss: 0.4285, Val Acc: 84.31%
2026-02-22 17:04:41,936 - INFO - Epoch [110] Batch [0/17]                     Loss: -0.7020, Hard: 0.1299, Soft: -0.8319                     Acc: 100.00% LR: 0.000215                     Alpha: 0.5744425058364868                     Beta: -0.8932310342788696                     MemKD: 0.3409723937511444
2026-02-22 17:05:10,032 - INFO - Epoch [110/200] Train Loss: -0.4651, Train Acc: 87.87%, Val Loss: 0.4503, Val Acc: 83.78%
2026-02-22 17:05:10,066 - INFO - Checkpoint saved at epoch 110
2026-02-22 17:05:33,018 - INFO - Epoch [111] Batch [0/17]                     Loss: -0.3719, Hard: 0.3546, Soft: -0.7265                     Acc: 81.25% LR: 0.000211                     Alpha: 0.5744425058364868                     Beta: -0.8975440859794617                     MemKD: 0.3398631811141968
2026-02-22 17:06:03,097 - INFO - Epoch [111/200] Train Loss: -0.4983, Train Acc: 89.71%, Val Loss: 0.5057, Val Acc: 80.85%
2026-02-22 17:06:26,108 - INFO - Epoch [112] Batch [0/17]                     Loss: -0.6348, Hard: 0.1480, Soft: -0.7828                     Acc: 100.00% LR: 0.000207                     Alpha: 0.5744425058364868                     Beta: -0.9017846584320068                     MemKD: 0.3387736678123474
2026-02-22 17:06:55,684 - INFO - Epoch [112/200] Train Loss: -0.4346, Train Acc: 88.60%, Val Loss: 0.4304, Val Acc: 83.91%
2026-02-22 17:07:19,190 - INFO - Epoch [113] Batch [0/17]                     Loss: -0.8148, Hard: 0.0716, Soft: -0.8864                     Acc: 100.00% LR: 0.000203                     Alpha: 0.5744425058364868                     Beta: -0.905909538269043                     MemKD: 0.3377227485179901
2026-02-22 17:07:48,533 - INFO - Epoch [113/200] Train Loss: -0.4333, Train Acc: 85.66%, Val Loss: 0.4944, Val Acc: 83.78%
2026-02-22 17:08:10,522 - INFO - Epoch [114] Batch [0/17]                     Loss: -0.6694, Hard: 0.1500, Soft: -0.8194                     Acc: 100.00% LR: 0.000199                     Alpha: 0.5744425058364868                     Beta: -0.909922182559967                     MemKD: 0.3367103636264801
2026-02-22 17:08:39,787 - INFO - Epoch [114/200] Train Loss: -0.3048, Train Acc: 86.03%, Val Loss: 0.4817, Val Acc: 84.57%
2026-02-22 17:09:02,399 - INFO - Epoch [115] Batch [0/17]                     Loss: -0.3154, Hard: 0.4195, Soft: -0.7348                     Acc: 81.25% LR: 0.000195                     Alpha: 0.5744425058364868                     Beta: -0.9137964844703674                     MemKD: 0.3357415795326233
2026-02-22 17:09:31,038 - INFO - Epoch [115/200] Train Loss: -0.3392, Train Acc: 84.56%, Val Loss: 0.4241, Val Acc: 85.64%
2026-02-22 17:09:31,038 - INFO - Best model saved with accuracy: 85.64%
2026-02-22 17:09:53,598 - INFO - Epoch [116] Batch [0/17]                     Loss: 0.1519, Hard: 0.7606, Soft: -0.6087                     Acc: 68.75% LR: 0.000192                     Alpha: 0.5744425058364868                     Beta: -0.9175953269004822                     MemKD: 0.3347969055175781
2026-02-22 17:10:22,250 - INFO - Epoch [116/200] Train Loss: -0.4323, Train Acc: 84.93%, Val Loss: 0.4888, Val Acc: 82.71%
2026-02-22 17:10:44,166 - INFO - Epoch [117] Batch [0/17]                     Loss: -0.4497, Hard: 0.3342, Soft: -0.7840                     Acc: 93.75% LR: 0.000188                     Alpha: 0.5744425058364868                     Beta: -0.9213101863861084                     MemKD: 0.3338755667209625
2026-02-22 17:11:13,051 - INFO - Epoch [117/200] Train Loss: -0.4362, Train Acc: 87.87%, Val Loss: 0.4971, Val Acc: 80.98%
2026-02-22 17:11:36,171 - INFO - Epoch [118] Batch [0/17]                     Loss: -0.1732, Hard: 0.5300, Soft: -0.7033                     Acc: 81.25% LR: 0.000184                     Alpha: 0.5744425058364868                     Beta: -0.924967348575592                     MemKD: 0.3329629898071289
2026-02-22 17:12:04,973 - INFO - Epoch [118/200] Train Loss: -0.4347, Train Acc: 87.50%, Val Loss: 0.4867, Val Acc: 82.71%
2026-02-22 17:12:27,932 - INFO - Epoch [119] Batch [0/17]                     Loss: -0.5858, Hard: 0.2747, Soft: -0.8605                     Acc: 87.50% LR: 0.000180                     Alpha: 0.5744425058364868                     Beta: -0.928555428981781                     MemKD: 0.33207011222839355
2026-02-22 17:12:56,784 - INFO - Epoch [119/200] Train Loss: -0.5260, Train Acc: 91.18%, Val Loss: 0.5263, Val Acc: 79.79%
2026-02-22 17:13:20,114 - INFO - Epoch [120] Batch [0/17]                     Loss: -0.5569, Hard: 0.2855, Soft: -0.8424                     Acc: 87.50% LR: 0.000176                     Alpha: 0.5744425058364868                     Beta: -0.932093620300293                     MemKD: 0.3311900198459625
2026-02-22 17:13:47,561 - INFO - Epoch [120/200] Train Loss: -0.5248, Train Acc: 88.97%, Val Loss: 0.4744, Val Acc: 84.71%
2026-02-22 17:13:47,619 - INFO - Checkpoint saved at epoch 120
2026-02-22 17:14:10,694 - INFO - Epoch [121] Batch [0/17]                     Loss: -0.4902, Hard: 0.3456, Soft: -0.8358                     Acc: 87.50% LR: 0.000173                     Alpha: 0.5744425058364868                     Beta: -0.9355839490890503                     MemKD: 0.3303189277648926
2026-02-22 17:14:39,970 - INFO - Epoch [121/200] Train Loss: -0.5069, Train Acc: 89.34%, Val Loss: 0.4211, Val Acc: 84.18%
2026-02-22 17:15:03,675 - INFO - Epoch [122] Batch [0/17]                     Loss: -0.6393, Hard: 0.1837, Soft: -0.8229                     Acc: 93.75% LR: 0.000169                     Alpha: 0.5744425058364868                     Beta: -0.9389948844909668                     MemKD: 0.3294685482978821
2026-02-22 17:15:33,485 - INFO - Epoch [122/200] Train Loss: -0.4859, Train Acc: 90.07%, Val Loss: 0.6119, Val Acc: 74.87%
2026-02-22 17:15:56,484 - INFO - Epoch [123] Batch [0/17]                     Loss: -0.1283, Hard: 0.5307, Soft: -0.6590                     Acc: 81.25% LR: 0.000165                     Alpha: 0.5744425058364868                     Beta: -0.9423006772994995                     MemKD: 0.328651487827301
2026-02-22 17:16:25,765 - INFO - Epoch [123/200] Train Loss: -0.3502, Train Acc: 86.40%, Val Loss: 0.4543, Val Acc: 82.98%
2026-02-22 17:16:47,538 - INFO - Epoch [124] Batch [0/17]                     Loss: -0.7127, Hard: 0.1574, Soft: -0.8701                     Acc: 87.50% LR: 0.000162                     Alpha: 0.5744425058364868                     Beta: -0.9454613924026489                     MemKD: 0.32788535952568054
2026-02-22 17:17:16,859 - INFO - Epoch [124/200] Train Loss: -0.5357, Train Acc: 89.34%, Val Loss: 0.4387, Val Acc: 84.44%
2026-02-22 17:17:39,267 - INFO - Epoch [125] Batch [0/17]                     Loss: -0.3453, Hard: 0.4264, Soft: -0.7718                     Acc: 81.25% LR: 0.000158                     Alpha: 0.5744425058364868                     Beta: -0.9485596418380737                     MemKD: 0.3271346688270569
2026-02-22 17:18:08,227 - INFO - Epoch [125/200] Train Loss: -0.5028, Train Acc: 87.13%, Val Loss: 0.4910, Val Acc: 82.05%
2026-02-22 17:18:31,825 - INFO - Epoch [126] Batch [0/17]                     Loss: -0.3327, Hard: 0.4727, Soft: -0.8054                     Acc: 75.00% LR: 0.000154                     Alpha: 0.5744425058364868                     Beta: -0.9516106247901917                     MemKD: 0.3263911306858063
2026-02-22 17:19:02,160 - INFO - Epoch [126/200] Train Loss: -0.4903, Train Acc: 86.03%, Val Loss: 0.4369, Val Acc: 84.44%
2026-02-22 17:19:24,631 - INFO - Epoch [127] Batch [0/17]                     Loss: -0.7459, Hard: 0.1800, Soft: -0.9259                     Acc: 93.75% LR: 0.000151                     Alpha: 0.5744425058364868                     Beta: -0.9545831084251404                     MemKD: 0.3256714642047882
2026-02-22 17:19:51,930 - INFO - Epoch [127/200] Train Loss: -0.5708, Train Acc: 90.07%, Val Loss: 0.5313, Val Acc: 79.92%
2026-02-22 17:20:14,522 - INFO - Epoch [128] Batch [0/17]                     Loss: -0.5025, Hard: 0.3389, Soft: -0.8413                     Acc: 93.75% LR: 0.000147                     Alpha: 0.5744425058364868                     Beta: -0.9575109481811523                     MemKD: 0.3249604403972626
2026-02-22 17:20:43,452 - INFO - Epoch [128/200] Train Loss: -0.5582, Train Acc: 88.60%, Val Loss: 0.4686, Val Acc: 82.85%
2026-02-22 17:21:06,252 - INFO - Epoch [129] Batch [0/17]                     Loss: -0.3671, Hard: 0.3898, Soft: -0.7569                     Acc: 87.50% LR: 0.000144                     Alpha: 0.5744425058364868                     Beta: -0.960403323173523                     MemKD: 0.3242521584033966
2026-02-22 17:21:34,601 - INFO - Epoch [129/200] Train Loss: -0.5357, Train Acc: 89.34%, Val Loss: 0.4799, Val Acc: 82.18%
2026-02-22 17:21:56,665 - INFO - Epoch [130] Batch [0/17]                     Loss: -0.5723, Hard: 0.2662, Soft: -0.8385                     Acc: 81.25% LR: 0.000140                     Alpha: 0.5744425058364868                     Beta: -0.9631860256195068                     MemKD: 0.323581337928772
2026-02-22 17:22:25,927 - INFO - Epoch [130/200] Train Loss: -0.5073, Train Acc: 87.13%, Val Loss: 0.4443, Val Acc: 84.84%
2026-02-22 17:22:25,975 - INFO - Checkpoint saved at epoch 130
2026-02-22 17:22:47,847 - INFO - Epoch [131] Batch [0/17]                     Loss: -0.4421, Hard: 0.3478, Soft: -0.7899                     Acc: 87.50% LR: 0.000137                     Alpha: 0.5744425058364868                     Beta: -0.9659093022346497                     MemKD: 0.3229250907897949
2026-02-22 17:23:17,008 - INFO - Epoch [131/200] Train Loss: -0.5712, Train Acc: 88.97%, Val Loss: 0.4549, Val Acc: 83.38%
2026-02-22 17:23:39,321 - INFO - Epoch [132] Batch [0/17]                     Loss: -0.5317, Hard: 0.3019, Soft: -0.8336                     Acc: 87.50% LR: 0.000133                     Alpha: 0.5744425058364868                     Beta: -0.9685353636741638                     MemKD: 0.32229313254356384
2026-02-22 17:24:08,873 - INFO - Epoch [132/200] Train Loss: -0.5394, Train Acc: 87.50%, Val Loss: 0.4359, Val Acc: 84.97%
2026-02-22 17:24:31,546 - INFO - Epoch [133] Batch [0/17]                     Loss: -0.7719, Hard: 0.1628, Soft: -0.9348                     Acc: 100.00% LR: 0.000130                     Alpha: 0.5744425058364868                     Beta: -0.9710954427719116                     MemKD: 0.32167860865592957
2026-02-22 17:24:59,754 - INFO - Epoch [133/200] Train Loss: -0.5582, Train Acc: 87.13%, Val Loss: 0.4549, Val Acc: 84.44%
2026-02-22 17:25:23,634 - INFO - Epoch [134] Batch [0/17]                     Loss: -0.5354, Hard: 0.3031, Soft: -0.8385                     Acc: 81.25% LR: 0.000126                     Alpha: 0.5744425058364868                     Beta: -0.973604142665863                     MemKD: 0.321077823638916
2026-02-22 17:25:51,388 - INFO - Epoch [134/200] Train Loss: -0.6374, Train Acc: 90.44%, Val Loss: 0.4656, Val Acc: 82.85%
2026-02-22 17:26:13,052 - INFO - Epoch [135] Batch [0/17]                     Loss: -0.5229, Hard: 0.3426, Soft: -0.8655                     Acc: 81.25% LR: 0.000123                     Alpha: 0.5744425058364868                     Beta: -0.9760483503341675                     MemKD: 0.32049283385276794
2026-02-22 17:26:42,527 - INFO - Epoch [135/200] Train Loss: -0.5626, Train Acc: 87.13%, Val Loss: 0.4901, Val Acc: 81.25%
2026-02-22 17:27:04,694 - INFO - Epoch [136] Batch [0/17]                     Loss: -0.3369, Hard: 0.4696, Soft: -0.8066                     Acc: 75.00% LR: 0.000119                     Alpha: 0.5744425058364868                     Beta: -0.9784469604492188                     MemKD: 0.3199193775653839
2026-02-22 17:27:33,734 - INFO - Epoch [136/200] Train Loss: -0.6200, Train Acc: 90.44%, Val Loss: 0.3991, Val Acc: 85.90%
2026-02-22 17:27:33,734 - INFO - Best model saved with accuracy: 85.90%
2026-02-22 17:27:57,923 - INFO - Epoch [137] Batch [0/17]                     Loss: -0.7214, Hard: 0.2039, Soft: -0.9252                     Acc: 87.50% LR: 0.000116                     Alpha: 0.5744425058364868                     Beta: -0.9807443022727966                     MemKD: 0.3193723261356354
2026-02-22 17:28:26,966 - INFO - Epoch [137/200] Train Loss: -0.5139, Train Acc: 87.13%, Val Loss: 0.3663, Val Acc: 87.63%
2026-02-22 17:28:26,966 - INFO - Best model saved with accuracy: 87.63%
2026-02-22 17:28:49,958 - INFO - Epoch [138] Batch [0/17]                     Loss: -0.8084, Hard: 0.1676, Soft: -0.9760                     Acc: 93.75% LR: 0.000113                     Alpha: 0.5744425058364868                     Beta: -0.9829564094543457                     MemKD: 0.31884756684303284
2026-02-22 17:29:19,047 - INFO - Epoch [138/200] Train Loss: -0.5960, Train Acc: 87.87%, Val Loss: 0.4311, Val Acc: 84.18%
2026-02-22 17:29:41,737 - INFO - Epoch [139] Batch [0/17]                     Loss: -0.4036, Hard: 0.4520, Soft: -0.8556                     Acc: 93.75% LR: 0.000109                     Alpha: 0.5744425058364868                     Beta: -0.9850942492485046                     MemKD: 0.3183419704437256
2026-02-22 17:30:11,118 - INFO - Epoch [139/200] Train Loss: -0.4898, Train Acc: 83.46%, Val Loss: 0.4391, Val Acc: 85.64%
2026-02-22 17:30:34,709 - INFO - Epoch [140] Batch [0/17]                     Loss: -0.5593, Hard: 0.3118, Soft: -0.8712                     Acc: 81.25% LR: 0.000106                     Alpha: 0.5744425058364868                     Beta: -0.9871717691421509                     MemKD: 0.3178548216819763
2026-02-22 17:31:03,030 - INFO - Epoch [140/200] Train Loss: -0.6241, Train Acc: 90.44%, Val Loss: 0.3841, Val Acc: 87.10%
2026-02-22 17:31:03,084 - INFO - Checkpoint saved at epoch 140
2026-02-22 17:31:25,162 - INFO - Epoch [141] Batch [0/17]                     Loss: -0.8297, Hard: 0.1462, Soft: -0.9759                     Acc: 93.75% LR: 0.000103                     Alpha: 0.5744425058364868                     Beta: -0.9891780018806458                     MemKD: 0.3173845410346985
2026-02-22 17:31:53,443 - INFO - Epoch [141/200] Train Loss: -0.5393, Train Acc: 87.50%, Val Loss: 0.4481, Val Acc: 83.11%
2026-02-22 17:32:15,578 - INFO - Epoch [142] Batch [0/17]                     Loss: -0.8889, Hard: 0.0636, Soft: -0.9525                     Acc: 100.00% LR: 0.000100                     Alpha: 0.5744425058364868                     Beta: -0.9911488890647888                     MemKD: 0.3169218897819519
2026-02-22 17:32:44,523 - INFO - Epoch [142/200] Train Loss: -0.6128, Train Acc: 89.34%, Val Loss: 0.4087, Val Acc: 84.57%
2026-02-22 17:33:07,572 - INFO - Epoch [143] Batch [0/17]                     Loss: -0.8337, Hard: 0.1378, Soft: -0.9715                     Acc: 100.00% LR: 0.000097                     Alpha: 0.5744425058364868                     Beta: -0.9930427670478821                     MemKD: 0.3164779245853424
2026-02-22 17:33:37,902 - INFO - Epoch [143/200] Train Loss: -0.5759, Train Acc: 89.34%, Val Loss: 0.4622, Val Acc: 82.45%
2026-02-22 17:34:01,741 - INFO - Epoch [144] Batch [0/17]                     Loss: -0.7974, Hard: 0.1738, Soft: -0.9712                     Acc: 87.50% LR: 0.000094                     Alpha: 0.5744425058364868                     Beta: -0.9948868751525879                     MemKD: 0.31604647636413574
2026-02-22 17:34:29,785 - INFO - Epoch [144/200] Train Loss: -0.6417, Train Acc: 88.24%, Val Loss: 0.3703, Val Acc: 86.84%
2026-02-22 17:34:51,408 - INFO - Epoch [145] Batch [0/17]                     Loss: -0.6138, Hard: 0.2543, Soft: -0.8681                     Acc: 93.75% LR: 0.000091                     Alpha: 0.5744425058364868                     Beta: -0.9966702461242676                     MemKD: 0.3156305253505707
2026-02-22 17:35:20,129 - INFO - Epoch [145/200] Train Loss: -0.6300, Train Acc: 90.44%, Val Loss: 0.4262, Val Acc: 84.84%
2026-02-22 17:35:42,770 - INFO - Epoch [146] Batch [0/17]                     Loss: -0.4460, Hard: 0.3684, Soft: -0.8144                     Acc: 81.25% LR: 0.000088                     Alpha: 0.5744425058364868                     Beta: -0.998389720916748                     MemKD: 0.31523066759109497
2026-02-22 17:36:12,650 - INFO - Epoch [146/200] Train Loss: -0.5795, Train Acc: 88.24%, Val Loss: 0.4143, Val Acc: 86.97%
2026-02-22 17:36:35,492 - INFO - Epoch [147] Batch [0/17]                     Loss: -0.7514, Hard: 0.1869, Soft: -0.9382                     Acc: 93.75% LR: 0.000085                     Alpha: 0.5744425058364868                     Beta: -1.0000495910644531                     MemKD: 0.3148438632488251
2026-02-22 17:37:03,423 - INFO - Epoch [147/200] Train Loss: -0.6003, Train Acc: 89.34%, Val Loss: 0.3604, Val Acc: 86.70%
2026-02-22 17:37:25,421 - INFO - Epoch [148] Batch [0/17]                     Loss: -0.7684, Hard: 0.2096, Soft: -0.9780                     Acc: 93.75% LR: 0.000082                     Alpha: 0.5744425058364868                     Beta: -1.0016425848007202                     MemKD: 0.3144756555557251
2026-02-22 17:37:52,941 - INFO - Epoch [148/200] Train Loss: -0.6340, Train Acc: 90.07%, Val Loss: 0.3896, Val Acc: 86.04%
2026-02-22 17:38:15,624 - INFO - Epoch [149] Batch [0/17]                     Loss: -0.7419, Hard: 0.2090, Soft: -0.9509                     Acc: 81.25% LR: 0.000079                     Alpha: 0.5744425058364868                     Beta: -1.003193736076355                     MemKD: 0.3141149580478668
2026-02-22 17:38:44,640 - INFO - Epoch [149/200] Train Loss: -0.6626, Train Acc: 90.07%, Val Loss: 0.3901, Val Acc: 86.04%
2026-02-22 17:39:07,568 - INFO - Epoch [150] Batch [0/17]                     Loss: -0.8000, Hard: 0.1945, Soft: -0.9945                     Acc: 93.75% LR: 0.000076                     Alpha: 0.5744425058364868                     Beta: -1.0046840906143188                     MemKD: 0.31376907229423523
2026-02-22 17:39:36,242 - INFO - Epoch [150/200] Train Loss: -0.6349, Train Acc: 90.44%, Val Loss: 0.4286, Val Acc: 84.57%
2026-02-22 17:39:36,290 - INFO - Checkpoint saved at epoch 150
2026-02-22 17:39:58,195 - INFO - Epoch [151] Batch [0/17]                     Loss: -0.6816, Hard: 0.2743, Soft: -0.9559                     Acc: 93.75% LR: 0.000073                     Alpha: 0.5744425058364868                     Beta: -1.0061335563659668                     MemKD: 0.313432514667511
2026-02-22 17:40:25,969 - INFO - Epoch [151/200] Train Loss: -0.7211, Train Acc: 91.54%, Val Loss: 0.3872, Val Acc: 86.57%
2026-02-22 17:40:48,320 - INFO - Epoch [152] Batch [0/17]                     Loss: -0.6662, Hard: 0.2197, Soft: -0.8859                     Acc: 93.75% LR: 0.000070                     Alpha: 0.5744425058364868                     Beta: -1.0075197219848633                     MemKD: 0.3131122291088104
2026-02-22 17:41:16,715 - INFO - Epoch [152/200] Train Loss: -0.7348, Train Acc: 92.65%, Val Loss: 0.3872, Val Acc: 85.11%
2026-02-22 17:41:39,025 - INFO - Epoch [153] Batch [0/17]                     Loss: -0.7202, Hard: 0.2109, Soft: -0.9311                     Acc: 93.75% LR: 0.000068                     Alpha: 0.5744425058364868                     Beta: -1.008875846862793                     MemKD: 0.3127968907356262
2026-02-22 17:42:09,071 - INFO - Epoch [153/200] Train Loss: -0.6197, Train Acc: 87.50%, Val Loss: 0.4025, Val Acc: 85.77%
2026-02-22 17:42:32,751 - INFO - Epoch [154] Batch [0/17]                     Loss: -0.4063, Hard: 0.4242, Soft: -0.8306                     Acc: 87.50% LR: 0.000065                     Alpha: 0.5744425058364868                     Beta: -1.010157823562622                     MemKD: 0.3125022053718567
2026-02-22 17:43:01,706 - INFO - Epoch [154/200] Train Loss: -0.6551, Train Acc: 91.54%, Val Loss: 0.3871, Val Acc: 85.90%
2026-02-22 17:43:22,805 - INFO - Epoch [155] Batch [0/17]                     Loss: -0.8518, Hard: 0.1333, Soft: -0.9851                     Acc: 93.75% LR: 0.000062                     Alpha: 0.5744425058364868                     Beta: -1.0113792419433594                     MemKD: 0.3122226297855377
2026-02-22 17:43:52,605 - INFO - Epoch [155/200] Train Loss: -0.7432, Train Acc: 92.28%, Val Loss: 0.3840, Val Acc: 87.23%
2026-02-22 17:44:15,600 - INFO - Epoch [156] Batch [0/17]                     Loss: -0.7951, Hard: 0.1753, Soft: -0.9704                     Acc: 93.75% LR: 0.000060                     Alpha: 0.5744425058364868                     Beta: -1.0125691890716553                     MemKD: 0.3119484782218933
2026-02-22 17:44:44,724 - INFO - Epoch [156/200] Train Loss: -0.6593, Train Acc: 90.07%, Val Loss: 0.3799, Val Acc: 86.97%
2026-02-22 17:45:07,781 - INFO - Epoch [157] Batch [0/17]                     Loss: -0.8587, Hard: 0.1034, Soft: -0.9621                     Acc: 100.00% LR: 0.000057                     Alpha: 0.5744425058364868                     Beta: -1.0136975049972534                     MemKD: 0.31169062852859497
2026-02-22 17:45:37,498 - INFO - Epoch [157/200] Train Loss: -0.6826, Train Acc: 90.44%, Val Loss: 0.4007, Val Acc: 84.97%
2026-02-22 17:46:00,111 - INFO - Epoch [158] Batch [0/17]                     Loss: -0.6077, Hard: 0.3370, Soft: -0.9447                     Acc: 87.50% LR: 0.000055                     Alpha: 0.5744425058364868                     Beta: -1.0147823095321655                     MemKD: 0.31144168972969055
2026-02-22 17:46:27,859 - INFO - Epoch [158/200] Train Loss: -0.5238, Train Acc: 86.03%, Val Loss: 0.3978, Val Acc: 85.77%
2026-02-22 17:46:50,115 - INFO - Epoch [159] Batch [0/17]                     Loss: -0.9601, Hard: 0.0463, Soft: -1.0064                     Acc: 100.00% LR: 0.000052                     Alpha: 0.5744425058364868                     Beta: -1.015784740447998                     MemKD: 0.3112153112888336
2026-02-22 17:47:20,076 - INFO - Epoch [159/200] Train Loss: -0.6450, Train Acc: 90.07%, Val Loss: 0.3786, Val Acc: 86.17%
2026-02-22 17:47:43,327 - INFO - Epoch [160] Batch [0/17]                     Loss: -0.9296, Hard: 0.0953, Soft: -1.0249                     Acc: 100.00% LR: 0.000050                     Alpha: 0.5744425058364868                     Beta: -1.0167498588562012                     MemKD: 0.3109961748123169
2026-02-22 17:48:12,376 - INFO - Epoch [160/200] Train Loss: -0.6258, Train Acc: 89.71%, Val Loss: 0.3998, Val Acc: 85.64%
2026-02-22 17:48:12,424 - INFO - Checkpoint saved at epoch 160
2026-02-22 17:48:35,041 - INFO - Epoch [161] Batch [0/17]                     Loss: -0.4852, Hard: 0.3951, Soft: -0.8803                     Acc: 81.25% LR: 0.000048                     Alpha: 0.5744425058364868                     Beta: -1.0176697969436646                     MemKD: 0.3107870817184448
2026-02-22 17:49:02,943 - INFO - Epoch [161/200] Train Loss: -0.7070, Train Acc: 91.54%, Val Loss: 0.3765, Val Acc: 87.37%
2026-02-22 17:49:25,421 - INFO - Epoch [162] Batch [0/17]                     Loss: -0.9349, Hard: 0.0833, Soft: -1.0181                     Acc: 100.00% LR: 0.000045                     Alpha: 0.5744425058364868                     Beta: -1.0185558795928955                     MemKD: 0.3105854094028473
2026-02-22 17:49:53,938 - INFO - Epoch [162/200] Train Loss: -0.7478, Train Acc: 93.38%, Val Loss: 0.3858, Val Acc: 87.23%
2026-02-22 17:50:17,206 - INFO - Epoch [163] Batch [0/17]                     Loss: -0.5771, Hard: 0.3622, Soft: -0.9393                     Acc: 87.50% LR: 0.000043                     Alpha: 0.5744425058364868                     Beta: -1.0194107294082642                     MemKD: 0.3103903532028198
2026-02-22 17:50:47,101 - INFO - Epoch [163/200] Train Loss: -0.7078, Train Acc: 90.81%, Val Loss: 0.4081, Val Acc: 84.97%
2026-02-22 17:51:09,718 - INFO - Epoch [164] Batch [0/17]                     Loss: -0.7908, Hard: 0.1984, Soft: -0.9893                     Acc: 93.75% LR: 0.000041                     Alpha: 0.5744425058364868                     Beta: -1.020226001739502                     MemKD: 0.310204416513443
2026-02-22 17:51:37,401 - INFO - Epoch [164/200] Train Loss: -0.7406, Train Acc: 91.91%, Val Loss: 0.3705, Val Acc: 87.23%
2026-02-22 17:51:59,205 - INFO - Epoch [165] Batch [0/17]                     Loss: -0.4682, Hard: 0.3892, Soft: -0.8574                     Acc: 81.25% LR: 0.000039                     Alpha: 0.5744425058364868                     Beta: -1.0209914445877075                     MemKD: 0.31003111600875854
2026-02-22 17:52:28,606 - INFO - Epoch [165/200] Train Loss: -0.7714, Train Acc: 92.65%, Val Loss: 0.3674, Val Acc: 87.37%
2026-02-22 17:52:53,278 - INFO - Epoch [166] Batch [0/17]                     Loss: -0.7366, Hard: 0.2377, Soft: -0.9742                     Acc: 87.50% LR: 0.000037                     Alpha: 0.5744425058364868                     Beta: -1.0217212438583374                     MemKD: 0.3098650872707367
2026-02-22 17:53:23,216 - INFO - Epoch [166/200] Train Loss: -0.7076, Train Acc: 90.44%, Val Loss: 0.3904, Val Acc: 86.84%
2026-02-22 17:53:46,890 - INFO - Epoch [167] Batch [0/17]                     Loss: -0.7291, Hard: 0.2562, Soft: -0.9853                     Acc: 87.50% LR: 0.000035                     Alpha: 0.5744425058364868                     Beta: -1.0224077701568604                     MemKD: 0.3097098767757416
2026-02-22 17:54:16,166 - INFO - Epoch [167/200] Train Loss: -0.6543, Train Acc: 89.71%, Val Loss: 0.3854, Val Acc: 87.50%
2026-02-22 17:54:39,790 - INFO - Epoch [168] Batch [0/17]                     Loss: -0.9354, Hard: 0.1055, Soft: -1.0409                     Acc: 93.75% LR: 0.000033                     Alpha: 0.5744425058364868                     Beta: -1.0230474472045898                     MemKD: 0.3095664083957672
2026-02-22 17:55:07,888 - INFO - Epoch [168/200] Train Loss: -0.7182, Train Acc: 92.28%, Val Loss: 0.3709, Val Acc: 86.70%
2026-02-22 17:55:30,908 - INFO - Epoch [169] Batch [0/17]                     Loss: -0.6822, Hard: 0.2837, Soft: -0.9659                     Acc: 93.75% LR: 0.000031                     Alpha: 0.5744425058364868                     Beta: -1.02364981174469                     MemKD: 0.3094310760498047
2026-02-22 17:56:01,070 - INFO - Epoch [169/200] Train Loss: -0.7159, Train Acc: 91.18%, Val Loss: 0.3670, Val Acc: 87.37%
2026-02-22 17:56:23,788 - INFO - Epoch [170] Batch [0/17]                     Loss: -0.6334, Hard: 0.2869, Soft: -0.9203                     Acc: 87.50% LR: 0.000029                     Alpha: 0.5744425058364868                     Beta: -1.0242217779159546                     MemKD: 0.3093024492263794
2026-02-22 17:56:53,473 - INFO - Epoch [170/200] Train Loss: -0.7022, Train Acc: 89.71%, Val Loss: 0.3624, Val Acc: 87.10%
2026-02-22 17:56:53,535 - INFO - Checkpoint saved at epoch 170
2026-02-22 17:57:17,233 - INFO - Epoch [171] Batch [0/17]                     Loss: -0.9908, Hard: 0.0760, Soft: -1.0667                     Acc: 100.00% LR: 0.000027                     Alpha: 0.5744425058364868                     Beta: -1.0247524976730347                     MemKD: 0.3091834485530853
2026-02-22 17:57:45,600 - INFO - Epoch [171/200] Train Loss: -0.7427, Train Acc: 93.75%, Val Loss: 0.3712, Val Acc: 86.84%
2026-02-22 17:58:07,478 - INFO - Epoch [172] Batch [0/17]                     Loss: -0.9314, Hard: 0.0861, Soft: -1.0175                     Acc: 100.00% LR: 0.000025                     Alpha: 0.5744425058364868                     Beta: -1.0252587795257568                     MemKD: 0.30906930565834045
2026-02-22 17:58:36,211 - INFO - Epoch [172/200] Train Loss: -0.6642, Train Acc: 89.71%, Val Loss: 0.3821, Val Acc: 86.97%
2026-02-22 17:58:58,275 - INFO - Epoch [173] Batch [0/17]                     Loss: -0.3345, Hard: 0.5067, Soft: -0.8412                     Acc: 75.00% LR: 0.000024                     Alpha: 0.5744425058364868                     Beta: -1.0257232189178467                     MemKD: 0.3089655041694641
2026-02-22 17:59:27,107 - INFO - Epoch [173/200] Train Loss: -0.5799, Train Acc: 89.34%, Val Loss: 0.3881, Val Acc: 87.77%
2026-02-22 17:59:27,107 - INFO - Best model saved with accuracy: 87.77%
2026-02-22 17:59:49,882 - INFO - Epoch [174] Batch [0/17]                     Loss: -0.7237, Hard: 0.2739, Soft: -0.9976                     Acc: 87.50% LR: 0.000022                     Alpha: 0.5744425058364868                     Beta: -1.0261517763137817                     MemKD: 0.3088703155517578
2026-02-22 18:00:19,652 - INFO - Epoch [174/200] Train Loss: -0.6991, Train Acc: 89.34%, Val Loss: 0.3918, Val Acc: 86.70%
2026-02-22 18:00:40,698 - INFO - Epoch [175] Batch [0/17]                     Loss: -0.8287, Hard: 0.1834, Soft: -1.0121                     Acc: 87.50% LR: 0.000021                     Alpha: 0.5744425058364868                     Beta: -1.0265491008758545                     MemKD: 0.30878227949142456
2026-02-22 18:01:08,032 - INFO - Epoch [175/200] Train Loss: -0.6982, Train Acc: 90.07%, Val Loss: 0.3637, Val Acc: 86.97%
2026-02-22 18:01:30,253 - INFO - Epoch [176] Batch [0/17]                     Loss: -0.6433, Hard: 0.3213, Soft: -0.9647                     Acc: 87.50% LR: 0.000019                     Alpha: 0.5744425058364868                     Beta: -1.0269246101379395                     MemKD: 0.3086985945701599
2026-02-22 18:02:00,192 - INFO - Epoch [176/200] Train Loss: -0.6732, Train Acc: 89.34%, Val Loss: 0.3710, Val Acc: 87.10%
2026-02-22 18:02:23,909 - INFO - Epoch [177] Batch [0/17]                     Loss: -0.5239, Hard: 0.3930, Soft: -0.9169                     Acc: 81.25% LR: 0.000018                     Alpha: 0.5744425058364868                     Beta: -1.0272724628448486                     MemKD: 0.30862104892730713
2026-02-22 18:02:53,088 - INFO - Epoch [177/200] Train Loss: -0.5889, Train Acc: 87.50%, Val Loss: 0.3550, Val Acc: 87.77%
2026-02-22 18:03:16,755 - INFO - Epoch [178] Batch [0/17]                     Loss: -0.7529, Hard: 0.2389, Soft: -0.9919                     Acc: 87.50% LR: 0.000016                     Alpha: 0.5744425058364868                     Beta: -1.0275903940200806                     MemKD: 0.30855032801628113
2026-02-22 18:03:45,901 - INFO - Epoch [178/200] Train Loss: -0.7667, Train Acc: 89.71%, Val Loss: 0.3639, Val Acc: 87.90%
2026-02-22 18:03:45,901 - INFO - Best model saved with accuracy: 87.90%
2026-02-22 18:04:09,031 - INFO - Epoch [179] Batch [0/17]                     Loss: -0.6874, Hard: 0.2450, Soft: -0.9323                     Acc: 93.75% LR: 0.000015                     Alpha: 0.5744425058364868                     Beta: -1.0278884172439575                     MemKD: 0.3084838390350342
2026-02-22 18:04:37,754 - INFO - Epoch [179/200] Train Loss: -0.6488, Train Acc: 90.81%, Val Loss: 0.3590, Val Acc: 88.16%
2026-02-22 18:04:37,754 - INFO - Best model saved with accuracy: 88.16%
2026-02-22 18:05:00,618 - INFO - Epoch [180] Batch [0/17]                     Loss: -0.7146, Hard: 0.2390, Soft: -0.9536                     Acc: 93.75% LR: 0.000013                     Alpha: 0.5744425058364868                     Beta: -1.028156042098999                     MemKD: 0.3084244430065155
2026-02-22 18:05:30,282 - INFO - Epoch [180/200] Train Loss: -0.7346, Train Acc: 92.28%, Val Loss: 0.3723, Val Acc: 87.37%
2026-02-22 18:05:30,334 - INFO - Checkpoint saved at epoch 180
2026-02-22 18:05:54,224 - INFO - Epoch [181] Batch [0/17]                     Loss: -0.5525, Hard: 0.3410, Soft: -0.8935                     Acc: 81.25% LR: 0.000012                     Alpha: 0.5744425058364868                     Beta: -1.02839994430542                     MemKD: 0.3083702325820923
2026-02-22 18:06:22,266 - INFO - Epoch [181/200] Train Loss: -0.7295, Train Acc: 91.54%, Val Loss: 0.3743, Val Acc: 86.70%
2026-02-22 18:06:44,960 - INFO - Epoch [182] Batch [0/17]                     Loss: -0.7599, Hard: 0.2388, Soft: -0.9987                     Acc: 93.75% LR: 0.000011                     Alpha: 0.5744425058364868                     Beta: -1.028623342514038                     MemKD: 0.30832040309906006
2026-02-22 18:07:13,406 - INFO - Epoch [182/200] Train Loss: -0.6791, Train Acc: 90.07%, Val Loss: 0.3766, Val Acc: 87.77%
2026-02-22 18:07:36,514 - INFO - Epoch [183] Batch [0/17]                     Loss: -0.8385, Hard: 0.2017, Soft: -1.0402                     Acc: 93.75% LR: 0.000010                     Alpha: 0.5744425058364868                     Beta: -1.028825044631958                     MemKD: 0.3082755506038666
2026-02-22 18:08:05,236 - INFO - Epoch [183/200] Train Loss: -0.7159, Train Acc: 88.60%, Val Loss: 0.3646, Val Acc: 87.63%
2026-02-22 18:08:28,626 - INFO - Epoch [184] Batch [0/17]                     Loss: -0.3639, Hard: 0.4595, Soft: -0.8234                     Acc: 87.50% LR: 0.000009                     Alpha: 0.5744425058364868                     Beta: -1.0290051698684692                     MemKD: 0.30823561549186707
2026-02-22 18:08:58,219 - INFO - Epoch [184/200] Train Loss: -0.7353, Train Acc: 90.44%, Val Loss: 0.3484, Val Acc: 88.70%
2026-02-22 18:08:58,219 - INFO - Best model saved with accuracy: 88.70%
2026-02-22 18:09:22,435 - INFO - Epoch [185] Batch [0/17]                     Loss: -0.2533, Hard: 0.4939, Soft: -0.7472                     Acc: 75.00% LR: 0.000008                     Alpha: 0.5744425058364868                     Beta: -1.029166579246521                     MemKD: 0.30819982290267944
2026-02-22 18:09:50,072 - INFO - Epoch [185/200] Train Loss: -0.7216, Train Acc: 89.71%, Val Loss: 0.3808, Val Acc: 86.84%
2026-02-22 18:10:12,609 - INFO - Epoch [186] Batch [0/17]                     Loss: -0.3124, Hard: 0.5864, Soft: -0.8989                     Acc: 75.00% LR: 0.000007                     Alpha: 0.5744425058364868                     Beta: -1.0293091535568237                     MemKD: 0.3081682324409485
2026-02-22 18:10:42,213 - INFO - Epoch [186/200] Train Loss: -0.6277, Train Acc: 90.07%, Val Loss: 0.3519, Val Acc: 87.90%
2026-02-22 18:11:05,058 - INFO - Epoch [187] Batch [0/17]                     Loss: -0.8191, Hard: 0.1759, Soft: -0.9950                     Acc: 93.75% LR: 0.000006                     Alpha: 0.5744425058364868                     Beta: -1.0294322967529297                     MemKD: 0.30814117193222046
2026-02-22 18:11:35,468 - INFO - Epoch [187/200] Train Loss: -0.7372, Train Acc: 91.54%, Val Loss: 0.3664, Val Acc: 87.63%
2026-02-22 18:11:58,842 - INFO - Epoch [188] Batch [0/17]                     Loss: -0.5697, Hard: 0.3783, Soft: -0.9480                     Acc: 93.75% LR: 0.000005                     Alpha: 0.5744425058364868                     Beta: -1.029540777206421                     MemKD: 0.3081170618534088
2026-02-22 18:12:26,602 - INFO - Epoch [188/200] Train Loss: -0.7073, Train Acc: 89.71%, Val Loss: 0.3697, Val Acc: 86.57%
2026-02-22 18:12:47,284 - INFO - Epoch [189] Batch [0/17]                     Loss: -0.4971, Hard: 0.3802, Soft: -0.8774                     Acc: 87.50% LR: 0.000004                     Alpha: 0.5744425058364868                     Beta: -1.0296345949172974                     MemKD: 0.30809634923934937
2026-02-22 18:13:16,892 - INFO - Epoch [189/200] Train Loss: -0.7293, Train Acc: 90.81%, Val Loss: 0.3684, Val Acc: 87.77%
2026-02-22 18:13:39,876 - INFO - Epoch [190] Batch [0/17]                     Loss: -0.6740, Hard: 0.2788, Soft: -0.9528                     Acc: 87.50% LR: 0.000004                     Alpha: 0.5744425058364868                     Beta: -1.0297151803970337                     MemKD: 0.3080785870552063
2026-02-22 18:14:09,134 - INFO - Epoch [190/200] Train Loss: -0.6320, Train Acc: 87.13%, Val Loss: 0.3503, Val Acc: 87.90%
2026-02-22 18:14:09,192 - INFO - Checkpoint saved at epoch 190
2026-02-22 18:14:32,721 - INFO - Epoch [191] Batch [0/17]                     Loss: -0.7486, Hard: 0.2362, Soft: -0.9848                     Acc: 93.75% LR: 0.000003                     Alpha: 0.5744425058364868                     Beta: -1.029781460762024                     MemKD: 0.3080641031265259
2026-02-22 18:15:02,766 - INFO - Epoch [191/200] Train Loss: -0.7545, Train Acc: 92.65%, Val Loss: 0.3514, Val Acc: 87.10%
2026-02-22 18:15:26,626 - INFO - Epoch [192] Batch [0/17]                     Loss: -0.8728, Hard: 0.1519, Soft: -1.0247                     Acc: 93.75% LR: 0.000002                     Alpha: 0.5744425058364868                     Beta: -1.0298371315002441                     MemKD: 0.3080517649650574
2026-02-22 18:15:54,797 - INFO - Epoch [192/200] Train Loss: -0.7635, Train Acc: 91.91%, Val Loss: 0.3351, Val Acc: 88.83%
2026-02-22 18:15:54,797 - INFO - Best model saved with accuracy: 88.83%
2026-02-22 18:16:17,833 - INFO - Epoch [193] Batch [0/17]                     Loss: -0.7615, Hard: 0.1806, Soft: -0.9421                     Acc: 93.75% LR: 0.000002                     Alpha: 0.5744425058364868                     Beta: -1.0298819541931152                     MemKD: 0.3080417513847351
2026-02-22 18:16:46,687 - INFO - Epoch [193/200] Train Loss: -0.7613, Train Acc: 91.18%, Val Loss: 0.3667, Val Acc: 86.57%
2026-02-22 18:17:09,329 - INFO - Epoch [194] Batch [0/17]                     Loss: 0.0287, Hard: 0.7466, Soft: -0.7179                     Acc: 75.00% LR: 0.000002                     Alpha: 0.5744425058364868                     Beta: -1.0299183130264282                     MemKD: 0.3080337941646576
2026-02-22 18:17:37,819 - INFO - Epoch [194/200] Train Loss: -0.7030, Train Acc: 90.07%, Val Loss: 0.3541, Val Acc: 87.90%
2026-02-22 18:18:00,577 - INFO - Epoch [195] Batch [0/17]                     Loss: -0.3020, Hard: 0.5495, Soft: -0.8515                     Acc: 81.25% LR: 0.000001                     Alpha: 0.5744425058364868                     Beta: -1.029944658279419                     MemKD: 0.3080279231071472
2026-02-22 18:18:28,728 - INFO - Epoch [195/200] Train Loss: -0.7133, Train Acc: 91.54%, Val Loss: 0.3658, Val Acc: 87.50%
2026-02-22 18:18:51,074 - INFO - Epoch [196] Batch [0/17]                     Loss: -0.9614, Hard: 0.0867, Soft: -1.0481                     Acc: 100.00% LR: 0.000001                     Alpha: 0.5744425058364868                     Beta: -1.0299649238586426                     MemKD: 0.30802351236343384
2026-02-22 18:19:20,931 - INFO - Epoch [196/200] Train Loss: -0.8250, Train Acc: 93.38%, Val Loss: 0.3759, Val Acc: 85.90%
2026-02-22 18:19:43,571 - INFO - Epoch [197] Batch [0/17]                     Loss: -0.8115, Hard: 0.1778, Soft: -0.9893                     Acc: 100.00% LR: 0.000000                     Alpha: 0.5744425058364868                     Beta: -1.0299791097640991                     MemKD: 0.3080204427242279
2026-02-22 18:20:13,370 - INFO - Epoch [197/200] Train Loss: -0.7294, Train Acc: 91.54%, Val Loss: 0.3660, Val Acc: 86.97%
2026-02-22 18:20:36,702 - INFO - Epoch [198] Batch [0/17]                     Loss: -0.5503, Hard: 0.3592, Soft: -0.9096                     Acc: 87.50% LR: 0.000000                     Alpha: 0.5744425058364868                     Beta: -1.0299872159957886                     MemKD: 0.3080184757709503
2026-02-22 18:21:04,330 - INFO - Epoch [198/200] Train Loss: -0.6762, Train Acc: 90.44%, Val Loss: 0.3576, Val Acc: 87.63%
2026-02-22 18:21:25,455 - INFO - Epoch [199] Batch [0/17]                     Loss: -0.7274, Hard: 0.2101, Soft: -0.9374                     Acc: 87.50% LR: 0.000000                     Alpha: 0.5744425058364868                     Beta: -1.0299912691116333                     MemKD: 0.30801743268966675
2026-02-22 18:21:53,418 - INFO - Epoch [199/200] Train Loss: -0.7603, Train Acc: 93.01%, Val Loss: 0.3789, Val Acc: 87.23%
2026-02-22 18:22:16,442 - INFO - Epoch [200] Batch [0/17]                     Loss: -0.6303, Hard: 0.3022, Soft: -0.9326                     Acc: 87.50% LR: 0.000000                     Alpha: 0.5744425058364868                     Beta: -1.0299932956695557                     MemKD: 0.30801695585250854
2026-02-22 18:22:46,104 - INFO - Epoch [200/200] Train Loss: -0.6984, Train Acc: 90.44%, Val Loss: 0.3630, Val Acc: 87.23%
2026-02-22 18:22:46,163 - INFO - Checkpoint saved at epoch 200
2026-02-22 18:22:46,164 - INFO - ==================================================
2026-02-22 18:22:46,164 - INFO - Training finished! Best accuracy: 88.83%
2026-02-22 18:22:46,164 - INFO - ==================================================
