2026-02-07 23:53:03,045 - INFO - ==================================================
2026-02-07 23:53:03,046 - INFO - Distillation Training Configuration
2026-02-07 23:53:03,046 - INFO - ==================================================
2026-02-07 23:53:03,046 - INFO - GPUs: [4, 5, 6, 7]
2026-02-07 23:53:03,046 - INFO - World size: 4
2026-02-07 23:53:03,046 - INFO - Dataset: /media/hdd1/chuxiaohui/AI4Ocean_UATR/ShipsEar_622
2026-02-07 23:53:03,046 - INFO - Data type: wav_s@wav_t
2026-02-07 23:53:03,046 - INFO - Batch size: 16
2026-02-07 23:53:03,046 - INFO - Epochs: 100
2026-02-07 23:53:03,046 - INFO - Learning rate: 0.0005
2026-02-07 23:53:03,046 - INFO - Temperature: 2.0
2026-02-07 23:53:03,046 - INFO - Alpha: 0.3
2026-02-07 23:53:03,046 - INFO - Save dir: checkpoints/grid_shipsear/num_epochs100_weight_decay0.0001_batch_size16_lr0.0005_distill_typeMTSKD_Temp_freezeTrue_USE_DYNAMIC_DISTILL_WEIGHTTrue_p_encoder0.2_p_classifier0.2
2026-02-07 23:53:03,046 - INFO - ==================================================
2026-02-07 23:53:03,078 - INFO - Train dataset size: 2240
2026-02-07 23:53:03,079 - INFO - Validation dataset size: 749
2026-02-07 23:53:04,458 - INFO - Student params: 316,299 (0.32M)
2026-02-07 23:53:04,458 - INFO - Teacher params: 164,415,877 (164.42M)
2026-02-07 23:53:04,458 - INFO - Trainable params: 271,372 (0.27M)
2026-02-07 23:53:05,306 - INFO - Start training...
2026-02-07 23:53:05,306 - INFO - No checkpoint found, start from scratch
2026-02-07 23:53:29,710 - INFO - Epoch [1] Batch [0/35]                     Loss: 1.7016, Hard: 1.7016, Soft: 0.5471                     Acc: 12.50% LR: 0.000500                     Alpha: 0.5744425058364868                     Beta: 0.0                     MemKD: 0.5
2026-02-07 23:53:33,824 - INFO - Epoch [1] Batch [20/35]                     Loss: 1.4510, Hard: 1.4510, Soft: 0.3023                     Acc: 38.39% LR: 0.000500                     Alpha: 0.5744425058364868                     Beta: 0.0                     MemKD: 0.5
2026-02-07 23:54:02,308 - INFO - Epoch [1/100] Train Loss: 1.4055, Train Acc: 41.96%, Val Loss: 1.4649, Val Acc: 43.09%
2026-02-07 23:54:02,308 - INFO - Best model saved with accuracy: 43.09%
2026-02-07 23:54:24,614 - INFO - Epoch [2] Batch [0/35]                     Loss: 1.1797, Hard: 1.1797, Soft: 0.2293                     Acc: 37.50% LR: 0.000500                     Alpha: 0.5744425058364868                     Beta: 0.0                     MemKD: 0.5
2026-02-07 23:54:28,692 - INFO - Epoch [2] Batch [20/35]                     Loss: 1.5288, Hard: 1.5288, Soft: 0.3162                     Acc: 43.75% LR: 0.000500                     Alpha: 0.5744425058364868                     Beta: 0.0                     MemKD: 0.5
2026-02-07 23:54:56,816 - INFO - Epoch [2/100] Train Loss: 1.2783, Train Acc: 45.18%, Val Loss: 1.1662, Val Acc: 50.13%
2026-02-07 23:54:56,816 - INFO - Best model saved with accuracy: 50.13%
2026-02-07 23:55:18,683 - INFO - Epoch [3] Batch [0/35]                     Loss: 1.0414, Hard: 1.0414, Soft: 0.1964                     Acc: 56.25% LR: 0.000500                     Alpha: 0.5744425058364868                     Beta: 0.0                     MemKD: 0.5
2026-02-07 23:55:22,869 - INFO - Epoch [3] Batch [20/35]                     Loss: 1.2512, Hard: 1.2512, Soft: 0.2418                     Acc: 46.13% LR: 0.000500                     Alpha: 0.5744425058364868                     Beta: 0.0                     MemKD: 0.5
2026-02-07 23:55:51,682 - INFO - Epoch [3/100] Train Loss: 1.2044, Train Acc: 48.93%, Val Loss: 1.1203, Val Acc: 52.13%
2026-02-07 23:55:51,682 - INFO - Best model saved with accuracy: 52.13%
2026-02-07 23:56:14,991 - INFO - Epoch [4] Batch [0/35]                     Loss: 0.9517, Hard: 0.9517, Soft: 0.1476                     Acc: 68.75% LR: 0.000499                     Alpha: 0.5744425058364868                     Beta: 0.0                     MemKD: 0.5
2026-02-07 23:56:19,126 - INFO - Epoch [4] Batch [20/35]                     Loss: 1.2965, Hard: 1.2965, Soft: 0.2958                     Acc: 54.46% LR: 0.000499                     Alpha: 0.5744425058364868                     Beta: 0.0                     MemKD: 0.5
2026-02-07 23:56:48,268 - INFO - Epoch [4/100] Train Loss: 1.1457, Train Acc: 53.93%, Val Loss: 1.0182, Val Acc: 61.84%
2026-02-07 23:56:48,268 - INFO - Best model saved with accuracy: 61.84%
2026-02-07 23:57:11,981 - INFO - Epoch [5] Batch [0/35]                     Loss: 1.0788, Hard: 1.0788, Soft: 0.2177                     Acc: 68.75% LR: 0.000498                     Alpha: 0.5744425058364868                     Beta: 0.0                     MemKD: 0.5
2026-02-07 23:57:16,093 - INFO - Epoch [5] Batch [20/35]                     Loss: 1.0938, Hard: 1.0938, Soft: 0.1659                     Acc: 59.23% LR: 0.000498                     Alpha: 0.5744425058364868                     Beta: 0.0                     MemKD: 0.5
2026-02-07 23:57:46,804 - INFO - Epoch [5/100] Train Loss: 1.0631, Train Acc: 59.11%, Val Loss: 0.9860, Val Acc: 59.18%
2026-02-07 23:58:09,585 - INFO - Epoch [6] Batch [0/35]                     Loss: 1.0053, Hard: 1.0053, Soft: 0.1917                     Acc: 62.50% LR: 0.000497                     Alpha: 0.5744425058364868                     Beta: 0.0                     MemKD: 0.5
2026-02-07 23:58:13,823 - INFO - Epoch [6] Batch [20/35]                     Loss: 1.3787, Hard: 1.3787, Soft: 0.2615                     Acc: 58.33% LR: 0.000497                     Alpha: 0.5744425058364868                     Beta: 0.0                     MemKD: 0.5
2026-02-07 23:58:43,310 - INFO - Epoch [6/100] Train Loss: 1.0322, Train Acc: 59.82%, Val Loss: 0.9680, Val Acc: 63.16%
2026-02-07 23:58:43,310 - INFO - Best model saved with accuracy: 63.16%
2026-02-07 23:59:06,683 - INFO - Epoch [7] Batch [0/35]                     Loss: 0.9990, Hard: 0.9990, Soft: 0.1650                     Acc: 56.25% LR: 0.000496                     Alpha: 0.5744425058364868                     Beta: 0.0                     MemKD: 0.5
2026-02-07 23:59:10,915 - INFO - Epoch [7] Batch [20/35]                     Loss: 0.9936, Hard: 0.9936, Soft: 0.1663                     Acc: 60.42% LR: 0.000496                     Alpha: 0.5744425058364868                     Beta: 0.0                     MemKD: 0.5
2026-02-07 23:59:40,383 - INFO - Epoch [7/100] Train Loss: 0.9947, Train Acc: 60.18%, Val Loss: 0.9598, Val Acc: 63.16%
2026-02-08 00:00:03,034 - INFO - Epoch [8] Batch [0/35]                     Loss: 0.5201, Hard: 0.5201, Soft: 0.0925                     Acc: 87.50% LR: 0.000494                     Alpha: 0.5744425058364868                     Beta: 0.0                     MemKD: 0.5
2026-02-08 00:00:07,151 - INFO - Epoch [8] Batch [20/35]                     Loss: 0.7478, Hard: 0.7478, Soft: 0.1521                     Acc: 62.20% LR: 0.000494                     Alpha: 0.5744425058364868                     Beta: 0.0                     MemKD: 0.5
2026-02-08 00:00:36,872 - INFO - Epoch [8/100] Train Loss: 1.0132, Train Acc: 60.00%, Val Loss: 0.8916, Val Acc: 65.16%
2026-02-08 00:00:36,873 - INFO - Best model saved with accuracy: 65.16%
2026-02-08 00:00:59,776 - INFO - Epoch [9] Batch [0/35]                     Loss: 0.7113, Hard: 0.7113, Soft: 0.1251                     Acc: 75.00% LR: 0.000492                     Alpha: 0.5744425058364868                     Beta: 0.0                     MemKD: 0.5
2026-02-08 00:01:03,819 - INFO - Epoch [9] Batch [20/35]                     Loss: 1.4871, Hard: 1.4871, Soft: 0.2679                     Acc: 61.01% LR: 0.000492                     Alpha: 0.5744425058364868                     Beta: 0.0                     MemKD: 0.5
2026-02-08 00:01:32,942 - INFO - Epoch [9/100] Train Loss: 0.9405, Train Acc: 62.86%, Val Loss: 0.9869, Val Acc: 57.05%
2026-02-08 00:01:54,161 - INFO - Epoch [10] Batch [0/35]                     Loss: 0.9192, Hard: 0.9192, Soft: 0.2018                     Acc: 68.75% LR: 0.000490                     Alpha: 0.5744425058364868                     Beta: 0.0                     MemKD: 0.5
2026-02-08 00:01:58,236 - INFO - Epoch [10] Batch [20/35]                     Loss: 0.9495, Hard: 0.9495, Soft: 0.1554                     Acc: 63.69% LR: 0.000490                     Alpha: 0.5744425058364868                     Beta: 0.0                     MemKD: 0.5
2026-02-08 00:02:27,556 - INFO - Epoch [10/100] Train Loss: 0.8723, Train Acc: 64.82%, Val Loss: 0.8803, Val Acc: 65.82%
2026-02-08 00:02:27,556 - INFO - Best model saved with accuracy: 65.82%
2026-02-08 00:02:27,620 - INFO - Checkpoint saved at epoch 10
2026-02-08 00:02:49,857 - INFO - Epoch [11] Batch [0/35]                     Loss: 0.5211, Hard: 0.5211, Soft: 0.0997                     Acc: 87.50% LR: 0.000488                     Alpha: 0.5744425058364868                     Beta: 0.0                     MemKD: 0.5
2026-02-08 00:02:54,019 - INFO - Epoch [11] Batch [20/35]                     Loss: 1.0526, Hard: 1.0526, Soft: 0.1828                     Acc: 63.39% LR: 0.000488                     Alpha: 0.5744425058364868                     Beta: 0.0                     MemKD: 0.5
2026-02-08 00:03:22,772 - INFO - Epoch [11/100] Train Loss: 0.9402, Train Acc: 62.32%, Val Loss: 0.7530, Val Acc: 69.41%
2026-02-08 00:03:22,772 - INFO - Best model saved with accuracy: 69.41%
2026-02-08 00:03:45,727 - INFO - Epoch [12] Batch [0/35]                     Loss: 0.6602, Hard: 0.6602, Soft: 0.1160                     Acc: 68.75% LR: 0.000485                     Alpha: 0.5744425058364868                     Beta: 0.0                     MemKD: 0.5
2026-02-08 00:03:49,833 - INFO - Epoch [12] Batch [20/35]                     Loss: 1.1012, Hard: 1.1012, Soft: 0.2189                     Acc: 69.05% LR: 0.000485                     Alpha: 0.5744425058364868                     Beta: 0.0                     MemKD: 0.5
2026-02-08 00:04:18,285 - INFO - Epoch [12/100] Train Loss: 0.8118, Train Acc: 70.18%, Val Loss: 0.8695, Val Acc: 67.42%
2026-02-08 00:04:40,968 - INFO - Epoch [13] Batch [0/35]                     Loss: 1.1735, Hard: 1.1735, Soft: 0.1681                     Acc: 43.75% LR: 0.000482                     Alpha: 0.5744425058364868                     Beta: 0.0                     MemKD: 0.5
2026-02-08 00:04:45,143 - INFO - Epoch [13] Batch [20/35]                     Loss: 1.1163, Hard: 1.1163, Soft: 0.2134                     Acc: 61.31% LR: 0.000482                     Alpha: 0.5744425058364868                     Beta: 0.0                     MemKD: 0.5
2026-02-08 00:05:14,546 - INFO - Epoch [13/100] Train Loss: 0.8945, Train Acc: 64.64%, Val Loss: 0.7291, Val Acc: 71.14%
2026-02-08 00:05:14,546 - INFO - Best model saved with accuracy: 71.14%
2026-02-08 00:05:38,045 - INFO - Epoch [14] Batch [0/35]                     Loss: 0.4730, Hard: 0.4730, Soft: 0.0739                     Acc: 87.50% LR: 0.000479                     Alpha: 0.5744425058364868                     Beta: 0.0                     MemKD: 0.5
2026-02-08 00:05:42,175 - INFO - Epoch [14] Batch [20/35]                     Loss: 0.7061, Hard: 0.7061, Soft: 0.1688                     Acc: 70.24% LR: 0.000479                     Alpha: 0.5744425058364868                     Beta: 0.0                     MemKD: 0.5
2026-02-08 00:06:11,761 - INFO - Epoch [14/100] Train Loss: 0.8204, Train Acc: 69.11%, Val Loss: 0.8524, Val Acc: 63.83%
2026-02-08 00:06:34,682 - INFO - Epoch [15] Batch [0/35]                     Loss: 0.7835, Hard: 0.7835, Soft: 0.1646                     Acc: 68.75% LR: 0.000476                     Alpha: 0.5744425058364868                     Beta: 0.0                     MemKD: 0.5
2026-02-08 00:06:38,754 - INFO - Epoch [15] Batch [20/35]                     Loss: 0.6716, Hard: 0.6716, Soft: 0.1404                     Acc: 67.26% LR: 0.000476                     Alpha: 0.5744425058364868                     Beta: 0.0                     MemKD: 0.5
2026-02-08 00:07:08,381 - INFO - Epoch [15/100] Train Loss: 0.8010, Train Acc: 68.75%, Val Loss: 0.7569, Val Acc: 70.74%
2026-02-08 00:07:31,389 - INFO - Epoch [16] Batch [0/35]                     Loss: 0.8128, Hard: 0.8128, Soft: 0.1743                     Acc: 62.50% LR: 0.000473                     Alpha: 0.5744425058364868                     Beta: 0.0                     MemKD: 0.5
2026-02-08 00:07:35,499 - INFO - Epoch [16] Batch [20/35]                     Loss: 0.7208, Hard: 0.7208, Soft: 0.1309                     Acc: 68.75% LR: 0.000473                     Alpha: 0.5744425058364868                     Beta: 0.0                     MemKD: 0.5
2026-02-08 00:08:05,558 - INFO - Epoch [16/100] Train Loss: 0.7797, Train Acc: 70.18%, Val Loss: 0.7231, Val Acc: 72.21%
2026-02-08 00:08:05,559 - INFO - Best model saved with accuracy: 72.21%
2026-02-08 00:08:27,447 - INFO - Epoch [17] Batch [0/35]                     Loss: 0.9178, Hard: 0.9178, Soft: 0.2329                     Acc: 68.75% LR: 0.000469                     Alpha: 0.5744425058364868                     Beta: 0.0                     MemKD: 0.5
2026-02-08 00:08:31,558 - INFO - Epoch [17] Batch [20/35]                     Loss: 0.7177, Hard: 0.7177, Soft: 0.1422                     Acc: 70.54% LR: 0.000469                     Alpha: 0.5744425058364868                     Beta: 0.0                     MemKD: 0.5
2026-02-08 00:09:01,095 - INFO - Epoch [17/100] Train Loss: 0.8189, Train Acc: 66.79%, Val Loss: 0.7303, Val Acc: 72.87%
2026-02-08 00:09:01,096 - INFO - Best model saved with accuracy: 72.87%
2026-02-08 00:09:24,977 - INFO - Epoch [18] Batch [0/35]                     Loss: 1.2253, Hard: 1.2253, Soft: 0.2513                     Acc: 56.25% LR: 0.000465                     Alpha: 0.5744425058364868                     Beta: 0.0                     MemKD: 0.5
2026-02-08 00:09:29,061 - INFO - Epoch [18] Batch [20/35]                     Loss: 0.8237, Hard: 0.8237, Soft: 0.1717                     Acc: 68.45% LR: 0.000465                     Alpha: 0.5744425058364868                     Beta: 0.0                     MemKD: 0.5
2026-02-08 00:09:59,204 - INFO - Epoch [18/100] Train Loss: 0.7658, Train Acc: 69.64%, Val Loss: 0.7980, Val Acc: 68.75%
2026-02-08 00:10:21,754 - INFO - Epoch [19] Batch [0/35]                     Loss: 0.6042, Hard: 0.6042, Soft: 0.1597                     Acc: 75.00% LR: 0.000461                     Alpha: 0.5744425058364868                     Beta: 0.0                     MemKD: 0.5
2026-02-08 00:10:25,825 - INFO - Epoch [19] Batch [20/35]                     Loss: 0.6418, Hard: 0.6418, Soft: 0.1778                     Acc: 75.00% LR: 0.000461                     Alpha: 0.5744425058364868                     Beta: 0.0                     MemKD: 0.5
2026-02-08 00:10:54,808 - INFO - Epoch [19/100] Train Loss: 0.7440, Train Acc: 72.32%, Val Loss: 0.7297, Val Acc: 72.47%
2026-02-08 00:11:16,657 - INFO - Epoch [20] Batch [0/35]                     Loss: 0.7151, Hard: 0.7151, Soft: 0.1247                     Acc: 75.00% LR: 0.000457                     Alpha: 0.5744425058364868                     Beta: 0.0                     MemKD: 0.5
2026-02-08 00:11:20,796 - INFO - Epoch [20] Batch [20/35]                     Loss: 0.9385, Hard: 0.9385, Soft: 0.1639                     Acc: 71.13% LR: 0.000457                     Alpha: 0.5744425058364868                     Beta: 0.0                     MemKD: 0.5
2026-02-08 00:11:49,058 - INFO - Epoch [20/100] Train Loss: 0.7540, Train Acc: 70.36%, Val Loss: 0.6929, Val Acc: 74.47%
2026-02-08 00:11:49,059 - INFO - Best model saved with accuracy: 74.47%
2026-02-08 00:11:49,102 - INFO - Checkpoint saved at epoch 20
2026-02-08 00:12:11,493 - INFO - Epoch [21] Batch [0/35]                     Loss: 0.6946, Hard: 0.6908, Soft: 0.1489                     Acc: 75.00% LR: 0.000452                     Alpha: 0.5744425058364868                     Beta: 0.0                     MemKD: 0.5
2026-02-08 00:12:15,591 - INFO - Epoch [21] Batch [20/35]                     Loss: 0.4360, Hard: 0.4336, Soft: 0.0963                     Acc: 76.19% LR: 0.000452                     Alpha: 0.5744425058364868                     Beta: -0.03817010298371315                     MemKD: 0.5076540112495422
2026-02-08 00:12:44,945 - INFO - Epoch [21/100] Train Loss: 0.6949, Train Acc: 75.18%, Val Loss: 0.6685, Val Acc: 74.60%
2026-02-08 00:12:44,946 - INFO - Best model saved with accuracy: 74.60%
2026-02-08 00:13:07,952 - INFO - Epoch [22] Batch [0/35]                     Loss: 1.1268, Hard: 1.1172, Soft: 0.1927                     Acc: 56.25% LR: 0.000448                     Alpha: 0.5744425058364868                     Beta: -0.06465324014425278                     MemKD: 0.5130206942558289
2026-02-08 00:13:12,065 - INFO - Epoch [22] Batch [20/35]                     Loss: 0.8159, Hard: 0.8111, Soft: 0.0957                     Acc: 74.40% LR: 0.000448                     Alpha: 0.5744425058364868                     Beta: -0.10144966095685959                     MemKD: 0.5198196768760681
2026-02-08 00:13:39,491 - INFO - Epoch [22/100] Train Loss: 0.7277, Train Acc: 72.86%, Val Loss: 0.6553, Val Acc: 74.07%
2026-02-08 00:14:02,023 - INFO - Epoch [23] Batch [0/35]                     Loss: 0.5750, Hard: 0.5691, Soft: 0.0783                     Acc: 81.25% LR: 0.000443                     Alpha: 0.5744425058364868                     Beta: -0.1260800063610077                     MemKD: 0.5236652493476868
2026-02-08 00:14:06,088 - INFO - Epoch [23] Batch [20/35]                     Loss: 0.7013, Hard: 0.6925, Soft: 0.1170                     Acc: 74.70% LR: 0.000443                     Alpha: 0.5744425058364868                     Beta: -0.15795385837554932                     MemKD: 0.5276135802268982
2026-02-08 00:14:35,838 - INFO - Epoch [23/100] Train Loss: 0.6834, Train Acc: 74.64%, Val Loss: 0.6575, Val Acc: 75.53%
2026-02-08 00:14:35,838 - INFO - Best model saved with accuracy: 75.53%
2026-02-08 00:14:58,874 - INFO - Epoch [24] Batch [0/35]                     Loss: 0.6013, Hard: 0.5939, Soft: 0.0741                     Acc: 81.25% LR: 0.000438                     Alpha: 0.5744425058364868                     Beta: -0.1792348474264145                     MemKD: 0.5290122032165527
2026-02-08 00:15:03,020 - INFO - Epoch [24] Batch [20/35]                     Loss: 0.2588, Hard: 0.2579, Soft: 0.0085                     Acc: 76.79% LR: 0.000438                     Alpha: 0.5744425058364868                     Beta: -0.20825019478797913                     MemKD: 0.529801070690155
2026-02-08 00:15:30,959 - INFO - Epoch [24/100] Train Loss: 0.6931, Train Acc: 74.64%, Val Loss: 0.6159, Val Acc: 77.26%
2026-02-08 00:15:30,959 - INFO - Best model saved with accuracy: 77.26%
2026-02-08 00:15:51,815 - INFO - Epoch [25] Batch [0/35]                     Loss: 0.9217, Hard: 0.9109, Soft: 0.0862                     Acc: 56.25% LR: 0.000432                     Alpha: 0.5744425058364868                     Beta: -0.2288663536310196                     MemKD: 0.5298899412155151
2026-02-08 00:15:55,765 - INFO - Epoch [25] Batch [20/35]                     Loss: 0.2967, Hard: 0.3009, Soft: -0.0334                     Acc: 75.00% LR: 0.000432                     Alpha: 0.5744425058364868                     Beta: -0.257217675447464                     MemKD: 0.5261507034301758
2026-02-08 00:16:23,347 - INFO - Epoch [25/100] Train Loss: 0.6613, Train Acc: 74.46%, Val Loss: 0.6893, Val Acc: 75.66%
2026-02-08 00:16:45,273 - INFO - Epoch [26] Batch [0/35]                     Loss: 0.3702, Hard: 0.3713, Soft: -0.0074                     Acc: 93.75% LR: 0.000427                     Alpha: 0.5744425058364868                     Beta: -0.27725011110305786                     MemKD: 0.5229020714759827
2026-02-08 00:16:49,324 - INFO - Epoch [26] Batch [20/35]                     Loss: 0.8048, Hard: 0.7964, Soft: 0.0563                     Acc: 79.46% LR: 0.000427                     Alpha: 0.5744425058364868                     Beta: -0.30263134837150574                     MemKD: 0.5183195471763611
2026-02-08 00:17:17,733 - INFO - Epoch [26/100] Train Loss: 0.6322, Train Acc: 77.14%, Val Loss: 0.6255, Val Acc: 76.33%
2026-02-08 00:17:40,642 - INFO - Epoch [27] Batch [0/35]                     Loss: 0.4639, Hard: 0.4667, Soft: -0.0163                     Acc: 87.50% LR: 0.000421                     Alpha: 0.5744425058364868                     Beta: -0.3206261694431305                     MemKD: 0.5149098634719849
2026-02-08 00:17:44,710 - INFO - Epoch [27] Batch [20/35]                     Loss: 0.5929, Hard: 0.5970, Soft: -0.0237                     Acc: 76.19% LR: 0.000421                     Alpha: 0.5744425058364868                     Beta: -0.34531915187835693                     MemKD: 0.5090632438659668
2026-02-08 00:18:14,323 - INFO - Epoch [27/100] Train Loss: 0.6901, Train Acc: 74.46%, Val Loss: 0.6828, Val Acc: 70.48%
2026-02-08 00:18:36,429 - INFO - Epoch [28] Batch [0/35]                     Loss: 0.9073, Hard: 0.8901, Soft: 0.0862                     Acc: 62.50% LR: 0.000415                     Alpha: 0.5744425058364868                     Beta: -0.3628044128417969                     MemKD: 0.505017876625061
2026-02-08 00:18:40,514 - INFO - Epoch [28] Batch [20/35]                     Loss: 0.4660, Hard: 0.4690, Soft: -0.0154                     Acc: 77.98% LR: 0.000415                     Alpha: 0.5744425058364868                     Beta: -0.38527727127075195                     MemKD: 0.5000580549240112
2026-02-08 00:19:10,690 - INFO - Epoch [28/100] Train Loss: 0.6009, Train Acc: 76.61%, Val Loss: 0.6543, Val Acc: 76.06%
2026-02-08 00:19:34,342 - INFO - Epoch [29] Batch [0/35]                     Loss: 0.5305, Hard: 0.5389, Soft: -0.0371                     Acc: 75.00% LR: 0.000409                     Alpha: 0.5744425058364868                     Beta: -0.4027588665485382                     MemKD: 0.4950757920742035
2026-02-08 00:19:38,381 - INFO - Epoch [29] Batch [20/35]                     Loss: 0.6446, Hard: 0.6442, Soft: 0.0018                     Acc: 75.89% LR: 0.000409                     Alpha: 0.5744425058364868                     Beta: -0.4258527457714081                     MemKD: 0.48871755599975586
2026-02-08 00:20:07,691 - INFO - Epoch [29/100] Train Loss: 0.5779, Train Acc: 76.79%, Val Loss: 0.5906, Val Acc: 77.66%
2026-02-08 00:20:07,692 - INFO - Best model saved with accuracy: 77.66%
2026-02-08 00:20:30,024 - INFO - Epoch [30] Batch [0/35]                     Loss: 0.8294, Hard: 0.8301, Soft: -0.0031                     Acc: 68.75% LR: 0.000403                     Alpha: 0.5744425058364868                     Beta: -0.44325417280197144                     MemKD: 0.4838081896305084
2026-02-08 00:20:34,204 - INFO - Epoch [30] Batch [20/35]                     Loss: 0.7781, Hard: 0.7848, Soft: -0.0264                     Acc: 78.57% LR: 0.000403                     Alpha: 0.5744425058364868                     Beta: -0.46641018986701965                     MemKD: 0.47712329030036926
2026-02-08 00:21:03,359 - INFO - Epoch [30/100] Train Loss: 0.5942, Train Acc: 77.14%, Val Loss: 0.5896, Val Acc: 78.32%
2026-02-08 00:21:03,360 - INFO - Best model saved with accuracy: 78.32%
2026-02-08 00:21:03,403 - INFO - Checkpoint saved at epoch 30
2026-02-08 00:21:25,154 - INFO - Epoch [31] Batch [0/35]                     Loss: 0.7247, Hard: 0.7366, Soft: -0.0433                     Acc: 75.00% LR: 0.000397                     Alpha: 0.5744425058364868                     Beta: -0.483458012342453                     MemKD: 0.4723075032234192
2026-02-08 00:21:29,229 - INFO - Epoch [31] Batch [20/35]                     Loss: 0.4096, Hard: 0.4473, Soft: -0.1373                     Acc: 75.00% LR: 0.000397                     Alpha: 0.5744425058364868                     Beta: -0.5050724148750305                     MemKD: 0.4663972556591034
2026-02-08 00:21:59,230 - INFO - Epoch [31/100] Train Loss: 0.5689, Train Acc: 76.07%, Val Loss: 0.5380, Val Acc: 81.78%
2026-02-08 00:21:59,230 - INFO - Best model saved with accuracy: 81.78%
2026-02-08 00:22:22,167 - INFO - Epoch [32] Batch [0/35]                     Loss: 0.5046, Hard: 0.5492, Soft: -0.1487                     Acc: 81.25% LR: 0.000391                     Alpha: 0.5744425058364868                     Beta: -0.5211839079856873                     MemKD: 0.461777001619339
2026-02-08 00:22:26,230 - INFO - Epoch [32] Batch [20/35]                     Loss: 0.5286, Hard: 0.5631, Soft: -0.1150                     Acc: 79.46% LR: 0.000391                     Alpha: 0.5744425058364868                     Beta: -0.5425448417663574                     MemKD: 0.45558038353919983
2026-02-08 00:22:56,003 - INFO - Epoch [32/100] Train Loss: 0.5100, Train Acc: 80.18%, Val Loss: 0.6145, Val Acc: 76.86%
2026-02-08 00:23:19,219 - INFO - Epoch [33] Batch [0/35]                     Loss: 0.3409, Hard: 0.4052, Soft: -0.1981                     Acc: 87.50% LR: 0.000384                     Alpha: 0.5744425058364868                     Beta: -0.5580856800079346                     MemKD: 0.451109915971756
2026-02-08 00:23:23,291 - INFO - Epoch [33] Batch [20/35]                     Loss: 0.6183, Hard: 0.6782, Soft: -0.1842                     Acc: 79.76% LR: 0.000384                     Alpha: 0.5744425058364868                     Beta: -0.5793102383613586                     MemKD: 0.4449579119682312
2026-02-08 00:23:52,230 - INFO - Epoch [33/100] Train Loss: 0.5278, Train Acc: 78.04%, Val Loss: 0.6944, Val Acc: 74.47%
2026-02-08 00:24:14,575 - INFO - Epoch [34] Batch [0/35]                     Loss: 0.5821, Hard: 0.6788, Soft: -0.2761                     Acc: 81.25% LR: 0.000377                     Alpha: 0.5744425058364868                     Beta: -0.5942193269729614                     MemKD: 0.440978080034256
2026-02-08 00:24:18,728 - INFO - Epoch [34] Batch [20/35]                     Loss: 0.5366, Hard: 0.6161, Soft: -0.2271                     Acc: 80.36% LR: 0.000377                     Alpha: 0.5744425058364868                     Beta: -0.6144302487373352                     MemKD: 0.4353684186935425
2026-02-08 00:24:47,936 - INFO - Epoch [34/100] Train Loss: 0.5211, Train Acc: 77.68%, Val Loss: 0.6127, Val Acc: 75.80%
2026-02-08 00:25:11,424 - INFO - Epoch [35] Batch [0/35]                     Loss: 0.9427, Hard: 0.9664, Soft: -0.0631                     Acc: 62.50% LR: 0.000370                     Alpha: 0.5744425058364868                     Beta: -0.6284461617469788                     MemKD: 0.431715190410614
2026-02-08 00:25:15,528 - INFO - Epoch [35] Batch [20/35]                     Loss: 0.2447, Hard: 0.3679, Soft: -0.3287                     Acc: 77.68% LR: 0.000370                     Alpha: 0.5744425058364868                     Beta: -0.647084653377533                     MemKD: 0.42674845457077026
2026-02-08 00:25:44,465 - INFO - Epoch [35/100] Train Loss: 0.4349, Train Acc: 79.11%, Val Loss: 0.7035, Val Acc: 73.01%
2026-02-08 00:26:07,567 - INFO - Epoch [36] Batch [0/35]                     Loss: 0.3599, Hard: 0.4986, Soft: -0.3469                     Acc: 81.25% LR: 0.000363                     Alpha: 0.5744425058364868                     Beta: -0.6612901091575623                     MemKD: 0.422819048166275
2026-02-08 00:26:11,686 - INFO - Epoch [36] Batch [20/35]                     Loss: 0.7183, Hard: 0.8265, Soft: -0.2704                     Acc: 77.08% LR: 0.000363                     Alpha: 0.5744425058364868                     Beta: -0.6798477172851562                     MemKD: 0.41774412989616394
2026-02-08 00:26:41,005 - INFO - Epoch [36/100] Train Loss: 0.4124, Train Acc: 78.93%, Val Loss: 0.5141, Val Acc: 80.98%
2026-02-08 00:27:03,216 - INFO - Epoch [37] Batch [0/35]                     Loss: 0.1680, Hard: 0.3848, Soft: -0.5101                     Acc: 87.50% LR: 0.000356                     Alpha: 0.5744425058364868                     Beta: -0.6930540204048157                     MemKD: 0.41423171758651733
2026-02-08 00:27:07,288 - INFO - Epoch [37] Batch [20/35]                     Loss: 0.4458, Hard: 0.6108, Soft: -0.3884                     Acc: 81.55% LR: 0.000356                     Alpha: 0.5744425058364868                     Beta: -0.7106478810310364                     MemKD: 0.4094769060611725
2026-02-08 00:27:35,237 - INFO - Epoch [37/100] Train Loss: 0.3298, Train Acc: 82.32%, Val Loss: 0.5183, Val Acc: 81.52%
2026-02-08 00:27:57,237 - INFO - Epoch [38] Batch [0/35]                     Loss: 0.0333, Hard: 0.2466, Soft: -0.4740                     Acc: 93.75% LR: 0.000349                     Alpha: 0.5744425058364868                     Beta: -0.7233958840370178                     MemKD: 0.4060075581073761
2026-02-08 00:28:01,327 - INFO - Epoch [38] Batch [20/35]                     Loss: 0.5220, Hard: 0.6547, Soft: -0.2949                     Acc: 83.33% LR: 0.000349                     Alpha: 0.5744425058364868                     Beta: -0.7397956252098083                     MemKD: 0.4016351103782654
2026-02-08 00:28:29,680 - INFO - Epoch [38/100] Train Loss: 0.3004, Train Acc: 82.14%, Val Loss: 0.7287, Val Acc: 72.21%
2026-02-08 00:28:52,184 - INFO - Epoch [39] Batch [0/35]                     Loss: 0.2369, Hard: 0.4376, Soft: -0.4224                     Acc: 87.50% LR: 0.000342                     Alpha: 0.5744425058364868                     Beta: -0.7513630390167236                     MemKD: 0.3986535966396332
2026-02-08 00:28:56,304 - INFO - Epoch [39] Batch [20/35]                     Loss: 0.1419, Hard: 0.3770, Soft: -0.4948                     Acc: 83.63% LR: 0.000342                     Alpha: 0.5744425058364868                     Beta: -0.7668032050132751                     MemKD: 0.3946235477924347
2026-02-08 00:29:25,301 - INFO - Epoch [39/100] Train Loss: 0.2611, Train Acc: 83.04%, Val Loss: 0.5116, Val Acc: 81.78%
2026-02-08 00:29:47,067 - INFO - Epoch [40] Batch [0/35]                     Loss: 0.1420, Hard: 0.4049, Soft: -0.5257                     Acc: 75.00% LR: 0.000335                     Alpha: 0.5744425058364868                     Beta: -0.7782126069068909                     MemKD: 0.3916575014591217
2026-02-08 00:29:51,096 - INFO - Epoch [40] Batch [20/35]                     Loss: 0.1193, Hard: 0.4032, Soft: -0.5677                     Acc: 78.57% LR: 0.000335                     Alpha: 0.5744425058364868                     Beta: -0.7928100228309631                     MemKD: 0.3879282474517822
2026-02-08 00:30:19,747 - INFO - Epoch [40/100] Train Loss: 0.3147, Train Acc: 77.68%, Val Loss: 0.5514, Val Acc: 78.72%
2026-02-08 00:30:19,806 - INFO - Checkpoint saved at epoch 40
2026-02-08 00:30:39,964 - INFO - Epoch [41] Batch [0/35]                     Loss: 0.1870, Hard: 0.4589, Soft: -0.5180                     Acc: 81.25% LR: 0.000327                     Alpha: 0.5744425058364868                     Beta: -0.8035275936126709                     MemKD: 0.38520967960357666
2026-02-08 00:30:43,844 - INFO - Epoch [41] Batch [20/35]                     Loss: 0.4043, Hard: 0.6348, Soft: -0.4392                     Acc: 79.17% LR: 0.000327                     Alpha: 0.5744425058364868                     Beta: -0.8174012899398804                     MemKD: 0.3816952407360077
2026-02-08 00:31:11,188 - INFO - Epoch [41/100] Train Loss: 0.2315, Train Acc: 80.71%, Val Loss: 0.4876, Val Acc: 82.71%
2026-02-08 00:31:11,189 - INFO - Best model saved with accuracy: 82.71%
2026-02-08 00:31:32,953 - INFO - Epoch [42] Batch [0/35]                     Loss: 0.1255, Hard: 0.4287, Soft: -0.5512                     Acc: 81.25% LR: 0.000320                     Alpha: 0.5744425058364868                     Beta: -0.8278551697731018                     MemKD: 0.37902259826660156
2026-02-08 00:31:36,897 - INFO - Epoch [42] Batch [20/35]                     Loss: 0.6597, Hard: 0.8591, Soft: -0.3625                     Acc: 83.63% LR: 0.000320                     Alpha: 0.5744425058364868                     Beta: -0.8415398001670837                     MemKD: 0.375526487827301
2026-02-08 00:32:05,701 - INFO - Epoch [42/100] Train Loss: 0.1529, Train Acc: 83.39%, Val Loss: 0.5562, Val Acc: 80.19%
2026-02-08 00:32:28,065 - INFO - Epoch [43] Batch [0/35]                     Loss: 0.2256, Hard: 0.5854, Soft: -0.6257                     Acc: 75.00% LR: 0.000312                     Alpha: 0.5744425058364868                     Beta: -0.8516053557395935                     MemKD: 0.37296804785728455
2026-02-08 00:32:32,038 - INFO - Epoch [43] Batch [20/35]                     Loss: 0.1994, Hard: 0.5276, Soft: -0.5708                     Acc: 83.04% LR: 0.000312                     Alpha: 0.5744425058364868                     Beta: -0.8646863102912903                     MemKD: 0.3696632981300354
2026-02-08 00:32:58,915 - INFO - Epoch [43/100] Train Loss: 0.0829, Train Acc: 84.11%, Val Loss: 0.8052, Val Acc: 70.88%
2026-02-08 00:33:21,312 - INFO - Epoch [44] Batch [0/35]                     Loss: -0.1770, Hard: 0.2473, Soft: -0.7072                     Acc: 100.00% LR: 0.000305                     Alpha: 0.5744425058364868                     Beta: -0.8743561506271362                     MemKD: 0.36722680926322937
2026-02-08 00:33:25,462 - INFO - Epoch [44] Batch [20/35]                     Loss: -0.0970, Hard: 0.3181, Soft: -0.6919                     Acc: 84.23% LR: 0.000305                     Alpha: 0.5744425058364868                     Beta: -0.8869091868400574                     MemKD: 0.364059180021286
2026-02-08 00:33:53,276 - INFO - Epoch [44/100] Train Loss: 0.0740, Train Acc: 82.68%, Val Loss: 0.4893, Val Acc: 82.05%
2026-02-08 00:34:14,724 - INFO - Epoch [45] Batch [0/35]                     Loss: 0.0399, Hard: 0.4426, Soft: -0.6444                     Acc: 87.50% LR: 0.000297                     Alpha: 0.5744425058364868                     Beta: -0.8959651589393616                     MemKD: 0.3618362247943878
2026-02-08 00:34:18,633 - INFO - Epoch [45] Batch [20/35]                     Loss: 0.4749, Hard: 0.8073, Soft: -0.5319                     Acc: 84.23% LR: 0.000297                     Alpha: 0.5744425058364868                     Beta: -0.9080026149749756                     MemKD: 0.3588404953479767
2026-02-08 00:34:44,012 - INFO - Epoch [45/100] Train Loss: 0.0282, Train Acc: 83.57%, Val Loss: 0.6271, Val Acc: 75.93%
2026-02-08 00:35:03,997 - INFO - Epoch [46] Batch [0/35]                     Loss: 0.3590, Hard: 0.7578, Soft: -0.6135                     Acc: 68.75% LR: 0.000289                     Alpha: 0.5744425058364868                     Beta: -0.9167102575302124                     MemKD: 0.35671311616897583
2026-02-08 00:35:07,886 - INFO - Epoch [46] Batch [20/35]                     Loss: -0.2773, Hard: 0.2527, Soft: -0.8154                     Acc: 83.93% LR: 0.000289                     Alpha: 0.5744425058364868                     Beta: -0.9279636144638062                     MemKD: 0.3539871871471405
2026-02-08 00:35:34,711 - INFO - Epoch [46/100] Train Loss: 0.0394, Train Acc: 83.21%, Val Loss: 0.5333, Val Acc: 79.52%
2026-02-08 00:35:56,368 - INFO - Epoch [47] Batch [0/35]                     Loss: -0.2125, Hard: 0.3016, Soft: -0.7617                     Acc: 93.75% LR: 0.000281                     Alpha: 0.5744425058364868                     Beta: -0.9365858435630798                     MemKD: 0.35186445713043213
2026-02-08 00:36:00,628 - INFO - Epoch [47] Batch [20/35]                     Loss: 0.5496, Hard: 0.9122, Soft: -0.5372                     Acc: 82.14% LR: 0.000281                     Alpha: 0.5744425058364868                     Beta: -0.947364866733551                     MemKD: 0.34926384687423706
2026-02-08 00:36:30,771 - INFO - Epoch [47/100] Train Loss: -0.0342, Train Acc: 82.86%, Val Loss: 0.4887, Val Acc: 80.72%
2026-02-08 00:36:53,953 - INFO - Epoch [48] Batch [0/35]                     Loss: 0.3225, Hard: 0.6900, Soft: -0.5249                     Acc: 75.00% LR: 0.000274                     Alpha: 0.5744425058364868                     Beta: -0.9555814266204834                     MemKD: 0.3472733795642853
2026-02-08 00:36:58,136 - INFO - Epoch [48] Batch [20/35]                     Loss: -0.4990, Hard: 0.1376, Soft: -0.9095                     Acc: 84.82% LR: 0.000274                     Alpha: 0.5744425058364868                     Beta: -0.9660477042198181                     MemKD: 0.34476494789123535
2026-02-08 00:37:27,256 - INFO - Epoch [48/100] Train Loss: -0.0410, Train Acc: 83.93%, Val Loss: 0.5428, Val Acc: 79.79%
2026-02-08 00:37:50,653 - INFO - Epoch [49] Batch [0/35]                     Loss: -0.2548, Hard: 0.3040, Soft: -0.7708                     Acc: 87.50% LR: 0.000266                     Alpha: 0.5744425058364868                     Beta: -0.9738500714302063                     MemKD: 0.3428919315338135
2026-02-08 00:37:54,808 - INFO - Epoch [49] Batch [20/35]                     Loss: 0.1193, Hard: 0.5786, Soft: -0.6335                     Acc: 83.33% LR: 0.000266                     Alpha: 0.5744425058364868                     Beta: -0.9838234186172485                     MemKD: 0.34052684903144836
2026-02-08 00:38:23,775 - INFO - Epoch [49/100] Train Loss: -0.1147, Train Acc: 85.36%, Val Loss: 0.4924, Val Acc: 81.65%
2026-02-08 00:38:47,062 - INFO - Epoch [50] Batch [0/35]                     Loss: -0.2459, Hard: 0.3633, Soft: -0.8122                     Acc: 87.50% LR: 0.000258                     Alpha: 0.5744425058364868                     Beta: -0.9911490678787231                     MemKD: 0.33880454301834106
2026-02-08 00:38:51,131 - INFO - Epoch [50] Batch [20/35]                     Loss: -0.4335, Hard: 0.2008, Soft: -0.8457                     Acc: 85.12% LR: 0.000258                     Alpha: 0.5744425058364868                     Beta: -1.0007826089859009                     MemKD: 0.33651816844940186
2026-02-08 00:39:19,632 - INFO - Epoch [50/100] Train Loss: -0.1367, Train Acc: 84.64%, Val Loss: 0.5161, Val Acc: 82.31%
2026-02-08 00:39:19,680 - INFO - Checkpoint saved at epoch 50
2026-02-08 00:39:41,436 - INFO - Epoch [51] Batch [0/35]                     Loss: -0.2545, Hard: 0.4027, Soft: -0.8480                     Acc: 87.50% LR: 0.000250                     Alpha: 0.5744425058364868                     Beta: -1.0080679655075073                     MemKD: 0.3347899317741394
2026-02-08 00:39:45,526 - INFO - Epoch [51] Batch [20/35]                     Loss: -0.3999, Hard: 0.2856, Soft: -0.8846                     Acc: 85.42% LR: 0.000250                     Alpha: 0.5744425058364868                     Beta: -1.0174458026885986                     MemKD: 0.3325887620449066
2026-02-08 00:40:14,342 - INFO - Epoch [51/100] Train Loss: -0.2456, Train Acc: 85.54%, Val Loss: 0.4902, Val Acc: 81.65%
2026-02-08 00:40:35,876 - INFO - Epoch [52] Batch [0/35]                     Loss: -0.3683, Hard: 0.3072, Soft: -0.8443                     Acc: 87.50% LR: 0.000242                     Alpha: 0.5744425058364868                     Beta: -1.0244301557540894                     MemKD: 0.330948144197464
2026-02-08 00:40:40,013 - INFO - Epoch [52] Batch [20/35]                     Loss: -0.2956, Hard: 0.3225, Soft: -0.7727                     Acc: 81.55% LR: 0.000242                     Alpha: 0.5744425058364868                     Beta: -1.0333073139190674                     MemKD: 0.32889071106910706
2026-02-08 00:41:09,221 - INFO - Epoch [52/100] Train Loss: -0.2160, Train Acc: 81.61%, Val Loss: 0.5421, Val Acc: 79.26%
2026-02-08 00:41:32,262 - INFO - Epoch [53] Batch [0/35]                     Loss: -0.4761, Hard: 0.2523, Soft: -0.8830                     Acc: 93.75% LR: 0.000234                     Alpha: 0.5744425058364868                     Beta: -1.0397911071777344                     MemKD: 0.327410489320755
2026-02-08 00:41:36,345 - INFO - Epoch [53] Batch [20/35]                     Loss: -0.6148, Hard: 0.1631, Soft: -0.9429                     Acc: 88.69% LR: 0.000234                     Alpha: 0.5744425058364868                     Beta: -1.0484464168548584                     MemKD: 0.3254029154777527
2026-02-08 00:42:05,304 - INFO - Epoch [53/100] Train Loss: -0.3828, Train Acc: 88.04%, Val Loss: 0.4367, Val Acc: 83.64%
2026-02-08 00:42:05,305 - INFO - Best model saved with accuracy: 83.64%
2026-02-08 00:42:28,274 - INFO - Epoch [54] Batch [0/35]                     Loss: -0.0026, Hard: 0.6577, Soft: -0.7768                     Acc: 81.25% LR: 0.000226                     Alpha: 0.5744425058364868                     Beta: -1.0549157857894897                     MemKD: 0.3239007890224457
2026-02-08 00:42:32,307 - INFO - Epoch [54] Batch [20/35]                     Loss: -0.5792, Hard: 0.2541, Soft: -0.9803                     Acc: 84.52% LR: 0.000226                     Alpha: 0.5744425058364868                     Beta: -1.0631362199783325                     MemKD: 0.32200583815574646
2026-02-08 00:43:01,769 - INFO - Epoch [54/100] Train Loss: -0.3677, Train Acc: 83.93%, Val Loss: 0.5485, Val Acc: 79.26%
2026-02-08 00:43:24,773 - INFO - Epoch [55] Batch [0/35]                     Loss: -0.2790, Hard: 0.4561, Soft: -0.8401                     Acc: 75.00% LR: 0.000219                     Alpha: 0.5744425058364868                     Beta: -1.069174885749817                     MemKD: 0.3206223249435425
2026-02-08 00:43:28,853 - INFO - Epoch [55] Batch [20/35]                     Loss: -0.3273, Hard: 0.4146, Soft: -0.8479                     Acc: 84.82% LR: 0.000219                     Alpha: 0.5744425058364868                     Beta: -1.0769081115722656                     MemKD: 0.3188663125038147
2026-02-08 00:43:58,479 - INFO - Epoch [55/100] Train Loss: -0.3838, Train Acc: 85.18%, Val Loss: 0.4884, Val Acc: 81.78%
2026-02-08 00:44:20,551 - INFO - Epoch [56] Batch [0/35]                     Loss: -0.7400, Hard: 0.1769, Soft: -1.0188                     Acc: 100.00% LR: 0.000211                     Alpha: 0.5744425058364868                     Beta: -1.082717776298523                     MemKD: 0.31754612922668457
2026-02-08 00:44:24,666 - INFO - Epoch [56] Batch [20/35]                     Loss: -0.5913, Hard: 0.2877, Soft: -0.9767                     Acc: 84.52% LR: 0.000211                     Alpha: 0.5744425058364868                     Beta: -1.090012788772583                     MemKD: 0.31590911746025085
2026-02-08 00:44:54,245 - INFO - Epoch [56/100] Train Loss: -0.4278, Train Acc: 85.36%, Val Loss: 0.4359, Val Acc: 83.51%
2026-02-08 00:45:17,354 - INFO - Epoch [57] Batch [0/35]                     Loss: -0.5453, Hard: 0.3506, Soft: -0.9685                     Acc: 87.50% LR: 0.000203                     Alpha: 0.5744425058364868                     Beta: -1.0955063104629517                     MemKD: 0.3146759271621704
2026-02-08 00:45:21,451 - INFO - Epoch [57] Batch [20/35]                     Loss: -0.5066, Hard: 0.4022, Soft: -0.9825                     Acc: 88.10% LR: 0.000203                     Alpha: 0.5744425058364868                     Beta: -1.1025989055633545                     MemKD: 0.31308305263519287
2026-02-08 00:45:50,369 - INFO - Epoch [57/100] Train Loss: -0.5374, Train Acc: 87.14%, Val Loss: 0.4692, Val Acc: 82.45%
2026-02-08 00:46:12,927 - INFO - Epoch [58] Batch [0/35]                     Loss: -0.7791, Hard: 0.2335, Soft: -1.0659                     Acc: 87.50% LR: 0.000195                     Alpha: 0.5744425058364868                     Beta: -1.1079829931259155                     MemKD: 0.3118760287761688
2026-02-08 00:46:17,067 - INFO - Epoch [58] Batch [20/35]                     Loss: -0.5702, Hard: 0.3929, Soft: -1.0138                     Acc: 88.39% LR: 0.000195                     Alpha: 0.5744425058364868                     Beta: -1.1147780418395996                     MemKD: 0.3103612959384918
2026-02-08 00:46:46,343 - INFO - Epoch [58/100] Train Loss: -0.5055, Train Acc: 85.00%, Val Loss: 0.4232, Val Acc: 84.44%
2026-02-08 00:46:46,343 - INFO - Best model saved with accuracy: 84.44%
2026-02-08 00:47:07,623 - INFO - Epoch [59] Batch [0/35]                     Loss: -0.8373, Hard: 0.2374, Soft: -1.1023                     Acc: 93.75% LR: 0.000188                     Alpha: 0.5744425058364868                     Beta: -1.1197282075881958                     MemKD: 0.3092655837535858
2026-02-08 00:47:11,729 - INFO - Epoch [59] Batch [20/35]                     Loss: -0.8887, Hard: 0.1887, Soft: -1.1050                     Acc: 91.67% LR: 0.000188                     Alpha: 0.5744425058364868                     Beta: -1.1261814832687378                     MemKD: 0.30783259868621826
2026-02-08 00:47:41,140 - INFO - Epoch [59/100] Train Loss: -0.6765, Train Acc: 90.54%, Val Loss: 0.6064, Val Acc: 77.79%
2026-02-08 00:48:04,018 - INFO - Epoch [60] Batch [0/35]                     Loss: -0.5735, Hard: 0.3669, Soft: -0.9404                     Acc: 81.25% LR: 0.000180                     Alpha: 0.5744425058364868                     Beta: -1.1310750246047974                     MemKD: 0.30674320459365845
2026-02-08 00:48:08,153 - INFO - Epoch [60] Batch [20/35]                     Loss: -0.8397, Hard: 0.1902, Soft: -1.0299                     Acc: 86.90% LR: 0.000180                     Alpha: 0.5744425058364868                     Beta: -1.1371636390686035                     MemKD: 0.30540862679481506
2026-02-08 00:48:36,103 - INFO - Epoch [60/100] Train Loss: -0.6277, Train Acc: 87.14%, Val Loss: 0.6400, Val Acc: 77.26%
2026-02-08 00:48:36,151 - INFO - Checkpoint saved at epoch 60
2026-02-08 00:48:59,340 - INFO - Epoch [61] Batch [0/35]                     Loss: -0.2645, Hard: 0.5897, Soft: -0.8542                     Acc: 81.25% LR: 0.000173                     Alpha: 0.5744425058364868                     Beta: -1.1417467594146729                     MemKD: 0.30439770221710205
2026-02-08 00:49:03,427 - INFO - Epoch [61] Batch [20/35]                     Loss: -0.4056, Hard: 0.5283, Soft: -0.9339                     Acc: 87.50% LR: 0.000173                     Alpha: 0.5744425058364868                     Beta: -1.1474483013153076                     MemKD: 0.303153395652771
2026-02-08 00:49:31,997 - INFO - Epoch [61/100] Train Loss: -0.6278, Train Acc: 87.50%, Val Loss: 0.5005, Val Acc: 81.52%
2026-02-08 00:49:54,184 - INFO - Epoch [62] Batch [0/35]                     Loss: -0.8063, Hard: 0.2792, Soft: -1.0856                     Acc: 87.50% LR: 0.000165                     Alpha: 0.5744425058364868                     Beta: -1.1516095399856567                     MemKD: 0.30225083231925964
2026-02-08 00:49:58,131 - INFO - Epoch [62] Batch [20/35]                     Loss: -0.5086, Hard: 0.5024, Soft: -1.0110                     Acc: 86.90% LR: 0.000165                     Alpha: 0.5744425058364868                     Beta: -1.1569513082504272                     MemKD: 0.30108878016471863
2026-02-08 00:50:25,822 - INFO - Epoch [62/100] Train Loss: -0.6772, Train Acc: 86.79%, Val Loss: 0.5782, Val Acc: 77.53%
2026-02-08 00:50:47,593 - INFO - Epoch [63] Batch [0/35]                     Loss: -1.0138, Hard: 0.1895, Soft: -1.2033                     Acc: 93.75% LR: 0.000158                     Alpha: 0.5744425058364868                     Beta: -1.1608762741088867                     MemKD: 0.300237238407135
2026-02-08 00:50:51,555 - INFO - Epoch [63] Batch [20/35]                     Loss: -1.1057, Hard: 0.0849, Soft: -1.1906                     Acc: 89.29% LR: 0.000158                     Alpha: 0.5744425058364868                     Beta: -1.1658942699432373                     MemKD: 0.29914021492004395
2026-02-08 00:51:18,878 - INFO - Epoch [63/100] Train Loss: -0.7546, Train Acc: 89.29%, Val Loss: 0.4670, Val Acc: 82.71%
2026-02-08 00:51:40,312 - INFO - Epoch [64] Batch [0/35]                     Loss: -0.7925, Hard: 0.2885, Soft: -1.0810                     Acc: 87.50% LR: 0.000151                     Alpha: 0.5744425058364868                     Beta: -1.1696579456329346                     MemKD: 0.29831966757774353
2026-02-08 00:51:44,290 - INFO - Epoch [64] Batch [20/35]                     Loss: -1.0134, Hard: 0.1298, Soft: -1.1432                     Acc: 85.71% LR: 0.000151                     Alpha: 0.5744425058364868                     Beta: -1.1743249893188477                     MemKD: 0.2973107695579529
2026-02-08 00:52:10,053 - INFO - Epoch [64/100] Train Loss: -0.7172, Train Acc: 87.68%, Val Loss: 0.4297, Val Acc: 84.31%
2026-02-08 00:52:31,536 - INFO - Epoch [65] Batch [0/35]                     Loss: -1.0585, Hard: 0.1179, Soft: -1.1764                     Acc: 100.00% LR: 0.000144                     Alpha: 0.5744425058364868                     Beta: -1.1777571439743042                     MemKD: 0.2965737283229828
2026-02-08 00:52:35,409 - INFO - Epoch [65] Batch [20/35]                     Loss: -0.4847, Hard: 0.4805, Soft: -0.9652                     Acc: 88.39% LR: 0.000144                     Alpha: 0.5744425058364868                     Beta: -1.1820528507232666                     MemKD: 0.2956516146659851
2026-02-08 00:53:01,709 - INFO - Epoch [65/100] Train Loss: -0.7485, Train Acc: 87.86%, Val Loss: 0.4490, Val Acc: 83.64%
2026-02-08 00:53:23,936 - INFO - Epoch [66] Batch [0/35]                     Loss: -1.0716, Hard: 0.1363, Soft: -1.2078                     Acc: 100.00% LR: 0.000137                     Alpha: 0.5744425058364868                     Beta: -1.185279130935669                     MemKD: 0.29496487975120544
2026-02-08 00:53:27,826 - INFO - Epoch [66] Batch [20/35]                     Loss: -0.9514, Hard: 0.2057, Soft: -1.1571                     Acc: 89.58% LR: 0.000137                     Alpha: 0.5744425058364868                     Beta: -1.1893550157546997                     MemKD: 0.29409337043762207
2026-02-08 00:53:54,031 - INFO - Epoch [66/100] Train Loss: -0.7522, Train Acc: 88.04%, Val Loss: 0.4438, Val Acc: 82.71%
2026-02-08 00:54:14,454 - INFO - Epoch [67] Batch [0/35]                     Loss: -0.8989, Hard: 0.2497, Soft: -1.1485                     Acc: 93.75% LR: 0.000130                     Alpha: 0.5744425058364868                     Beta: -1.192305326461792                     MemKD: 0.29346752166748047
2026-02-08 00:54:18,343 - INFO - Epoch [67] Batch [20/35]                     Loss: -1.1200, Hard: 0.1371, Soft: -1.2571                     Acc: 89.29% LR: 0.000130                     Alpha: 0.5744425058364868                     Beta: -1.1960586309432983                     MemKD: 0.29266679286956787
2026-02-08 00:54:46,305 - INFO - Epoch [67/100] Train Loss: -0.7924, Train Acc: 88.93%, Val Loss: 0.4483, Val Acc: 83.38%
2026-02-08 00:55:08,905 - INFO - Epoch [68] Batch [0/35]                     Loss: -0.5083, Hard: 0.4212, Soft: -0.9295                     Acc: 87.50% LR: 0.000123                     Alpha: 0.5744425058364868                     Beta: -1.198815107345581                     MemKD: 0.29208168387413025
2026-02-08 00:55:13,020 - INFO - Epoch [68] Batch [20/35]                     Loss: -1.0951, Hard: 0.1355, Soft: -1.2306                     Acc: 88.99% LR: 0.000123                     Alpha: 0.5744425058364868                     Beta: -1.20229172706604                     MemKD: 0.2913467586040497
2026-02-08 00:55:40,735 - INFO - Epoch [68/100] Train Loss: -0.7300, Train Acc: 87.14%, Val Loss: 0.5473, Val Acc: 79.65%
2026-02-08 00:56:03,114 - INFO - Epoch [69] Batch [0/35]                     Loss: -1.0663, Hard: 0.1168, Soft: -1.1831                     Acc: 100.00% LR: 0.000116                     Alpha: 0.5744425058364868                     Beta: -1.2048735618591309                     MemKD: 0.2908034026622772
2026-02-08 00:56:07,267 - INFO - Epoch [69] Batch [20/35]                     Loss: -0.3390, Hard: 0.6351, Soft: -0.9741                     Acc: 88.10% LR: 0.000116                     Alpha: 0.5744425058364868                     Beta: -1.2080494165420532                     MemKD: 0.29013872146606445
2026-02-08 00:56:37,096 - INFO - Epoch [69/100] Train Loss: -0.7200, Train Acc: 86.96%, Val Loss: 0.4512, Val Acc: 83.91%
2026-02-08 00:57:00,525 - INFO - Epoch [70] Batch [0/35]                     Loss: -0.7129, Hard: 0.3809, Soft: -1.0938                     Acc: 87.50% LR: 0.000109                     Alpha: 0.5744425058364868                     Beta: -1.2103946208953857                     MemKD: 0.28964975476264954
2026-02-08 00:57:04,743 - INFO - Epoch [70] Batch [20/35]                     Loss: -0.7781, Hard: 0.3074, Soft: -1.0855                     Acc: 88.69% LR: 0.000109                     Alpha: 0.5744425058364868                     Beta: -1.2133734226226807                     MemKD: 0.2890249192714691
2026-02-08 00:57:33,971 - INFO - Epoch [70/100] Train Loss: -0.8474, Train Acc: 88.93%, Val Loss: 0.4269, Val Acc: 83.78%
2026-02-08 00:57:34,019 - INFO - Checkpoint saved at epoch 70
2026-02-08 00:57:56,279 - INFO - Epoch [71] Batch [0/35]                     Loss: -0.4648, Hard: 0.5729, Soft: -1.0377                     Acc: 81.25% LR: 0.000103                     Alpha: 0.5744425058364868                     Beta: -1.2156535387039185                     MemKD: 0.2885441482067108
2026-02-08 00:58:00,412 - INFO - Epoch [71] Batch [20/35]                     Loss: -0.7583, Hard: 0.3752, Soft: -1.1336                     Acc: 86.31% LR: 0.000103                     Alpha: 0.5744425058364868                     Beta: -1.2184613943099976                     MemKD: 0.2879545986652374
2026-02-08 00:58:30,065 - INFO - Epoch [71/100] Train Loss: -0.7772, Train Acc: 86.79%, Val Loss: 0.4213, Val Acc: 83.78%
2026-02-08 00:58:52,767 - INFO - Epoch [72] Batch [0/35]                     Loss: -0.2891, Hard: 0.6520, Soft: -0.9411                     Acc: 68.75% LR: 0.000097                     Alpha: 0.5744425058364868                     Beta: -1.220521092414856                     MemKD: 0.28752484917640686
2026-02-08 00:58:56,850 - INFO - Epoch [72] Batch [20/35]                     Loss: -1.0658, Hard: 0.1742, Soft: -1.2399                     Acc: 88.39% LR: 0.000097                     Alpha: 0.5744425058364868                     Beta: -1.2230955362319946                     MemKD: 0.28698623180389404
2026-02-08 00:59:26,600 - INFO - Epoch [72/100] Train Loss: -0.8403, Train Acc: 87.50%, Val Loss: 0.5239, Val Acc: 80.85%
2026-02-08 00:59:50,016 - INFO - Epoch [73] Batch [0/35]                     Loss: -0.8476, Hard: 0.2664, Soft: -1.1140                     Acc: 93.75% LR: 0.000091                     Alpha: 0.5744425058364868                     Beta: -1.2250455617904663                     MemKD: 0.2865769863128662
2026-02-08 00:59:54,127 - INFO - Epoch [73] Batch [20/35]                     Loss: -0.9210, Hard: 0.2523, Soft: -1.1733                     Acc: 89.58% LR: 0.000091                     Alpha: 0.5744425058364868                     Beta: -1.2274625301361084                     MemKD: 0.28607064485549927
2026-02-08 01:00:23,006 - INFO - Epoch [73/100] Train Loss: -0.9064, Train Acc: 88.39%, Val Loss: 0.4508, Val Acc: 83.64%
2026-02-08 01:00:45,928 - INFO - Epoch [74] Batch [0/35]                     Loss: -1.0498, Hard: 0.1532, Soft: -1.2030                     Acc: 100.00% LR: 0.000085                     Alpha: 0.5744425058364868                     Beta: -1.2292993068695068                     MemKD: 0.28568416833877563
2026-02-08 01:00:50,065 - INFO - Epoch [74] Batch [20/35]                     Loss: -1.2433, Hard: 0.1103, Soft: -1.3536                     Acc: 88.99% LR: 0.000085                     Alpha: 0.5744425058364868                     Beta: -1.231528401374817                     MemKD: 0.2852188050746918
2026-02-08 01:01:19,285 - INFO - Epoch [74/100] Train Loss: -0.8818, Train Acc: 89.46%, Val Loss: 0.4450, Val Acc: 83.91%
2026-02-08 01:01:41,841 - INFO - Epoch [75] Batch [0/35]                     Loss: -1.1907, Hard: 0.1251, Soft: -1.3158                     Acc: 100.00% LR: 0.000079                     Alpha: 0.5744425058364868                     Beta: -1.2332206964492798                     MemKD: 0.2848651111125946
2026-02-08 01:01:45,951 - INFO - Epoch [75] Batch [20/35]                     Loss: -0.7494, Hard: 0.3219, Soft: -1.0713                     Acc: 90.48% LR: 0.000079                     Alpha: 0.5744425058364868                     Beta: -1.2352752685546875                     MemKD: 0.2844386696815491
2026-02-08 01:02:14,925 - INFO - Epoch [75/100] Train Loss: -0.9313, Train Acc: 91.79%, Val Loss: 0.4228, Val Acc: 85.24%
2026-02-08 01:02:14,926 - INFO - Best model saved with accuracy: 85.24%
2026-02-08 01:02:37,935 - INFO - Epoch [76] Batch [0/35]                     Loss: -0.9735, Hard: 0.1656, Soft: -1.1391                     Acc: 93.75% LR: 0.000073                     Alpha: 0.5744425058364868                     Beta: -1.2368086576461792                     MemKD: 0.28411948680877686
2026-02-08 01:02:42,046 - INFO - Epoch [76] Batch [20/35]                     Loss: -1.1600, Hard: 0.1257, Soft: -1.2857                     Acc: 91.37% LR: 0.000073                     Alpha: 0.5744425058364868                     Beta: -1.2386977672576904                     MemKD: 0.2837269604206085
2026-02-08 01:03:11,343 - INFO - Epoch [76/100] Train Loss: -0.9335, Train Acc: 91.25%, Val Loss: 0.4096, Val Acc: 85.37%
2026-02-08 01:03:11,344 - INFO - Best model saved with accuracy: 85.37%
2026-02-08 01:03:34,988 - INFO - Epoch [77] Batch [0/35]                     Loss: -0.7930, Hard: 0.3772, Soft: -1.1703                     Acc: 87.50% LR: 0.000068                     Alpha: 0.5744425058364868                     Beta: -1.2401188611984253                     MemKD: 0.28343066573143005
2026-02-08 01:03:39,084 - INFO - Epoch [77] Batch [20/35]                     Loss: -0.1453, Hard: 0.7459, Soft: -0.8912                     Acc: 88.69% LR: 0.000068                     Alpha: 0.5744425058364868                     Beta: -1.2418354749679565                     MemKD: 0.28307563066482544
2026-02-08 01:04:08,585 - INFO - Epoch [77/100] Train Loss: -0.8076, Train Acc: 89.29%, Val Loss: 0.4490, Val Acc: 83.11%
2026-02-08 01:04:30,659 - INFO - Epoch [78] Batch [0/35]                     Loss: -1.0280, Hard: 0.2548, Soft: -1.2828                     Acc: 93.75% LR: 0.000062                     Alpha: 0.5744425058364868                     Beta: -1.2431010007858276                     MemKD: 0.2828161120414734
2026-02-08 01:04:34,762 - INFO - Epoch [78] Batch [20/35]                     Loss: -0.5244, Hard: 0.5387, Soft: -1.0631                     Acc: 88.99% LR: 0.000062                     Alpha: 0.5744425058364868                     Beta: -1.2446666955947876                     MemKD: 0.28249359130859375
2026-02-08 01:05:04,345 - INFO - Epoch [78/100] Train Loss: -0.9479, Train Acc: 89.82%, Val Loss: 0.3769, Val Acc: 86.17%
2026-02-08 01:05:04,346 - INFO - Best model saved with accuracy: 86.17%
2026-02-08 01:05:26,707 - INFO - Epoch [79] Batch [0/35]                     Loss: -0.8044, Hard: 0.3470, Soft: -1.1515                     Acc: 87.50% LR: 0.000057                     Alpha: 0.5744425058364868                     Beta: -1.2458487749099731                     MemKD: 0.28224918246269226
2026-02-08 01:05:30,820 - INFO - Epoch [79] Batch [20/35]                     Loss: -1.0558, Hard: 0.2303, Soft: -1.2861                     Acc: 88.69% LR: 0.000057                     Alpha: 0.5744425058364868                     Beta: -1.2472659349441528                     MemKD: 0.2819584012031555
2026-02-08 01:06:01,251 - INFO - Epoch [79/100] Train Loss: -0.8796, Train Acc: 90.00%, Val Loss: 0.4139, Val Acc: 84.44%
2026-02-08 01:06:23,968 - INFO - Epoch [80] Batch [0/35]                     Loss: -0.9744, Hard: 0.2416, Soft: -1.2160                     Acc: 93.75% LR: 0.000052                     Alpha: 0.5744425058364868                     Beta: -1.2483317852020264                     MemKD: 0.2817399799823761
2026-02-08 01:06:28,094 - INFO - Epoch [80] Batch [20/35]                     Loss: -0.5615, Hard: 0.5702, Soft: -1.1317                     Acc: 88.39% LR: 0.000052                     Alpha: 0.5744425058364868                     Beta: -1.2496134042739868                     MemKD: 0.28147783875465393
2026-02-08 01:06:56,360 - INFO - Epoch [80/100] Train Loss: -0.8357, Train Acc: 88.39%, Val Loss: 0.4334, Val Acc: 83.51%
2026-02-08 01:06:56,408 - INFO - Checkpoint saved at epoch 80
2026-02-08 01:07:19,303 - INFO - Epoch [81] Batch [0/35]                     Loss: -1.0117, Hard: 0.2567, Soft: -1.2684                     Acc: 93.75% LR: 0.000048                     Alpha: 0.5744425058364868                     Beta: -1.2505632638931274                     MemKD: 0.28128325939178467
2026-02-08 01:07:23,441 - INFO - Epoch [81] Batch [20/35]                     Loss: -0.5620, Hard: 0.5317, Soft: -1.0937                     Acc: 86.90% LR: 0.000048                     Alpha: 0.5744425058364868                     Beta: -1.2517143487930298                     MemKD: 0.281048446893692
2026-02-08 01:07:51,552 - INFO - Epoch [81/100] Train Loss: -0.8649, Train Acc: 88.04%, Val Loss: 0.3900, Val Acc: 86.30%
2026-02-08 01:07:51,552 - INFO - Best model saved with accuracy: 86.30%
2026-02-08 01:08:11,979 - INFO - Epoch [82] Batch [0/35]                     Loss: -0.9098, Hard: 0.2972, Soft: -1.2070                     Acc: 87.50% LR: 0.000043                     Alpha: 0.5744425058364868                     Beta: -1.2525765895843506                     MemKD: 0.2808719575405121
2026-02-08 01:08:15,892 - INFO - Epoch [82] Batch [20/35]                     Loss: -0.8712, Hard: 0.3398, Soft: -1.2111                     Acc: 89.29% LR: 0.000043                     Alpha: 0.5744425058364868                     Beta: -1.2536258697509766                     MemKD: 0.2806573808193207
2026-02-08 01:08:43,311 - INFO - Epoch [82/100] Train Loss: -0.8808, Train Acc: 89.46%, Val Loss: 0.3888, Val Acc: 86.97%
2026-02-08 01:08:43,312 - INFO - Best model saved with accuracy: 86.97%
2026-02-08 01:09:05,674 - INFO - Epoch [83] Batch [0/35]                     Loss: -1.0492, Hard: 0.1815, Soft: -1.2308                     Acc: 93.75% LR: 0.000039                     Alpha: 0.5744425058364868                     Beta: -1.254408597946167                     MemKD: 0.2804975211620331
2026-02-08 01:09:09,825 - INFO - Epoch [83] Batch [20/35]                     Loss: -0.9481, Hard: 0.2862, Soft: -1.2342                     Acc: 90.48% LR: 0.000039                     Alpha: 0.5744425058364868                     Beta: -1.2553602457046509                     MemKD: 0.280302494764328
2026-02-08 01:09:39,196 - INFO - Epoch [83/100] Train Loss: -1.0103, Train Acc: 91.07%, Val Loss: 0.3831, Val Acc: 86.17%
2026-02-08 01:10:01,668 - INFO - Epoch [84] Batch [0/35]                     Loss: -0.8697, Hard: 0.3090, Soft: -1.1787                     Acc: 87.50% LR: 0.000035                     Alpha: 0.5744425058364868                     Beta: -1.2560722827911377                     MemKD: 0.2801559865474701
2026-02-08 01:10:05,752 - INFO - Epoch [84] Batch [20/35]                     Loss: -1.0588, Hard: 0.1973, Soft: -1.2561                     Acc: 91.07% LR: 0.000035                     Alpha: 0.5744425058364868                     Beta: -1.2569077014923096                     MemKD: 0.2799842655658722
2026-02-08 01:10:34,367 - INFO - Epoch [84/100] Train Loss: -0.8744, Train Acc: 88.57%, Val Loss: 0.3791, Val Acc: 86.70%
2026-02-08 01:10:56,699 - INFO - Epoch [85] Batch [0/35]                     Loss: -0.8007, Hard: 0.3698, Soft: -1.1705                     Acc: 81.25% LR: 0.000031                     Alpha: 0.5744425058364868                     Beta: -1.257520079612732                     MemKD: 0.2798599600791931
2026-02-08 01:11:00,878 - INFO - Epoch [85] Batch [20/35]                     Loss: -0.8962, Hard: 0.3309, Soft: -1.2271                     Acc: 91.37% LR: 0.000031                     Alpha: 0.5744425058364868                     Beta: -1.258254051208496                     MemKD: 0.2797105610370636
2026-02-08 01:11:29,845 - INFO - Epoch [85/100] Train Loss: -0.9422, Train Acc: 90.71%, Val Loss: 0.4190, Val Acc: 85.24%
2026-02-08 01:11:51,613 - INFO - Epoch [86] Batch [0/35]                     Loss: -1.1193, Hard: 0.1586, Soft: -1.2779                     Acc: 93.75% LR: 0.000027                     Alpha: 0.5744425058364868                     Beta: -1.2588061094284058                     MemKD: 0.27959784865379333
2026-02-08 01:11:55,705 - INFO - Epoch [86] Batch [20/35]                     Loss: -0.7383, Hard: 0.4130, Soft: -1.1513                     Acc: 90.18% LR: 0.000027                     Alpha: 0.5744425058364868                     Beta: -1.2594510316848755                     MemKD: 0.27946627140045166
2026-02-08 01:12:25,470 - INFO - Epoch [86/100] Train Loss: -0.8679, Train Acc: 88.75%, Val Loss: 0.3745, Val Acc: 85.77%
2026-02-08 01:12:47,294 - INFO - Epoch [87] Batch [0/35]                     Loss: -1.1955, Hard: 0.1425, Soft: -1.3380                     Acc: 100.00% LR: 0.000024                     Alpha: 0.5744425058364868                     Beta: -1.2599197626113892                     MemKD: 0.279371440410614
2026-02-08 01:12:51,365 - INFO - Epoch [87] Batch [20/35]                     Loss: -1.1864, Hard: 0.1240, Soft: -1.3103                     Acc: 89.29% LR: 0.000024                     Alpha: 0.5744425058364868                     Beta: -1.260467290878296                     MemKD: 0.27926045656204224
2026-02-08 01:13:20,479 - INFO - Epoch [87/100] Train Loss: -0.9035, Train Acc: 88.75%, Val Loss: 0.3716, Val Acc: 86.17%
2026-02-08 01:13:42,698 - INFO - Epoch [88] Batch [0/35]                     Loss: -0.8793, Hard: 0.3259, Soft: -1.2053                     Acc: 93.75% LR: 0.000021                     Alpha: 0.5744425058364868                     Beta: -1.2608786821365356                     MemKD: 0.2791769206523895
2026-02-08 01:13:46,873 - INFO - Epoch [88] Batch [20/35]                     Loss: -0.8382, Hard: 0.3472, Soft: -1.1854                     Acc: 89.88% LR: 0.000021                     Alpha: 0.5744425058364868                     Beta: -1.2613598108291626                     MemKD: 0.2790786623954773
2026-02-08 01:14:14,654 - INFO - Epoch [88/100] Train Loss: -1.0078, Train Acc: 91.25%, Val Loss: 0.3675, Val Acc: 86.30%
2026-02-08 01:14:38,260 - INFO - Epoch [89] Batch [0/35]                     Loss: -1.1640, Hard: 0.1435, Soft: -1.3075                     Acc: 93.75% LR: 0.000018                     Alpha: 0.5744425058364868                     Beta: -1.2617257833480835                     MemKD: 0.27900320291519165
2026-02-08 01:14:42,378 - INFO - Epoch [89] Batch [20/35]                     Loss: -0.8382, Hard: 0.3409, Soft: -1.1791                     Acc: 91.96% LR: 0.000018                     Alpha: 0.5744425058364868                     Beta: -1.262134313583374                     MemKD: 0.27891966700553894
2026-02-08 01:15:11,811 - INFO - Epoch [89/100] Train Loss: -0.9443, Train Acc: 89.82%, Val Loss: 0.3806, Val Acc: 85.64%
2026-02-08 01:15:34,385 - INFO - Epoch [90] Batch [0/35]                     Loss: -1.1584, Hard: 0.1334, Soft: -1.2918                     Acc: 100.00% LR: 0.000015                     Alpha: 0.5744425058364868                     Beta: -1.2624385356903076                     MemKD: 0.27885761857032776
2026-02-08 01:15:38,527 - INFO - Epoch [90] Batch [20/35]                     Loss: -0.9781, Hard: 0.2678, Soft: -1.2459                     Acc: 91.96% LR: 0.000015                     Alpha: 0.5744425058364868                     Beta: -1.2627798318862915                     MemKD: 0.27878791093826294
2026-02-08 01:16:07,644 - INFO - Epoch [90/100] Train Loss: -0.9758, Train Acc: 91.43%, Val Loss: 0.3900, Val Acc: 84.97%
2026-02-08 01:16:07,680 - INFO - Checkpoint saved at epoch 90
2026-02-08 01:16:29,979 - INFO - Epoch [91] Batch [0/35]                     Loss: -0.9771, Hard: 0.2618, Soft: -1.2388                     Acc: 81.25% LR: 0.000012                     Alpha: 0.5744425058364868                     Beta: -1.2630369663238525                     MemKD: 0.2787353992462158
2026-02-08 01:16:34,141 - INFO - Epoch [91] Batch [20/35]                     Loss: -1.1270, Hard: 0.1644, Soft: -1.2914                     Acc: 90.48% LR: 0.000012                     Alpha: 0.5744425058364868                     Beta: -1.263317346572876                     MemKD: 0.27867820858955383
2026-02-08 01:17:01,977 - INFO - Epoch [91/100] Train Loss: -1.0157, Train Acc: 90.18%, Val Loss: 0.3703, Val Acc: 86.57%
2026-02-08 01:17:23,776 - INFO - Epoch [92] Batch [0/35]                     Loss: -1.0770, Hard: 0.1897, Soft: -1.2666                     Acc: 93.75% LR: 0.000010                     Alpha: 0.5744425058364868                     Beta: -1.26353120803833                     MemKD: 0.2786344289779663
2026-02-08 01:17:27,887 - INFO - Epoch [92] Batch [20/35]                     Loss: -1.1376, Hard: 0.1705, Soft: -1.3081                     Acc: 91.07% LR: 0.000010                     Alpha: 0.5744425058364868                     Beta: -1.263761281967163                     MemKD: 0.27858731150627136
2026-02-08 01:17:56,030 - INFO - Epoch [92/100] Train Loss: -0.9787, Train Acc: 90.18%, Val Loss: 0.3866, Val Acc: 85.90%
2026-02-08 01:18:18,351 - INFO - Epoch [93] Batch [0/35]                     Loss: -0.7967, Hard: 0.3442, Soft: -1.1409                     Acc: 81.25% LR: 0.000008                     Alpha: 0.5744425058364868                     Beta: -1.2639305591583252                     MemKD: 0.27855294942855835
2026-02-08 01:18:22,521 - INFO - Epoch [93] Batch [20/35]                     Loss: -1.1878, Hard: 0.1442, Soft: -1.3320                     Acc: 91.96% LR: 0.000008                     Alpha: 0.5744425058364868                     Beta: -1.2641092538833618                     MemKD: 0.2785165309906006
2026-02-08 01:18:50,831 - INFO - Epoch [93/100] Train Loss: -0.9986, Train Acc: 91.07%, Val Loss: 0.3684, Val Acc: 86.97%
2026-02-08 01:19:13,125 - INFO - Epoch [94] Batch [0/35]                     Loss: -0.9379, Hard: 0.2717, Soft: -1.2096                     Acc: 87.50% LR: 0.000006                     Alpha: 0.5744425058364868                     Beta: -1.2642431259155273                     MemKD: 0.27848929166793823
2026-02-08 01:19:17,292 - INFO - Epoch [94] Batch [20/35]                     Loss: -1.1155, Hard: 0.1938, Soft: -1.3093                     Acc: 91.37% LR: 0.000006                     Alpha: 0.5744425058364868                     Beta: -1.2643792629241943                     MemKD: 0.27846160531044006
2026-02-08 01:19:46,727 - INFO - Epoch [94/100] Train Loss: -1.0056, Train Acc: 91.61%, Val Loss: 0.3814, Val Acc: 86.30%
2026-02-08 01:20:09,562 - INFO - Epoch [95] Batch [0/35]                     Loss: -0.8756, Hard: 0.3175, Soft: -1.1932                     Acc: 87.50% LR: 0.000004                     Alpha: 0.5744425058364868                     Beta: -1.2644819021224976                     MemKD: 0.2784407436847687
2026-02-08 01:20:13,704 - INFO - Epoch [95] Batch [20/35]                     Loss: -1.0020, Hard: 0.2874, Soft: -1.2894                     Acc: 91.37% LR: 0.000004                     Alpha: 0.5744425058364868                     Beta: -1.2645812034606934                     MemKD: 0.2784205973148346
2026-02-08 01:20:43,563 - INFO - Epoch [95/100] Train Loss: -0.9611, Train Acc: 90.89%, Val Loss: 0.3798, Val Acc: 85.11%
2026-02-08 01:21:05,701 - INFO - Epoch [96] Batch [0/35]                     Loss: -0.9383, Hard: 0.2714, Soft: -1.2097                     Acc: 87.50% LR: 0.000003                     Alpha: 0.5744425058364868                     Beta: -1.2646561861038208                     MemKD: 0.27840542793273926
2026-02-08 01:21:09,765 - INFO - Epoch [96] Batch [20/35]                     Loss: -1.2509, Hard: 0.1055, Soft: -1.3565                     Acc: 91.67% LR: 0.000003                     Alpha: 0.5744425058364868                     Beta: -1.2647252082824707                     MemKD: 0.27839145064353943
2026-02-08 01:21:38,652 - INFO - Epoch [96/100] Train Loss: -1.0158, Train Acc: 92.68%, Val Loss: 0.3930, Val Acc: 84.97%
2026-02-08 01:22:01,273 - INFO - Epoch [97] Batch [0/35]                     Loss: -1.0331, Hard: 0.2166, Soft: -1.2497                     Acc: 100.00% LR: 0.000002                     Alpha: 0.5744425058364868                     Beta: -1.2647775411605835                     MemKD: 0.27838075160980225
2026-02-08 01:22:05,443 - INFO - Epoch [97] Batch [20/35]                     Loss: -0.7605, Hard: 0.3725, Soft: -1.1331                     Acc: 89.58% LR: 0.000002                     Alpha: 0.5744425058364868                     Beta: -1.2648226022720337                     MemKD: 0.27837178111076355
2026-02-08 01:22:31,912 - INFO - Epoch [97/100] Train Loss: -0.9407, Train Acc: 89.29%, Val Loss: 0.3722, Val Acc: 86.30%
2026-02-08 01:22:52,769 - INFO - Epoch [98] Batch [0/35]                     Loss: -1.0076, Hard: 0.2206, Soft: -1.2282                     Acc: 93.75% LR: 0.000001                     Alpha: 0.5744425058364868                     Beta: -1.2648547887802124                     MemKD: 0.27836525440216064
2026-02-08 01:22:56,512 - INFO - Epoch [98] Batch [20/35]                     Loss: -0.9839, Hard: 0.2823, Soft: -1.2663                     Acc: 92.26% LR: 0.000001                     Alpha: 0.5744425058364868                     Beta: -1.264878749847412                     MemKD: 0.2783602178096771
2026-02-08 01:23:22,643 - INFO - Epoch [98/100] Train Loss: -0.9565, Train Acc: 89.82%, Val Loss: 0.3722, Val Acc: 86.44%
2026-02-08 01:23:45,164 - INFO - Epoch [99] Batch [0/35]                     Loss: -1.1520, Hard: 0.1524, Soft: -1.3044                     Acc: 100.00% LR: 0.000000                     Alpha: 0.5744425058364868                     Beta: -1.2648967504501343                     MemKD: 0.27835652232170105
2026-02-08 01:23:49,065 - INFO - Epoch [99] Batch [20/35]                     Loss: -1.2644, Hard: 0.1155, Soft: -1.3799                     Acc: 91.37% LR: 0.000000                     Alpha: 0.5744425058364868                     Beta: -1.2649086713790894                     MemKD: 0.27835437655448914
2026-02-08 01:24:16,811 - INFO - Epoch [99/100] Train Loss: -0.9946, Train Acc: 91.25%, Val Loss: 0.3743, Val Acc: 86.70%
2026-02-08 01:24:38,907 - INFO - Epoch [100] Batch [0/35]                     Loss: -0.9661, Hard: 0.2797, Soft: -1.2457                     Acc: 87.50% LR: 0.000000                     Alpha: 0.5744425058364868                     Beta: -1.2649176120758057                     MemKD: 0.2783527672290802
2026-02-08 01:24:42,869 - INFO - Epoch [100] Batch [20/35]                     Loss: -0.8710, Hard: 0.2852, Soft: -1.1561                     Acc: 91.37% LR: 0.000000                     Alpha: 0.5744425058364868                     Beta: -1.2649199962615967                     MemKD: 0.278352290391922
2026-02-08 01:25:08,058 - INFO - Epoch [100/100] Train Loss: -0.9521, Train Acc: 90.89%, Val Loss: 0.3743, Val Acc: 87.50%
2026-02-08 01:25:08,059 - INFO - Best model saved with accuracy: 87.50%
2026-02-08 01:25:08,110 - INFO - Checkpoint saved at epoch 100
2026-02-08 01:25:08,110 - INFO - ==================================================
2026-02-08 01:25:08,110 - INFO - Training finished! Best accuracy: 87.50%
2026-02-08 01:25:08,110 - INFO - ==================================================
