2026-02-07 10:00:56,484 - INFO - ==================================================
2026-02-07 10:00:56,484 - INFO - Distillation Training Configuration
2026-02-07 10:00:56,484 - INFO - ==================================================
2026-02-07 10:00:56,484 - INFO - GPUs: [4, 5, 6, 7]
2026-02-07 10:00:56,484 - INFO - World size: 4
2026-02-07 10:00:56,484 - INFO - Dataset: /media/hdd1/chuxiaohui/AI4Ocean_UATR/ShipsEar_622
2026-02-07 10:00:56,484 - INFO - Data type: wav_s@wav_t
2026-02-07 10:00:56,484 - INFO - Batch size: 16
2026-02-07 10:00:56,484 - INFO - Epochs: 100
2026-02-07 10:00:56,484 - INFO - Learning rate: 0.0005
2026-02-07 10:00:56,485 - INFO - Temperature: 2.0
2026-02-07 10:00:56,485 - INFO - Alpha: 0.3
2026-02-07 10:00:56,485 - INFO - Save dir: checkpoints/grid_shipsear/num_epochs100_weight_decay0.0001_batch_size16_lr0.0005_distill_typeTser_freezeFalse_USE_DYNAMIC_DISTILL_WEIGHTFalse_p_encoder0.2_p_classifier0.3
2026-02-07 10:00:56,485 - INFO - ==================================================
2026-02-07 10:00:56,503 - INFO - Train dataset size: 2240
2026-02-07 10:00:56,504 - INFO - Validation dataset size: 749
2026-02-07 10:00:57,491 - INFO - Student params: 316,299 (0.32M)
2026-02-07 10:00:57,495 - INFO - Teacher params: 164,415,877 (164.42M)
2026-02-07 10:00:57,495 - INFO - Trainable params: 164,687,249 (164.69M)
2026-02-07 10:00:58,351 - INFO - Start training...
2026-02-07 10:00:58,352 - INFO - No checkpoint found, start from scratch
2026-02-07 10:01:18,919 - INFO - Epoch [1] Batch [0/35]                     Loss: 2.7212, Hard: 1.7246, Soft: 0.9967                     Acc: 12.50% LR: 0.000500                     Alpha: 0.5744425058364868                     Beta: 0.0                     MemKD: 0.0
2026-02-07 10:01:26,534 - INFO - Epoch [1] Batch [20/35]                     Loss: 2.2245, Hard: 1.6236, Soft: 0.6008                     Acc: 34.82% LR: 0.000500                     Alpha: 0.5744425058364868                     Beta: 0.009239592589437962                     MemKD: 0.0
2026-02-07 10:01:53,929 - INFO - Epoch [1/100] Train Loss: 1.9315, Train Acc: 38.21%, Val Loss: 1.3998, Val Acc: 44.15%
2026-02-07 10:01:53,929 - INFO - Best model saved with accuracy: 44.15%
2026-02-07 10:02:13,230 - INFO - Epoch [2] Batch [0/35]                     Loss: 1.3990, Hard: 1.1252, Soft: 0.2738                     Acc: 50.00% LR: 0.000500                     Alpha: 0.5744425058364868                     Beta: 0.015796178951859474                     MemKD: 0.0
2026-02-07 10:02:20,816 - INFO - Epoch [2] Batch [20/35]                     Loss: 1.9448, Hard: 1.4638, Soft: 0.4810                     Acc: 46.73% LR: 0.000500                     Alpha: 0.5744425058364868                     Beta: 0.023718586191534996                     MemKD: 0.0
2026-02-07 10:02:48,907 - INFO - Epoch [2/100] Train Loss: 1.6363, Train Acc: 46.43%, Val Loss: 1.2025, Val Acc: 54.39%
2026-02-07 10:02:48,907 - INFO - Best model saved with accuracy: 54.39%
2026-02-07 10:03:08,233 - INFO - Epoch [3] Batch [0/35]                     Loss: 1.4258, Hard: 1.1222, Soft: 0.3036                     Acc: 56.25% LR: 0.000500                     Alpha: 0.5744425058364868                     Beta: 0.029610617086291313                     MemKD: 0.0
2026-02-07 10:03:15,777 - INFO - Epoch [3] Batch [20/35]                     Loss: 1.4511, Hard: 1.1738, Soft: 0.2773                     Acc: 43.75% LR: 0.000500                     Alpha: 0.5744425058364868                     Beta: 0.03800157830119133                     MemKD: 0.0
2026-02-07 10:03:43,258 - INFO - Epoch [3/100] Train Loss: 1.5897, Train Acc: 46.96%, Val Loss: 1.1617, Val Acc: 51.33%
2026-02-07 10:04:04,521 - INFO - Epoch [4] Batch [0/35]                     Loss: 1.2591, Hard: 1.0272, Soft: 0.2319                     Acc: 62.50% LR: 0.000499                     Alpha: 0.5744425058364868                     Beta: 0.044181182980537415                     MemKD: 0.0
2026-02-07 10:04:12,216 - INFO - Epoch [4] Batch [20/35]                     Loss: 1.4990, Hard: 1.2121, Soft: 0.2869                     Acc: 53.87% LR: 0.000499                     Alpha: 0.5744425058364868                     Beta: 0.05166531726717949                     MemKD: 0.0
2026-02-07 10:04:42,374 - INFO - Epoch [4/100] Train Loss: 1.4343, Train Acc: 54.11%, Val Loss: 0.9997, Val Acc: 60.77%
2026-02-07 10:04:42,374 - INFO - Best model saved with accuracy: 60.77%
2026-02-07 10:05:02,334 - INFO - Epoch [5] Batch [0/35]                     Loss: 1.5751, Hard: 1.2286, Soft: 0.3465                     Acc: 62.50% LR: 0.000498                     Alpha: 0.5744425058364868                     Beta: 0.05712598189711571                     MemKD: 0.0
2026-02-07 10:05:10,008 - INFO - Epoch [5] Batch [20/35]                     Loss: 1.4194, Hard: 1.1375, Soft: 0.2819                     Acc: 56.55% LR: 0.000498                     Alpha: 0.5744425058364868                     Beta: 0.06494995206594467                     MemKD: 0.0
2026-02-07 10:05:40,267 - INFO - Epoch [5/100] Train Loss: 1.3740, Train Acc: 56.25%, Val Loss: 0.9990, Val Acc: 58.38%
2026-02-07 10:06:00,361 - INFO - Epoch [6] Batch [0/35]                     Loss: 1.3021, Hard: 1.0389, Soft: 0.2633                     Acc: 56.25% LR: 0.000497                     Alpha: 0.5744425058364868                     Beta: 0.07052335143089294                     MemKD: 0.0
2026-02-07 10:06:07,992 - INFO - Epoch [6] Batch [20/35]                     Loss: 1.6255, Hard: 1.3120, Soft: 0.3135                     Acc: 57.44% LR: 0.000497                     Alpha: 0.5744425058364868                     Beta: 0.07795825600624084                     MemKD: 0.0
2026-02-07 10:06:36,943 - INFO - Epoch [6/100] Train Loss: 1.2910, Train Acc: 59.46%, Val Loss: 1.0532, Val Acc: 59.84%
2026-02-07 10:06:58,400 - INFO - Epoch [7] Batch [0/35]                     Loss: 1.2185, Hard: 0.9983, Soft: 0.2203                     Acc: 56.25% LR: 0.000496                     Alpha: 0.5744425058364868                     Beta: 0.08363346010446548                     MemKD: 0.0
2026-02-07 10:07:06,001 - INFO - Epoch [7] Batch [20/35]                     Loss: 1.1428, Hard: 0.9282, Soft: 0.2147                     Acc: 58.63% LR: 0.000496                     Alpha: 0.5744425058364868                     Beta: 0.09101195633411407                     MemKD: 0.0
2026-02-07 10:07:35,957 - INFO - Epoch [7/100] Train Loss: 1.2438, Train Acc: 58.93%, Val Loss: 1.0472, Val Acc: 62.10%
2026-02-07 10:07:35,957 - INFO - Best model saved with accuracy: 62.10%
2026-02-07 10:07:55,741 - INFO - Epoch [8] Batch [0/35]                     Loss: 1.0309, Hard: 0.7867, Soft: 0.2441                     Acc: 75.00% LR: 0.000494                     Alpha: 0.5744425058364868                     Beta: 0.09652192890644073                     MemKD: 0.0
2026-02-07 10:08:03,345 - INFO - Epoch [8] Batch [20/35]                     Loss: 0.7758, Hard: 0.6342, Soft: 0.1415                     Acc: 63.39% LR: 0.000494                     Alpha: 0.5744425058364868                     Beta: 0.1040257066488266                     MemKD: 0.0
2026-02-07 10:08:30,789 - INFO - Epoch [8/100] Train Loss: 1.2336, Train Acc: 62.68%, Val Loss: 0.9325, Val Acc: 60.37%
2026-02-07 10:08:50,003 - INFO - Epoch [9] Batch [0/35]                     Loss: 0.8247, Hard: 0.6998, Soft: 0.1249                     Acc: 68.75% LR: 0.000492                     Alpha: 0.5744425058364868                     Beta: 0.10976677387952805                     MemKD: 0.0
2026-02-07 10:08:57,620 - INFO - Epoch [9] Batch [20/35]                     Loss: 1.6589, Hard: 1.3507, Soft: 0.3083                     Acc: 63.69% LR: 0.000492                     Alpha: 0.5744425058364868                     Beta: 0.11701563000679016                     MemKD: 0.0
2026-02-07 10:09:23,917 - INFO - Epoch [9/100] Train Loss: 1.1165, Train Acc: 64.82%, Val Loss: 0.8709, Val Acc: 65.56%
2026-02-07 10:09:23,918 - INFO - Best model saved with accuracy: 65.56%
2026-02-07 10:09:43,117 - INFO - Epoch [10] Batch [0/35]                     Loss: 1.1179, Hard: 0.9288, Soft: 0.1891                     Acc: 68.75% LR: 0.000490                     Alpha: 0.5744425058364868                     Beta: 0.12244582921266556                     MemKD: 0.0
2026-02-07 10:09:50,691 - INFO - Epoch [10] Batch [20/35]                     Loss: 1.2538, Hard: 1.0670, Soft: 0.1867                     Acc: 62.80% LR: 0.000490                     Alpha: 0.5744425058364868                     Beta: 0.12955644726753235                     MemKD: 0.0
2026-02-07 10:10:17,206 - INFO - Epoch [10/100] Train Loss: 1.0704, Train Acc: 65.89%, Val Loss: 0.9075, Val Acc: 65.29%
2026-02-07 10:10:17,255 - INFO - Checkpoint saved at epoch 10
2026-02-07 10:10:35,469 - INFO - Epoch [11] Batch [0/35]                     Loss: 0.6100, Hard: 0.5211, Soft: 0.0888                     Acc: 93.75% LR: 0.000488                     Alpha: 0.5744425058364868                     Beta: 0.13467496633529663                     MemKD: 0.0
2026-02-07 10:10:43,073 - INFO - Epoch [11] Batch [20/35]                     Loss: 1.1752, Hard: 0.9869, Soft: 0.1883                     Acc: 65.77% LR: 0.000488                     Alpha: 0.5744425058364868                     Beta: 0.14148098230361938                     MemKD: 0.0
2026-02-07 10:11:10,914 - INFO - Epoch [11/100] Train Loss: 1.1050, Train Acc: 64.29%, Val Loss: 0.8006, Val Acc: 68.22%
2026-02-07 10:11:10,915 - INFO - Best model saved with accuracy: 68.22%
2026-02-07 10:11:31,467 - INFO - Epoch [12] Batch [0/35]                     Loss: 0.7946, Hard: 0.6650, Soft: 0.1296                     Acc: 62.50% LR: 0.000485                     Alpha: 0.5744425058364868                     Beta: 0.14690536260604858                     MemKD: 0.0
2026-02-07 10:11:39,090 - INFO - Epoch [12] Batch [20/35]                     Loss: 1.3652, Hard: 1.0961, Soft: 0.2691                     Acc: 70.83% LR: 0.000485                     Alpha: 0.5744425058364868                     Beta: 0.15327145159244537                     MemKD: 0.0
2026-02-07 10:12:08,770 - INFO - Epoch [12/100] Train Loss: 0.9406, Train Acc: 71.25%, Val Loss: 0.7608, Val Acc: 71.68%
2026-02-07 10:12:08,771 - INFO - Best model saved with accuracy: 71.68%
2026-02-07 10:12:31,224 - INFO - Epoch [13] Batch [0/35]                     Loss: 1.3967, Hard: 1.2079, Soft: 0.1888                     Acc: 31.25% LR: 0.000482                     Alpha: 0.5744425058364868                     Beta: 0.1580490618944168                     MemKD: 0.0
2026-02-07 10:12:38,781 - INFO - Epoch [13] Batch [20/35]                     Loss: 1.4745, Hard: 1.2058, Soft: 0.2687                     Acc: 59.82% LR: 0.000482                     Alpha: 0.5744425058364868                     Beta: 0.16547004878520966                     MemKD: 0.0
2026-02-07 10:13:06,635 - INFO - Epoch [13/100] Train Loss: 1.1382, Train Acc: 63.93%, Val Loss: 0.8025, Val Acc: 66.62%
2026-02-07 10:13:26,120 - INFO - Epoch [14] Batch [0/35]                     Loss: 0.8076, Hard: 0.6817, Soft: 0.1260                     Acc: 81.25% LR: 0.000479                     Alpha: 0.5744425058364868                     Beta: 0.1713627278804779                     MemKD: 0.0
2026-02-07 10:13:33,757 - INFO - Epoch [14] Batch [20/35]                     Loss: 0.8474, Hard: 0.6808, Soft: 0.1666                     Acc: 66.37% LR: 0.000479                     Alpha: 0.5744425058364868                     Beta: 0.17838513851165771                     MemKD: 0.0
2026-02-07 10:14:00,844 - INFO - Epoch [14/100] Train Loss: 0.9961, Train Acc: 67.68%, Val Loss: 0.7015, Val Acc: 74.20%
2026-02-07 10:14:00,845 - INFO - Best model saved with accuracy: 74.20%
2026-02-07 10:14:20,025 - INFO - Epoch [15] Batch [0/35]                     Loss: 0.9994, Hard: 0.8198, Soft: 0.1797                     Acc: 68.75% LR: 0.000476                     Alpha: 0.5744425058364868                     Beta: 0.1838371902704239                     MemKD: 0.0
2026-02-07 10:14:27,624 - INFO - Epoch [15] Batch [20/35]                     Loss: 0.8624, Hard: 0.7151, Soft: 0.1473                     Acc: 73.51% LR: 0.000476                     Alpha: 0.5744425058364868                     Beta: 0.19034281373023987                     MemKD: 0.0
2026-02-07 10:14:55,846 - INFO - Epoch [15/100] Train Loss: 0.9403, Train Acc: 71.96%, Val Loss: 0.8703, Val Acc: 67.82%
2026-02-07 10:15:15,289 - INFO - Epoch [16] Batch [0/35]                     Loss: 0.8421, Hard: 0.6995, Soft: 0.1426                     Acc: 68.75% LR: 0.000473                     Alpha: 0.5744425058364868                     Beta: 0.19527055323123932                     MemKD: 0.0
2026-02-07 10:15:22,937 - INFO - Epoch [16] Batch [20/35]                     Loss: 0.9109, Hard: 0.7724, Soft: 0.1384                     Acc: 67.56% LR: 0.000473                     Alpha: 0.5744425058364868                     Beta: 0.2022823840379715                     MemKD: 0.0
2026-02-07 10:15:50,571 - INFO - Epoch [16/100] Train Loss: 1.0199, Train Acc: 67.68%, Val Loss: 0.8385, Val Acc: 65.82%
2026-02-07 10:16:10,321 - INFO - Epoch [17] Batch [0/35]                     Loss: 1.1592, Hard: 0.9426, Soft: 0.2166                     Acc: 62.50% LR: 0.000469                     Alpha: 0.5744425058364868                     Beta: 0.2078201174736023                     MemKD: 0.0
2026-02-07 10:16:17,999 - INFO - Epoch [17] Batch [20/35]                     Loss: 0.8753, Hard: 0.7317, Soft: 0.1436                     Acc: 69.05% LR: 0.000469                     Alpha: 0.5744425058364868                     Beta: 0.21478816866874695                     MemKD: 0.0
2026-02-07 10:16:44,970 - INFO - Epoch [17/100] Train Loss: 0.9534, Train Acc: 68.21%, Val Loss: 0.7840, Val Acc: 67.95%
2026-02-07 10:17:04,043 - INFO - Epoch [18] Batch [0/35]                     Loss: 1.2689, Hard: 1.0556, Soft: 0.2133                     Acc: 68.75% LR: 0.000465                     Alpha: 0.5744425058364868                     Beta: 0.21978439390659332                     MemKD: 0.0
2026-02-07 10:17:11,651 - INFO - Epoch [18] Batch [20/35]                     Loss: 1.0653, Hard: 0.8708, Soft: 0.1945                     Acc: 72.62% LR: 0.000465                     Alpha: 0.5744425058364868                     Beta: 0.22666354477405548                     MemKD: 0.0
2026-02-07 10:17:40,680 - INFO - Epoch [18/100] Train Loss: 0.9345, Train Acc: 71.61%, Val Loss: 0.8384, Val Acc: 69.95%
2026-02-07 10:17:59,268 - INFO - Epoch [19] Batch [0/35]                     Loss: 0.8441, Hard: 0.6936, Soft: 0.1506                     Acc: 68.75% LR: 0.000461                     Alpha: 0.5744425058364868                     Beta: 0.23193535208702087                     MemKD: 0.0
2026-02-07 10:18:06,815 - INFO - Epoch [19] Batch [20/35]                     Loss: 0.7516, Hard: 0.5885, Soft: 0.1631                     Acc: 72.62% LR: 0.000461                     Alpha: 0.5744425058364868                     Beta: 0.23858524858951569                     MemKD: 0.0
2026-02-07 10:18:35,399 - INFO - Epoch [19/100] Train Loss: 0.9002, Train Acc: 71.79%, Val Loss: 0.6470, Val Acc: 76.33%
2026-02-07 10:18:35,400 - INFO - Best model saved with accuracy: 76.33%
2026-02-07 10:18:55,253 - INFO - Epoch [20] Batch [0/35]                     Loss: 0.6773, Hard: 0.5800, Soft: 0.0973                     Acc: 81.25% LR: 0.000457                     Alpha: 0.5744425058364868                     Beta: 0.2437334656715393                     MemKD: 0.0
2026-02-07 10:19:02,962 - INFO - Epoch [20] Batch [20/35]                     Loss: 1.1037, Hard: 0.9431, Soft: 0.1606                     Acc: 73.51% LR: 0.000457                     Alpha: 0.5744425058364868                     Beta: 0.24996380507946014                     MemKD: 0.0
2026-02-07 10:19:29,915 - INFO - Epoch [20/100] Train Loss: 0.9190, Train Acc: 71.25%, Val Loss: 0.6551, Val Acc: 75.53%
2026-02-07 10:19:29,946 - INFO - Checkpoint saved at epoch 20
2026-02-07 10:19:50,334 - INFO - Epoch [21] Batch [0/35]                     Loss: 0.8370, Hard: 0.7226, Soft: 0.1143                     Acc: 68.75% LR: 0.000452                     Alpha: 0.5744425058364868                     Beta: 0.25550466775894165                     MemKD: 0.0
2026-02-07 10:19:58,009 - INFO - Epoch [21] Batch [20/35]                     Loss: 0.5304, Hard: 0.4397, Soft: 0.0907                     Acc: 75.30% LR: 0.000452                     Alpha: 0.5744425058364868                     Beta: 0.2622714638710022                     MemKD: 0.0
2026-02-07 10:20:25,981 - INFO - Epoch [21/100] Train Loss: 0.8585, Train Acc: 73.93%, Val Loss: 0.5763, Val Acc: 79.52%
2026-02-07 10:20:25,981 - INFO - Best model saved with accuracy: 79.52%
2026-02-07 10:20:44,011 - INFO - Epoch [22] Batch [0/35]                     Loss: 1.3027, Hard: 1.1022, Soft: 0.2005                     Acc: 56.25% LR: 0.000448                     Alpha: 0.5744425058364868                     Beta: 0.2668221592903137                     MemKD: 0.0
2026-02-07 10:20:51,656 - INFO - Epoch [22] Batch [20/35]                     Loss: 0.9182, Hard: 0.7992, Soft: 0.1190                     Acc: 74.40% LR: 0.000448                     Alpha: 0.5744425058364868                     Beta: 0.27322816848754883                     MemKD: 0.0
2026-02-07 10:21:21,888 - INFO - Epoch [22/100] Train Loss: 0.8551, Train Acc: 72.68%, Val Loss: 0.7726, Val Acc: 69.02%
2026-02-07 10:21:42,405 - INFO - Epoch [23] Batch [0/35]                     Loss: 0.7188, Hard: 0.5918, Soft: 0.1269                     Acc: 75.00% LR: 0.000443                     Alpha: 0.5744425058364868                     Beta: 0.27820566296577454                     MemKD: 0.0
2026-02-07 10:21:49,988 - INFO - Epoch [23] Batch [20/35]                     Loss: 0.9283, Hard: 0.7972, Soft: 0.1312                     Acc: 77.68% LR: 0.000443                     Alpha: 0.5744425058364868                     Beta: 0.2845240831375122                     MemKD: 0.0
2026-02-07 10:22:17,301 - INFO - Epoch [23/100] Train Loss: 0.8019, Train Acc: 77.50%, Val Loss: 0.7878, Val Acc: 66.76%
2026-02-07 10:22:37,066 - INFO - Epoch [24] Batch [0/35]                     Loss: 0.5655, Hard: 0.4764, Soft: 0.0892                     Acc: 87.50% LR: 0.000438                     Alpha: 0.5744425058364868                     Beta: 0.2891733944416046                     MemKD: 0.0
2026-02-07 10:22:44,644 - INFO - Epoch [24] Batch [20/35]                     Loss: 0.3782, Hard: 0.3231, Soft: 0.0551                     Acc: 75.00% LR: 0.000438                     Alpha: 0.5744425058364868                     Beta: 0.2954077422618866                     MemKD: 0.0
2026-02-07 10:23:12,479 - INFO - Epoch [24/100] Train Loss: 0.7973, Train Acc: 75.89%, Val Loss: 0.6738, Val Acc: 75.40%
2026-02-07 10:23:32,664 - INFO - Epoch [25] Batch [0/35]                     Loss: 1.0844, Hard: 0.9279, Soft: 0.1565                     Acc: 62.50% LR: 0.000432                     Alpha: 0.5744425058364868                     Beta: 0.3001469075679779                     MemKD: 0.0
2026-02-07 10:23:40,387 - INFO - Epoch [25] Batch [20/35]                     Loss: 0.4612, Hard: 0.3816, Soft: 0.0797                     Acc: 73.81% LR: 0.000432                     Alpha: 0.5744425058364868                     Beta: 0.30602601170539856                     MemKD: 0.0
2026-02-07 10:24:07,548 - INFO - Epoch [25/100] Train Loss: 0.8180, Train Acc: 73.39%, Val Loss: 0.5583, Val Acc: 79.52%
2026-02-07 10:24:27,959 - INFO - Epoch [26] Batch [0/35]                     Loss: 0.4578, Hard: 0.3920, Soft: 0.0658                     Acc: 81.25% LR: 0.000427                     Alpha: 0.5744425058364868                     Beta: 0.31062477827072144                     MemKD: 0.0
2026-02-07 10:24:35,621 - INFO - Epoch [26] Batch [20/35]                     Loss: 1.2985, Hard: 1.1361, Soft: 0.1624                     Acc: 77.08% LR: 0.000427                     Alpha: 0.5744425058364868                     Beta: 0.31638529896736145                     MemKD: 0.0
2026-02-07 10:25:04,792 - INFO - Epoch [26/100] Train Loss: 0.7884, Train Acc: 75.36%, Val Loss: 0.6183, Val Acc: 76.46%
2026-02-07 10:25:24,588 - INFO - Epoch [27] Batch [0/35]                     Loss: 0.4846, Hard: 0.4224, Soft: 0.0622                     Acc: 87.50% LR: 0.000421                     Alpha: 0.5744425058364868                     Beta: 0.32101309299468994                     MemKD: 0.0
2026-02-07 10:25:32,163 - INFO - Epoch [27] Batch [20/35]                     Loss: 0.5231, Hard: 0.4554, Soft: 0.0677                     Acc: 75.30% LR: 0.000421                     Alpha: 0.5744425058364868                     Beta: 0.3271106481552124                     MemKD: 0.0
2026-02-07 10:26:00,834 - INFO - Epoch [27/100] Train Loss: 0.8046, Train Acc: 73.93%, Val Loss: 0.9774, Val Acc: 63.83%
2026-02-07 10:26:21,366 - INFO - Epoch [28] Batch [0/35]                     Loss: 1.2186, Hard: 1.0312, Soft: 0.1874                     Acc: 62.50% LR: 0.000415                     Alpha: 0.5744425058364868                     Beta: 0.3318076729774475                     MemKD: 0.0
2026-02-07 10:26:28,961 - INFO - Epoch [28] Batch [20/35]                     Loss: 0.4843, Hard: 0.4094, Soft: 0.0749                     Acc: 76.19% LR: 0.000415                     Alpha: 0.5744425058364868                     Beta: 0.33835548162460327                     MemKD: 0.0
2026-02-07 10:26:58,227 - INFO - Epoch [28/100] Train Loss: 0.7603, Train Acc: 75.18%, Val Loss: 0.7711, Val Acc: 69.81%
2026-02-07 10:27:18,136 - INFO - Epoch [29] Batch [0/35]                     Loss: 0.5774, Hard: 0.5121, Soft: 0.0653                     Acc: 81.25% LR: 0.000409                     Alpha: 0.5744425058364868                     Beta: 0.34255123138427734                     MemKD: 0.0
2026-02-07 10:27:25,709 - INFO - Epoch [29] Batch [20/35]                     Loss: 0.7598, Hard: 0.6529, Soft: 0.1069                     Acc: 75.00% LR: 0.000409                     Alpha: 0.5744425058364868                     Beta: 0.3481786251068115                     MemKD: 0.0
2026-02-07 10:27:55,112 - INFO - Epoch [29/100] Train Loss: 0.7105, Train Acc: 75.18%, Val Loss: 0.6893, Val Acc: 72.87%
2026-02-07 10:28:13,622 - INFO - Epoch [30] Batch [0/35]                     Loss: 1.0959, Hard: 0.9429, Soft: 0.1530                     Acc: 75.00% LR: 0.000403                     Alpha: 0.5744425058364868                     Beta: 0.3522340655326843                     MemKD: 0.0
2026-02-07 10:28:21,224 - INFO - Epoch [30] Batch [20/35]                     Loss: 1.0307, Hard: 0.8872, Soft: 0.1435                     Acc: 78.87% LR: 0.000403                     Alpha: 0.5744425058364868                     Beta: 0.357700914144516                     MemKD: 0.0
2026-02-07 10:28:48,398 - INFO - Epoch [30/100] Train Loss: 0.7394, Train Acc: 77.50%, Val Loss: 0.6805, Val Acc: 74.20%
2026-02-07 10:28:48,446 - INFO - Checkpoint saved at epoch 30
2026-02-07 10:29:08,378 - INFO - Epoch [31] Batch [0/35]                     Loss: 0.7193, Hard: 0.6123, Soft: 0.1070                     Acc: 75.00% LR: 0.000397                     Alpha: 0.5744425058364868                     Beta: 0.36191561818122864                     MemKD: 0.0
2026-02-07 10:29:16,174 - INFO - Epoch [31] Batch [20/35]                     Loss: 0.5514, Hard: 0.4769, Soft: 0.0744                     Acc: 73.51% LR: 0.000397                     Alpha: 0.5744425058364868                     Beta: 0.3679587244987488                     MemKD: 0.0
2026-02-07 10:29:44,922 - INFO - Epoch [31/100] Train Loss: 0.7267, Train Acc: 75.71%, Val Loss: 0.5627, Val Acc: 78.72%
2026-02-07 10:30:05,640 - INFO - Epoch [32] Batch [0/35]                     Loss: 0.5066, Hard: 0.4302, Soft: 0.0764                     Acc: 81.25% LR: 0.000391                     Alpha: 0.5744425058364868                     Beta: 0.3722084164619446                     MemKD: 0.0
2026-02-07 10:30:13,290 - INFO - Epoch [32] Batch [20/35]                     Loss: 0.8173, Hard: 0.6834, Soft: 0.1339                     Acc: 77.38% LR: 0.000391                     Alpha: 0.5744425058364868                     Beta: 0.37723737955093384                     MemKD: 0.0
2026-02-07 10:30:41,343 - INFO - Epoch [32/100] Train Loss: 0.6700, Train Acc: 78.21%, Val Loss: 0.6317, Val Acc: 76.86%
2026-02-07 10:31:01,923 - INFO - Epoch [33] Batch [0/35]                     Loss: 0.5044, Hard: 0.4267, Soft: 0.0776                     Acc: 87.50% LR: 0.000384                     Alpha: 0.5744425058364868                     Beta: 0.3811141848564148                     MemKD: 0.0
2026-02-07 10:31:09,516 - INFO - Epoch [33] Batch [20/35]                     Loss: 0.9604, Hard: 0.8406, Soft: 0.1198                     Acc: 75.30% LR: 0.000384                     Alpha: 0.5744425058364868                     Beta: 0.38686099648475647                     MemKD: 0.0
2026-02-07 10:31:37,819 - INFO - Epoch [33/100] Train Loss: 0.7354, Train Acc: 76.07%, Val Loss: 0.5685, Val Acc: 78.72%
2026-02-07 10:31:57,078 - INFO - Epoch [34] Batch [0/35]                     Loss: 0.5314, Hard: 0.4568, Soft: 0.0745                     Acc: 87.50% LR: 0.000377                     Alpha: 0.5744425058364868                     Beta: 0.39136171340942383                     MemKD: 0.0
2026-02-07 10:32:04,790 - INFO - Epoch [34] Batch [20/35]                     Loss: 0.4549, Hard: 0.4000, Soft: 0.0549                     Acc: 80.06% LR: 0.000377                     Alpha: 0.5744425058364868                     Beta: 0.39661964774131775                     MemKD: 0.0
2026-02-07 10:32:32,420 - INFO - Epoch [34/100] Train Loss: 0.6895, Train Acc: 77.68%, Val Loss: 0.5919, Val Acc: 77.79%
2026-02-07 10:32:53,115 - INFO - Epoch [35] Batch [0/35]                     Loss: 1.1233, Hard: 0.9629, Soft: 0.1603                     Acc: 68.75% LR: 0.000370                     Alpha: 0.5744425058364868                     Beta: 0.40107637643814087                     MemKD: 0.0
2026-02-07 10:33:00,801 - INFO - Epoch [35] Batch [20/35]                     Loss: 0.5345, Hard: 0.4519, Soft: 0.0825                     Acc: 77.98% LR: 0.000370                     Alpha: 0.5744425058364868                     Beta: 0.40680497884750366                     MemKD: 0.0
2026-02-07 10:33:29,397 - INFO - Epoch [35/100] Train Loss: 0.7303, Train Acc: 77.14%, Val Loss: 0.9652, Val Acc: 66.49%
2026-02-07 10:33:50,509 - INFO - Epoch [36] Batch [0/35]                     Loss: 0.5652, Hard: 0.4760, Soft: 0.0892                     Acc: 81.25% LR: 0.000363                     Alpha: 0.5744425058364868                     Beta: 0.4111529588699341                     MemKD: 0.0
2026-02-07 10:33:58,044 - INFO - Epoch [36] Batch [20/35]                     Loss: 0.6815, Hard: 0.5820, Soft: 0.0994                     Acc: 79.17% LR: 0.000363                     Alpha: 0.5744425058364868                     Beta: 0.41641929745674133                     MemKD: 0.0
2026-02-07 10:34:26,058 - INFO - Epoch [36/100] Train Loss: 0.6604, Train Acc: 78.75%, Val Loss: 0.6853, Val Acc: 73.80%
2026-02-07 10:34:47,848 - INFO - Epoch [37] Batch [0/35]                     Loss: 0.4138, Hard: 0.3476, Soft: 0.0662                     Acc: 75.00% LR: 0.000356                     Alpha: 0.5744425058364868                     Beta: 0.42029497027397156                     MemKD: 0.0
2026-02-07 10:34:55,571 - INFO - Epoch [37] Batch [20/35]                     Loss: 0.4899, Hard: 0.4242, Soft: 0.0656                     Acc: 81.55% LR: 0.000356                     Alpha: 0.5744425058364868                     Beta: 0.425039678812027                     MemKD: 0.0
2026-02-07 10:35:22,264 - INFO - Epoch [37/100] Train Loss: 0.5742, Train Acc: 82.68%, Val Loss: 0.5299, Val Acc: 80.05%
2026-02-07 10:35:22,265 - INFO - Best model saved with accuracy: 80.05%
2026-02-07 10:35:41,869 - INFO - Epoch [38] Batch [0/35]                     Loss: 0.3209, Hard: 0.2689, Soft: 0.0520                     Acc: 100.00% LR: 0.000349                     Alpha: 0.5744425058364868                     Beta: 0.4281527101993561                     MemKD: 0.0
2026-02-07 10:35:49,513 - INFO - Epoch [38] Batch [20/35]                     Loss: 1.1261, Hard: 0.9693, Soft: 0.1568                     Acc: 83.63% LR: 0.000349                     Alpha: 0.5744425058364868                     Beta: 0.4320986270904541                     MemKD: 0.0
2026-02-07 10:36:16,709 - INFO - Epoch [38/100] Train Loss: 0.5753, Train Acc: 82.32%, Val Loss: 0.6147, Val Acc: 76.86%
2026-02-07 10:36:36,564 - INFO - Epoch [39] Batch [0/35]                     Loss: 0.3813, Hard: 0.3273, Soft: 0.0541                     Acc: 75.00% LR: 0.000342                     Alpha: 0.5744425058364868                     Beta: 0.4358007609844208                     MemKD: 0.0
2026-02-07 10:36:44,122 - INFO - Epoch [39] Batch [20/35]                     Loss: 0.4329, Hard: 0.3641, Soft: 0.0688                     Acc: 82.14% LR: 0.000342                     Alpha: 0.5744425058364868                     Beta: 0.4401359558105469                     MemKD: 0.0
2026-02-07 10:37:11,961 - INFO - Epoch [39/100] Train Loss: 0.5470, Train Acc: 81.96%, Val Loss: 0.4890, Val Acc: 82.31%
2026-02-07 10:37:11,962 - INFO - Best model saved with accuracy: 82.31%
2026-02-07 10:37:31,255 - INFO - Epoch [40] Batch [0/35]                     Loss: 0.7253, Hard: 0.6209, Soft: 0.1044                     Acc: 56.25% LR: 0.000335                     Alpha: 0.5744425058364868                     Beta: 0.4434402585029602                     MemKD: 0.0
2026-02-07 10:37:38,861 - INFO - Epoch [40] Batch [20/35]                     Loss: 0.4039, Hard: 0.3369, Soft: 0.0670                     Acc: 80.06% LR: 0.000335                     Alpha: 0.5744425058364868                     Beta: 0.44789808988571167                     MemKD: 0.0
2026-02-07 10:38:08,194 - INFO - Epoch [40/100] Train Loss: 0.6069, Train Acc: 79.64%, Val Loss: 0.6088, Val Acc: 78.46%
2026-02-07 10:38:08,232 - INFO - Checkpoint saved at epoch 40
2026-02-07 10:38:28,053 - INFO - Epoch [41] Batch [0/35]                     Loss: 0.5111, Hard: 0.4440, Soft: 0.0671                     Acc: 68.75% LR: 0.000327                     Alpha: 0.5744425058364868                     Beta: 0.4512667655944824                     MemKD: 0.0
2026-02-07 10:38:35,640 - INFO - Epoch [41] Batch [20/35]                     Loss: 0.6243, Hard: 0.5382, Soft: 0.0860                     Acc: 79.76% LR: 0.000327                     Alpha: 0.5744425058364868                     Beta: 0.4558466672897339                     MemKD: 0.0
2026-02-07 10:39:03,687 - INFO - Epoch [41/100] Train Loss: 0.5897, Train Acc: 82.32%, Val Loss: 0.4894, Val Acc: 82.18%
2026-02-07 10:39:22,591 - INFO - Epoch [42] Batch [0/35]                     Loss: 0.7106, Hard: 0.6254, Soft: 0.0852                     Acc: 75.00% LR: 0.000320                     Alpha: 0.5744425058364868                     Beta: 0.4592552185058594                     MemKD: 0.0
2026-02-07 10:39:30,213 - INFO - Epoch [42] Batch [20/35]                     Loss: 0.7474, Hard: 0.6579, Soft: 0.0896                     Acc: 82.14% LR: 0.000320                     Alpha: 0.5744425058364868                     Beta: 0.46340903639793396                     MemKD: 0.0
2026-02-07 10:39:57,743 - INFO - Epoch [42/100] Train Loss: 0.5246, Train Acc: 83.04%, Val Loss: 0.5517, Val Acc: 79.39%
2026-02-07 10:40:16,282 - INFO - Epoch [43] Batch [0/35]                     Loss: 0.5079, Hard: 0.4484, Soft: 0.0595                     Acc: 81.25% LR: 0.000312                     Alpha: 0.5744425058364868                     Beta: 0.46631333231925964                     MemKD: 0.0
2026-02-07 10:40:24,073 - INFO - Epoch [43] Batch [20/35]                     Loss: 0.6657, Hard: 0.5682, Soft: 0.0975                     Acc: 80.95% LR: 0.000312                     Alpha: 0.5744425058364868                     Beta: 0.47041741013526917                     MemKD: 0.0
2026-02-07 10:40:52,554 - INFO - Epoch [43/100] Train Loss: 0.5447, Train Acc: 81.96%, Val Loss: 0.5977, Val Acc: 76.33%
2026-02-07 10:41:12,211 - INFO - Epoch [44] Batch [0/35]                     Loss: 0.2968, Hard: 0.2614, Soft: 0.0355                     Acc: 93.75% LR: 0.000305                     Alpha: 0.5744425058364868                     Beta: 0.47347864508628845                     MemKD: 0.0
2026-02-07 10:41:19,775 - INFO - Epoch [44] Batch [20/35]                     Loss: 0.4311, Hard: 0.3667, Soft: 0.0644                     Acc: 83.93% LR: 0.000305                     Alpha: 0.5744425058364868                     Beta: 0.4772867262363434                     MemKD: 0.0
2026-02-07 10:41:47,148 - INFO - Epoch [44/100] Train Loss: 0.5366, Train Acc: 84.11%, Val Loss: 0.5046, Val Acc: 80.85%
2026-02-07 10:42:05,211 - INFO - Epoch [45] Batch [0/35]                     Loss: 0.6084, Hard: 0.5236, Soft: 0.0848                     Acc: 75.00% LR: 0.000297                     Alpha: 0.5744425058364868                     Beta: 0.4805031716823578                     MemKD: 0.0
2026-02-07 10:42:12,892 - INFO - Epoch [45] Batch [20/35]                     Loss: 1.1475, Hard: 1.0092, Soft: 0.1384                     Acc: 82.44% LR: 0.000297                     Alpha: 0.5744425058364868                     Beta: 0.484214186668396                     MemKD: 0.0
2026-02-07 10:42:40,453 - INFO - Epoch [45/100] Train Loss: 0.5210, Train Acc: 83.04%, Val Loss: 0.4715, Val Acc: 83.64%
2026-02-07 10:42:40,453 - INFO - Best model saved with accuracy: 83.64%
2026-02-07 10:43:00,002 - INFO - Epoch [46] Batch [0/35]                     Loss: 0.7563, Hard: 0.6554, Soft: 0.1009                     Acc: 75.00% LR: 0.000289                     Alpha: 0.5744425058364868                     Beta: 0.48728254437446594                     MemKD: 0.0
2026-02-07 10:43:07,661 - INFO - Epoch [46] Batch [20/35]                     Loss: 0.3379, Hard: 0.3008, Soft: 0.0371                     Acc: 82.14% LR: 0.000289                     Alpha: 0.5744425058364868                     Beta: 0.4916243255138397                     MemKD: 0.0
2026-02-07 10:43:35,158 - INFO - Epoch [46/100] Train Loss: 0.5667, Train Acc: 81.79%, Val Loss: 0.6144, Val Acc: 76.99%
2026-02-07 10:43:53,490 - INFO - Epoch [47] Batch [0/35]                     Loss: 0.6258, Hard: 0.5593, Soft: 0.0665                     Acc: 81.25% LR: 0.000281                     Alpha: 0.5744425058364868                     Beta: 0.4945385456085205                     MemKD: 0.0
2026-02-07 10:44:01,094 - INFO - Epoch [47] Batch [20/35]                     Loss: 0.9417, Hard: 0.8364, Soft: 0.1052                     Acc: 83.04% LR: 0.000281                     Alpha: 0.5744425058364868                     Beta: 0.4986378848552704                     MemKD: 0.0
2026-02-07 10:44:28,494 - INFO - Epoch [47/100] Train Loss: 0.5254, Train Acc: 84.46%, Val Loss: 0.5102, Val Acc: 81.12%
2026-02-07 10:44:48,113 - INFO - Epoch [48] Batch [0/35]                     Loss: 0.7639, Hard: 0.6829, Soft: 0.0810                     Acc: 75.00% LR: 0.000274                     Alpha: 0.5744425058364868                     Beta: 0.5012983679771423                     MemKD: 0.0
2026-02-07 10:44:55,710 - INFO - Epoch [48] Batch [20/35]                     Loss: 0.1741, Hard: 0.1516, Soft: 0.0225                     Acc: 81.55% LR: 0.000274                     Alpha: 0.5744425058364868                     Beta: 0.5051057934761047                     MemKD: 0.0
2026-02-07 10:45:23,979 - INFO - Epoch [48/100] Train Loss: 0.5589, Train Acc: 80.89%, Val Loss: 0.5824, Val Acc: 78.19%
2026-02-07 10:45:42,308 - INFO - Epoch [49] Batch [0/35]                     Loss: 0.4500, Hard: 0.3861, Soft: 0.0639                     Acc: 87.50% LR: 0.000266                     Alpha: 0.5744425058364868                     Beta: 0.5077332258224487                     MemKD: 0.0
2026-02-07 10:45:49,895 - INFO - Epoch [49] Batch [20/35]                     Loss: 0.6393, Hard: 0.5545, Soft: 0.0848                     Acc: 82.44% LR: 0.000266                     Alpha: 0.5744425058364868                     Beta: 0.5112009644508362                     MemKD: 0.0
2026-02-07 10:46:16,366 - INFO - Epoch [49/100] Train Loss: 0.5047, Train Acc: 83.57%, Val Loss: 0.4869, Val Acc: 82.31%
2026-02-07 10:46:35,083 - INFO - Epoch [50] Batch [0/35]                     Loss: 0.4851, Hard: 0.4382, Soft: 0.0469                     Acc: 87.50% LR: 0.000258                     Alpha: 0.5744425058364868                     Beta: 0.5139392018318176                     MemKD: 0.0
2026-02-07 10:46:42,726 - INFO - Epoch [50] Batch [20/35]                     Loss: 0.2270, Hard: 0.1871, Soft: 0.0399                     Acc: 84.23% LR: 0.000258                     Alpha: 0.5744425058364868                     Beta: 0.5174887180328369                     MemKD: 0.0
2026-02-07 10:47:09,058 - INFO - Epoch [50/100] Train Loss: 0.4963, Train Acc: 85.18%, Val Loss: 0.6558, Val Acc: 75.27%
2026-02-07 10:47:09,107 - INFO - Checkpoint saved at epoch 50
2026-02-07 10:47:28,588 - INFO - Epoch [51] Batch [0/35]                     Loss: 0.3771, Hard: 0.3264, Soft: 0.0508                     Acc: 87.50% LR: 0.000250                     Alpha: 0.5744425058364868                     Beta: 0.5197234749794006                     MemKD: 0.0
2026-02-07 10:47:36,198 - INFO - Epoch [51] Batch [20/35]                     Loss: 0.3007, Hard: 0.2679, Soft: 0.0328                     Acc: 85.12% LR: 0.000250                     Alpha: 0.5744425058364868                     Beta: 0.5228759050369263                     MemKD: 0.0
2026-02-07 10:48:03,454 - INFO - Epoch [51/100] Train Loss: 0.4513, Train Acc: 84.64%, Val Loss: 0.4956, Val Acc: 80.85%
2026-02-07 10:48:21,638 - INFO - Epoch [52] Batch [0/35]                     Loss: 0.6693, Hard: 0.5783, Soft: 0.0910                     Acc: 68.75% LR: 0.000242                     Alpha: 0.5744425058364868                     Beta: 0.525155782699585                     MemKD: 0.0
2026-02-07 10:48:29,248 - INFO - Epoch [52] Batch [20/35]                     Loss: 0.4000, Hard: 0.3386, Soft: 0.0614                     Acc: 81.85% LR: 0.000242                     Alpha: 0.5744425058364868                     Beta: 0.5285176038742065                     MemKD: 0.0
2026-02-07 10:48:55,195 - INFO - Epoch [52/100] Train Loss: 0.5233, Train Acc: 82.68%, Val Loss: 0.4993, Val Acc: 79.92%
2026-02-07 10:49:14,366 - INFO - Epoch [53] Batch [0/35]                     Loss: 0.3085, Hard: 0.2577, Soft: 0.0508                     Acc: 93.75% LR: 0.000234                     Alpha: 0.5744425058364868                     Beta: 0.5311475992202759                     MemKD: 0.0
2026-02-07 10:49:22,026 - INFO - Epoch [53] Batch [20/35]                     Loss: 0.2471, Hard: 0.2106, Soft: 0.0366                     Acc: 86.61% LR: 0.000234                     Alpha: 0.5744425058364868                     Beta: 0.534281313419342                     MemKD: 0.0
2026-02-07 10:49:48,585 - INFO - Epoch [53/100] Train Loss: 0.4385, Train Acc: 85.89%, Val Loss: 0.5789, Val Acc: 78.06%
2026-02-07 10:50:07,364 - INFO - Epoch [54] Batch [0/35]                     Loss: 0.7307, Hard: 0.6477, Soft: 0.0831                     Acc: 81.25% LR: 0.000226                     Alpha: 0.5744425058364868                     Beta: 0.5366117358207703                     MemKD: 0.0
2026-02-07 10:50:14,989 - INFO - Epoch [54] Batch [20/35]                     Loss: 0.2285, Hard: 0.1946, Soft: 0.0339                     Acc: 86.90% LR: 0.000226                     Alpha: 0.5744425058364868                     Beta: 0.5395224690437317                     MemKD: 0.0
2026-02-07 10:50:42,074 - INFO - Epoch [54/100] Train Loss: 0.4484, Train Acc: 86.43%, Val Loss: 0.5579, Val Acc: 77.79%
2026-02-07 10:51:01,424 - INFO - Epoch [55] Batch [0/35]                     Loss: 0.3493, Hard: 0.3034, Soft: 0.0459                     Acc: 93.75% LR: 0.000219                     Alpha: 0.5744425058364868                     Beta: 0.5416554808616638                     MemKD: 0.0
2026-02-07 10:51:09,073 - INFO - Epoch [55] Batch [20/35]                     Loss: 0.5029, Hard: 0.4444, Soft: 0.0585                     Acc: 85.12% LR: 0.000219                     Alpha: 0.5744425058364868                     Beta: 0.5446144938468933                     MemKD: 0.0
2026-02-07 10:51:37,029 - INFO - Epoch [55/100] Train Loss: 0.4877, Train Acc: 84.11%, Val Loss: 0.5203, Val Acc: 80.45%
2026-02-07 10:51:56,248 - INFO - Epoch [56] Batch [0/35]                     Loss: 0.4701, Hard: 0.4161, Soft: 0.0539                     Acc: 87.50% LR: 0.000211                     Alpha: 0.5744425058364868                     Beta: 0.5468000769615173                     MemKD: 0.0
2026-02-07 10:52:03,895 - INFO - Epoch [56] Batch [20/35]                     Loss: 0.2909, Hard: 0.2290, Soft: 0.0618                     Acc: 80.65% LR: 0.000211                     Alpha: 0.5744425058364868                     Beta: 0.5498970150947571                     MemKD: 0.0
2026-02-07 10:52:31,541 - INFO - Epoch [56/100] Train Loss: 0.4698, Train Acc: 82.68%, Val Loss: 0.4384, Val Acc: 81.78%
2026-02-07 10:52:50,417 - INFO - Epoch [57] Batch [0/35]                     Loss: 0.5829, Hard: 0.5286, Soft: 0.0543                     Acc: 81.25% LR: 0.000203                     Alpha: 0.5744425058364868                     Beta: 0.55218505859375                     MemKD: 0.0
2026-02-07 10:52:58,032 - INFO - Epoch [57] Batch [20/35]                     Loss: 0.4232, Hard: 0.3759, Soft: 0.0473                     Acc: 86.61% LR: 0.000203                     Alpha: 0.5744425058364868                     Beta: 0.5549687743186951                     MemKD: 0.0
2026-02-07 10:53:26,371 - INFO - Epoch [57/100] Train Loss: 0.4318, Train Acc: 86.61%, Val Loss: 0.4877, Val Acc: 80.98%
2026-02-07 10:53:44,747 - INFO - Epoch [58] Batch [0/35]                     Loss: 0.2259, Hard: 0.1949, Soft: 0.0311                     Acc: 93.75% LR: 0.000195                     Alpha: 0.5744425058364868                     Beta: 0.5568543672561646                     MemKD: 0.0
2026-02-07 10:53:52,354 - INFO - Epoch [58] Batch [20/35]                     Loss: 0.2006, Hard: 0.1793, Soft: 0.0213                     Acc: 88.10% LR: 0.000195                     Alpha: 0.5744425058364868                     Beta: 0.5592768788337708                     MemKD: 0.0
2026-02-07 10:54:19,551 - INFO - Epoch [58/100] Train Loss: 0.4277, Train Acc: 85.71%, Val Loss: 0.4727, Val Acc: 83.11%
2026-02-07 10:54:37,483 - INFO - Epoch [59] Batch [0/35]                     Loss: 0.2783, Hard: 0.2472, Soft: 0.0311                     Acc: 100.00% LR: 0.000188                     Alpha: 0.5744425058364868                     Beta: 0.561242401599884                     MemKD: 0.0
2026-02-07 10:54:45,078 - INFO - Epoch [59] Batch [20/35]                     Loss: 0.2324, Hard: 0.1945, Soft: 0.0379                     Acc: 88.69% LR: 0.000188                     Alpha: 0.5744425058364868                     Beta: 0.5636780261993408                     MemKD: 0.0
2026-02-07 10:55:11,648 - INFO - Epoch [59/100] Train Loss: 0.3827, Train Acc: 87.32%, Val Loss: 0.4667, Val Acc: 82.58%
2026-02-07 10:55:30,886 - INFO - Epoch [60] Batch [0/35]                     Loss: 0.2544, Hard: 0.2256, Soft: 0.0287                     Acc: 93.75% LR: 0.000180                     Alpha: 0.5744425058364868                     Beta: 0.5654101967811584                     MemKD: 0.0
2026-02-07 10:55:38,523 - INFO - Epoch [60] Batch [20/35]                     Loss: 0.3147, Hard: 0.2648, Soft: 0.0499                     Acc: 86.61% LR: 0.000180                     Alpha: 0.5744425058364868                     Beta: 0.5678501129150391                     MemKD: 0.0
2026-02-07 10:56:06,574 - INFO - Epoch [60/100] Train Loss: 0.4338, Train Acc: 86.25%, Val Loss: 0.6347, Val Acc: 76.86%
2026-02-07 10:56:06,623 - INFO - Checkpoint saved at epoch 60
2026-02-07 10:56:25,693 - INFO - Epoch [61] Batch [0/35]                     Loss: 0.4437, Hard: 0.3919, Soft: 0.0518                     Acc: 87.50% LR: 0.000173                     Alpha: 0.5744425058364868                     Beta: 0.5697017908096313                     MemKD: 0.0
2026-02-07 10:56:33,350 - INFO - Epoch [61] Batch [20/35]                     Loss: 0.5218, Hard: 0.4769, Soft: 0.0449                     Acc: 82.44% LR: 0.000173                     Alpha: 0.5744425058364868                     Beta: 0.5721659064292908                     MemKD: 0.0
2026-02-07 10:57:02,217 - INFO - Epoch [61/100] Train Loss: 0.4797, Train Acc: 82.86%, Val Loss: 0.5752, Val Acc: 78.59%
2026-02-07 10:57:22,746 - INFO - Epoch [62] Batch [0/35]                     Loss: 0.4228, Hard: 0.3761, Soft: 0.0466                     Acc: 87.50% LR: 0.000165                     Alpha: 0.5744425058364868                     Beta: 0.5742717385292053                     MemKD: 0.0
2026-02-07 10:57:30,386 - INFO - Epoch [62] Batch [20/35]                     Loss: 0.4956, Hard: 0.4321, Soft: 0.0635                     Acc: 84.82% LR: 0.000165                     Alpha: 0.5744425058364868                     Beta: 0.5766651630401611                     MemKD: 0.0
2026-02-07 10:57:58,904 - INFO - Epoch [62/100] Train Loss: 0.4450, Train Acc: 85.00%, Val Loss: 0.4582, Val Acc: 82.85%
2026-02-07 10:58:18,347 - INFO - Epoch [63] Batch [0/35]                     Loss: 0.3693, Hard: 0.3316, Soft: 0.0377                     Acc: 93.75% LR: 0.000158                     Alpha: 0.5744425058364868                     Beta: 0.578424870967865                     MemKD: 0.0
2026-02-07 10:58:25,937 - INFO - Epoch [63] Batch [20/35]                     Loss: 0.3239, Hard: 0.2806, Soft: 0.0433                     Acc: 88.39% LR: 0.000158                     Alpha: 0.5744425058364868                     Beta: 0.5805463194847107                     MemKD: 0.0
2026-02-07 10:58:54,172 - INFO - Epoch [63/100] Train Loss: 0.3944, Train Acc: 88.39%, Val Loss: 0.4030, Val Acc: 84.71%
2026-02-07 10:58:54,172 - INFO - Best model saved with accuracy: 84.71%
2026-02-07 10:59:12,503 - INFO - Epoch [64] Batch [0/35]                     Loss: 0.4343, Hard: 0.3877, Soft: 0.0466                     Acc: 81.25% LR: 0.000151                     Alpha: 0.5744425058364868                     Beta: 0.5820773243904114                     MemKD: 0.0
2026-02-07 10:59:20,117 - INFO - Epoch [64] Batch [20/35]                     Loss: 0.2795, Hard: 0.2343, Soft: 0.0452                     Acc: 84.82% LR: 0.000151                     Alpha: 0.5744425058364868                     Beta: 0.5840741991996765                     MemKD: 0.0
2026-02-07 10:59:47,587 - INFO - Epoch [64/100] Train Loss: 0.3981, Train Acc: 86.25%, Val Loss: 0.5111, Val Acc: 81.38%
2026-02-07 11:00:06,949 - INFO - Epoch [65] Batch [0/35]                     Loss: 0.1652, Hard: 0.1358, Soft: 0.0294                     Acc: 100.00% LR: 0.000144                     Alpha: 0.5744425058364868                     Beta: 0.5855901837348938                     MemKD: 0.0
2026-02-07 11:00:14,581 - INFO - Epoch [65] Batch [20/35]                     Loss: 0.4896, Hard: 0.4317, Soft: 0.0578                     Acc: 88.69% LR: 0.000144                     Alpha: 0.5744425058364868                     Beta: 0.5874209403991699                     MemKD: 0.0
2026-02-07 11:00:41,938 - INFO - Epoch [65/100] Train Loss: 0.3579, Train Acc: 88.57%, Val Loss: 0.4533, Val Acc: 84.84%
2026-02-07 11:00:41,938 - INFO - Best model saved with accuracy: 84.84%
2026-02-07 11:01:00,483 - INFO - Epoch [66] Batch [0/35]                     Loss: 0.2562, Hard: 0.2249, Soft: 0.0313                     Acc: 87.50% LR: 0.000137                     Alpha: 0.5744425058364868                     Beta: 0.588814914226532                     MemKD: 0.0
2026-02-07 11:01:08,118 - INFO - Epoch [66] Batch [20/35]                     Loss: 0.2918, Hard: 0.2605, Soft: 0.0313                     Acc: 85.42% LR: 0.000137                     Alpha: 0.5744425058364868                     Beta: 0.5905390381813049                     MemKD: 0.0
2026-02-07 11:01:34,797 - INFO - Epoch [66/100] Train Loss: 0.3848, Train Acc: 87.32%, Val Loss: 0.4620, Val Acc: 83.11%
2026-02-07 11:01:53,573 - INFO - Epoch [67] Batch [0/35]                     Loss: 0.3160, Hard: 0.2761, Soft: 0.0399                     Acc: 87.50% LR: 0.000130                     Alpha: 0.5744425058364868                     Beta: 0.5919545292854309                     MemKD: 0.0
2026-02-07 11:02:01,233 - INFO - Epoch [67] Batch [20/35]                     Loss: 0.1958, Hard: 0.1678, Soft: 0.0280                     Acc: 87.80% LR: 0.000130                     Alpha: 0.5744425058364868                     Beta: 0.5936436653137207                     MemKD: 0.0
2026-02-07 11:02:27,779 - INFO - Epoch [67/100] Train Loss: 0.4023, Train Acc: 86.43%, Val Loss: 0.4105, Val Acc: 83.24%
2026-02-07 11:02:47,153 - INFO - Epoch [68] Batch [0/35]                     Loss: 0.4848, Hard: 0.4226, Soft: 0.0622                     Acc: 87.50% LR: 0.000123                     Alpha: 0.5744425058364868                     Beta: 0.5950387716293335                     MemKD: 0.0
2026-02-07 11:02:54,794 - INFO - Epoch [68] Batch [20/35]                     Loss: 0.3558, Hard: 0.3132, Soft: 0.0426                     Acc: 89.29% LR: 0.000123                     Alpha: 0.5744425058364868                     Beta: 0.5967074632644653                     MemKD: 0.0
2026-02-07 11:03:24,563 - INFO - Epoch [68/100] Train Loss: 0.3820, Train Acc: 88.21%, Val Loss: 0.4509, Val Acc: 84.71%
2026-02-07 11:03:45,213 - INFO - Epoch [69] Batch [0/35]                     Loss: 0.3720, Hard: 0.3311, Soft: 0.0409                     Acc: 93.75% LR: 0.000116                     Alpha: 0.5744425058364868                     Beta: 0.5979383587837219                     MemKD: 0.0
2026-02-07 11:03:52,893 - INFO - Epoch [69] Batch [20/35]                     Loss: 0.6145, Hard: 0.5461, Soft: 0.0683                     Acc: 86.90% LR: 0.000116                     Alpha: 0.5744425058364868                     Beta: 0.599687397480011                     MemKD: 0.0
2026-02-07 11:04:22,465 - INFO - Epoch [69/100] Train Loss: 0.3949, Train Acc: 87.32%, Val Loss: 0.4201, Val Acc: 85.11%
2026-02-07 11:04:22,466 - INFO - Best model saved with accuracy: 85.11%
2026-02-07 11:04:43,680 - INFO - Epoch [70] Batch [0/35]                     Loss: 0.3111, Hard: 0.2703, Soft: 0.0408                     Acc: 93.75% LR: 0.000109                     Alpha: 0.5744425058364868                     Beta: 0.6009805202484131                     MemKD: 0.0
2026-02-07 11:04:51,334 - INFO - Epoch [70] Batch [20/35]                     Loss: 0.4640, Hard: 0.4134, Soft: 0.0507                     Acc: 89.29% LR: 0.000109                     Alpha: 0.5744425058364868                     Beta: 0.6024500131607056                     MemKD: 0.0
2026-02-07 11:05:20,390 - INFO - Epoch [70/100] Train Loss: 0.3044, Train Acc: 90.54%, Val Loss: 0.4922, Val Acc: 82.31%
2026-02-07 11:05:20,424 - INFO - Checkpoint saved at epoch 70
2026-02-07 11:05:40,890 - INFO - Epoch [71] Batch [0/35]                     Loss: 0.5301, Hard: 0.4797, Soft: 0.0504                     Acc: 87.50% LR: 0.000103                     Alpha: 0.5744425058364868                     Beta: 0.6034094095230103                     MemKD: 0.0
2026-02-07 11:05:48,572 - INFO - Epoch [71] Batch [20/35]                     Loss: 0.3389, Hard: 0.3014, Soft: 0.0375                     Acc: 85.71% LR: 0.000103                     Alpha: 0.5744425058364868                     Beta: 0.6047781109809875                     MemKD: 0.0
2026-02-07 11:06:16,093 - INFO - Epoch [71/100] Train Loss: 0.3900, Train Acc: 87.32%, Val Loss: 0.4060, Val Acc: 84.18%
2026-02-07 11:06:34,467 - INFO - Epoch [72] Batch [0/35]                     Loss: 0.3753, Hard: 0.3412, Soft: 0.0341                     Acc: 81.25% LR: 0.000097                     Alpha: 0.5744425058364868                     Beta: 0.6058483123779297                     MemKD: 0.0
2026-02-07 11:06:42,080 - INFO - Epoch [72] Batch [20/35]                     Loss: 0.2544, Hard: 0.2212, Soft: 0.0331                     Acc: 89.58% LR: 0.000097                     Alpha: 0.5744425058364868                     Beta: 0.6070507168769836                     MemKD: 0.0
2026-02-07 11:07:08,973 - INFO - Epoch [72/100] Train Loss: 0.3116, Train Acc: 89.64%, Val Loss: 0.4305, Val Acc: 83.51%
2026-02-07 11:07:29,906 - INFO - Epoch [73] Batch [0/35]                     Loss: 0.4354, Hard: 0.3974, Soft: 0.0380                     Acc: 93.75% LR: 0.000091                     Alpha: 0.5744425058364868                     Beta: 0.6078991293907166                     MemKD: 0.0
2026-02-07 11:07:37,563 - INFO - Epoch [73] Batch [20/35]                     Loss: 0.6403, Hard: 0.5847, Soft: 0.0556                     Acc: 89.29% LR: 0.000091                     Alpha: 0.5744425058364868                     Beta: 0.6090362668037415                     MemKD: 0.0
2026-02-07 11:08:05,485 - INFO - Epoch [73/100] Train Loss: 0.3441, Train Acc: 89.46%, Val Loss: 0.4366, Val Acc: 84.71%
2026-02-07 11:08:26,095 - INFO - Epoch [74] Batch [0/35]                     Loss: 0.0799, Hard: 0.0569, Soft: 0.0230                     Acc: 100.00% LR: 0.000085                     Alpha: 0.5744425058364868                     Beta: 0.6098505854606628                     MemKD: 0.0
2026-02-07 11:08:33,712 - INFO - Epoch [74] Batch [20/35]                     Loss: 0.1322, Hard: 0.1079, Soft: 0.0243                     Acc: 90.18% LR: 0.000085                     Alpha: 0.5744425058364868                     Beta: 0.6108935475349426                     MemKD: 0.0
2026-02-07 11:09:01,792 - INFO - Epoch [74/100] Train Loss: 0.3288, Train Acc: 89.29%, Val Loss: 0.3888, Val Acc: 85.51%
2026-02-07 11:09:01,792 - INFO - Best model saved with accuracy: 85.51%
2026-02-07 11:09:21,563 - INFO - Epoch [75] Batch [0/35]                     Loss: 0.1851, Hard: 0.1576, Soft: 0.0276                     Acc: 93.75% LR: 0.000079                     Alpha: 0.5744425058364868                     Beta: 0.6116724610328674                     MemKD: 0.0
2026-02-07 11:09:29,198 - INFO - Epoch [75] Batch [20/35]                     Loss: 0.3219, Hard: 0.2804, Soft: 0.0416                     Acc: 90.77% LR: 0.000079                     Alpha: 0.5744425058364868                     Beta: 0.612642765045166                     MemKD: 0.0
2026-02-07 11:09:58,457 - INFO - Epoch [75/100] Train Loss: 0.2804, Train Acc: 91.07%, Val Loss: 0.4132, Val Acc: 85.77%
2026-02-07 11:09:58,457 - INFO - Best model saved with accuracy: 85.77%
2026-02-07 11:10:20,162 - INFO - Epoch [76] Batch [0/35]                     Loss: 0.1762, Hard: 0.1457, Soft: 0.0305                     Acc: 93.75% LR: 0.000073                     Alpha: 0.5744425058364868                     Beta: 0.6133556962013245                     MemKD: 0.0
2026-02-07 11:10:27,820 - INFO - Epoch [76] Batch [20/35]                     Loss: 0.1754, Hard: 0.1482, Soft: 0.0272                     Acc: 87.80% LR: 0.000073                     Alpha: 0.5744425058364868                     Beta: 0.6142523288726807                     MemKD: 0.0
2026-02-07 11:10:56,082 - INFO - Epoch [76/100] Train Loss: 0.3199, Train Acc: 89.46%, Val Loss: 0.4317, Val Acc: 84.97%
2026-02-07 11:11:17,971 - INFO - Epoch [77] Batch [0/35]                     Loss: 0.4201, Hard: 0.3805, Soft: 0.0396                     Acc: 87.50% LR: 0.000068                     Alpha: 0.5744425058364868                     Beta: 0.6149137020111084                     MemKD: 0.0
2026-02-07 11:11:25,633 - INFO - Epoch [77] Batch [20/35]                     Loss: 0.4310, Hard: 0.3751, Soft: 0.0559                     Acc: 89.29% LR: 0.000068                     Alpha: 0.5744425058364868                     Beta: 0.615757942199707                     MemKD: 0.0
2026-02-07 11:11:53,390 - INFO - Epoch [77/100] Train Loss: 0.3483, Train Acc: 88.75%, Val Loss: 0.4198, Val Acc: 83.91%
2026-02-07 11:12:13,122 - INFO - Epoch [78] Batch [0/35]                     Loss: 0.2187, Hard: 0.1839, Soft: 0.0348                     Acc: 93.75% LR: 0.000062                     Alpha: 0.5744425058364868                     Beta: 0.6164436936378479                     MemKD: 0.0
2026-02-07 11:12:20,723 - INFO - Epoch [78] Batch [20/35]                     Loss: 0.6618, Hard: 0.6080, Soft: 0.0538                     Acc: 90.18% LR: 0.000062                     Alpha: 0.5744425058364868                     Beta: 0.6173387169837952                     MemKD: 0.0
2026-02-07 11:12:49,053 - INFO - Epoch [78/100] Train Loss: 0.3312, Train Acc: 90.36%, Val Loss: 0.4073, Val Acc: 84.31%
2026-02-07 11:13:08,965 - INFO - Epoch [79] Batch [0/35]                     Loss: 0.5494, Hard: 0.4989, Soft: 0.0505                     Acc: 75.00% LR: 0.000057                     Alpha: 0.5744425058364868                     Beta: 0.617987334728241                     MemKD: 0.0
2026-02-07 11:13:16,666 - INFO - Epoch [79] Batch [20/35]                     Loss: 0.1897, Hard: 0.1651, Soft: 0.0246                     Acc: 86.61% LR: 0.000057                     Alpha: 0.5744425058364868                     Beta: 0.6188338398933411                     MemKD: 0.0
2026-02-07 11:13:45,467 - INFO - Epoch [79/100] Train Loss: 0.3598, Train Acc: 87.68%, Val Loss: 0.4422, Val Acc: 84.71%
2026-02-07 11:14:04,899 - INFO - Epoch [80] Batch [0/35]                     Loss: 0.3001, Hard: 0.2649, Soft: 0.0352                     Acc: 87.50% LR: 0.000052                     Alpha: 0.5744425058364868                     Beta: 0.6194612979888916                     MemKD: 0.0
2026-02-07 11:14:12,492 - INFO - Epoch [80] Batch [20/35]                     Loss: 0.4316, Hard: 0.3997, Soft: 0.0319                     Acc: 88.10% LR: 0.000052                     Alpha: 0.5744425058364868                     Beta: 0.6202501058578491                     MemKD: 0.0
2026-02-07 11:14:40,906 - INFO - Epoch [80/100] Train Loss: 0.3580, Train Acc: 88.93%, Val Loss: 0.4664, Val Acc: 82.18%
2026-02-07 11:14:40,958 - INFO - Checkpoint saved at epoch 80
2026-02-07 11:15:02,768 - INFO - Epoch [81] Batch [0/35]                     Loss: 0.2759, Hard: 0.2388, Soft: 0.0371                     Acc: 93.75% LR: 0.000048                     Alpha: 0.5744425058364868                     Beta: 0.6208001971244812                     MemKD: 0.0
2026-02-07 11:15:10,322 - INFO - Epoch [81] Batch [20/35]                     Loss: 0.2248, Hard: 0.2028, Soft: 0.0220                     Acc: 89.88% LR: 0.000048                     Alpha: 0.5744425058364868                     Beta: 0.6214849352836609                     MemKD: 0.0
2026-02-07 11:15:38,503 - INFO - Epoch [81/100] Train Loss: 0.3238, Train Acc: 89.11%, Val Loss: 0.3941, Val Acc: 85.77%
2026-02-07 11:15:58,269 - INFO - Epoch [82] Batch [0/35]                     Loss: 0.2378, Hard: 0.2067, Soft: 0.0310                     Acc: 93.75% LR: 0.000043                     Alpha: 0.5744425058364868                     Beta: 0.6219542026519775                     MemKD: 0.0
2026-02-07 11:16:05,903 - INFO - Epoch [82] Batch [20/35]                     Loss: 0.2710, Hard: 0.2414, Soft: 0.0296                     Acc: 89.29% LR: 0.000043                     Alpha: 0.5744425058364868                     Beta: 0.6225346922874451                     MemKD: 0.0
2026-02-07 11:16:34,916 - INFO - Epoch [82/100] Train Loss: 0.3297, Train Acc: 87.68%, Val Loss: 0.4180, Val Acc: 85.37%
2026-02-07 11:16:53,046 - INFO - Epoch [83] Batch [0/35]                     Loss: 0.1667, Hard: 0.1458, Soft: 0.0209                     Acc: 100.00% LR: 0.000039                     Alpha: 0.5744425058364868                     Beta: 0.6229632496833801                     MemKD: 0.0
2026-02-07 11:17:00,705 - INFO - Epoch [83] Batch [20/35]                     Loss: 0.2952, Hard: 0.2576, Soft: 0.0376                     Acc: 90.48% LR: 0.000039                     Alpha: 0.5744425058364868                     Beta: 0.6234763264656067                     MemKD: 0.0
2026-02-07 11:17:28,137 - INFO - Epoch [83/100] Train Loss: 0.2969, Train Acc: 90.71%, Val Loss: 0.3966, Val Acc: 85.37%
2026-02-07 11:17:46,155 - INFO - Epoch [84] Batch [0/35]                     Loss: 0.3140, Hard: 0.2659, Soft: 0.0480                     Acc: 87.50% LR: 0.000035                     Alpha: 0.5744425058364868                     Beta: 0.623875617980957                     MemKD: 0.0
2026-02-07 11:17:53,815 - INFO - Epoch [84] Batch [20/35]                     Loss: 0.1390, Hard: 0.1121, Soft: 0.0269                     Acc: 91.37% LR: 0.000035                     Alpha: 0.5744425058364868                     Beta: 0.6243462562561035                     MemKD: 0.0
2026-02-07 11:18:21,410 - INFO - Epoch [84/100] Train Loss: 0.3284, Train Acc: 89.64%, Val Loss: 0.4366, Val Acc: 83.64%
2026-02-07 11:18:39,565 - INFO - Epoch [85] Batch [0/35]                     Loss: 0.2935, Hard: 0.2585, Soft: 0.0350                     Acc: 81.25% LR: 0.000031                     Alpha: 0.5744425058364868                     Beta: 0.624733567237854                     MemKD: 0.0
2026-02-07 11:18:47,260 - INFO - Epoch [85] Batch [20/35]                     Loss: 0.4220, Hard: 0.3731, Soft: 0.0488                     Acc: 91.96% LR: 0.000031                     Alpha: 0.5744425058364868                     Beta: 0.6251626014709473                     MemKD: 0.0
2026-02-07 11:19:15,695 - INFO - Epoch [85/100] Train Loss: 0.3097, Train Acc: 91.07%, Val Loss: 0.3954, Val Acc: 84.97%
2026-02-07 11:19:34,046 - INFO - Epoch [86] Batch [0/35]                     Loss: 0.2442, Hard: 0.2184, Soft: 0.0258                     Acc: 93.75% LR: 0.000027                     Alpha: 0.5744425058364868                     Beta: 0.6254937648773193                     MemKD: 0.0
2026-02-07 11:19:41,662 - INFO - Epoch [86] Batch [20/35]                     Loss: 0.3718, Hard: 0.3242, Soft: 0.0476                     Acc: 91.07% LR: 0.000027                     Alpha: 0.5744425058364868                     Beta: 0.6258475184440613                     MemKD: 0.0
2026-02-07 11:20:10,330 - INFO - Epoch [86/100] Train Loss: 0.3412, Train Acc: 89.11%, Val Loss: 0.3818, Val Acc: 85.64%
2026-02-07 11:20:28,898 - INFO - Epoch [87] Batch [0/35]                     Loss: 0.1870, Hard: 0.1604, Soft: 0.0266                     Acc: 93.75% LR: 0.000024                     Alpha: 0.5744425058364868                     Beta: 0.6261862516403198                     MemKD: 0.0
2026-02-07 11:20:36,566 - INFO - Epoch [87] Batch [20/35]                     Loss: 0.1677, Hard: 0.1431, Soft: 0.0246                     Acc: 90.48% LR: 0.000024                     Alpha: 0.5744425058364868                     Beta: 0.626522421836853                     MemKD: 0.0
2026-02-07 11:21:03,965 - INFO - Epoch [87/100] Train Loss: 0.3395, Train Acc: 89.64%, Val Loss: 0.4046, Val Acc: 84.31%
2026-02-07 11:21:22,321 - INFO - Epoch [88] Batch [0/35]                     Loss: 0.2852, Hard: 0.2497, Soft: 0.0355                     Acc: 87.50% LR: 0.000021                     Alpha: 0.5744425058364868                     Beta: 0.6267942786216736                     MemKD: 0.0
2026-02-07 11:21:30,003 - INFO - Epoch [88] Batch [20/35]                     Loss: 0.5631, Hard: 0.5136, Soft: 0.0495                     Acc: 89.29% LR: 0.000021                     Alpha: 0.5744425058364868                     Beta: 0.6270775198936462                     MemKD: 0.0
2026-02-07 11:21:57,067 - INFO - Epoch [88/100] Train Loss: 0.2677, Train Acc: 90.36%, Val Loss: 0.3898, Val Acc: 85.37%
2026-02-07 11:22:18,682 - INFO - Epoch [89] Batch [0/35]                     Loss: 0.1499, Hard: 0.1256, Soft: 0.0243                     Acc: 100.00% LR: 0.000018                     Alpha: 0.5744425058364868                     Beta: 0.6272589564323425                     MemKD: 0.0
2026-02-07 11:22:26,375 - INFO - Epoch [89] Batch [20/35]                     Loss: 0.3994, Hard: 0.3620, Soft: 0.0375                     Acc: 91.07% LR: 0.000018                     Alpha: 0.5744425058364868                     Beta: 0.6275054812431335                     MemKD: 0.0
2026-02-07 11:22:53,532 - INFO - Epoch [89/100] Train Loss: 0.3168, Train Acc: 90.00%, Val Loss: 0.3868, Val Acc: 85.90%
2026-02-07 11:22:53,532 - INFO - Best model saved with accuracy: 85.90%
2026-02-07 11:23:14,826 - INFO - Epoch [90] Batch [0/35]                     Loss: 0.1884, Hard: 0.1629, Soft: 0.0254                     Acc: 100.00% LR: 0.000015                     Alpha: 0.5744425058364868                     Beta: 0.6276930570602417                     MemKD: 0.0
2026-02-07 11:23:22,534 - INFO - Epoch [90] Batch [20/35]                     Loss: 0.3558, Hard: 0.3095, Soft: 0.0463                     Acc: 91.37% LR: 0.000015                     Alpha: 0.5744425058364868                     Beta: 0.6278958916664124                     MemKD: 0.0
2026-02-07 11:23:49,824 - INFO - Epoch [90/100] Train Loss: 0.2989, Train Acc: 91.25%, Val Loss: 0.4110, Val Acc: 84.44%
2026-02-07 11:23:49,873 - INFO - Checkpoint saved at epoch 90
2026-02-07 11:24:09,177 - INFO - Epoch [91] Batch [0/35]                     Loss: 0.3252, Hard: 0.2912, Soft: 0.0340                     Acc: 87.50% LR: 0.000012                     Alpha: 0.5744425058364868                     Beta: 0.6280538439750671                     MemKD: 0.0
2026-02-07 11:24:16,819 - INFO - Epoch [91] Batch [20/35]                     Loss: 0.3043, Hard: 0.2734, Soft: 0.0309                     Acc: 90.48% LR: 0.000012                     Alpha: 0.5744425058364868                     Beta: 0.628227949142456                     MemKD: 0.0
2026-02-07 11:24:44,923 - INFO - Epoch [91/100] Train Loss: 0.2717, Train Acc: 90.89%, Val Loss: 0.3845, Val Acc: 85.37%
2026-02-07 11:25:03,299 - INFO - Epoch [92] Batch [0/35]                     Loss: 0.1569, Hard: 0.1343, Soft: 0.0226                     Acc: 93.75% LR: 0.000010                     Alpha: 0.5744425058364868                     Beta: 0.6283512115478516                     MemKD: 0.0
2026-02-07 11:25:10,985 - INFO - Epoch [92] Batch [20/35]                     Loss: 0.4659, Hard: 0.4178, Soft: 0.0481                     Acc: 90.18% LR: 0.000010                     Alpha: 0.5744425058364868                     Beta: 0.6284793615341187                     MemKD: 0.0
2026-02-07 11:25:40,487 - INFO - Epoch [92/100] Train Loss: 0.2778, Train Acc: 90.54%, Val Loss: 0.3987, Val Acc: 85.37%
2026-02-07 11:26:00,638 - INFO - Epoch [93] Batch [0/35]                     Loss: 0.2808, Hard: 0.2450, Soft: 0.0358                     Acc: 87.50% LR: 0.000008                     Alpha: 0.5744425058364868                     Beta: 0.6285801529884338                     MemKD: 0.0
2026-02-07 11:26:08,349 - INFO - Epoch [93] Batch [20/35]                     Loss: 0.3227, Hard: 0.2840, Soft: 0.0387                     Acc: 91.37% LR: 0.000008                     Alpha: 0.5744425058364868                     Beta: 0.6286824345588684                     MemKD: 0.0
2026-02-07 11:26:38,114 - INFO - Epoch [93/100] Train Loss: 0.2848, Train Acc: 91.25%, Val Loss: 0.3829, Val Acc: 86.84%
2026-02-07 11:26:38,114 - INFO - Best model saved with accuracy: 86.84%
2026-02-07 11:27:00,207 - INFO - Epoch [94] Batch [0/35]                     Loss: 0.4149, Hard: 0.3698, Soft: 0.0451                     Acc: 87.50% LR: 0.000006                     Alpha: 0.5744425058364868                     Beta: 0.6287686824798584                     MemKD: 0.0
2026-02-07 11:27:07,823 - INFO - Epoch [94] Batch [20/35]                     Loss: 0.2444, Hard: 0.2123, Soft: 0.0321                     Acc: 91.07% LR: 0.000006                     Alpha: 0.5744425058364868                     Beta: 0.6288570165634155                     MemKD: 0.0
2026-02-07 11:27:37,322 - INFO - Epoch [94/100] Train Loss: 0.2681, Train Acc: 92.68%, Val Loss: 0.3883, Val Acc: 86.57%
2026-02-07 11:27:57,543 - INFO - Epoch [95] Batch [0/35]                     Loss: 0.4575, Hard: 0.4154, Soft: 0.0420                     Acc: 81.25% LR: 0.000004                     Alpha: 0.5744425058364868                     Beta: 0.6289176940917969                     MemKD: 0.0
2026-02-07 11:28:05,214 - INFO - Epoch [95] Batch [20/35]                     Loss: 0.2250, Hard: 0.2000, Soft: 0.0250                     Acc: 89.58% LR: 0.000004                     Alpha: 0.5744425058364868                     Beta: 0.6289844512939453                     MemKD: 0.0
2026-02-07 11:28:34,740 - INFO - Epoch [95/100] Train Loss: 0.3211, Train Acc: 89.64%, Val Loss: 0.3909, Val Acc: 86.44%
2026-02-07 11:28:55,194 - INFO - Epoch [96] Batch [0/35]                     Loss: 0.1885, Hard: 0.1566, Soft: 0.0319                     Acc: 93.75% LR: 0.000003                     Alpha: 0.5744425058364868                     Beta: 0.6290300488471985                     MemKD: 0.0
2026-02-07 11:29:02,786 - INFO - Epoch [96] Batch [20/35]                     Loss: 0.1315, Hard: 0.1124, Soft: 0.0191                     Acc: 91.96% LR: 0.000003                     Alpha: 0.5744425058364868                     Beta: 0.6290757060050964                     MemKD: 0.0
2026-02-07 11:29:30,073 - INFO - Epoch [96/100] Train Loss: 0.2753, Train Acc: 92.14%, Val Loss: 0.4029, Val Acc: 85.77%
2026-02-07 11:29:49,815 - INFO - Epoch [97] Batch [0/35]                     Loss: 0.2329, Hard: 0.2033, Soft: 0.0296                     Acc: 93.75% LR: 0.000002                     Alpha: 0.5744425058364868                     Beta: 0.6291090250015259                     MemKD: 0.0
2026-02-07 11:29:57,401 - INFO - Epoch [97] Batch [20/35]                     Loss: 0.2528, Hard: 0.2215, Soft: 0.0313                     Acc: 89.29% LR: 0.000002                     Alpha: 0.5744425058364868                     Beta: 0.6291384100914001                     MemKD: 0.0
2026-02-07 11:30:25,008 - INFO - Epoch [97/100] Train Loss: 0.3237, Train Acc: 88.93%, Val Loss: 0.3849, Val Acc: 86.70%
2026-02-07 11:30:44,974 - INFO - Epoch [98] Batch [0/35]                     Loss: 0.2048, Hard: 0.1740, Soft: 0.0308                     Acc: 93.75% LR: 0.000001                     Alpha: 0.5744425058364868                     Beta: 0.6291603446006775                     MemKD: 0.0
2026-02-07 11:30:52,525 - INFO - Epoch [98] Batch [20/35]                     Loss: 0.2589, Hard: 0.2170, Soft: 0.0419                     Acc: 93.45% LR: 0.000001                     Alpha: 0.5744425058364868                     Beta: 0.6291753053665161                     MemKD: 0.0
2026-02-07 11:31:18,853 - INFO - Epoch [98/100] Train Loss: 0.2731, Train Acc: 92.32%, Val Loss: 0.3780, Val Acc: 86.84%
2026-02-07 11:31:38,039 - INFO - Epoch [99] Batch [0/35]                     Loss: 0.1819, Hard: 0.1560, Soft: 0.0259                     Acc: 100.00% LR: 0.000000                     Alpha: 0.5744425058364868                     Beta: 0.6291877627372742                     MemKD: 0.0
2026-02-07 11:31:45,677 - INFO - Epoch [99] Batch [20/35]                     Loss: 0.1670, Hard: 0.1460, Soft: 0.0210                     Acc: 91.37% LR: 0.000000                     Alpha: 0.5744425058364868                     Beta: 0.6291949152946472                     MemKD: 0.0
2026-02-07 11:32:13,666 - INFO - Epoch [99/100] Train Loss: 0.2844, Train Acc: 91.25%, Val Loss: 0.3892, Val Acc: 86.44%
2026-02-07 11:32:33,373 - INFO - Epoch [100] Batch [0/35]                     Loss: 0.3124, Hard: 0.2742, Soft: 0.0382                     Acc: 87.50% LR: 0.000000                     Alpha: 0.5744425058364868                     Beta: 0.6292002201080322                     MemKD: 0.0
2026-02-07 11:32:40,970 - INFO - Epoch [100] Batch [20/35]                     Loss: 0.2604, Hard: 0.2360, Soft: 0.0243                     Acc: 91.67% LR: 0.000000                     Alpha: 0.5744425058364868                     Beta: 0.6292014718055725                     MemKD: 0.0
2026-02-07 11:33:09,313 - INFO - Epoch [100/100] Train Loss: 0.2673, Train Acc: 91.07%, Val Loss: 0.3850, Val Acc: 86.30%
2026-02-07 11:33:09,346 - INFO - Checkpoint saved at epoch 100
2026-02-07 11:33:09,346 - INFO - ==================================================
2026-02-07 11:33:09,346 - INFO - Training finished! Best accuracy: 86.84%
2026-02-07 11:33:09,346 - INFO - ==================================================
