2026-05-30 11:19:12,275 - INFO - ==================================================
2026-05-30 11:19:12,276 - INFO - Distillation Training Configuration
2026-05-30 11:19:12,276 - INFO - ==================================================
2026-05-30 11:19:12,276 - INFO - GPUs: [0, 1, 2, 3]
2026-05-30 11:19:12,276 - INFO - World size: 4
2026-05-30 11:19:12,276 - INFO - Dataset: /media/hdd1/chuxiaohui/AI4Ocean_UATR/ShipsEar_622
2026-05-30 11:19:12,276 - INFO - Data type: wav_s@wav_t
2026-05-30 11:19:12,276 - INFO - Batch size: 20
2026-05-30 11:19:12,276 - INFO - Epochs: 200
2026-05-30 11:19:12,276 - INFO - Learning rate: 0.0005
2026-05-30 11:19:12,276 - INFO - Temperature: 2.0
2026-05-30 11:19:12,276 - INFO - Alpha: 0.3
2026-05-30 11:19:12,276 - INFO - Save dir: /media/hdd1/fubohan/Code/UATR/checkpoints/hyperparameter_analysis/shipsear/01_beta_analysis/B1_learnable_beta_init_0_1
2026-05-30 11:19:12,276 - INFO - ==================================================
2026-05-30 11:19:12,329 - INFO - Train dataset size: 2240
2026-05-30 11:19:12,329 - INFO - Validation dataset size: 749
2026-05-30 11:19:14,353 - INFO - Student params: 316,299 (0.32M)
2026-05-30 11:19:14,353 - INFO - Teacher params: 164,415,877 (164.42M)
2026-05-30 11:19:14,354 - INFO - Trainable params: 271,372 (0.27M)
2026-05-30 11:19:15,357 - INFO - Start training...
2026-05-30 11:19:15,358 - INFO - 🔥 Resume from: /media/hdd1/fubohan/Code/UATR/checkpoints/hyperparameter_analysis/shipsear/01_beta_analysis/B1_learnable_beta_init_0_1/checkpoint_epoch_21.pth
