2026-02-08 07:19:08,558 - INFO - ==================================================
2026-02-08 07:19:08,558 - INFO - Distillation Training Configuration
2026-02-08 07:19:08,558 - INFO - ==================================================
2026-02-08 07:19:08,558 - INFO - GPUs: [4, 5, 6, 7]
2026-02-08 07:19:08,558 - INFO - World size: 4
2026-02-08 07:19:08,558 - INFO - Dataset: /media/hdd1/chuxiaohui/AI4Ocean_UATR/ShipsEar_622
2026-02-08 07:19:08,558 - INFO - Data type: wav_s@wav_t
2026-02-08 07:19:08,558 - INFO - Batch size: 16
2026-02-08 07:19:08,558 - INFO - Epochs: 100
2026-02-08 07:19:08,558 - INFO - Learning rate: 0.0005
2026-02-08 07:19:08,558 - INFO - Temperature: 2.0
2026-02-08 07:19:08,558 - INFO - Alpha: 0.3
2026-02-08 07:19:08,558 - INFO - Save dir: checkpoints/grid_shipsear/num_epochs100_weight_decay0.0001_batch_size16_lr0.0005_distill_typeMTSKD_Temp_freezeTrue_USE_DYNAMIC_DISTILL_WEIGHTTrue_p_encoder0.3_p_classifier0.5
2026-02-08 07:19:08,558 - INFO - ==================================================
2026-02-08 07:19:08,577 - INFO - Train dataset size: 2240
2026-02-08 07:19:08,578 - INFO - Validation dataset size: 749
2026-02-08 07:19:09,552 - INFO - Student params: 316,299 (0.32M)
2026-02-08 07:19:09,553 - INFO - Teacher params: 164,415,877 (164.42M)
2026-02-08 07:19:09,553 - INFO - Trainable params: 271,372 (0.27M)
2026-02-08 07:19:10,141 - INFO - Start training...
2026-02-08 07:19:10,142 - INFO - No checkpoint found, start from scratch
2026-02-08 07:19:32,691 - INFO - Epoch [1] Batch [0/35]                     Loss: 1.6945, Hard: 1.6945, Soft: 0.4937                     Acc: 18.75% LR: 0.000500                     Alpha: 0.5744425058364868                     Beta: 0.0                     MemKD: 0.5
2026-02-08 07:19:35,703 - INFO - Epoch [1] Batch [20/35]                     Loss: 1.6089, Hard: 1.6089, Soft: 0.3530                     Acc: 36.01% LR: 0.000500                     Alpha: 0.5744425058364868                     Beta: 0.0                     MemKD: 0.5
2026-02-08 07:20:02,397 - INFO - Epoch [1/100] Train Loss: 1.4414, Train Acc: 38.75%, Val Loss: 1.4452, Val Acc: 43.75%
2026-02-08 07:20:02,398 - INFO - Best model saved with accuracy: 43.75%
2026-02-08 07:20:23,817 - INFO - Epoch [2] Batch [0/35]                     Loss: 1.3273, Hard: 1.3273, Soft: 0.2640                     Acc: 56.25% LR: 0.000500                     Alpha: 0.5744425058364868                     Beta: 0.0                     MemKD: 0.5
2026-02-08 07:20:26,840 - INFO - Epoch [2] Batch [20/35]                     Loss: 1.4182, Hard: 1.4182, Soft: 0.2882                     Acc: 44.35% LR: 0.000500                     Alpha: 0.5744425058364868                     Beta: 0.0                     MemKD: 0.5
2026-02-08 07:20:52,810 - INFO - Epoch [2/100] Train Loss: 1.2946, Train Acc: 45.00%, Val Loss: 1.2083, Val Acc: 47.87%
2026-02-08 07:20:52,810 - INFO - Best model saved with accuracy: 47.87%
2026-02-08 07:21:14,617 - INFO - Epoch [3] Batch [0/35]                     Loss: 1.1269, Hard: 1.1269, Soft: 0.2013                     Acc: 56.25% LR: 0.000500                     Alpha: 0.5744425058364868                     Beta: 0.0                     MemKD: 0.5
2026-02-08 07:21:17,712 - INFO - Epoch [3] Batch [20/35]                     Loss: 1.1529, Hard: 1.1529, Soft: 0.2157                     Acc: 45.24% LR: 0.000500                     Alpha: 0.5744425058364868                     Beta: 0.0                     MemKD: 0.5
2026-02-08 07:21:41,869 - INFO - Epoch [3/100] Train Loss: 1.2608, Train Acc: 45.89%, Val Loss: 1.1566, Val Acc: 50.93%
2026-02-08 07:21:41,869 - INFO - Best model saved with accuracy: 50.93%
2026-02-08 07:22:02,475 - INFO - Epoch [4] Batch [0/35]                     Loss: 1.1261, Hard: 1.1261, Soft: 0.1787                     Acc: 56.25% LR: 0.000499                     Alpha: 0.5744425058364868                     Beta: 0.0                     MemKD: 0.5
2026-02-08 07:22:05,497 - INFO - Epoch [4] Batch [20/35]                     Loss: 1.3514, Hard: 1.3514, Soft: 0.2691                     Acc: 49.40% LR: 0.000499                     Alpha: 0.5744425058364868                     Beta: 0.0                     MemKD: 0.5
2026-02-08 07:22:31,630 - INFO - Epoch [4/100] Train Loss: 1.2002, Train Acc: 50.00%, Val Loss: 1.0677, Val Acc: 56.91%
2026-02-08 07:22:31,630 - INFO - Best model saved with accuracy: 56.91%
2026-02-08 07:22:52,470 - INFO - Epoch [5] Batch [0/35]                     Loss: 1.2333, Hard: 1.2333, Soft: 0.2308                     Acc: 62.50% LR: 0.000498                     Alpha: 0.5744425058364868                     Beta: 0.0                     MemKD: 0.5
2026-02-08 07:22:55,590 - INFO - Epoch [5] Batch [20/35]                     Loss: 0.9434, Hard: 0.9434, Soft: 0.1466                     Acc: 55.65% LR: 0.000498                     Alpha: 0.5744425058364868                     Beta: 0.0                     MemKD: 0.5
2026-02-08 07:23:21,959 - INFO - Epoch [5/100] Train Loss: 1.1111, Train Acc: 56.61%, Val Loss: 1.0013, Val Acc: 60.24%
2026-02-08 07:23:21,960 - INFO - Best model saved with accuracy: 60.24%
2026-02-08 07:23:43,647 - INFO - Epoch [6] Batch [0/35]                     Loss: 1.1810, Hard: 1.1810, Soft: 0.1973                     Acc: 62.50% LR: 0.000497                     Alpha: 0.5744425058364868                     Beta: 0.0                     MemKD: 0.5
2026-02-08 07:23:46,698 - INFO - Epoch [6] Batch [20/35]                     Loss: 1.4234, Hard: 1.4234, Soft: 0.2646                     Acc: 57.44% LR: 0.000497                     Alpha: 0.5744425058364868                     Beta: 0.0                     MemKD: 0.5
2026-02-08 07:24:12,460 - INFO - Epoch [6/100] Train Loss: 1.0894, Train Acc: 56.61%, Val Loss: 1.0474, Val Acc: 56.65%
2026-02-08 07:24:34,436 - INFO - Epoch [7] Batch [0/35]                     Loss: 1.1285, Hard: 1.1285, Soft: 0.1661                     Acc: 43.75% LR: 0.000496                     Alpha: 0.5744425058364868                     Beta: 0.0                     MemKD: 0.5
2026-02-08 07:24:37,587 - INFO - Epoch [7] Batch [20/35]                     Loss: 1.0337, Hard: 1.0337, Soft: 0.1669                     Acc: 57.14% LR: 0.000496                     Alpha: 0.5744425058364868                     Beta: 0.0                     MemKD: 0.5
2026-02-08 07:25:02,705 - INFO - Epoch [7/100] Train Loss: 1.0902, Train Acc: 57.14%, Val Loss: 1.1091, Val Acc: 57.05%
2026-02-08 07:25:24,287 - INFO - Epoch [8] Batch [0/35]                     Loss: 0.9617, Hard: 0.9617, Soft: 0.1652                     Acc: 75.00% LR: 0.000494                     Alpha: 0.5744425058364868                     Beta: 0.0                     MemKD: 0.5
2026-02-08 07:25:27,253 - INFO - Epoch [8] Batch [20/35]                     Loss: 0.9726, Hard: 0.9726, Soft: 0.1718                     Acc: 55.95% LR: 0.000494                     Alpha: 0.5744425058364868                     Beta: 0.0                     MemKD: 0.5
2026-02-08 07:25:52,403 - INFO - Epoch [8/100] Train Loss: 1.1056, Train Acc: 57.32%, Val Loss: 1.0546, Val Acc: 59.44%
2026-02-08 07:26:14,284 - INFO - Epoch [9] Batch [0/35]                     Loss: 0.7648, Hard: 0.7648, Soft: 0.1348                     Acc: 62.50% LR: 0.000492                     Alpha: 0.5744425058364868                     Beta: 0.0                     MemKD: 0.5
2026-02-08 07:26:17,426 - INFO - Epoch [9] Batch [20/35]                     Loss: 1.3543, Hard: 1.3543, Soft: 0.2586                     Acc: 58.33% LR: 0.000492                     Alpha: 0.5744425058364868                     Beta: 0.0                     MemKD: 0.5
2026-02-08 07:26:42,225 - INFO - Epoch [9/100] Train Loss: 1.0165, Train Acc: 61.61%, Val Loss: 0.8895, Val Acc: 66.49%
2026-02-08 07:26:42,225 - INFO - Best model saved with accuracy: 66.49%
2026-02-08 07:27:01,940 - INFO - Epoch [10] Batch [0/35]                     Loss: 0.9703, Hard: 0.9703, Soft: 0.2092                     Acc: 62.50% LR: 0.000490                     Alpha: 0.5744425058364868                     Beta: 0.0                     MemKD: 0.5
2026-02-08 07:27:04,989 - INFO - Epoch [10] Batch [20/35]                     Loss: 1.1643, Hard: 1.1643, Soft: 0.1659                     Acc: 61.90% LR: 0.000490                     Alpha: 0.5744425058364868                     Beta: 0.0                     MemKD: 0.5
2026-02-08 07:27:31,620 - INFO - Epoch [10/100] Train Loss: 0.9510, Train Acc: 63.21%, Val Loss: 0.9908, Val Acc: 62.77%
2026-02-08 07:27:31,694 - INFO - Checkpoint saved at epoch 10
2026-02-08 07:27:53,420 - INFO - Epoch [11] Batch [0/35]                     Loss: 0.5559, Hard: 0.5559, Soft: 0.0992                     Acc: 87.50% LR: 0.000488                     Alpha: 0.5744425058364868                     Beta: 0.0                     MemKD: 0.5
2026-02-08 07:27:56,455 - INFO - Epoch [11] Batch [20/35]                     Loss: 1.2483, Hard: 1.2483, Soft: 0.1727                     Acc: 62.80% LR: 0.000488                     Alpha: 0.5744425058364868                     Beta: 0.0                     MemKD: 0.5
2026-02-08 07:28:21,877 - INFO - Epoch [11/100] Train Loss: 0.9917, Train Acc: 61.96%, Val Loss: 0.8813, Val Acc: 66.36%
2026-02-08 07:28:42,307 - INFO - Epoch [12] Batch [0/35]                     Loss: 0.7529, Hard: 0.7529, Soft: 0.1296                     Acc: 62.50% LR: 0.000485                     Alpha: 0.5744425058364868                     Beta: 0.0                     MemKD: 0.5
2026-02-08 07:28:45,351 - INFO - Epoch [12] Batch [20/35]                     Loss: 1.1633, Hard: 1.1633, Soft: 0.2102                     Acc: 65.18% LR: 0.000485                     Alpha: 0.5744425058364868                     Beta: 0.0                     MemKD: 0.5
2026-02-08 07:29:11,426 - INFO - Epoch [12/100] Train Loss: 0.8963, Train Acc: 65.54%, Val Loss: 0.9450, Val Acc: 60.90%
2026-02-08 07:29:31,723 - INFO - Epoch [13] Batch [0/35]                     Loss: 1.4823, Hard: 1.4823, Soft: 0.2261                     Acc: 43.75% LR: 0.000482                     Alpha: 0.5744425058364868                     Beta: 0.0                     MemKD: 0.5
2026-02-08 07:29:34,750 - INFO - Epoch [13] Batch [20/35]                     Loss: 1.2439, Hard: 1.2439, Soft: 0.2187                     Acc: 56.55% LR: 0.000482                     Alpha: 0.5744425058364868                     Beta: 0.0                     MemKD: 0.5
2026-02-08 07:29:59,295 - INFO - Epoch [13/100] Train Loss: 1.0181, Train Acc: 59.29%, Val Loss: 1.0157, Val Acc: 60.24%
2026-02-08 07:30:19,615 - INFO - Epoch [14] Batch [0/35]                     Loss: 0.6519, Hard: 0.6519, Soft: 0.1000                     Acc: 87.50% LR: 0.000479                     Alpha: 0.5744425058364868                     Beta: 0.0                     MemKD: 0.5
2026-02-08 07:30:22,643 - INFO - Epoch [14] Batch [20/35]                     Loss: 0.7215, Hard: 0.7215, Soft: 0.1266                     Acc: 61.90% LR: 0.000479                     Alpha: 0.5744425058364868                     Beta: 0.0                     MemKD: 0.5
2026-02-08 07:30:49,756 - INFO - Epoch [14/100] Train Loss: 0.9099, Train Acc: 64.46%, Val Loss: 0.8348, Val Acc: 66.36%
2026-02-08 07:31:11,184 - INFO - Epoch [15] Batch [0/35]                     Loss: 0.9680, Hard: 0.9680, Soft: 0.1938                     Acc: 62.50% LR: 0.000476                     Alpha: 0.5744425058364868                     Beta: 0.0                     MemKD: 0.5
2026-02-08 07:31:14,398 - INFO - Epoch [15] Batch [20/35]                     Loss: 1.1992, Hard: 1.1992, Soft: 0.1793                     Acc: 65.18% LR: 0.000476                     Alpha: 0.5744425058364868                     Beta: 0.0                     MemKD: 0.5
2026-02-08 07:31:41,029 - INFO - Epoch [15/100] Train Loss: 0.9301, Train Acc: 65.89%, Val Loss: 0.8927, Val Acc: 63.96%
2026-02-08 07:32:02,209 - INFO - Epoch [16] Batch [0/35]                     Loss: 1.1154, Hard: 1.1154, Soft: 0.2013                     Acc: 62.50% LR: 0.000473                     Alpha: 0.5744425058364868                     Beta: 0.0                     MemKD: 0.5
2026-02-08 07:32:05,219 - INFO - Epoch [16] Batch [20/35]                     Loss: 1.1426, Hard: 1.1426, Soft: 0.1886                     Acc: 66.67% LR: 0.000473                     Alpha: 0.5744425058364868                     Beta: 0.0                     MemKD: 0.5
2026-02-08 07:32:32,144 - INFO - Epoch [16/100] Train Loss: 0.8811, Train Acc: 67.50%, Val Loss: 1.1253, Val Acc: 57.05%
2026-02-08 07:32:52,181 - INFO - Epoch [17] Batch [0/35]                     Loss: 0.9978, Hard: 0.9978, Soft: 0.2199                     Acc: 68.75% LR: 0.000469                     Alpha: 0.5744425058364868                     Beta: 0.0                     MemKD: 0.5
2026-02-08 07:32:55,218 - INFO - Epoch [17] Batch [20/35]                     Loss: 0.7099, Hard: 0.7099, Soft: 0.1388                     Acc: 67.86% LR: 0.000469                     Alpha: 0.5744425058364868                     Beta: 0.0                     MemKD: 0.5
2026-02-08 07:33:21,664 - INFO - Epoch [17/100] Train Loss: 0.8924, Train Acc: 66.61%, Val Loss: 0.7954, Val Acc: 67.95%
2026-02-08 07:33:21,664 - INFO - Best model saved with accuracy: 67.95%
2026-02-08 07:33:42,611 - INFO - Epoch [18] Batch [0/35]                     Loss: 1.1480, Hard: 1.1480, Soft: 0.2500                     Acc: 68.75% LR: 0.000465                     Alpha: 0.5744425058364868                     Beta: 0.0                     MemKD: 0.5
2026-02-08 07:33:45,606 - INFO - Epoch [18] Batch [20/35]                     Loss: 1.3642, Hard: 1.3642, Soft: 0.2516                     Acc: 64.58% LR: 0.000465                     Alpha: 0.5744425058364868                     Beta: 0.0                     MemKD: 0.5
2026-02-08 07:34:11,237 - INFO - Epoch [18/100] Train Loss: 0.8792, Train Acc: 65.71%, Val Loss: 0.9512, Val Acc: 64.23%
2026-02-08 07:34:33,247 - INFO - Epoch [19] Batch [0/35]                     Loss: 0.6979, Hard: 0.6979, Soft: 0.1601                     Acc: 68.75% LR: 0.000461                     Alpha: 0.5744425058364868                     Beta: 0.0                     MemKD: 0.5
2026-02-08 07:34:36,249 - INFO - Epoch [19] Batch [20/35]                     Loss: 0.5858, Hard: 0.5858, Soft: 0.1278                     Acc: 71.13% LR: 0.000461                     Alpha: 0.5744425058364868                     Beta: 0.0                     MemKD: 0.5
2026-02-08 07:35:02,369 - INFO - Epoch [19/100] Train Loss: 0.8209, Train Acc: 68.21%, Val Loss: 0.6832, Val Acc: 76.46%
2026-02-08 07:35:02,369 - INFO - Best model saved with accuracy: 76.46%
2026-02-08 07:35:23,235 - INFO - Epoch [20] Batch [0/35]                     Loss: 0.7027, Hard: 0.7027, Soft: 0.1137                     Acc: 68.75% LR: 0.000457                     Alpha: 0.5744425058364868                     Beta: 0.0                     MemKD: 0.5
2026-02-08 07:35:26,247 - INFO - Epoch [20] Batch [20/35]                     Loss: 1.0195, Hard: 1.0195, Soft: 0.1759                     Acc: 67.86% LR: 0.000457                     Alpha: 0.5744425058364868                     Beta: 0.0                     MemKD: 0.5
2026-02-08 07:35:51,921 - INFO - Epoch [20/100] Train Loss: 0.8421, Train Acc: 66.25%, Val Loss: 0.7647, Val Acc: 69.15%
2026-02-08 07:35:51,952 - INFO - Checkpoint saved at epoch 20
2026-02-08 07:36:13,692 - INFO - Epoch [21] Batch [0/35]                     Loss: 0.5767, Hard: 0.5739, Soft: 0.1124                     Acc: 81.25% LR: 0.000452                     Alpha: 0.5744425058364868                     Beta: 0.0                     MemKD: 0.5
2026-02-08 07:36:16,712 - INFO - Epoch [21] Batch [20/35]                     Loss: 0.5208, Hard: 0.5184, Soft: 0.0936                     Acc: 76.49% LR: 0.000452                     Alpha: 0.5744425058364868                     Beta: -0.038016121834516525                     MemKD: 0.5077987909317017
2026-02-08 07:36:42,605 - INFO - Epoch [21/100] Train Loss: 0.7938, Train Acc: 73.57%, Val Loss: 0.8270, Val Acc: 65.16%
2026-02-08 07:37:03,682 - INFO - Epoch [22] Batch [0/35]                     Loss: 1.2493, Hard: 1.2400, Soft: 0.1850                     Acc: 62.50% LR: 0.000448                     Alpha: 0.5744425058364868                     Beta: -0.06348619610071182                     MemKD: 0.513200581073761
2026-02-08 07:37:06,688 - INFO - Epoch [22] Batch [20/35]                     Loss: 0.9010, Hard: 0.8951, Soft: 0.1178                     Acc: 70.83% LR: 0.000448                     Alpha: 0.5744425058364868                     Beta: -0.09866011887788773                     MemKD: 0.5206831097602844
2026-02-08 07:37:34,088 - INFO - Epoch [22/100] Train Loss: 0.8264, Train Acc: 69.82%, Val Loss: 0.7162, Val Acc: 70.48%
2026-02-08 07:37:54,726 - INFO - Epoch [23] Batch [0/35]                     Loss: 0.6944, Hard: 0.6896, Soft: 0.0628                     Acc: 75.00% LR: 0.000443                     Alpha: 0.5744425058364868                     Beta: -0.12254675477743149                     MemKD: 0.5258682370185852
2026-02-08 07:37:57,843 - INFO - Epoch [23] Batch [20/35]                     Loss: 0.9059, Hard: 0.8971, Soft: 0.1177                     Acc: 72.92% LR: 0.000443                     Alpha: 0.5744425058364868                     Beta: -0.1547192931175232                     MemKD: 0.5310454368591309
2026-02-08 07:38:24,581 - INFO - Epoch [23/100] Train Loss: 0.7691, Train Acc: 72.14%, Val Loss: 0.6396, Val Acc: 76.86%
2026-02-08 07:38:24,582 - INFO - Best model saved with accuracy: 76.86%
2026-02-08 07:38:45,462 - INFO - Epoch [24] Batch [0/35]                     Loss: 0.6112, Hard: 0.6068, Soft: 0.0433                     Acc: 68.75% LR: 0.000438                     Alpha: 0.5744425058364868                     Beta: -0.1763913333415985                     MemKD: 0.5333340764045715
2026-02-08 07:38:48,432 - INFO - Epoch [24] Batch [20/35]                     Loss: 0.2912, Hard: 0.2923, Soft: -0.0110                     Acc: 72.62% LR: 0.000438                     Alpha: 0.5744425058364868                     Beta: -0.2059917002916336                     MemKD: 0.5356753468513489
2026-02-08 07:39:14,075 - INFO - Epoch [24/100] Train Loss: 0.7464, Train Acc: 72.32%, Val Loss: 0.7385, Val Acc: 70.61%
2026-02-08 07:39:35,663 - INFO - Epoch [25] Batch [0/35]                     Loss: 1.0666, Hard: 1.0512, Soft: 0.1228                     Acc: 56.25% LR: 0.000432                     Alpha: 0.5744425058364868                     Beta: -0.22678686678409576                     MemKD: 0.5370223522186279
2026-02-08 07:39:38,662 - INFO - Epoch [25] Batch [20/35]                     Loss: 0.3543, Hard: 0.3593, Soft: -0.0398                     Acc: 71.13% LR: 0.000432                     Alpha: 0.5744425058364868                     Beta: -0.2548474669456482                     MemKD: 0.5362482666969299
2026-02-08 07:40:05,398 - INFO - Epoch [25/100] Train Loss: 0.7709, Train Acc: 71.25%, Val Loss: 0.6296, Val Acc: 76.20%
2026-02-08 07:40:26,928 - INFO - Epoch [26] Batch [0/35]                     Loss: 0.3691, Hard: 0.3724, Soft: -0.0221                     Acc: 81.25% LR: 0.000427                     Alpha: 0.5744425058364868                     Beta: -0.27432745695114136                     MemKD: 0.5345180630683899
2026-02-08 07:40:29,944 - INFO - Epoch [26] Batch [20/35]                     Loss: 1.1189, Hard: 1.1048, Soft: 0.0945                     Acc: 75.89% LR: 0.000427                     Alpha: 0.5744425058364868                     Beta: -0.2996414005756378                     MemKD: 0.5315508842468262
2026-02-08 07:40:55,171 - INFO - Epoch [26/100] Train Loss: 0.7187, Train Acc: 74.82%, Val Loss: 0.6169, Val Acc: 76.20%
2026-02-08 07:41:16,430 - INFO - Epoch [27] Batch [0/35]                     Loss: 0.4016, Hard: 0.4110, Soft: -0.0540                     Acc: 93.75% LR: 0.000421                     Alpha: 0.5744425058364868                     Beta: -0.3175985813140869                     MemKD: 0.5291083455085754
2026-02-08 07:41:19,509 - INFO - Epoch [27] Batch [20/35]                     Loss: 0.5067, Hard: 0.5186, Soft: -0.0681                     Acc: 76.19% LR: 0.000421                     Alpha: 0.5744425058364868                     Beta: -0.342019259929657                     MemKD: 0.5238019824028015
2026-02-08 07:41:46,167 - INFO - Epoch [27/100] Train Loss: 0.7254, Train Acc: 73.75%, Val Loss: 0.6176, Val Acc: 76.20%
2026-02-08 07:42:07,900 - INFO - Epoch [28] Batch [0/35]                     Loss: 0.9671, Hard: 0.9464, Soft: 0.1032                     Acc: 62.50% LR: 0.000415                     Alpha: 0.5744425058364868                     Beta: -0.3588964343070984                     MemKD: 0.5205205678939819
2026-02-08 07:42:11,023 - INFO - Epoch [28] Batch [20/35]                     Loss: 0.6599, Hard: 0.6579, Soft: 0.0104                     Acc: 73.51% LR: 0.000415                     Alpha: 0.5744425058364868                     Beta: -0.3797362148761749                     MemKD: 0.5173200964927673
2026-02-08 07:42:37,508 - INFO - Epoch [28/100] Train Loss: 0.7334, Train Acc: 73.93%, Val Loss: 0.7672, Val Acc: 71.01%
2026-02-08 07:42:59,531 - INFO - Epoch [29] Batch [0/35]                     Loss: 0.5799, Hard: 0.5935, Soft: -0.0604                     Acc: 81.25% LR: 0.000409                     Alpha: 0.5744425058364868                     Beta: -0.39636319875717163                     MemKD: 0.5132607817649841
2026-02-08 07:43:02,657 - INFO - Epoch [29] Batch [20/35]                     Loss: 0.8289, Hard: 0.8262, Soft: 0.0117                     Acc: 69.94% LR: 0.000409                     Alpha: 0.5744425058364868                     Beta: -0.4186505675315857                     MemKD: 0.507889986038208
2026-02-08 07:43:29,443 - INFO - Epoch [29/100] Train Loss: 0.7234, Train Acc: 71.43%, Val Loss: 0.6509, Val Acc: 74.87%
2026-02-08 07:43:50,752 - INFO - Epoch [30] Batch [0/35]                     Loss: 0.8705, Hard: 0.8704, Soft: 0.0004                     Acc: 56.25% LR: 0.000403                     Alpha: 0.5744425058364868                     Beta: -0.4358776807785034                     MemKD: 0.5030834674835205
2026-02-08 07:43:53,777 - INFO - Epoch [30] Batch [20/35]                     Loss: 1.0680, Hard: 1.0489, Soft: 0.0763                     Acc: 74.11% LR: 0.000403                     Alpha: 0.5744425058364868                     Beta: -0.4584953784942627                     MemKD: 0.49645715951919556
2026-02-08 07:44:19,211 - INFO - Epoch [30/100] Train Loss: 0.7192, Train Acc: 73.75%, Val Loss: 0.6066, Val Acc: 76.86%
2026-02-08 07:44:19,257 - INFO - Checkpoint saved at epoch 30
2026-02-08 07:44:41,518 - INFO - Epoch [31] Batch [0/35]                     Loss: 0.7002, Hard: 0.7154, Soft: -0.0552                     Acc: 75.00% LR: 0.000397                     Alpha: 0.5744425058364868                     Beta: -0.47497087717056274                     MemKD: 0.4918561279773712
2026-02-08 07:44:44,574 - INFO - Epoch [31] Batch [20/35]                     Loss: 0.4869, Hard: 0.5231, Soft: -0.1317                     Acc: 73.81% LR: 0.000397                     Alpha: 0.5744425058364868                     Beta: -0.4962709844112396                     MemKD: 0.4858452379703522
2026-02-08 07:45:09,081 - INFO - Epoch [31/100] Train Loss: 0.6813, Train Acc: 73.39%, Val Loss: 0.5634, Val Acc: 78.59%
2026-02-08 07:45:09,081 - INFO - Best model saved with accuracy: 78.59%
2026-02-08 07:45:30,048 - INFO - Epoch [32] Batch [0/35]                     Loss: 0.5374, Hard: 0.5822, Soft: -0.1492                     Acc: 75.00% LR: 0.000391                     Alpha: 0.5744425058364868                     Beta: -0.5122656226158142                     MemKD: 0.481184720993042
2026-02-08 07:45:33,079 - INFO - Epoch [32] Batch [20/35]                     Loss: 0.3076, Hard: 0.3663, Soft: -0.1956                     Acc: 75.00% LR: 0.000391                     Alpha: 0.5744425058364868                     Beta: -0.5334051847457886                     MemKD: 0.4749540388584137
2026-02-08 07:45:58,030 - INFO - Epoch [32/100] Train Loss: 0.6193, Train Acc: 74.64%, Val Loss: 0.6537, Val Acc: 75.80%
2026-02-08 07:46:18,039 - INFO - Epoch [33] Batch [0/35]                     Loss: 0.5794, Hard: 0.6282, Soft: -0.1501                     Acc: 87.50% LR: 0.000384                     Alpha: 0.5744425058364868                     Beta: -0.5491183400154114                     MemKD: 0.4703052043914795
2026-02-08 07:46:21,034 - INFO - Epoch [33] Batch [20/35]                     Loss: 0.5782, Hard: 0.6393, Soft: -0.1882                     Acc: 72.92% LR: 0.000384                     Alpha: 0.5744425058364868                     Beta: -0.5698009729385376                     MemKD: 0.4643706977367401
2026-02-08 07:46:45,852 - INFO - Epoch [33/100] Train Loss: 0.6900, Train Acc: 72.14%, Val Loss: 0.8165, Val Acc: 69.41%
2026-02-08 07:47:06,526 - INFO - Epoch [34] Batch [0/35]                     Loss: 0.6379, Hard: 0.7357, Soft: -0.2796                     Acc: 81.25% LR: 0.000377                     Alpha: 0.5744425058364868                     Beta: -0.5845848917961121                     MemKD: 0.4603479206562042
2026-02-08 07:47:09,600 - INFO - Epoch [34] Batch [20/35]                     Loss: 0.6241, Hard: 0.7054, Soft: -0.2324                     Acc: 74.40% LR: 0.000377                     Alpha: 0.5744425058364868                     Beta: -0.6045892834663391                     MemKD: 0.4547758400440216
2026-02-08 07:47:36,507 - INFO - Epoch [34/100] Train Loss: 0.6398, Train Acc: 74.29%, Val Loss: 0.6456, Val Acc: 74.60%
2026-02-08 07:47:56,884 - INFO - Epoch [35] Batch [0/35]                     Loss: 1.0505, Hard: 1.0726, Soft: -0.0590                     Acc: 56.25% LR: 0.000370                     Alpha: 0.5744425058364868                     Beta: -0.6186829805374146                     MemKD: 0.45102864503860474
2026-02-08 07:47:59,868 - INFO - Epoch [35] Batch [20/35]                     Loss: 0.5171, Hard: 0.6127, Soft: -0.2550                     Acc: 73.21% LR: 0.000370                     Alpha: 0.5744425058364868                     Beta: -0.6372813582420349                     MemKD: 0.4459492266178131
2026-02-08 07:48:25,878 - INFO - Epoch [35/100] Train Loss: 0.5809, Train Acc: 75.89%, Val Loss: 0.7764, Val Acc: 70.35%
2026-02-08 07:48:46,851 - INFO - Epoch [36] Batch [0/35]                     Loss: 0.5500, Hard: 0.6562, Soft: -0.2655                     Acc: 68.75% LR: 0.000363                     Alpha: 0.5744425058364868                     Beta: -0.6512787342071533                     MemKD: 0.4420068860054016
2026-02-08 07:48:50,049 - INFO - Epoch [36] Batch [20/35]                     Loss: 0.7955, Hard: 0.8660, Soft: -0.1764                     Acc: 74.40% LR: 0.000363                     Alpha: 0.5744425058364868                     Beta: -0.6696579456329346                     MemKD: 0.43681958317756653
2026-02-08 07:49:17,433 - INFO - Epoch [36/100] Train Loss: 0.5526, Train Acc: 75.18%, Val Loss: 0.6701, Val Acc: 75.66%
2026-02-08 07:49:38,199 - INFO - Epoch [37] Batch [0/35]                     Loss: 0.0672, Hard: 0.2878, Soft: -0.5190                     Acc: 87.50% LR: 0.000356                     Alpha: 0.5744425058364868                     Beta: -0.6829343438148499                     MemKD: 0.4331636428833008
2026-02-08 07:49:41,180 - INFO - Epoch [37] Batch [20/35]                     Loss: 0.6804, Hard: 0.8270, Soft: -0.3450                     Acc: 76.79% LR: 0.000356                     Alpha: 0.5744425058364868                     Beta: -0.700725793838501                     MemKD: 0.4281766712665558
2026-02-08 07:50:06,614 - INFO - Epoch [37/100] Train Loss: 0.4397, Train Acc: 77.14%, Val Loss: 0.5137, Val Acc: 81.52%
2026-02-08 07:50:06,615 - INFO - Best model saved with accuracy: 81.52%
2026-02-08 07:50:27,646 - INFO - Epoch [38] Batch [0/35]                     Loss: 0.1406, Hard: 0.3377, Soft: -0.4381                     Acc: 100.00% LR: 0.000349                     Alpha: 0.5744425058364868                     Beta: -0.7136102914810181                     MemKD: 0.42458194494247437
2026-02-08 07:50:30,658 - INFO - Epoch [38] Batch [20/35]                     Loss: 0.8196, Hard: 0.9147, Soft: -0.2111                     Acc: 81.55% LR: 0.000349                     Alpha: 0.5744425058364868                     Beta: -0.7304169535636902                     MemKD: 0.41991615295410156
2026-02-08 07:50:56,572 - INFO - Epoch [38/100] Train Loss: 0.4130, Train Acc: 80.00%, Val Loss: 0.6497, Val Acc: 74.73%
2026-02-08 07:51:18,137 - INFO - Epoch [39] Batch [0/35]                     Loss: 0.5940, Hard: 0.7392, Soft: -0.3056                     Acc: 75.00% LR: 0.000342                     Alpha: 0.5744425058364868                     Beta: -0.7421945929527283                     MemKD: 0.41675424575805664
2026-02-08 07:51:21,144 - INFO - Epoch [39] Batch [20/35]                     Loss: 0.1461, Hard: 0.3808, Soft: -0.4941                     Acc: 78.27% LR: 0.000342                     Alpha: 0.5744425058364868                     Beta: -0.7575652599334717                     MemKD: 0.4126349687576294
2026-02-08 07:51:47,820 - INFO - Epoch [39/100] Train Loss: 0.4161, Train Acc: 77.86%, Val Loss: 0.6460, Val Acc: 76.86%
2026-02-08 07:52:08,622 - INFO - Epoch [40] Batch [0/35]                     Loss: 0.3859, Hard: 0.5896, Soft: -0.4074                     Acc: 75.00% LR: 0.000335                     Alpha: 0.5744425058364868                     Beta: -0.7689425945281982                     MemKD: 0.40960192680358887
2026-02-08 07:52:11,636 - INFO - Epoch [40] Batch [20/35]                     Loss: 0.1293, Hard: 0.3986, Soft: -0.5385                     Acc: 75.30% LR: 0.000335                     Alpha: 0.5744425058364868                     Beta: -0.7835223078727722                     MemKD: 0.40578654408454895
2026-02-08 07:52:38,041 - INFO - Epoch [40/100] Train Loss: 0.4284, Train Acc: 74.64%, Val Loss: 0.6453, Val Acc: 75.00%
2026-02-08 07:52:38,073 - INFO - Checkpoint saved at epoch 40
2026-02-08 07:52:59,608 - INFO - Epoch [41] Batch [0/35]                     Loss: 0.1943, Hard: 0.4524, Soft: -0.4915                     Acc: 87.50% LR: 0.000327                     Alpha: 0.5744425058364868                     Beta: -0.794343113899231                     MemKD: 0.40295806527137756
2026-02-08 07:53:02,596 - INFO - Epoch [41] Batch [20/35]                     Loss: 0.2870, Hard: 0.5244, Soft: -0.4521                     Acc: 77.38% LR: 0.000327                     Alpha: 0.5744425058364868                     Beta: -0.8082804679870605                     MemKD: 0.39932963252067566
2026-02-08 07:53:27,948 - INFO - Epoch [41/100] Train Loss: 0.3601, Train Acc: 78.93%, Val Loss: 0.5734, Val Acc: 77.79%
2026-02-08 07:53:49,606 - INFO - Epoch [42] Batch [0/35]                     Loss: 0.2809, Hard: 0.5710, Soft: -0.5274                     Acc: 68.75% LR: 0.000320                     Alpha: 0.5744425058364868                     Beta: -0.8187144994735718                     MemKD: 0.3965981602668762
2026-02-08 07:53:52,623 - INFO - Epoch [42] Batch [20/35]                     Loss: 0.9275, Hard: 1.0544, Soft: -0.2307                     Acc: 78.87% LR: 0.000320                     Alpha: 0.5744425058364868                     Beta: -0.832533597946167                     MemKD: 0.39296308159828186
2026-02-08 07:54:18,262 - INFO - Epoch [42/100] Train Loss: 0.2894, Train Acc: 79.46%, Val Loss: 0.5677, Val Acc: 79.65%
2026-02-08 07:54:39,321 - INFO - Epoch [43] Batch [0/35]                     Loss: -0.0041, Hard: 0.3956, Soft: -0.6952                     Acc: 87.50% LR: 0.000312                     Alpha: 0.5744425058364868                     Beta: -0.8425783514976501                     MemKD: 0.39036765694618225
2026-02-08 07:54:42,329 - INFO - Epoch [43] Batch [20/35]                     Loss: 0.4429, Hard: 0.6499, Soft: -0.3600                     Acc: 79.46% LR: 0.000312                     Alpha: 0.5744425058364868                     Beta: -0.8555453419685364                     MemKD: 0.38704028725624084
2026-02-08 07:55:07,373 - INFO - Epoch [43/100] Train Loss: 0.2334, Train Acc: 80.89%, Val Loss: 0.6114, Val Acc: 76.33%
2026-02-08 07:55:29,403 - INFO - Epoch [44] Batch [0/35]                     Loss: 0.0195, Hard: 0.4155, Soft: -0.6599                     Acc: 81.25% LR: 0.000305                     Alpha: 0.5744425058364868                     Beta: -0.865204393863678                     MemKD: 0.3845549523830414
2026-02-08 07:55:32,517 - INFO - Epoch [44] Batch [20/35]                     Loss: -0.0758, Hard: 0.3281, Soft: -0.6731                     Acc: 83.04% LR: 0.000305                     Alpha: 0.5744425058364868                     Beta: -0.8779542446136475                     MemKD: 0.38123318552970886
2026-02-08 07:55:57,529 - INFO - Epoch [44/100] Train Loss: 0.1635, Train Acc: 81.61%, Val Loss: 0.5606, Val Acc: 77.93%
2026-02-08 07:56:18,074 - INFO - Epoch [45] Batch [0/35]                     Loss: 0.0266, Hard: 0.4112, Soft: -0.6154                     Acc: 87.50% LR: 0.000297                     Alpha: 0.5744425058364868                     Beta: -0.8871057629585266                     MemKD: 0.37892067432403564
2026-02-08 07:56:21,297 - INFO - Epoch [45] Batch [20/35]                     Loss: 0.8144, Hard: 1.0793, Soft: -0.4237                     Acc: 80.65% LR: 0.000297                     Alpha: 0.5744425058364868                     Beta: -0.8992673754692078                     MemKD: 0.37579143047332764
2026-02-08 07:56:46,970 - INFO - Epoch [45/100] Train Loss: 0.1490, Train Acc: 79.64%, Val Loss: 0.5690, Val Acc: 79.92%
2026-02-08 07:57:06,146 - INFO - Epoch [46] Batch [0/35]                     Loss: 0.7795, Hard: 1.0793, Soft: -0.4612                     Acc: 68.75% LR: 0.000289                     Alpha: 0.5744425058364868                     Beta: -0.9080577492713928                     MemKD: 0.37358441948890686
2026-02-08 07:57:09,152 - INFO - Epoch [46] Batch [20/35]                     Loss: -0.1576, Hard: 0.3473, Soft: -0.7768                     Acc: 80.95% LR: 0.000289                     Alpha: 0.5744425058364868                     Beta: -0.9193557500839233                     MemKD: 0.37077486515045166
2026-02-08 07:57:36,238 - INFO - Epoch [46/100] Train Loss: 0.1327, Train Acc: 78.93%, Val Loss: 0.4715, Val Acc: 81.25%
2026-02-08 07:57:58,663 - INFO - Epoch [47] Batch [0/35]                     Loss: 0.2060, Hard: 0.6362, Soft: -0.6374                     Acc: 81.25% LR: 0.000281                     Alpha: 0.5744425058364868                     Beta: -0.9279289841651917                     MemKD: 0.3686146140098572
2026-02-08 07:58:01,679 - INFO - Epoch [47] Batch [20/35]                     Loss: 0.8336, Hard: 1.1092, Soft: -0.4083                     Acc: 79.17% LR: 0.000281                     Alpha: 0.5744425058364868                     Beta: -0.9387754797935486                     MemKD: 0.36592280864715576
2026-02-08 07:58:27,907 - INFO - Epoch [47/100] Train Loss: 0.1198, Train Acc: 80.54%, Val Loss: 0.4971, Val Acc: 81.78%
2026-02-08 07:58:27,908 - INFO - Best model saved with accuracy: 81.78%
2026-02-08 07:58:50,524 - INFO - Epoch [48] Batch [0/35]                     Loss: 0.4599, Hard: 0.8119, Soft: -0.5029                     Acc: 68.75% LR: 0.000274                     Alpha: 0.5744425058364868                     Beta: -0.9469980001449585                     MemKD: 0.36387720704078674
2026-02-08 07:58:53,656 - INFO - Epoch [48] Batch [20/35]                     Loss: -0.2277, Hard: 0.3556, Soft: -0.8333                     Acc: 79.17% LR: 0.000274                     Alpha: 0.5744425058364868                     Beta: -0.9574940800666809                     MemKD: 0.3612941801548004
2026-02-08 07:59:20,611 - INFO - Epoch [48/100] Train Loss: 0.1030, Train Acc: 79.82%, Val Loss: 0.5412, Val Acc: 80.85%
2026-02-08 07:59:41,333 - INFO - Epoch [49] Batch [0/35]                     Loss: 0.1644, Hard: 0.6186, Soft: -0.6266                     Acc: 81.25% LR: 0.000266                     Alpha: 0.5744425058364868                     Beta: -0.9651902318000793                     MemKD: 0.3594202697277069
2026-02-08 07:59:44,324 - INFO - Epoch [49] Batch [20/35]                     Loss: 0.0335, Hard: 0.5319, Soft: -0.6875                     Acc: 80.95% LR: 0.000266                     Alpha: 0.5744425058364868                     Beta: -0.9751323461532593                     MemKD: 0.3570016622543335
2026-02-08 08:00:08,775 - INFO - Epoch [49/100] Train Loss: 0.0394, Train Acc: 82.50%, Val Loss: 0.4824, Val Acc: 81.91%
2026-02-08 08:00:08,775 - INFO - Best model saved with accuracy: 81.91%
2026-02-08 08:00:30,571 - INFO - Epoch [50] Batch [0/35]                     Loss: -0.2627, Hard: 0.3393, Soft: -0.8026                     Acc: 87.50% LR: 0.000258                     Alpha: 0.5744425058364868                     Beta: -0.9824684262275696                     MemKD: 0.3552204668521881
2026-02-08 08:00:33,636 - INFO - Epoch [50] Batch [20/35]                     Loss: -0.0892, Hard: 0.4658, Soft: -0.7399                     Acc: 80.95% LR: 0.000258                     Alpha: 0.5744425058364868                     Beta: -0.9919906854629517                     MemKD: 0.3529156744480133
2026-02-08 08:00:58,591 - INFO - Epoch [50/100] Train Loss: 0.0113, Train Acc: 81.43%, Val Loss: 0.7866, Val Acc: 72.21%
2026-02-08 08:00:58,638 - INFO - Checkpoint saved at epoch 50
2026-02-08 08:01:20,451 - INFO - Epoch [51] Batch [0/35]                     Loss: -0.1104, Hard: 0.4796, Soft: -0.7612                     Acc: 75.00% LR: 0.000250                     Alpha: 0.5744425058364868                     Beta: -0.999276340007782                     MemKD: 0.35114017128944397
2026-02-08 08:01:23,464 - INFO - Epoch [51] Batch [20/35]                     Loss: -0.0807, Hard: 0.5433, Soft: -0.8052                     Acc: 81.55% LR: 0.000250                     Alpha: 0.5744425058364868                     Beta: -1.0086003541946411                     MemKD: 0.34889549016952515
2026-02-08 08:01:47,783 - INFO - Epoch [51/100] Train Loss: -0.0919, Train Acc: 82.32%, Val Loss: 0.5207, Val Acc: 79.52%
2026-02-08 08:02:10,076 - INFO - Epoch [52] Batch [0/35]                     Loss: 0.1523, Hard: 0.6608, Soft: -0.6357                     Acc: 68.75% LR: 0.000242                     Alpha: 0.5744425058364868                     Beta: -1.015501618385315                     MemKD: 0.3472386300563812
2026-02-08 08:02:13,036 - INFO - Epoch [52] Batch [20/35]                     Loss: -0.1665, Hard: 0.4802, Soft: -0.8084                     Acc: 79.46% LR: 0.000242                     Alpha: 0.5744425058364868                     Beta: -1.0243937969207764                     MemKD: 0.34510865807533264
2026-02-08 08:02:39,305 - INFO - Epoch [52/100] Train Loss: -0.0664, Train Acc: 78.93%, Val Loss: 0.5606, Val Acc: 78.19%
2026-02-08 08:02:59,130 - INFO - Epoch [53] Batch [0/35]                     Loss: -0.0154, Hard: 0.6377, Soft: -0.7916                     Acc: 75.00% LR: 0.000234                     Alpha: 0.5744425058364868                     Beta: -1.0309278964996338                     MemKD: 0.3435590863227844
2026-02-08 08:03:02,098 - INFO - Epoch [53] Batch [20/35]                     Loss: -0.2940, Hard: 0.4087, Soft: -0.8518                     Acc: 81.55% LR: 0.000234                     Alpha: 0.5744425058364868                     Beta: -1.0395208597183228                     MemKD: 0.3415163457393646
2026-02-08 08:03:28,232 - INFO - Epoch [53/100] Train Loss: -0.2002, Train Acc: 82.86%, Val Loss: 0.5570, Val Acc: 79.12%
2026-02-08 08:03:49,984 - INFO - Epoch [54] Batch [0/35]                     Loss: -0.0336, Hard: 0.6271, Soft: -0.7773                     Acc: 87.50% LR: 0.000226                     Alpha: 0.5744425058364868                     Beta: -1.0459530353546143                     MemKD: 0.33998364210128784
2026-02-08 08:03:52,968 - INFO - Epoch [54] Batch [20/35]                     Loss: -0.3992, Hard: 0.3718, Soft: -0.9071                     Acc: 82.14% LR: 0.000226                     Alpha: 0.5744425058364868                     Beta: -1.0540966987609863                     MemKD: 0.33806198835372925
2026-02-08 08:04:17,979 - INFO - Epoch [54/100] Train Loss: -0.1903, Train Acc: 82.50%, Val Loss: 0.4821, Val Acc: 81.25%
2026-02-08 08:04:39,632 - INFO - Epoch [55] Batch [0/35]                     Loss: -0.4016, Hard: 0.4109, Soft: -0.9285                     Acc: 81.25% LR: 0.000219                     Alpha: 0.5744425058364868                     Beta: -1.0601357221603394                     MemKD: 0.33663973212242126
2026-02-08 08:04:42,615 - INFO - Epoch [55] Batch [20/35]                     Loss: -0.1946, Hard: 0.4813, Soft: -0.7725                     Acc: 82.44% LR: 0.000219                     Alpha: 0.5744425058364868                     Beta: -1.0678731203079224                     MemKD: 0.334827184677124
2026-02-08 08:05:08,896 - INFO - Epoch [55/100] Train Loss: -0.2224, Train Acc: 81.07%, Val Loss: 0.5424, Val Acc: 80.32%
2026-02-08 08:05:29,963 - INFO - Epoch [56] Batch [0/35]                     Loss: -0.3352, Hard: 0.4476, Soft: -0.8698                     Acc: 93.75% LR: 0.000211                     Alpha: 0.5744425058364868                     Beta: -1.0736408233642578                     MemKD: 0.33347731828689575
2026-02-08 08:05:32,961 - INFO - Epoch [56] Batch [20/35]                     Loss: -0.2656, Hard: 0.4677, Soft: -0.8148                     Acc: 82.14% LR: 0.000211                     Alpha: 0.5744425058364868                     Beta: -1.0809205770492554                     MemKD: 0.3317895233631134
2026-02-08 08:05:58,706 - INFO - Epoch [56/100] Train Loss: -0.2398, Train Acc: 82.32%, Val Loss: 0.4770, Val Acc: 81.65%
2026-02-08 08:06:19,703 - INFO - Epoch [57] Batch [0/35]                     Loss: -0.0324, Hard: 0.7000, Soft: -0.7918                     Acc: 81.25% LR: 0.000203                     Alpha: 0.5744425058364868                     Beta: -1.0863827466964722                     MemKD: 0.33052873611450195
2026-02-08 08:06:22,750 - INFO - Epoch [57] Batch [20/35]                     Loss: -0.2475, Hard: 0.5938, Soft: -0.9095                     Acc: 84.52% LR: 0.000203                     Alpha: 0.5744425058364868                     Beta: -1.0933974981307983                     MemKD: 0.328920841217041
2026-02-08 08:06:47,810 - INFO - Epoch [57/100] Train Loss: -0.3512, Train Acc: 83.21%, Val Loss: 0.4476, Val Acc: 83.11%
2026-02-08 08:06:47,810 - INFO - Best model saved with accuracy: 83.11%
2026-02-08 08:07:09,423 - INFO - Epoch [58] Batch [0/35]                     Loss: -0.7025, Hard: 0.2668, Soft: -1.0203                     Acc: 93.75% LR: 0.000195                     Alpha: 0.5744425058364868                     Beta: -1.0987732410430908                     MemKD: 0.3276759088039398
2026-02-08 08:07:12,461 - INFO - Epoch [58] Batch [20/35]                     Loss: -0.6182, Hard: 0.3579, Soft: -1.0275                     Acc: 83.33% LR: 0.000195                     Alpha: 0.5744425058364868                     Beta: -1.1056016683578491                     MemKD: 0.3260957896709442
2026-02-08 08:07:39,853 - INFO - Epoch [58/100] Train Loss: -0.3679, Train Acc: 81.61%, Val Loss: 0.4384, Val Acc: 83.11%
2026-02-08 08:08:01,471 - INFO - Epoch [59] Batch [0/35]                     Loss: -0.5862, Hard: 0.3923, Soft: -1.0036                     Acc: 93.75% LR: 0.000188                     Alpha: 0.5744425058364868                     Beta: -1.110593557357788                     MemKD: 0.3249489963054657
2026-02-08 08:08:04,534 - INFO - Epoch [59] Batch [20/35]                     Loss: -0.6969, Hard: 0.3244, Soft: -1.0475                     Acc: 84.52% LR: 0.000188                     Alpha: 0.5744425058364868                     Beta: -1.1170896291732788                     MemKD: 0.32346111536026
2026-02-08 08:08:30,006 - INFO - Epoch [59/100] Train Loss: -0.5172, Train Acc: 85.36%, Val Loss: 0.4544, Val Acc: 81.78%
2026-02-08 08:08:52,377 - INFO - Epoch [60] Batch [0/35]                     Loss: -0.0608, Hard: 0.6527, Soft: -0.7135                     Acc: 81.25% LR: 0.000180                     Alpha: 0.5744425058364868                     Beta: -1.1219956874847412                     MemKD: 0.3223339915275574
2026-02-08 08:08:55,507 - INFO - Epoch [60] Batch [20/35]                     Loss: -0.5704, Hard: 0.3786, Soft: -0.9490                     Acc: 84.23% LR: 0.000180                     Alpha: 0.5744425058364868                     Beta: -1.128092646598816                     MemKD: 0.32095712423324585
2026-02-08 08:09:22,238 - INFO - Epoch [60/100] Train Loss: -0.4528, Train Acc: 84.29%, Val Loss: 0.5752, Val Acc: 77.53%
2026-02-08 08:09:22,284 - INFO - Checkpoint saved at epoch 60
2026-02-08 08:09:43,497 - INFO - Epoch [61] Batch [0/35]                     Loss: -0.3796, Hard: 0.4992, Soft: -0.8788                     Acc: 87.50% LR: 0.000173                     Alpha: 0.5744425058364868                     Beta: -1.1326853036880493                     MemKD: 0.3199155628681183
2026-02-08 08:09:46,614 - INFO - Epoch [61] Batch [20/35]                     Loss: -0.4226, Hard: 0.4999, Soft: -0.9225                     Acc: 85.12% LR: 0.000173                     Alpha: 0.5744425058364868                     Beta: -1.1383934020996094                     MemKD: 0.318630188703537
2026-02-08 08:10:11,296 - INFO - Epoch [61/100] Train Loss: -0.4286, Train Acc: 82.32%, Val Loss: 0.4672, Val Acc: 82.18%
2026-02-08 08:10:32,653 - INFO - Epoch [62] Batch [0/35]                     Loss: -0.8296, Hard: 0.2666, Soft: -1.0962                     Acc: 93.75% LR: 0.000165                     Alpha: 0.5744425058364868                     Beta: -1.142477035522461                     MemKD: 0.3177286982536316
2026-02-08 08:10:35,689 - INFO - Epoch [62] Batch [20/35]                     Loss: -0.3020, Hard: 0.6663, Soft: -0.9682                     Acc: 81.25% LR: 0.000165                     Alpha: 0.5744425058364868                     Beta: -1.1477783918380737                     MemKD: 0.316546767950058
2026-02-08 08:11:02,328 - INFO - Epoch [62/100] Train Loss: -0.4076, Train Acc: 81.61%, Val Loss: 0.4793, Val Acc: 82.45%
2026-02-08 08:11:24,124 - INFO - Epoch [63] Batch [0/35]                     Loss: -0.8826, Hard: 0.2717, Soft: -1.1543                     Acc: 93.75% LR: 0.000158                     Alpha: 0.5744425058364868                     Beta: -1.1516371965408325                     MemKD: 0.31569695472717285
2026-02-08 08:11:27,195 - INFO - Epoch [63] Batch [20/35]                     Loss: -0.9845, Hard: 0.1600, Soft: -1.1445                     Acc: 86.61% LR: 0.000158                     Alpha: 0.5744425058364868                     Beta: -1.1566351652145386                     MemKD: 0.31457558274269104
2026-02-08 08:11:53,454 - INFO - Epoch [63/100] Train Loss: -0.5705, Train Acc: 84.64%, Val Loss: 0.4350, Val Acc: 83.64%
2026-02-08 08:11:53,455 - INFO - Best model saved with accuracy: 83.64%
2026-02-08 08:12:14,706 - INFO - Epoch [64] Batch [0/35]                     Loss: -0.1617, Hard: 0.7246, Soft: -0.8863                     Acc: 75.00% LR: 0.000151                     Alpha: 0.5744425058364868                     Beta: -1.1604002714157104                     MemKD: 0.313729852437973
2026-02-08 08:12:17,749 - INFO - Epoch [64] Batch [20/35]                     Loss: -0.6653, Hard: 0.3195, Soft: -0.9848                     Acc: 81.25% LR: 0.000151                     Alpha: 0.5744425058364868                     Beta: -1.1650341749191284                     MemKD: 0.3127014935016632
2026-02-08 08:12:44,697 - INFO - Epoch [64/100] Train Loss: -0.5240, Train Acc: 83.39%, Val Loss: 0.4600, Val Acc: 82.18%
2026-02-08 08:13:05,883 - INFO - Epoch [65] Batch [0/35]                     Loss: -0.9634, Hard: 0.1760, Soft: -1.1394                     Acc: 100.00% LR: 0.000144                     Alpha: 0.5744425058364868                     Beta: -1.1684633493423462                     MemKD: 0.3119404911994934
2026-02-08 08:13:08,910 - INFO - Epoch [65] Batch [20/35]                     Loss: -0.4594, Hard: 0.4580, Soft: -0.9174                     Acc: 86.31% LR: 0.000144                     Alpha: 0.5744425058364868                     Beta: -1.1727957725524902                     MemKD: 0.31097665429115295
2026-02-08 08:13:34,881 - INFO - Epoch [65/100] Train Loss: -0.6358, Train Acc: 86.25%, Val Loss: 0.4442, Val Acc: 83.11%
2026-02-08 08:13:55,384 - INFO - Epoch [66] Batch [0/35]                     Loss: -0.5688, Hard: 0.4559, Soft: -1.0247                     Acc: 81.25% LR: 0.000137                     Alpha: 0.5744425058364868                     Beta: -1.1760622262954712                     MemKD: 0.3102521002292633
2026-02-08 08:13:58,407 - INFO - Epoch [66] Batch [20/35]                     Loss: -0.7681, Hard: 0.3276, Soft: -1.0957                     Acc: 82.74% LR: 0.000137                     Alpha: 0.5744425058364868                     Beta: -1.1801255941390991                     MemKD: 0.3093542754650116
2026-02-08 08:14:23,917 - INFO - Epoch [66/100] Train Loss: -0.5719, Train Acc: 83.75%, Val Loss: 0.4340, Val Acc: 83.11%
2026-02-08 08:14:44,691 - INFO - Epoch [67] Batch [0/35]                     Loss: -0.8460, Hard: 0.2686, Soft: -1.1146                     Acc: 93.75% LR: 0.000130                     Alpha: 0.5744425058364868                     Beta: -1.1830958127975464                     MemKD: 0.3087020218372345
2026-02-08 08:14:47,748 - INFO - Epoch [67] Batch [20/35]                     Loss: -0.8908, Hard: 0.2876, Soft: -1.1784                     Acc: 86.90% LR: 0.000130                     Alpha: 0.5744425058364868                     Beta: -1.1868711709976196                     MemKD: 0.30786970257759094
2026-02-08 08:15:12,832 - INFO - Epoch [67/100] Train Loss: -0.6040, Train Acc: 86.07%, Val Loss: 0.4157, Val Acc: 83.38%
2026-02-08 08:15:33,526 - INFO - Epoch [68] Batch [0/35]                     Loss: 0.0678, Hard: 0.8332, Soft: -0.7654                     Acc: 68.75% LR: 0.000123                     Alpha: 0.5744425058364868                     Beta: -1.1896380186080933                     MemKD: 0.3072635233402252
2026-02-08 08:15:36,495 - INFO - Epoch [68] Batch [20/35]                     Loss: -0.9476, Hard: 0.1821, Soft: -1.1296                     Acc: 85.71% LR: 0.000123                     Alpha: 0.5744425058364868                     Beta: -1.1931416988372803                     MemKD: 0.30649474263191223
2026-02-08 08:16:03,526 - INFO - Epoch [68/100] Train Loss: -0.5516, Train Acc: 84.11%, Val Loss: 0.5325, Val Acc: 80.19%
2026-02-08 08:16:25,980 - INFO - Epoch [69] Batch [0/35]                     Loss: -0.8663, Hard: 0.2701, Soft: -1.1364                     Acc: 100.00% LR: 0.000116                     Alpha: 0.5744425058364868                     Beta: -1.195712685585022                     MemKD: 0.3059346675872803
2026-02-08 08:16:29,029 - INFO - Epoch [69] Batch [20/35]                     Loss: -0.0490, Hard: 0.8003, Soft: -0.8493                     Acc: 83.93% LR: 0.000116                     Alpha: 0.5744425058364868                     Beta: -1.1988743543624878                     MemKD: 0.3052513897418976
2026-02-08 08:16:55,885 - INFO - Epoch [69/100] Train Loss: -0.5391, Train Acc: 83.39%, Val Loss: 0.4618, Val Acc: 82.18%
2026-02-08 08:17:17,936 - INFO - Epoch [70] Batch [0/35]                     Loss: -0.0058, Hard: 0.8789, Soft: -0.8847                     Acc: 62.50% LR: 0.000109                     Alpha: 0.5744425058364868                     Beta: -1.201207160949707                     MemKD: 0.30475202202796936
2026-02-08 08:17:20,957 - INFO - Epoch [70] Batch [20/35]                     Loss: -0.7205, Hard: 0.3463, Soft: -1.0667                     Acc: 86.90% LR: 0.000109                     Alpha: 0.5744425058364868                     Beta: -1.2042220830917358                     MemKD: 0.3040960133075714
2026-02-08 08:17:46,389 - INFO - Epoch [70/100] Train Loss: -0.7214, Train Acc: 88.04%, Val Loss: 0.4483, Val Acc: 84.31%
2026-02-08 08:17:46,389 - INFO - Best model saved with accuracy: 84.31%
2026-02-08 08:17:46,451 - INFO - Checkpoint saved at epoch 70
2026-02-08 08:18:07,897 - INFO - Epoch [71] Batch [0/35]                     Loss: -0.2617, Hard: 0.7095, Soft: -0.9712                     Acc: 81.25% LR: 0.000103                     Alpha: 0.5744425058364868                     Beta: -1.206536889076233                     MemKD: 0.3035881221294403
2026-02-08 08:18:10,903 - INFO - Epoch [71] Batch [20/35]                     Loss: -0.8403, Hard: 0.3156, Soft: -1.1558                     Acc: 83.04% LR: 0.000103                     Alpha: 0.5744425058364868                     Beta: -1.2093838453292847                     MemKD: 0.3029661774635315
2026-02-08 08:18:36,452 - INFO - Epoch [71/100] Train Loss: -0.5936, Train Acc: 83.57%, Val Loss: 0.5007, Val Acc: 81.65%
2026-02-08 08:18:57,361 - INFO - Epoch [72] Batch [0/35]                     Loss: -0.1399, Hard: 0.6570, Soft: -0.7969                     Acc: 68.75% LR: 0.000097                     Alpha: 0.5744425058364868                     Beta: -1.2114448547363281                     MemKD: 0.3025219738483429
2026-02-08 08:19:00,383 - INFO - Epoch [72] Batch [20/35]                     Loss: -0.7170, Hard: 0.4044, Soft: -1.1214                     Acc: 84.82% LR: 0.000097                     Alpha: 0.5744425058364868                     Beta: -1.2139936685562134                     MemKD: 0.301973819732666
2026-02-08 08:19:27,074 - INFO - Epoch [72/100] Train Loss: -0.6415, Train Acc: 85.71%, Val Loss: 0.3881, Val Acc: 85.11%
2026-02-08 08:19:27,074 - INFO - Best model saved with accuracy: 85.11%
2026-02-08 08:19:48,684 - INFO - Epoch [73] Batch [0/35]                     Loss: -0.7394, Hard: 0.3216, Soft: -1.0609                     Acc: 81.25% LR: 0.000091                     Alpha: 0.5744425058364868                     Beta: -1.2159514427185059                     MemKD: 0.30154862999916077
2026-02-08 08:19:51,691 - INFO - Epoch [73] Batch [20/35]                     Loss: -0.5151, Hard: 0.5106, Soft: -1.0257                     Acc: 85.42% LR: 0.000091                     Alpha: 0.5744425058364868                     Beta: -1.2183774709701538                     MemKD: 0.30102235078811646
2026-02-08 08:20:17,790 - INFO - Epoch [73/100] Train Loss: -0.6862, Train Acc: 85.54%, Val Loss: 0.4442, Val Acc: 82.45%
2026-02-08 08:20:39,790 - INFO - Epoch [74] Batch [0/35]                     Loss: -0.7708, Hard: 0.3200, Soft: -1.0908                     Acc: 93.75% LR: 0.000085                     Alpha: 0.5744425058364868                     Beta: -1.2202085256576538                     MemKD: 0.30062440037727356
2026-02-08 08:20:42,734 - INFO - Epoch [74] Batch [20/35]                     Loss: -0.9682, Hard: 0.2795, Soft: -1.2477                     Acc: 84.82% LR: 0.000085                     Alpha: 0.5744425058364868                     Beta: -1.2224191427230835                     MemKD: 0.3001496493816376
2026-02-08 08:21:09,376 - INFO - Epoch [74/100] Train Loss: -0.6669, Train Acc: 84.82%, Val Loss: 0.3941, Val Acc: 84.71%
2026-02-08 08:21:32,143 - INFO - Epoch [75] Batch [0/35]                     Loss: -1.0953, Hard: 0.1620, Soft: -1.2573                     Acc: 93.75% LR: 0.000079                     Alpha: 0.5744425058364868                     Beta: -1.2241109609603882                     MemKD: 0.2997831702232361
2026-02-08 08:21:35,151 - INFO - Epoch [75] Batch [20/35]                     Loss: -0.2934, Hard: 0.5925, Soft: -0.8859                     Acc: 89.88% LR: 0.000079                     Alpha: 0.5744425058364868                     Beta: -1.2261916399002075                     MemKD: 0.2993326485157013
2026-02-08 08:22:01,400 - INFO - Epoch [75/100] Train Loss: -0.7861, Train Acc: 88.57%, Val Loss: 0.4401, Val Acc: 84.04%
2026-02-08 08:22:22,277 - INFO - Epoch [76] Batch [0/35]                     Loss: -0.6414, Hard: 0.4466, Soft: -1.0880                     Acc: 87.50% LR: 0.000073                     Alpha: 0.5744425058364868                     Beta: -1.2277214527130127                     MemKD: 0.29900309443473816
2026-02-08 08:22:25,293 - INFO - Epoch [76] Batch [20/35]                     Loss: -0.9811, Hard: 0.2274, Soft: -1.2085                     Acc: 85.42% LR: 0.000073                     Alpha: 0.5744425058364868                     Beta: -1.2296078205108643                     MemKD: 0.2985987365245819
2026-02-08 08:22:51,932 - INFO - Epoch [76/100] Train Loss: -0.6930, Train Acc: 85.71%, Val Loss: 0.4269, Val Acc: 84.84%
2026-02-08 08:23:12,603 - INFO - Epoch [77] Batch [0/35]                     Loss: -0.7791, Hard: 0.3601, Soft: -1.1392                     Acc: 93.75% LR: 0.000068                     Alpha: 0.5744425058364868                     Beta: -1.2310240268707275                     MemKD: 0.2982943058013916
2026-02-08 08:23:15,599 - INFO - Epoch [77] Batch [20/35]                     Loss: -0.5527, Hard: 0.4660, Soft: -1.0187                     Acc: 86.01% LR: 0.000068                     Alpha: 0.5744425058364868                     Beta: -1.2327511310577393                     MemKD: 0.29792335629463196
2026-02-08 08:23:41,650 - INFO - Epoch [77/100] Train Loss: -0.7154, Train Acc: 86.07%, Val Loss: 0.4172, Val Acc: 83.91%
2026-02-08 08:24:02,352 - INFO - Epoch [78] Batch [0/35]                     Loss: -0.6968, Hard: 0.4512, Soft: -1.1479                     Acc: 81.25% LR: 0.000062                     Alpha: 0.5744425058364868                     Beta: -1.2340439558029175                     MemKD: 0.29764580726623535
2026-02-08 08:24:05,398 - INFO - Epoch [78] Batch [20/35]                     Loss: -0.2321, Hard: 0.7406, Soft: -0.9727                     Acc: 86.61% LR: 0.000062                     Alpha: 0.5744425058364868                     Beta: -1.2356200218200684                     MemKD: 0.29730895161628723
2026-02-08 08:24:32,673 - INFO - Epoch [78/100] Train Loss: -0.7746, Train Acc: 87.50%, Val Loss: 0.3957, Val Acc: 85.24%
2026-02-08 08:24:32,674 - INFO - Best model saved with accuracy: 85.24%
2026-02-08 08:24:53,680 - INFO - Epoch [79] Batch [0/35]                     Loss: -0.5762, Hard: 0.5035, Soft: -1.0797                     Acc: 87.50% LR: 0.000057                     Alpha: 0.5744425058364868                     Beta: -1.2368066310882568                     MemKD: 0.2970544397830963
2026-02-08 08:24:56,663 - INFO - Epoch [79] Batch [20/35]                     Loss: -1.0303, Hard: 0.2383, Soft: -1.2685                     Acc: 83.33% LR: 0.000057                     Alpha: 0.5744425058364868                     Beta: -1.2382206916809082                     MemKD: 0.2967544198036194
2026-02-08 08:25:22,188 - INFO - Epoch [79/100] Train Loss: -0.7151, Train Acc: 86.25%, Val Loss: 0.3971, Val Acc: 84.57%
2026-02-08 08:25:43,273 - INFO - Epoch [80] Batch [0/35]                     Loss: -0.5877, Hard: 0.5219, Soft: -1.1097                     Acc: 81.25% LR: 0.000052                     Alpha: 0.5744425058364868                     Beta: -1.2392958402633667                     MemKD: 0.29652518033981323
2026-02-08 08:25:46,249 - INFO - Epoch [80] Batch [20/35]                     Loss: -0.3736, Hard: 0.6890, Soft: -1.0626                     Acc: 86.61% LR: 0.000052                     Alpha: 0.5744425058364868                     Beta: -1.240596890449524                     MemKD: 0.29624834656715393
2026-02-08 08:26:13,909 - INFO - Epoch [80/100] Train Loss: -0.7200, Train Acc: 86.25%, Val Loss: 0.4266, Val Acc: 84.57%
2026-02-08 08:26:13,987 - INFO - Checkpoint saved at epoch 80
2026-02-08 08:26:34,813 - INFO - Epoch [81] Batch [0/35]                     Loss: -1.0081, Hard: 0.2263, Soft: -1.2344                     Acc: 93.75% LR: 0.000048                     Alpha: 0.5744425058364868                     Beta: -1.2415578365325928                     MemKD: 0.2960439622402191
2026-02-08 08:26:37,817 - INFO - Epoch [81] Batch [20/35]                     Loss: -0.0384, Hard: 0.9103, Soft: -0.9487                     Acc: 83.63% LR: 0.000048                     Alpha: 0.5744425058364868                     Beta: -1.2427246570587158                     MemKD: 0.29579630494117737
2026-02-08 08:27:03,936 - INFO - Epoch [81/100] Train Loss: -0.7033, Train Acc: 84.11%, Val Loss: 0.3819, Val Acc: 85.51%
2026-02-08 08:27:03,937 - INFO - Best model saved with accuracy: 85.51%
2026-02-08 08:27:24,567 - INFO - Epoch [82] Batch [0/35]                     Loss: -0.8316, Hard: 0.2916, Soft: -1.1232                     Acc: 87.50% LR: 0.000043                     Alpha: 0.5744425058364868                     Beta: -1.243586778640747                     MemKD: 0.2956141531467438
2026-02-08 08:27:27,570 - INFO - Epoch [82] Batch [20/35]                     Loss: -0.9799, Hard: 0.2605, Soft: -1.2405                     Acc: 87.50% LR: 0.000043                     Alpha: 0.5744425058364868                     Beta: -1.2446483373641968                     MemKD: 0.2953876852989197
2026-02-08 08:27:53,416 - INFO - Epoch [82/100] Train Loss: -0.7579, Train Acc: 86.07%, Val Loss: 0.3889, Val Acc: 85.64%
2026-02-08 08:27:53,417 - INFO - Best model saved with accuracy: 85.64%
2026-02-08 08:28:16,621 - INFO - Epoch [83] Batch [0/35]                     Loss: -0.7473, Hard: 0.3887, Soft: -1.1360                     Acc: 81.25% LR: 0.000039                     Alpha: 0.5744425058364868                     Beta: -1.245431661605835                     MemKD: 0.29522234201431274
2026-02-08 08:28:19,584 - INFO - Epoch [83] Batch [20/35]                     Loss: -0.8966, Hard: 0.2870, Soft: -1.1837                     Acc: 86.01% LR: 0.000039                     Alpha: 0.5744425058364868                     Beta: -1.2463802099227905                     MemKD: 0.29502207040786743
2026-02-08 08:28:46,893 - INFO - Epoch [83/100] Train Loss: -0.7945, Train Acc: 87.32%, Val Loss: 0.3854, Val Acc: 86.04%
2026-02-08 08:28:46,894 - INFO - Best model saved with accuracy: 86.04%
2026-02-08 08:29:09,061 - INFO - Epoch [84] Batch [0/35]                     Loss: -0.8969, Hard: 0.2639, Soft: -1.1608                     Acc: 93.75% LR: 0.000035                     Alpha: 0.5744425058364868                     Beta: -1.2470903396606445                     MemKD: 0.2948716878890991
2026-02-08 08:29:12,062 - INFO - Epoch [84] Batch [20/35]                     Loss: -0.7413, Hard: 0.3691, Soft: -1.1104                     Acc: 89.88% LR: 0.000035                     Alpha: 0.5744425058364868                     Beta: -1.2479327917099                     MemKD: 0.29469233751296997
2026-02-08 08:29:38,250 - INFO - Epoch [84/100] Train Loss: -0.7282, Train Acc: 86.96%, Val Loss: 0.3801, Val Acc: 86.17%
2026-02-08 08:29:38,251 - INFO - Best model saved with accuracy: 86.17%
2026-02-08 08:30:01,325 - INFO - Epoch [85] Batch [0/35]                     Loss: -0.6892, Hard: 0.4294, Soft: -1.1186                     Acc: 81.25% LR: 0.000031                     Alpha: 0.5744425058364868                     Beta: -1.248543620109558                     MemKD: 0.29456424713134766
2026-02-08 08:30:04,261 - INFO - Epoch [85] Batch [20/35]                     Loss: -0.8503, Hard: 0.3186, Soft: -1.1689                     Acc: 88.10% LR: 0.000031                     Alpha: 0.5744425058364868                     Beta: -1.2492753267288208                     MemKD: 0.2944104075431824
2026-02-08 08:30:29,779 - INFO - Epoch [85/100] Train Loss: -0.7488, Train Acc: 87.68%, Val Loss: 0.3871, Val Acc: 84.97%
2026-02-08 08:30:50,508 - INFO - Epoch [86] Batch [0/35]                     Loss: -0.9752, Hard: 0.2370, Soft: -1.2123                     Acc: 93.75% LR: 0.000027                     Alpha: 0.5744425058364868                     Beta: -1.2498258352279663                     MemKD: 0.29429420828819275
2026-02-08 08:30:53,509 - INFO - Epoch [86] Batch [20/35]                     Loss: -0.5122, Hard: 0.5112, Soft: -1.0234                     Acc: 86.01% LR: 0.000027                     Alpha: 0.5744425058364868                     Beta: -1.2504736185073853                     MemKD: 0.2941570580005646
2026-02-08 08:31:19,821 - INFO - Epoch [86/100] Train Loss: -0.6950, Train Acc: 83.21%, Val Loss: 0.3824, Val Acc: 85.90%
2026-02-08 08:31:41,247 - INFO - Epoch [87] Batch [0/35]                     Loss: -1.0106, Hard: 0.2369, Soft: -1.2475                     Acc: 93.75% LR: 0.000024                     Alpha: 0.5744425058364868                     Beta: -1.2509400844573975                     MemKD: 0.2940599322319031
2026-02-08 08:31:44,211 - INFO - Epoch [87] Batch [20/35]                     Loss: -1.0331, Hard: 0.2171, Soft: -1.2502                     Acc: 85.12% LR: 0.000024                     Alpha: 0.5744425058364868                     Beta: -1.251488208770752                     MemKD: 0.2939453423023224
2026-02-08 08:32:10,328 - INFO - Epoch [87/100] Train Loss: -0.7771, Train Acc: 86.07%, Val Loss: 0.3871, Val Acc: 85.77%
2026-02-08 08:32:31,142 - INFO - Epoch [88] Batch [0/35]                     Loss: -0.9230, Hard: 0.2536, Soft: -1.1767                     Acc: 93.75% LR: 0.000021                     Alpha: 0.5744425058364868                     Beta: -1.251901388168335                     MemKD: 0.29385825991630554
2026-02-08 08:32:34,192 - INFO - Epoch [88] Batch [20/35]                     Loss: -0.5191, Hard: 0.5245, Soft: -1.0436                     Acc: 88.69% LR: 0.000021                     Alpha: 0.5744425058364868                     Beta: -1.2523870468139648                     MemKD: 0.29375511407852173
2026-02-08 08:32:59,526 - INFO - Epoch [88/100] Train Loss: -0.8747, Train Acc: 90.54%, Val Loss: 0.3712, Val Acc: 85.51%
2026-02-08 08:33:19,847 - INFO - Epoch [89] Batch [0/35]                     Loss: -0.9905, Hard: 0.2383, Soft: -1.2288                     Acc: 93.75% LR: 0.000018                     Alpha: 0.5744425058364868                     Beta: -1.252753734588623                     MemKD: 0.2936770021915436
2026-02-08 08:33:22,930 - INFO - Epoch [89] Batch [20/35]                     Loss: -0.9049, Hard: 0.2709, Soft: -1.1758                     Acc: 88.69% LR: 0.000018                     Alpha: 0.5744425058364868                     Beta: -1.253161907196045                     MemKD: 0.2935907244682312
2026-02-08 08:33:48,851 - INFO - Epoch [89/100] Train Loss: -0.7956, Train Acc: 87.32%, Val Loss: 0.3850, Val Acc: 85.24%
2026-02-08 08:34:08,551 - INFO - Epoch [90] Batch [0/35]                     Loss: -0.8981, Hard: 0.2798, Soft: -1.1779                     Acc: 87.50% LR: 0.000015                     Alpha: 0.5744425058364868                     Beta: -1.2534688711166382                     MemKD: 0.2935256063938141
2026-02-08 08:34:11,565 - INFO - Epoch [90] Batch [20/35]                     Loss: -0.9801, Hard: 0.2372, Soft: -1.2172                     Acc: 87.80% LR: 0.000015                     Alpha: 0.5744425058364868                     Beta: -1.2538092136383057                     MemKD: 0.2934540808200836
2026-02-08 08:34:39,414 - INFO - Epoch [90/100] Train Loss: -0.7748, Train Acc: 86.79%, Val Loss: 0.3925, Val Acc: 83.91%
2026-02-08 08:34:39,482 - INFO - Checkpoint saved at epoch 90
2026-02-08 08:35:00,126 - INFO - Epoch [91] Batch [0/35]                     Loss: -0.9040, Hard: 0.3095, Soft: -1.2135                     Acc: 87.50% LR: 0.000012                     Alpha: 0.5744425058364868                     Beta: -1.2540651559829712                     MemKD: 0.29340019822120667
2026-02-08 08:35:03,219 - INFO - Epoch [91] Batch [20/35]                     Loss: -0.7533, Hard: 0.3815, Soft: -1.1348                     Acc: 85.71% LR: 0.000012                     Alpha: 0.5744425058364868                     Beta: -1.2543436288833618                     MemKD: 0.29334160685539246
2026-02-08 08:35:29,121 - INFO - Epoch [91/100] Train Loss: -0.7974, Train Acc: 85.36%, Val Loss: 0.3798, Val Acc: 85.77%
2026-02-08 08:35:50,705 - INFO - Epoch [92] Batch [0/35]                     Loss: -1.0178, Hard: 0.1924, Soft: -1.2101                     Acc: 93.75% LR: 0.000010                     Alpha: 0.5744425058364868                     Beta: -1.2545548677444458                     MemKD: 0.29329708218574524
2026-02-08 08:35:53,722 - INFO - Epoch [92] Batch [20/35]                     Loss: -1.0818, Hard: 0.1889, Soft: -1.2707                     Acc: 87.80% LR: 0.000010                     Alpha: 0.5744425058364868                     Beta: -1.2547820806503296                     MemKD: 0.2932492792606354
2026-02-08 08:36:19,597 - INFO - Epoch [92/100] Train Loss: -0.8056, Train Acc: 88.93%, Val Loss: 0.3908, Val Acc: 84.84%
2026-02-08 08:36:41,234 - INFO - Epoch [93] Batch [0/35]                     Loss: -0.5052, Hard: 0.5378, Soft: -1.0430                     Acc: 75.00% LR: 0.000008                     Alpha: 0.5744425058364868                     Beta: -1.2549511194229126                     MemKD: 0.2932139039039612
2026-02-08 08:36:44,209 - INFO - Epoch [93] Batch [20/35]                     Loss: -1.0893, Hard: 0.1954, Soft: -1.2847                     Acc: 89.29% LR: 0.000008                     Alpha: 0.5744425058364868                     Beta: -1.2551298141479492                     MemKD: 0.29317623376846313
2026-02-08 08:37:10,600 - INFO - Epoch [93/100] Train Loss: -0.8423, Train Acc: 88.39%, Val Loss: 0.3716, Val Acc: 85.77%
2026-02-08 08:37:31,377 - INFO - Epoch [94] Batch [0/35]                     Loss: -0.6548, Hard: 0.4093, Soft: -1.0642                     Acc: 87.50% LR: 0.000006                     Alpha: 0.5744425058364868                     Beta: -1.255264163017273                     MemKD: 0.2931479811668396
2026-02-08 08:37:34,419 - INFO - Epoch [94] Batch [20/35]                     Loss: -0.9698, Hard: 0.2544, Soft: -1.2241                     Acc: 87.80% LR: 0.000006                     Alpha: 0.5744425058364868                     Beta: -1.25540030002594                     MemKD: 0.2931194305419922
2026-02-08 08:37:59,541 - INFO - Epoch [94/100] Train Loss: -0.8480, Train Acc: 89.46%, Val Loss: 0.3842, Val Acc: 85.90%
2026-02-08 08:38:21,768 - INFO - Epoch [95] Batch [0/35]                     Loss: -0.3656, Hard: 0.5986, Soft: -0.9641                     Acc: 81.25% LR: 0.000004                     Alpha: 0.5744425058364868                     Beta: -1.2555029392242432                     MemKD: 0.2930977940559387
2026-02-08 08:38:24,782 - INFO - Epoch [95] Batch [20/35]                     Loss: -0.9265, Hard: 0.3184, Soft: -1.2450                     Acc: 88.69% LR: 0.000004                     Alpha: 0.5744425058364868                     Beta: -1.2556028366088867                     MemKD: 0.29307684302330017
2026-02-08 08:38:49,999 - INFO - Epoch [95/100] Train Loss: -0.8225, Train Acc: 88.93%, Val Loss: 0.3752, Val Acc: 85.11%
2026-02-08 08:39:11,850 - INFO - Epoch [96] Batch [0/35]                     Loss: -0.7249, Hard: 0.4131, Soft: -1.1380                     Acc: 87.50% LR: 0.000003                     Alpha: 0.5744425058364868                     Beta: -1.2556779384613037                     MemKD: 0.29306086897850037
2026-02-08 08:39:14,915 - INFO - Epoch [96] Batch [20/35]                     Loss: -0.9528, Hard: 0.2961, Soft: -1.2488                     Acc: 88.99% LR: 0.000003                     Alpha: 0.5744425058364868                     Beta: -1.2557470798492432                     MemKD: 0.2930462956428528
2026-02-08 08:39:39,905 - INFO - Epoch [96/100] Train Loss: -0.8535, Train Acc: 89.82%, Val Loss: 0.3900, Val Acc: 85.11%
2026-02-08 08:40:01,036 - INFO - Epoch [97] Batch [0/35]                     Loss: -0.9053, Hard: 0.3055, Soft: -1.2108                     Acc: 81.25% LR: 0.000002                     Alpha: 0.5744425058364868                     Beta: -1.255799651145935                     MemKD: 0.29303526878356934
2026-02-08 08:40:04,016 - INFO - Epoch [97] Batch [20/35]                     Loss: -0.3220, Hard: 0.6780, Soft: -0.9999                     Acc: 85.71% LR: 0.000002                     Alpha: 0.5744425058364868                     Beta: -1.2558448314666748                     MemKD: 0.2930259108543396
2026-02-08 08:40:31,658 - INFO - Epoch [97/100] Train Loss: -0.7527, Train Acc: 86.07%, Val Loss: 0.3705, Val Acc: 86.44%
2026-02-08 08:40:31,659 - INFO - Best model saved with accuracy: 86.44%
2026-02-08 08:40:52,762 - INFO - Epoch [98] Batch [0/35]                     Loss: -0.7961, Hard: 0.3167, Soft: -1.1128                     Acc: 87.50% LR: 0.000001                     Alpha: 0.5744425058364868                     Beta: -1.2558770179748535                     MemKD: 0.29301920533180237
2026-02-08 08:40:55,783 - INFO - Epoch [98] Batch [20/35]                     Loss: -1.0086, Hard: 0.2630, Soft: -1.2716                     Acc: 89.58% LR: 0.000001                     Alpha: 0.5744425058364868                     Beta: -1.2559013366699219                     MemKD: 0.2930139899253845
2026-02-08 08:41:21,505 - INFO - Epoch [98/100] Train Loss: -0.8393, Train Acc: 87.50%, Val Loss: 0.3739, Val Acc: 86.17%
2026-02-08 08:41:42,342 - INFO - Epoch [99] Batch [0/35]                     Loss: -1.0635, Hard: 0.2011, Soft: -1.2646                     Acc: 100.00% LR: 0.000000                     Alpha: 0.5744425058364868                     Beta: -1.2559194564819336                     MemKD: 0.2930101156234741
2026-02-08 08:41:45,311 - INFO - Epoch [99] Batch [20/35]                     Loss: -1.1396, Hard: 0.1649, Soft: -1.3045                     Acc: 89.58% LR: 0.000000                     Alpha: 0.5744425058364868                     Beta: -1.2559313774108887                     MemKD: 0.29300791025161743
2026-02-08 08:42:11,182 - INFO - Epoch [99/100] Train Loss: -0.8561, Train Acc: 88.39%, Val Loss: 0.3824, Val Acc: 85.64%
2026-02-08 08:42:31,993 - INFO - Epoch [100] Batch [0/35]                     Loss: -0.9338, Hard: 0.2769, Soft: -1.2107                     Acc: 87.50% LR: 0.000000                     Alpha: 0.5744425058364868                     Beta: -1.255940318107605                     MemKD: 0.29300618171691895
2026-02-08 08:42:35,009 - INFO - Epoch [100] Batch [20/35]                     Loss: -0.8249, Hard: 0.3354, Soft: -1.1603                     Acc: 87.80% LR: 0.000000                     Alpha: 0.5744425058364868                     Beta: -1.255942702293396                     MemKD: 0.29300570487976074
2026-02-08 08:43:00,122 - INFO - Epoch [100/100] Train Loss: -0.7841, Train Acc: 88.04%, Val Loss: 0.3717, Val Acc: 85.90%
2026-02-08 08:43:00,180 - INFO - Checkpoint saved at epoch 100
2026-02-08 08:43:00,180 - INFO - ==================================================
2026-02-08 08:43:00,180 - INFO - Training finished! Best accuracy: 86.44%
2026-02-08 08:43:00,180 - INFO - ==================================================
