2026-02-08 04:24:16,830 - INFO - ==================================================
2026-02-08 04:24:16,830 - INFO - Distillation Training Configuration
2026-02-08 04:24:16,830 - INFO - ==================================================
2026-02-08 04:24:16,830 - INFO - GPUs: [4, 5, 6, 7]
2026-02-08 04:24:16,831 - INFO - World size: 4
2026-02-08 04:24:16,831 - INFO - Dataset: /media/hdd1/chuxiaohui/AI4Ocean_UATR/ShipsEar_622
2026-02-08 04:24:16,831 - INFO - Data type: wav_s@wav_t
2026-02-08 04:24:16,831 - INFO - Batch size: 16
2026-02-08 04:24:16,831 - INFO - Epochs: 100
2026-02-08 04:24:16,831 - INFO - Learning rate: 0.0005
2026-02-08 04:24:16,831 - INFO - Temperature: 2.0
2026-02-08 04:24:16,831 - INFO - Alpha: 0.3
2026-02-08 04:24:16,831 - INFO - Save dir: checkpoints/grid_shipsear/num_epochs100_weight_decay0.0001_batch_size16_lr0.0005_distill_typeMTSKD_Temp_freezeTrue_USE_DYNAMIC_DISTILL_WEIGHTTrue_p_encoder0.3_p_classifier0.2
2026-02-08 04:24:16,831 - INFO - ==================================================
2026-02-08 04:24:16,861 - INFO - Train dataset size: 2240
2026-02-08 04:24:16,862 - INFO - Validation dataset size: 749
2026-02-08 04:24:18,199 - INFO - Student params: 316,299 (0.32M)
2026-02-08 04:24:18,199 - INFO - Teacher params: 164,415,877 (164.42M)
2026-02-08 04:24:18,199 - INFO - Trainable params: 271,372 (0.27M)
2026-02-08 04:24:19,034 - INFO - Start training...
2026-02-08 04:24:19,036 - INFO - No checkpoint found, start from scratch
2026-02-08 04:24:41,959 - INFO - Epoch [1] Batch [0/35]                     Loss: 1.6862, Hard: 1.6862, Soft: 0.5339                     Acc: 12.50% LR: 0.000500                     Alpha: 0.5744425058364868                     Beta: 0.0                     MemKD: 0.5
2026-02-08 04:24:46,057 - INFO - Epoch [1] Batch [20/35]                     Loss: 1.4695, Hard: 1.4695, Soft: 0.2983                     Acc: 38.39% LR: 0.000500                     Alpha: 0.5744425058364868                     Beta: 0.0                     MemKD: 0.5
2026-02-08 04:25:13,388 - INFO - Epoch [1/100] Train Loss: 1.4019, Train Acc: 41.79%, Val Loss: 1.4722, Val Acc: 42.82%
2026-02-08 04:25:13,389 - INFO - Best model saved with accuracy: 42.82%
2026-02-08 04:25:35,004 - INFO - Epoch [2] Batch [0/35]                     Loss: 1.1754, Hard: 1.1754, Soft: 0.2179                     Acc: 43.75% LR: 0.000500                     Alpha: 0.5744425058364868                     Beta: 0.0                     MemKD: 0.5
2026-02-08 04:25:39,011 - INFO - Epoch [2] Batch [20/35]                     Loss: 1.4467, Hard: 1.4467, Soft: 0.2832                     Acc: 46.73% LR: 0.000500                     Alpha: 0.5744425058364868                     Beta: 0.0                     MemKD: 0.5
2026-02-08 04:26:06,514 - INFO - Epoch [2/100] Train Loss: 1.2635, Train Acc: 46.25%, Val Loss: 1.1334, Val Acc: 53.59%
2026-02-08 04:26:06,514 - INFO - Best model saved with accuracy: 53.59%
2026-02-08 04:26:27,489 - INFO - Epoch [3] Batch [0/35]                     Loss: 0.9289, Hard: 0.9289, Soft: 0.1593                     Acc: 68.75% LR: 0.000500                     Alpha: 0.5744425058364868                     Beta: 0.0                     MemKD: 0.5
2026-02-08 04:26:31,624 - INFO - Epoch [3] Batch [20/35]                     Loss: 1.1907, Hard: 1.1907, Soft: 0.2244                     Acc: 47.32% LR: 0.000500                     Alpha: 0.5744425058364868                     Beta: 0.0                     MemKD: 0.5
2026-02-08 04:26:59,216 - INFO - Epoch [3/100] Train Loss: 1.1819, Train Acc: 51.79%, Val Loss: 1.0803, Val Acc: 54.12%
2026-02-08 04:26:59,216 - INFO - Best model saved with accuracy: 54.12%
2026-02-08 04:27:21,751 - INFO - Epoch [4] Batch [0/35]                     Loss: 0.9903, Hard: 0.9903, Soft: 0.1506                     Acc: 56.25% LR: 0.000499                     Alpha: 0.5744425058364868                     Beta: 0.0                     MemKD: 0.5
2026-02-08 04:27:25,777 - INFO - Epoch [4] Batch [20/35]                     Loss: 1.3559, Hard: 1.3559, Soft: 0.2933                     Acc: 52.08% LR: 0.000499                     Alpha: 0.5744425058364868                     Beta: 0.0                     MemKD: 0.5
2026-02-08 04:27:52,740 - INFO - Epoch [4/100] Train Loss: 1.1373, Train Acc: 51.96%, Val Loss: 0.9796, Val Acc: 62.23%
2026-02-08 04:27:52,740 - INFO - Best model saved with accuracy: 62.23%
2026-02-08 04:28:12,465 - INFO - Epoch [5] Batch [0/35]                     Loss: 0.9624, Hard: 0.9624, Soft: 0.1900                     Acc: 68.75% LR: 0.000498                     Alpha: 0.5744425058364868                     Beta: 0.0                     MemKD: 0.5
2026-02-08 04:28:16,469 - INFO - Epoch [5] Batch [20/35]                     Loss: 1.1070, Hard: 1.1070, Soft: 0.1434                     Acc: 59.23% LR: 0.000498                     Alpha: 0.5744425058364868                     Beta: 0.0                     MemKD: 0.5
2026-02-08 04:28:44,315 - INFO - Epoch [5/100] Train Loss: 1.0650, Train Acc: 58.75%, Val Loss: 0.9541, Val Acc: 61.97%
2026-02-08 04:29:05,806 - INFO - Epoch [6] Batch [0/35]                     Loss: 0.9780, Hard: 0.9780, Soft: 0.1660                     Acc: 62.50% LR: 0.000497                     Alpha: 0.5744425058364868                     Beta: 0.0                     MemKD: 0.5
2026-02-08 04:29:09,733 - INFO - Epoch [6] Batch [20/35]                     Loss: 1.4804, Hard: 1.4804, Soft: 0.2958                     Acc: 58.04% LR: 0.000497                     Alpha: 0.5744425058364868                     Beta: 0.0                     MemKD: 0.5
2026-02-08 04:29:38,233 - INFO - Epoch [6/100] Train Loss: 1.0432, Train Acc: 58.39%, Val Loss: 0.9663, Val Acc: 61.04%
2026-02-08 04:29:58,486 - INFO - Epoch [7] Batch [0/35]                     Loss: 1.0369, Hard: 1.0369, Soft: 0.1643                     Acc: 56.25% LR: 0.000496                     Alpha: 0.5744425058364868                     Beta: 0.0                     MemKD: 0.5
2026-02-08 04:30:02,567 - INFO - Epoch [7] Batch [20/35]                     Loss: 0.9057, Hard: 0.9057, Soft: 0.1479                     Acc: 60.42% LR: 0.000496                     Alpha: 0.5744425058364868                     Beta: 0.0                     MemKD: 0.5
2026-02-08 04:30:29,439 - INFO - Epoch [7/100] Train Loss: 1.0136, Train Acc: 60.36%, Val Loss: 0.9507, Val Acc: 60.11%
2026-02-08 04:30:50,810 - INFO - Epoch [8] Batch [0/35]                     Loss: 0.6766, Hard: 0.6766, Soft: 0.1182                     Acc: 81.25% LR: 0.000494                     Alpha: 0.5744425058364868                     Beta: 0.0                     MemKD: 0.5
2026-02-08 04:30:54,778 - INFO - Epoch [8] Batch [20/35]                     Loss: 0.7620, Hard: 0.7620, Soft: 0.1482                     Acc: 62.50% LR: 0.000494                     Alpha: 0.5744425058364868                     Beta: 0.0                     MemKD: 0.5
2026-02-08 04:31:21,156 - INFO - Epoch [8/100] Train Loss: 0.9952, Train Acc: 61.79%, Val Loss: 0.8485, Val Acc: 67.29%
2026-02-08 04:31:21,156 - INFO - Best model saved with accuracy: 67.29%
2026-02-08 04:31:42,671 - INFO - Epoch [9] Batch [0/35]                     Loss: 0.6747, Hard: 0.6747, Soft: 0.1190                     Acc: 68.75% LR: 0.000492                     Alpha: 0.5744425058364868                     Beta: 0.0                     MemKD: 0.5
2026-02-08 04:31:46,783 - INFO - Epoch [9] Batch [20/35]                     Loss: 1.3632, Hard: 1.3632, Soft: 0.2317                     Acc: 58.04% LR: 0.000492                     Alpha: 0.5744425058364868                     Beta: 0.0                     MemKD: 0.5
2026-02-08 04:32:13,440 - INFO - Epoch [9/100] Train Loss: 0.9433, Train Acc: 62.32%, Val Loss: 0.8875, Val Acc: 66.89%
2026-02-08 04:32:35,273 - INFO - Epoch [10] Batch [0/35]                     Loss: 0.9202, Hard: 0.9202, Soft: 0.2033                     Acc: 68.75% LR: 0.000490                     Alpha: 0.5744425058364868                     Beta: 0.0                     MemKD: 0.5
2026-02-08 04:32:39,320 - INFO - Epoch [10] Batch [20/35]                     Loss: 1.0695, Hard: 1.0695, Soft: 0.1594                     Acc: 59.52% LR: 0.000490                     Alpha: 0.5744425058364868                     Beta: 0.0                     MemKD: 0.5
2026-02-08 04:33:07,205 - INFO - Epoch [10/100] Train Loss: 0.8850, Train Acc: 63.75%, Val Loss: 0.8377, Val Acc: 68.75%
2026-02-08 04:33:07,206 - INFO - Best model saved with accuracy: 68.75%
2026-02-08 04:33:07,279 - INFO - Checkpoint saved at epoch 10
2026-02-08 04:33:27,986 - INFO - Epoch [11] Batch [0/35]                     Loss: 0.5916, Hard: 0.5916, Soft: 0.1146                     Acc: 87.50% LR: 0.000488                     Alpha: 0.5744425058364868                     Beta: 0.0                     MemKD: 0.5
2026-02-08 04:33:32,174 - INFO - Epoch [11] Batch [20/35]                     Loss: 1.2451, Hard: 1.2451, Soft: 0.1905                     Acc: 62.50% LR: 0.000488                     Alpha: 0.5744425058364868                     Beta: 0.0                     MemKD: 0.5
2026-02-08 04:34:01,293 - INFO - Epoch [11/100] Train Loss: 0.9539, Train Acc: 62.86%, Val Loss: 0.7815, Val Acc: 69.81%
2026-02-08 04:34:01,293 - INFO - Best model saved with accuracy: 69.81%
2026-02-08 04:34:24,568 - INFO - Epoch [12] Batch [0/35]                     Loss: 0.6428, Hard: 0.6428, Soft: 0.1031                     Acc: 81.25% LR: 0.000485                     Alpha: 0.5744425058364868                     Beta: 0.0                     MemKD: 0.5
2026-02-08 04:34:28,679 - INFO - Epoch [12] Batch [20/35]                     Loss: 1.1009, Hard: 1.1009, Soft: 0.2238                     Acc: 68.45% LR: 0.000485                     Alpha: 0.5744425058364868                     Beta: 0.0                     MemKD: 0.5
2026-02-08 04:34:57,158 - INFO - Epoch [12/100] Train Loss: 0.8340, Train Acc: 68.57%, Val Loss: 0.9022, Val Acc: 66.22%
2026-02-08 04:35:20,014 - INFO - Epoch [13] Batch [0/35]                     Loss: 1.5538, Hard: 1.5538, Soft: 0.2007                     Acc: 31.25% LR: 0.000482                     Alpha: 0.5744425058364868                     Beta: 0.0                     MemKD: 0.5
2026-02-08 04:35:24,014 - INFO - Epoch [13] Batch [20/35]                     Loss: 1.2468, Hard: 1.2468, Soft: 0.2119                     Acc: 58.63% LR: 0.000482                     Alpha: 0.5744425058364868                     Beta: 0.0                     MemKD: 0.5
2026-02-08 04:35:51,723 - INFO - Epoch [13/100] Train Loss: 0.9438, Train Acc: 62.68%, Val Loss: 0.8880, Val Acc: 63.56%
2026-02-08 04:36:14,615 - INFO - Epoch [14] Batch [0/35]                     Loss: 0.7075, Hard: 0.7075, Soft: 0.0893                     Acc: 68.75% LR: 0.000479                     Alpha: 0.5744425058364868                     Beta: 0.0                     MemKD: 0.5
2026-02-08 04:36:18,765 - INFO - Epoch [14] Batch [20/35]                     Loss: 0.6438, Hard: 0.6438, Soft: 0.1488                     Acc: 63.10% LR: 0.000479                     Alpha: 0.5744425058364868                     Beta: 0.0                     MemKD: 0.5
2026-02-08 04:36:45,620 - INFO - Epoch [14/100] Train Loss: 0.8782, Train Acc: 64.29%, Val Loss: 0.7676, Val Acc: 71.41%
2026-02-08 04:36:45,621 - INFO - Best model saved with accuracy: 71.41%
2026-02-08 04:37:06,182 - INFO - Epoch [15] Batch [0/35]                     Loss: 0.8713, Hard: 0.8713, Soft: 0.1694                     Acc: 68.75% LR: 0.000476                     Alpha: 0.5744425058364868                     Beta: 0.0                     MemKD: 0.5
2026-02-08 04:37:10,205 - INFO - Epoch [15] Batch [20/35]                     Loss: 0.8618, Hard: 0.8618, Soft: 0.1551                     Acc: 68.45% LR: 0.000476                     Alpha: 0.5744425058364868                     Beta: 0.0                     MemKD: 0.5
2026-02-08 04:37:37,700 - INFO - Epoch [15/100] Train Loss: 0.8289, Train Acc: 70.18%, Val Loss: 0.8470, Val Acc: 67.29%
2026-02-08 04:37:59,030 - INFO - Epoch [16] Batch [0/35]                     Loss: 0.9365, Hard: 0.9365, Soft: 0.1774                     Acc: 62.50% LR: 0.000473                     Alpha: 0.5744425058364868                     Beta: 0.0                     MemKD: 0.5
2026-02-08 04:38:03,131 - INFO - Epoch [16] Batch [20/35]                     Loss: 0.7915, Hard: 0.7915, Soft: 0.1240                     Acc: 68.45% LR: 0.000473                     Alpha: 0.5744425058364868                     Beta: 0.0                     MemKD: 0.5
2026-02-08 04:38:30,022 - INFO - Epoch [16/100] Train Loss: 0.8260, Train Acc: 68.93%, Val Loss: 0.7483, Val Acc: 69.68%
2026-02-08 04:38:51,172 - INFO - Epoch [17] Batch [0/35]                     Loss: 0.9968, Hard: 0.9968, Soft: 0.2213                     Acc: 56.25% LR: 0.000469                     Alpha: 0.5744425058364868                     Beta: 0.0                     MemKD: 0.5
2026-02-08 04:38:55,278 - INFO - Epoch [17] Batch [20/35]                     Loss: 0.6474, Hard: 0.6474, Soft: 0.1240                     Acc: 69.64% LR: 0.000469                     Alpha: 0.5744425058364868                     Beta: 0.0                     MemKD: 0.5
2026-02-08 04:39:22,631 - INFO - Epoch [17/100] Train Loss: 0.8386, Train Acc: 66.96%, Val Loss: 0.8054, Val Acc: 67.55%
2026-02-08 04:39:43,996 - INFO - Epoch [18] Batch [0/35]                     Loss: 1.2967, Hard: 1.2967, Soft: 0.2871                     Acc: 37.50% LR: 0.000465                     Alpha: 0.5744425058364868                     Beta: 0.0                     MemKD: 0.5
2026-02-08 04:39:48,046 - INFO - Epoch [18] Batch [20/35]                     Loss: 1.0366, Hard: 1.0366, Soft: 0.1930                     Acc: 65.18% LR: 0.000465                     Alpha: 0.5744425058364868                     Beta: 0.0                     MemKD: 0.5
2026-02-08 04:40:15,860 - INFO - Epoch [18/100] Train Loss: 0.8331, Train Acc: 66.07%, Val Loss: 0.8850, Val Acc: 64.10%
2026-02-08 04:40:37,548 - INFO - Epoch [19] Batch [0/35]                     Loss: 0.6916, Hard: 0.6916, Soft: 0.1406                     Acc: 75.00% LR: 0.000461                     Alpha: 0.5744425058364868                     Beta: 0.0                     MemKD: 0.5
2026-02-08 04:40:41,655 - INFO - Epoch [19] Batch [20/35]                     Loss: 0.7206, Hard: 0.7206, Soft: 0.1996                     Acc: 70.83% LR: 0.000461                     Alpha: 0.5744425058364868                     Beta: 0.0                     MemKD: 0.5
2026-02-08 04:41:09,866 - INFO - Epoch [19/100] Train Loss: 0.7826, Train Acc: 69.82%, Val Loss: 0.7002, Val Acc: 72.61%
2026-02-08 04:41:09,866 - INFO - Best model saved with accuracy: 72.61%
2026-02-08 04:41:30,686 - INFO - Epoch [20] Batch [0/35]                     Loss: 0.6015, Hard: 0.6015, Soft: 0.1016                     Acc: 68.75% LR: 0.000457                     Alpha: 0.5744425058364868                     Beta: 0.0                     MemKD: 0.5
2026-02-08 04:41:34,850 - INFO - Epoch [20] Batch [20/35]                     Loss: 1.1227, Hard: 1.1227, Soft: 0.1776                     Acc: 70.83% LR: 0.000457                     Alpha: 0.5744425058364868                     Beta: 0.0                     MemKD: 0.5
2026-02-08 04:42:02,820 - INFO - Epoch [20/100] Train Loss: 0.7867, Train Acc: 68.93%, Val Loss: 0.6709, Val Acc: 72.87%
2026-02-08 04:42:02,821 - INFO - Best model saved with accuracy: 72.87%
2026-02-08 04:42:02,889 - INFO - Checkpoint saved at epoch 20
2026-02-08 04:42:25,800 - INFO - Epoch [21] Batch [0/35]                     Loss: 0.5983, Hard: 0.5950, Soft: 0.1316                     Acc: 75.00% LR: 0.000452                     Alpha: 0.5744425058364868                     Beta: 0.0                     MemKD: 0.5
2026-02-08 04:42:29,846 - INFO - Epoch [21] Batch [20/35]                     Loss: 0.5557, Hard: 0.5530, Soft: 0.1065                     Acc: 72.92% LR: 0.000452                     Alpha: 0.5744425058364868                     Beta: -0.038381271064281464                     MemKD: 0.5076994895935059
2026-02-08 04:42:56,963 - INFO - Epoch [21/100] Train Loss: 0.7422, Train Acc: 71.61%, Val Loss: 0.6900, Val Acc: 72.47%
2026-02-08 04:43:17,960 - INFO - Epoch [22] Batch [0/35]                     Loss: 1.1270, Hard: 1.1178, Soft: 0.1853                     Acc: 62.50% LR: 0.000448                     Alpha: 0.5744425058364868                     Beta: -0.06379829347133636                     MemKD: 0.5136282444000244
2026-02-08 04:43:22,006 - INFO - Epoch [22] Batch [20/35]                     Loss: 0.8397, Hard: 0.8341, Soft: 0.1112                     Acc: 72.02% LR: 0.000448                     Alpha: 0.5744425058364868                     Beta: -0.0993070974946022                     MemKD: 0.5210047364234924
2026-02-08 04:43:50,052 - INFO - Epoch [22/100] Train Loss: 0.7817, Train Acc: 70.36%, Val Loss: 0.6859, Val Acc: 72.21%
2026-02-08 04:44:10,959 - INFO - Epoch [23] Batch [0/35]                     Loss: 0.5834, Hard: 0.5758, Soft: 0.1004                     Acc: 75.00% LR: 0.000443                     Alpha: 0.5744425058364868                     Beta: -0.12380300462245941                     MemKD: 0.5260341167449951
2026-02-08 04:44:15,063 - INFO - Epoch [23] Batch [20/35]                     Loss: 0.6985, Hard: 0.6904, Soft: 0.1078                     Acc: 74.11% LR: 0.000443                     Alpha: 0.5744425058364868                     Beta: -0.15603852272033691                     MemKD: 0.5311412215232849
2026-02-08 04:44:41,732 - INFO - Epoch [23/100] Train Loss: 0.6926, Train Acc: 74.46%, Val Loss: 0.6412, Val Acc: 74.60%
2026-02-08 04:44:41,732 - INFO - Best model saved with accuracy: 74.60%
2026-02-08 04:45:03,393 - INFO - Epoch [24] Batch [0/35]                     Loss: 0.6960, Hard: 0.6897, Soft: 0.0624                     Acc: 75.00% LR: 0.000438                     Alpha: 0.5744425058364868                     Beta: -0.17730210721492767                     MemKD: 0.5334035158157349
2026-02-08 04:45:07,459 - INFO - Epoch [24] Batch [20/35]                     Loss: 0.4168, Hard: 0.4153, Soft: 0.0147                     Acc: 73.51% LR: 0.000438                     Alpha: 0.5744425058364868                     Beta: -0.20745527744293213                     MemKD: 0.5354404449462891
2026-02-08 04:45:35,332 - INFO - Epoch [24/100] Train Loss: 0.7352, Train Acc: 72.68%, Val Loss: 0.6828, Val Acc: 73.94%
2026-02-08 04:45:55,847 - INFO - Epoch [25] Batch [0/35]                     Loss: 0.7290, Hard: 0.7220, Soft: 0.0564                     Acc: 68.75% LR: 0.000432                     Alpha: 0.5744425058364868                     Beta: -0.22865413129329681                     MemKD: 0.5369986891746521
2026-02-08 04:45:59,880 - INFO - Epoch [25] Batch [20/35]                     Loss: 0.3552, Hard: 0.3572, Soft: -0.0158                     Acc: 71.13% LR: 0.000432                     Alpha: 0.5744425058364868                     Beta: -0.2577093541622162                     MemKD: 0.5359284281730652
2026-02-08 04:46:27,756 - INFO - Epoch [25/100] Train Loss: 0.7277, Train Acc: 71.79%, Val Loss: 0.7223, Val Acc: 72.74%
2026-02-08 04:46:49,546 - INFO - Epoch [26] Batch [0/35]                     Loss: 0.4374, Hard: 0.4400, Soft: -0.0173                     Acc: 87.50% LR: 0.000427                     Alpha: 0.5744425058364868                     Beta: -0.27843329310417175                     MemKD: 0.5337621569633484
2026-02-08 04:46:53,682 - INFO - Epoch [26] Batch [20/35]                     Loss: 1.0095, Hard: 0.9995, Soft: 0.0668                     Acc: 75.89% LR: 0.000427                     Alpha: 0.5744425058364868                     Beta: -0.3048054277896881                     MemKD: 0.5304608941078186
2026-02-08 04:47:21,202 - INFO - Epoch [26/100] Train Loss: 0.6715, Train Acc: 75.71%, Val Loss: 0.5757, Val Acc: 78.59%
2026-02-08 04:47:21,203 - INFO - Best model saved with accuracy: 78.59%
2026-02-08 04:47:43,932 - INFO - Epoch [27] Batch [0/35]                     Loss: 0.4469, Hard: 0.4482, Soft: -0.0074                     Acc: 81.25% LR: 0.000421                     Alpha: 0.5744425058364868                     Beta: -0.3235892653465271                     MemKD: 0.5273486375808716
2026-02-08 04:47:47,955 - INFO - Epoch [27] Batch [20/35]                     Loss: 0.3316, Hard: 0.3480, Soft: -0.0939                     Acc: 74.40% LR: 0.000421                     Alpha: 0.5744425058364868                     Beta: -0.34923672676086426                     MemKD: 0.5214084982872009
2026-02-08 04:48:13,220 - INFO - Epoch [27/100] Train Loss: 0.6687, Train Acc: 74.11%, Val Loss: 0.6729, Val Acc: 73.54%
2026-02-08 04:48:34,924 - INFO - Epoch [28] Batch [0/35]                     Loss: 0.8083, Hard: 0.7928, Soft: 0.0774                     Acc: 68.75% LR: 0.000415                     Alpha: 0.5744425058364868                     Beta: -0.3675934374332428                     MemKD: 0.5171699523925781
2026-02-08 04:48:38,939 - INFO - Epoch [28] Batch [20/35]                     Loss: 0.5382, Hard: 0.5428, Soft: -0.0226                     Acc: 77.08% LR: 0.000415                     Alpha: 0.5744425058364868                     Beta: -0.3912331163883209                     MemKD: 0.5119035840034485
2026-02-08 04:49:06,969 - INFO - Epoch [28/100] Train Loss: 0.6421, Train Acc: 75.18%, Val Loss: 0.6709, Val Acc: 73.54%
2026-02-08 04:49:28,400 - INFO - Epoch [29] Batch [0/35]                     Loss: 0.5572, Hard: 0.5763, Soft: -0.0849                     Acc: 68.75% LR: 0.000409                     Alpha: 0.5744425058364868                     Beta: -0.4097243547439575                     MemKD: 0.5068626403808594
2026-02-08 04:49:32,503 - INFO - Epoch [29] Batch [20/35]                     Loss: 0.6702, Hard: 0.6871, Soft: -0.0750                     Acc: 74.40% LR: 0.000409                     Alpha: 0.5744425058364868                     Beta: -0.4347168505191803                     MemKD: 0.5000736713409424
2026-02-08 04:49:58,959 - INFO - Epoch [29/100] Train Loss: 0.6285, Train Acc: 75.54%, Val Loss: 0.6239, Val Acc: 75.13%
2026-02-08 04:50:21,318 - INFO - Epoch [30] Batch [0/35]                     Loss: 0.6025, Hard: 0.6271, Soft: -0.0982                     Acc: 75.00% LR: 0.000403                     Alpha: 0.5744425058364868                     Beta: -0.4535371959209442                     MemKD: 0.4948098361492157
2026-02-08 04:50:25,361 - INFO - Epoch [30] Batch [20/35]                     Loss: 0.9797, Hard: 0.9730, Soft: 0.0267                     Acc: 78.57% LR: 0.000403                     Alpha: 0.5744425058364868                     Beta: -0.4783806800842285                     MemKD: 0.4876704216003418
2026-02-08 04:50:53,706 - INFO - Epoch [30/100] Train Loss: 0.6207, Train Acc: 76.79%, Val Loss: 0.6228, Val Acc: 77.26%
2026-02-08 04:50:53,775 - INFO - Checkpoint saved at epoch 30
2026-02-08 04:51:14,604 - INFO - Epoch [31] Batch [0/35]                     Loss: 0.7186, Hard: 0.7428, Soft: -0.0882                     Acc: 68.75% LR: 0.000397                     Alpha: 0.5744425058364868                     Beta: -0.49608471989631653                     MemKD: 0.4826769530773163
2026-02-08 04:51:18,599 - INFO - Epoch [31] Batch [20/35]                     Loss: 0.5709, Hard: 0.6171, Soft: -0.1680                     Acc: 74.40% LR: 0.000397                     Alpha: 0.5744425058364868                     Beta: -0.5187430381774902                     MemKD: 0.47642362117767334
2026-02-08 04:51:45,920 - INFO - Epoch [31/100] Train Loss: 0.6101, Train Acc: 73.93%, Val Loss: 0.6663, Val Acc: 74.07%
2026-02-08 04:52:08,919 - INFO - Epoch [32] Batch [0/35]                     Loss: 0.6818, Hard: 0.7358, Soft: -0.1803                     Acc: 62.50% LR: 0.000391                     Alpha: 0.5744425058364868                     Beta: -0.5353406667709351                     MemKD: 0.47186073660850525
2026-02-08 04:52:13,035 - INFO - Epoch [32] Batch [20/35]                     Loss: 0.3332, Hard: 0.4082, Soft: -0.2501                     Acc: 75.60% LR: 0.000391                     Alpha: 0.5744425058364868                     Beta: -0.5571269392967224                     MemKD: 0.46569308638572693
2026-02-08 04:52:40,788 - INFO - Epoch [32/100] Train Loss: 0.5262, Train Acc: 77.50%, Val Loss: 0.7682, Val Acc: 70.21%
2026-02-08 04:53:02,313 - INFO - Epoch [33] Batch [0/35]                     Loss: 0.4412, Hard: 0.5170, Soft: -0.2334                     Acc: 87.50% LR: 0.000384                     Alpha: 0.5744425058364868                     Beta: -0.5730717182159424                     MemKD: 0.46111369132995605
2026-02-08 04:53:06,320 - INFO - Epoch [33] Batch [20/35]                     Loss: 0.6190, Hard: 0.6820, Soft: -0.1940                     Acc: 75.00% LR: 0.000384                     Alpha: 0.5744425058364868                     Beta: -0.5929364562034607                     MemKD: 0.4555996358394623
2026-02-08 04:53:33,774 - INFO - Epoch [33/100] Train Loss: 0.5995, Train Acc: 73.93%, Val Loss: 0.6639, Val Acc: 73.94%
2026-02-08 04:53:55,675 - INFO - Epoch [34] Batch [0/35]                     Loss: 0.5917, Hard: 0.6972, Soft: -0.3012                     Acc: 81.25% LR: 0.000377                     Alpha: 0.5744425058364868                     Beta: -0.6067643761634827                     MemKD: 0.4520386755466461
2026-02-08 04:53:59,785 - INFO - Epoch [34] Batch [20/35]                     Loss: 0.4281, Hard: 0.5359, Soft: -0.3080                     Acc: 77.38% LR: 0.000377                     Alpha: 0.5744425058364868                     Beta: -0.6255425810813904                     MemKD: 0.4469371438026428
2026-02-08 04:54:26,833 - INFO - Epoch [34/100] Train Loss: 0.5560, Train Acc: 75.89%, Val Loss: 0.6874, Val Acc: 73.54%
2026-02-08 04:54:49,038 - INFO - Epoch [35] Batch [0/35]                     Loss: 1.0967, Hard: 1.1187, Soft: -0.0585                     Acc: 50.00% LR: 0.000370                     Alpha: 0.5744425058364868                     Beta: -0.6389708518981934                     MemKD: 0.4434003531932831
2026-02-08 04:54:53,197 - INFO - Epoch [35] Batch [20/35]                     Loss: 0.6510, Hard: 0.7455, Soft: -0.2521                     Acc: 74.40% LR: 0.000370                     Alpha: 0.5744425058364868                     Beta: -0.6566935777664185                     MemKD: 0.4385819435119629
2026-02-08 04:55:20,778 - INFO - Epoch [35/100] Train Loss: 0.5233, Train Acc: 75.71%, Val Loss: 0.7864, Val Acc: 73.80%
2026-02-08 04:55:42,395 - INFO - Epoch [36] Batch [0/35]                     Loss: 0.2500, Hard: 0.3992, Soft: -0.3731                     Acc: 93.75% LR: 0.000363                     Alpha: 0.5744425058364868                     Beta: -0.6699443459510803                     MemKD: 0.4349217116832733
2026-02-08 04:55:46,408 - INFO - Epoch [36] Batch [20/35]                     Loss: 0.5944, Hard: 0.6970, Soft: -0.2564                     Acc: 77.98% LR: 0.000363                     Alpha: 0.5744425058364868                     Beta: -0.6876246929168701                     MemKD: 0.43001240491867065
2026-02-08 04:56:14,010 - INFO - Epoch [36/100] Train Loss: 0.4611, Train Acc: 77.50%, Val Loss: 0.7684, Val Acc: 70.21%
2026-02-08 04:56:36,313 - INFO - Epoch [37] Batch [0/35]                     Loss: 0.0764, Hard: 0.2898, Soft: -0.5021                     Acc: 87.50% LR: 0.000356                     Alpha: 0.5744425058364868                     Beta: -0.7002202272415161                     MemKD: 0.4266353249549866
2026-02-08 04:56:40,365 - INFO - Epoch [37] Batch [20/35]                     Loss: 0.5632, Hard: 0.7241, Soft: -0.3786                     Acc: 78.87% LR: 0.000356                     Alpha: 0.5744425058364868                     Beta: -0.7171068787574768                     MemKD: 0.4220259487628937
2026-02-08 04:57:08,352 - INFO - Epoch [37/100] Train Loss: 0.4182, Train Acc: 79.11%, Val Loss: 0.5982, Val Acc: 77.53%
2026-02-08 04:57:29,400 - INFO - Epoch [38] Batch [0/35]                     Loss: 0.0727, Hard: 0.2757, Soft: -0.4510                     Acc: 100.00% LR: 0.000349                     Alpha: 0.5744425058364868                     Beta: -0.7293160557746887                     MemKD: 0.418715238571167
2026-02-08 04:57:33,452 - INFO - Epoch [38] Batch [20/35]                     Loss: 0.8529, Hard: 0.9381, Soft: -0.1894                     Acc: 81.85% LR: 0.000349                     Alpha: 0.5744425058364868                     Beta: -0.7452608346939087                     MemKD: 0.41437050700187683
2026-02-08 04:57:59,207 - INFO - Epoch [38/100] Train Loss: 0.3767, Train Acc: 80.89%, Val Loss: 0.5297, Val Acc: 79.39%
2026-02-08 04:57:59,208 - INFO - Best model saved with accuracy: 79.39%
2026-02-08 04:58:21,591 - INFO - Epoch [39] Batch [0/35]                     Loss: 0.3579, Hard: 0.5423, Soft: -0.3881                     Acc: 87.50% LR: 0.000342                     Alpha: 0.5744425058364868                     Beta: -0.7564396858215332                     MemKD: 0.41144853830337524
2026-02-08 04:58:25,607 - INFO - Epoch [39] Batch [20/35]                     Loss: 0.3311, Hard: 0.5389, Soft: -0.4375                     Acc: 80.65% LR: 0.000342                     Alpha: 0.5744425058364868                     Beta: -0.7714014053344727                     MemKD: 0.40749412775039673
2026-02-08 04:58:52,426 - INFO - Epoch [39/100] Train Loss: 0.2958, Train Acc: 81.61%, Val Loss: 0.5034, Val Acc: 82.05%
2026-02-08 04:58:52,426 - INFO - Best model saved with accuracy: 82.05%
2026-02-08 04:59:12,761 - INFO - Epoch [40] Batch [0/35]                     Loss: 0.2762, Hard: 0.5204, Soft: -0.4884                     Acc: 81.25% LR: 0.000335                     Alpha: 0.5744425058364868                     Beta: -0.7825981378555298                     MemKD: 0.4044836759567261
2026-02-08 04:59:16,745 - INFO - Epoch [40] Batch [20/35]                     Loss: 0.2136, Hard: 0.4823, Soft: -0.5374                     Acc: 79.46% LR: 0.000335                     Alpha: 0.5744425058364868                     Beta: -0.7970585823059082                     MemKD: 0.4006546437740326
2026-02-08 04:59:45,706 - INFO - Epoch [40/100] Train Loss: 0.3330, Train Acc: 78.04%, Val Loss: 0.5592, Val Acc: 78.32%
2026-02-08 04:59:45,765 - INFO - Checkpoint saved at epoch 40
2026-02-08 05:00:07,724 - INFO - Epoch [41] Batch [0/35]                     Loss: 0.2493, Hard: 0.5287, Soft: -0.5322                     Acc: 75.00% LR: 0.000327                     Alpha: 0.5744425058364868                     Beta: -0.8076336979866028                     MemKD: 0.39788633584976196
2026-02-08 05:00:11,760 - INFO - Epoch [41] Batch [20/35]                     Loss: 0.2018, Hard: 0.4501, Soft: -0.4730                     Acc: 80.65% LR: 0.000327                     Alpha: 0.5744425058364868                     Beta: -0.8213778734207153                     MemKD: 0.3943367302417755
2026-02-08 05:00:39,111 - INFO - Epoch [41/100] Train Loss: 0.2531, Train Acc: 80.89%, Val Loss: 0.5849, Val Acc: 78.06%
2026-02-08 05:01:00,892 - INFO - Epoch [42] Batch [0/35]                     Loss: 0.3622, Hard: 0.6287, Soft: -0.4846                     Acc: 75.00% LR: 0.000320                     Alpha: 0.5744425058364868                     Beta: -0.8317661285400391                     MemKD: 0.3916189670562744
2026-02-08 05:01:05,015 - INFO - Epoch [42] Batch [20/35]                     Loss: 0.7525, Hard: 0.9339, Soft: -0.3299                     Acc: 82.44% LR: 0.000320                     Alpha: 0.5744425058364868                     Beta: -0.8453866243362427                     MemKD: 0.3880641460418701
2026-02-08 05:01:32,865 - INFO - Epoch [42/100] Train Loss: 0.1948, Train Acc: 82.14%, Val Loss: 0.5940, Val Acc: 77.13%
2026-02-08 05:01:54,664 - INFO - Epoch [43] Batch [0/35]                     Loss: -0.0758, Hard: 0.3317, Soft: -0.7086                     Acc: 87.50% LR: 0.000312                     Alpha: 0.5744425058364868                     Beta: -0.8553110957145691                     MemKD: 0.38549908995628357
2026-02-08 05:01:58,718 - INFO - Epoch [43] Batch [20/35]                     Loss: 0.4535, Hard: 0.6699, Soft: -0.3765                     Acc: 78.57% LR: 0.000312                     Alpha: 0.5744425058364868                     Beta: -0.868103563785553                     MemKD: 0.3822287619113922
2026-02-08 05:02:26,613 - INFO - Epoch [43/100] Train Loss: 0.2033, Train Acc: 80.18%, Val Loss: 0.6849, Val Acc: 72.61%
2026-02-08 05:02:47,137 - INFO - Epoch [44] Batch [0/35]                     Loss: 0.0742, Hard: 0.4645, Soft: -0.6504                     Acc: 93.75% LR: 0.000305                     Alpha: 0.5744425058364868                     Beta: -0.8774016499519348                     MemKD: 0.3799087107181549
2026-02-08 05:02:51,228 - INFO - Epoch [44] Batch [20/35]                     Loss: 0.0542, Hard: 0.4218, Soft: -0.6127                     Acc: 86.01% LR: 0.000305                     Alpha: 0.5744425058364868                     Beta: -0.8898681402206421                     MemKD: 0.3767029643058777
2026-02-08 05:03:18,075 - INFO - Epoch [44/100] Train Loss: 0.1084, Train Acc: 83.75%, Val Loss: 0.5111, Val Acc: 80.98%
2026-02-08 05:03:38,799 - INFO - Epoch [45] Batch [0/35]                     Loss: 0.1015, Hard: 0.4877, Soft: -0.6180                     Acc: 87.50% LR: 0.000297                     Alpha: 0.5744425058364868                     Beta: -0.8989248275756836                     MemKD: 0.37442344427108765
2026-02-08 05:03:42,840 - INFO - Epoch [45] Batch [20/35]                     Loss: 0.4003, Hard: 0.7478, Soft: -0.5561                     Acc: 83.33% LR: 0.000297                     Alpha: 0.5744425058364868                     Beta: -0.9108973145484924                     MemKD: 0.37137967348098755
2026-02-08 05:04:09,221 - INFO - Epoch [45/100] Train Loss: 0.0917, Train Acc: 81.79%, Val Loss: 0.4607, Val Acc: 81.65%
2026-02-08 05:04:30,414 - INFO - Epoch [46] Batch [0/35]                     Loss: 0.3828, Hard: 0.7662, Soft: -0.5899                     Acc: 68.75% LR: 0.000289                     Alpha: 0.5744425058364868                     Beta: -0.9196075201034546                     MemKD: 0.3692026138305664
2026-02-08 05:04:34,469 - INFO - Epoch [46] Batch [20/35]                     Loss: -0.0385, Hard: 0.4396, Soft: -0.7355                     Acc: 79.17% LR: 0.000289                     Alpha: 0.5744425058364868                     Beta: -0.9308391809463501                     MemKD: 0.3664182424545288
2026-02-08 05:05:01,384 - INFO - Epoch [46/100] Train Loss: 0.0767, Train Acc: 79.46%, Val Loss: 0.5445, Val Acc: 80.19%
2026-02-08 05:05:22,244 - INFO - Epoch [47] Batch [0/35]                     Loss: -0.0805, Hard: 0.3919, Soft: -0.6999                     Acc: 81.25% LR: 0.000281                     Alpha: 0.5744425058364868                     Beta: -0.9393760561943054                     MemKD: 0.3642863631248474
2026-02-08 05:05:26,242 - INFO - Epoch [47] Batch [20/35]                     Loss: 0.3018, Hard: 0.7043, Soft: -0.5963                     Acc: 79.17% LR: 0.000281                     Alpha: 0.5744425058364868                     Beta: -0.950040876865387                     MemKD: 0.36166834831237793
2026-02-08 05:05:52,952 - INFO - Epoch [47/100] Train Loss: 0.0361, Train Acc: 80.71%, Val Loss: 0.5081, Val Acc: 78.99%
2026-02-08 05:06:14,420 - INFO - Epoch [48] Batch [0/35]                     Loss: 0.1669, Hard: 0.6012, Soft: -0.6204                     Acc: 81.25% LR: 0.000274                     Alpha: 0.5744425058364868                     Beta: -0.9582087993621826                     MemKD: 0.3596475422382355
2026-02-08 05:06:18,435 - INFO - Epoch [48] Batch [20/35]                     Loss: -0.3804, Hard: 0.2090, Soft: -0.8419                     Acc: 80.95% LR: 0.000274                     Alpha: 0.5744425058364868                     Beta: -0.9686510562896729                     MemKD: 0.35707297921180725
2026-02-08 05:06:45,796 - INFO - Epoch [48/100] Train Loss: 0.0356, Train Acc: 79.64%, Val Loss: 0.6816, Val Acc: 74.73%
2026-02-08 05:07:07,930 - INFO - Epoch [49] Batch [0/35]                     Loss: -0.1834, Hard: 0.3470, Soft: -0.7316                     Acc: 93.75% LR: 0.000266                     Alpha: 0.5744425058364868                     Beta: -0.976275622844696                     MemKD: 0.35522693395614624
2026-02-08 05:07:12,048 - INFO - Epoch [49] Batch [20/35]                     Loss: 0.1310, Hard: 0.6252, Soft: -0.6817                     Acc: 80.06% LR: 0.000266                     Alpha: 0.5744425058364868                     Beta: -0.9861975312232971                     MemKD: 0.3528335690498352
2026-02-08 05:07:38,137 - INFO - Epoch [49/100] Train Loss: -0.0265, Train Acc: 81.79%, Val Loss: 0.5061, Val Acc: 78.86%
2026-02-08 05:08:00,748 - INFO - Epoch [50] Batch [0/35]                     Loss: -0.1413, Hard: 0.4453, Soft: -0.7822                     Acc: 87.50% LR: 0.000258                     Alpha: 0.5744425058364868                     Beta: -0.9934884309768677                     MemKD: 0.35108280181884766
2026-02-08 05:08:04,774 - INFO - Epoch [50] Batch [20/35]                     Loss: -0.1543, Hard: 0.4342, Soft: -0.7847                     Acc: 81.25% LR: 0.000258                     Alpha: 0.5744425058364868                     Beta: -1.0030020475387573                     MemKD: 0.34879419207572937
2026-02-08 05:08:31,368 - INFO - Epoch [50/100] Train Loss: -0.0805, Train Acc: 81.96%, Val Loss: 0.4823, Val Acc: 81.78%
2026-02-08 05:08:31,398 - INFO - Checkpoint saved at epoch 50
2026-02-08 05:08:52,716 - INFO - Epoch [51] Batch [0/35]                     Loss: -0.1359, Hard: 0.4452, Soft: -0.7497                     Acc: 93.75% LR: 0.000250                     Alpha: 0.5744425058364868                     Beta: -1.0102760791778564                     MemKD: 0.3470347225666046
2026-02-08 05:08:56,820 - INFO - Epoch [51] Batch [20/35]                     Loss: -0.0902, Hard: 0.5470, Soft: -0.8222                     Acc: 81.55% LR: 0.000250                     Alpha: 0.5744425058364868                     Beta: -1.019622802734375                     MemKD: 0.3448016345500946
2026-02-08 05:09:24,248 - INFO - Epoch [51/100] Train Loss: -0.1583, Train Acc: 82.68%, Val Loss: 0.5399, Val Acc: 78.59%
2026-02-08 05:09:46,723 - INFO - Epoch [52] Batch [0/35]                     Loss: -0.1708, Hard: 0.4566, Soft: -0.7842                     Acc: 81.25% LR: 0.000242                     Alpha: 0.5744425058364868                     Beta: -1.0265488624572754                     MemKD: 0.3431452214717865
2026-02-08 05:09:50,883 - INFO - Epoch [52] Batch [20/35]                     Loss: -0.2506, Hard: 0.3596, Soft: -0.7628                     Acc: 82.44% LR: 0.000242                     Alpha: 0.5744425058364868                     Beta: -1.0354149341583252                     MemKD: 0.3410360515117645
2026-02-08 05:10:17,883 - INFO - Epoch [52/100] Train Loss: -0.1747, Train Acc: 81.07%, Val Loss: 0.5402, Val Acc: 77.93%
2026-02-08 05:10:39,413 - INFO - Epoch [53] Batch [0/35]                     Loss: -0.4780, Hard: 0.2745, Soft: -0.9121                     Acc: 93.75% LR: 0.000234                     Alpha: 0.5744425058364868                     Beta: -1.041945219039917                     MemKD: 0.33949387073516846
2026-02-08 05:10:43,548 - INFO - Epoch [53] Batch [20/35]                     Loss: -0.4824, Hard: 0.2616, Soft: -0.9018                     Acc: 85.42% LR: 0.000234                     Alpha: 0.5744425058364868                     Beta: -1.0505890846252441                     MemKD: 0.33744487166404724
2026-02-08 05:11:09,938 - INFO - Epoch [53/100] Train Loss: -0.2861, Train Acc: 85.36%, Val Loss: 0.5601, Val Acc: 80.45%
2026-02-08 05:11:30,453 - INFO - Epoch [54] Batch [0/35]                     Loss: 0.1371, Hard: 0.7464, Soft: -0.7169                     Acc: 81.25% LR: 0.000226                     Alpha: 0.5744425058364868                     Beta: -1.0569674968719482                     MemKD: 0.33594468235969543
2026-02-08 05:11:34,541 - INFO - Epoch [54] Batch [20/35]                     Loss: -0.6006, Hard: 0.2278, Soft: -0.9746                     Acc: 84.23% LR: 0.000226                     Alpha: 0.5744425058364868                     Beta: -1.0651700496673584                     MemKD: 0.3340183198451996
2026-02-08 05:12:02,276 - INFO - Epoch [54/100] Train Loss: -0.2926, Train Acc: 83.93%, Val Loss: 0.4613, Val Acc: 82.45%
2026-02-08 05:12:02,277 - INFO - Best model saved with accuracy: 82.45%
2026-02-08 05:12:22,868 - INFO - Epoch [55] Batch [0/35]                     Loss: -0.2842, Hard: 0.4542, Soft: -0.8440                     Acc: 87.50% LR: 0.000219                     Alpha: 0.5744425058364868                     Beta: -1.0712239742279053                     MemKD: 0.3326004445552826
2026-02-08 05:12:26,896 - INFO - Epoch [55] Batch [20/35]                     Loss: -0.4319, Hard: 0.3310, Soft: -0.8718                     Acc: 81.55% LR: 0.000219                     Alpha: 0.5744425058364868                     Beta: -1.078927755355835                     MemKD: 0.3308180570602417
2026-02-08 05:12:54,035 - INFO - Epoch [55/100] Train Loss: -0.2777, Train Acc: 81.07%, Val Loss: 0.4878, Val Acc: 80.98%
2026-02-08 05:13:14,609 - INFO - Epoch [56] Batch [0/35]                     Loss: -0.5876, Hard: 0.2888, Soft: -0.9738                     Acc: 93.75% LR: 0.000211                     Alpha: 0.5744425058364868                     Beta: -1.0847227573394775                     MemKD: 0.3294735848903656
2026-02-08 05:13:18,714 - INFO - Epoch [56] Batch [20/35]                     Loss: -0.4826, Hard: 0.3367, Soft: -0.9103                     Acc: 80.06% LR: 0.000211                     Alpha: 0.5744425058364868                     Beta: -1.0919781923294067                     MemKD: 0.32781586050987244
2026-02-08 05:13:46,535 - INFO - Epoch [56/100] Train Loss: -0.3232, Train Acc: 82.32%, Val Loss: 0.5765, Val Acc: 78.46%
2026-02-08 05:14:08,121 - INFO - Epoch [57] Batch [0/35]                     Loss: -0.2831, Hard: 0.5300, Soft: -0.8790                     Acc: 87.50% LR: 0.000203                     Alpha: 0.5744425058364868                     Beta: -1.0974705219268799                     MemKD: 0.3265543282032013
2026-02-08 05:14:12,101 - INFO - Epoch [57] Batch [20/35]                     Loss: -0.4094, Hard: 0.4540, Soft: -0.9335                     Acc: 83.63% LR: 0.000203                     Alpha: 0.5744425058364868                     Beta: -1.1044673919677734                     MemKD: 0.3249548673629761
2026-02-08 05:14:39,299 - INFO - Epoch [57/100] Train Loss: -0.3638, Train Acc: 81.96%, Val Loss: 0.6284, Val Acc: 73.67%
2026-02-08 05:15:00,951 - INFO - Epoch [58] Batch [0/35]                     Loss: -0.8149, Hard: 0.2115, Soft: -1.0804                     Acc: 93.75% LR: 0.000195                     Alpha: 0.5744425058364868                     Beta: -1.1097619533538818                     MemKD: 0.32374489307403564
2026-02-08 05:15:04,903 - INFO - Epoch [58] Batch [20/35]                     Loss: -0.7793, Hard: 0.2495, Soft: -1.0830                     Acc: 85.71% LR: 0.000195                     Alpha: 0.5744425058364868                     Beta: -1.1165282726287842                     MemKD: 0.32220056653022766
2026-02-08 05:15:32,371 - INFO - Epoch [58/100] Train Loss: -0.4338, Train Acc: 83.04%, Val Loss: 0.4815, Val Acc: 81.38%
2026-02-08 05:15:54,213 - INFO - Epoch [59] Batch [0/35]                     Loss: -0.6982, Hard: 0.3215, Soft: -1.0458                     Acc: 93.75% LR: 0.000188                     Alpha: 0.5744425058364868                     Beta: -1.121479868888855                     MemKD: 0.3210786283016205
2026-02-08 05:15:58,337 - INFO - Epoch [59] Batch [20/35]                     Loss: -0.9468, Hard: 0.1437, Soft: -1.1184                     Acc: 88.10% LR: 0.000188                     Alpha: 0.5744425058364868                     Beta: -1.1279430389404297                     MemKD: 0.3196108341217041
2026-02-08 05:16:25,880 - INFO - Epoch [59/100] Train Loss: -0.5677, Train Acc: 86.96%, Val Loss: 0.4924, Val Acc: 80.72%
2026-02-08 05:16:45,225 - INFO - Epoch [60] Batch [0/35]                     Loss: -0.7440, Hard: 0.2878, Soft: -1.0318                     Acc: 87.50% LR: 0.000180                     Alpha: 0.5744425058364868                     Beta: -1.1328544616699219                     MemKD: 0.31848829984664917
2026-02-08 05:16:49,261 - INFO - Epoch [60] Batch [20/35]                     Loss: -0.4579, Hard: 0.4360, Soft: -0.8939                     Acc: 82.74% LR: 0.000180                     Alpha: 0.5744425058364868                     Beta: -1.1389129161834717                     MemKD: 0.31713709235191345
2026-02-08 05:17:16,343 - INFO - Epoch [60/100] Train Loss: -0.4638, Train Acc: 83.04%, Val Loss: 0.5690, Val Acc: 78.19%
2026-02-08 05:17:16,375 - INFO - Checkpoint saved at epoch 60
2026-02-08 05:17:37,555 - INFO - Epoch [61] Batch [0/35]                     Loss: -0.3488, Hard: 0.5136, Soft: -0.8624                     Acc: 81.25% LR: 0.000173                     Alpha: 0.5744425058364868                     Beta: -1.1434557437896729                     MemKD: 0.3161182105541229
2026-02-08 05:17:41,544 - INFO - Epoch [61] Batch [20/35]                     Loss: -0.1248, Hard: 0.7042, Soft: -0.8290                     Acc: 82.74% LR: 0.000173                     Alpha: 0.5744425058364868                     Beta: -1.1491398811340332                     MemKD: 0.3148494064807892
2026-02-08 05:18:08,772 - INFO - Epoch [61/100] Train Loss: -0.4991, Train Acc: 82.32%, Val Loss: 0.4345, Val Acc: 84.57%
2026-02-08 05:18:08,772 - INFO - Best model saved with accuracy: 84.57%
2026-02-08 05:18:30,150 - INFO - Epoch [62] Batch [0/35]                     Loss: -0.8331, Hard: 0.2710, Soft: -1.1041                     Acc: 87.50% LR: 0.000165                     Alpha: 0.5744425058364868                     Beta: -1.1532440185546875                     MemKD: 0.3139466941356659
2026-02-08 05:18:34,159 - INFO - Epoch [62] Batch [20/35]                     Loss: -0.6048, Hard: 0.4213, Soft: -1.0261                     Acc: 86.01% LR: 0.000165                     Alpha: 0.5744425058364868                     Beta: -1.1585946083068848                     MemKD: 0.31275713443756104
2026-02-08 05:19:00,863 - INFO - Epoch [62/100] Train Loss: -0.5533, Train Acc: 85.00%, Val Loss: 0.4631, Val Acc: 81.91%
2026-02-08 05:19:22,959 - INFO - Epoch [63] Batch [0/35]                     Loss: -0.8719, Hard: 0.2672, Soft: -1.1390                     Acc: 93.75% LR: 0.000158                     Alpha: 0.5744425058364868                     Beta: -1.1625131368637085                     MemKD: 0.3118906617164612
2026-02-08 05:19:26,836 - INFO - Epoch [63] Batch [20/35]                     Loss: -0.9197, Hard: 0.1731, Soft: -1.0928                     Acc: 86.61% LR: 0.000158                     Alpha: 0.5744425058364868                     Beta: -1.1675037145614624                     MemKD: 0.3107782006263733
2026-02-08 05:19:53,658 - INFO - Epoch [63/100] Train Loss: -0.6288, Train Acc: 86.25%, Val Loss: 0.4503, Val Acc: 84.04%
2026-02-08 05:20:14,828 - INFO - Epoch [64] Batch [0/35]                     Loss: -0.3920, Hard: 0.5398, Soft: -0.9318                     Acc: 81.25% LR: 0.000151                     Alpha: 0.5744425058364868                     Beta: -1.1712446212768555                     MemKD: 0.309948205947876
2026-02-08 05:20:18,877 - INFO - Epoch [64] Batch [20/35]                     Loss: -0.8338, Hard: 0.2247, Soft: -1.0585                     Acc: 84.82% LR: 0.000151                     Alpha: 0.5744425058364868                     Beta: -1.1758768558502197                     MemKD: 0.3089297115802765
2026-02-08 05:20:47,198 - INFO - Epoch [64/100] Train Loss: -0.6335, Train Acc: 86.07%, Val Loss: 0.4630, Val Acc: 82.45%
2026-02-08 05:21:08,175 - INFO - Epoch [65] Batch [0/35]                     Loss: -1.0173, Hard: 0.1363, Soft: -1.1536                     Acc: 100.00% LR: 0.000144                     Alpha: 0.5744425058364868                     Beta: -1.179340124130249                     MemKD: 0.308164119720459
2026-02-08 05:21:12,110 - INFO - Epoch [65] Batch [20/35]                     Loss: -0.4543, Hard: 0.4479, Soft: -0.9023                     Acc: 87.80% LR: 0.000144                     Alpha: 0.5744425058364868                     Beta: -1.1836683750152588                     MemKD: 0.30720803141593933
2026-02-08 05:21:39,088 - INFO - Epoch [65/100] Train Loss: -0.6738, Train Acc: 86.43%, Val Loss: 0.4106, Val Acc: 84.31%
2026-02-08 05:22:01,223 - INFO - Epoch [66] Batch [0/35]                     Loss: -0.7342, Hard: 0.3352, Soft: -1.0695                     Acc: 81.25% LR: 0.000137                     Alpha: 0.5744425058364868                     Beta: -1.1869170665740967                     MemKD: 0.30649715662002563
2026-02-08 05:22:05,299 - INFO - Epoch [66] Batch [20/35]                     Loss: -0.9843, Hard: 0.2013, Soft: -1.1857                     Acc: 86.90% LR: 0.000137                     Alpha: 0.5744425058364868                     Beta: -1.1910046339035034                     MemKD: 0.3055996894836426
2026-02-08 05:22:31,505 - INFO - Epoch [66/100] Train Loss: -0.6604, Train Acc: 87.14%, Val Loss: 0.3915, Val Acc: 84.84%
2026-02-08 05:22:31,505 - INFO - Best model saved with accuracy: 84.84%
2026-02-08 05:22:50,955 - INFO - Epoch [67] Batch [0/35]                     Loss: -0.8415, Hard: 0.2692, Soft: -1.1106                     Acc: 93.75% LR: 0.000130                     Alpha: 0.5744425058364868                     Beta: -1.193979024887085                     MemKD: 0.30495303869247437
2026-02-08 05:22:54,715 - INFO - Epoch [67] Batch [20/35]                     Loss: -0.9559, Hard: 0.2363, Soft: -1.1922                     Acc: 87.50% LR: 0.000130                     Alpha: 0.5744425058364868                     Beta: -1.1977745294570923                     MemKD: 0.3041236996650696
2026-02-08 05:23:20,618 - INFO - Epoch [67/100] Train Loss: -0.6398, Train Acc: 85.89%, Val Loss: 0.4544, Val Acc: 82.05%
2026-02-08 05:23:43,313 - INFO - Epoch [68] Batch [0/35]                     Loss: 0.0725, Hard: 0.7988, Soft: -0.7262                     Acc: 68.75% LR: 0.000123                     Alpha: 0.5744425058364868                     Beta: -1.200519323348999                     MemKD: 0.30353081226348877
2026-02-08 05:23:47,029 - INFO - Epoch [68] Batch [20/35]                     Loss: -0.9605, Hard: 0.2000, Soft: -1.1605                     Acc: 86.90% LR: 0.000123                     Alpha: 0.5744425058364868                     Beta: -1.2040069103240967                     MemKD: 0.3027759790420532
2026-02-08 05:24:13,309 - INFO - Epoch [68/100] Train Loss: -0.6778, Train Acc: 86.07%, Val Loss: 0.5033, Val Acc: 80.59%
2026-02-08 05:24:35,214 - INFO - Epoch [69] Batch [0/35]                     Loss: -0.8341, Hard: 0.2832, Soft: -1.1173                     Acc: 87.50% LR: 0.000116                     Alpha: 0.5744425058364868                     Beta: -1.206619143486023                     MemKD: 0.30220821499824524
2026-02-08 05:24:39,199 - INFO - Epoch [69] Batch [20/35]                     Loss: -0.5810, Hard: 0.4608, Soft: -1.0419                     Acc: 85.12% LR: 0.000116                     Alpha: 0.5744425058364868                     Beta: -1.2098218202590942                     MemKD: 0.3015191853046417
2026-02-08 05:25:06,813 - INFO - Epoch [69/100] Train Loss: -0.6685, Train Acc: 85.18%, Val Loss: 0.4312, Val Acc: 84.44%
2026-02-08 05:25:28,319 - INFO - Epoch [70] Batch [0/35]                     Loss: -0.4746, Hard: 0.5428, Soft: -1.0174                     Acc: 81.25% LR: 0.000109                     Alpha: 0.5744425058364868                     Beta: -1.2122007608413696                     MemKD: 0.30100589990615845
2026-02-08 05:25:32,362 - INFO - Epoch [70] Batch [20/35]                     Loss: -0.6687, Hard: 0.3674, Soft: -1.0360                     Acc: 87.50% LR: 0.000109                     Alpha: 0.5744425058364868                     Beta: -1.2152178287506104                     MemKD: 0.3003527522087097
2026-02-08 05:25:59,176 - INFO - Epoch [70/100] Train Loss: -0.8000, Train Acc: 87.86%, Val Loss: 0.4374, Val Acc: 83.51%
2026-02-08 05:25:59,224 - INFO - Checkpoint saved at epoch 70
2026-02-08 05:26:21,717 - INFO - Epoch [71] Batch [0/35]                     Loss: -0.4026, Hard: 0.5701, Soft: -0.9727                     Acc: 75.00% LR: 0.000103                     Alpha: 0.5744425058364868                     Beta: -1.2175261974334717                     MemKD: 0.29984959959983826
2026-02-08 05:26:25,760 - INFO - Epoch [71] Batch [20/35]                     Loss: -1.0691, Hard: 0.1806, Soft: -1.2497                     Acc: 85.12% LR: 0.000103                     Alpha: 0.5744425058364868                     Beta: -1.2203470468521118                     MemKD: 0.29924023151397705
2026-02-08 05:26:53,230 - INFO - Epoch [71/100] Train Loss: -0.6995, Train Acc: 84.82%, Val Loss: 0.3749, Val Acc: 84.97%
2026-02-08 05:26:53,230 - INFO - Best model saved with accuracy: 84.97%
2026-02-08 05:27:15,764 - INFO - Epoch [72] Batch [0/35]                     Loss: -0.3795, Hard: 0.5678, Soft: -0.9473                     Acc: 81.25% LR: 0.000097                     Alpha: 0.5744425058364868                     Beta: -1.2224209308624268                     MemKD: 0.2987963557243347
2026-02-08 05:27:19,796 - INFO - Epoch [72] Batch [20/35]                     Loss: -0.9021, Hard: 0.2431, Soft: -1.1452                     Acc: 86.90% LR: 0.000097                     Alpha: 0.5744425058364868                     Beta: -1.224992036819458                     MemKD: 0.29824569821357727
2026-02-08 05:27:48,042 - INFO - Epoch [72/100] Train Loss: -0.7435, Train Acc: 86.43%, Val Loss: 0.3991, Val Acc: 85.37%
2026-02-08 05:27:48,043 - INFO - Best model saved with accuracy: 85.37%
2026-02-08 05:28:08,206 - INFO - Epoch [73] Batch [0/35]                     Loss: -0.8745, Hard: 0.2402, Soft: -1.1147                     Acc: 87.50% LR: 0.000091                     Alpha: 0.5744425058364868                     Beta: -1.226933240890503                     MemKD: 0.2978287637233734
2026-02-08 05:28:12,238 - INFO - Epoch [73] Batch [20/35]                     Loss: -0.9087, Hard: 0.2463, Soft: -1.1550                     Acc: 86.90% LR: 0.000091                     Alpha: 0.5744425058364868                     Beta: -1.2293446063995361                     MemKD: 0.2973119914531708
2026-02-08 05:28:38,913 - INFO - Epoch [73/100] Train Loss: -0.7663, Train Acc: 86.61%, Val Loss: 0.4457, Val Acc: 82.98%
2026-02-08 05:28:59,510 - INFO - Epoch [74] Batch [0/35]                     Loss: -0.8404, Hard: 0.2669, Soft: -1.1073                     Acc: 93.75% LR: 0.000085                     Alpha: 0.5744425058364868                     Beta: -1.2311809062957764                     MemKD: 0.29691633582115173
2026-02-08 05:29:03,554 - INFO - Epoch [74] Batch [20/35]                     Loss: -1.2569, Hard: 0.0892, Soft: -1.3461                     Acc: 87.20% LR: 0.000085                     Alpha: 0.5744425058364868                     Beta: -1.2333815097808838                     MemKD: 0.2964499592781067
2026-02-08 05:29:29,150 - INFO - Epoch [74/100] Train Loss: -0.7243, Train Acc: 86.96%, Val Loss: 0.3801, Val Acc: 85.37%
2026-02-08 05:29:50,940 - INFO - Epoch [75] Batch [0/35]                     Loss: -0.9846, Hard: 0.2321, Soft: -1.2167                     Acc: 87.50% LR: 0.000079                     Alpha: 0.5744425058364868                     Beta: -1.2350660562515259                     MemKD: 0.2960904538631439
2026-02-08 05:29:54,928 - INFO - Epoch [75] Batch [20/35]                     Loss: -0.4063, Hard: 0.4735, Soft: -0.8798                     Acc: 89.88% LR: 0.000079                     Alpha: 0.5744425058364868                     Beta: -1.2371375560760498                     MemKD: 0.2956474721431732
2026-02-08 05:30:21,427 - INFO - Epoch [75/100] Train Loss: -0.8648, Train Acc: 89.46%, Val Loss: 0.3918, Val Acc: 85.37%
2026-02-08 05:30:44,168 - INFO - Epoch [76] Batch [0/35]                     Loss: -0.7733, Hard: 0.3233, Soft: -1.0966                     Acc: 87.50% LR: 0.000073                     Alpha: 0.5744425058364868                     Beta: -1.2386623620986938                     MemKD: 0.29532304406166077
2026-02-08 05:30:48,265 - INFO - Epoch [76] Batch [20/35]                     Loss: -1.1577, Hard: 0.1231, Soft: -1.2808                     Acc: 86.31% LR: 0.000073                     Alpha: 0.5744425058364868                     Beta: -1.2405450344085693                     MemKD: 0.2949223816394806
2026-02-08 05:31:15,408 - INFO - Epoch [76/100] Train Loss: -0.7663, Train Acc: 86.79%, Val Loss: 0.4069, Val Acc: 84.31%
2026-02-08 05:31:37,444 - INFO - Epoch [77] Batch [0/35]                     Loss: -0.7154, Hard: 0.4182, Soft: -1.1336                     Acc: 81.25% LR: 0.000068                     Alpha: 0.5744425058364868                     Beta: -1.2419577836990356                     MemKD: 0.29462137818336487
2026-02-08 05:31:41,476 - INFO - Epoch [77] Batch [20/35]                     Loss: -0.6006, Hard: 0.4162, Soft: -1.0168                     Acc: 87.80% LR: 0.000068                     Alpha: 0.5744425058364868                     Beta: -1.2436803579330444                     MemKD: 0.29425549507141113
2026-02-08 05:32:09,006 - INFO - Epoch [77/100] Train Loss: -0.7925, Train Acc: 88.21%, Val Loss: 0.4171, Val Acc: 84.71%
2026-02-08 05:32:30,610 - INFO - Epoch [78] Batch [0/35]                     Loss: -0.7661, Hard: 0.3956, Soft: -1.1616                     Acc: 81.25% LR: 0.000062                     Alpha: 0.5744425058364868                     Beta: -1.2449737787246704                     MemKD: 0.29398101568222046
2026-02-08 05:32:34,615 - INFO - Epoch [78] Batch [20/35]                     Loss: -0.5696, Hard: 0.4679, Soft: -1.0374                     Acc: 87.80% LR: 0.000062                     Alpha: 0.5744425058364868                     Beta: -1.2465475797653198                     MemKD: 0.2936480641365051
2026-02-08 05:33:02,796 - INFO - Epoch [78/100] Train Loss: -0.8597, Train Acc: 88.57%, Val Loss: 0.3805, Val Acc: 84.57%
2026-02-08 05:33:24,534 - INFO - Epoch [79] Batch [0/35]                     Loss: -0.7066, Hard: 0.4244, Soft: -1.1310                     Acc: 87.50% LR: 0.000057                     Alpha: 0.5744425058364868                     Beta: -1.247734546661377                     MemKD: 0.2933957576751709
2026-02-08 05:33:28,539 - INFO - Epoch [79] Batch [20/35]                     Loss: -0.7901, Hard: 0.4147, Soft: -1.2047                     Acc: 86.61% LR: 0.000057                     Alpha: 0.5744425058364868                     Beta: -1.249160885810852                     MemKD: 0.29309529066085815
2026-02-08 05:33:56,079 - INFO - Epoch [79/100] Train Loss: -0.8072, Train Acc: 88.57%, Val Loss: 0.3835, Val Acc: 86.44%
2026-02-08 05:33:56,079 - INFO - Best model saved with accuracy: 86.44%
2026-02-08 05:34:17,467 - INFO - Epoch [80] Batch [0/35]                     Loss: -0.8991, Hard: 0.2985, Soft: -1.1976                     Acc: 87.50% LR: 0.000052                     Alpha: 0.5744425058364868                     Beta: -1.250237226486206                     MemKD: 0.29286840558052063
2026-02-08 05:34:21,491 - INFO - Epoch [80] Batch [20/35]                     Loss: -0.5363, Hard: 0.5773, Soft: -1.1136                     Acc: 86.90% LR: 0.000052                     Alpha: 0.5744425058364868                     Beta: -1.2515350580215454                     MemKD: 0.2925952076911926
2026-02-08 05:34:48,793 - INFO - Epoch [80/100] Train Loss: -0.7879, Train Acc: 86.96%, Val Loss: 0.3780, Val Acc: 85.24%
2026-02-08 05:34:48,832 - INFO - Checkpoint saved at epoch 80
2026-02-08 05:35:09,490 - INFO - Epoch [81] Batch [0/35]                     Loss: -1.0821, Hard: 0.1995, Soft: -1.2817                     Acc: 93.75% LR: 0.000048                     Alpha: 0.5744425058364868                     Beta: -1.252492070198059                     MemKD: 0.2923939526081085
2026-02-08 05:35:13,387 - INFO - Epoch [81] Batch [20/35]                     Loss: -0.6658, Hard: 0.4681, Soft: -1.1338                     Acc: 85.42% LR: 0.000048                     Alpha: 0.5744425058364868                     Beta: -1.2536587715148926                     MemKD: 0.2921487092971802
2026-02-08 05:35:41,705 - INFO - Epoch [81/100] Train Loss: -0.8149, Train Acc: 86.96%, Val Loss: 0.3809, Val Acc: 85.77%
2026-02-08 05:36:02,526 - INFO - Epoch [82] Batch [0/35]                     Loss: -0.9235, Hard: 0.2688, Soft: -1.1923                     Acc: 87.50% LR: 0.000043                     Alpha: 0.5744425058364868                     Beta: -1.2545305490493774                     MemKD: 0.29196473956108093
2026-02-08 05:36:06,676 - INFO - Epoch [82] Batch [20/35]                     Loss: -1.0490, Hard: 0.1922, Soft: -1.2413                     Acc: 87.50% LR: 0.000043                     Alpha: 0.5744425058364868                     Beta: -1.2555896043777466                     MemKD: 0.2917417287826538
2026-02-08 05:36:33,745 - INFO - Epoch [82/100] Train Loss: -0.8539, Train Acc: 88.21%, Val Loss: 0.3508, Val Acc: 86.70%
2026-02-08 05:36:33,746 - INFO - Best model saved with accuracy: 86.70%
2026-02-08 05:36:53,200 - INFO - Epoch [83] Batch [0/35]                     Loss: -0.9128, Hard: 0.2687, Soft: -1.1815                     Acc: 87.50% LR: 0.000039                     Alpha: 0.5744425058364868                     Beta: -1.2563813924789429                     MemKD: 0.2915749251842499
2026-02-08 05:36:57,255 - INFO - Epoch [83] Batch [20/35]                     Loss: -0.8958, Hard: 0.2995, Soft: -1.1953                     Acc: 88.39% LR: 0.000039                     Alpha: 0.5744425058364868                     Beta: -1.2573349475860596                     MemKD: 0.291374534368515
2026-02-08 05:37:23,828 - INFO - Epoch [83/100] Train Loss: -0.8814, Train Acc: 88.57%, Val Loss: 0.3617, Val Acc: 86.17%
2026-02-08 05:37:44,646 - INFO - Epoch [84] Batch [0/35]                     Loss: -1.0096, Hard: 0.2006, Soft: -1.2102                     Acc: 93.75% LR: 0.000035                     Alpha: 0.5744425058364868                     Beta: -1.2580426931381226                     MemKD: 0.29122599959373474
2026-02-08 05:37:48,738 - INFO - Epoch [84] Batch [20/35]                     Loss: -0.8359, Hard: 0.3038, Soft: -1.1397                     Acc: 89.29% LR: 0.000035                     Alpha: 0.5744425058364868                     Beta: -1.2588862180709839                     MemKD: 0.29104793071746826
2026-02-08 05:38:16,096 - INFO - Epoch [84/100] Train Loss: -0.8168, Train Acc: 87.32%, Val Loss: 0.3912, Val Acc: 86.04%
2026-02-08 05:38:38,506 - INFO - Epoch [85] Batch [0/35]                     Loss: -0.9722, Hard: 0.2483, Soft: -1.2205                     Acc: 87.50% LR: 0.000031                     Alpha: 0.5744425058364868                     Beta: -1.2595019340515137                     MemKD: 0.29091963171958923
2026-02-08 05:38:42,512 - INFO - Epoch [85] Batch [20/35]                     Loss: -0.8772, Hard: 0.3156, Soft: -1.1928                     Acc: 88.69% LR: 0.000031                     Alpha: 0.5744425058364868                     Beta: -1.2602369785308838                     MemKD: 0.290766179561615
2026-02-08 05:39:09,381 - INFO - Epoch [85/100] Train Loss: -0.8544, Train Acc: 88.93%, Val Loss: 0.3654, Val Acc: 85.77%
2026-02-08 05:39:30,420 - INFO - Epoch [86] Batch [0/35]                     Loss: -0.9960, Hard: 0.2216, Soft: -1.2176                     Acc: 93.75% LR: 0.000027                     Alpha: 0.5744425058364868                     Beta: -1.2607876062393188                     MemKD: 0.29065069556236267
2026-02-08 05:39:34,307 - INFO - Epoch [86] Batch [20/35]                     Loss: -0.8603, Hard: 0.3408, Soft: -1.2011                     Acc: 88.69% LR: 0.000027                     Alpha: 0.5744425058364868                     Beta: -1.2614326477050781                     MemKD: 0.2905155122280121
2026-02-08 05:39:59,843 - INFO - Epoch [86/100] Train Loss: -0.7881, Train Acc: 85.71%, Val Loss: 0.3614, Val Acc: 86.17%
2026-02-08 05:40:22,246 - INFO - Epoch [87] Batch [0/35]                     Loss: -1.1076, Hard: 0.1952, Soft: -1.3028                     Acc: 93.75% LR: 0.000024                     Alpha: 0.5744425058364868                     Beta: -1.26190185546875                     MemKD: 0.2904183566570282
2026-02-08 05:40:26,135 - INFO - Epoch [87] Batch [20/35]                     Loss: -0.9546, Hard: 0.2821, Soft: -1.2368                     Acc: 86.61% LR: 0.000024                     Alpha: 0.5744425058364868                     Beta: -1.2624471187591553                     MemKD: 0.2903055250644684
2026-02-08 05:40:53,772 - INFO - Epoch [87/100] Train Loss: -0.8068, Train Acc: 87.32%, Val Loss: 0.3673, Val Acc: 86.70%
2026-02-08 05:41:14,605 - INFO - Epoch [88] Batch [0/35]                     Loss: -0.9433, Hard: 0.2650, Soft: -1.2083                     Acc: 87.50% LR: 0.000021                     Alpha: 0.5744425058364868                     Beta: -1.2628588676452637                     MemKD: 0.29021963477134705
2026-02-08 05:41:18,651 - INFO - Epoch [88] Batch [20/35]                     Loss: -0.6394, Hard: 0.4464, Soft: -1.0858                     Acc: 88.39% LR: 0.000021                     Alpha: 0.5744425058364868                     Beta: -1.2633428573608398                     MemKD: 0.29011785984039307
2026-02-08 05:41:46,834 - INFO - Epoch [88/100] Train Loss: -0.9269, Train Acc: 89.11%, Val Loss: 0.3633, Val Acc: 85.77%
2026-02-08 05:42:07,851 - INFO - Epoch [89] Batch [0/35]                     Loss: -0.9505, Hard: 0.2575, Soft: -1.2080                     Acc: 93.75% LR: 0.000018                     Alpha: 0.5744425058364868                     Beta: -1.2637085914611816                     MemKD: 0.2900407016277313
2026-02-08 05:42:11,946 - INFO - Epoch [89] Batch [20/35]                     Loss: -0.8071, Hard: 0.3598, Soft: -1.1669                     Acc: 89.88% LR: 0.000018                     Alpha: 0.5744425058364868                     Beta: -1.2641159296035767                     MemKD: 0.2899555265903473
2026-02-08 05:42:39,356 - INFO - Epoch [89/100] Train Loss: -0.8495, Train Acc: 89.11%, Val Loss: 0.3659, Val Acc: 86.30%
2026-02-08 05:43:00,347 - INFO - Epoch [90] Batch [0/35]                     Loss: -0.8019, Hard: 0.3238, Soft: -1.1256                     Acc: 87.50% LR: 0.000015                     Alpha: 0.5744425058364868                     Beta: -1.2644202709197998                     MemKD: 0.28989171981811523
2026-02-08 05:43:04,292 - INFO - Epoch [90] Batch [20/35]                     Loss: -0.8350, Hard: 0.3275, Soft: -1.1625                     Acc: 90.18% LR: 0.000015                     Alpha: 0.5744425058364868                     Beta: -1.2647597789764404                     MemKD: 0.28982099890708923
2026-02-08 05:43:32,149 - INFO - Epoch [90/100] Train Loss: -0.8258, Train Acc: 88.04%, Val Loss: 0.3742, Val Acc: 85.51%
2026-02-08 05:43:32,196 - INFO - Checkpoint saved at epoch 90
2026-02-08 05:43:52,316 - INFO - Epoch [91] Batch [0/35]                     Loss: -0.7893, Hard: 0.3980, Soft: -1.1873                     Acc: 87.50% LR: 0.000012                     Alpha: 0.5744425058364868                     Beta: -1.265014410018921                     MemKD: 0.2897680103778839
2026-02-08 05:43:56,434 - INFO - Epoch [91] Batch [20/35]                     Loss: -0.9036, Hard: 0.3093, Soft: -1.2128                     Acc: 87.80% LR: 0.000012                     Alpha: 0.5744425058364868                     Beta: -1.265293002128601                     MemKD: 0.28970980644226074
2026-02-08 05:44:23,675 - INFO - Epoch [91/100] Train Loss: -0.9009, Train Acc: 88.57%, Val Loss: 0.3535, Val Acc: 86.30%
2026-02-08 05:44:46,043 - INFO - Epoch [92] Batch [0/35]                     Loss: -1.1059, Hard: 0.1541, Soft: -1.2600                     Acc: 93.75% LR: 0.000010                     Alpha: 0.5744425058364868                     Beta: -1.2655048370361328                     MemKD: 0.2896656095981598
2026-02-08 05:44:50,141 - INFO - Epoch [92] Batch [20/35]                     Loss: -1.0423, Hard: 0.2030, Soft: -1.2454                     Acc: 87.50% LR: 0.000010                     Alpha: 0.5744425058364868                     Beta: -1.2657331228256226                     MemKD: 0.2896179258823395
2026-02-08 05:45:16,828 - INFO - Epoch [92/100] Train Loss: -0.8751, Train Acc: 87.14%, Val Loss: 0.3786, Val Acc: 85.37%
2026-02-08 05:45:39,086 - INFO - Epoch [93] Batch [0/35]                     Loss: -0.8899, Hard: 0.2559, Soft: -1.1458                     Acc: 81.25% LR: 0.000008                     Alpha: 0.5744425058364868                     Beta: -1.2659024000167847                     MemKD: 0.2895827293395996
2026-02-08 05:45:43,026 - INFO - Epoch [93] Batch [20/35]                     Loss: -1.0175, Hard: 0.2447, Soft: -1.2622                     Acc: 88.39% LR: 0.000008                     Alpha: 0.5744425058364868                     Beta: -1.2660815715789795                     MemKD: 0.28954529762268066
2026-02-08 05:46:09,690 - INFO - Epoch [93/100] Train Loss: -0.9208, Train Acc: 89.11%, Val Loss: 0.3590, Val Acc: 87.37%
2026-02-08 05:46:09,690 - INFO - Best model saved with accuracy: 87.37%
2026-02-08 05:46:31,382 - INFO - Epoch [94] Batch [0/35]                     Loss: -0.6187, Hard: 0.4740, Soft: -1.0927                     Acc: 81.25% LR: 0.000006                     Alpha: 0.5744425058364868                     Beta: -1.2662168741226196                     MemKD: 0.2895171344280243
2026-02-08 05:46:35,436 - INFO - Epoch [94] Batch [20/35]                     Loss: -1.0393, Hard: 0.2329, Soft: -1.2722                     Acc: 89.58% LR: 0.000006                     Alpha: 0.5744425058364868                     Beta: -1.266353726387024                     MemKD: 0.28948867321014404
2026-02-08 05:47:03,509 - INFO - Epoch [94/100] Train Loss: -0.9085, Train Acc: 89.64%, Val Loss: 0.3620, Val Acc: 85.90%
2026-02-08 05:47:26,017 - INFO - Epoch [95] Batch [0/35]                     Loss: -0.4287, Hard: 0.5748, Soft: -1.0035                     Acc: 81.25% LR: 0.000004                     Alpha: 0.5744425058364868                     Beta: -1.2664562463760376                     MemKD: 0.28946730494499207
2026-02-08 05:47:30,027 - INFO - Epoch [95] Batch [20/35]                     Loss: -0.9040, Hard: 0.3493, Soft: -1.2533                     Acc: 87.50% LR: 0.000004                     Alpha: 0.5744425058364868                     Beta: -1.2665551900863647                     MemKD: 0.2894466817378998
2026-02-08 05:47:56,228 - INFO - Epoch [95/100] Train Loss: -0.8759, Train Acc: 88.21%, Val Loss: 0.3617, Val Acc: 86.04%
2026-02-08 05:48:18,120 - INFO - Epoch [96] Batch [0/35]                     Loss: -0.8722, Hard: 0.3202, Soft: -1.1924                     Acc: 87.50% LR: 0.000003                     Alpha: 0.5744425058364868                     Beta: -1.2666302919387817                     MemKD: 0.28943106532096863
2026-02-08 05:48:22,119 - INFO - Epoch [96] Batch [20/35]                     Loss: -1.1874, Hard: 0.1255, Soft: -1.3129                     Acc: 90.18% LR: 0.000003                     Alpha: 0.5744425058364868                     Beta: -1.2666993141174316                     MemKD: 0.28941670060157776
2026-02-08 05:48:50,083 - INFO - Epoch [96/100] Train Loss: -0.9352, Train Acc: 90.00%, Val Loss: 0.3814, Val Acc: 85.64%
2026-02-08 05:49:12,507 - INFO - Epoch [97] Batch [0/35]                     Loss: -1.0154, Hard: 0.1976, Soft: -1.2130                     Acc: 93.75% LR: 0.000002                     Alpha: 0.5744425058364868                     Beta: -1.2667518854141235                     MemKD: 0.2894057035446167
2026-02-08 05:49:16,543 - INFO - Epoch [97] Batch [20/35]                     Loss: -0.4856, Hard: 0.5218, Soft: -1.0074                     Acc: 87.50% LR: 0.000002                     Alpha: 0.5744425058364868                     Beta: -1.2667969465255737                     MemKD: 0.2893964350223541
2026-02-08 05:49:43,915 - INFO - Epoch [97/100] Train Loss: -0.8668, Train Acc: 87.32%, Val Loss: 0.3571, Val Acc: 86.04%
2026-02-08 05:50:05,131 - INFO - Epoch [98] Batch [0/35]                     Loss: -0.8611, Hard: 0.3235, Soft: -1.1847                     Acc: 87.50% LR: 0.000001                     Alpha: 0.5744425058364868                     Beta: -1.266829252243042                     MemKD: 0.28938961029052734
2026-02-08 05:50:09,168 - INFO - Epoch [98] Batch [20/35]                     Loss: -1.0749, Hard: 0.2279, Soft: -1.3029                     Acc: 89.29% LR: 0.000001                     Alpha: 0.5744425058364868                     Beta: -1.2668530941009521                     MemKD: 0.2893844544887543
2026-02-08 05:50:36,887 - INFO - Epoch [98/100] Train Loss: -0.8991, Train Acc: 88.75%, Val Loss: 0.3531, Val Acc: 86.84%
2026-02-08 05:50:57,768 - INFO - Epoch [99] Batch [0/35]                     Loss: -1.1440, Hard: 0.1425, Soft: -1.2865                     Acc: 100.00% LR: 0.000000                     Alpha: 0.5744425058364868                     Beta: -1.2668710947036743                     MemKD: 0.28938058018684387
2026-02-08 05:51:01,688 - INFO - Epoch [99] Batch [20/35]                     Loss: -1.1902, Hard: 0.1408, Soft: -1.3310                     Acc: 90.48% LR: 0.000000                     Alpha: 0.5744425058364868                     Beta: -1.2668830156326294                     MemKD: 0.28937840461730957
2026-02-08 05:51:28,792 - INFO - Epoch [99/100] Train Loss: -0.9082, Train Acc: 89.82%, Val Loss: 0.3657, Val Acc: 86.17%
2026-02-08 05:51:50,319 - INFO - Epoch [100] Batch [0/35]                     Loss: -0.8386, Hard: 0.3284, Soft: -1.1670                     Acc: 87.50% LR: 0.000000                     Alpha: 0.5744425058364868                     Beta: -1.2668919563293457                     MemKD: 0.28937673568725586
2026-02-08 05:51:54,272 - INFO - Epoch [100] Batch [20/35]                     Loss: -0.7093, Hard: 0.4056, Soft: -1.1149                     Acc: 86.01% LR: 0.000000                     Alpha: 0.5744425058364868                     Beta: -1.2668943405151367                     MemKD: 0.28937622904777527
2026-02-08 05:52:21,647 - INFO - Epoch [100/100] Train Loss: -0.8509, Train Acc: 86.43%, Val Loss: 0.3567, Val Acc: 86.04%
2026-02-08 05:52:21,695 - INFO - Checkpoint saved at epoch 100
2026-02-08 05:52:21,695 - INFO - ==================================================
2026-02-08 05:52:21,695 - INFO - Training finished! Best accuracy: 87.37%
2026-02-08 05:52:21,695 - INFO - ==================================================
