2026-02-07 19:13:02,749 - INFO - ==================================================
2026-02-07 19:13:02,749 - INFO - Distillation Training Configuration
2026-02-07 19:13:02,750 - INFO - ==================================================
2026-02-07 19:13:02,750 - INFO - GPUs: [4, 5, 6, 7]
2026-02-07 19:13:02,750 - INFO - World size: 4
2026-02-07 19:13:02,750 - INFO - Dataset: /media/hdd1/chuxiaohui/AI4Ocean_UATR/ShipsEar_622
2026-02-07 19:13:02,750 - INFO - Data type: wav_s@wav_t
2026-02-07 19:13:02,750 - INFO - Batch size: 16
2026-02-07 19:13:02,750 - INFO - Epochs: 100
2026-02-07 19:13:02,750 - INFO - Learning rate: 0.0005
2026-02-07 19:13:02,750 - INFO - Temperature: 2.0
2026-02-07 19:13:02,750 - INFO - Alpha: 0.3
2026-02-07 19:13:02,750 - INFO - Save dir: checkpoints/grid_shipsear/num_epochs100_weight_decay0.0001_batch_size16_lr0.0005_distill_typeMTSKD_Temp_freezeTrue_USE_DYNAMIC_DISTILL_WEIGHTTrue_p_encoder0.1_p_classifier0.2
2026-02-07 19:13:02,750 - INFO - ==================================================
2026-02-07 19:13:02,781 - INFO - Train dataset size: 2240
2026-02-07 19:13:02,781 - INFO - Validation dataset size: 749
2026-02-07 19:13:05,018 - INFO - Student params: 316,299 (0.32M)
2026-02-07 19:13:05,018 - INFO - Teacher params: 164,415,877 (164.42M)
2026-02-07 19:13:05,018 - INFO - Trainable params: 271,372 (0.27M)
2026-02-07 19:13:06,006 - INFO - Start training...
2026-02-07 19:13:06,007 - INFO - No checkpoint found, start from scratch
2026-02-07 19:13:29,718 - INFO - Epoch [1] Batch [0/35]                     Loss: 1.6834, Hard: 1.6834, Soft: 0.5423                     Acc: 12.50% LR: 0.000500                     Alpha: 0.5744425058364868                     Beta: 0.0                     MemKD: 0.5
2026-02-07 19:13:33,803 - INFO - Epoch [1] Batch [20/35]                     Loss: 1.4768, Hard: 1.4768, Soft: 0.3260                     Acc: 38.10% LR: 0.000500                     Alpha: 0.5744425058364868                     Beta: 0.0                     MemKD: 0.5
2026-02-07 19:14:03,519 - INFO - Epoch [1/100] Train Loss: 1.3954, Train Acc: 41.07%, Val Loss: 1.3858, Val Acc: 44.02%
2026-02-07 19:14:03,519 - INFO - Best model saved with accuracy: 44.02%
2026-02-07 19:14:27,608 - INFO - Epoch [2] Batch [0/35]                     Loss: 1.1521, Hard: 1.1521, Soft: 0.2526                     Acc: 43.75% LR: 0.000500                     Alpha: 0.5744425058364868                     Beta: 0.0                     MemKD: 0.5
2026-02-07 19:14:31,772 - INFO - Epoch [2] Batch [20/35]                     Loss: 1.3252, Hard: 1.3252, Soft: 0.2674                     Acc: 48.21% LR: 0.000500                     Alpha: 0.5744425058364868                     Beta: 0.0                     MemKD: 0.5
2026-02-07 19:15:01,597 - INFO - Epoch [2/100] Train Loss: 1.2479, Train Acc: 48.04%, Val Loss: 1.1467, Val Acc: 53.19%
2026-02-07 19:15:01,598 - INFO - Best model saved with accuracy: 53.19%
2026-02-07 19:15:25,374 - INFO - Epoch [3] Batch [0/35]                     Loss: 0.9251, Hard: 0.9251, Soft: 0.1943                     Acc: 62.50% LR: 0.000500                     Alpha: 0.5744425058364868                     Beta: 0.0                     MemKD: 0.5
2026-02-07 19:15:29,593 - INFO - Epoch [3] Batch [20/35]                     Loss: 1.1526, Hard: 1.1526, Soft: 0.2627                     Acc: 44.05% LR: 0.000500                     Alpha: 0.5744425058364868                     Beta: 0.0                     MemKD: 0.5
2026-02-07 19:15:59,810 - INFO - Epoch [3/100] Train Loss: 1.1845, Train Acc: 49.29%, Val Loss: 1.0506, Val Acc: 57.05%
2026-02-07 19:15:59,810 - INFO - Best model saved with accuracy: 57.05%
2026-02-07 19:16:23,199 - INFO - Epoch [4] Batch [0/35]                     Loss: 0.8889, Hard: 0.8889, Soft: 0.1655                     Acc: 62.50% LR: 0.000499                     Alpha: 0.5744425058364868                     Beta: 0.0                     MemKD: 0.5
2026-02-07 19:16:27,342 - INFO - Epoch [4] Batch [20/35]                     Loss: 1.2744, Hard: 1.2744, Soft: 0.2771                     Acc: 53.27% LR: 0.000499                     Alpha: 0.5744425058364868                     Beta: 0.0                     MemKD: 0.5
2026-02-07 19:16:56,575 - INFO - Epoch [4/100] Train Loss: 1.1331, Train Acc: 53.21%, Val Loss: 1.0186, Val Acc: 60.24%
2026-02-07 19:16:56,576 - INFO - Best model saved with accuracy: 60.24%
2026-02-07 19:17:19,261 - INFO - Epoch [5] Batch [0/35]                     Loss: 1.0486, Hard: 1.0486, Soft: 0.2411                     Acc: 56.25% LR: 0.000498                     Alpha: 0.5744425058364868                     Beta: 0.0                     MemKD: 0.5
2026-02-07 19:17:23,434 - INFO - Epoch [5] Batch [20/35]                     Loss: 1.1198, Hard: 1.1198, Soft: 0.1936                     Acc: 55.36% LR: 0.000498                     Alpha: 0.5744425058364868                     Beta: 0.0                     MemKD: 0.5
2026-02-07 19:17:52,385 - INFO - Epoch [5/100] Train Loss: 1.0556, Train Acc: 56.07%, Val Loss: 0.9455, Val Acc: 63.43%
2026-02-07 19:17:52,385 - INFO - Best model saved with accuracy: 63.43%
2026-02-07 19:18:15,947 - INFO - Epoch [6] Batch [0/35]                     Loss: 1.0618, Hard: 1.0618, Soft: 0.2403                     Acc: 50.00% LR: 0.000497                     Alpha: 0.5744425058364868                     Beta: 0.0                     MemKD: 0.5
2026-02-07 19:18:20,097 - INFO - Epoch [6] Batch [20/35]                     Loss: 1.3803, Hard: 1.3803, Soft: 0.2988                     Acc: 57.44% LR: 0.000497                     Alpha: 0.5744425058364868                     Beta: 0.0                     MemKD: 0.5
2026-02-07 19:18:48,509 - INFO - Epoch [6/100] Train Loss: 1.0083, Train Acc: 58.75%, Val Loss: 0.9368, Val Acc: 63.43%
2026-02-07 19:19:11,221 - INFO - Epoch [7] Batch [0/35]                     Loss: 1.0458, Hard: 1.0458, Soft: 0.2057                     Acc: 56.25% LR: 0.000496                     Alpha: 0.5744425058364868                     Beta: 0.0                     MemKD: 0.5
2026-02-07 19:19:15,374 - INFO - Epoch [7] Batch [20/35]                     Loss: 1.0233, Hard: 1.0233, Soft: 0.2025                     Acc: 63.39% LR: 0.000496                     Alpha: 0.5744425058364868                     Beta: 0.0                     MemKD: 0.5
2026-02-07 19:19:44,677 - INFO - Epoch [7/100] Train Loss: 0.9873, Train Acc: 61.61%, Val Loss: 0.9272, Val Acc: 63.16%
2026-02-07 19:20:07,770 - INFO - Epoch [8] Batch [0/35]                     Loss: 0.6295, Hard: 0.6295, Soft: 0.1507                     Acc: 87.50% LR: 0.000494                     Alpha: 0.5744425058364868                     Beta: 0.0                     MemKD: 0.5
2026-02-07 19:20:11,990 - INFO - Epoch [8] Batch [20/35]                     Loss: 0.7908, Hard: 0.7908, Soft: 0.1842                     Acc: 62.50% LR: 0.000494                     Alpha: 0.5744425058364868                     Beta: 0.0                     MemKD: 0.5
2026-02-07 19:20:41,243 - INFO - Epoch [8/100] Train Loss: 0.9893, Train Acc: 61.25%, Val Loss: 0.8713, Val Acc: 66.49%
2026-02-07 19:20:41,243 - INFO - Best model saved with accuracy: 66.49%
2026-02-07 19:21:04,079 - INFO - Epoch [9] Batch [0/35]                     Loss: 0.6713, Hard: 0.6713, Soft: 0.1328                     Acc: 81.25% LR: 0.000492                     Alpha: 0.5744425058364868                     Beta: 0.0                     MemKD: 0.5
2026-02-07 19:21:08,238 - INFO - Epoch [9] Batch [20/35]                     Loss: 1.3670, Hard: 1.3670, Soft: 0.2614                     Acc: 61.01% LR: 0.000492                     Alpha: 0.5744425058364868                     Beta: 0.0                     MemKD: 0.5
2026-02-07 19:21:37,852 - INFO - Epoch [9/100] Train Loss: 0.9299, Train Acc: 62.68%, Val Loss: 0.8158, Val Acc: 67.69%
2026-02-07 19:21:37,852 - INFO - Best model saved with accuracy: 67.69%
2026-02-07 19:22:00,228 - INFO - Epoch [10] Batch [0/35]                     Loss: 0.8286, Hard: 0.8286, Soft: 0.2235                     Acc: 68.75% LR: 0.000490                     Alpha: 0.5744425058364868                     Beta: 0.0                     MemKD: 0.5
2026-02-07 19:22:04,309 - INFO - Epoch [10] Batch [20/35]                     Loss: 1.0628, Hard: 1.0628, Soft: 0.2068                     Acc: 67.26% LR: 0.000490                     Alpha: 0.5744425058364868                     Beta: 0.0                     MemKD: 0.5
2026-02-07 19:22:33,366 - INFO - Epoch [10/100] Train Loss: 0.8802, Train Acc: 67.32%, Val Loss: 0.9186, Val Acc: 65.29%
2026-02-07 19:22:33,427 - INFO - Checkpoint saved at epoch 10
2026-02-07 19:22:57,156 - INFO - Epoch [11] Batch [0/35]                     Loss: 0.5480, Hard: 0.5480, Soft: 0.1294                     Acc: 87.50% LR: 0.000488                     Alpha: 0.5744425058364868                     Beta: 0.0                     MemKD: 0.5
2026-02-07 19:23:01,254 - INFO - Epoch [11] Batch [20/35]                     Loss: 1.1807, Hard: 1.1807, Soft: 0.2035                     Acc: 65.18% LR: 0.000488                     Alpha: 0.5744425058364868                     Beta: 0.0                     MemKD: 0.5
2026-02-07 19:23:30,724 - INFO - Epoch [11/100] Train Loss: 0.9258, Train Acc: 64.46%, Val Loss: 0.7702, Val Acc: 71.14%
2026-02-07 19:23:30,724 - INFO - Best model saved with accuracy: 71.14%
2026-02-07 19:23:53,214 - INFO - Epoch [12] Batch [0/35]                     Loss: 0.7251, Hard: 0.7251, Soft: 0.1623                     Acc: 62.50% LR: 0.000485                     Alpha: 0.5744425058364868                     Beta: 0.0                     MemKD: 0.5
2026-02-07 19:23:57,386 - INFO - Epoch [12] Batch [20/35]                     Loss: 0.9872, Hard: 0.9872, Soft: 0.2342                     Acc: 68.15% LR: 0.000485                     Alpha: 0.5744425058364868                     Beta: 0.0                     MemKD: 0.5
2026-02-07 19:24:26,972 - INFO - Epoch [12/100] Train Loss: 0.7903, Train Acc: 70.54%, Val Loss: 0.8094, Val Acc: 70.35%
2026-02-07 19:24:50,356 - INFO - Epoch [13] Batch [0/35]                     Loss: 1.4112, Hard: 1.4112, Soft: 0.2243                     Acc: 25.00% LR: 0.000482                     Alpha: 0.5744425058364868                     Beta: 0.0                     MemKD: 0.5
2026-02-07 19:24:54,494 - INFO - Epoch [13] Batch [20/35]                     Loss: 1.1655, Hard: 1.1655, Soft: 0.2457                     Acc: 63.39% LR: 0.000482                     Alpha: 0.5744425058364868                     Beta: 0.0                     MemKD: 0.5
2026-02-07 19:25:24,218 - INFO - Epoch [13/100] Train Loss: 0.8922, Train Acc: 65.18%, Val Loss: 0.7481, Val Acc: 69.81%
2026-02-07 19:25:47,315 - INFO - Epoch [14] Batch [0/35]                     Loss: 0.6012, Hard: 0.6012, Soft: 0.1057                     Acc: 75.00% LR: 0.000479                     Alpha: 0.5744425058364868                     Beta: 0.0                     MemKD: 0.5
2026-02-07 19:25:51,486 - INFO - Epoch [14] Batch [20/35]                     Loss: 0.5693, Hard: 0.5693, Soft: 0.1426                     Acc: 68.75% LR: 0.000479                     Alpha: 0.5744425058364868                     Beta: 0.0                     MemKD: 0.5
2026-02-07 19:26:21,411 - INFO - Epoch [14/100] Train Loss: 0.8081, Train Acc: 68.39%, Val Loss: 0.8574, Val Acc: 65.82%
2026-02-07 19:26:44,641 - INFO - Epoch [15] Batch [0/35]                     Loss: 0.9335, Hard: 0.9335, Soft: 0.1974                     Acc: 68.75% LR: 0.000476                     Alpha: 0.5744425058364868                     Beta: 0.0                     MemKD: 0.5
2026-02-07 19:26:48,805 - INFO - Epoch [15] Batch [20/35]                     Loss: 0.6402, Hard: 0.6402, Soft: 0.1523                     Acc: 70.83% LR: 0.000476                     Alpha: 0.5744425058364868                     Beta: 0.0                     MemKD: 0.5
2026-02-07 19:27:17,888 - INFO - Epoch [15/100] Train Loss: 0.7763, Train Acc: 71.25%, Val Loss: 0.6936, Val Acc: 74.07%
2026-02-07 19:27:17,888 - INFO - Best model saved with accuracy: 74.07%
2026-02-07 19:27:40,279 - INFO - Epoch [16] Batch [0/35]                     Loss: 0.7879, Hard: 0.7879, Soft: 0.1925                     Acc: 62.50% LR: 0.000473                     Alpha: 0.5744425058364868                     Beta: 0.0                     MemKD: 0.5
2026-02-07 19:27:44,432 - INFO - Epoch [16] Batch [20/35]                     Loss: 0.8337, Hard: 0.8337, Soft: 0.1558                     Acc: 69.35% LR: 0.000473                     Alpha: 0.5744425058364868                     Beta: 0.0                     MemKD: 0.5
2026-02-07 19:28:14,296 - INFO - Epoch [16/100] Train Loss: 0.7665, Train Acc: 71.61%, Val Loss: 0.7559, Val Acc: 67.29%
2026-02-07 19:28:36,069 - INFO - Epoch [17] Batch [0/35]                     Loss: 0.9284, Hard: 0.9284, Soft: 0.2211                     Acc: 68.75% LR: 0.000469                     Alpha: 0.5744425058364868                     Beta: 0.0                     MemKD: 0.5
2026-02-07 19:28:40,265 - INFO - Epoch [17] Batch [20/35]                     Loss: 0.6739, Hard: 0.6739, Soft: 0.1766                     Acc: 72.92% LR: 0.000469                     Alpha: 0.5744425058364868                     Beta: 0.0                     MemKD: 0.5
2026-02-07 19:29:08,880 - INFO - Epoch [17/100] Train Loss: 0.7381, Train Acc: 71.25%, Val Loss: 0.6479, Val Acc: 76.86%
2026-02-07 19:29:08,880 - INFO - Best model saved with accuracy: 76.86%
2026-02-07 19:29:31,993 - INFO - Epoch [18] Batch [0/35]                     Loss: 1.0568, Hard: 1.0568, Soft: 0.2496                     Acc: 62.50% LR: 0.000465                     Alpha: 0.5744425058364868                     Beta: 0.0                     MemKD: 0.5
2026-02-07 19:29:35,981 - INFO - Epoch [18] Batch [20/35]                     Loss: 0.6875, Hard: 0.6875, Soft: 0.1682                     Acc: 68.45% LR: 0.000465                     Alpha: 0.5744425058364868                     Beta: 0.0                     MemKD: 0.5
2026-02-07 19:30:04,774 - INFO - Epoch [18/100] Train Loss: 0.7452, Train Acc: 71.43%, Val Loss: 0.8121, Val Acc: 67.95%
2026-02-07 19:30:26,808 - INFO - Epoch [19] Batch [0/35]                     Loss: 0.5626, Hard: 0.5626, Soft: 0.1643                     Acc: 81.25% LR: 0.000461                     Alpha: 0.5744425058364868                     Beta: 0.0                     MemKD: 0.5
2026-02-07 19:30:30,858 - INFO - Epoch [19] Batch [20/35]                     Loss: 0.5406, Hard: 0.5406, Soft: 0.1668                     Acc: 76.19% LR: 0.000461                     Alpha: 0.5744425058364868                     Beta: 0.0                     MemKD: 0.5
2026-02-07 19:30:59,300 - INFO - Epoch [19/100] Train Loss: 0.7186, Train Acc: 73.39%, Val Loss: 0.6049, Val Acc: 77.79%
2026-02-07 19:30:59,300 - INFO - Best model saved with accuracy: 77.79%
2026-02-07 19:31:20,405 - INFO - Epoch [20] Batch [0/35]                     Loss: 0.6865, Hard: 0.6865, Soft: 0.1437                     Acc: 68.75% LR: 0.000457                     Alpha: 0.5744425058364868                     Beta: 0.0                     MemKD: 0.5
2026-02-07 19:31:24,167 - INFO - Epoch [20] Batch [20/35]                     Loss: 0.8567, Hard: 0.8567, Soft: 0.1617                     Acc: 77.68% LR: 0.000457                     Alpha: 0.5744425058364868                     Beta: 0.0                     MemKD: 0.5
2026-02-07 19:31:51,874 - INFO - Epoch [20/100] Train Loss: 0.7089, Train Acc: 74.46%, Val Loss: 0.6160, Val Acc: 77.26%
2026-02-07 19:31:51,921 - INFO - Checkpoint saved at epoch 20
2026-02-07 19:32:13,003 - INFO - Epoch [21] Batch [0/35]                     Loss: 0.5530, Hard: 0.5492, Soft: 0.1485                     Acc: 81.25% LR: 0.000452                     Alpha: 0.5744425058364868                     Beta: 0.0                     MemKD: 0.5
2026-02-07 19:32:17,117 - INFO - Epoch [21] Batch [20/35]                     Loss: 0.3310, Hard: 0.3284, Soft: 0.1051                     Acc: 78.87% LR: 0.000452                     Alpha: 0.5744425058364868                     Beta: -0.03810819610953331                     MemKD: 0.5050321817398071
2026-02-07 19:32:44,266 - INFO - Epoch [21/100] Train Loss: 0.6618, Train Acc: 76.96%, Val Loss: 0.5976, Val Acc: 79.26%
2026-02-07 19:32:44,266 - INFO - Best model saved with accuracy: 79.26%
2026-02-07 19:33:07,345 - INFO - Epoch [22] Batch [0/35]                     Loss: 1.1340, Hard: 1.1240, Soft: 0.1999                     Acc: 50.00% LR: 0.000448                     Alpha: 0.5744425058364868                     Beta: -0.06387435644865036                     MemKD: 0.5089612603187561
2026-02-07 19:33:11,374 - INFO - Epoch [22] Batch [20/35]                     Loss: 0.7814, Hard: 0.7757, Soft: 0.1139                     Acc: 76.19% LR: 0.000448                     Alpha: 0.5744425058364868                     Beta: -0.10063934326171875                     MemKD: 0.5121015310287476
2026-02-07 19:33:40,780 - INFO - Epoch [22/100] Train Loss: 0.6858, Train Acc: 75.18%, Val Loss: 0.6654, Val Acc: 74.07%
2026-02-07 19:34:03,278 - INFO - Epoch [23] Batch [0/35]                     Loss: 0.5745, Hard: 0.5673, Soft: 0.0966                     Acc: 75.00% LR: 0.000443                     Alpha: 0.5744425058364868                     Beta: -0.12502004206180573                     MemKD: 0.5136678814888
2026-02-07 19:34:07,347 - INFO - Epoch [23] Batch [20/35]                     Loss: 0.7288, Hard: 0.7199, Soft: 0.1195                     Acc: 74.40% LR: 0.000443                     Alpha: 0.5744425058364868                     Beta: -0.1569201946258545                     MemKD: 0.5139261484146118
2026-02-07 19:34:36,607 - INFO - Epoch [23/100] Train Loss: 0.6468, Train Acc: 76.07%, Val Loss: 0.7178, Val Acc: 71.01%
2026-02-07 19:34:59,667 - INFO - Epoch [24] Batch [0/35]                     Loss: 0.5641, Hard: 0.5559, Soft: 0.0824                     Acc: 75.00% LR: 0.000438                     Alpha: 0.5744425058364868                     Beta: -0.17840658128261566                     MemKD: 0.5118910074234009
2026-02-07 19:35:03,828 - INFO - Epoch [24] Batch [20/35]                     Loss: 0.1947, Hard: 0.1956, Soft: -0.0085                     Acc: 75.60% LR: 0.000438                     Alpha: 0.5744425058364868                     Beta: -0.20840677618980408                     MemKD: 0.507433295249939
2026-02-07 19:35:33,852 - INFO - Epoch [24/100] Train Loss: 0.6059, Train Acc: 74.82%, Val Loss: 0.7691, Val Acc: 69.28%
2026-02-07 19:35:57,279 - INFO - Epoch [25] Batch [0/35]                     Loss: 0.7925, Hard: 0.7796, Soft: 0.1033                     Acc: 68.75% LR: 0.000432                     Alpha: 0.5744425058364868                     Beta: -0.22988896071910858                     MemKD: 0.5033122301101685
2026-02-07 19:36:01,413 - INFO - Epoch [25] Batch [20/35]                     Loss: 0.3140, Hard: 0.3168, Soft: -0.0224                     Acc: 72.92% LR: 0.000432                     Alpha: 0.5744425058364868                     Beta: -0.25809478759765625                     MemKD: 0.4966338276863098
2026-02-07 19:36:30,597 - INFO - Epoch [25/100] Train Loss: 0.6186, Train Acc: 75.54%, Val Loss: 0.5466, Val Acc: 79.52%
2026-02-07 19:36:30,597 - INFO - Best model saved with accuracy: 79.52%
2026-02-07 19:36:53,498 - INFO - Epoch [26] Batch [0/35]                     Loss: 0.4343, Hard: 0.4337, Soft: 0.0039                     Acc: 75.00% LR: 0.000427                     Alpha: 0.5744425058364868                     Beta: -0.27829989790916443                     MemKD: 0.49110570549964905
2026-02-07 19:36:57,618 - INFO - Epoch [26] Batch [20/35]                     Loss: 0.9312, Hard: 0.9213, Soft: 0.0656                     Acc: 77.68% LR: 0.000427                     Alpha: 0.5744425058364868                     Beta: -0.30474716424942017                     MemKD: 0.4836953282356262
2026-02-07 19:37:27,244 - INFO - Epoch [26/100] Train Loss: 0.5919, Train Acc: 77.50%, Val Loss: 0.5775, Val Acc: 78.86%
2026-02-07 19:37:50,184 - INFO - Epoch [27] Batch [0/35]                     Loss: 0.3889, Hard: 0.3960, Soft: -0.0409                     Acc: 87.50% LR: 0.000421                     Alpha: 0.5744425058364868                     Beta: -0.3233923017978668                     MemKD: 0.47870150208473206
2026-02-07 19:37:54,367 - INFO - Epoch [27] Batch [20/35]                     Loss: 0.3243, Hard: 0.3412, Soft: -0.0967                     Acc: 78.57% LR: 0.000421                     Alpha: 0.5744425058364868                     Beta: -0.34809982776641846                     MemKD: 0.4720158874988556
2026-02-07 19:38:24,493 - INFO - Epoch [27/100] Train Loss: 0.6241, Train Acc: 77.14%, Val Loss: 0.7146, Val Acc: 73.01%
2026-02-07 19:38:47,232 - INFO - Epoch [28] Batch [0/35]                     Loss: 1.1023, Hard: 1.0747, Soft: 0.1382                     Acc: 62.50% LR: 0.000415                     Alpha: 0.5744425058364868                     Beta: -0.36568793654441833                     MemKD: 0.4673231840133667
2026-02-07 19:38:51,379 - INFO - Epoch [28] Batch [20/35]                     Loss: 0.3817, Hard: 0.3902, Soft: -0.0425                     Acc: 76.19% LR: 0.000415                     Alpha: 0.5744425058364868                     Beta: -0.3876612186431885                     MemKD: 0.4621853232383728
2026-02-07 19:39:20,864 - INFO - Epoch [28/100] Train Loss: 0.6287, Train Acc: 75.71%, Val Loss: 0.7181, Val Acc: 72.61%
2026-02-07 19:39:43,850 - INFO - Epoch [29] Batch [0/35]                     Loss: 0.6328, Hard: 0.6459, Soft: -0.0585                     Acc: 75.00% LR: 0.000409                     Alpha: 0.5744425058364868                     Beta: -0.40482547879219055                     MemKD: 0.4574326276779175
2026-02-07 19:39:48,005 - INFO - Epoch [29] Batch [20/35]                     Loss: 0.7418, Hard: 0.7471, Soft: -0.0235                     Acc: 76.19% LR: 0.000409                     Alpha: 0.5744425058364868                     Beta: -0.4280168116092682                     MemKD: 0.45088958740234375
2026-02-07 19:40:17,621 - INFO - Epoch [29/100] Train Loss: 0.5451, Train Acc: 78.04%, Val Loss: 0.6503, Val Acc: 73.54%
2026-02-07 19:40:40,322 - INFO - Epoch [30] Batch [0/35]                     Loss: 0.8368, Hard: 0.8422, Soft: -0.0215                     Acc: 56.25% LR: 0.000403                     Alpha: 0.5744425058364868                     Beta: -0.44563642144203186                     MemKD: 0.4457758963108063
2026-02-07 19:40:44,458 - INFO - Epoch [30] Batch [20/35]                     Loss: 0.7153, Hard: 0.7259, Soft: -0.0423                     Acc: 79.17% LR: 0.000403                     Alpha: 0.5744425058364868                     Beta: -0.468881219625473                     MemKD: 0.43903085589408875
2026-02-07 19:41:13,606 - INFO - Epoch [30/100] Train Loss: 0.5531, Train Acc: 78.21%, Val Loss: 0.7309, Val Acc: 73.01%
2026-02-07 19:41:13,665 - INFO - Checkpoint saved at epoch 30
2026-02-07 19:41:36,448 - INFO - Epoch [31] Batch [0/35]                     Loss: 0.6919, Hard: 0.7188, Soft: -0.0979                     Acc: 75.00% LR: 0.000397                     Alpha: 0.5744425058364868                     Beta: -0.485679030418396                     MemKD: 0.4344097077846527
2026-02-07 19:41:40,590 - INFO - Epoch [31] Batch [20/35]                     Loss: 0.3559, Hard: 0.4084, Soft: -0.1910                     Acc: 78.87% LR: 0.000397                     Alpha: 0.5744425058364868                     Beta: -0.5074549317359924                     MemKD: 0.42858558893203735
2026-02-07 19:42:10,108 - INFO - Epoch [31/100] Train Loss: 0.5336, Train Acc: 77.86%, Val Loss: 0.6045, Val Acc: 77.13%
2026-02-07 19:42:33,562 - INFO - Epoch [32] Batch [0/35]                     Loss: 0.3820, Hard: 0.4379, Soft: -0.1865                     Acc: 87.50% LR: 0.000391                     Alpha: 0.5744425058364868                     Beta: -0.5236886143684387                     MemKD: 0.424204021692276
2026-02-07 19:42:37,718 - INFO - Epoch [32] Batch [20/35]                     Loss: 0.4914, Hard: 0.5617, Soft: -0.2344                     Acc: 80.65% LR: 0.000391                     Alpha: 0.5744425058364868                     Beta: -0.5452048182487488                     MemKD: 0.4183008074760437
2026-02-07 19:43:07,648 - INFO - Epoch [32/100] Train Loss: 0.4489, Train Acc: 81.25%, Val Loss: 0.7231, Val Acc: 72.07%
2026-02-07 19:43:29,948 - INFO - Epoch [33] Batch [0/35]                     Loss: 0.2561, Hard: 0.3511, Soft: -0.2924                     Acc: 93.75% LR: 0.000384                     Alpha: 0.5744425058364868                     Beta: -0.5609680414199829                     MemKD: 0.41398051381111145
2026-02-07 19:43:34,055 - INFO - Epoch [33] Batch [20/35]                     Loss: 0.6662, Hard: 0.7330, Soft: -0.2056                     Acc: 78.27% LR: 0.000384                     Alpha: 0.5744425058364868                     Beta: -0.5810366272926331                     MemKD: 0.40859371423721313
2026-02-07 19:44:03,168 - INFO - Epoch [33/100] Train Loss: 0.5012, Train Acc: 78.93%, Val Loss: 0.6064, Val Acc: 77.66%
2026-02-07 19:44:25,990 - INFO - Epoch [34] Batch [0/35]                     Loss: 0.5021, Hard: 0.6077, Soft: -0.3018                     Acc: 81.25% LR: 0.000377                     Alpha: 0.5744425058364868                     Beta: -0.5951730608940125                     MemKD: 0.40495678782463074
2026-02-07 19:44:30,370 - INFO - Epoch [34] Batch [20/35]                     Loss: 0.5123, Hard: 0.6124, Soft: -0.2860                     Acc: 79.17% LR: 0.000377                     Alpha: 0.5744425058364868                     Beta: -0.6144237518310547                     MemKD: 0.39977696537971497
2026-02-07 19:44:59,483 - INFO - Epoch [34/100] Train Loss: 0.4708, Train Acc: 78.57%, Val Loss: 0.7387, Val Acc: 72.34%
2026-02-07 19:45:21,148 - INFO - Epoch [35] Batch [0/35]                     Loss: 0.9040, Hard: 0.9427, Soft: -0.1031                     Acc: 56.25% LR: 0.000370                     Alpha: 0.5744425058364868                     Beta: -0.6280052065849304                     MemKD: 0.3963285982608795
2026-02-07 19:45:25,243 - INFO - Epoch [35] Batch [20/35]                     Loss: 0.2640, Hard: 0.3904, Soft: -0.3371                     Acc: 76.49% LR: 0.000370                     Alpha: 0.5744425058364868                     Beta: -0.6457380652427673                     MemKD: 0.3917737305164337
2026-02-07 19:45:53,968 - INFO - Epoch [35/100] Train Loss: 0.4547, Train Acc: 76.79%, Val Loss: 0.9036, Val Acc: 68.35%
2026-02-07 19:46:16,542 - INFO - Epoch [36] Batch [0/35]                     Loss: 0.3155, Hard: 0.4700, Soft: -0.3863                     Acc: 81.25% LR: 0.000363                     Alpha: 0.5744425058364868                     Beta: -0.6589862704277039                     MemKD: 0.38831645250320435
2026-02-07 19:46:20,640 - INFO - Epoch [36] Batch [20/35]                     Loss: 0.6309, Hard: 0.7447, Soft: -0.2844                     Acc: 80.36% LR: 0.000363                     Alpha: 0.5744425058364868                     Beta: -0.6766836643218994                     MemKD: 0.38367462158203125
2026-02-07 19:46:51,110 - INFO - Epoch [36/100] Train Loss: 0.3380, Train Acc: 80.89%, Val Loss: 0.5819, Val Acc: 77.26%
2026-02-07 19:47:12,249 - INFO - Epoch [37] Batch [0/35]                     Loss: 0.1817, Hard: 0.3978, Soft: -0.5084                     Acc: 81.25% LR: 0.000356                     Alpha: 0.5744425058364868                     Beta: -0.6895022988319397                     MemKD: 0.38036879897117615
2026-02-07 19:47:16,188 - INFO - Epoch [37] Batch [20/35]                     Loss: 0.4673, Hard: 0.6424, Soft: -0.4119                     Acc: 81.85% LR: 0.000356                     Alpha: 0.5744425058364868                     Beta: -0.7066271305084229                     MemKD: 0.3758937418460846
2026-02-07 19:47:44,847 - INFO - Epoch [37/100] Train Loss: 0.2729, Train Acc: 82.50%, Val Loss: 0.5549, Val Acc: 79.26%
2026-02-07 19:48:07,300 - INFO - Epoch [38] Batch [0/35]                     Loss: 0.0744, Hard: 0.2870, Soft: -0.4725                     Acc: 87.50% LR: 0.000349                     Alpha: 0.5744425058364868                     Beta: -0.7190585136413574                     MemKD: 0.3726557195186615
2026-02-07 19:48:11,427 - INFO - Epoch [38] Batch [20/35]                     Loss: 0.6071, Hard: 0.7144, Soft: -0.2384                     Acc: 84.52% LR: 0.000349                     Alpha: 0.5744425058364868                     Beta: -0.7349756360054016                     MemKD: 0.36858993768692017
2026-02-07 19:48:40,877 - INFO - Epoch [38/100] Train Loss: 0.2792, Train Acc: 81.96%, Val Loss: 0.5444, Val Acc: 79.65%
2026-02-07 19:48:40,877 - INFO - Best model saved with accuracy: 79.65%
2026-02-07 19:49:03,431 - INFO - Epoch [39] Batch [0/35]                     Loss: 0.3333, Hard: 0.5327, Soft: -0.4197                     Acc: 87.50% LR: 0.000342                     Alpha: 0.5744425058364868                     Beta: -0.7462684512138367                     MemKD: 0.3657885491847992
2026-02-07 19:49:07,593 - INFO - Epoch [39] Batch [20/35]                     Loss: 0.0205, Hard: 0.2913, Soft: -0.5700                     Acc: 82.44% LR: 0.000342                     Alpha: 0.5744425058364868                     Beta: -0.7612291574478149                     MemKD: 0.3620412051677704
2026-02-07 19:49:37,677 - INFO - Epoch [39/100] Train Loss: 0.2073, Train Acc: 83.39%, Val Loss: 0.5801, Val Acc: 79.92%
2026-02-07 19:49:37,678 - INFO - Best model saved with accuracy: 79.92%
2026-02-07 19:50:01,556 - INFO - Epoch [40] Batch [0/35]                     Loss: 0.1955, Hard: 0.4508, Soft: -0.5106                     Acc: 81.25% LR: 0.000335                     Alpha: 0.5744425058364868                     Beta: -0.7724642753601074                     MemKD: 0.359199583530426
2026-02-07 19:50:05,784 - INFO - Epoch [40] Batch [20/35]                     Loss: -0.0262, Hard: 0.2907, Soft: -0.6338                     Acc: 80.65% LR: 0.000335                     Alpha: 0.5744425058364868                     Beta: -0.786767303943634                     MemKD: 0.3556423783302307
2026-02-07 19:50:35,840 - INFO - Epoch [40/100] Train Loss: 0.2470, Train Acc: 79.64%, Val Loss: 0.5366, Val Acc: 80.05%
2026-02-07 19:50:35,840 - INFO - Best model saved with accuracy: 80.05%
2026-02-07 19:50:35,887 - INFO - Checkpoint saved at epoch 40
2026-02-07 19:50:59,145 - INFO - Epoch [41] Batch [0/35]                     Loss: -0.1111, Hard: 0.2240, Soft: -0.6382                     Acc: 93.75% LR: 0.000327                     Alpha: 0.5744425058364868                     Beta: -0.7972409725189209                     MemKD: 0.3530787229537964
2026-02-07 19:51:03,321 - INFO - Epoch [41] Batch [20/35]                     Loss: 0.0443, Hard: 0.3155, Soft: -0.5167                     Acc: 82.44% LR: 0.000327                     Alpha: 0.5744425058364868                     Beta: -0.8110184669494629                     MemKD: 0.34970560669898987
2026-02-07 19:51:33,310 - INFO - Epoch [41/100] Train Loss: 0.1303, Train Acc: 83.21%, Val Loss: 0.5112, Val Acc: 81.91%
2026-02-07 19:51:33,310 - INFO - Best model saved with accuracy: 81.91%
2026-02-07 19:51:57,643 - INFO - Epoch [42] Batch [0/35]                     Loss: 0.0398, Hard: 0.3768, Soft: -0.6128                     Acc: 75.00% LR: 0.000320                     Alpha: 0.5744425058364868                     Beta: -0.821322500705719                     MemKD: 0.347164511680603
2026-02-07 19:52:01,779 - INFO - Epoch [42] Batch [20/35]                     Loss: 0.6141, Hard: 0.8404, Soft: -0.4113                     Acc: 86.31% LR: 0.000320                     Alpha: 0.5744425058364868                     Beta: -0.834841787815094                     MemKD: 0.3438479006290436
2026-02-07 19:52:31,175 - INFO - Epoch [42/100] Train Loss: 0.0509, Train Acc: 86.43%, Val Loss: 0.4945, Val Acc: 82.31%
2026-02-07 19:52:31,176 - INFO - Best model saved with accuracy: 82.31%
2026-02-07 19:52:53,558 - INFO - Epoch [43] Batch [0/35]                     Loss: 0.2430, Hard: 0.6123, Soft: -0.6422                     Acc: 87.50% LR: 0.000312                     Alpha: 0.5744425058364868                     Beta: -0.8448096513748169                     MemKD: 0.34141260385513306
2026-02-07 19:52:57,718 - INFO - Epoch [43] Batch [20/35]                     Loss: 0.4480, Hard: 0.6736, Soft: -0.3922                     Acc: 83.33% LR: 0.000312                     Alpha: 0.5744425058364868                     Beta: -0.857630729675293                     MemKD: 0.33832159638404846
2026-02-07 19:53:26,991 - INFO - Epoch [43/100] Train Loss: 0.0765, Train Acc: 83.04%, Val Loss: 0.6271, Val Acc: 74.87%
2026-02-07 19:53:49,733 - INFO - Epoch [44] Batch [0/35]                     Loss: -0.1037, Hard: 0.3200, Soft: -0.7062                     Acc: 87.50% LR: 0.000305                     Alpha: 0.5744425058364868                     Beta: -0.8669766783714294                     MemKD: 0.33610084652900696
2026-02-07 19:53:53,821 - INFO - Epoch [44] Batch [20/35]                     Loss: -0.0303, Hard: 0.3820, Soft: -0.6872                     Acc: 83.63% LR: 0.000305                     Alpha: 0.5744425058364868                     Beta: -0.8791937828063965                     MemKD: 0.3331987261772156
2026-02-07 19:54:22,772 - INFO - Epoch [44/100] Train Loss: 0.0649, Train Acc: 83.21%, Val Loss: 0.5180, Val Acc: 80.98%
2026-02-07 19:54:45,649 - INFO - Epoch [45] Batch [0/35]                     Loss: -0.0586, Hard: 0.3736, Soft: -0.6915                     Acc: 87.50% LR: 0.000297                     Alpha: 0.5744425058364868                     Beta: -0.8880980610847473                     MemKD: 0.3311210572719574
2026-02-07 19:54:49,832 - INFO - Epoch [45] Batch [20/35]                     Loss: 0.1490, Hard: 0.5471, Soft: -0.6369                     Acc: 84.52% LR: 0.000297                     Alpha: 0.5744425058364868                     Beta: -0.9000361561775208                     MemKD: 0.3282780051231384
2026-02-07 19:55:18,509 - INFO - Epoch [45/100] Train Loss: -0.0256, Train Acc: 84.11%, Val Loss: 0.5248, Val Acc: 80.32%
2026-02-07 19:55:41,317 - INFO - Epoch [46] Batch [0/35]                     Loss: 0.2148, Hard: 0.6360, Soft: -0.6480                     Acc: 75.00% LR: 0.000289                     Alpha: 0.5744425058364868                     Beta: -0.9086373448371887                     MemKD: 0.3262706398963928
2026-02-07 19:55:45,488 - INFO - Epoch [46] Batch [20/35]                     Loss: -0.1594, Hard: 0.3380, Soft: -0.7652                     Acc: 85.12% LR: 0.000289                     Alpha: 0.5744425058364868                     Beta: -0.9198464751243591                     MemKD: 0.32366567850112915
2026-02-07 19:56:14,079 - INFO - Epoch [46/100] Train Loss: -0.0719, Train Acc: 85.54%, Val Loss: 0.4729, Val Acc: 81.78%
2026-02-07 19:56:37,418 - INFO - Epoch [47] Batch [0/35]                     Loss: -0.1447, Hard: 0.3812, Soft: -0.7791                     Acc: 87.50% LR: 0.000281                     Alpha: 0.5744425058364868                     Beta: -0.9283996820449829                     MemKD: 0.32165467739105225
2026-02-07 19:56:41,469 - INFO - Epoch [47] Batch [20/35]                     Loss: 0.4167, Hard: 0.8068, Soft: -0.5779                     Acc: 84.52% LR: 0.000281                     Alpha: 0.5744425058364868                     Beta: -0.9391629099845886                     MemKD: 0.31916460394859314
2026-02-07 19:57:10,491 - INFO - Epoch [47/100] Train Loss: -0.1410, Train Acc: 86.43%, Val Loss: 0.5857, Val Acc: 78.59%
2026-02-07 19:57:33,469 - INFO - Epoch [48] Batch [0/35]                     Loss: 0.2605, Hard: 0.6768, Soft: -0.5948                     Acc: 81.25% LR: 0.000274                     Alpha: 0.5744425058364868                     Beta: -0.9474058151245117                     MemKD: 0.31724703311920166
2026-02-07 19:57:37,571 - INFO - Epoch [48] Batch [20/35]                     Loss: -0.5725, Hard: 0.0881, Soft: -0.9437                     Acc: 86.01% LR: 0.000274                     Alpha: 0.5744425058364868                     Beta: -0.9578181505203247                     MemKD: 0.3148612380027771
2026-02-07 19:58:06,253 - INFO - Epoch [48/100] Train Loss: -0.1458, Train Acc: 85.00%, Val Loss: 0.4836, Val Acc: 81.91%
2026-02-07 19:58:28,696 - INFO - Epoch [49] Batch [0/35]                     Loss: -0.1251, Hard: 0.3858, Soft: -0.7047                     Acc: 81.25% LR: 0.000266                     Alpha: 0.5744425058364868                     Beta: -0.9655172228813171                     MemKD: 0.3131115138530731
2026-02-07 19:58:32,830 - INFO - Epoch [49] Batch [20/35]                     Loss: 0.0285, Hard: 0.5373, Soft: -0.7017                     Acc: 82.44% LR: 0.000266                     Alpha: 0.5744425058364868                     Beta: -0.9753788709640503                     MemKD: 0.31089070439338684
2026-02-07 19:59:02,220 - INFO - Epoch [49/100] Train Loss: -0.1563, Train Acc: 84.11%, Val Loss: 0.5086, Val Acc: 81.25%
2026-02-07 19:59:24,944 - INFO - Epoch [50] Batch [0/35]                     Loss: -0.2663, Hard: 0.3876, Soft: -0.8719                     Acc: 87.50% LR: 0.000258                     Alpha: 0.5744425058364868                     Beta: -0.9826194047927856                     MemKD: 0.3092760741710663
2026-02-07 19:59:29,067 - INFO - Epoch [50] Batch [20/35]                     Loss: -0.3699, Hard: 0.2941, Soft: -0.8853                     Acc: 87.50% LR: 0.000258                     Alpha: 0.5744425058364868                     Beta: -0.9922046065330505                     MemKD: 0.3071255683898926
2026-02-07 19:59:58,374 - INFO - Epoch [50/100] Train Loss: -0.2562, Train Acc: 86.79%, Val Loss: 0.4886, Val Acc: 81.91%
2026-02-07 19:59:58,433 - INFO - Checkpoint saved at epoch 50
2026-02-07 20:00:20,520 - INFO - Epoch [51] Batch [0/35]                     Loss: -0.4824, Hard: 0.2255, Soft: -0.9134                     Acc: 93.75% LR: 0.000250                     Alpha: 0.5744425058364868                     Beta: -0.9994338154792786                     MemKD: 0.305500864982605
2026-02-07 20:00:24,557 - INFO - Epoch [51] Batch [20/35]                     Loss: -0.4210, Hard: 0.2703, Soft: -0.8920                     Acc: 86.01% LR: 0.000250                     Alpha: 0.5744425058364868                     Beta: -1.008697509765625                     MemKD: 0.30344152450561523
2026-02-07 20:00:52,725 - INFO - Epoch [51/100] Train Loss: -0.3415, Train Acc: 87.50%, Val Loss: 0.5683, Val Acc: 79.12%
2026-02-07 20:01:14,934 - INFO - Epoch [52] Batch [0/35]                     Loss: -0.3309, Hard: 0.3124, Soft: -0.8042                     Acc: 87.50% LR: 0.000242                     Alpha: 0.5744425058364868                     Beta: -1.0155891180038452                     MemKD: 0.3019130527973175
2026-02-07 20:01:18,896 - INFO - Epoch [52] Batch [20/35]                     Loss: -0.4724, Hard: 0.2646, Soft: -0.9212                     Acc: 85.12% LR: 0.000242                     Alpha: 0.5744425058364868                     Beta: -1.0243806838989258                     MemKD: 0.29998400807380676
2026-02-07 20:01:44,707 - INFO - Epoch [52/100] Train Loss: -0.3191, Train Acc: 85.71%, Val Loss: 0.5489, Val Acc: 80.45%
2026-02-07 20:02:05,599 - INFO - Epoch [53] Batch [0/35]                     Loss: -0.5763, Hard: 0.2236, Soft: -0.9695                     Acc: 93.75% LR: 0.000234                     Alpha: 0.5744425058364868                     Beta: -1.030917763710022                     MemKD: 0.29854974150657654
2026-02-07 20:02:09,471 - INFO - Epoch [53] Batch [20/35]                     Loss: -0.5599, Hard: 0.2339, Soft: -0.9622                     Acc: 89.88% LR: 0.000234                     Alpha: 0.5744425058364868                     Beta: -1.0395005941390991                     MemKD: 0.296660840511322
2026-02-07 20:02:38,983 - INFO - Epoch [53/100] Train Loss: -0.4694, Train Acc: 89.29%, Val Loss: 0.5110, Val Acc: 79.65%
2026-02-07 20:03:01,641 - INFO - Epoch [54] Batch [0/35]                     Loss: -0.2626, Hard: 0.4673, Soft: -0.8586                     Acc: 87.50% LR: 0.000226                     Alpha: 0.5744425058364868                     Beta: -1.0458775758743286                     MemKD: 0.29526591300964355
2026-02-07 20:03:05,744 - INFO - Epoch [54] Batch [20/35]                     Loss: -0.5538, Hard: 0.2826, Soft: -0.9839                     Acc: 87.80% LR: 0.000226                     Alpha: 0.5744425058364868                     Beta: -1.0540187358856201                     MemKD: 0.2934946119785309
2026-02-07 20:03:34,929 - INFO - Epoch [54/100] Train Loss: -0.4504, Train Acc: 88.21%, Val Loss: 0.4986, Val Acc: 82.45%
2026-02-07 20:03:34,929 - INFO - Best model saved with accuracy: 82.45%
2026-02-07 20:03:57,883 - INFO - Epoch [55] Batch [0/35]                     Loss: -0.4965, Hard: 0.3286, Soft: -0.9429                     Acc: 87.50% LR: 0.000219                     Alpha: 0.5744425058364868                     Beta: -1.0600166320800781                     MemKD: 0.2921939194202423
2026-02-07 20:04:01,992 - INFO - Epoch [55] Batch [20/35]                     Loss: -0.4735, Hard: 0.3463, Soft: -0.9369                     Acc: 87.80% LR: 0.000219                     Alpha: 0.5744425058364868                     Beta: -1.0677900314331055                     MemKD: 0.2905154228210449
2026-02-07 20:04:32,031 - INFO - Epoch [55/100] Train Loss: -0.4711, Train Acc: 85.36%, Val Loss: 0.5356, Val Acc: 80.45%
2026-02-07 20:04:55,340 - INFO - Epoch [56] Batch [0/35]                     Loss: -0.4626, Hard: 0.3699, Soft: -0.9250                     Acc: 93.75% LR: 0.000211                     Alpha: 0.5744425058364868                     Beta: -1.0735211372375488                     MemKD: 0.2892944812774658
2026-02-07 20:04:59,477 - INFO - Epoch [56] Batch [20/35]                     Loss: -0.6809, Hard: 0.2413, Soft: -1.0247                     Acc: 86.31% LR: 0.000211                     Alpha: 0.5744425058364868                     Beta: -1.0807709693908691                     MemKD: 0.2877591848373413
2026-02-07 20:05:28,885 - INFO - Epoch [56/100] Train Loss: -0.5010, Train Acc: 86.43%, Val Loss: 0.4753, Val Acc: 81.65%
2026-02-07 20:05:50,253 - INFO - Epoch [57] Batch [0/35]                     Loss: -0.0837, Hard: 0.7447, Soft: -0.8956                     Acc: 75.00% LR: 0.000203                     Alpha: 0.5744425058364868                     Beta: -1.0861895084381104                     MemKD: 0.28661394119262695
2026-02-07 20:05:54,246 - INFO - Epoch [57] Batch [20/35]                     Loss: -0.8288, Hard: 0.1720, Soft: -1.0819                     Acc: 87.80% LR: 0.000203                     Alpha: 0.5744425058364868                     Beta: -1.093222975730896                     MemKD: 0.28512832522392273
2026-02-07 20:06:23,460 - INFO - Epoch [57/100] Train Loss: -0.6082, Train Acc: 88.39%, Val Loss: 0.5102, Val Acc: 80.45%
2026-02-07 20:06:46,277 - INFO - Epoch [58] Batch [0/35]                     Loss: -0.7885, Hard: 0.2273, Soft: -1.0693                     Acc: 93.75% LR: 0.000195                     Alpha: 0.5744425058364868                     Beta: -1.0985369682312012                     MemKD: 0.2840052843093872
2026-02-07 20:06:50,353 - INFO - Epoch [58] Batch [20/35]                     Loss: -0.7635, Hard: 0.2981, Soft: -1.1175                     Acc: 90.48% LR: 0.000195                     Alpha: 0.5744425058364868                     Beta: -1.1052989959716797                     MemKD: 0.28258252143859863
2026-02-07 20:07:19,737 - INFO - Epoch [58/100] Train Loss: -0.6021, Train Acc: 87.86%, Val Loss: 0.4354, Val Acc: 84.18%
2026-02-07 20:07:19,737 - INFO - Best model saved with accuracy: 84.18%
2026-02-07 20:07:42,869 - INFO - Epoch [59] Batch [0/35]                     Loss: -0.9829, Hard: 0.1477, Soft: -1.1597                     Acc: 100.00% LR: 0.000188                     Alpha: 0.5744425058364868                     Beta: -1.1102286577224731                     MemKD: 0.28155550360679626
2026-02-07 20:07:46,990 - INFO - Epoch [59] Batch [20/35]                     Loss: -0.8808, Hard: 0.2191, Soft: -1.1281                     Acc: 90.77% LR: 0.000188                     Alpha: 0.5744425058364868                     Beta: -1.1166377067565918                     MemKD: 0.28021812438964844
2026-02-07 20:08:17,087 - INFO - Epoch [59/100] Train Loss: -0.7728, Train Acc: 89.82%, Val Loss: 0.4550, Val Acc: 83.11%
2026-02-07 20:08:40,464 - INFO - Epoch [60] Batch [0/35]                     Loss: -0.8914, Hard: 0.2269, Soft: -1.1184                     Acc: 87.50% LR: 0.000180                     Alpha: 0.5744425058364868                     Beta: -1.1215012073516846                     MemKD: 0.27919936180114746
2026-02-07 20:08:44,592 - INFO - Epoch [60] Batch [20/35]                     Loss: -0.8970, Hard: 0.2045, Soft: -1.1016                     Acc: 88.10% LR: 0.000180                     Alpha: 0.5744425058364868                     Beta: -1.1275486946105957                     MemKD: 0.27795663475990295
2026-02-07 20:09:14,638 - INFO - Epoch [60/100] Train Loss: -0.6819, Train Acc: 88.04%, Val Loss: 0.3965, Val Acc: 85.11%
2026-02-07 20:09:14,639 - INFO - Best model saved with accuracy: 85.11%
2026-02-07 20:09:14,707 - INFO - Checkpoint saved at epoch 60
2026-02-07 20:09:36,619 - INFO - Epoch [61] Batch [0/35]                     Loss: -0.6133, Hard: 0.4103, Soft: -1.0235                     Acc: 87.50% LR: 0.000173                     Alpha: 0.5744425058364868                     Beta: -1.1320604085922241                     MemKD: 0.2770283818244934
2026-02-07 20:09:40,747 - INFO - Epoch [61] Batch [20/35]                     Loss: -0.5180, Hard: 0.4906, Soft: -1.0086                     Acc: 86.01% LR: 0.000173                     Alpha: 0.5744425058364868                     Beta: -1.137711524963379                     MemKD: 0.2758707106113434
2026-02-07 20:10:07,411 - INFO - Epoch [61/100] Train Loss: -0.6818, Train Acc: 86.61%, Val Loss: 0.4352, Val Acc: 84.31%
2026-02-07 20:10:29,128 - INFO - Epoch [62] Batch [0/35]                     Loss: -0.8934, Hard: 0.2683, Soft: -1.1618                     Acc: 87.50% LR: 0.000165                     Alpha: 0.5744425058364868                     Beta: -1.1418112516403198                     MemKD: 0.27503857016563416
2026-02-07 20:10:33,250 - INFO - Epoch [62] Batch [20/35]                     Loss: -0.7113, Hard: 0.3748, Soft: -1.0861                     Acc: 88.69% LR: 0.000165                     Alpha: 0.5744425058364868                     Beta: -1.147134780883789                     MemKD: 0.2739509344100952
2026-02-07 20:11:00,953 - INFO - Epoch [62/100] Train Loss: -0.7768, Train Acc: 89.11%, Val Loss: 0.4273, Val Acc: 84.18%
2026-02-07 20:11:22,341 - INFO - Epoch [63] Batch [0/35]                     Loss: -1.1255, Hard: 0.1066, Soft: -1.2320                     Acc: 100.00% LR: 0.000158                     Alpha: 0.5744425058364868                     Beta: -1.1510592699050903                     MemKD: 0.2731480598449707
2026-02-07 20:11:26,456 - INFO - Epoch [63] Batch [20/35]                     Loss: -1.0988, Hard: 0.1009, Soft: -1.1997                     Acc: 91.07% LR: 0.000158                     Alpha: 0.5744425058364868                     Beta: -1.1560238599777222                     MemKD: 0.27212727069854736
2026-02-07 20:11:55,961 - INFO - Epoch [63/100] Train Loss: -0.8425, Train Acc: 90.36%, Val Loss: 0.4231, Val Acc: 84.31%
2026-02-07 20:12:18,378 - INFO - Epoch [64] Batch [0/35]                     Loss: -0.8536, Hard: 0.2729, Soft: -1.1265                     Acc: 93.75% LR: 0.000151                     Alpha: 0.5744425058364868                     Beta: -1.1597589254379272                     MemKD: 0.271364688873291
2026-02-07 20:12:22,470 - INFO - Epoch [64] Batch [20/35]                     Loss: -0.9029, Hard: 0.2143, Soft: -1.1172                     Acc: 86.61% LR: 0.000151                     Alpha: 0.5744425058364868                     Beta: -1.164406657218933                     MemKD: 0.2704244554042816
2026-02-07 20:12:50,756 - INFO - Epoch [64/100] Train Loss: -0.8196, Train Acc: 89.46%, Val Loss: 0.4849, Val Acc: 83.38%
2026-02-07 20:13:13,574 - INFO - Epoch [65] Batch [0/35]                     Loss: -1.1596, Hard: 0.0674, Soft: -1.2270                     Acc: 100.00% LR: 0.000144                     Alpha: 0.5744425058364868                     Beta: -1.1678500175476074                     MemKD: 0.26972895860671997
2026-02-07 20:13:17,634 - INFO - Epoch [65] Batch [20/35]                     Loss: -0.4609, Hard: 0.5154, Soft: -0.9763                     Acc: 90.48% LR: 0.000144                     Alpha: 0.5744425058364868                     Beta: -1.1721397638320923                     MemKD: 0.2688605785369873
2026-02-07 20:13:46,545 - INFO - Epoch [65/100] Train Loss: -0.8639, Train Acc: 90.18%, Val Loss: 0.4449, Val Acc: 83.38%
2026-02-07 20:14:08,635 - INFO - Epoch [66] Batch [0/35]                     Loss: -1.1146, Hard: 0.1213, Soft: -1.2359                     Acc: 100.00% LR: 0.000137                     Alpha: 0.5744425058364868                     Beta: -1.1753530502319336                     MemKD: 0.26821598410606384
2026-02-07 20:14:12,776 - INFO - Epoch [66] Batch [20/35]                     Loss: -1.0784, Hard: 0.1502, Soft: -1.2285                     Acc: 91.07% LR: 0.000137                     Alpha: 0.5744425058364868                     Beta: -1.179427146911621                     MemKD: 0.2673976719379425
2026-02-07 20:14:41,658 - INFO - Epoch [66/100] Train Loss: -0.8775, Train Acc: 90.36%, Val Loss: 0.3794, Val Acc: 86.57%
2026-02-07 20:14:41,659 - INFO - Best model saved with accuracy: 86.57%
2026-02-07 20:15:03,179 - INFO - Epoch [67] Batch [0/35]                     Loss: -0.9133, Hard: 0.2522, Soft: -1.1655                     Acc: 87.50% LR: 0.000130                     Alpha: 0.5744425058364868                     Beta: -1.1823923587799072                     MemKD: 0.26680392026901245
2026-02-07 20:15:07,217 - INFO - Epoch [67] Batch [20/35]                     Loss: -1.0635, Hard: 0.2082, Soft: -1.2717                     Acc: 90.18% LR: 0.000130                     Alpha: 0.5744425058364868                     Beta: -1.1861356496810913                     MemKD: 0.26605430245399475
2026-02-07 20:15:33,874 - INFO - Epoch [67/100] Train Loss: -0.8674, Train Acc: 90.00%, Val Loss: 0.4208, Val Acc: 84.31%
2026-02-07 20:15:55,178 - INFO - Epoch [68] Batch [0/35]                     Loss: -0.1431, Hard: 0.6685, Soft: -0.8116                     Acc: 81.25% LR: 0.000123                     Alpha: 0.5744425058364868                     Beta: -1.18889319896698                     MemKD: 0.2655036747455597
2026-02-07 20:15:59,241 - INFO - Epoch [68] Batch [20/35]                     Loss: -0.8172, Hard: 0.3427, Soft: -1.1599                     Acc: 91.37% LR: 0.000123                     Alpha: 0.5744425058364868                     Beta: -1.1923655271530151                     MemKD: 0.26481306552886963
2026-02-07 20:16:25,924 - INFO - Epoch [68/100] Train Loss: -0.8241, Train Acc: 89.82%, Val Loss: 0.4462, Val Acc: 83.24%
2026-02-07 20:16:47,626 - INFO - Epoch [69] Batch [0/35]                     Loss: -0.9811, Hard: 0.1971, Soft: -1.1782                     Acc: 93.75% LR: 0.000116                     Alpha: 0.5744425058364868                     Beta: -1.1949348449707031                     MemKD: 0.26430606842041016
2026-02-07 20:16:51,589 - INFO - Epoch [69] Batch [20/35]                     Loss: -0.3414, Hard: 0.6883, Soft: -1.0296                     Acc: 89.29% LR: 0.000116                     Alpha: 0.5744425058364868                     Beta: -1.1981137990951538                     MemKD: 0.2636793553829193
2026-02-07 20:17:19,761 - INFO - Epoch [69/100] Train Loss: -0.8444, Train Acc: 89.64%, Val Loss: 0.4504, Val Acc: 84.71%
2026-02-07 20:17:41,213 - INFO - Epoch [70] Batch [0/35]                     Loss: -0.8717, Hard: 0.2919, Soft: -1.1636                     Acc: 87.50% LR: 0.000109                     Alpha: 0.5744425058364868                     Beta: -1.2004581689834595                     MemKD: 0.263217955827713
2026-02-07 20:17:45,225 - INFO - Epoch [70] Batch [20/35]                     Loss: -0.7643, Hard: 0.3083, Soft: -1.0726                     Acc: 91.67% LR: 0.000109                     Alpha: 0.5744425058364868                     Beta: -1.2034475803375244                     MemKD: 0.26262760162353516
2026-02-07 20:18:13,258 - INFO - Epoch [70/100] Train Loss: -0.9195, Train Acc: 90.71%, Val Loss: 0.4058, Val Acc: 84.84%
2026-02-07 20:18:13,332 - INFO - Checkpoint saved at epoch 70
2026-02-07 20:18:36,742 - INFO - Epoch [71] Batch [0/35]                     Loss: -0.6633, Hard: 0.4515, Soft: -1.1147                     Acc: 81.25% LR: 0.000103                     Alpha: 0.5744425058364868                     Beta: -1.2057058811187744                     MemKD: 0.262182354927063
2026-02-07 20:18:40,679 - INFO - Epoch [71] Batch [20/35]                     Loss: -0.8300, Hard: 0.3519, Soft: -1.1819                     Acc: 88.69% LR: 0.000103                     Alpha: 0.5744425058364868                     Beta: -1.2084816694259644                     MemKD: 0.2616371512413025
2026-02-07 20:19:08,214 - INFO - Epoch [71/100] Train Loss: -0.8915, Train Acc: 88.75%, Val Loss: 0.4449, Val Acc: 83.64%
2026-02-07 20:19:31,193 - INFO - Epoch [72] Batch [0/35]                     Loss: -0.6947, Hard: 0.3375, Soft: -1.0321                     Acc: 81.25% LR: 0.000097                     Alpha: 0.5744425058364868                     Beta: -1.210541009902954                     MemKD: 0.26123300194740295
2026-02-07 20:19:35,192 - INFO - Epoch [72] Batch [20/35]                     Loss: -0.9926, Hard: 0.2599, Soft: -1.2525                     Acc: 89.29% LR: 0.000097                     Alpha: 0.5744425058364868                     Beta: -1.2130930423736572                     MemKD: 0.26073282957077026
2026-02-07 20:20:03,670 - INFO - Epoch [72/100] Train Loss: -0.9187, Train Acc: 90.00%, Val Loss: 0.4306, Val Acc: 85.51%
2026-02-07 20:20:26,397 - INFO - Epoch [73] Batch [0/35]                     Loss: -0.7408, Hard: 0.3790, Soft: -1.1198                     Acc: 81.25% LR: 0.000091                     Alpha: 0.5744425058364868                     Beta: -1.2150267362594604                     MemKD: 0.26035231351852417
2026-02-07 20:20:30,528 - INFO - Epoch [73] Batch [20/35]                     Loss: -0.7898, Hard: 0.3930, Soft: -1.1828                     Acc: 91.07% LR: 0.000091                     Alpha: 0.5744425058364868                     Beta: -1.2174336910247803                     MemKD: 0.25987690687179565
2026-02-07 20:20:59,940 - INFO - Epoch [73/100] Train Loss: -1.0026, Train Acc: 91.25%, Val Loss: 0.4343, Val Acc: 85.51%
2026-02-07 20:21:22,744 - INFO - Epoch [74] Batch [0/35]                     Loss: -1.2000, Hard: 0.0873, Soft: -1.2873                     Acc: 100.00% LR: 0.000085                     Alpha: 0.5744425058364868                     Beta: -1.2192617654800415                     MemKD: 0.2595157325267792
2026-02-07 20:21:26,807 - INFO - Epoch [74] Batch [20/35]                     Loss: -1.3192, Hard: 0.0534, Soft: -1.3727                     Acc: 91.37% LR: 0.000085                     Alpha: 0.5744425058364868                     Beta: -1.221481442451477                     MemKD: 0.2590808570384979
2026-02-07 20:21:55,938 - INFO - Epoch [74/100] Train Loss: -0.9741, Train Acc: 91.07%, Val Loss: 0.3724, Val Acc: 86.84%
2026-02-07 20:21:55,938 - INFO - Best model saved with accuracy: 86.84%
2026-02-07 20:22:17,835 - INFO - Epoch [75] Batch [0/35]                     Loss: -1.1369, Hard: 0.1682, Soft: -1.3051                     Acc: 93.75% LR: 0.000079                     Alpha: 0.5744425058364868                     Beta: -1.2231653928756714                     MemKD: 0.2587515115737915
2026-02-07 20:22:21,935 - INFO - Epoch [75] Batch [20/35]                     Loss: -0.8520, Hard: 0.2394, Soft: -1.0914                     Acc: 92.86% LR: 0.000079                     Alpha: 0.5744425058364868                     Beta: -1.2252227067947388                     MemKD: 0.25834912061691284
2026-02-07 20:22:51,947 - INFO - Epoch [75/100] Train Loss: -1.0516, Train Acc: 93.21%, Val Loss: 0.3989, Val Acc: 84.97%
2026-02-07 20:23:15,045 - INFO - Epoch [76] Batch [0/35]                     Loss: -1.0823, Hard: 0.1479, Soft: -1.2302                     Acc: 93.75% LR: 0.000073                     Alpha: 0.5744425058364868                     Beta: -1.2267568111419678                     MemKD: 0.25804761052131653
2026-02-07 20:23:19,163 - INFO - Epoch [76] Batch [20/35]                     Loss: -1.2418, Hard: 0.0935, Soft: -1.3353                     Acc: 91.96% LR: 0.000073                     Alpha: 0.5744425058364868                     Beta: -1.2286368608474731                     MemKD: 0.25768083333969116
2026-02-07 20:23:49,139 - INFO - Epoch [76/100] Train Loss: -0.9928, Train Acc: 90.89%, Val Loss: 0.4317, Val Acc: 84.18%
2026-02-07 20:24:10,994 - INFO - Epoch [77] Batch [0/35]                     Loss: -0.9108, Hard: 0.3079, Soft: -1.2187                     Acc: 93.75% LR: 0.000068                     Alpha: 0.5744425058364868                     Beta: -1.2300469875335693                     MemKD: 0.25740641355514526
2026-02-07 20:24:15,095 - INFO - Epoch [77] Batch [20/35]                     Loss: -0.8971, Hard: 0.2816, Soft: -1.1786                     Acc: 92.26% LR: 0.000068                     Alpha: 0.5744425058364868                     Beta: -1.2317547798156738                     MemKD: 0.25707608461380005
2026-02-07 20:24:44,857 - INFO - Epoch [77/100] Train Loss: -0.9310, Train Acc: 91.43%, Val Loss: 0.4222, Val Acc: 85.64%
2026-02-07 20:25:08,042 - INFO - Epoch [78] Batch [0/35]                     Loss: -0.9104, Hard: 0.3509, Soft: -1.2614                     Acc: 87.50% LR: 0.000062                     Alpha: 0.5744425058364868                     Beta: -1.2330198287963867                     MemKD: 0.25683215260505676
2026-02-07 20:25:12,244 - INFO - Epoch [78] Batch [20/35]                     Loss: -0.2938, Hard: 0.7223, Soft: -1.0162                     Acc: 90.48% LR: 0.000062                     Alpha: 0.5744425058364868                     Beta: -1.2345718145370483                     MemKD: 0.2565326392650604
2026-02-07 20:25:42,035 - INFO - Epoch [78/100] Train Loss: -0.9969, Train Acc: 90.89%, Val Loss: 0.3909, Val Acc: 87.23%
2026-02-07 20:25:42,035 - INFO - Best model saved with accuracy: 87.23%
2026-02-07 20:26:05,730 - INFO - Epoch [79] Batch [0/35]                     Loss: -1.1196, Hard: 0.1653, Soft: -1.2849                     Acc: 93.75% LR: 0.000057                     Alpha: 0.5744425058364868                     Beta: -1.2357401847839355                     MemKD: 0.256307452917099
2026-02-07 20:26:09,815 - INFO - Epoch [79] Batch [20/35]                     Loss: -1.0102, Hard: 0.2866, Soft: -1.2969                     Acc: 89.88% LR: 0.000057                     Alpha: 0.5744425058364868                     Beta: -1.2371574640274048                     MemKD: 0.2560344636440277
2026-02-07 20:26:40,041 - INFO - Epoch [79/100] Train Loss: -0.9965, Train Acc: 91.61%, Val Loss: 0.4077, Val Acc: 85.77%
2026-02-07 20:27:02,970 - INFO - Epoch [80] Batch [0/35]                     Loss: -1.2033, Hard: 0.1380, Soft: -1.3413                     Acc: 100.00% LR: 0.000052                     Alpha: 0.5744425058364868                     Beta: -1.2382216453552246                     MemKD: 0.2558298408985138
2026-02-07 20:27:07,105 - INFO - Epoch [80] Batch [20/35]                     Loss: -0.6376, Hard: 0.5380, Soft: -1.1756                     Acc: 90.18% LR: 0.000052                     Alpha: 0.5744425058364868                     Beta: -1.2395113706588745                     MemKD: 0.25558146834373474
2026-02-07 20:27:35,855 - INFO - Epoch [80/100] Train Loss: -0.9748, Train Acc: 90.71%, Val Loss: 0.4020, Val Acc: 85.64%
2026-02-07 20:27:35,903 - INFO - Checkpoint saved at epoch 80
2026-02-07 20:27:57,652 - INFO - Epoch [81] Batch [0/35]                     Loss: -1.1560, Hard: 0.1803, Soft: -1.3363                     Acc: 87.50% LR: 0.000048                     Alpha: 0.5744425058364868                     Beta: -1.2404601573944092                     MemKD: 0.25539883971214294
2026-02-07 20:28:01,740 - INFO - Epoch [81] Batch [20/35]                     Loss: -0.8560, Hard: 0.3586, Soft: -1.2147                     Acc: 88.99% LR: 0.000048                     Alpha: 0.5744425058364868                     Beta: -1.2416120767593384                     MemKD: 0.25517737865448
2026-02-07 20:28:30,830 - INFO - Epoch [81/100] Train Loss: -0.9815, Train Acc: 89.46%, Val Loss: 0.3865, Val Acc: 85.77%
2026-02-07 20:28:53,892 - INFO - Epoch [82] Batch [0/35]                     Loss: -1.0732, Hard: 0.1916, Soft: -1.2648                     Acc: 93.75% LR: 0.000043                     Alpha: 0.5744425058364868                     Beta: -1.2424734830856323                     MemKD: 0.25501173734664917
2026-02-07 20:28:58,016 - INFO - Epoch [82] Batch [20/35]                     Loss: -1.0894, Hard: 0.1782, Soft: -1.2676                     Acc: 92.56% LR: 0.000043                     Alpha: 0.5744425058364868                     Beta: -1.2435282468795776                     MemKD: 0.2548084557056427
2026-02-07 20:29:28,201 - INFO - Epoch [82/100] Train Loss: -1.0438, Train Acc: 91.79%, Val Loss: 0.3900, Val Acc: 86.17%
2026-02-07 20:29:51,927 - INFO - Epoch [83] Batch [0/35]                     Loss: -1.1663, Hard: 0.1172, Soft: -1.2836                     Acc: 100.00% LR: 0.000039                     Alpha: 0.5744425058364868                     Beta: -1.2443153858184814                     MemKD: 0.2546568512916565
2026-02-07 20:29:56,006 - INFO - Epoch [83] Batch [20/35]                     Loss: -1.2455, Hard: 0.1114, Soft: -1.3569                     Acc: 93.45% LR: 0.000039                     Alpha: 0.5744425058364868                     Beta: -1.2452666759490967                     MemKD: 0.2544736862182617
2026-02-07 20:30:25,963 - INFO - Epoch [83/100] Train Loss: -1.0835, Train Acc: 93.75%, Val Loss: 0.3853, Val Acc: 86.04%
2026-02-07 20:30:48,776 - INFO - Epoch [84] Batch [0/35]                     Loss: -1.0402, Hard: 0.2116, Soft: -1.2518                     Acc: 87.50% LR: 0.000035                     Alpha: 0.5744425058364868                     Beta: -1.2459728717803955                     MemKD: 0.25433802604675293
2026-02-07 20:30:52,903 - INFO - Epoch [84] Batch [20/35]                     Loss: -1.2250, Hard: 0.1122, Soft: -1.3371                     Acc: 91.96% LR: 0.000035                     Alpha: 0.5744425058364868                     Beta: -1.246803641319275                     MemKD: 0.25417786836624146
2026-02-07 20:31:22,751 - INFO - Epoch [84/100] Train Loss: -0.9833, Train Acc: 90.36%, Val Loss: 0.3923, Val Acc: 86.17%
2026-02-07 20:31:44,738 - INFO - Epoch [85] Batch [0/35]                     Loss: -0.9554, Hard: 0.2928, Soft: -1.2483                     Acc: 93.75% LR: 0.000031                     Alpha: 0.5744425058364868                     Beta: -1.2474145889282227                     MemKD: 0.25406140089035034
2026-02-07 20:31:48,840 - INFO - Epoch [85] Batch [20/35]                     Loss: -1.0161, Hard: 0.2454, Soft: -1.2615                     Acc: 93.45% LR: 0.000031                     Alpha: 0.5744425058364868                     Beta: -1.2481471300125122                     MemKD: 0.25392135977745056
2026-02-07 20:32:19,465 - INFO - Epoch [85/100] Train Loss: -1.0408, Train Acc: 93.04%, Val Loss: 0.4203, Val Acc: 83.91%
2026-02-07 20:32:43,427 - INFO - Epoch [86] Batch [0/35]                     Loss: -1.0169, Hard: 0.2689, Soft: -1.2858                     Acc: 87.50% LR: 0.000027                     Alpha: 0.5744425058364868                     Beta: -1.2486989498138428                     MemKD: 0.25381529331207275
2026-02-07 20:32:47,369 - INFO - Epoch [86] Batch [20/35]                     Loss: -0.9768, Hard: 0.2746, Soft: -1.2513                     Acc: 91.67% LR: 0.000027                     Alpha: 0.5744425058364868                     Beta: -1.2493425607681274                     MemKD: 0.25369197130203247
2026-02-07 20:33:15,254 - INFO - Epoch [86/100] Train Loss: -0.9888, Train Acc: 89.82%, Val Loss: 0.3658, Val Acc: 86.44%
2026-02-07 20:33:38,079 - INFO - Epoch [87] Batch [0/35]                     Loss: -1.2593, Hard: 0.1370, Soft: -1.3963                     Acc: 93.75% LR: 0.000024                     Alpha: 0.5744425058364868                     Beta: -1.2498106956481934                     MemKD: 0.25360286235809326
2026-02-07 20:33:42,162 - INFO - Epoch [87] Batch [20/35]                     Loss: -1.2781, Hard: 0.0925, Soft: -1.3706                     Acc: 88.39% LR: 0.000024                     Alpha: 0.5744425058364868                     Beta: -1.2503602504730225                     MemKD: 0.2534983158111572
2026-02-07 20:34:10,967 - INFO - Epoch [87/100] Train Loss: -0.9920, Train Acc: 90.36%, Val Loss: 0.3802, Val Acc: 86.17%
2026-02-07 20:34:33,008 - INFO - Epoch [88] Batch [0/35]                     Loss: -1.2254, Hard: 0.0965, Soft: -1.3219                     Acc: 100.00% LR: 0.000021                     Alpha: 0.5744425058364868                     Beta: -1.250769853591919                     MemKD: 0.2534201145172119
2026-02-07 20:34:37,083 - INFO - Epoch [88] Batch [20/35]                     Loss: -0.8318, Hard: 0.3692, Soft: -1.2010                     Acc: 92.26% LR: 0.000021                     Alpha: 0.5744425058364868                     Beta: -1.2512481212615967                     MemKD: 0.2533285915851593
2026-02-07 20:35:05,943 - INFO - Epoch [88/100] Train Loss: -1.1018, Train Acc: 93.57%, Val Loss: 0.3667, Val Acc: 86.70%
2026-02-07 20:35:28,140 - INFO - Epoch [89] Batch [0/35]                     Loss: -1.2720, Hard: 0.0971, Soft: -1.3691                     Acc: 93.75% LR: 0.000018                     Alpha: 0.5744425058364868                     Beta: -1.2516114711761475                     MemKD: 0.2532585561275482
2026-02-07 20:35:32,186 - INFO - Epoch [89] Batch [20/35]                     Loss: -0.9809, Hard: 0.2935, Soft: -1.2744                     Acc: 91.96% LR: 0.000018                     Alpha: 0.5744425058364868                     Beta: -1.2520180940628052                     MemKD: 0.25318068265914917
2026-02-07 20:36:01,573 - INFO - Epoch [89/100] Train Loss: -1.0156, Train Acc: 91.43%, Val Loss: 0.3824, Val Acc: 85.11%
2026-02-07 20:36:24,569 - INFO - Epoch [90] Batch [0/35]                     Loss: -0.9695, Hard: 0.2984, Soft: -1.2680                     Acc: 87.50% LR: 0.000015                     Alpha: 0.5744425058364868                     Beta: -1.2523183822631836                     MemKD: 0.2531234920024872
2026-02-07 20:36:28,682 - INFO - Epoch [90] Batch [20/35]                     Loss: -1.2050, Hard: 0.1480, Soft: -1.3530                     Acc: 92.56% LR: 0.000015                     Alpha: 0.5744425058364868                     Beta: -1.2526570558547974                     MemKD: 0.25305888056755066
2026-02-07 20:36:58,838 - INFO - Epoch [90/100] Train Loss: -1.0406, Train Acc: 91.79%, Val Loss: 0.3899, Val Acc: 85.64%
2026-02-07 20:36:58,887 - INFO - Checkpoint saved at epoch 90
2026-02-07 20:37:21,582 - INFO - Epoch [91] Batch [0/35]                     Loss: -1.0423, Hard: 0.2428, Soft: -1.2851                     Acc: 87.50% LR: 0.000012                     Alpha: 0.5744425058364868                     Beta: -1.2529120445251465                     MemKD: 0.25301021337509155
2026-02-07 20:37:25,728 - INFO - Epoch [91] Batch [20/35]                     Loss: -1.2345, Hard: 0.1236, Soft: -1.3580                     Acc: 94.05% LR: 0.000012                     Alpha: 0.5744425058364868                     Beta: -1.2531917095184326                     MemKD: 0.2529568374156952
2026-02-07 20:37:55,195 - INFO - Epoch [91/100] Train Loss: -1.1100, Train Acc: 93.57%, Val Loss: 0.3714, Val Acc: 87.37%
2026-02-07 20:37:55,195 - INFO - Best model saved with accuracy: 87.37%
2026-02-07 20:38:19,295 - INFO - Epoch [92] Batch [0/35]                     Loss: -1.2230, Hard: 0.1110, Soft: -1.3340                     Acc: 93.75% LR: 0.000010                     Alpha: 0.5744425058364868                     Beta: -1.253403902053833                     MemKD: 0.2529161274433136
2026-02-07 20:38:23,410 - INFO - Epoch [92] Batch [20/35]                     Loss: -1.1454, Hard: 0.1891, Soft: -1.3345                     Acc: 89.58% LR: 0.000010                     Alpha: 0.5744425058364868                     Beta: -1.2536311149597168                     MemKD: 0.25287285447120667
2026-02-07 20:38:53,427 - INFO - Epoch [92/100] Train Loss: -1.0559, Train Acc: 90.89%, Val Loss: 0.3826, Val Acc: 86.97%
2026-02-07 20:39:17,531 - INFO - Epoch [93] Batch [0/35]                     Loss: -1.0592, Hard: 0.1766, Soft: -1.2359                     Acc: 87.50% LR: 0.000008                     Alpha: 0.5744425058364868                     Beta: -1.2537996768951416                     MemKD: 0.2528407573699951
2026-02-07 20:39:21,587 - INFO - Epoch [93] Batch [20/35]                     Loss: -1.1895, Hard: 0.1601, Soft: -1.3497                     Acc: 93.15% LR: 0.000008                     Alpha: 0.5744425058364868                     Beta: -1.2539784908294678                     MemKD: 0.25280672311782837
2026-02-07 20:39:51,434 - INFO - Epoch [93/100] Train Loss: -1.0858, Train Acc: 93.04%, Val Loss: 0.3756, Val Acc: 86.70%
2026-02-07 20:40:15,163 - INFO - Epoch [94] Batch [0/35]                     Loss: -0.9281, Hard: 0.2874, Soft: -1.2155                     Acc: 87.50% LR: 0.000006                     Alpha: 0.5744425058364868                     Beta: -1.2541122436523438                     MemKD: 0.25278130173683167
2026-02-07 20:40:19,304 - INFO - Epoch [94] Batch [20/35]                     Loss: -1.0750, Hard: 0.2419, Soft: -1.3168                     Acc: 91.37% LR: 0.000006                     Alpha: 0.5744425058364868                     Beta: -1.2542475461959839                     MemKD: 0.2527555227279663
2026-02-07 20:40:49,205 - INFO - Epoch [94/100] Train Loss: -1.1128, Train Acc: 93.39%, Val Loss: 0.3740, Val Acc: 85.77%
2026-02-07 20:41:12,909 - INFO - Epoch [95] Batch [0/35]                     Loss: -0.9804, Hard: 0.2191, Soft: -1.1995                     Acc: 87.50% LR: 0.000004                     Alpha: 0.5744425058364868                     Beta: -1.254350185394287                     MemKD: 0.25273585319519043
2026-02-07 20:41:17,038 - INFO - Epoch [95] Batch [20/35]                     Loss: -0.8197, Hard: 0.4471, Soft: -1.2668                     Acc: 91.67% LR: 0.000004                     Alpha: 0.5744425058364868                     Beta: -1.2544498443603516                     MemKD: 0.25271689891815186
2026-02-07 20:41:47,718 - INFO - Epoch [95/100] Train Loss: -1.0477, Train Acc: 91.61%, Val Loss: 0.3701, Val Acc: 86.84%
2026-02-07 20:42:11,441 - INFO - Epoch [96] Batch [0/35]                     Loss: -1.0522, Hard: 0.2183, Soft: -1.2705                     Acc: 87.50% LR: 0.000003                     Alpha: 0.5744425058364868                     Beta: -1.2545243501663208                     MemKD: 0.2527027130126953
2026-02-07 20:42:15,600 - INFO - Epoch [96] Batch [20/35]                     Loss: -1.3520, Hard: 0.0689, Soft: -1.4209                     Acc: 93.15% LR: 0.000003                     Alpha: 0.5744425058364868                     Beta: -1.2545934915542603                     MemKD: 0.2526896297931671
2026-02-07 20:42:45,919 - INFO - Epoch [96/100] Train Loss: -1.1119, Train Acc: 93.75%, Val Loss: 0.3800, Val Acc: 86.30%
2026-02-07 20:43:08,073 - INFO - Epoch [97] Batch [0/35]                     Loss: -1.1911, Hard: 0.1346, Soft: -1.3257                     Acc: 93.75% LR: 0.000002                     Alpha: 0.5744425058364868                     Beta: -1.2546454668045044                     MemKD: 0.2526796758174896
2026-02-07 20:43:12,249 - INFO - Epoch [97] Batch [20/35]                     Loss: -0.6346, Hard: 0.4790, Soft: -1.1136                     Acc: 91.67% LR: 0.000002                     Alpha: 0.5744425058364868                     Beta: -1.2546907663345337                     MemKD: 0.25267112255096436
2026-02-07 20:43:42,322 - INFO - Epoch [97/100] Train Loss: -1.0722, Train Acc: 92.32%, Val Loss: 0.3741, Val Acc: 86.57%
2026-02-07 20:44:05,036 - INFO - Epoch [98] Batch [0/35]                     Loss: -0.9844, Hard: 0.2432, Soft: -1.2276                     Acc: 93.75% LR: 0.000001                     Alpha: 0.5744425058364868                     Beta: -1.254723072052002                     MemKD: 0.2526650130748749
2026-02-07 20:44:09,138 - INFO - Epoch [98] Batch [20/35]                     Loss: -1.0744, Hard: 0.2428, Soft: -1.3172                     Acc: 92.56% LR: 0.000001                     Alpha: 0.5744425058364868                     Beta: -1.2547471523284912                     MemKD: 0.25266033411026
2026-02-07 20:44:38,992 - INFO - Epoch [98/100] Train Loss: -1.0617, Train Acc: 91.96%, Val Loss: 0.3652, Val Acc: 87.10%
2026-02-07 20:45:01,704 - INFO - Epoch [99] Batch [0/35]                     Loss: -1.3308, Hard: 0.0735, Soft: -1.4043                     Acc: 100.00% LR: 0.000000                     Alpha: 0.5744425058364868                     Beta: -1.2547650337219238                     MemKD: 0.2526569366455078
2026-02-07 20:45:05,805 - INFO - Epoch [99] Batch [20/35]                     Loss: -1.2053, Hard: 0.2050, Soft: -1.4103                     Acc: 94.05% LR: 0.000000                     Alpha: 0.5744425058364868                     Beta: -1.254776954650879                     MemKD: 0.25265470147132874
2026-02-07 20:45:36,064 - INFO - Epoch [99/100] Train Loss: -1.1051, Train Acc: 93.21%, Val Loss: 0.3795, Val Acc: 86.44%
2026-02-07 20:45:58,662 - INFO - Epoch [100] Batch [0/35]                     Loss: -1.2587, Hard: 0.1055, Soft: -1.3641                     Acc: 93.75% LR: 0.000000                     Alpha: 0.5744425058364868                     Beta: -1.2547858953475952                     MemKD: 0.25265300273895264
2026-02-07 20:46:02,730 - INFO - Epoch [100] Batch [20/35]                     Loss: -1.0782, Hard: 0.1962, Soft: -1.2744                     Acc: 91.37% LR: 0.000000                     Alpha: 0.5744425058364868                     Beta: -1.2547882795333862                     MemKD: 0.2526525557041168
2026-02-07 20:46:30,383 - INFO - Epoch [100/100] Train Loss: -1.0898, Train Acc: 92.14%, Val Loss: 0.3697, Val Acc: 86.70%
2026-02-07 20:46:30,432 - INFO - Checkpoint saved at epoch 100
2026-02-07 20:46:30,432 - INFO - ==================================================
2026-02-07 20:46:30,432 - INFO - Training finished! Best accuracy: 87.37%
2026-02-07 20:46:30,432 - INFO - ==================================================
