2026-02-07 14:55:58,136 - INFO - ==================================================
2026-02-07 14:55:58,136 - INFO - Distillation Training Configuration
2026-02-07 14:55:58,136 - INFO - ==================================================
2026-02-07 14:55:58,136 - INFO - GPUs: [4, 5, 6, 7]
2026-02-07 14:55:58,136 - INFO - World size: 4
2026-02-07 14:55:58,137 - INFO - Dataset: /media/hdd1/chuxiaohui/AI4Ocean_UATR/ShipsEar_622
2026-02-07 14:55:58,137 - INFO - Data type: wav_s@wav_t
2026-02-07 14:55:58,137 - INFO - Batch size: 16
2026-02-07 14:55:58,137 - INFO - Epochs: 100
2026-02-07 14:55:58,137 - INFO - Learning rate: 0.0005
2026-02-07 14:55:58,137 - INFO - Temperature: 2.0
2026-02-07 14:55:58,137 - INFO - Alpha: 0.3
2026-02-07 14:55:58,137 - INFO - Save dir: checkpoints/grid_shipsear/num_epochs100_weight_decay0.0001_batch_size16_lr0.0005_distill_typeTser_freezeFalse_USE_DYNAMIC_DISTILL_WEIGHTFalse_p_encoder0.3_p_classifier0.3
2026-02-07 14:55:58,137 - INFO - ==================================================
2026-02-07 14:55:58,158 - INFO - Train dataset size: 2240
2026-02-07 14:55:58,158 - INFO - Validation dataset size: 749
2026-02-07 14:55:59,330 - INFO - Student params: 316,299 (0.32M)
2026-02-07 14:55:59,330 - INFO - Teacher params: 164,415,877 (164.42M)
2026-02-07 14:55:59,330 - INFO - Trainable params: 164,687,249 (164.69M)
2026-02-07 14:56:00,189 - INFO - Start training...
2026-02-07 14:56:00,190 - INFO - No checkpoint found, start from scratch
2026-02-07 14:56:23,552 - INFO - Epoch [1] Batch [0/35]                     Loss: 2.6724, Hard: 1.7103, Soft: 0.9621                     Acc: 12.50% LR: 0.000500                     Alpha: 0.5744425058364868                     Beta: 0.0                     MemKD: 0.0
2026-02-07 14:56:34,761 - INFO - Epoch [1] Batch [20/35]                     Loss: 2.3146, Hard: 1.6625, Soft: 0.6522                     Acc: 34.52% LR: 0.000500                     Alpha: 0.5744425058364868                     Beta: 0.009307220578193665                     MemKD: 0.0
2026-02-07 14:57:07,943 - INFO - Epoch [1/100] Train Loss: 1.9428, Train Acc: 37.50%, Val Loss: 1.4253, Val Acc: 44.02%
2026-02-07 14:57:07,943 - INFO - Best model saved with accuracy: 44.02%
2026-02-07 14:57:29,229 - INFO - Epoch [2] Batch [0/35]                     Loss: 1.4125, Hard: 1.1376, Soft: 0.2749                     Acc: 50.00% LR: 0.000500                     Alpha: 0.5744425058364868                     Beta: 0.01591695472598076                     MemKD: 0.0
2026-02-07 14:57:40,416 - INFO - Epoch [2] Batch [20/35]                     Loss: 1.6123, Hard: 1.2594, Soft: 0.3528                     Acc: 45.24% LR: 0.000500                     Alpha: 0.5744425058364868                     Beta: 0.023845555260777473                     MemKD: 0.0
2026-02-07 14:58:12,691 - INFO - Epoch [2/100] Train Loss: 1.6362, Train Acc: 44.64%, Val Loss: 1.1942, Val Acc: 54.79%
2026-02-07 14:58:12,691 - INFO - Best model saved with accuracy: 54.79%
2026-02-07 14:58:33,609 - INFO - Epoch [3] Batch [0/35]                     Loss: 1.4092, Hard: 1.1066, Soft: 0.3026                     Acc: 50.00% LR: 0.000500                     Alpha: 0.5744425058364868                     Beta: 0.029692629352211952                     MemKD: 0.0
2026-02-07 14:58:44,744 - INFO - Epoch [3] Batch [20/35]                     Loss: 1.6474, Hard: 1.2740, Soft: 0.3734                     Acc: 44.35% LR: 0.000500                     Alpha: 0.5744425058364868                     Beta: 0.038338709622621536                     MemKD: 0.0
2026-02-07 14:59:18,085 - INFO - Epoch [3/100] Train Loss: 1.5975, Train Acc: 48.21%, Val Loss: 1.0741, Val Acc: 58.51%
2026-02-07 14:59:18,085 - INFO - Best model saved with accuracy: 58.51%
2026-02-07 14:59:40,853 - INFO - Epoch [4] Batch [0/35]                     Loss: 1.3248, Hard: 1.0646, Soft: 0.2602                     Acc: 56.25% LR: 0.000499                     Alpha: 0.5744425058364868                     Beta: 0.04441719874739647                     MemKD: 0.0
2026-02-07 14:59:52,068 - INFO - Epoch [4] Batch [20/35]                     Loss: 1.6763, Hard: 1.2853, Soft: 0.3910                     Acc: 52.68% LR: 0.000499                     Alpha: 0.5744425058364868                     Beta: 0.05200551450252533                     MemKD: 0.0
2026-02-07 15:00:24,723 - INFO - Epoch [4/100] Train Loss: 1.4720, Train Acc: 53.04%, Val Loss: 1.0931, Val Acc: 55.45%
2026-02-07 15:00:47,298 - INFO - Epoch [5] Batch [0/35]                     Loss: 1.6980, Hard: 1.3204, Soft: 0.3776                     Acc: 56.25% LR: 0.000498                     Alpha: 0.5744425058364868                     Beta: 0.057962920516729355                     MemKD: 0.0
2026-02-07 15:00:58,546 - INFO - Epoch [5] Batch [20/35]                     Loss: 1.4391, Hard: 1.1534, Soft: 0.2856                     Acc: 55.95% LR: 0.000498                     Alpha: 0.5744425058364868                     Beta: 0.0658424124121666                     MemKD: 0.0
2026-02-07 15:01:30,597 - INFO - Epoch [5/100] Train Loss: 1.4002, Train Acc: 57.32%, Val Loss: 0.9893, Val Acc: 60.90%
2026-02-07 15:01:30,598 - INFO - Best model saved with accuracy: 60.90%
2026-02-07 15:01:51,840 - INFO - Epoch [6] Batch [0/35]                     Loss: 1.4686, Hard: 1.1538, Soft: 0.3147                     Acc: 50.00% LR: 0.000497                     Alpha: 0.5744425058364868                     Beta: 0.0716000348329544                     MemKD: 0.0
2026-02-07 15:02:03,121 - INFO - Epoch [6] Batch [20/35]                     Loss: 1.7879, Hard: 1.4215, Soft: 0.3664                     Acc: 59.52% LR: 0.000497                     Alpha: 0.5744425058364868                     Beta: 0.07927071303129196                     MemKD: 0.0
2026-02-07 15:02:35,866 - INFO - Epoch [6/100] Train Loss: 1.3178, Train Acc: 58.57%, Val Loss: 0.9131, Val Acc: 65.03%
2026-02-07 15:02:35,866 - INFO - Best model saved with accuracy: 65.03%
2026-02-07 15:02:58,061 - INFO - Epoch [7] Batch [0/35]                     Loss: 1.1633, Hard: 0.9702, Soft: 0.1931                     Acc: 56.25% LR: 0.000496                     Alpha: 0.5744425058364868                     Beta: 0.08500101417303085                     MemKD: 0.0
2026-02-07 15:03:09,296 - INFO - Epoch [7] Batch [20/35]                     Loss: 1.3265, Hard: 1.0710, Soft: 0.2554                     Acc: 58.93% LR: 0.000496                     Alpha: 0.5744425058364868                     Beta: 0.09221822768449783                     MemKD: 0.0
2026-02-07 15:03:41,473 - INFO - Epoch [7/100] Train Loss: 1.2961, Train Acc: 57.32%, Val Loss: 0.9909, Val Acc: 58.91%
2026-02-07 15:04:04,348 - INFO - Epoch [8] Batch [0/35]                     Loss: 1.0884, Hard: 0.8485, Soft: 0.2399                     Acc: 62.50% LR: 0.000494                     Alpha: 0.5744425058364868                     Beta: 0.09811481088399887                     MemKD: 0.0
2026-02-07 15:04:15,636 - INFO - Epoch [8] Batch [20/35]                     Loss: 0.9071, Hard: 0.7333, Soft: 0.1737                     Acc: 61.90% LR: 0.000494                     Alpha: 0.5744425058364868                     Beta: 0.10611121356487274                     MemKD: 0.0
2026-02-07 15:04:48,636 - INFO - Epoch [8/100] Train Loss: 1.2776, Train Acc: 61.25%, Val Loss: 0.9605, Val Acc: 60.11%
2026-02-07 15:05:09,907 - INFO - Epoch [9] Batch [0/35]                     Loss: 1.0510, Hard: 0.8677, Soft: 0.1833                     Acc: 62.50% LR: 0.000492                     Alpha: 0.5744425058364868                     Beta: 0.1118369996547699                     MemKD: 0.0
2026-02-07 15:05:21,182 - INFO - Epoch [9] Batch [20/35]                     Loss: 1.5761, Hard: 1.2548, Soft: 0.3213                     Acc: 61.61% LR: 0.000492                     Alpha: 0.5744425058364868                     Beta: 0.11948682367801666                     MemKD: 0.0
2026-02-07 15:05:53,143 - INFO - Epoch [9/100] Train Loss: 1.1857, Train Acc: 63.21%, Val Loss: 1.1125, Val Acc: 51.73%
2026-02-07 15:06:12,869 - INFO - Epoch [10] Batch [0/35]                     Loss: 1.1198, Hard: 0.9175, Soft: 0.2023                     Acc: 75.00% LR: 0.000490                     Alpha: 0.5744425058364868                     Beta: 0.12504716217517853                     MemKD: 0.0
2026-02-07 15:06:24,000 - INFO - Epoch [10] Batch [20/35]                     Loss: 1.3270, Hard: 1.1275, Soft: 0.1995                     Acc: 60.42% LR: 0.000490                     Alpha: 0.5744425058364868                     Beta: 0.13229645788669586                     MemKD: 0.0
2026-02-07 15:06:56,534 - INFO - Epoch [10/100] Train Loss: 1.1331, Train Acc: 63.04%, Val Loss: 0.9482, Val Acc: 64.10%
2026-02-07 15:06:56,598 - INFO - Checkpoint saved at epoch 10
2026-02-07 15:07:15,773 - INFO - Epoch [11] Batch [0/35]                     Loss: 0.6432, Hard: 0.5592, Soft: 0.0840                     Acc: 93.75% LR: 0.000488                     Alpha: 0.5744425058364868                     Beta: 0.13777707517147064                     MemKD: 0.0
2026-02-07 15:07:26,869 - INFO - Epoch [11] Batch [20/35]                     Loss: 1.3797, Hard: 1.1358, Soft: 0.2439                     Acc: 62.80% LR: 0.000488                     Alpha: 0.5744425058364868                     Beta: 0.14483322203159332                     MemKD: 0.0
2026-02-07 15:07:58,454 - INFO - Epoch [11/100] Train Loss: 1.1779, Train Acc: 62.14%, Val Loss: 0.8156, Val Acc: 68.35%
2026-02-07 15:07:58,454 - INFO - Best model saved with accuracy: 68.35%
2026-02-07 15:08:20,492 - INFO - Epoch [12] Batch [0/35]                     Loss: 0.8658, Hard: 0.7224, Soft: 0.1434                     Acc: 75.00% LR: 0.000485                     Alpha: 0.5744425058364868                     Beta: 0.1505378782749176                     MemKD: 0.0
2026-02-07 15:08:31,636 - INFO - Epoch [12] Batch [20/35]                     Loss: 1.3890, Hard: 1.1084, Soft: 0.2806                     Acc: 69.94% LR: 0.000485                     Alpha: 0.5744425058364868                     Beta: 0.1570649892091751                     MemKD: 0.0
2026-02-07 15:09:02,044 - INFO - Epoch [12/100] Train Loss: 0.9800, Train Acc: 71.25%, Val Loss: 0.7819, Val Acc: 70.35%
2026-02-07 15:09:02,045 - INFO - Best model saved with accuracy: 70.35%
2026-02-07 15:09:22,431 - INFO - Epoch [13] Batch [0/35]                     Loss: 1.5604, Hard: 1.3327, Soft: 0.2277                     Acc: 37.50% LR: 0.000482                     Alpha: 0.5744425058364868                     Beta: 0.1618756800889969                     MemKD: 0.0
2026-02-07 15:09:33,507 - INFO - Epoch [13] Batch [20/35]                     Loss: 1.3075, Hard: 1.0740, Soft: 0.2335                     Acc: 57.74% LR: 0.000482                     Alpha: 0.5744425058364868                     Beta: 0.16973882913589478                     MemKD: 0.0
2026-02-07 15:10:04,583 - INFO - Epoch [13/100] Train Loss: 1.1902, Train Acc: 61.79%, Val Loss: 0.7651, Val Acc: 71.68%
2026-02-07 15:10:04,584 - INFO - Best model saved with accuracy: 71.68%
2026-02-07 15:10:25,351 - INFO - Epoch [14] Batch [0/35]                     Loss: 0.8547, Hard: 0.7391, Soft: 0.1157                     Acc: 62.50% LR: 0.000479                     Alpha: 0.5744425058364868                     Beta: 0.17568768560886383                     MemKD: 0.0
2026-02-07 15:10:36,435 - INFO - Epoch [14] Batch [20/35]                     Loss: 0.9055, Hard: 0.7227, Soft: 0.1828                     Acc: 64.58% LR: 0.000479                     Alpha: 0.5744425058364868                     Beta: 0.18304826319217682                     MemKD: 0.0
2026-02-07 15:11:08,512 - INFO - Epoch [14/100] Train Loss: 1.0768, Train Acc: 65.71%, Val Loss: 0.7892, Val Acc: 71.01%
2026-02-07 15:11:30,406 - INFO - Epoch [15] Batch [0/35]                     Loss: 1.1218, Hard: 0.9338, Soft: 0.1881                     Acc: 68.75% LR: 0.000476                     Alpha: 0.5744425058364868                     Beta: 0.18867787718772888                     MemKD: 0.0
2026-02-07 15:11:41,450 - INFO - Epoch [15] Batch [20/35]                     Loss: 0.9744, Hard: 0.8073, Soft: 0.1671                     Acc: 69.94% LR: 0.000476                     Alpha: 0.5744425058364868                     Beta: 0.1956147998571396                     MemKD: 0.0
2026-02-07 15:12:11,778 - INFO - Epoch [15/100] Train Loss: 1.0100, Train Acc: 68.93%, Val Loss: 1.0068, Val Acc: 63.96%
2026-02-07 15:12:32,884 - INFO - Epoch [16] Batch [0/35]                     Loss: 0.8072, Hard: 0.6676, Soft: 0.1395                     Acc: 75.00% LR: 0.000473                     Alpha: 0.5744425058364868                     Beta: 0.20071333646774292                     MemKD: 0.0
2026-02-07 15:12:44,150 - INFO - Epoch [16] Batch [20/35]                     Loss: 0.8638, Hard: 0.7319, Soft: 0.1319                     Acc: 64.88% LR: 0.000473                     Alpha: 0.5744425058364868                     Beta: 0.20783723890781403                     MemKD: 0.0
2026-02-07 15:13:15,846 - INFO - Epoch [16/100] Train Loss: 1.0679, Train Acc: 65.18%, Val Loss: 0.8943, Val Acc: 65.43%
2026-02-07 15:13:35,497 - INFO - Epoch [17] Batch [0/35]                     Loss: 1.2948, Hard: 1.0171, Soft: 0.2776                     Acc: 56.25% LR: 0.000469                     Alpha: 0.5744425058364868                     Beta: 0.213330939412117                     MemKD: 0.0
2026-02-07 15:13:46,785 - INFO - Epoch [17] Batch [20/35]                     Loss: 0.9281, Hard: 0.7773, Soft: 0.1508                     Acc: 69.64% LR: 0.000469                     Alpha: 0.5744425058364868                     Beta: 0.22050905227661133                     MemKD: 0.0
2026-02-07 15:14:17,220 - INFO - Epoch [17/100] Train Loss: 0.9803, Train Acc: 69.11%, Val Loss: 0.7480, Val Acc: 70.08%
2026-02-07 15:14:38,434 - INFO - Epoch [18] Batch [0/35]                     Loss: 1.2583, Hard: 1.0330, Soft: 0.2253                     Acc: 62.50% LR: 0.000465                     Alpha: 0.5744425058364868                     Beta: 0.22560273110866547                     MemKD: 0.0
2026-02-07 15:14:49,693 - INFO - Epoch [18] Batch [20/35]                     Loss: 0.8884, Hard: 0.7235, Soft: 0.1649                     Acc: 69.94% LR: 0.000465                     Alpha: 0.5744425058364868                     Beta: 0.23230552673339844                     MemKD: 0.0
2026-02-07 15:15:21,245 - INFO - Epoch [18/100] Train Loss: 0.9367, Train Acc: 69.82%, Val Loss: 0.7758, Val Acc: 68.22%
2026-02-07 15:15:41,877 - INFO - Epoch [19] Batch [0/35]                     Loss: 0.5726, Hard: 0.4842, Soft: 0.0884                     Acc: 87.50% LR: 0.000461                     Alpha: 0.5744425058364868                     Beta: 0.23723502457141876                     MemKD: 0.0
2026-02-07 15:15:53,144 - INFO - Epoch [19] Batch [20/35]                     Loss: 0.9344, Hard: 0.7355, Soft: 0.1989                     Acc: 74.11% LR: 0.000461                     Alpha: 0.5744425058364868                     Beta: 0.2433348000049591                     MemKD: 0.0
2026-02-07 15:16:23,922 - INFO - Epoch [19/100] Train Loss: 0.9374, Train Acc: 69.64%, Val Loss: 0.7028, Val Acc: 73.54%
2026-02-07 15:16:23,922 - INFO - Best model saved with accuracy: 73.54%
2026-02-07 15:16:44,606 - INFO - Epoch [20] Batch [0/35]                     Loss: 0.8648, Hard: 0.7388, Soft: 0.1260                     Acc: 68.75% LR: 0.000457                     Alpha: 0.5744425058364868                     Beta: 0.24866639077663422                     MemKD: 0.0
2026-02-07 15:16:55,894 - INFO - Epoch [20] Batch [20/35]                     Loss: 0.9829, Hard: 0.8482, Soft: 0.1347                     Acc: 69.64% LR: 0.000457                     Alpha: 0.5744425058364868                     Beta: 0.2558995485305786                     MemKD: 0.0
2026-02-07 15:17:25,751 - INFO - Epoch [20/100] Train Loss: 0.9942, Train Acc: 67.86%, Val Loss: 0.7745, Val Acc: 70.74%
2026-02-07 15:17:25,814 - INFO - Checkpoint saved at epoch 20
2026-02-07 15:17:46,775 - INFO - Epoch [21] Batch [0/35]                     Loss: 0.8840, Hard: 0.7418, Soft: 0.1422                     Acc: 68.75% LR: 0.000452                     Alpha: 0.5744425058364868                     Beta: 0.26172104477882385                     MemKD: 0.0
2026-02-07 15:17:57,953 - INFO - Epoch [21] Batch [20/35]                     Loss: 0.6500, Hard: 0.5584, Soft: 0.0916                     Acc: 72.32% LR: 0.000452                     Alpha: 0.5744425058364868                     Beta: 0.26884299516677856                     MemKD: 0.0
2026-02-07 15:18:28,954 - INFO - Epoch [21/100] Train Loss: 0.9127, Train Acc: 71.61%, Val Loss: 0.6767, Val Acc: 72.74%
2026-02-07 15:18:48,440 - INFO - Epoch [22] Batch [0/35]                     Loss: 1.3949, Hard: 1.1789, Soft: 0.2160                     Acc: 43.75% LR: 0.000448                     Alpha: 0.5744425058364868                     Beta: 0.27375537157058716                     MemKD: 0.0
2026-02-07 15:18:59,727 - INFO - Epoch [22] Batch [20/35]                     Loss: 0.9267, Hard: 0.7967, Soft: 0.1300                     Acc: 71.13% LR: 0.000448                     Alpha: 0.5744425058364868                     Beta: 0.2804248631000519                     MemKD: 0.0
2026-02-07 15:19:32,188 - INFO - Epoch [22/100] Train Loss: 0.9304, Train Acc: 69.11%, Val Loss: 0.6840, Val Acc: 73.14%
2026-02-07 15:19:53,786 - INFO - Epoch [23] Batch [0/35]                     Loss: 0.8849, Hard: 0.7355, Soft: 0.1494                     Acc: 75.00% LR: 0.000443                     Alpha: 0.5744425058364868                     Beta: 0.2856210172176361                     MemKD: 0.0
2026-02-07 15:20:05,044 - INFO - Epoch [23] Batch [20/35]                     Loss: 0.8672, Hard: 0.7458, Soft: 0.1213                     Acc: 73.81% LR: 0.000443                     Alpha: 0.5744425058364868                     Beta: 0.29217368364334106                     MemKD: 0.0
2026-02-07 15:20:36,925 - INFO - Epoch [23/100] Train Loss: 0.8523, Train Acc: 73.39%, Val Loss: 0.7041, Val Acc: 71.28%
2026-02-07 15:20:58,677 - INFO - Epoch [24] Batch [0/35]                     Loss: 0.7446, Hard: 0.6300, Soft: 0.1146                     Acc: 75.00% LR: 0.000438                     Alpha: 0.5744425058364868                     Beta: 0.2969759702682495                     MemKD: 0.0
2026-02-07 15:21:09,731 - INFO - Epoch [24] Batch [20/35]                     Loss: 0.4489, Hard: 0.3859, Soft: 0.0630                     Acc: 73.81% LR: 0.000438                     Alpha: 0.5744425058364868                     Beta: 0.30312809348106384                     MemKD: 0.0
2026-02-07 15:21:42,966 - INFO - Epoch [24/100] Train Loss: 0.8475, Train Acc: 72.68%, Val Loss: 0.7709, Val Acc: 67.29%
2026-02-07 15:22:04,031 - INFO - Epoch [25] Batch [0/35]                     Loss: 1.1002, Hard: 0.9479, Soft: 0.1523                     Acc: 56.25% LR: 0.000432                     Alpha: 0.5744425058364868                     Beta: 0.307923823595047                     MemKD: 0.0
2026-02-07 15:22:15,275 - INFO - Epoch [25] Batch [20/35]                     Loss: 0.4045, Hard: 0.3391, Soft: 0.0654                     Acc: 72.62% LR: 0.000432                     Alpha: 0.5744425058364868                     Beta: 0.3139667510986328                     MemKD: 0.0
2026-02-07 15:22:47,313 - INFO - Epoch [25/100] Train Loss: 0.8321, Train Acc: 72.86%, Val Loss: 0.6361, Val Acc: 76.86%
2026-02-07 15:22:47,314 - INFO - Best model saved with accuracy: 76.86%
2026-02-07 15:23:07,838 - INFO - Epoch [26] Batch [0/35]                     Loss: 0.5315, Hard: 0.4515, Soft: 0.0800                     Acc: 93.75% LR: 0.000427                     Alpha: 0.5744425058364868                     Beta: 0.31854352355003357                     MemKD: 0.0
2026-02-07 15:23:19,719 - INFO - Epoch [26] Batch [20/35]                     Loss: 1.1827, Hard: 1.0482, Soft: 0.1345                     Acc: 76.49% LR: 0.000427                     Alpha: 0.5744425058364868                     Beta: 0.324479877948761                     MemKD: 0.0
2026-02-07 15:23:51,743 - INFO - Epoch [26/100] Train Loss: 0.7758, Train Acc: 76.79%, Val Loss: 0.6368, Val Acc: 75.27%
2026-02-07 15:24:12,945 - INFO - Epoch [27] Batch [0/35]                     Loss: 0.4857, Hard: 0.4214, Soft: 0.0643                     Acc: 87.50% LR: 0.000421                     Alpha: 0.5744425058364868                     Beta: 0.32896414399147034                     MemKD: 0.0
2026-02-07 15:24:24,830 - INFO - Epoch [27] Batch [20/35]                     Loss: 0.4725, Hard: 0.4040, Soft: 0.0685                     Acc: 73.21% LR: 0.000421                     Alpha: 0.5744425058364868                     Beta: 0.33468085527420044                     MemKD: 0.0
2026-02-07 15:24:57,198 - INFO - Epoch [27/100] Train Loss: 0.8080, Train Acc: 72.86%, Val Loss: 0.6787, Val Acc: 73.80%
2026-02-07 15:25:18,819 - INFO - Epoch [28] Batch [0/35]                     Loss: 1.0465, Hard: 0.8861, Soft: 0.1604                     Acc: 62.50% LR: 0.000415                     Alpha: 0.5744425058364868                     Beta: 0.33923110365867615                     MemKD: 0.0
2026-02-07 15:25:30,075 - INFO - Epoch [28] Batch [20/35]                     Loss: 0.7593, Hard: 0.6696, Soft: 0.0897                     Acc: 72.92% LR: 0.000415                     Alpha: 0.5744425058364868                     Beta: 0.3456276059150696                     MemKD: 0.0
2026-02-07 15:26:01,312 - INFO - Epoch [28/100] Train Loss: 0.8024, Train Acc: 72.50%, Val Loss: 0.7304, Val Acc: 70.48%
2026-02-07 15:26:22,062 - INFO - Epoch [29] Batch [0/35]                     Loss: 0.8959, Hard: 0.8041, Soft: 0.0918                     Acc: 75.00% LR: 0.000409                     Alpha: 0.5744425058364868                     Beta: 0.3500398099422455                     MemKD: 0.0
2026-02-07 15:26:33,228 - INFO - Epoch [29] Batch [20/35]                     Loss: 0.8823, Hard: 0.7417, Soft: 0.1406                     Acc: 76.79% LR: 0.000409                     Alpha: 0.5744425058364868                     Beta: 0.355908066034317                     MemKD: 0.0
2026-02-07 15:27:04,427 - INFO - Epoch [29/100] Train Loss: 0.7435, Train Acc: 76.43%, Val Loss: 0.6120, Val Acc: 75.66%
2026-02-07 15:27:25,386 - INFO - Epoch [30] Batch [0/35]                     Loss: 1.0797, Hard: 0.9135, Soft: 0.1662                     Acc: 56.25% LR: 0.000403                     Alpha: 0.5744425058364868                     Beta: 0.36006924510002136                     MemKD: 0.0
2026-02-07 15:27:36,482 - INFO - Epoch [30] Batch [20/35]                     Loss: 1.2501, Hard: 1.0853, Soft: 0.1648                     Acc: 75.00% LR: 0.000403                     Alpha: 0.5744425058364868                     Beta: 0.3656357526779175                     MemKD: 0.0
2026-02-07 15:28:07,639 - INFO - Epoch [30/100] Train Loss: 0.8116, Train Acc: 74.64%, Val Loss: 0.6177, Val Acc: 76.20%
2026-02-07 15:28:07,701 - INFO - Checkpoint saved at epoch 30
2026-02-07 15:28:27,577 - INFO - Epoch [31] Batch [0/35]                     Loss: 0.9561, Hard: 0.8046, Soft: 0.1515                     Acc: 62.50% LR: 0.000397                     Alpha: 0.5744425058364868                     Beta: 0.3701183795928955                     MemKD: 0.0
2026-02-07 15:28:38,825 - INFO - Epoch [31] Batch [20/35]                     Loss: 0.7208, Hard: 0.6287, Soft: 0.0921                     Acc: 77.38% LR: 0.000397                     Alpha: 0.5744425058364868                     Beta: 0.37579625844955444                     MemKD: 0.0
2026-02-07 15:29:09,336 - INFO - Epoch [31/100] Train Loss: 0.6906, Train Acc: 77.50%, Val Loss: 0.5890, Val Acc: 76.99%
2026-02-07 15:29:09,337 - INFO - Best model saved with accuracy: 76.99%
2026-02-07 15:29:30,012 - INFO - Epoch [32] Batch [0/35]                     Loss: 0.7692, Hard: 0.6638, Soft: 0.1054                     Acc: 75.00% LR: 0.000391                     Alpha: 0.5744425058364868                     Beta: 0.3796637952327728                     MemKD: 0.0
2026-02-07 15:29:41,203 - INFO - Epoch [32] Batch [20/35]                     Loss: 0.5809, Hard: 0.4836, Soft: 0.0972                     Acc: 78.57% LR: 0.000391                     Alpha: 0.5744425058364868                     Beta: 0.38455715775489807                     MemKD: 0.0
2026-02-07 15:30:12,279 - INFO - Epoch [32/100] Train Loss: 0.7050, Train Acc: 79.11%, Val Loss: 0.6003, Val Acc: 77.53%
2026-02-07 15:30:12,279 - INFO - Best model saved with accuracy: 77.53%
2026-02-07 15:30:33,024 - INFO - Epoch [33] Batch [0/35]                     Loss: 0.4838, Hard: 0.4041, Soft: 0.0797                     Acc: 93.75% LR: 0.000384                     Alpha: 0.5744425058364868                     Beta: 0.38842594623565674                     MemKD: 0.0
2026-02-07 15:30:44,271 - INFO - Epoch [33] Batch [20/35]                     Loss: 0.8932, Hard: 0.7637, Soft: 0.1295                     Acc: 77.38% LR: 0.000384                     Alpha: 0.5744425058364868                     Beta: 0.3939431607723236                     MemKD: 0.0
2026-02-07 15:31:15,138 - INFO - Epoch [33/100] Train Loss: 0.7596, Train Acc: 76.07%, Val Loss: 0.5561, Val Acc: 79.65%
2026-02-07 15:31:15,138 - INFO - Best model saved with accuracy: 79.65%
2026-02-07 15:31:36,909 - INFO - Epoch [34] Batch [0/35]                     Loss: 0.5475, Hard: 0.4783, Soft: 0.0692                     Acc: 87.50% LR: 0.000377                     Alpha: 0.5744425058364868                     Beta: 0.3984692692756653                     MemKD: 0.0
2026-02-07 15:31:48,121 - INFO - Epoch [34] Batch [20/35]                     Loss: 0.6897, Hard: 0.5946, Soft: 0.0951                     Acc: 77.68% LR: 0.000377                     Alpha: 0.5744425058364868                     Beta: 0.40403780341148376                     MemKD: 0.0
2026-02-07 15:32:20,870 - INFO - Epoch [34/100] Train Loss: 0.7522, Train Acc: 74.29%, Val Loss: 0.6955, Val Acc: 73.80%
2026-02-07 15:32:41,572 - INFO - Epoch [35] Batch [0/35]                     Loss: 1.4790, Hard: 1.2862, Soft: 0.1928                     Acc: 62.50% LR: 0.000370                     Alpha: 0.5744425058364868                     Beta: 0.40875428915023804                     MemKD: 0.0
2026-02-07 15:32:52,812 - INFO - Epoch [35] Batch [20/35]                     Loss: 0.5754, Hard: 0.4844, Soft: 0.0909                     Acc: 75.89% LR: 0.000370                     Alpha: 0.5744425058364868                     Beta: 0.4147210121154785                     MemKD: 0.0
2026-02-07 15:33:24,531 - INFO - Epoch [35/100] Train Loss: 0.7575, Train Acc: 75.71%, Val Loss: 0.7838, Val Acc: 71.81%
2026-02-07 15:33:43,916 - INFO - Epoch [36] Batch [0/35]                     Loss: 0.6442, Hard: 0.5539, Soft: 0.0903                     Acc: 87.50% LR: 0.000363                     Alpha: 0.5744425058364868                     Beta: 0.4189507067203522                     MemKD: 0.0
2026-02-07 15:33:55,168 - INFO - Epoch [36] Batch [20/35]                     Loss: 0.8331, Hard: 0.7059, Soft: 0.1272                     Acc: 77.98% LR: 0.000363                     Alpha: 0.5744425058364868                     Beta: 0.42401206493377686                     MemKD: 0.0
2026-02-07 15:34:26,598 - INFO - Epoch [36/100] Train Loss: 0.6925, Train Acc: 77.32%, Val Loss: 0.5815, Val Acc: 78.32%
2026-02-07 15:34:45,858 - INFO - Epoch [37] Batch [0/35]                     Loss: 0.3886, Hard: 0.3277, Soft: 0.0609                     Acc: 93.75% LR: 0.000356                     Alpha: 0.5744425058364868                     Beta: 0.42798852920532227                     MemKD: 0.0
2026-02-07 15:34:57,119 - INFO - Epoch [37] Batch [20/35]                     Loss: 0.6323, Hard: 0.5460, Soft: 0.0864                     Acc: 81.25% LR: 0.000356                     Alpha: 0.5744425058364868                     Beta: 0.4326682388782501                     MemKD: 0.0
2026-02-07 15:35:29,193 - INFO - Epoch [37/100] Train Loss: 0.6141, Train Acc: 81.25%, Val Loss: 0.4840, Val Acc: 83.11%
2026-02-07 15:35:29,193 - INFO - Best model saved with accuracy: 83.11%
2026-02-07 15:35:50,738 - INFO - Epoch [38] Batch [0/35]                     Loss: 0.3625, Hard: 0.3081, Soft: 0.0544                     Acc: 87.50% LR: 0.000349                     Alpha: 0.5744425058364868                     Beta: 0.4359671473503113                     MemKD: 0.0
2026-02-07 15:36:01,808 - INFO - Epoch [38] Batch [20/35]                     Loss: 1.2572, Hard: 1.0917, Soft: 0.1655                     Acc: 80.95% LR: 0.000349                     Alpha: 0.5744425058364868                     Beta: 0.4400009214878082                     MemKD: 0.0
2026-02-07 15:36:34,938 - INFO - Epoch [38/100] Train Loss: 0.6229, Train Acc: 80.54%, Val Loss: 0.5294, Val Acc: 79.39%
2026-02-07 15:36:57,579 - INFO - Epoch [39] Batch [0/35]                     Loss: 0.4596, Hard: 0.3980, Soft: 0.0616                     Acc: 87.50% LR: 0.000342                     Alpha: 0.5744425058364868                     Beta: 0.4438260495662689                     MemKD: 0.0
2026-02-07 15:37:08,688 - INFO - Epoch [39] Batch [20/35]                     Loss: 0.4443, Hard: 0.3713, Soft: 0.0730                     Acc: 83.04% LR: 0.000342                     Alpha: 0.5744425058364868                     Beta: 0.4482800364494324                     MemKD: 0.0
2026-02-07 15:37:43,025 - INFO - Epoch [39/100] Train Loss: 0.6031, Train Acc: 82.32%, Val Loss: 0.6454, Val Acc: 75.00%
2026-02-07 15:38:05,241 - INFO - Epoch [40] Batch [0/35]                     Loss: 0.6255, Hard: 0.5353, Soft: 0.0902                     Acc: 87.50% LR: 0.000335                     Alpha: 0.5744425058364868                     Beta: 0.4517163932323456                     MemKD: 0.0
2026-02-07 15:38:16,343 - INFO - Epoch [40] Batch [20/35]                     Loss: 0.3816, Hard: 0.3201, Soft: 0.0616                     Acc: 80.06% LR: 0.000335                     Alpha: 0.5744425058364868                     Beta: 0.45632046461105347                     MemKD: 0.0
2026-02-07 15:38:49,605 - INFO - Epoch [40/100] Train Loss: 0.6499, Train Acc: 81.25%, Val Loss: 0.5207, Val Acc: 81.12%
2026-02-07 15:38:49,644 - INFO - Checkpoint saved at epoch 40
2026-02-07 15:39:11,029 - INFO - Epoch [41] Batch [0/35]                     Loss: 0.3338, Hard: 0.2865, Soft: 0.0473                     Acc: 100.00% LR: 0.000327                     Alpha: 0.5744425058364868                     Beta: 0.4597494900226593                     MemKD: 0.0
2026-02-07 15:39:22,255 - INFO - Epoch [41] Batch [20/35]                     Loss: 0.6551, Hard: 0.5595, Soft: 0.0956                     Acc: 78.87% LR: 0.000327                     Alpha: 0.5744425058364868                     Beta: 0.4641852080821991                     MemKD: 0.0
2026-02-07 15:39:52,599 - INFO - Epoch [41/100] Train Loss: 0.6236, Train Acc: 80.18%, Val Loss: 0.5362, Val Acc: 79.92%
2026-02-07 15:40:14,827 - INFO - Epoch [42] Batch [0/35]                     Loss: 0.6927, Hard: 0.6036, Soft: 0.0892                     Acc: 75.00% LR: 0.000320                     Alpha: 0.5744425058364868                     Beta: 0.46764233708381653                     MemKD: 0.0
2026-02-07 15:40:26,098 - INFO - Epoch [42] Batch [20/35]                     Loss: 0.8305, Hard: 0.7216, Soft: 0.1090                     Acc: 85.12% LR: 0.000320                     Alpha: 0.5744425058364868                     Beta: 0.47169607877731323                     MemKD: 0.0
2026-02-07 15:40:57,205 - INFO - Epoch [42/100] Train Loss: 0.5404, Train Acc: 84.29%, Val Loss: 0.5930, Val Acc: 76.73%
2026-02-07 15:41:17,509 - INFO - Epoch [43] Batch [0/35]                     Loss: 0.4339, Hard: 0.3809, Soft: 0.0531                     Acc: 87.50% LR: 0.000312                     Alpha: 0.5744425058364868                     Beta: 0.474770724773407                     MemKD: 0.0
2026-02-07 15:41:28,630 - INFO - Epoch [43] Batch [20/35]                     Loss: 0.8541, Hard: 0.7077, Soft: 0.1464                     Acc: 82.14% LR: 0.000312                     Alpha: 0.5744425058364868                     Beta: 0.47876259684562683                     MemKD: 0.0
2026-02-07 15:42:01,133 - INFO - Epoch [43/100] Train Loss: 0.5594, Train Acc: 82.68%, Val Loss: 0.6149, Val Acc: 76.99%
2026-02-07 15:42:21,885 - INFO - Epoch [44] Batch [0/35]                     Loss: 0.3635, Hard: 0.3244, Soft: 0.0392                     Acc: 81.25% LR: 0.000305                     Alpha: 0.5744425058364868                     Beta: 0.48196765780448914                     MemKD: 0.0
2026-02-07 15:42:33,154 - INFO - Epoch [44] Batch [20/35]                     Loss: 0.4879, Hard: 0.4209, Soft: 0.0670                     Acc: 81.85% LR: 0.000305                     Alpha: 0.5744425058364868                     Beta: 0.4857000708580017                     MemKD: 0.0
2026-02-07 15:43:03,290 - INFO - Epoch [44/100] Train Loss: 0.5455, Train Acc: 81.96%, Val Loss: 0.5027, Val Acc: 80.98%
2026-02-07 15:43:24,489 - INFO - Epoch [45] Batch [0/35]                     Loss: 0.4686, Hard: 0.4143, Soft: 0.0543                     Acc: 81.25% LR: 0.000297                     Alpha: 0.5744425058364868                     Beta: 0.48875826597213745                     MemKD: 0.0
2026-02-07 15:43:35,728 - INFO - Epoch [45] Batch [20/35]                     Loss: 0.9048, Hard: 0.8102, Soft: 0.0946                     Acc: 83.63% LR: 0.000297                     Alpha: 0.5744425058364868                     Beta: 0.4919707775115967                     MemKD: 0.0
2026-02-07 15:44:06,610 - INFO - Epoch [45/100] Train Loss: 0.5187, Train Acc: 82.32%, Val Loss: 0.5360, Val Acc: 79.52%
2026-02-07 15:44:26,042 - INFO - Epoch [46] Batch [0/35]                     Loss: 0.9286, Hard: 0.8095, Soft: 0.1191                     Acc: 75.00% LR: 0.000289                     Alpha: 0.5744425058364868                     Beta: 0.4948714077472687                     MemKD: 0.0
2026-02-07 15:44:37,140 - INFO - Epoch [46] Batch [20/35]                     Loss: 0.4989, Hard: 0.4515, Soft: 0.0475                     Acc: 81.25% LR: 0.000289                     Alpha: 0.5744425058364868                     Beta: 0.49904337525367737                     MemKD: 0.0
2026-02-07 15:45:07,926 - INFO - Epoch [46/100] Train Loss: 0.5822, Train Acc: 80.71%, Val Loss: 0.5959, Val Acc: 77.93%
2026-02-07 15:45:26,787 - INFO - Epoch [47] Batch [0/35]                     Loss: 0.6026, Hard: 0.5395, Soft: 0.0630                     Acc: 81.25% LR: 0.000281                     Alpha: 0.5744425058364868                     Beta: 0.5018495917320251                     MemKD: 0.0
2026-02-07 15:45:37,862 - INFO - Epoch [47] Batch [20/35]                     Loss: 0.7783, Hard: 0.6916, Soft: 0.0867                     Acc: 80.95% LR: 0.000281                     Alpha: 0.5744425058364868                     Beta: 0.5058127641677856                     MemKD: 0.0
2026-02-07 15:46:08,228 - INFO - Epoch [47/100] Train Loss: 0.5786, Train Acc: 81.61%, Val Loss: 0.5694, Val Acc: 77.93%
2026-02-07 15:46:27,869 - INFO - Epoch [48] Batch [0/35]                     Loss: 0.7120, Hard: 0.6364, Soft: 0.0756                     Acc: 81.25% LR: 0.000274                     Alpha: 0.5744425058364868                     Beta: 0.5086267590522766                     MemKD: 0.0
2026-02-07 15:46:39,135 - INFO - Epoch [48] Batch [20/35]                     Loss: 0.2633, Hard: 0.2355, Soft: 0.0278                     Acc: 80.95% LR: 0.000274                     Alpha: 0.5744425058364868                     Beta: 0.512619137763977                     MemKD: 0.0
2026-02-07 15:47:08,411 - INFO - Epoch [48/100] Train Loss: 0.5906, Train Acc: 81.43%, Val Loss: 0.5348, Val Acc: 78.59%
2026-02-07 15:47:29,710 - INFO - Epoch [49] Batch [0/35]                     Loss: 0.5430, Hard: 0.4717, Soft: 0.0713                     Acc: 75.00% LR: 0.000266                     Alpha: 0.5744425058364868                     Beta: 0.5153998136520386                     MemKD: 0.0
2026-02-07 15:47:40,981 - INFO - Epoch [49] Batch [20/35]                     Loss: 0.7650, Hard: 0.6726, Soft: 0.0925                     Acc: 78.27% LR: 0.000266                     Alpha: 0.5744425058364868                     Beta: 0.5191358327865601                     MemKD: 0.0
2026-02-07 15:48:10,654 - INFO - Epoch [49/100] Train Loss: 0.6122, Train Acc: 80.89%, Val Loss: 0.4986, Val Acc: 80.32%
2026-02-07 15:48:31,391 - INFO - Epoch [50] Batch [0/35]                     Loss: 0.4598, Hard: 0.4118, Soft: 0.0480                     Acc: 93.75% LR: 0.000258                     Alpha: 0.5744425058364868                     Beta: 0.5221547484397888                     MemKD: 0.0
2026-02-07 15:48:42,638 - INFO - Epoch [50] Batch [20/35]                     Loss: 0.7424, Hard: 0.6688, Soft: 0.0736                     Acc: 80.65% LR: 0.000258                     Alpha: 0.5744425058364868                     Beta: 0.5259662866592407                     MemKD: 0.0
2026-02-07 15:49:13,546 - INFO - Epoch [50/100] Train Loss: 0.5705, Train Acc: 82.86%, Val Loss: 0.4556, Val Acc: 83.51%
2026-02-07 15:49:13,547 - INFO - Best model saved with accuracy: 83.51%
2026-02-07 15:49:13,623 - INFO - Checkpoint saved at epoch 50
2026-02-07 15:49:33,761 - INFO - Epoch [51] Batch [0/35]                     Loss: 0.4623, Hard: 0.4075, Soft: 0.0548                     Acc: 75.00% LR: 0.000250                     Alpha: 0.5744425058364868                     Beta: 0.5284324884414673                     MemKD: 0.0
2026-02-07 15:49:44,883 - INFO - Epoch [51] Batch [20/35]                     Loss: 0.6891, Hard: 0.6244, Soft: 0.0646                     Acc: 83.33% LR: 0.000250                     Alpha: 0.5744425058364868                     Beta: 0.5315612554550171                     MemKD: 0.0
2026-02-07 15:50:14,939 - INFO - Epoch [51/100] Train Loss: 0.4867, Train Acc: 82.32%, Val Loss: 0.4613, Val Acc: 81.65%
2026-02-07 15:50:35,673 - INFO - Epoch [52] Batch [0/35]                     Loss: 0.5010, Hard: 0.4371, Soft: 0.0639                     Acc: 87.50% LR: 0.000242                     Alpha: 0.5744425058364868                     Beta: 0.533928632736206                     MemKD: 0.0
2026-02-07 15:50:46,714 - INFO - Epoch [52] Batch [20/35]                     Loss: 0.2545, Hard: 0.2145, Soft: 0.0401                     Acc: 82.74% LR: 0.000242                     Alpha: 0.5744425058364868                     Beta: 0.537250280380249                     MemKD: 0.0
2026-02-07 15:51:18,907 - INFO - Epoch [52/100] Train Loss: 0.5344, Train Acc: 81.96%, Val Loss: 0.4754, Val Acc: 82.31%
2026-02-07 15:51:39,627 - INFO - Epoch [53] Batch [0/35]                     Loss: 0.5164, Hard: 0.4477, Soft: 0.0687                     Acc: 87.50% LR: 0.000234                     Alpha: 0.5744425058364868                     Beta: 0.5397599339485168                     MemKD: 0.0
2026-02-07 15:51:50,901 - INFO - Epoch [53] Batch [20/35]                     Loss: 0.2695, Hard: 0.2306, Soft: 0.0389                     Acc: 84.23% LR: 0.000234                     Alpha: 0.5744425058364868                     Beta: 0.5430935025215149                     MemKD: 0.0
2026-02-07 15:52:21,720 - INFO - Epoch [53/100] Train Loss: 0.4736, Train Acc: 85.36%, Val Loss: 0.4557, Val Acc: 83.24%
2026-02-07 15:52:41,251 - INFO - Epoch [54] Batch [0/35]                     Loss: 0.5867, Hard: 0.5151, Soft: 0.0715                     Acc: 81.25% LR: 0.000226                     Alpha: 0.5744425058364868                     Beta: 0.545495331287384                     MemKD: 0.0
2026-02-07 15:52:52,480 - INFO - Epoch [54] Batch [20/35]                     Loss: 0.3037, Hard: 0.2660, Soft: 0.0376                     Acc: 82.74% LR: 0.000226                     Alpha: 0.5744425058364868                     Beta: 0.5484938621520996                     MemKD: 0.0
2026-02-07 15:53:24,096 - INFO - Epoch [54/100] Train Loss: 0.5104, Train Acc: 82.68%, Val Loss: 0.5848, Val Acc: 79.39%
2026-02-07 15:53:43,905 - INFO - Epoch [55] Batch [0/35]                     Loss: 0.4559, Hard: 0.3967, Soft: 0.0592                     Acc: 87.50% LR: 0.000219                     Alpha: 0.5744425058364868                     Beta: 0.5508192777633667                     MemKD: 0.0
2026-02-07 15:53:58,726 - INFO - Epoch [55] Batch [20/35]                     Loss: 0.5341, Hard: 0.4776, Soft: 0.0565                     Acc: 84.82% LR: 0.000219                     Alpha: 0.5744425058364868                     Beta: 0.5537164211273193                     MemKD: 0.0
2026-02-07 15:54:34,235 - INFO - Epoch [55/100] Train Loss: 0.4902, Train Acc: 84.64%, Val Loss: 0.4823, Val Acc: 81.65%
2026-02-07 15:54:55,890 - INFO - Epoch [56] Batch [0/35]                     Loss: 0.3474, Hard: 0.3058, Soft: 0.0416                     Acc: 93.75% LR: 0.000211                     Alpha: 0.5744425058364868                     Beta: 0.555753231048584                     MemKD: 0.0
2026-02-07 15:55:10,149 - INFO - Epoch [56] Batch [20/35]                     Loss: 0.4213, Hard: 0.3519, Soft: 0.0694                     Acc: 82.14% LR: 0.000211                     Alpha: 0.5744425058364868                     Beta: 0.5586816072463989                     MemKD: 0.0
2026-02-07 15:55:47,262 - INFO - Epoch [56/100] Train Loss: 0.5008, Train Acc: 83.75%, Val Loss: 0.4007, Val Acc: 85.51%
2026-02-07 15:55:47,263 - INFO - Best model saved with accuracy: 85.51%
2026-02-07 15:56:07,481 - INFO - Epoch [57] Batch [0/35]                     Loss: 0.5658, Hard: 0.5027, Soft: 0.0631                     Acc: 81.25% LR: 0.000203                     Alpha: 0.5744425058364868                     Beta: 0.5608013868331909                     MemKD: 0.0
2026-02-07 15:56:21,621 - INFO - Epoch [57] Batch [20/35]                     Loss: 0.3778, Hard: 0.3357, Soft: 0.0421                     Acc: 85.42% LR: 0.000203                     Alpha: 0.5744425058364868                     Beta: 0.5634718537330627                     MemKD: 0.0
2026-02-07 15:56:57,627 - INFO - Epoch [57/100] Train Loss: 0.4857, Train Acc: 83.75%, Val Loss: 0.4875, Val Acc: 80.72%
2026-02-07 15:57:18,971 - INFO - Epoch [58] Batch [0/35]                     Loss: 0.4737, Hard: 0.4332, Soft: 0.0405                     Acc: 81.25% LR: 0.000195                     Alpha: 0.5744425058364868                     Beta: 0.5655277371406555                     MemKD: 0.0
2026-02-07 15:57:33,595 - INFO - Epoch [58] Batch [20/35]                     Loss: 0.4270, Hard: 0.3851, Soft: 0.0419                     Acc: 85.71% LR: 0.000195                     Alpha: 0.5744425058364868                     Beta: 0.5681048035621643                     MemKD: 0.0
2026-02-07 15:58:09,794 - INFO - Epoch [58/100] Train Loss: 0.5003, Train Acc: 83.57%, Val Loss: 0.4623, Val Acc: 82.98%
2026-02-07 15:58:30,407 - INFO - Epoch [59] Batch [0/35]                     Loss: 0.2849, Hard: 0.2439, Soft: 0.0410                     Acc: 93.75% LR: 0.000188                     Alpha: 0.5744425058364868                     Beta: 0.5702472925186157                     MemKD: 0.0
2026-02-07 15:58:45,019 - INFO - Epoch [59] Batch [20/35]                     Loss: 0.2307, Hard: 0.1930, Soft: 0.0376                     Acc: 88.99% LR: 0.000188                     Alpha: 0.5744425058364868                     Beta: 0.5727245211601257                     MemKD: 0.0
2026-02-07 15:59:20,703 - INFO - Epoch [59/100] Train Loss: 0.3990, Train Acc: 87.86%, Val Loss: 0.5283, Val Acc: 80.32%
2026-02-07 15:59:43,066 - INFO - Epoch [60] Batch [0/35]                     Loss: 0.2340, Hard: 0.2002, Soft: 0.0338                     Acc: 93.75% LR: 0.000180                     Alpha: 0.5744425058364868                     Beta: 0.574406087398529                     MemKD: 0.0
2026-02-07 15:59:57,653 - INFO - Epoch [60] Batch [20/35]                     Loss: 0.3933, Hard: 0.3370, Soft: 0.0563                     Acc: 86.31% LR: 0.000180                     Alpha: 0.5744425058364868                     Beta: 0.5768731236457825                     MemKD: 0.0
2026-02-07 16:00:34,065 - INFO - Epoch [60/100] Train Loss: 0.4584, Train Acc: 85.00%, Val Loss: 0.4262, Val Acc: 85.11%
2026-02-07 16:00:34,116 - INFO - Checkpoint saved at epoch 60
2026-02-07 16:00:55,518 - INFO - Epoch [61] Batch [0/35]                     Loss: 0.7147, Hard: 0.6451, Soft: 0.0696                     Acc: 68.75% LR: 0.000173                     Alpha: 0.5744425058364868                     Beta: 0.5787007808685303                     MemKD: 0.0
2026-02-07 16:01:10,045 - INFO - Epoch [61] Batch [20/35]                     Loss: 0.5485, Hard: 0.5038, Soft: 0.0447                     Acc: 85.12% LR: 0.000173                     Alpha: 0.5744425058364868                     Beta: 0.5810657739639282                     MemKD: 0.0
2026-02-07 16:01:45,752 - INFO - Epoch [61/100] Train Loss: 0.5167, Train Acc: 83.57%, Val Loss: 0.4247, Val Acc: 84.84%
2026-02-07 16:02:07,612 - INFO - Epoch [62] Batch [0/35]                     Loss: 0.4305, Hard: 0.3840, Soft: 0.0465                     Acc: 81.25% LR: 0.000165                     Alpha: 0.5744425058364868                     Beta: 0.5832129716873169                     MemKD: 0.0
2026-02-07 16:02:22,407 - INFO - Epoch [62] Batch [20/35]                     Loss: 0.5043, Hard: 0.4451, Soft: 0.0593                     Acc: 83.63% LR: 0.000165                     Alpha: 0.5744425058364868                     Beta: 0.585587203502655                     MemKD: 0.0
2026-02-07 16:02:57,419 - INFO - Epoch [62/100] Train Loss: 0.4718, Train Acc: 84.64%, Val Loss: 0.4201, Val Acc: 84.71%
2026-02-07 16:03:20,566 - INFO - Epoch [63] Batch [0/35]                     Loss: 0.3304, Hard: 0.2982, Soft: 0.0323                     Acc: 87.50% LR: 0.000158                     Alpha: 0.5744425058364868                     Beta: 0.5873475670814514                     MemKD: 0.0
2026-02-07 16:03:35,257 - INFO - Epoch [63] Batch [20/35]                     Loss: 0.2924, Hard: 0.2502, Soft: 0.0422                     Acc: 86.31% LR: 0.000158                     Alpha: 0.5744425058364868                     Beta: 0.5894619822502136                     MemKD: 0.0
2026-02-07 16:04:11,671 - INFO - Epoch [63/100] Train Loss: 0.4493, Train Acc: 85.18%, Val Loss: 0.4206, Val Acc: 84.04%
2026-02-07 16:04:34,515 - INFO - Epoch [64] Batch [0/35]                     Loss: 0.5842, Hard: 0.5283, Soft: 0.0560                     Acc: 75.00% LR: 0.000151                     Alpha: 0.5744425058364868                     Beta: 0.591055154800415                     MemKD: 0.0
2026-02-07 16:04:49,258 - INFO - Epoch [64] Batch [20/35]                     Loss: 0.2501, Hard: 0.2024, Soft: 0.0476                     Acc: 82.14% LR: 0.000151                     Alpha: 0.5744425058364868                     Beta: 0.5932477712631226                     MemKD: 0.0
2026-02-07 16:05:24,592 - INFO - Epoch [64/100] Train Loss: 0.4424, Train Acc: 84.29%, Val Loss: 0.3943, Val Acc: 85.11%
2026-02-07 16:05:46,183 - INFO - Epoch [65] Batch [0/35]                     Loss: 0.1587, Hard: 0.1268, Soft: 0.0319                     Acc: 100.00% LR: 0.000144                     Alpha: 0.5744425058364868                     Beta: 0.5947795510292053                     MemKD: 0.0
2026-02-07 16:06:00,976 - INFO - Epoch [65] Batch [20/35]                     Loss: 0.5138, Hard: 0.4439, Soft: 0.0698                     Acc: 86.61% LR: 0.000144                     Alpha: 0.5744425058364868                     Beta: 0.5966826677322388                     MemKD: 0.0
2026-02-07 16:06:36,777 - INFO - Epoch [65/100] Train Loss: 0.4170, Train Acc: 86.07%, Val Loss: 0.4087, Val Acc: 85.37%
2026-02-07 16:06:58,331 - INFO - Epoch [66] Batch [0/35]                     Loss: 0.2391, Hard: 0.2064, Soft: 0.0327                     Acc: 93.75% LR: 0.000137                     Alpha: 0.5744425058364868                     Beta: 0.5982019305229187                     MemKD: 0.0
2026-02-07 16:07:13,047 - INFO - Epoch [66] Batch [20/35]                     Loss: 0.2764, Hard: 0.2419, Soft: 0.0345                     Acc: 86.61% LR: 0.000137                     Alpha: 0.5744425058364868                     Beta: 0.600009560585022                     MemKD: 0.0
2026-02-07 16:07:46,849 - INFO - Epoch [66/100] Train Loss: 0.4108, Train Acc: 86.07%, Val Loss: 0.4329, Val Acc: 84.18%
2026-02-07 16:08:08,227 - INFO - Epoch [67] Batch [0/35]                     Loss: 0.3335, Hard: 0.2925, Soft: 0.0409                     Acc: 87.50% LR: 0.000130                     Alpha: 0.5744425058364868                     Beta: 0.6014223098754883                     MemKD: 0.0
2026-02-07 16:08:23,144 - INFO - Epoch [67] Batch [20/35]                     Loss: 0.1624, Hard: 0.1407, Soft: 0.0216                     Acc: 87.20% LR: 0.000130                     Alpha: 0.5744425058364868                     Beta: 0.6032112836837769                     MemKD: 0.0
2026-02-07 16:08:58,093 - INFO - Epoch [67/100] Train Loss: 0.4306, Train Acc: 86.79%, Val Loss: 0.4830, Val Acc: 80.32%
2026-02-07 16:09:21,197 - INFO - Epoch [68] Batch [0/35]                     Loss: 0.7956, Hard: 0.6992, Soft: 0.0964                     Acc: 75.00% LR: 0.000123                     Alpha: 0.5744425058364868                     Beta: 0.6045390963554382                     MemKD: 0.0
2026-02-07 16:09:35,588 - INFO - Epoch [68] Batch [20/35]                     Loss: 0.5615, Hard: 0.5029, Soft: 0.0587                     Acc: 88.10% LR: 0.000123                     Alpha: 0.5744425058364868                     Beta: 0.6062349081039429                     MemKD: 0.0
2026-02-07 16:10:10,303 - INFO - Epoch [68/100] Train Loss: 0.4088, Train Acc: 87.14%, Val Loss: 0.4243, Val Acc: 84.31%
2026-02-07 16:10:33,748 - INFO - Epoch [69] Batch [0/35]                     Loss: 0.3304, Hard: 0.2903, Soft: 0.0401                     Acc: 87.50% LR: 0.000116                     Alpha: 0.5744425058364868                     Beta: 0.6075244545936584                     MemKD: 0.0
2026-02-07 16:10:48,161 - INFO - Epoch [69] Batch [20/35]                     Loss: 0.5480, Hard: 0.4944, Soft: 0.0536                     Acc: 85.42% LR: 0.000116                     Alpha: 0.5744425058364868                     Beta: 0.6092052459716797                     MemKD: 0.0
2026-02-07 16:11:24,082 - INFO - Epoch [69/100] Train Loss: 0.4133, Train Acc: 85.54%, Val Loss: 0.4836, Val Acc: 81.78%
2026-02-07 16:11:46,200 - INFO - Epoch [70] Batch [0/35]                     Loss: 0.6405, Hard: 0.5825, Soft: 0.0580                     Acc: 81.25% LR: 0.000109                     Alpha: 0.5744425058364868                     Beta: 0.6104406118392944                     MemKD: 0.0
2026-02-07 16:11:56,799 - INFO - Epoch [70] Batch [20/35]                     Loss: 0.5312, Hard: 0.4667, Soft: 0.0645                     Acc: 87.80% LR: 0.000109                     Alpha: 0.5744425058364868                     Beta: 0.6119940876960754                     MemKD: 0.0
2026-02-07 16:12:28,423 - INFO - Epoch [70/100] Train Loss: 0.3766, Train Acc: 88.39%, Val Loss: 0.5434, Val Acc: 80.72%
2026-02-07 16:12:28,478 - INFO - Checkpoint saved at epoch 70
2026-02-07 16:12:51,585 - INFO - Epoch [71] Batch [0/35]                     Loss: 0.7093, Hard: 0.6439, Soft: 0.0655                     Acc: 75.00% LR: 0.000103                     Alpha: 0.5744425058364868                     Beta: 0.613064706325531                     MemKD: 0.0
2026-02-07 16:13:05,954 - INFO - Epoch [71] Batch [20/35]                     Loss: 0.7075, Hard: 0.6560, Soft: 0.0515                     Acc: 84.52% LR: 0.000103                     Alpha: 0.5744425058364868                     Beta: 0.6144746541976929                     MemKD: 0.0
2026-02-07 16:13:40,386 - INFO - Epoch [71/100] Train Loss: 0.4670, Train Acc: 84.82%, Val Loss: 0.3755, Val Acc: 86.70%
2026-02-07 16:13:40,386 - INFO - Best model saved with accuracy: 86.70%
2026-02-07 16:14:01,634 - INFO - Epoch [72] Batch [0/35]                     Loss: 0.5844, Hard: 0.5344, Soft: 0.0501                     Acc: 75.00% LR: 0.000097                     Alpha: 0.5744425058364868                     Beta: 0.6156614422798157                     MemKD: 0.0
2026-02-07 16:14:16,023 - INFO - Epoch [72] Batch [20/35]                     Loss: 0.2694, Hard: 0.2336, Soft: 0.0358                     Acc: 86.61% LR: 0.000097                     Alpha: 0.5744425058364868                     Beta: 0.6170494556427002                     MemKD: 0.0
2026-02-07 16:14:51,078 - INFO - Epoch [72/100] Train Loss: 0.3843, Train Acc: 86.79%, Val Loss: 0.4173, Val Acc: 85.51%
2026-02-07 16:15:12,003 - INFO - Epoch [73] Batch [0/35]                     Loss: 0.3147, Hard: 0.2868, Soft: 0.0279                     Acc: 87.50% LR: 0.000091                     Alpha: 0.5744425058364868                     Beta: 0.6180402636528015                     MemKD: 0.0
2026-02-07 16:15:26,305 - INFO - Epoch [73] Batch [20/35]                     Loss: 0.6295, Hard: 0.5760, Soft: 0.0534                     Acc: 84.52% LR: 0.000091                     Alpha: 0.5744425058364868                     Beta: 0.6192735433578491                     MemKD: 0.0
2026-02-07 16:16:02,440 - INFO - Epoch [73/100] Train Loss: 0.4294, Train Acc: 84.82%, Val Loss: 0.3853, Val Acc: 86.04%
2026-02-07 16:16:23,921 - INFO - Epoch [74] Batch [0/35]                     Loss: 0.1660, Hard: 0.1325, Soft: 0.0335                     Acc: 93.75% LR: 0.000085                     Alpha: 0.5744425058364868                     Beta: 0.6201878786087036                     MemKD: 0.0
2026-02-07 16:16:38,741 - INFO - Epoch [74] Batch [20/35]                     Loss: 0.1473, Hard: 0.1250, Soft: 0.0223                     Acc: 87.50% LR: 0.000085                     Alpha: 0.5744425058364868                     Beta: 0.6213365793228149                     MemKD: 0.0
2026-02-07 16:17:13,629 - INFO - Epoch [74/100] Train Loss: 0.3791, Train Acc: 87.14%, Val Loss: 0.3886, Val Acc: 86.17%
2026-02-07 16:17:35,582 - INFO - Epoch [75] Batch [0/35]                     Loss: 0.1749, Hard: 0.1533, Soft: 0.0215                     Acc: 93.75% LR: 0.000079                     Alpha: 0.5744425058364868                     Beta: 0.6221332550048828                     MemKD: 0.0
2026-02-07 16:17:50,037 - INFO - Epoch [75] Batch [20/35]                     Loss: 0.6203, Hard: 0.5426, Soft: 0.0777                     Acc: 88.99% LR: 0.000079                     Alpha: 0.5744425058364868                     Beta: 0.6231503486633301                     MemKD: 0.0
2026-02-07 16:18:26,250 - INFO - Epoch [75/100] Train Loss: 0.3282, Train Acc: 89.29%, Val Loss: 0.4173, Val Acc: 84.71%
2026-02-07 16:18:50,179 - INFO - Epoch [76] Batch [0/35]                     Loss: 0.2732, Hard: 0.2358, Soft: 0.0374                     Acc: 93.75% LR: 0.000073                     Alpha: 0.5744425058364868                     Beta: 0.6239318251609802                     MemKD: 0.0
2026-02-07 16:19:04,808 - INFO - Epoch [76] Batch [20/35]                     Loss: 0.1971, Hard: 0.1723, Soft: 0.0247                     Acc: 88.99% LR: 0.000073                     Alpha: 0.5744425058364868                     Beta: 0.6248449683189392                     MemKD: 0.0
2026-02-07 16:19:39,131 - INFO - Epoch [76/100] Train Loss: 0.3640, Train Acc: 88.39%, Val Loss: 0.4135, Val Acc: 85.37%
2026-02-07 16:20:02,427 - INFO - Epoch [77] Batch [0/35]                     Loss: 0.3395, Hard: 0.3063, Soft: 0.0333                     Acc: 87.50% LR: 0.000068                     Alpha: 0.5744425058364868                     Beta: 0.6255301833152771                     MemKD: 0.0
2026-02-07 16:20:17,078 - INFO - Epoch [77] Batch [20/35]                     Loss: 0.3208, Hard: 0.2821, Soft: 0.0387                     Acc: 86.61% LR: 0.000068                     Alpha: 0.5744425058364868                     Beta: 0.6264523267745972                     MemKD: 0.0
2026-02-07 16:20:53,229 - INFO - Epoch [77/100] Train Loss: 0.3970, Train Acc: 86.79%, Val Loss: 0.3951, Val Acc: 86.70%
2026-02-07 16:21:15,245 - INFO - Epoch [78] Batch [0/35]                     Loss: 0.2661, Hard: 0.2323, Soft: 0.0338                     Acc: 87.50% LR: 0.000062                     Alpha: 0.5744425058364868                     Beta: 0.6271142959594727                     MemKD: 0.0
2026-02-07 16:21:30,019 - INFO - Epoch [78] Batch [20/35]                     Loss: 0.7110, Hard: 0.6589, Soft: 0.0521                     Acc: 86.61% LR: 0.000062                     Alpha: 0.5744425058364868                     Beta: 0.6279825568199158                     MemKD: 0.0
2026-02-07 16:22:06,029 - INFO - Epoch [78/100] Train Loss: 0.3484, Train Acc: 87.86%, Val Loss: 0.3701, Val Acc: 86.70%
2026-02-07 16:22:28,724 - INFO - Epoch [79] Batch [0/35]                     Loss: 0.5101, Hard: 0.4638, Soft: 0.0462                     Acc: 87.50% LR: 0.000057                     Alpha: 0.5744425058364868                     Beta: 0.6286097168922424                     MemKD: 0.0
2026-02-07 16:22:43,403 - INFO - Epoch [79] Batch [20/35]                     Loss: 0.2433, Hard: 0.2170, Soft: 0.0263                     Acc: 87.50% LR: 0.000057                     Alpha: 0.5744425058364868                     Beta: 0.6294174194335938                     MemKD: 0.0
2026-02-07 16:23:18,190 - INFO - Epoch [79/100] Train Loss: 0.3604, Train Acc: 87.68%, Val Loss: 0.3890, Val Acc: 86.04%
2026-02-07 16:23:40,293 - INFO - Epoch [80] Batch [0/35]                     Loss: 0.3598, Hard: 0.3270, Soft: 0.0328                     Acc: 81.25% LR: 0.000052                     Alpha: 0.5744425058364868                     Beta: 0.6300104856491089                     MemKD: 0.0
2026-02-07 16:23:54,955 - INFO - Epoch [80] Batch [20/35]                     Loss: 0.6252, Hard: 0.5797, Soft: 0.0456                     Acc: 87.50% LR: 0.000052                     Alpha: 0.5744425058364868                     Beta: 0.6308184266090393                     MemKD: 0.0
2026-02-07 16:24:29,755 - INFO - Epoch [80/100] Train Loss: 0.4183, Train Acc: 88.21%, Val Loss: 0.4039, Val Acc: 84.44%
2026-02-07 16:24:29,793 - INFO - Checkpoint saved at epoch 80
2026-02-07 16:24:53,162 - INFO - Epoch [81] Batch [0/35]                     Loss: 0.2795, Hard: 0.2440, Soft: 0.0354                     Acc: 93.75% LR: 0.000048                     Alpha: 0.5744425058364868                     Beta: 0.6314255595207214                     MemKD: 0.0
2026-02-07 16:25:07,407 - INFO - Epoch [81] Batch [20/35]                     Loss: 0.5158, Hard: 0.4709, Soft: 0.0449                     Acc: 85.71% LR: 0.000048                     Alpha: 0.5744425058364868                     Beta: 0.6321820616722107                     MemKD: 0.0
2026-02-07 16:25:43,328 - INFO - Epoch [81/100] Train Loss: 0.4084, Train Acc: 86.07%, Val Loss: 0.3767, Val Acc: 86.70%
2026-02-07 16:26:06,250 - INFO - Epoch [82] Batch [0/35]                     Loss: 0.3134, Hard: 0.2721, Soft: 0.0413                     Acc: 87.50% LR: 0.000043                     Alpha: 0.5744425058364868                     Beta: 0.6327425837516785                     MemKD: 0.0
2026-02-07 16:26:21,000 - INFO - Epoch [82] Batch [20/35]                     Loss: 0.4321, Hard: 0.3899, Soft: 0.0422                     Acc: 86.90% LR: 0.000043                     Alpha: 0.5744425058364868                     Beta: 0.6333742141723633                     MemKD: 0.0
2026-02-07 16:26:57,385 - INFO - Epoch [82/100] Train Loss: 0.3725, Train Acc: 86.79%, Val Loss: 0.3981, Val Acc: 85.11%
2026-02-07 16:27:20,218 - INFO - Epoch [83] Batch [0/35]                     Loss: 0.2717, Hard: 0.2348, Soft: 0.0368                     Acc: 87.50% LR: 0.000039                     Alpha: 0.5744425058364868                     Beta: 0.6338382363319397                     MemKD: 0.0
2026-02-07 16:27:34,775 - INFO - Epoch [83] Batch [20/35]                     Loss: 0.2546, Hard: 0.2303, Soft: 0.0243                     Acc: 89.88% LR: 0.000039                     Alpha: 0.5744425058364868                     Beta: 0.634392261505127                     MemKD: 0.0
2026-02-07 16:28:10,354 - INFO - Epoch [83/100] Train Loss: 0.3271, Train Acc: 90.00%, Val Loss: 0.3583, Val Acc: 86.04%
2026-02-07 16:28:32,173 - INFO - Epoch [84] Batch [0/35]                     Loss: 0.2420, Hard: 0.2009, Soft: 0.0412                     Acc: 87.50% LR: 0.000035                     Alpha: 0.5744425058364868                     Beta: 0.6347945928573608                     MemKD: 0.0
2026-02-07 16:28:46,790 - INFO - Epoch [84] Batch [20/35]                     Loss: 0.2203, Hard: 0.1929, Soft: 0.0274                     Acc: 88.69% LR: 0.000035                     Alpha: 0.5744425058364868                     Beta: 0.6352838277816772                     MemKD: 0.0
2026-02-07 16:29:21,334 - INFO - Epoch [84/100] Train Loss: 0.3818, Train Acc: 87.14%, Val Loss: 0.3677, Val Acc: 86.70%
2026-02-07 16:29:41,857 - INFO - Epoch [85] Batch [0/35]                     Loss: 0.3915, Hard: 0.3544, Soft: 0.0371                     Acc: 75.00% LR: 0.000031                     Alpha: 0.5744425058364868                     Beta: 0.6356986165046692                     MemKD: 0.0
2026-02-07 16:29:56,570 - INFO - Epoch [85] Batch [20/35]                     Loss: 0.4302, Hard: 0.3843, Soft: 0.0459                     Acc: 88.10% LR: 0.000031                     Alpha: 0.5744425058364868                     Beta: 0.6361384391784668                     MemKD: 0.0
2026-02-07 16:30:31,389 - INFO - Epoch [85/100] Train Loss: 0.3656, Train Acc: 88.21%, Val Loss: 0.3767, Val Acc: 86.04%
2026-02-07 16:30:52,880 - INFO - Epoch [86] Batch [0/35]                     Loss: 0.3777, Hard: 0.3446, Soft: 0.0331                     Acc: 87.50% LR: 0.000027                     Alpha: 0.5744425058364868                     Beta: 0.6364689469337463                     MemKD: 0.0
2026-02-07 16:31:07,528 - INFO - Epoch [86] Batch [20/35]                     Loss: 0.5115, Hard: 0.4592, Soft: 0.0523                     Acc: 89.29% LR: 0.000027                     Alpha: 0.5744425058364868                     Beta: 0.6368458271026611                     MemKD: 0.0
2026-02-07 16:31:40,277 - INFO - Epoch [86/100] Train Loss: 0.3915, Train Acc: 86.79%, Val Loss: 0.3566, Val Acc: 87.50%
2026-02-07 16:31:40,278 - INFO - Best model saved with accuracy: 87.50%
2026-02-07 16:32:01,953 - INFO - Epoch [87] Batch [0/35]                     Loss: 0.1400, Hard: 0.1187, Soft: 0.0213                     Acc: 93.75% LR: 0.000024                     Alpha: 0.5744425058364868                     Beta: 0.6371746063232422                     MemKD: 0.0
2026-02-07 16:32:16,048 - INFO - Epoch [87] Batch [20/35]                     Loss: 0.2015, Hard: 0.1773, Soft: 0.0243                     Acc: 86.31% LR: 0.000024                     Alpha: 0.5744425058364868                     Beta: 0.6375648975372314                     MemKD: 0.0
2026-02-07 16:32:50,873 - INFO - Epoch [87/100] Train Loss: 0.3868, Train Acc: 86.61%, Val Loss: 0.3596, Val Acc: 87.37%
2026-02-07 16:33:12,063 - INFO - Epoch [88] Batch [0/35]                     Loss: 0.3434, Hard: 0.3024, Soft: 0.0409                     Acc: 87.50% LR: 0.000021                     Alpha: 0.5744425058364868                     Beta: 0.6378450393676758                     MemKD: 0.0
2026-02-07 16:33:26,628 - INFO - Epoch [88] Batch [20/35]                     Loss: 0.5570, Hard: 0.5036, Soft: 0.0534                     Acc: 90.18% LR: 0.000021                     Alpha: 0.5744425058364868                     Beta: 0.6381245255470276                     MemKD: 0.0
2026-02-07 16:34:02,151 - INFO - Epoch [88/100] Train Loss: 0.3029, Train Acc: 90.89%, Val Loss: 0.3640, Val Acc: 87.10%
2026-02-07 16:34:24,175 - INFO - Epoch [89] Batch [0/35]                     Loss: 0.2188, Hard: 0.1935, Soft: 0.0253                     Acc: 93.75% LR: 0.000018                     Alpha: 0.5744425058364868                     Beta: 0.6383151412010193                     MemKD: 0.0
2026-02-07 16:34:39,083 - INFO - Epoch [89] Batch [20/35]                     Loss: 0.4250, Hard: 0.3872, Soft: 0.0378                     Acc: 88.10% LR: 0.000018                     Alpha: 0.5744425058364868                     Beta: 0.6385789513587952                     MemKD: 0.0
2026-02-07 16:35:16,237 - INFO - Epoch [89/100] Train Loss: 0.3807, Train Acc: 88.04%, Val Loss: 0.3520, Val Acc: 87.23%
2026-02-07 16:35:37,344 - INFO - Epoch [90] Batch [0/35]                     Loss: 0.2409, Hard: 0.2017, Soft: 0.0392                     Acc: 93.75% LR: 0.000015                     Alpha: 0.5744425058364868                     Beta: 0.6387796401977539                     MemKD: 0.0
2026-02-07 16:35:51,955 - INFO - Epoch [90] Batch [20/35]                     Loss: 0.2890, Hard: 0.2496, Soft: 0.0395                     Acc: 88.39% LR: 0.000015                     Alpha: 0.5744425058364868                     Beta: 0.6389980316162109                     MemKD: 0.0
2026-02-07 16:36:26,832 - INFO - Epoch [90/100] Train Loss: 0.3587, Train Acc: 88.21%, Val Loss: 0.3695, Val Acc: 86.30%
2026-02-07 16:36:26,885 - INFO - Checkpoint saved at epoch 90
2026-02-07 16:36:49,216 - INFO - Epoch [91] Batch [0/35]                     Loss: 0.3063, Hard: 0.2763, Soft: 0.0299                     Acc: 87.50% LR: 0.000012                     Alpha: 0.5744425058364868                     Beta: 0.6391592621803284                     MemKD: 0.0
2026-02-07 16:37:03,157 - INFO - Epoch [91] Batch [20/35]                     Loss: 0.3061, Hard: 0.2770, Soft: 0.0291                     Acc: 89.58% LR: 0.000012                     Alpha: 0.5744425058364868                     Beta: 0.6393350958824158                     MemKD: 0.0
2026-02-07 16:37:38,846 - INFO - Epoch [91/100] Train Loss: 0.3307, Train Acc: 89.29%, Val Loss: 0.3575, Val Acc: 87.63%
2026-02-07 16:37:38,846 - INFO - Best model saved with accuracy: 87.63%
2026-02-07 16:38:01,229 - INFO - Epoch [92] Batch [0/35]                     Loss: 0.3094, Hard: 0.2795, Soft: 0.0298                     Acc: 93.75% LR: 0.000010                     Alpha: 0.5744425058364868                     Beta: 0.6394639611244202                     MemKD: 0.0
2026-02-07 16:38:15,647 - INFO - Epoch [92] Batch [20/35]                     Loss: 0.2916, Hard: 0.2580, Soft: 0.0335                     Acc: 88.39% LR: 0.000010                     Alpha: 0.5744425058364868                     Beta: 0.6396135687828064                     MemKD: 0.0
2026-02-07 16:38:51,043 - INFO - Epoch [92/100] Train Loss: 0.3627, Train Acc: 89.29%, Val Loss: 0.3688, Val Acc: 87.10%
2026-02-07 16:39:12,181 - INFO - Epoch [93] Batch [0/35]                     Loss: 0.3100, Hard: 0.2739, Soft: 0.0361                     Acc: 87.50% LR: 0.000008                     Alpha: 0.5744425058364868                     Beta: 0.6397306323051453                     MemKD: 0.0
2026-02-07 16:39:26,755 - INFO - Epoch [93] Batch [20/35]                     Loss: 0.2671, Hard: 0.2367, Soft: 0.0304                     Acc: 88.69% LR: 0.000008                     Alpha: 0.5744425058364868                     Beta: 0.6398433446884155                     MemKD: 0.0
2026-02-07 16:40:01,182 - INFO - Epoch [93/100] Train Loss: 0.3372, Train Acc: 88.93%, Val Loss: 0.3549, Val Acc: 88.16%
2026-02-07 16:40:01,183 - INFO - Best model saved with accuracy: 88.16%
2026-02-07 16:40:22,472 - INFO - Epoch [94] Batch [0/35]                     Loss: 0.4889, Hard: 0.4398, Soft: 0.0491                     Acc: 87.50% LR: 0.000006                     Alpha: 0.5744425058364868                     Beta: 0.6399275660514832                     MemKD: 0.0
2026-02-07 16:40:36,891 - INFO - Epoch [94] Batch [20/35]                     Loss: 0.2100, Hard: 0.1837, Soft: 0.0263                     Acc: 90.18% LR: 0.000006                     Alpha: 0.5744425058364868                     Beta: 0.6400189399719238                     MemKD: 0.0
2026-02-07 16:41:11,970 - INFO - Epoch [94/100] Train Loss: 0.3142, Train Acc: 90.89%, Val Loss: 0.3555, Val Acc: 88.03%
2026-02-07 16:41:34,948 - INFO - Epoch [95] Batch [0/35]                     Loss: 0.4830, Hard: 0.4370, Soft: 0.0460                     Acc: 87.50% LR: 0.000004                     Alpha: 0.5744425058364868                     Beta: 0.6400787830352783                     MemKD: 0.0
2026-02-07 16:41:49,366 - INFO - Epoch [95] Batch [20/35]                     Loss: 0.4504, Hard: 0.4147, Soft: 0.0357                     Acc: 88.39% LR: 0.000004                     Alpha: 0.5744425058364868                     Beta: 0.6401447653770447                     MemKD: 0.0
2026-02-07 16:42:25,515 - INFO - Epoch [95/100] Train Loss: 0.3564, Train Acc: 88.21%, Val Loss: 0.3532, Val Acc: 87.77%
2026-02-07 16:42:47,249 - INFO - Epoch [96] Batch [0/35]                     Loss: 0.2241, Hard: 0.1971, Soft: 0.0270                     Acc: 93.75% LR: 0.000003                     Alpha: 0.5744425058364868                     Beta: 0.6401898264884949                     MemKD: 0.0
2026-02-07 16:43:02,193 - INFO - Epoch [96] Batch [20/35]                     Loss: 0.1465, Hard: 0.1262, Soft: 0.0203                     Acc: 92.56% LR: 0.000003                     Alpha: 0.5744425058364868                     Beta: 0.6402347683906555                     MemKD: 0.0
2026-02-07 16:43:37,332 - INFO - Epoch [96/100] Train Loss: 0.3176, Train Acc: 91.43%, Val Loss: 0.3675, Val Acc: 86.97%
2026-02-07 16:43:58,609 - INFO - Epoch [97] Batch [0/35]                     Loss: 0.3143, Hard: 0.2789, Soft: 0.0353                     Acc: 93.75% LR: 0.000002                     Alpha: 0.5744425058364868                     Beta: 0.6402674913406372                     MemKD: 0.0
2026-02-07 16:44:13,166 - INFO - Epoch [97] Batch [20/35]                     Loss: 0.5800, Hard: 0.5191, Soft: 0.0609                     Acc: 87.80% LR: 0.000002                     Alpha: 0.5744425058364868                     Beta: 0.6402949690818787                     MemKD: 0.0
2026-02-07 16:44:49,207 - INFO - Epoch [97/100] Train Loss: 0.3435, Train Acc: 88.75%, Val Loss: 0.3554, Val Acc: 87.90%
2026-02-07 16:45:09,777 - INFO - Epoch [98] Batch [0/35]                     Loss: 0.3043, Hard: 0.2633, Soft: 0.0409                     Acc: 93.75% LR: 0.000001                     Alpha: 0.5744425058364868                     Beta: 0.6403172612190247                     MemKD: 0.0
2026-02-07 16:45:24,797 - INFO - Epoch [98] Batch [20/35]                     Loss: 0.1762, Hard: 0.1439, Soft: 0.0322                     Acc: 91.67% LR: 0.000001                     Alpha: 0.5744425058364868                     Beta: 0.6403325796127319                     MemKD: 0.0
2026-02-07 16:45:59,272 - INFO - Epoch [98/100] Train Loss: 0.3339, Train Acc: 88.93%, Val Loss: 0.3572, Val Acc: 87.77%
2026-02-07 16:46:20,723 - INFO - Epoch [99] Batch [0/35]                     Loss: 0.1502, Hard: 0.1238, Soft: 0.0264                     Acc: 100.00% LR: 0.000000                     Alpha: 0.5744425058364868                     Beta: 0.6403453946113586                     MemKD: 0.0
2026-02-07 16:46:35,421 - INFO - Epoch [99] Batch [20/35]                     Loss: 0.1736, Hard: 0.1549, Soft: 0.0187                     Acc: 91.37% LR: 0.000000                     Alpha: 0.5744425058364868                     Beta: 0.6403527855873108                     MemKD: 0.0
2026-02-07 16:47:12,648 - INFO - Epoch [99/100] Train Loss: 0.3187, Train Acc: 90.18%, Val Loss: 0.3581, Val Acc: 87.50%
2026-02-07 16:47:35,141 - INFO - Epoch [100] Batch [0/35]                     Loss: 0.3033, Hard: 0.2676, Soft: 0.0357                     Acc: 93.75% LR: 0.000000                     Alpha: 0.5744425058364868                     Beta: 0.6403580904006958                     MemKD: 0.0
2026-02-07 16:47:49,771 - INFO - Epoch [100] Batch [20/35]                     Loss: 0.4330, Hard: 0.3914, Soft: 0.0416                     Acc: 89.29% LR: 0.000000                     Alpha: 0.5744425058364868                     Beta: 0.6403601765632629                     MemKD: 0.0
2026-02-07 16:48:24,726 - INFO - Epoch [100/100] Train Loss: 0.3341, Train Acc: 88.57%, Val Loss: 0.3584, Val Acc: 87.50%
2026-02-07 16:48:24,765 - INFO - Checkpoint saved at epoch 100
2026-02-07 16:48:24,766 - INFO - ==================================================
2026-02-07 16:48:24,766 - INFO - Training finished! Best accuracy: 88.16%
2026-02-07 16:48:24,766 - INFO - ==================================================
