2026-02-17 23:00:12,115 - INFO - ==================================================
2026-02-17 23:00:12,116 - INFO - Distillation Training Configuration
2026-02-17 23:00:12,116 - INFO - ==================================================
2026-02-17 23:00:12,116 - INFO - GPUs: [0, 1, 2, 3, 4, 5, 6, 7]
2026-02-17 23:00:12,116 - INFO - World size: 8
2026-02-17 23:00:12,116 - INFO - Dataset: /media/hdd1/chuxiaohui/AI4Ocean_UATR/ShipsEar_622
2026-02-17 23:00:12,116 - INFO - Data type: wav_s@wav_t
2026-02-17 23:00:12,116 - INFO - Batch size: 16
2026-02-17 23:00:12,117 - INFO - Epochs: 200
2026-02-17 23:00:12,117 - INFO - Learning rate: 0.0005
2026-02-17 23:00:12,117 - INFO - Temperature: 2.0
2026-02-17 23:00:12,117 - INFO - Alpha: 0.3
2026-02-17 23:00:12,117 - INFO - Save dir: checkpoints/grid_shipsear_v2/num_epochs200_weight_decay0.0001_batch_size16_lr0.0005_distill_typeMTSKD_Temp_freezeTrue_USE_DYNAMIC_DISTILL_WEIGHTFalse_p_encoder0.345_p_classifier0.26
2026-02-17 23:00:12,117 - INFO - ==================================================
2026-02-17 23:00:12,159 - INFO - Train dataset size: 2240
2026-02-17 23:00:12,159 - INFO - Validation dataset size: 749
2026-02-17 23:00:14,279 - INFO - Student params: 316,299 (0.32M)
2026-02-17 23:00:14,280 - INFO - Teacher params: 164,415,877 (164.42M)
2026-02-17 23:00:14,280 - INFO - Trainable params: 271,372 (0.27M)
2026-02-17 23:00:17,614 - INFO - Start training...
2026-02-17 23:00:17,615 - INFO - No checkpoint found, start from scratch
2026-02-17 23:00:43,813 - INFO - Epoch [1] Batch [0/17]                     Loss: 2.3805, Hard: 1.8127, Soft: 0.5678                     Acc: 12.50% LR: 0.000500                     Alpha: 0.5744425058364868                     Beta: 0.0                     MemKD: 0.5
2026-02-17 23:01:15,862 - INFO - Epoch [1/200] Train Loss: 1.7678, Train Acc: 42.28%, Val Loss: 1.5197, Val Acc: 37.63%
2026-02-17 23:01:15,863 - INFO - Best model saved with accuracy: 37.63%
2026-02-17 23:01:39,956 - INFO - Epoch [2] Batch [0/17]                     Loss: 1.6013, Hard: 1.3295, Soft: 0.2718                     Acc: 50.00% LR: 0.000500                     Alpha: 0.5744425058364868                     Beta: -0.006114095915108919                     MemKD: 0.501958429813385
2026-02-17 23:02:10,733 - INFO - Epoch [2/200] Train Loss: 1.5298, Train Acc: 46.32%, Val Loss: 1.3713, Val Acc: 43.62%
2026-02-17 23:02:10,733 - INFO - Best model saved with accuracy: 43.62%
2026-02-17 23:02:34,869 - INFO - Epoch [3] Batch [0/17]                     Loss: 1.2925, Hard: 1.1180, Soft: 0.1745                     Acc: 56.25% LR: 0.000500                     Alpha: 0.5744425058364868                     Beta: -0.014613297767937183                     MemKD: 0.5036686062812805
2026-02-17 23:03:06,673 - INFO - Epoch [3/200] Train Loss: 1.5247, Train Acc: 40.07%, Val Loss: 1.2251, Val Acc: 50.66%
2026-02-17 23:03:06,673 - INFO - Best model saved with accuracy: 50.66%
2026-02-17 23:03:31,792 - INFO - Epoch [4] Batch [0/17]                     Loss: 1.5375, Hard: 1.3102, Soft: 0.2272                     Acc: 25.00% LR: 0.000500                     Alpha: 0.5744425058364868                     Beta: -0.022982073947787285                     MemKD: 0.5054304003715515
2026-02-17 23:04:02,250 - INFO - Epoch [4/200] Train Loss: 1.3945, Train Acc: 47.79%, Val Loss: 1.1447, Val Acc: 52.53%
2026-02-17 23:04:02,251 - INFO - Best model saved with accuracy: 52.53%
2026-02-17 23:04:26,636 - INFO - Epoch [5] Batch [0/17]                     Loss: 1.4678, Hard: 1.2643, Soft: 0.2034                     Acc: 56.25% LR: 0.000500                     Alpha: 0.5744425058364868                     Beta: -0.03154308348894119                     MemKD: 0.5070780515670776
2026-02-17 23:04:58,986 - INFO - Epoch [5/200] Train Loss: 1.3212, Train Acc: 52.21%, Val Loss: 1.0966, Val Acc: 54.52%
2026-02-17 23:04:58,986 - INFO - Best model saved with accuracy: 54.52%
2026-02-17 23:05:24,047 - INFO - Epoch [6] Batch [0/17]                     Loss: 1.1674, Hard: 1.0301, Soft: 0.1372                     Acc: 62.50% LR: 0.000499                     Alpha: 0.5744425058364868                     Beta: -0.041410718113183975                     MemKD: 0.5085904002189636
2026-02-17 23:05:54,795 - INFO - Epoch [6/200] Train Loss: 1.3123, Train Acc: 52.21%, Val Loss: 1.0332, Val Acc: 56.91%
2026-02-17 23:05:54,796 - INFO - Best model saved with accuracy: 56.91%
2026-02-17 23:06:18,423 - INFO - Epoch [7] Batch [0/17]                     Loss: 1.4254, Hard: 1.2422, Soft: 0.1832                     Acc: 43.75% LR: 0.000499                     Alpha: 0.5744425058364868                     Beta: -0.05131622403860092                     MemKD: 0.5100448131561279
2026-02-17 23:06:49,724 - INFO - Epoch [7/200] Train Loss: 1.2847, Train Acc: 52.57%, Val Loss: 1.0505, Val Acc: 56.91%
2026-02-17 23:07:13,441 - INFO - Epoch [8] Batch [0/17]                     Loss: 1.3222, Hard: 1.1420, Soft: 0.1802                     Acc: 50.00% LR: 0.000498                     Alpha: 0.5744425058364868                     Beta: -0.06051541492342949                     MemKD: 0.5115466117858887
2026-02-17 23:07:43,635 - INFO - Epoch [8/200] Train Loss: 1.3051, Train Acc: 54.04%, Val Loss: 1.1020, Val Acc: 56.25%
2026-02-17 23:08:07,357 - INFO - Epoch [9] Batch [0/17]                     Loss: 1.2295, Hard: 1.0791, Soft: 0.1504                     Acc: 50.00% LR: 0.000498                     Alpha: 0.5744425058364868                     Beta: -0.06981915980577469                     MemKD: 0.5131189823150635
2026-02-17 23:08:38,748 - INFO - Epoch [9/200] Train Loss: 1.2693, Train Acc: 53.68%, Val Loss: 0.9947, Val Acc: 58.24%
2026-02-17 23:08:38,749 - INFO - Best model saved with accuracy: 58.24%
2026-02-17 23:09:03,748 - INFO - Epoch [10] Batch [0/17]                     Loss: 1.3879, Hard: 1.1718, Soft: 0.2161                     Acc: 68.75% LR: 0.000498                     Alpha: 0.5744425058364868                     Beta: -0.0796387568116188                     MemKD: 0.5145991444587708
2026-02-17 23:09:34,891 - INFO - Epoch [10/200] Train Loss: 1.1171, Train Acc: 58.09%, Val Loss: 0.8736, Val Acc: 67.02%
2026-02-17 23:09:34,891 - INFO - Best model saved with accuracy: 67.02%
2026-02-17 23:09:34,970 - INFO - Checkpoint saved at epoch 10
2026-02-17 23:09:57,269 - INFO - Epoch [11] Batch [0/17]                     Loss: 0.8171, Hard: 0.7307, Soft: 0.0864                     Acc: 81.25% LR: 0.000497                     Alpha: 0.5744425058364868                     Beta: -0.09051761776208878                     MemKD: 0.5158595442771912
2026-02-17 23:10:27,979 - INFO - Epoch [11/200] Train Loss: 1.0722, Train Acc: 60.66%, Val Loss: 0.8613, Val Acc: 67.95%
2026-02-17 23:10:27,979 - INFO - Best model saved with accuracy: 67.95%
2026-02-17 23:10:52,823 - INFO - Epoch [12] Batch [0/17]                     Loss: 0.8758, Hard: 0.7953, Soft: 0.0805                     Acc: 68.75% LR: 0.000496                     Alpha: 0.5744425058364868                     Beta: -0.10225293040275574                     MemKD: 0.516821563243866
2026-02-17 23:11:23,838 - INFO - Epoch [12/200] Train Loss: 0.9855, Train Acc: 65.07%, Val Loss: 1.0125, Val Acc: 63.30%
2026-02-17 23:11:47,345 - INFO - Epoch [13] Batch [0/17]                     Loss: 1.0947, Hard: 0.9927, Soft: 0.1020                     Acc: 62.50% LR: 0.000496                     Alpha: 0.5744425058364868                     Beta: -0.11397836357355118                     MemKD: 0.5176846981048584
2026-02-17 23:12:19,176 - INFO - Epoch [13/200] Train Loss: 1.1266, Train Acc: 60.66%, Val Loss: 0.8355, Val Acc: 67.55%
2026-02-17 23:12:43,321 - INFO - Epoch [14] Batch [0/17]                     Loss: 0.7119, Hard: 0.6737, Soft: 0.0383                     Acc: 87.50% LR: 0.000495                     Alpha: 0.5744425058364868                     Beta: -0.12541112303733826                     MemKD: 0.5186393857002258
2026-02-17 23:13:14,685 - INFO - Epoch [14/200] Train Loss: 1.0626, Train Acc: 62.87%, Val Loss: 1.0254, Val Acc: 60.37%
2026-02-17 23:13:37,850 - INFO - Epoch [15] Batch [0/17]                     Loss: 1.0583, Hard: 0.9780, Soft: 0.0803                     Acc: 56.25% LR: 0.000494                     Alpha: 0.5744425058364868                     Beta: -0.13657289743423462                     MemKD: 0.5195263028144836
2026-02-17 23:14:09,200 - INFO - Epoch [15/200] Train Loss: 0.9924, Train Acc: 65.81%, Val Loss: 0.8945, Val Acc: 65.16%
2026-02-17 23:14:33,507 - INFO - Epoch [16] Batch [0/17]                     Loss: 1.2174, Hard: 1.1120, Soft: 0.1054                     Acc: 62.50% LR: 0.000493                     Alpha: 0.5744425058364868                     Beta: -0.14791257679462433                     MemKD: 0.5201994180679321
2026-02-17 23:15:04,227 - INFO - Epoch [16/200] Train Loss: 0.9952, Train Acc: 64.71%, Val Loss: 0.8828, Val Acc: 66.22%
2026-02-17 23:15:27,980 - INFO - Epoch [17] Batch [0/17]                     Loss: 0.9865, Hard: 0.9241, Soft: 0.0625                     Acc: 68.75% LR: 0.000492                     Alpha: 0.5744425058364868                     Beta: -0.15923281013965607                     MemKD: 0.5206968784332275
2026-02-17 23:15:58,277 - INFO - Epoch [17/200] Train Loss: 1.0265, Train Acc: 61.03%, Val Loss: 0.9113, Val Acc: 62.50%
2026-02-17 23:16:22,813 - INFO - Epoch [18] Batch [0/17]                     Loss: 0.8822, Hard: 0.8296, Soft: 0.0526                     Acc: 68.75% LR: 0.000491                     Alpha: 0.5744425058364868                     Beta: -0.17014828324317932                     MemKD: 0.5210844278335571
2026-02-17 23:16:54,145 - INFO - Epoch [18/200] Train Loss: 0.9078, Train Acc: 68.01%, Val Loss: 0.8160, Val Acc: 67.55%
2026-02-17 23:17:18,658 - INFO - Epoch [19] Batch [0/17]                     Loss: 0.7718, Hard: 0.7656, Soft: 0.0062                     Acc: 68.75% LR: 0.000490                     Alpha: 0.5744425058364868                     Beta: -0.18099428713321686                     MemKD: 0.5212525725364685
2026-02-17 23:17:47,951 - INFO - Epoch [19/200] Train Loss: 0.8966, Train Acc: 67.65%, Val Loss: 0.7949, Val Acc: 71.01%
2026-02-17 23:17:47,952 - INFO - Best model saved with accuracy: 71.01%
2026-02-17 23:18:12,386 - INFO - Epoch [20] Batch [0/17]                     Loss: 0.6419, Hard: 0.6698, Soft: -0.0279                     Acc: 81.25% LR: 0.000489                     Alpha: 0.5744425058364868                     Beta: -0.19161152839660645                     MemKD: 0.5213051438331604
2026-02-17 23:18:42,850 - INFO - Epoch [20/200] Train Loss: 0.9051, Train Acc: 67.65%, Val Loss: 0.7701, Val Acc: 70.21%
2026-02-17 23:18:42,890 - INFO - Checkpoint saved at epoch 20
2026-02-17 23:19:07,416 - INFO - Epoch [21] Batch [0/17]                     Loss: 0.8641, Hard: 0.8467, Soft: 0.0174                     Acc: 68.75% LR: 0.000488                     Alpha: 0.5744425058364868                     Beta: -0.2022375762462616                     MemKD: 0.5211676955223083
2026-02-17 23:19:39,263 - INFO - Epoch [21/200] Train Loss: 0.9144, Train Acc: 64.71%, Val Loss: 0.8085, Val Acc: 65.29%
2026-02-17 23:20:03,290 - INFO - Epoch [22] Batch [0/17]                     Loss: 0.8707, Hard: 0.8459, Soft: 0.0248                     Acc: 62.50% LR: 0.000487                     Alpha: 0.5744425058364868                     Beta: -0.21263976395130157                     MemKD: 0.5209617614746094
2026-02-17 23:20:32,960 - INFO - Epoch [22/200] Train Loss: 0.8332, Train Acc: 69.49%, Val Loss: 0.8385, Val Acc: 69.68%
2026-02-17 23:20:56,099 - INFO - Epoch [23] Batch [0/17]                     Loss: 0.6412, Hard: 0.6566, Soft: -0.0154                     Acc: 75.00% LR: 0.000485                     Alpha: 0.5744425058364868                     Beta: -0.22291669249534607                     MemKD: 0.5205767750740051
2026-02-17 23:21:26,474 - INFO - Epoch [23/200] Train Loss: 0.7644, Train Acc: 70.96%, Val Loss: 1.0531, Val Acc: 60.64%
2026-02-17 23:21:49,864 - INFO - Epoch [24] Batch [0/17]                     Loss: 0.5454, Hard: 0.6010, Soft: -0.0557                     Acc: 81.25% LR: 0.000484                     Alpha: 0.5744425058364868                     Beta: -0.23326241970062256                     MemKD: 0.5199369788169861
2026-02-17 23:22:18,951 - INFO - Epoch [24/200] Train Loss: 0.7961, Train Acc: 69.85%, Val Loss: 0.7792, Val Acc: 69.41%
2026-02-17 23:22:40,731 - INFO - Epoch [25] Batch [0/17]                     Loss: 0.8106, Hard: 0.8085, Soft: 0.0021                     Acc: 62.50% LR: 0.000482                     Alpha: 0.5744425058364868                     Beta: -0.2437514364719391                     MemKD: 0.5189862847328186
2026-02-17 23:23:11,545 - INFO - Epoch [25/200] Train Loss: 0.8662, Train Acc: 70.59%, Val Loss: 0.6873, Val Acc: 75.40%
2026-02-17 23:23:11,545 - INFO - Best model saved with accuracy: 75.40%
2026-02-17 23:23:35,231 - INFO - Epoch [26] Batch [0/17]                     Loss: 0.6870, Hard: 0.7189, Soft: -0.0319                     Acc: 81.25% LR: 0.000481                     Alpha: 0.5744425058364868                     Beta: -0.2537776529788971                     MemKD: 0.5180929899215698
2026-02-17 23:24:03,798 - INFO - Epoch [26/200] Train Loss: 0.7288, Train Acc: 72.79%, Val Loss: 0.6611, Val Acc: 75.40%
2026-02-17 23:24:28,340 - INFO - Epoch [27] Batch [0/17]                     Loss: 0.6119, Hard: 0.6575, Soft: -0.0456                     Acc: 81.25% LR: 0.000479                     Alpha: 0.5744425058364868                     Beta: -0.2634793519973755                     MemKD: 0.517225444316864
2026-02-17 23:24:58,916 - INFO - Epoch [27/200] Train Loss: 0.8186, Train Acc: 66.18%, Val Loss: 1.0161, Val Acc: 62.77%
2026-02-17 23:25:23,112 - INFO - Epoch [28] Batch [0/17]                     Loss: 0.6884, Hard: 0.6868, Soft: 0.0016                     Acc: 75.00% LR: 0.000478                     Alpha: 0.5744425058364868                     Beta: -0.2733141779899597                     MemKD: 0.5160481333732605
2026-02-17 23:25:52,878 - INFO - Epoch [28/200] Train Loss: 0.7120, Train Acc: 71.69%, Val Loss: 0.9566, Val Acc: 66.76%
2026-02-17 23:26:17,111 - INFO - Epoch [29] Batch [0/17]                     Loss: 0.7019, Hard: 0.7428, Soft: -0.0409                     Acc: 62.50% LR: 0.000476                     Alpha: 0.5744425058364868                     Beta: -0.2831890285015106                     MemKD: 0.5146400928497314
2026-02-17 23:26:47,196 - INFO - Epoch [29/200] Train Loss: 0.6703, Train Acc: 72.43%, Val Loss: 0.8143, Val Acc: 70.21%
2026-02-17 23:27:10,502 - INFO - Epoch [30] Batch [0/17]                     Loss: 0.7938, Hard: 0.7967, Soft: -0.0030                     Acc: 75.00% LR: 0.000475                     Alpha: 0.5744425058364868                     Beta: -0.29301223158836365                     MemKD: 0.5129950046539307
2026-02-17 23:27:40,871 - INFO - Epoch [30/200] Train Loss: 0.6685, Train Acc: 75.00%, Val Loss: 1.0711, Val Acc: 59.97%
2026-02-17 23:27:40,931 - INFO - Checkpoint saved at epoch 30
2026-02-17 23:28:03,197 - INFO - Epoch [31] Batch [0/17]                     Loss: 0.9376, Hard: 0.8769, Soft: 0.0607                     Acc: 68.75% LR: 0.000473                     Alpha: 0.5744425058364868                     Beta: -0.30289506912231445                     MemKD: 0.5111532807350159
2026-02-17 23:28:33,550 - INFO - Epoch [31/200] Train Loss: 0.6992, Train Acc: 71.32%, Val Loss: 0.7984, Val Acc: 70.74%
2026-02-17 23:28:57,839 - INFO - Epoch [32] Batch [0/17]                     Loss: 0.7404, Hard: 0.7493, Soft: -0.0089                     Acc: 68.75% LR: 0.000471                     Alpha: 0.5744425058364868                     Beta: -0.312529593706131                     MemKD: 0.5093674659729004
2026-02-17 23:29:27,850 - INFO - Epoch [32/200] Train Loss: 0.5951, Train Acc: 73.90%, Val Loss: 0.6135, Val Acc: 76.46%
2026-02-17 23:29:27,851 - INFO - Best model saved with accuracy: 76.46%
2026-02-17 23:29:51,586 - INFO - Epoch [33] Batch [0/17]                     Loss: 0.3739, Hard: 0.5105, Soft: -0.1366                     Acc: 75.00% LR: 0.000469                     Alpha: 0.5744425058364868                     Beta: -0.322322815656662                     MemKD: 0.5072620511054993
2026-02-17 23:30:21,709 - INFO - Epoch [33/200] Train Loss: 0.6659, Train Acc: 71.32%, Val Loss: 0.7142, Val Acc: 72.34%
2026-02-17 23:30:46,091 - INFO - Epoch [34] Batch [0/17]                     Loss: 0.3064, Hard: 0.4591, Soft: -0.1527                     Acc: 87.50% LR: 0.000467                     Alpha: 0.5744425058364868                     Beta: -0.33204665780067444                     MemKD: 0.5049789547920227
2026-02-17 23:31:14,734 - INFO - Epoch [34/200] Train Loss: 0.6307, Train Acc: 72.79%, Val Loss: 0.5847, Val Acc: 77.79%
2026-02-17 23:31:14,735 - INFO - Best model saved with accuracy: 77.79%
2026-02-17 23:31:37,771 - INFO - Epoch [35] Batch [0/17]                     Loss: 0.6050, Hard: 0.7111, Soft: -0.1062                     Acc: 62.50% LR: 0.000465                     Alpha: 0.5744425058364868                     Beta: -0.34152013063430786                     MemKD: 0.5027585029602051
2026-02-17 23:32:08,256 - INFO - Epoch [35/200] Train Loss: 0.7727, Train Acc: 65.81%, Val Loss: 0.6301, Val Acc: 76.86%
2026-02-17 23:32:32,695 - INFO - Epoch [36] Batch [0/17]                     Loss: 0.3905, Hard: 0.5308, Soft: -0.1403                     Acc: 75.00% LR: 0.000463                     Alpha: 0.5744425058364868                     Beta: -0.3506782352924347                     MemKD: 0.5007681846618652
2026-02-17 23:33:02,593 - INFO - Epoch [36/200] Train Loss: 0.4544, Train Acc: 80.15%, Val Loss: 0.7500, Val Acc: 71.54%
2026-02-17 23:33:26,622 - INFO - Epoch [37] Batch [0/17]                     Loss: 1.0163, Hard: 1.0065, Soft: 0.0098                     Acc: 62.50% LR: 0.000461                     Alpha: 0.5744425058364868                     Beta: -0.3602743148803711                     MemKD: 0.4982397258281708
2026-02-17 23:33:57,332 - INFO - Epoch [37/200] Train Loss: 0.4568, Train Acc: 77.94%, Val Loss: 0.5641, Val Acc: 79.65%
2026-02-17 23:33:57,333 - INFO - Best model saved with accuracy: 79.65%
2026-02-17 23:34:21,014 - INFO - Epoch [38] Batch [0/17]                     Loss: 0.4452, Hard: 0.5820, Soft: -0.1368                     Acc: 87.50% LR: 0.000459                     Alpha: 0.5744425058364868                     Beta: -0.3701326251029968                     MemKD: 0.4953496754169464
2026-02-17 23:34:51,060 - INFO - Epoch [38/200] Train Loss: 0.5276, Train Acc: 77.21%, Val Loss: 0.6125, Val Acc: 77.93%
2026-02-17 23:35:13,855 - INFO - Epoch [39] Batch [0/17]                     Loss: 0.2947, Hard: 0.4471, Soft: -0.1524                     Acc: 75.00% LR: 0.000457                     Alpha: 0.5744425058364868                     Beta: -0.3798030614852905                     MemKD: 0.49248892068862915
2026-02-17 23:35:44,140 - INFO - Epoch [39/200] Train Loss: 0.4567, Train Acc: 79.78%, Val Loss: 0.6517, Val Acc: 74.47%
2026-02-17 23:36:07,447 - INFO - Epoch [40] Batch [0/17]                     Loss: 0.1322, Hard: 0.3569, Soft: -0.2247                     Acc: 93.75% LR: 0.000455                     Alpha: 0.5744425058364868                     Beta: -0.3892899751663208                     MemKD: 0.48972177505493164
2026-02-17 23:36:35,961 - INFO - Epoch [40/200] Train Loss: 0.5870, Train Acc: 75.00%, Val Loss: 0.5648, Val Acc: 79.26%
2026-02-17 23:36:36,010 - INFO - Checkpoint saved at epoch 40
2026-02-17 23:36:58,627 - INFO - Epoch [41] Batch [0/17]                     Loss: 0.0642, Hard: 0.2902, Soft: -0.2260                     Acc: 93.75% LR: 0.000452                     Alpha: 0.5744425058364868                     Beta: -0.3985769748687744                     MemKD: 0.48709768056869507
2026-02-17 23:37:29,136 - INFO - Epoch [41/200] Train Loss: 0.5347, Train Acc: 77.21%, Val Loss: 0.6511, Val Acc: 74.73%
2026-02-17 23:37:53,759 - INFO - Epoch [42] Batch [0/17]                     Loss: 0.6049, Hard: 0.7431, Soft: -0.1382                     Acc: 68.75% LR: 0.000450                     Alpha: 0.5744425058364868                     Beta: -0.40779271721839905                     MemKD: 0.4844401478767395
2026-02-17 23:38:23,505 - INFO - Epoch [42/200] Train Loss: 0.4849, Train Acc: 77.57%, Val Loss: 0.7582, Val Acc: 71.01%
2026-02-17 23:38:45,841 - INFO - Epoch [43] Batch [0/17]                     Loss: 0.7551, Hard: 0.8169, Soft: -0.0618                     Acc: 68.75% LR: 0.000448                     Alpha: 0.5744425058364868                     Beta: -0.41703158617019653                     MemKD: 0.4817170798778534
2026-02-17 23:39:15,894 - INFO - Epoch [43/200] Train Loss: 0.5011, Train Acc: 74.26%, Val Loss: 0.6895, Val Acc: 73.94%
2026-02-17 23:39:38,687 - INFO - Epoch [44] Batch [0/17]                     Loss: 0.3576, Hard: 0.5436, Soft: -0.1860                     Acc: 75.00% LR: 0.000445                     Alpha: 0.5744425058364868                     Beta: -0.4261639416217804                     MemKD: 0.47905266284942627
2026-02-17 23:40:08,703 - INFO - Epoch [44/200] Train Loss: 0.4249, Train Acc: 76.84%, Val Loss: 0.6012, Val Acc: 76.99%
2026-02-17 23:40:31,487 - INFO - Epoch [45] Batch [0/17]                     Loss: 0.0768, Hard: 0.3407, Soft: -0.2639                     Acc: 93.75% LR: 0.000443                     Alpha: 0.5744425058364868                     Beta: -0.4353586435317993                     MemKD: 0.4762539267539978
2026-02-17 23:41:01,573 - INFO - Epoch [45/200] Train Loss: 0.3744, Train Acc: 78.31%, Val Loss: 0.5908, Val Acc: 78.19%
2026-02-17 23:41:25,505 - INFO - Epoch [46] Batch [0/17]                     Loss: 0.4518, Hard: 0.6151, Soft: -0.1633                     Acc: 87.50% LR: 0.000440                     Alpha: 0.5744425058364868                     Beta: -0.4447712302207947                     MemKD: 0.47318485379219055
2026-02-17 23:41:54,407 - INFO - Epoch [46/200] Train Loss: 0.4495, Train Acc: 77.57%, Val Loss: 0.5923, Val Acc: 77.26%
2026-02-17 23:42:16,028 - INFO - Epoch [47] Batch [0/17]                     Loss: 1.5462, Hard: 1.5568, Soft: -0.0105                     Acc: 62.50% LR: 0.000438                     Alpha: 0.5744425058364868                     Beta: -0.45377638936042786                     MemKD: 0.47044050693511963
2026-02-17 23:42:44,917 - INFO - Epoch [47/200] Train Loss: 0.4814, Train Acc: 76.10%, Val Loss: 0.5966, Val Acc: 77.53%
2026-02-17 23:43:08,379 - INFO - Epoch [48] Batch [0/17]                     Loss: 0.7715, Hard: 0.9147, Soft: -0.1432                     Acc: 75.00% LR: 0.000435                     Alpha: 0.5744425058364868                     Beta: -0.4625095725059509                     MemKD: 0.467851847410202
2026-02-17 23:43:37,350 - INFO - Epoch [48/200] Train Loss: 0.3989, Train Acc: 79.78%, Val Loss: 0.5421, Val Acc: 78.86%
2026-02-17 23:44:00,357 - INFO - Epoch [49] Batch [0/17]                     Loss: 0.5244, Hard: 0.7088, Soft: -0.1844                     Acc: 68.75% LR: 0.000432                     Alpha: 0.5744425058364868                     Beta: -0.4714685082435608                     MemKD: 0.46498560905456543
2026-02-17 23:44:30,608 - INFO - Epoch [49/200] Train Loss: 0.4445, Train Acc: 75.00%, Val Loss: 0.5526, Val Acc: 79.12%
2026-02-17 23:44:54,317 - INFO - Epoch [50] Batch [0/17]                     Loss: 0.3400, Hard: 0.5783, Soft: -0.2383                     Acc: 75.00% LR: 0.000430                     Alpha: 0.5744425058364868                     Beta: -0.4803726375102997                     MemKD: 0.46215078234672546
2026-02-17 23:45:22,575 - INFO - Epoch [50/200] Train Loss: 0.3743, Train Acc: 76.47%, Val Loss: 0.6069, Val Acc: 77.26%
2026-02-17 23:45:22,812 - INFO - Checkpoint saved at epoch 50
2026-02-17 23:45:45,940 - INFO - Epoch [51] Batch [0/17]                     Loss: 0.2944, Hard: 0.5112, Soft: -0.2168                     Acc: 81.25% LR: 0.000427                     Alpha: 0.5744425058364868                     Beta: -0.48928847908973694                     MemKD: 0.45925918221473694
2026-02-17 23:46:16,518 - INFO - Epoch [51/200] Train Loss: 0.3189, Train Acc: 78.68%, Val Loss: 0.5402, Val Acc: 79.92%
2026-02-17 23:46:16,519 - INFO - Best model saved with accuracy: 79.92%
2026-02-17 23:46:40,423 - INFO - Epoch [52] Batch [0/17]                     Loss: 0.2282, Hard: 0.5168, Soft: -0.2886                     Acc: 81.25% LR: 0.000424                     Alpha: 0.5744425058364868                     Beta: -0.4982072412967682                     MemKD: 0.45635414123535156
2026-02-17 23:47:10,448 - INFO - Epoch [52/200] Train Loss: 0.2829, Train Acc: 80.51%, Val Loss: 0.5798, Val Acc: 75.80%
2026-02-17 23:47:32,217 - INFO - Epoch [53] Batch [0/17]                     Loss: 0.3408, Hard: 0.5711, Soft: -0.2303                     Acc: 75.00% LR: 0.000421                     Alpha: 0.5744425058364868                     Beta: -0.5071974396705627                     MemKD: 0.4533812701702118
2026-02-17 23:48:02,445 - INFO - Epoch [53/200] Train Loss: 0.2251, Train Acc: 80.88%, Val Loss: 0.5475, Val Acc: 79.12%
2026-02-17 23:48:25,726 - INFO - Epoch [54] Batch [0/17]                     Loss: -0.1614, Hard: 0.2186, Soft: -0.3800                     Acc: 93.75% LR: 0.000418                     Alpha: 0.5744425058364868                     Beta: -0.5160712003707886                     MemKD: 0.4504661560058594
2026-02-17 23:48:53,912 - INFO - Epoch [54/200] Train Loss: 0.1406, Train Acc: 81.99%, Val Loss: 0.5084, Val Acc: 81.25%
2026-02-17 23:48:53,913 - INFO - Best model saved with accuracy: 81.25%
2026-02-17 23:49:16,708 - INFO - Epoch [55] Batch [0/17]                     Loss: 0.0797, Hard: 0.4163, Soft: -0.3366                     Acc: 81.25% LR: 0.000415                     Alpha: 0.5744425058364868                     Beta: -0.5250834226608276                     MemKD: 0.4474208354949951
2026-02-17 23:49:47,690 - INFO - Epoch [55/200] Train Loss: 0.3294, Train Acc: 77.57%, Val Loss: 0.8220, Val Acc: 70.74%
2026-02-17 23:50:11,710 - INFO - Epoch [56] Batch [0/17]                     Loss: -0.0242, Hard: 0.3150, Soft: -0.3391                     Acc: 93.75% LR: 0.000412                     Alpha: 0.5744425058364868                     Beta: -0.5337668061256409                     MemKD: 0.4445872902870178
2026-02-17 23:50:41,415 - INFO - Epoch [56/200] Train Loss: 0.2975, Train Acc: 79.78%, Val Loss: 0.6064, Val Acc: 76.99%
2026-02-17 23:51:04,259 - INFO - Epoch [57] Batch [0/17]                     Loss: 0.1057, Hard: 0.4430, Soft: -0.3373                     Acc: 75.00% LR: 0.000409                     Alpha: 0.5744425058364868                     Beta: -0.5421265363693237                     MemKD: 0.44197407364845276
2026-02-17 23:51:34,160 - INFO - Epoch [57/200] Train Loss: 0.2686, Train Acc: 80.15%, Val Loss: 0.6156, Val Acc: 75.40%
2026-02-17 23:51:58,341 - INFO - Epoch [58] Batch [0/17]                     Loss: -0.1371, Hard: 0.2610, Soft: -0.3981                     Acc: 93.75% LR: 0.000406                     Alpha: 0.5744425058364868                     Beta: -0.5505625009536743                     MemKD: 0.43929561972618103
2026-02-17 23:52:27,865 - INFO - Epoch [58/200] Train Loss: 0.2946, Train Acc: 78.68%, Val Loss: 0.5412, Val Acc: 79.52%
2026-02-17 23:52:51,140 - INFO - Epoch [59] Batch [0/17]                     Loss: 0.3150, Hard: 0.6309, Soft: -0.3158                     Acc: 87.50% LR: 0.000403                     Alpha: 0.5744425058364868                     Beta: -0.5589030981063843                     MemKD: 0.4366741478443146
2026-02-17 23:53:21,866 - INFO - Epoch [59/200] Train Loss: 0.1577, Train Acc: 83.82%, Val Loss: 0.9267, Val Acc: 69.95%
2026-02-17 23:53:45,448 - INFO - Epoch [60] Batch [0/17]                     Loss: 0.3826, Hard: 0.6444, Soft: -0.2618                     Acc: 81.25% LR: 0.000400                     Alpha: 0.5744425058364868                     Beta: -0.5673164129257202                     MemKD: 0.4339904189109802
2026-02-17 23:54:14,557 - INFO - Epoch [60/200] Train Loss: 0.1346, Train Acc: 82.35%, Val Loss: 0.5591, Val Acc: 78.99%
2026-02-17 23:54:14,595 - INFO - Checkpoint saved at epoch 60
2026-02-17 23:54:36,168 - INFO - Epoch [61] Batch [0/17]                     Loss: -0.1598, Hard: 0.2792, Soft: -0.4390                     Acc: 100.00% LR: 0.000397                     Alpha: 0.5744425058364868                     Beta: -0.5757768154144287                     MemKD: 0.4312587082386017
2026-02-17 23:55:05,823 - INFO - Epoch [61/200] Train Loss: 0.3846, Train Acc: 76.10%, Val Loss: 0.7365, Val Acc: 70.88%
2026-02-17 23:55:30,473 - INFO - Epoch [62] Batch [0/17]                     Loss: -0.1493, Hard: 0.2849, Soft: -0.4342                     Acc: 87.50% LR: 0.000394                     Alpha: 0.5744425058364868                     Beta: -0.5837802886962891                     MemKD: 0.42879509925842285
2026-02-17 23:55:58,787 - INFO - Epoch [62/200] Train Loss: 0.2985, Train Acc: 78.68%, Val Loss: 0.5599, Val Acc: 78.86%
2026-02-17 23:56:22,716 - INFO - Epoch [63] Batch [0/17]                     Loss: 0.4859, Hard: 0.7726, Soft: -0.2867                     Acc: 68.75% LR: 0.000391                     Alpha: 0.5744425058364868                     Beta: -0.5916728973388672                     MemKD: 0.42638126015663147
2026-02-17 23:56:53,734 - INFO - Epoch [63/200] Train Loss: 0.1474, Train Acc: 80.88%, Val Loss: 0.5847, Val Acc: 76.99%
2026-02-17 23:57:17,556 - INFO - Epoch [64] Batch [0/17]                     Loss: 0.7293, Hard: 0.9286, Soft: -0.1993                     Acc: 62.50% LR: 0.000387                     Alpha: 0.5744425058364868                     Beta: -0.5995726585388184                     MemKD: 0.42393940687179565
2026-02-17 23:57:47,052 - INFO - Epoch [64/200] Train Loss: 0.2020, Train Acc: 76.84%, Val Loss: 0.5682, Val Acc: 80.72%
2026-02-17 23:58:10,525 - INFO - Epoch [65] Batch [0/17]                     Loss: -0.2034, Hard: 0.2400, Soft: -0.4434                     Acc: 93.75% LR: 0.000384                     Alpha: 0.5744425058364868                     Beta: -0.6075336933135986                     MemKD: 0.42146846652030945
2026-02-17 23:58:40,852 - INFO - Epoch [65/200] Train Loss: 0.1693, Train Acc: 80.51%, Val Loss: 0.4834, Val Acc: 82.18%
2026-02-17 23:58:40,853 - INFO - Best model saved with accuracy: 82.18%
2026-02-17 23:59:04,531 - INFO - Epoch [66] Batch [0/17]                     Loss: -0.0923, Hard: 0.3380, Soft: -0.4302                     Acc: 87.50% LR: 0.000381                     Alpha: 0.5744425058364868                     Beta: -0.615441083908081                     MemKD: 0.4190029203891754
2026-02-17 23:59:33,927 - INFO - Epoch [66/200] Train Loss: 0.0935, Train Acc: 83.46%, Val Loss: 0.5017, Val Acc: 81.25%
2026-02-17 23:59:56,400 - INFO - Epoch [67] Batch [0/17]                     Loss: -0.0673, Hard: 0.3648, Soft: -0.4321                     Acc: 87.50% LR: 0.000377                     Alpha: 0.5744425058364868                     Beta: -0.6234394907951355                     MemKD: 0.4164891541004181
2026-02-18 00:00:25,709 - INFO - Epoch [67/200] Train Loss: 0.0564, Train Acc: 83.82%, Val Loss: 0.7620, Val Acc: 74.34%
2026-02-18 00:00:48,556 - INFO - Epoch [68] Batch [0/17]                     Loss: 0.0839, Hard: 0.4506, Soft: -0.3667                     Acc: 81.25% LR: 0.000374                     Alpha: 0.5744425058364868                     Beta: -0.6312828660011292                     MemKD: 0.41403070092201233
2026-02-18 00:01:16,895 - INFO - Epoch [68/200] Train Loss: -0.0133, Train Acc: 84.93%, Val Loss: 0.8319, Val Acc: 68.35%
2026-02-18 00:01:39,972 - INFO - Epoch [69] Batch [0/17]                     Loss: -0.2268, Hard: 0.2718, Soft: -0.4986                     Acc: 93.75% LR: 0.000370                     Alpha: 0.5744425058364868                     Beta: -0.6392462849617004                     MemKD: 0.4115004539489746
2026-02-18 00:02:10,671 - INFO - Epoch [69/200] Train Loss: 0.1488, Train Acc: 79.04%, Val Loss: 0.6285, Val Acc: 77.79%
2026-02-18 00:02:34,282 - INFO - Epoch [70] Batch [0/17]                     Loss: 0.5290, Hard: 0.8622, Soft: -0.3332                     Acc: 68.75% LR: 0.000367                     Alpha: 0.5744425058364868                     Beta: -0.6469350457191467                     MemKD: 0.4091251790523529
2026-02-18 00:03:05,783 - INFO - Epoch [70/200] Train Loss: 0.0613, Train Acc: 81.25%, Val Loss: 0.5253, Val Acc: 79.92%
2026-02-18 00:03:05,839 - INFO - Checkpoint saved at epoch 70
2026-02-18 00:03:29,270 - INFO - Epoch [71] Batch [0/17]                     Loss: 0.0157, Hard: 0.4466, Soft: -0.4309                     Acc: 81.25% LR: 0.000363                     Alpha: 0.5744425058364868                     Beta: -0.654414713382721                     MemKD: 0.4068736433982849
2026-02-18 00:04:00,234 - INFO - Epoch [71/200] Train Loss: 0.0110, Train Acc: 84.56%, Val Loss: 0.4876, Val Acc: 82.05%
2026-02-18 00:04:25,270 - INFO - Epoch [72] Batch [0/17]                     Loss: 0.1895, Hard: 0.6064, Soft: -0.4169                     Acc: 75.00% LR: 0.000360                     Alpha: 0.5744425058364868                     Beta: -0.6620063781738281                     MemKD: 0.4045483469963074
2026-02-18 00:04:57,291 - INFO - Epoch [72/200] Train Loss: 0.1004, Train Acc: 79.41%, Val Loss: 0.4922, Val Acc: 82.45%
2026-02-18 00:04:57,291 - INFO - Best model saved with accuracy: 82.45%
2026-02-18 00:05:21,214 - INFO - Epoch [73] Batch [0/17]                     Loss: 0.3523, Hard: 0.7405, Soft: -0.3882                     Acc: 68.75% LR: 0.000356                     Alpha: 0.5744425058364868                     Beta: -0.6694435477256775                     MemKD: 0.40228933095932007
2026-02-18 00:05:51,093 - INFO - Epoch [73/200] Train Loss: -0.0406, Train Acc: 83.82%, Val Loss: 0.6418, Val Acc: 75.80%
2026-02-18 00:06:14,399 - INFO - Epoch [74] Batch [0/17]                     Loss: 0.0197, Hard: 0.4547, Soft: -0.4350                     Acc: 81.25% LR: 0.000353                     Alpha: 0.5744425058364868                     Beta: -0.6768449544906616                     MemKD: 0.40004265308380127
2026-02-18 00:06:43,754 - INFO - Epoch [74/200] Train Loss: -0.0783, Train Acc: 83.09%, Val Loss: 0.4832, Val Acc: 83.24%
2026-02-18 00:06:43,755 - INFO - Best model saved with accuracy: 83.24%
2026-02-18 00:07:08,129 - INFO - Epoch [75] Batch [0/17]                     Loss: 0.1763, Hard: 0.5683, Soft: -0.3919                     Acc: 87.50% LR: 0.000349                     Alpha: 0.5744425058364868                     Beta: -0.6843531727790833                     MemKD: 0.3977428376674652
2026-02-18 00:07:37,575 - INFO - Epoch [75/200] Train Loss: 0.0180, Train Acc: 82.35%, Val Loss: 0.5173, Val Acc: 82.18%
2026-02-18 00:08:01,426 - INFO - Epoch [76] Batch [0/17]                     Loss: -0.1474, Hard: 0.3489, Soft: -0.4963                     Acc: 87.50% LR: 0.000346                     Alpha: 0.5744425058364868                     Beta: -0.6916114687919617                     MemKD: 0.39557522535324097
2026-02-18 00:08:32,779 - INFO - Epoch [76/200] Train Loss: -0.0616, Train Acc: 84.93%, Val Loss: 0.6336, Val Acc: 76.33%
2026-02-18 00:08:57,160 - INFO - Epoch [77] Batch [0/17]                     Loss: -0.0560, Hard: 0.4322, Soft: -0.4881                     Acc: 87.50% LR: 0.000342                     Alpha: 0.5744425058364868                     Beta: -0.6988065242767334                     MemKD: 0.3934314250946045
2026-02-18 00:09:25,240 - INFO - Epoch [77/200] Train Loss: -0.0719, Train Acc: 84.56%, Val Loss: 0.5428, Val Acc: 78.59%
2026-02-18 00:09:47,819 - INFO - Epoch [78] Batch [0/17]                     Loss: -0.2618, Hard: 0.3131, Soft: -0.5749                     Acc: 87.50% LR: 0.000338                     Alpha: 0.5744425058364868                     Beta: -0.7059279680252075                     MemKD: 0.3913099765777588
2026-02-18 00:10:17,935 - INFO - Epoch [78/200] Train Loss: -0.1475, Train Acc: 86.03%, Val Loss: 0.5435, Val Acc: 79.39%
2026-02-18 00:10:40,604 - INFO - Epoch [79] Batch [0/17]                     Loss: 0.0640, Hard: 0.5267, Soft: -0.4627                     Acc: 81.25% LR: 0.000335                     Alpha: 0.5744425058364868                     Beta: -0.7130194902420044                     MemKD: 0.38918524980545044
2026-02-18 00:11:11,052 - INFO - Epoch [79/200] Train Loss: -0.0669, Train Acc: 83.82%, Val Loss: 0.4607, Val Acc: 81.91%
2026-02-18 00:11:33,029 - INFO - Epoch [80] Batch [0/17]                     Loss: -0.2118, Hard: 0.3590, Soft: -0.5708                     Acc: 93.75% LR: 0.000331                     Alpha: 0.5744425058364868                     Beta: -0.7199646830558777                     MemKD: 0.3871392607688904
2026-02-18 00:12:02,816 - INFO - Epoch [80/200] Train Loss: -0.0432, Train Acc: 87.13%, Val Loss: 1.0179, Val Acc: 67.29%
2026-02-18 00:12:02,863 - INFO - Checkpoint saved at epoch 80
2026-02-18 00:12:27,023 - INFO - Epoch [81] Batch [0/17]                     Loss: -0.0170, Hard: 0.4859, Soft: -0.5029                     Acc: 81.25% LR: 0.000327                     Alpha: 0.5744425058364868                     Beta: -0.7267443537712097                     MemKD: 0.38517528772354126
2026-02-18 00:12:56,244 - INFO - Epoch [81/200] Train Loss: -0.0461, Train Acc: 80.51%, Val Loss: 0.5849, Val Acc: 76.86%
2026-02-18 00:13:17,912 - INFO - Epoch [82] Batch [0/17]                     Loss: -0.3413, Hard: 0.2419, Soft: -0.5832                     Acc: 87.50% LR: 0.000324                     Alpha: 0.5744425058364868                     Beta: -0.7333533763885498                     MemKD: 0.38328051567077637
2026-02-18 00:13:47,133 - INFO - Epoch [82/200] Train Loss: -0.1308, Train Acc: 83.09%, Val Loss: 0.5412, Val Acc: 81.12%
2026-02-18 00:14:08,666 - INFO - Epoch [83] Batch [0/17]                     Loss: -0.3287, Hard: 0.2637, Soft: -0.5925                     Acc: 93.75% LR: 0.000320                     Alpha: 0.5744425058364868                     Beta: -0.7399682998657227                     MemKD: 0.38137489557266235
2026-02-18 00:14:39,327 - INFO - Epoch [83/200] Train Loss: -0.1183, Train Acc: 84.19%, Val Loss: 0.4903, Val Acc: 81.52%
2026-02-18 00:15:02,290 - INFO - Epoch [84] Batch [0/17]                     Loss: 0.0148, Hard: 0.4975, Soft: -0.4827                     Acc: 81.25% LR: 0.000316                     Alpha: 0.5744425058364868                     Beta: -0.7465498447418213                     MemKD: 0.3794898986816406
2026-02-18 00:15:31,041 - INFO - Epoch [84/200] Train Loss: -0.1070, Train Acc: 84.19%, Val Loss: 0.5138, Val Acc: 81.78%
2026-02-18 00:15:52,914 - INFO - Epoch [85] Batch [0/17]                     Loss: 0.0312, Hard: 0.5525, Soft: -0.5213                     Acc: 75.00% LR: 0.000312                     Alpha: 0.5744425058364868                     Beta: -0.7530196905136108                     MemKD: 0.3776427209377289
2026-02-18 00:16:23,810 - INFO - Epoch [85/200] Train Loss: -0.0469, Train Acc: 84.56%, Val Loss: 0.4449, Val Acc: 85.11%
2026-02-18 00:16:23,811 - INFO - Best model saved with accuracy: 85.11%
2026-02-18 00:16:47,698 - INFO - Epoch [86] Batch [0/17]                     Loss: -0.2818, Hard: 0.2993, Soft: -0.5811                     Acc: 81.25% LR: 0.000308                     Alpha: 0.5744425058364868                     Beta: -0.7592943906784058                     MemKD: 0.3758799135684967
2026-02-18 00:17:17,905 - INFO - Epoch [86/200] Train Loss: -0.1167, Train Acc: 83.09%, Val Loss: 0.5490, Val Acc: 80.72%
2026-02-18 00:17:39,375 - INFO - Epoch [87] Batch [0/17]                     Loss: -0.3464, Hard: 0.2672, Soft: -0.6135                     Acc: 93.75% LR: 0.000305                     Alpha: 0.5744425058364868                     Beta: -0.7655071020126343                     MemKD: 0.3741314709186554
2026-02-18 00:18:09,215 - INFO - Epoch [87/200] Train Loss: -0.1270, Train Acc: 84.56%, Val Loss: 0.5642, Val Acc: 79.39%
2026-02-18 00:18:31,670 - INFO - Epoch [88] Batch [0/17]                     Loss: -0.2167, Hard: 0.3597, Soft: -0.5764                     Acc: 87.50% LR: 0.000301                     Alpha: 0.5744425058364868                     Beta: -0.7715940475463867                     MemKD: 0.37243175506591797
2026-02-18 00:19:00,021 - INFO - Epoch [88/200] Train Loss: -0.2436, Train Acc: 85.29%, Val Loss: 0.5160, Val Acc: 81.65%
2026-02-18 00:19:22,564 - INFO - Epoch [89] Batch [0/17]                     Loss: -0.4890, Hard: 0.1775, Soft: -0.6664                     Acc: 100.00% LR: 0.000297                     Alpha: 0.5744425058364868                     Beta: -0.7777870893478394                     MemKD: 0.37067291140556335
2026-02-18 00:19:51,952 - INFO - Epoch [89/200] Train Loss: -0.2075, Train Acc: 87.13%, Val Loss: 0.5030, Val Acc: 81.52%
2026-02-18 00:20:13,055 - INFO - Epoch [90] Batch [0/17]                     Loss: -0.3171, Hard: 0.3309, Soft: -0.6480                     Acc: 87.50% LR: 0.000293                     Alpha: 0.5744425058364868                     Beta: -0.7838495969772339                     MemKD: 0.3689671456813812
2026-02-18 00:20:42,794 - INFO - Epoch [90/200] Train Loss: -0.2355, Train Acc: 86.03%, Val Loss: 0.5520, Val Acc: 78.99%
2026-02-18 00:20:42,832 - INFO - Checkpoint saved at epoch 90
2026-02-18 00:21:05,332 - INFO - Epoch [91] Batch [0/17]                     Loss: -0.3360, Hard: 0.3414, Soft: -0.6774                     Acc: 93.75% LR: 0.000289                     Alpha: 0.5744425058364868                     Beta: -0.7899099588394165                     MemKD: 0.3672592341899872
2026-02-18 00:21:35,466 - INFO - Epoch [91/200] Train Loss: -0.2600, Train Acc: 88.60%, Val Loss: 0.5443, Val Acc: 81.38%
2026-02-18 00:21:56,795 - INFO - Epoch [92] Batch [0/17]                     Loss: -0.3083, Hard: 0.3061, Soft: -0.6144                     Acc: 93.75% LR: 0.000285                     Alpha: 0.5744425058364868                     Beta: -0.7958407998085022                     MemKD: 0.3656066656112671
2026-02-18 00:22:28,839 - INFO - Epoch [92/200] Train Loss: -0.2609, Train Acc: 85.66%, Val Loss: 0.4585, Val Acc: 81.52%
2026-02-18 00:22:51,603 - INFO - Epoch [93] Batch [0/17]                     Loss: -0.4552, Hard: 0.2143, Soft: -0.6695                     Acc: 93.75% LR: 0.000281                     Alpha: 0.5744425058364868                     Beta: -0.8017074465751648                     MemKD: 0.36397823691368103
2026-02-18 00:23:20,870 - INFO - Epoch [93/200] Train Loss: -0.2829, Train Acc: 88.97%, Val Loss: 0.4349, Val Acc: 84.31%
2026-02-18 00:23:44,055 - INFO - Epoch [94] Batch [0/17]                     Loss: -0.5408, Hard: 0.1560, Soft: -0.6968                     Acc: 100.00% LR: 0.000277                     Alpha: 0.5744425058364868                     Beta: -0.8074848055839539                     MemKD: 0.36237478256225586
2026-02-18 00:24:16,949 - INFO - Epoch [94/200] Train Loss: -0.3028, Train Acc: 88.60%, Val Loss: 0.4201, Val Acc: 84.57%
2026-02-18 00:24:40,089 - INFO - Epoch [95] Batch [0/17]                     Loss: 0.1364, Hard: 0.5783, Soft: -0.4419                     Acc: 75.00% LR: 0.000274                     Alpha: 0.5744425058364868                     Beta: -0.8131796717643738                     MemKD: 0.36080455780029297
2026-02-18 00:25:11,229 - INFO - Epoch [95/200] Train Loss: -0.2793, Train Acc: 84.56%, Val Loss: 0.4908, Val Acc: 82.85%
2026-02-18 00:25:33,231 - INFO - Epoch [96] Batch [0/17]                     Loss: -0.5832, Hard: 0.1372, Soft: -0.7204                     Acc: 100.00% LR: 0.000270                     Alpha: 0.5744425058364868                     Beta: -0.8187151551246643                     MemKD: 0.3592888414859772
2026-02-18 00:26:02,711 - INFO - Epoch [96/200] Train Loss: -0.3146, Train Acc: 87.87%, Val Loss: 0.5126, Val Acc: 82.05%
2026-02-18 00:26:26,385 - INFO - Epoch [97] Batch [0/17]                     Loss: -0.0402, Hard: 0.5554, Soft: -0.5957                     Acc: 81.25% LR: 0.000266                     Alpha: 0.5744425058364868                     Beta: -0.8242067098617554                     MemKD: 0.35778263211250305
2026-02-18 00:26:58,575 - INFO - Epoch [97/200] Train Loss: -0.3682, Train Acc: 87.50%, Val Loss: 0.4841, Val Acc: 82.05%
2026-02-18 00:27:21,657 - INFO - Epoch [98] Batch [0/17]                     Loss: -0.3206, Hard: 0.3083, Soft: -0.6289                     Acc: 93.75% LR: 0.000262                     Alpha: 0.5744425058364868                     Beta: -0.8296778202056885                     MemKD: 0.35628822445869446
2026-02-18 00:27:52,512 - INFO - Epoch [98/200] Train Loss: -0.3151, Train Acc: 85.66%, Val Loss: 0.4431, Val Acc: 83.51%
2026-02-18 00:28:16,513 - INFO - Epoch [99] Batch [0/17]                     Loss: -0.5040, Hard: 0.2230, Soft: -0.7271                     Acc: 87.50% LR: 0.000258                     Alpha: 0.5744425058364868                     Beta: -0.8349964618682861                     MemKD: 0.35485100746154785
2026-02-18 00:28:46,534 - INFO - Epoch [99/200] Train Loss: -0.4407, Train Acc: 91.91%, Val Loss: 0.7651, Val Acc: 74.07%
2026-02-18 00:29:09,673 - INFO - Epoch [100] Batch [0/17]                     Loss: -0.5642, Hard: 0.1987, Soft: -0.7630                     Acc: 87.50% LR: 0.000254                     Alpha: 0.5744425058364868                     Beta: -0.8403264284133911                     MemKD: 0.3534080684185028
2026-02-18 00:29:39,096 - INFO - Epoch [100/200] Train Loss: -0.2090, Train Acc: 82.35%, Val Loss: 0.4754, Val Acc: 81.91%
2026-02-18 00:29:39,137 - INFO - Checkpoint saved at epoch 100
2026-02-18 00:30:00,439 - INFO - Epoch [101] Batch [0/17]                     Loss: -0.3346, Hard: 0.3951, Soft: -0.7297                     Acc: 93.75% LR: 0.000250                     Alpha: 0.5744425058364868                     Beta: -0.8454700708389282                     MemKD: 0.35203471779823303
2026-02-18 00:30:32,091 - INFO - Epoch [101/200] Train Loss: -0.3849, Train Acc: 89.71%, Val Loss: 0.5615, Val Acc: 81.25%
2026-02-18 00:30:56,486 - INFO - Epoch [102] Batch [0/17]                     Loss: -0.4770, Hard: 0.2636, Soft: -0.7406                     Acc: 93.75% LR: 0.000246                     Alpha: 0.5744425058364868                     Beta: -0.8505108952522278                     MemKD: 0.35070621967315674
2026-02-18 00:31:26,463 - INFO - Epoch [102/200] Train Loss: -0.2694, Train Acc: 83.82%, Val Loss: 0.4632, Val Acc: 83.51%
2026-02-18 00:31:50,010 - INFO - Epoch [103] Batch [0/17]                     Loss: -0.4211, Hard: 0.3074, Soft: -0.7285                     Acc: 87.50% LR: 0.000242                     Alpha: 0.5744425058364868                     Beta: -0.8554201126098633                     MemKD: 0.3494170010089874
2026-02-18 00:32:21,831 - INFO - Epoch [103/200] Train Loss: -0.3676, Train Acc: 89.34%, Val Loss: 0.4953, Val Acc: 82.31%
2026-02-18 00:32:43,967 - INFO - Epoch [104] Batch [0/17]                     Loss: -0.5895, Hard: 0.1853, Soft: -0.7748                     Acc: 100.00% LR: 0.000238                     Alpha: 0.5744425058364868                     Beta: -0.8602609634399414                     MemKD: 0.3481399714946747
2026-02-18 00:33:10,959 - INFO - Epoch [104/200] Train Loss: -0.3595, Train Acc: 86.03%, Val Loss: 0.4792, Val Acc: 81.91%
2026-02-18 00:33:32,875 - INFO - Epoch [105] Batch [0/17]                     Loss: -0.2926, Hard: 0.4358, Soft: -0.7284                     Acc: 81.25% LR: 0.000234                     Alpha: 0.5744425058364868                     Beta: -0.865043580532074                     MemKD: 0.3468882739543915
2026-02-18 00:34:03,834 - INFO - Epoch [105/200] Train Loss: -0.3198, Train Acc: 85.29%, Val Loss: 0.4563, Val Acc: 82.58%
2026-02-18 00:34:26,673 - INFO - Epoch [106] Batch [0/17]                     Loss: -0.3808, Hard: 0.3364, Soft: -0.7172                     Acc: 93.75% LR: 0.000230                     Alpha: 0.5744425058364868                     Beta: -0.8697401285171509                     MemKD: 0.34566858410835266
2026-02-18 00:34:56,386 - INFO - Epoch [106/200] Train Loss: -0.3480, Train Acc: 86.76%, Val Loss: 0.4524, Val Acc: 83.38%
2026-02-18 00:35:17,447 - INFO - Epoch [107] Batch [0/17]                     Loss: -0.5139, Hard: 0.2708, Soft: -0.7846                     Acc: 93.75% LR: 0.000226                     Alpha: 0.5744425058364868                     Beta: -0.8743568658828735                     MemKD: 0.34447482228279114
2026-02-18 00:35:47,933 - INFO - Epoch [107/200] Train Loss: -0.4318, Train Acc: 88.60%, Val Loss: 0.5296, Val Acc: 80.85%
2026-02-18 00:36:09,768 - INFO - Epoch [108] Batch [0/17]                     Loss: -0.5464, Hard: 0.2371, Soft: -0.7835                     Acc: 100.00% LR: 0.000223                     Alpha: 0.5744425058364868                     Beta: -0.8789279460906982                     MemKD: 0.34328970313072205
2026-02-18 00:36:38,570 - INFO - Epoch [108/200] Train Loss: -0.4662, Train Acc: 90.44%, Val Loss: 0.4488, Val Acc: 85.11%
2026-02-18 00:37:01,780 - INFO - Epoch [109] Batch [0/17]                     Loss: -0.5832, Hard: 0.2361, Soft: -0.8193                     Acc: 87.50% LR: 0.000219                     Alpha: 0.5744425058364868                     Beta: -0.8834337592124939                     MemKD: 0.34211841225624084
2026-02-18 00:37:31,291 - INFO - Epoch [109/200] Train Loss: -0.4506, Train Acc: 86.76%, Val Loss: 0.5202, Val Acc: 79.92%
2026-02-18 00:37:52,598 - INFO - Epoch [110] Batch [0/17]                     Loss: -0.7408, Hard: 0.1007, Soft: -0.8415                     Acc: 93.75% LR: 0.000215                     Alpha: 0.5744425058364868                     Beta: -0.8878266215324402                     MemKD: 0.3409865200519562
2026-02-18 00:38:22,394 - INFO - Epoch [110/200] Train Loss: -0.4655, Train Acc: 87.50%, Val Loss: 0.4574, Val Acc: 81.91%
2026-02-18 00:38:22,438 - INFO - Checkpoint saved at epoch 110
2026-02-18 00:38:46,157 - INFO - Epoch [111] Batch [0/17]                     Loss: -0.3107, Hard: 0.3728, Soft: -0.6835                     Acc: 87.50% LR: 0.000211                     Alpha: 0.5744425058364868                     Beta: -0.892150342464447                     MemKD: 0.3398738503456116
2026-02-18 00:39:12,998 - INFO - Epoch [111/200] Train Loss: -0.5205, Train Acc: 90.07%, Val Loss: 0.4790, Val Acc: 80.32%
2026-02-18 00:39:33,373 - INFO - Epoch [112] Batch [0/17]                     Loss: -0.6794, Hard: 0.1421, Soft: -0.8215                     Acc: 100.00% LR: 0.000207                     Alpha: 0.5744425058364868                     Beta: -0.8964077830314636                     MemKD: 0.33877861499786377
2026-02-18 00:40:03,105 - INFO - Epoch [112/200] Train Loss: -0.4661, Train Acc: 87.50%, Val Loss: 0.4507, Val Acc: 83.64%
2026-02-18 00:40:24,008 - INFO - Epoch [113] Batch [0/17]                     Loss: -0.7022, Hard: 0.1456, Soft: -0.8478                     Acc: 100.00% LR: 0.000203                     Alpha: 0.5744425058364868                     Beta: -0.9005671739578247                     MemKD: 0.3377099931240082
2026-02-18 00:40:54,533 - INFO - Epoch [113/200] Train Loss: -0.4454, Train Acc: 85.66%, Val Loss: 0.4202, Val Acc: 83.64%
2026-02-18 00:41:15,955 - INFO - Epoch [114] Batch [0/17]                     Loss: -0.7164, Hard: 0.1163, Soft: -0.8327                     Acc: 100.00% LR: 0.000199                     Alpha: 0.5744425058364868                     Beta: -0.904611349105835                     MemKD: 0.33668431639671326
2026-02-18 00:41:45,653 - INFO - Epoch [114/200] Train Loss: -0.3725, Train Acc: 86.76%, Val Loss: 0.5082, Val Acc: 82.18%
2026-02-18 00:42:07,309 - INFO - Epoch [115] Batch [0/17]                     Loss: -0.3286, Hard: 0.4035, Soft: -0.7321                     Acc: 81.25% LR: 0.000195                     Alpha: 0.5744425058364868                     Beta: -0.9085414409637451                     MemKD: 0.33569321036338806
2026-02-18 00:42:35,668 - INFO - Epoch [115/200] Train Loss: -0.3503, Train Acc: 84.19%, Val Loss: 0.4619, Val Acc: 83.24%
2026-02-18 00:42:57,062 - INFO - Epoch [116] Batch [0/17]                     Loss: -0.1873, Hard: 0.4991, Soft: -0.6864                     Acc: 81.25% LR: 0.000192                     Alpha: 0.5744425058364868                     Beta: -0.9123623967170715                     MemKD: 0.33473870158195496
2026-02-18 00:43:26,679 - INFO - Epoch [116/200] Train Loss: -0.4372, Train Acc: 85.66%, Val Loss: 0.5882, Val Acc: 80.45%
2026-02-18 00:43:47,126 - INFO - Epoch [117] Batch [0/17]                     Loss: -0.6296, Hard: 0.2135, Soft: -0.8431                     Acc: 100.00% LR: 0.000188                     Alpha: 0.5744425058364868                     Beta: -0.9160897135734558                     MemKD: 0.33381277322769165
2026-02-18 00:44:19,656 - INFO - Epoch [117/200] Train Loss: -0.4721, Train Acc: 88.97%, Val Loss: 0.4594, Val Acc: 83.11%
2026-02-18 00:44:41,085 - INFO - Epoch [118] Batch [0/17]                     Loss: -0.3528, Hard: 0.3967, Soft: -0.7496                     Acc: 75.00% LR: 0.000184                     Alpha: 0.5744425058364868                     Beta: -0.9197595119476318                     MemKD: 0.33289745450019836
2026-02-18 00:45:11,300 - INFO - Epoch [118/200] Train Loss: -0.5181, Train Acc: 88.97%, Val Loss: 0.4711, Val Acc: 83.64%
2026-02-18 00:45:33,144 - INFO - Epoch [119] Batch [0/17]                     Loss: -0.5327, Hard: 0.2996, Soft: -0.8323                     Acc: 87.50% LR: 0.000180                     Alpha: 0.5744425058364868                     Beta: -0.923392653465271                     MemKD: 0.3319889307022095
2026-02-18 00:46:04,010 - INFO - Epoch [119/200] Train Loss: -0.4477, Train Acc: 85.29%, Val Loss: 0.5322, Val Acc: 78.72%
2026-02-18 00:46:27,061 - INFO - Epoch [120] Batch [0/17]                     Loss: -0.6215, Hard: 0.2375, Soft: -0.8590                     Acc: 93.75% LR: 0.000176                     Alpha: 0.5744425058364868                     Beta: -0.9269306063652039                     MemKD: 0.3311116099357605
2026-02-18 00:46:56,734 - INFO - Epoch [120/200] Train Loss: -0.5508, Train Acc: 90.07%, Val Loss: 0.4269, Val Acc: 84.31%
2026-02-18 00:46:56,772 - INFO - Checkpoint saved at epoch 120
2026-02-18 00:47:17,972 - INFO - Epoch [121] Batch [0/17]                     Loss: -0.5253, Hard: 0.3303, Soft: -0.8555                     Acc: 87.50% LR: 0.000173                     Alpha: 0.5744425058364868                     Beta: -0.9304224252700806                     MemKD: 0.3302417993545532
2026-02-18 00:47:46,482 - INFO - Epoch [121/200] Train Loss: -0.5185, Train Acc: 86.40%, Val Loss: 0.5737, Val Acc: 79.52%
2026-02-18 00:48:07,655 - INFO - Epoch [122] Batch [0/17]                     Loss: -0.6454, Hard: 0.2036, Soft: -0.8490                     Acc: 93.75% LR: 0.000169                     Alpha: 0.5744425058364868                     Beta: -0.9338365793228149                     MemKD: 0.32939133048057556
2026-02-18 00:48:36,481 - INFO - Epoch [122/200] Train Loss: -0.4419, Train Acc: 87.87%, Val Loss: 0.5396, Val Acc: 79.65%
2026-02-18 00:48:57,786 - INFO - Epoch [123] Batch [0/17]                     Loss: -0.3154, Hard: 0.4664, Soft: -0.7818                     Acc: 81.25% LR: 0.000165                     Alpha: 0.5744425058364868                     Beta: -0.9371420741081238                     MemKD: 0.32857561111450195
2026-02-18 00:49:26,892 - INFO - Epoch [123/200] Train Loss: -0.4385, Train Acc: 87.50%, Val Loss: 0.4289, Val Acc: 84.57%
2026-02-18 00:49:47,774 - INFO - Epoch [124] Batch [0/17]                     Loss: -0.7617, Hard: 0.1007, Soft: -0.8623                     Acc: 100.00% LR: 0.000162                     Alpha: 0.5744425058364868                     Beta: -0.9403302669525146                     MemKD: 0.32780158519744873
2026-02-18 00:50:19,349 - INFO - Epoch [124/200] Train Loss: -0.5706, Train Acc: 91.18%, Val Loss: 0.4833, Val Acc: 82.58%
2026-02-18 00:50:42,919 - INFO - Epoch [125] Batch [0/17]                     Loss: -0.3708, Hard: 0.4236, Soft: -0.7944                     Acc: 81.25% LR: 0.000158                     Alpha: 0.5744425058364868                     Beta: -0.943452775478363                     MemKD: 0.3270414471626282
2026-02-18 00:51:12,219 - INFO - Epoch [125/200] Train Loss: -0.5035, Train Acc: 86.40%, Val Loss: 0.4842, Val Acc: 80.98%
2026-02-18 00:51:34,158 - INFO - Epoch [126] Batch [0/17]                     Loss: -0.4788, Hard: 0.3715, Soft: -0.8503                     Acc: 81.25% LR: 0.000154                     Alpha: 0.5744425058364868                     Beta: -0.9464948177337646                     MemKD: 0.326299786567688
2026-02-18 00:52:03,212 - INFO - Epoch [126/200] Train Loss: -0.5467, Train Acc: 89.34%, Val Loss: 0.3893, Val Acc: 87.77%
2026-02-18 00:52:03,213 - INFO - Best model saved with accuracy: 87.77%
2026-02-18 00:52:26,285 - INFO - Epoch [127] Batch [0/17]                     Loss: -0.7240, Hard: 0.1778, Soft: -0.9018                     Acc: 100.00% LR: 0.000151                     Alpha: 0.5744425058364868                     Beta: -0.9494833946228027                     MemKD: 0.3255726397037506
2026-02-18 00:52:56,746 - INFO - Epoch [127/200] Train Loss: -0.5951, Train Acc: 90.81%, Val Loss: 0.5450, Val Acc: 79.92%
2026-02-18 00:53:19,209 - INFO - Epoch [128] Batch [0/17]                     Loss: -0.5880, Hard: 0.2717, Soft: -0.8596                     Acc: 93.75% LR: 0.000147                     Alpha: 0.5744425058364868                     Beta: -0.9524268507957458                     MemKD: 0.32485610246658325
2026-02-18 00:53:49,060 - INFO - Epoch [128/200] Train Loss: -0.6051, Train Acc: 90.44%, Val Loss: 0.4173, Val Acc: 83.51%
2026-02-18 00:54:11,523 - INFO - Epoch [129] Batch [0/17]                     Loss: -0.2880, Hard: 0.4628, Soft: -0.7508                     Acc: 87.50% LR: 0.000144                     Alpha: 0.5744425058364868                     Beta: -0.9553214907646179                     MemKD: 0.3241480886936188
2026-02-18 00:54:40,041 - INFO - Epoch [129/200] Train Loss: -0.5767, Train Acc: 90.44%, Val Loss: 0.4340, Val Acc: 82.58%
2026-02-18 00:55:01,820 - INFO - Epoch [130] Batch [0/17]                     Loss: -0.7665, Hard: 0.1398, Soft: -0.9063                     Acc: 93.75% LR: 0.000140                     Alpha: 0.5744425058364868                     Beta: -0.9581320285797119                     MemKD: 0.32346656918525696
2026-02-18 00:55:31,513 - INFO - Epoch [130/200] Train Loss: -0.5353, Train Acc: 88.60%, Val Loss: 0.4485, Val Acc: 83.24%
2026-02-18 00:55:31,556 - INFO - Checkpoint saved at epoch 130
2026-02-18 00:55:53,235 - INFO - Epoch [131] Batch [0/17]                     Loss: -0.3108, Hard: 0.4170, Soft: -0.7278                     Acc: 81.25% LR: 0.000137                     Alpha: 0.5744425058364868                     Beta: -0.9608621001243591                     MemKD: 0.32280755043029785
2026-02-18 00:56:23,792 - INFO - Epoch [131/200] Train Loss: -0.6081, Train Acc: 90.07%, Val Loss: 0.3896, Val Acc: 85.90%
2026-02-18 00:56:46,046 - INFO - Epoch [132] Batch [0/17]                     Loss: -0.5648, Hard: 0.2982, Soft: -0.8630                     Acc: 93.75% LR: 0.000133                     Alpha: 0.5744425058364868                     Beta: -0.9635025858879089                     MemKD: 0.32217228412628174
2026-02-18 00:57:14,047 - INFO - Epoch [132/200] Train Loss: -0.5815, Train Acc: 90.44%, Val Loss: 0.4277, Val Acc: 84.97%
2026-02-18 00:57:36,259 - INFO - Epoch [133] Batch [0/17]                     Loss: -0.8236, Hard: 0.1049, Soft: -0.9284                     Acc: 100.00% LR: 0.000130                     Alpha: 0.5744425058364868                     Beta: -0.9660815596580505                     MemKD: 0.3215492367744446
2026-02-18 00:58:05,077 - INFO - Epoch [133/200] Train Loss: -0.6189, Train Acc: 90.07%, Val Loss: 0.4670, Val Acc: 83.64%
2026-02-18 00:58:28,243 - INFO - Epoch [134] Batch [0/17]                     Loss: -0.6109, Hard: 0.2551, Soft: -0.8660                     Acc: 81.25% LR: 0.000126                     Alpha: 0.5744425058364868                     Beta: -0.9686099886894226                     MemKD: 0.32093924283981323
2026-02-18 00:58:58,142 - INFO - Epoch [134/200] Train Loss: -0.6305, Train Acc: 90.07%, Val Loss: 0.5260, Val Acc: 79.79%
2026-02-18 00:59:20,255 - INFO - Epoch [135] Batch [0/17]                     Loss: -0.8680, Hard: 0.1206, Soft: -0.9885                     Acc: 93.75% LR: 0.000123                     Alpha: 0.5744425058364868                     Beta: -0.9710450172424316                     MemKD: 0.3203579783439636
2026-02-18 00:59:51,149 - INFO - Epoch [135/200] Train Loss: -0.5398, Train Acc: 87.13%, Val Loss: 0.5644, Val Acc: 80.32%
2026-02-18 01:00:14,923 - INFO - Epoch [136] Batch [0/17]                     Loss: -0.2594, Hard: 0.5222, Soft: -0.7817                     Acc: 81.25% LR: 0.000119                     Alpha: 0.5744425058364868                     Beta: -0.9734266400337219                     MemKD: 0.31979048252105713
2026-02-18 01:00:45,664 - INFO - Epoch [136/200] Train Loss: -0.5511, Train Acc: 89.34%, Val Loss: 0.4306, Val Acc: 83.64%
2026-02-18 01:01:09,299 - INFO - Epoch [137] Batch [0/17]                     Loss: -0.5958, Hard: 0.2821, Soft: -0.8780                     Acc: 93.75% LR: 0.000116                     Alpha: 0.5744425058364868                     Beta: -0.9756863713264465                     MemKD: 0.3192591071128845
2026-02-18 01:01:38,936 - INFO - Epoch [137/200] Train Loss: -0.5113, Train Acc: 86.76%, Val Loss: 0.4014, Val Acc: 85.37%
2026-02-18 01:02:00,835 - INFO - Epoch [138] Batch [0/17]                     Loss: -0.7197, Hard: 0.2358, Soft: -0.9554                     Acc: 87.50% LR: 0.000113                     Alpha: 0.5744425058364868                     Beta: -0.977882444858551                     MemKD: 0.3187417685985565
2026-02-18 01:02:31,184 - INFO - Epoch [138/200] Train Loss: -0.6164, Train Acc: 87.13%, Val Loss: 0.3929, Val Acc: 85.51%
2026-02-18 01:02:54,642 - INFO - Epoch [139] Batch [0/17]                     Loss: -0.3903, Hard: 0.4570, Soft: -0.8472                     Acc: 81.25% LR: 0.000109                     Alpha: 0.5744425058364868                     Beta: -0.9800271391868591                     MemKD: 0.31823548674583435
2026-02-18 01:03:23,847 - INFO - Epoch [139/200] Train Loss: -0.5232, Train Acc: 86.40%, Val Loss: 0.4458, Val Acc: 85.64%
2026-02-18 01:03:46,510 - INFO - Epoch [140] Batch [0/17]                     Loss: -0.7697, Hard: 0.1771, Soft: -0.9468                     Acc: 93.75% LR: 0.000106                     Alpha: 0.5744425058364868                     Beta: -0.9821183085441589                     MemKD: 0.3177429735660553
2026-02-18 01:04:16,637 - INFO - Epoch [140/200] Train Loss: -0.6855, Train Acc: 92.65%, Val Loss: 0.4194, Val Acc: 83.78%
2026-02-18 01:04:16,687 - INFO - Checkpoint saved at epoch 140
2026-02-18 01:04:39,866 - INFO - Epoch [141] Batch [0/17]                     Loss: -1.0227, Hard: 0.0377, Soft: -1.0604                     Acc: 100.00% LR: 0.000103                     Alpha: 0.5744425058364868                     Beta: -0.9841341376304626                     MemKD: 0.31727057695388794
2026-02-18 01:05:08,878 - INFO - Epoch [141/200] Train Loss: -0.5674, Train Acc: 88.60%, Val Loss: 0.4597, Val Acc: 83.78%
2026-02-18 01:05:32,313 - INFO - Epoch [142] Batch [0/17]                     Loss: -0.9007, Hard: 0.0492, Soft: -0.9498                     Acc: 100.00% LR: 0.000100                     Alpha: 0.5744425058364868                     Beta: -0.9861195087432861                     MemKD: 0.31680387258529663
2026-02-18 01:06:03,938 - INFO - Epoch [142/200] Train Loss: -0.6879, Train Acc: 91.91%, Val Loss: 0.3863, Val Acc: 86.57%
2026-02-18 01:06:27,234 - INFO - Epoch [143] Batch [0/17]                     Loss: -0.7836, Hard: 0.1743, Soft: -0.9579                     Acc: 93.75% LR: 0.000097                     Alpha: 0.5744425058364868                     Beta: -0.9880290031433105                     MemKD: 0.3163544535636902
2026-02-18 01:06:57,447 - INFO - Epoch [143/200] Train Loss: -0.5790, Train Acc: 88.60%, Val Loss: 0.4529, Val Acc: 82.71%
2026-02-18 01:07:19,700 - INFO - Epoch [144] Batch [0/17]                     Loss: -0.8412, Hard: 0.1468, Soft: -0.9880                     Acc: 93.75% LR: 0.000094                     Alpha: 0.5744425058364868                     Beta: -0.9898812770843506                     MemKD: 0.3159196376800537
2026-02-18 01:07:49,615 - INFO - Epoch [144/200] Train Loss: -0.6402, Train Acc: 89.71%, Val Loss: 0.3773, Val Acc: 86.30%
2026-02-18 01:08:11,476 - INFO - Epoch [145] Batch [0/17]                     Loss: -0.6349, Hard: 0.2443, Soft: -0.8792                     Acc: 93.75% LR: 0.000091                     Alpha: 0.5744425058364868                     Beta: -0.9916605353355408                     MemKD: 0.31550535559654236
2026-02-18 01:08:40,510 - INFO - Epoch [145/200] Train Loss: -0.6690, Train Acc: 92.28%, Val Loss: 0.4261, Val Acc: 85.37%
2026-02-18 01:09:03,652 - INFO - Epoch [146] Batch [0/17]                     Loss: -0.3947, Hard: 0.4196, Soft: -0.8144                     Acc: 87.50% LR: 0.000088                     Alpha: 0.5744425058364868                     Beta: -0.9933745861053467                     MemKD: 0.3151066303253174
2026-02-18 01:09:33,130 - INFO - Epoch [146/200] Train Loss: -0.5579, Train Acc: 88.60%, Val Loss: 0.3963, Val Acc: 85.51%
2026-02-18 01:09:55,885 - INFO - Epoch [147] Batch [0/17]                     Loss: -0.6953, Hard: 0.2235, Soft: -0.9188                     Acc: 87.50% LR: 0.000085                     Alpha: 0.5744425058364868                     Beta: -0.9950389266014099                     MemKD: 0.31471896171569824
2026-02-18 01:10:27,503 - INFO - Epoch [147/200] Train Loss: -0.6680, Train Acc: 87.13%, Val Loss: 0.3956, Val Acc: 86.04%
2026-02-18 01:10:50,830 - INFO - Epoch [148] Batch [0/17]                     Loss: -0.8817, Hard: 0.1205, Soft: -1.0021                     Acc: 93.75% LR: 0.000082                     Alpha: 0.5744425058364868                     Beta: -0.9966413378715515                     MemKD: 0.314347505569458
2026-02-18 01:11:20,510 - INFO - Epoch [148/200] Train Loss: -0.7213, Train Acc: 91.91%, Val Loss: 0.4082, Val Acc: 83.91%
2026-02-18 01:11:42,433 - INFO - Epoch [149] Batch [0/17]                     Loss: -0.8862, Hard: 0.1004, Soft: -0.9865                     Acc: 100.00% LR: 0.000079                     Alpha: 0.5744425058364868                     Beta: -0.9982053637504578                     MemKD: 0.31398215889930725
2026-02-18 01:12:13,711 - INFO - Epoch [149/200] Train Loss: -0.7005, Train Acc: 90.44%, Val Loss: 0.3883, Val Acc: 86.57%
2026-02-18 01:12:36,806 - INFO - Epoch [150] Batch [0/17]                     Loss: -0.7762, Hard: 0.2112, Soft: -0.9874                     Acc: 87.50% LR: 0.000076                     Alpha: 0.5744425058364868                     Beta: -0.9997091293334961                     MemKD: 0.3136308491230011
2026-02-18 01:13:06,899 - INFO - Epoch [150/200] Train Loss: -0.6519, Train Acc: 88.60%, Val Loss: 0.4719, Val Acc: 82.18%
2026-02-18 01:13:06,939 - INFO - Checkpoint saved at epoch 150
2026-02-18 01:13:28,644 - INFO - Epoch [151] Batch [0/17]                     Loss: -0.6141, Hard: 0.2979, Soft: -0.9121                     Acc: 87.50% LR: 0.000073                     Alpha: 0.5744425058364868                     Beta: -1.001153826713562                     MemKD: 0.3132961392402649
2026-02-18 01:13:59,567 - INFO - Epoch [151/200] Train Loss: -0.6856, Train Acc: 91.91%, Val Loss: 0.4158, Val Acc: 86.30%
2026-02-18 01:14:21,883 - INFO - Epoch [152] Batch [0/17]                     Loss: -0.5845, Hard: 0.2690, Soft: -0.8536                     Acc: 93.75% LR: 0.000070                     Alpha: 0.5744425058364868                     Beta: -1.002529263496399                     MemKD: 0.3129790425300598
2026-02-18 01:14:51,756 - INFO - Epoch [152/200] Train Loss: -0.6826, Train Acc: 90.44%, Val Loss: 0.3904, Val Acc: 86.17%
2026-02-18 01:15:14,578 - INFO - Epoch [153] Batch [0/17]                     Loss: -0.7868, Hard: 0.1540, Soft: -0.9408                     Acc: 93.75% LR: 0.000068                     Alpha: 0.5744425058364868                     Beta: -1.0038671493530273                     MemKD: 0.31266969442367554
2026-02-18 01:15:44,811 - INFO - Epoch [153/200] Train Loss: -0.6879, Train Acc: 90.44%, Val Loss: 0.3886, Val Acc: 86.44%
2026-02-18 01:16:08,257 - INFO - Epoch [154] Batch [0/17]                     Loss: -0.6480, Hard: 0.2760, Soft: -0.9241                     Acc: 87.50% LR: 0.000065                     Alpha: 0.5744425058364868                     Beta: -1.0051461458206177                     MemKD: 0.31237512826919556
2026-02-18 01:16:36,977 - INFO - Epoch [154/200] Train Loss: -0.7288, Train Acc: 92.65%, Val Loss: 0.3891, Val Acc: 86.57%
2026-02-18 01:16:59,628 - INFO - Epoch [155] Batch [0/17]                     Loss: -0.9646, Hard: 0.0395, Soft: -1.0042                     Acc: 100.00% LR: 0.000062                     Alpha: 0.5744425058364868                     Beta: -1.0063762664794922                     MemKD: 0.3120918571949005
2026-02-18 01:17:28,523 - INFO - Epoch [155/200] Train Loss: -0.7419, Train Acc: 92.65%, Val Loss: 0.4062, Val Acc: 85.51%
2026-02-18 01:17:49,436 - INFO - Epoch [156] Batch [0/17]                     Loss: -0.9160, Hard: 0.0897, Soft: -1.0057                     Acc: 100.00% LR: 0.000060                     Alpha: 0.5744425058364868                     Beta: -1.0075699090957642                     MemKD: 0.31181600689888
2026-02-18 01:18:20,075 - INFO - Epoch [156/200] Train Loss: -0.6811, Train Acc: 88.97%, Val Loss: 0.3672, Val Acc: 87.23%
2026-02-18 01:18:43,768 - INFO - Epoch [157] Batch [0/17]                     Loss: -0.7909, Hard: 0.1526, Soft: -0.9435                     Acc: 100.00% LR: 0.000057                     Alpha: 0.5744425058364868                     Beta: -1.0087006092071533                     MemKD: 0.3115573823451996
2026-02-18 01:19:11,465 - INFO - Epoch [157/200] Train Loss: -0.7176, Train Acc: 92.28%, Val Loss: 0.4058, Val Acc: 86.17%
2026-02-18 01:19:32,954 - INFO - Epoch [158] Batch [0/17]                     Loss: -0.4930, Hard: 0.4181, Soft: -0.9112                     Acc: 75.00% LR: 0.000055                     Alpha: 0.5744425058364868                     Beta: -1.009780764579773                     MemKD: 0.311310738325119
2026-02-18 01:20:04,038 - INFO - Epoch [158/200] Train Loss: -0.6462, Train Acc: 90.07%, Val Loss: 0.3783, Val Acc: 86.44%
2026-02-18 01:20:27,250 - INFO - Epoch [159] Batch [0/17]                     Loss: -0.9719, Hard: 0.0401, Soft: -1.0119                     Acc: 100.00% LR: 0.000052                     Alpha: 0.5744425058364868                     Beta: -1.0107938051223755                     MemKD: 0.31108081340789795
2026-02-18 01:20:56,491 - INFO - Epoch [159/200] Train Loss: -0.6700, Train Acc: 90.07%, Val Loss: 0.3899, Val Acc: 85.51%
2026-02-18 01:21:19,887 - INFO - Epoch [160] Batch [0/17]                     Loss: -0.9045, Hard: 0.1117, Soft: -1.0162                     Acc: 100.00% LR: 0.000050                     Alpha: 0.5744425058364868                     Beta: -1.0117650032043457                     MemKD: 0.310859739780426
2026-02-18 01:21:50,067 - INFO - Epoch [160/200] Train Loss: -0.6484, Train Acc: 90.07%, Val Loss: 0.4316, Val Acc: 85.90%
2026-02-18 01:21:50,106 - INFO - Checkpoint saved at epoch 160
2026-02-18 01:22:12,249 - INFO - Epoch [161] Batch [0/17]                     Loss: -0.5489, Hard: 0.3413, Soft: -0.8902                     Acc: 87.50% LR: 0.000048                     Alpha: 0.5744425058364868                     Beta: -1.0126835107803345                     MemKD: 0.3106516897678375
2026-02-18 01:22:41,105 - INFO - Epoch [161/200] Train Loss: -0.7367, Train Acc: 91.54%, Val Loss: 0.3787, Val Acc: 86.44%
2026-02-18 01:23:02,532 - INFO - Epoch [162] Batch [0/17]                     Loss: -0.9001, Hard: 0.1067, Soft: -1.0068                     Acc: 100.00% LR: 0.000045                     Alpha: 0.5744425058364868                     Beta: -1.0135726928710938                     MemKD: 0.31044939160346985
2026-02-18 01:23:31,797 - INFO - Epoch [162/200] Train Loss: -0.7860, Train Acc: 93.38%, Val Loss: 0.3732, Val Acc: 87.37%
2026-02-18 01:23:54,465 - INFO - Epoch [163] Batch [0/17]                     Loss: -0.6735, Hard: 0.2982, Soft: -0.9718                     Acc: 87.50% LR: 0.000043                     Alpha: 0.5744425058364868                     Beta: -1.0144301652908325                     MemKD: 0.3102535009384155
2026-02-18 01:24:25,570 - INFO - Epoch [163/200] Train Loss: -0.7678, Train Acc: 91.54%, Val Loss: 0.3909, Val Acc: 86.97%
2026-02-18 01:24:48,581 - INFO - Epoch [164] Batch [0/17]                     Loss: -0.9066, Hard: 0.1087, Soft: -1.0153                     Acc: 100.00% LR: 0.000041                     Alpha: 0.5744425058364868                     Beta: -1.0152502059936523                     MemKD: 0.31006550788879395
2026-02-18 01:25:16,648 - INFO - Epoch [164/200] Train Loss: -0.7495, Train Acc: 93.38%, Val Loss: 0.3881, Val Acc: 86.30%
2026-02-18 01:25:38,030 - INFO - Epoch [165] Batch [0/17]                     Loss: 0.1451, Hard: 0.8068, Soft: -0.6617                     Acc: 75.00% LR: 0.000039                     Alpha: 0.5744425058364868                     Beta: -1.0160144567489624                     MemKD: 0.3098923861980438
2026-02-18 01:26:08,087 - INFO - Epoch [165/200] Train Loss: -0.7654, Train Acc: 93.01%, Val Loss: 0.3804, Val Acc: 86.44%
2026-02-18 01:26:29,770 - INFO - Epoch [166] Batch [0/17]                     Loss: -0.7695, Hard: 0.2292, Soft: -0.9987                     Acc: 87.50% LR: 0.000037                     Alpha: 0.5744425058364868                     Beta: -1.0167388916015625                     MemKD: 0.30972814559936523
2026-02-18 01:26:59,778 - INFO - Epoch [166/200] Train Loss: -0.7649, Train Acc: 91.18%, Val Loss: 0.3810, Val Acc: 86.70%
2026-02-18 01:27:20,295 - INFO - Epoch [167] Batch [0/17]                     Loss: -0.7028, Hard: 0.2557, Soft: -0.9585                     Acc: 87.50% LR: 0.000035                     Alpha: 0.5744425058364868                     Beta: -1.0174304246902466                     MemKD: 0.30957090854644775
2026-02-18 01:27:49,824 - INFO - Epoch [167/200] Train Loss: -0.6671, Train Acc: 90.81%, Val Loss: 0.3912, Val Acc: 85.11%
2026-02-18 01:28:10,804 - INFO - Epoch [168] Batch [0/17]                     Loss: -0.8913, Hard: 0.1388, Soft: -1.0300                     Acc: 100.00% LR: 0.000033                     Alpha: 0.5744425058364868                     Beta: -1.0180715322494507                     MemKD: 0.30942684412002563
2026-02-18 01:28:40,055 - INFO - Epoch [168/200] Train Loss: -0.6701, Train Acc: 91.54%, Val Loss: 0.3814, Val Acc: 85.77%
2026-02-18 01:29:02,320 - INFO - Epoch [169] Batch [0/17]                     Loss: -0.8614, Hard: 0.1376, Soft: -0.9990                     Acc: 100.00% LR: 0.000031                     Alpha: 0.5744425058364868                     Beta: -1.018668532371521                     MemKD: 0.30929359793663025
2026-02-18 01:29:31,819 - INFO - Epoch [169/200] Train Loss: -0.7685, Train Acc: 93.38%, Val Loss: 0.3755, Val Acc: 86.70%
2026-02-18 01:29:53,069 - INFO - Epoch [170] Batch [0/17]                     Loss: -0.5148, Hard: 0.3819, Soft: -0.8967                     Acc: 87.50% LR: 0.000029                     Alpha: 0.5744425058364868                     Beta: -1.019240140914917                     MemKD: 0.30916494131088257
2026-02-18 01:30:24,218 - INFO - Epoch [170/200] Train Loss: -0.7496, Train Acc: 93.38%, Val Loss: 0.3851, Val Acc: 86.44%
2026-02-18 01:30:24,259 - INFO - Checkpoint saved at epoch 170
2026-02-18 01:30:47,485 - INFO - Epoch [171] Batch [0/17]                     Loss: -0.9851, Hard: 0.0579, Soft: -1.0430                     Acc: 100.00% LR: 0.000027                     Alpha: 0.5744425058364868                     Beta: -1.019775152206421                     MemKD: 0.30904436111450195
2026-02-18 01:31:17,737 - INFO - Epoch [171/200] Train Loss: -0.7358, Train Acc: 91.54%, Val Loss: 0.3901, Val Acc: 86.70%
2026-02-18 01:31:38,586 - INFO - Epoch [172] Batch [0/17]                     Loss: -0.9698, Hard: 0.0680, Soft: -1.0378                     Acc: 100.00% LR: 0.000025                     Alpha: 0.5744425058364868                     Beta: -1.0202804803848267                     MemKD: 0.30893054604530334
2026-02-18 01:32:07,885 - INFO - Epoch [172/200] Train Loss: -0.6848, Train Acc: 90.44%, Val Loss: 0.3866, Val Acc: 86.17%
2026-02-18 01:32:30,742 - INFO - Epoch [173] Batch [0/17]                     Loss: -0.6194, Hard: 0.2878, Soft: -0.9072                     Acc: 87.50% LR: 0.000024                     Alpha: 0.5744425058364868                     Beta: -1.0207446813583374                     MemKD: 0.30882686376571655
2026-02-18 01:33:00,187 - INFO - Epoch [173/200] Train Loss: -0.6318, Train Acc: 89.71%, Val Loss: 0.4022, Val Acc: 86.57%
2026-02-18 01:33:21,528 - INFO - Epoch [174] Batch [0/17]                     Loss: -0.7899, Hard: 0.2007, Soft: -0.9906                     Acc: 87.50% LR: 0.000022                     Alpha: 0.5744425058364868                     Beta: -1.0211751461029053                     MemKD: 0.30873095989227295
2026-02-18 01:33:49,974 - INFO - Epoch [174/200] Train Loss: -0.6932, Train Acc: 89.34%, Val Loss: 0.3934, Val Acc: 86.97%
2026-02-18 01:34:13,133 - INFO - Epoch [175] Batch [0/17]                     Loss: -0.8019, Hard: 0.1969, Soft: -0.9988                     Acc: 87.50% LR: 0.000021                     Alpha: 0.5744425058364868                     Beta: -1.0215733051300049                     MemKD: 0.30864250659942627
2026-02-18 01:34:40,949 - INFO - Epoch [175/200] Train Loss: -0.7076, Train Acc: 91.18%, Val Loss: 0.3659, Val Acc: 87.10%
2026-02-18 01:35:03,202 - INFO - Epoch [176] Batch [0/17]                     Loss: -0.5294, Hard: 0.4050, Soft: -0.9343                     Acc: 81.25% LR: 0.000019                     Alpha: 0.5744425058364868                     Beta: -1.0219480991363525                     MemKD: 0.30855923891067505
2026-02-18 01:35:30,862 - INFO - Epoch [176/200] Train Loss: -0.6917, Train Acc: 90.07%, Val Loss: 0.3629, Val Acc: 87.77%
2026-02-18 01:35:51,766 - INFO - Epoch [177] Batch [0/17]                     Loss: -0.8535, Hard: 0.1305, Soft: -0.9839                     Acc: 93.75% LR: 0.000018                     Alpha: 0.5744425058364868                     Beta: -1.0222959518432617                     MemKD: 0.3084818422794342
2026-02-18 01:36:23,017 - INFO - Epoch [177/200] Train Loss: -0.6216, Train Acc: 88.60%, Val Loss: 0.3628, Val Acc: 87.63%
2026-02-18 01:36:46,269 - INFO - Epoch [178] Batch [0/17]                     Loss: -0.7705, Hard: 0.2357, Soft: -1.0062                     Acc: 93.75% LR: 0.000016                     Alpha: 0.5744425058364868                     Beta: -1.02261483669281                     MemKD: 0.30841076374053955
2026-02-18 01:37:15,099 - INFO - Epoch [178/200] Train Loss: -0.8215, Train Acc: 92.65%, Val Loss: 0.3633, Val Acc: 87.37%
2026-02-18 01:37:36,304 - INFO - Epoch [179] Batch [0/17]                     Loss: -0.6727, Hard: 0.2510, Soft: -0.9237                     Acc: 93.75% LR: 0.000015                     Alpha: 0.5744425058364868                     Beta: -1.0229133367538452                     MemKD: 0.30834412574768066
2026-02-18 01:38:06,249 - INFO - Epoch [179/200] Train Loss: -0.6420, Train Acc: 88.97%, Val Loss: 0.3647, Val Acc: 87.37%
2026-02-18 01:38:29,838 - INFO - Epoch [180] Batch [0/17]                     Loss: -0.7383, Hard: 0.2198, Soft: -0.9581                     Acc: 93.75% LR: 0.000013                     Alpha: 0.5744425058364868                     Beta: -1.023179531097412                     MemKD: 0.30828502774238586
2026-02-18 01:39:02,383 - INFO - Epoch [180/200] Train Loss: -0.7196, Train Acc: 91.91%, Val Loss: 0.3756, Val Acc: 87.23%
2026-02-18 01:39:02,429 - INFO - Checkpoint saved at epoch 180
2026-02-18 01:39:24,365 - INFO - Epoch [181] Batch [0/17]                     Loss: -0.6106, Hard: 0.3263, Soft: -0.9369                     Acc: 87.50% LR: 0.000012                     Alpha: 0.5744425058364868                     Beta: -1.0234227180480957                     MemKD: 0.30823108553886414
2026-02-18 01:39:54,394 - INFO - Epoch [181/200] Train Loss: -0.7540, Train Acc: 93.75%, Val Loss: 0.3682, Val Acc: 87.37%
2026-02-18 01:40:17,197 - INFO - Epoch [182] Batch [0/17]                     Loss: -0.6279, Hard: 0.3440, Soft: -0.9719                     Acc: 87.50% LR: 0.000011                     Alpha: 0.5744425058364868                     Beta: -1.023645281791687                     MemKD: 0.3081815242767334
2026-02-18 01:40:44,832 - INFO - Epoch [182/200] Train Loss: -0.7432, Train Acc: 91.18%, Val Loss: 0.3711, Val Acc: 87.77%
2026-02-18 01:41:06,854 - INFO - Epoch [183] Batch [0/17]                     Loss: -0.7798, Hard: 0.2398, Soft: -1.0196                     Acc: 87.50% LR: 0.000010                     Alpha: 0.5744425058364868                     Beta: -1.0238471031188965                     MemKD: 0.30813661217689514
2026-02-18 01:41:37,928 - INFO - Epoch [183/200] Train Loss: -0.7552, Train Acc: 90.81%, Val Loss: 0.3673, Val Acc: 86.97%
2026-02-18 01:42:00,106 - INFO - Epoch [184] Batch [0/17]                     Loss: -0.3802, Hard: 0.4615, Soft: -0.8417                     Acc: 87.50% LR: 0.000009                     Alpha: 0.5744425058364868                     Beta: -1.0240274667739868                     MemKD: 0.3080964982509613
2026-02-18 01:42:30,551 - INFO - Epoch [184/200] Train Loss: -0.7654, Train Acc: 90.81%, Val Loss: 0.3628, Val Acc: 87.23%
2026-02-18 01:42:53,572 - INFO - Epoch [185] Batch [0/17]                     Loss: -0.4096, Hard: 0.3702, Soft: -0.7798                     Acc: 81.25% LR: 0.000008                     Alpha: 0.5744425058364868                     Beta: -1.0241891145706177                     MemKD: 0.30806049704551697
2026-02-18 01:43:22,325 - INFO - Epoch [185/200] Train Loss: -0.7454, Train Acc: 91.91%, Val Loss: 0.3786, Val Acc: 86.97%
2026-02-18 01:43:43,746 - INFO - Epoch [186] Batch [0/17]                     Loss: -0.4559, Hard: 0.4546, Soft: -0.9106                     Acc: 81.25% LR: 0.000007                     Alpha: 0.5744425058364868                     Beta: -1.024332046508789                     MemKD: 0.3080286979675293
2026-02-18 01:44:14,285 - INFO - Epoch [186/200] Train Loss: -0.6397, Train Acc: 88.24%, Val Loss: 0.3658, Val Acc: 87.50%
2026-02-18 01:44:36,929 - INFO - Epoch [187] Batch [0/17]                     Loss: -0.9250, Hard: 0.0927, Soft: -1.0177                     Acc: 100.00% LR: 0.000006                     Alpha: 0.5744425058364868                     Beta: -1.0244554281234741                     MemKD: 0.3080015778541565
2026-02-18 01:45:07,563 - INFO - Epoch [187/200] Train Loss: -0.7532, Train Acc: 91.54%, Val Loss: 0.3674, Val Acc: 86.70%
2026-02-18 01:45:28,439 - INFO - Epoch [188] Batch [0/17]                     Loss: -0.9195, Hard: 0.1038, Soft: -1.0233                     Acc: 100.00% LR: 0.000005                     Alpha: 0.5744425058364868                     Beta: -1.024564266204834                     MemKD: 0.30797746777534485
2026-02-18 01:45:58,919 - INFO - Epoch [188/200] Train Loss: -0.7782, Train Acc: 91.54%, Val Loss: 0.3695, Val Acc: 86.70%
2026-02-18 01:46:21,574 - INFO - Epoch [189] Batch [0/17]                     Loss: -0.7342, Hard: 0.2367, Soft: -0.9709                     Acc: 87.50% LR: 0.000004                     Alpha: 0.5744425058364868                     Beta: -1.0246589183807373                     MemKD: 0.3079565465450287
2026-02-18 01:46:51,374 - INFO - Epoch [189/200] Train Loss: -0.7458, Train Acc: 89.34%, Val Loss: 0.3742, Val Acc: 87.10%
2026-02-18 01:47:12,785 - INFO - Epoch [190] Batch [0/17]                     Loss: -0.7625, Hard: 0.2226, Soft: -0.9852                     Acc: 93.75% LR: 0.000004                     Alpha: 0.5744425058364868                     Beta: -1.0247396230697632                     MemKD: 0.30793875455856323
2026-02-18 01:47:43,175 - INFO - Epoch [190/200] Train Loss: -0.6573, Train Acc: 88.24%, Val Loss: 0.3616, Val Acc: 87.23%
2026-02-18 01:47:43,225 - INFO - Checkpoint saved at epoch 190
2026-02-18 01:48:06,821 - INFO - Epoch [191] Batch [0/17]                     Loss: -0.8494, Hard: 0.1586, Soft: -1.0080                     Acc: 93.75% LR: 0.000003                     Alpha: 0.5744425058364868                     Beta: -1.0248061418533325                     MemKD: 0.30792421102523804
2026-02-18 01:48:37,302 - INFO - Epoch [191/200] Train Loss: -0.7670, Train Acc: 91.54%, Val Loss: 0.3602, Val Acc: 87.63%
2026-02-18 01:49:00,717 - INFO - Epoch [192] Batch [0/17]                     Loss: -0.7788, Hard: 0.2195, Soft: -0.9983                     Acc: 87.50% LR: 0.000002                     Alpha: 0.5744425058364868                     Beta: -1.0248619318008423                     MemKD: 0.3079119920730591
2026-02-18 01:49:30,393 - INFO - Epoch [192/200] Train Loss: -0.7611, Train Acc: 92.65%, Val Loss: 0.3615, Val Acc: 87.63%
2026-02-18 01:49:51,251 - INFO - Epoch [193] Batch [0/17]                     Loss: -0.9525, Hard: 0.0603, Soft: -1.0128                     Acc: 100.00% LR: 0.000002                     Alpha: 0.5744425058364868                     Beta: -1.0249067544937134                     MemKD: 0.3079020082950592
2026-02-18 01:50:22,164 - INFO - Epoch [193/200] Train Loss: -0.7673, Train Acc: 93.01%, Val Loss: 0.3772, Val Acc: 87.10%
2026-02-18 01:50:45,921 - INFO - Epoch [194] Batch [0/17]                     Loss: -0.1496, Hard: 0.5903, Soft: -0.7399                     Acc: 81.25% LR: 0.000002                     Alpha: 0.5744425058364868                     Beta: -1.0249429941177368                     MemKD: 0.3078940808773041
2026-02-18 01:51:15,409 - INFO - Epoch [194/200] Train Loss: -0.7140, Train Acc: 90.81%, Val Loss: 0.3633, Val Acc: 87.90%
2026-02-18 01:51:15,409 - INFO - Best model saved with accuracy: 87.90%
2026-02-18 01:51:37,780 - INFO - Epoch [195] Batch [0/17]                     Loss: -0.5480, Hard: 0.3968, Soft: -0.9449                     Acc: 81.25% LR: 0.000001                     Alpha: 0.5744425058364868                     Beta: -1.0249693393707275                     MemKD: 0.3078881800174713
2026-02-18 01:52:09,651 - INFO - Epoch [195/200] Train Loss: -0.7558, Train Acc: 91.18%, Val Loss: 0.3719, Val Acc: 87.63%
2026-02-18 01:52:33,201 - INFO - Epoch [196] Batch [0/17]                     Loss: -1.0197, Hard: 0.0526, Soft: -1.0723                     Acc: 100.00% LR: 0.000001                     Alpha: 0.5744425058364868                     Beta: -1.0249896049499512                     MemKD: 0.3078837990760803
2026-02-18 01:53:05,218 - INFO - Epoch [196/200] Train Loss: -0.8175, Train Acc: 91.91%, Val Loss: 0.3813, Val Acc: 86.84%
2026-02-18 01:53:27,785 - INFO - Epoch [197] Batch [0/17]                     Loss: -0.9235, Hard: 0.1120, Soft: -1.0355                     Acc: 100.00% LR: 0.000000                     Alpha: 0.5744425058364868                     Beta: -1.0250037908554077                     MemKD: 0.3078807592391968
2026-02-18 01:53:57,593 - INFO - Epoch [197/200] Train Loss: -0.7590, Train Acc: 91.54%, Val Loss: 0.3634, Val Acc: 87.63%
2026-02-18 01:54:21,089 - INFO - Epoch [198] Batch [0/17]                     Loss: -0.5902, Hard: 0.3490, Soft: -0.9392                     Acc: 87.50% LR: 0.000000                     Alpha: 0.5744425058364868                     Beta: -1.0250118970870972                     MemKD: 0.3078788220882416
2026-02-18 01:54:50,937 - INFO - Epoch [198/200] Train Loss: -0.7405, Train Acc: 91.18%, Val Loss: 0.3613, Val Acc: 87.63%
2026-02-18 01:55:12,559 - INFO - Epoch [199] Batch [0/17]                     Loss: -0.7866, Hard: 0.1842, Soft: -0.9708                     Acc: 93.75% LR: 0.000000                     Alpha: 0.5744425058364868                     Beta: -1.025015950202942                     MemKD: 0.3078777492046356
2026-02-18 01:55:42,926 - INFO - Epoch [199/200] Train Loss: -0.7676, Train Acc: 91.91%, Val Loss: 0.3738, Val Acc: 87.10%
2026-02-18 01:56:06,253 - INFO - Epoch [200] Batch [0/17]                     Loss: -0.6416, Hard: 0.2824, Soft: -0.9241                     Acc: 93.75% LR: 0.000000                     Alpha: 0.5744425058364868                     Beta: -1.0250179767608643                     MemKD: 0.3078773021697998
2026-02-18 01:56:37,589 - INFO - Epoch [200/200] Train Loss: -0.6787, Train Acc: 89.34%, Val Loss: 0.3592, Val Acc: 86.84%
2026-02-18 01:56:37,639 - INFO - Checkpoint saved at epoch 200
2026-02-18 01:56:37,640 - INFO - ==================================================
2026-02-18 01:56:37,640 - INFO - Training finished! Best accuracy: 87.90%
2026-02-18 01:56:37,640 - INFO - ==================================================
