2026-02-09 08:43:50,851 - INFO - ==================================================
2026-02-09 08:43:50,851 - INFO - Distillation Training Configuration
2026-02-09 08:43:50,851 - INFO - ==================================================
2026-02-09 08:43:50,851 - INFO - GPUs: [4, 5, 6, 7]
2026-02-09 08:43:50,852 - INFO - World size: 4
2026-02-09 08:43:50,852 - INFO - Dataset: /media/hdd1/chuxiaohui/AI4Ocean_UATR/ShipsEar_622
2026-02-09 08:43:50,852 - INFO - Data type: wav_s@wav_t
2026-02-09 08:43:50,852 - INFO - Batch size: 16
2026-02-09 08:43:50,852 - INFO - Epochs: 130
2026-02-09 08:43:50,852 - INFO - Learning rate: 0.0005
2026-02-09 08:43:50,852 - INFO - Temperature: 2.0
2026-02-09 08:43:50,852 - INFO - Alpha: 0.3
2026-02-09 08:43:50,852 - INFO - Save dir: checkpoints/grid_shipsear/num_epochs130_weight_decay0.0001_batch_size16_lr0.0005_distill_typeTser_freezeTrue_USE_DYNAMIC_DISTILL_WEIGHTFalse_p_encoder0.25_p_classifier0.25
2026-02-09 08:43:50,852 - INFO - ==================================================
2026-02-09 08:43:50,882 - INFO - Train dataset size: 2240
2026-02-09 08:43:50,883 - INFO - Validation dataset size: 749
2026-02-09 08:43:52,269 - INFO - Student params: 316,299 (0.32M)
2026-02-09 08:43:52,269 - INFO - Teacher params: 164,415,877 (164.42M)
2026-02-09 08:43:52,270 - INFO - Trainable params: 271,372 (0.27M)
2026-02-09 08:43:52,969 - INFO - Start training...
2026-02-09 08:43:52,970 - INFO - No checkpoint found, start from scratch
2026-02-09 08:44:15,410 - INFO - Epoch [1] Batch [0/35]                     Loss: 2.6659, Hard: 1.6924, Soft: 0.9735                     Acc: 12.50% LR: 0.000500                     Alpha: 0.5744425058364868                     Beta: 0.0                     MemKD: 0.0
2026-02-09 08:44:18,516 - INFO - Epoch [1] Batch [20/35]                     Loss: 2.1727, Hard: 1.5551, Soft: 0.6176                     Acc: 36.01% LR: 0.000500                     Alpha: 0.5744425058364868                     Beta: 0.009268351830542088                     MemKD: 0.0
2026-02-09 08:44:45,236 - INFO - Epoch [1/130] Train Loss: 1.9259, Train Acc: 40.18%, Val Loss: 1.3888, Val Acc: 45.21%
2026-02-09 08:44:45,237 - INFO - Best model saved with accuracy: 45.21%
2026-02-09 08:45:06,530 - INFO - Epoch [2] Batch [0/35]                     Loss: 1.5645, Hard: 1.2040, Soft: 0.3604                     Acc: 43.75% LR: 0.000500                     Alpha: 0.5744425058364868                     Beta: 0.01577281765639782                     MemKD: 0.0
2026-02-09 08:45:10,086 - INFO - Epoch [2] Batch [20/35]                     Loss: 2.0677, Hard: 1.5297, Soft: 0.5380                     Acc: 47.02% LR: 0.000500                     Alpha: 0.5744425058364868                     Beta: 0.02391926571726799                     MemKD: 0.0
2026-02-09 08:45:36,709 - INFO - Epoch [2/130] Train Loss: 1.6759, Train Acc: 45.71%, Val Loss: 1.1929, Val Acc: 52.93%
2026-02-09 08:45:36,710 - INFO - Best model saved with accuracy: 52.93%
2026-02-09 08:45:58,655 - INFO - Epoch [3] Batch [0/35]                     Loss: 1.3278, Hard: 1.0443, Soft: 0.2835                     Acc: 50.00% LR: 0.000500                     Alpha: 0.5744425058364868                     Beta: 0.030228950083255768                     MemKD: 0.0
2026-02-09 08:46:02,264 - INFO - Epoch [3] Batch [20/35]                     Loss: 1.4608, Hard: 1.1521, Soft: 0.3087                     Acc: 41.07% LR: 0.000500                     Alpha: 0.5744425058364868                     Beta: 0.03859250247478485                     MemKD: 0.0
2026-02-09 08:46:30,403 - INFO - Epoch [3/130] Train Loss: 1.5726, Train Acc: 45.18%, Val Loss: 1.1235, Val Acc: 53.32%
2026-02-09 08:46:30,403 - INFO - Best model saved with accuracy: 53.32%
2026-02-09 08:46:51,661 - INFO - Epoch [4] Batch [0/35]                     Loss: 1.2805, Hard: 1.0398, Soft: 0.2407                     Acc: 62.50% LR: 0.000499                     Alpha: 0.5744425058364868                     Beta: 0.044679585844278336                     MemKD: 0.0
2026-02-09 08:46:55,301 - INFO - Epoch [4] Batch [20/35]                     Loss: 1.6070, Hard: 1.2305, Soft: 0.3765                     Acc: 52.98% LR: 0.000499                     Alpha: 0.5744425058364868                     Beta: 0.05236923322081566                     MemKD: 0.0
2026-02-09 08:47:21,916 - INFO - Epoch [4/130] Train Loss: 1.4714, Train Acc: 53.04%, Val Loss: 1.0800, Val Acc: 57.45%
2026-02-09 08:47:21,916 - INFO - Best model saved with accuracy: 57.45%
2026-02-09 08:47:42,992 - INFO - Epoch [5] Batch [0/35]                     Loss: 1.6615, Hard: 1.2720, Soft: 0.3895                     Acc: 56.25% LR: 0.000499                     Alpha: 0.5744425058364868                     Beta: 0.05850432440638542                     MemKD: 0.0
2026-02-09 08:47:46,494 - INFO - Epoch [5] Batch [20/35]                     Loss: 1.2325, Hard: 1.0124, Soft: 0.2201                     Acc: 56.85% LR: 0.000499                     Alpha: 0.5744425058364868                     Beta: 0.06686510145664215                     MemKD: 0.0
2026-02-09 08:48:13,377 - INFO - Epoch [5/130] Train Loss: 1.3827, Train Acc: 59.29%, Val Loss: 0.9770, Val Acc: 62.90%
2026-02-09 08:48:13,377 - INFO - Best model saved with accuracy: 62.90%
2026-02-09 08:48:35,699 - INFO - Epoch [6] Batch [0/35]                     Loss: 1.3920, Hard: 1.1073, Soft: 0.2847                     Acc: 43.75% LR: 0.000498                     Alpha: 0.5744425058364868                     Beta: 0.07248078286647797                     MemKD: 0.0
2026-02-09 08:48:39,198 - INFO - Epoch [6] Batch [20/35]                     Loss: 1.7722, Hard: 1.3781, Soft: 0.3941                     Acc: 58.04% LR: 0.000498                     Alpha: 0.5744425058364868                     Beta: 0.08005055040121078                     MemKD: 0.0
2026-02-09 08:49:05,674 - INFO - Epoch [6/130] Train Loss: 1.2959, Train Acc: 58.39%, Val Loss: 0.9230, Val Acc: 64.76%
2026-02-09 08:49:05,674 - INFO - Best model saved with accuracy: 64.76%
2026-02-09 08:49:26,269 - INFO - Epoch [7] Batch [0/35]                     Loss: 1.2801, Hard: 1.0582, Soft: 0.2219                     Acc: 62.50% LR: 0.000497                     Alpha: 0.5744425058364868                     Beta: 0.08570924401283264                     MemKD: 0.0
2026-02-09 08:49:29,299 - INFO - Epoch [7] Batch [20/35]                     Loss: 1.2491, Hard: 1.0025, Soft: 0.2466                     Acc: 59.52% LR: 0.000497                     Alpha: 0.5744425058364868                     Beta: 0.09327013790607452                     MemKD: 0.0
2026-02-09 08:49:55,951 - INFO - Epoch [7/130] Train Loss: 1.2936, Train Acc: 58.93%, Val Loss: 0.9396, Val Acc: 64.23%
2026-02-09 08:50:18,208 - INFO - Epoch [8] Batch [0/35]                     Loss: 0.8427, Hard: 0.6797, Soft: 0.1631                     Acc: 81.25% LR: 0.000496                     Alpha: 0.5744425058364868                     Beta: 0.09933306276798248                     MemKD: 0.0
2026-02-09 08:50:21,791 - INFO - Epoch [8] Batch [20/35]                     Loss: 0.9324, Hard: 0.7356, Soft: 0.1968                     Acc: 62.20% LR: 0.000496                     Alpha: 0.5744425058364868                     Beta: 0.1071745976805687                     MemKD: 0.0
2026-02-09 08:50:49,629 - INFO - Epoch [8/130] Train Loss: 1.2804, Train Acc: 60.18%, Val Loss: 1.0217, Val Acc: 57.98%
2026-02-09 08:51:11,482 - INFO - Epoch [9] Batch [0/35]                     Loss: 0.9076, Hard: 0.7569, Soft: 0.1506                     Acc: 75.00% LR: 0.000495                     Alpha: 0.5744425058364868                     Beta: 0.11302237957715988                     MemKD: 0.0
2026-02-09 08:51:15,024 - INFO - Epoch [9] Batch [20/35]                     Loss: 1.7457, Hard: 1.3774, Soft: 0.3683                     Acc: 63.10% LR: 0.000495                     Alpha: 0.5744425058364868                     Beta: 0.12084975838661194                     MemKD: 0.0
2026-02-09 08:51:40,412 - INFO - Epoch [9/130] Train Loss: 1.1785, Train Acc: 62.68%, Val Loss: 0.8373, Val Acc: 69.55%
2026-02-09 08:51:40,412 - INFO - Best model saved with accuracy: 69.55%
2026-02-09 08:52:01,707 - INFO - Epoch [10] Batch [0/35]                     Loss: 1.1098, Hard: 0.8493, Soft: 0.2605                     Acc: 68.75% LR: 0.000494                     Alpha: 0.5744425058364868                     Beta: 0.1265554130077362                     MemKD: 0.0
2026-02-09 08:52:05,256 - INFO - Epoch [10] Batch [20/35]                     Loss: 1.2404, Hard: 1.0231, Soft: 0.2173                     Acc: 62.20% LR: 0.000494                     Alpha: 0.5744425058364868                     Beta: 0.13405002653598785                     MemKD: 0.0
2026-02-09 08:52:31,456 - INFO - Epoch [10/130] Train Loss: 1.1165, Train Acc: 64.64%, Val Loss: 0.8502, Val Acc: 65.82%
2026-02-09 08:52:31,518 - INFO - Checkpoint saved at epoch 10
2026-02-09 08:52:53,756 - INFO - Epoch [11] Batch [0/35]                     Loss: 0.6720, Hard: 0.5469, Soft: 0.1250                     Acc: 87.50% LR: 0.000493                     Alpha: 0.5744425058364868                     Beta: 0.1395891308784485                     MemKD: 0.0
2026-02-09 08:52:57,314 - INFO - Epoch [11] Batch [20/35]                     Loss: 1.4010, Hard: 1.1438, Soft: 0.2572                     Acc: 67.56% LR: 0.000493                     Alpha: 0.5744425058364868                     Beta: 0.14666323363780975                     MemKD: 0.0
2026-02-09 08:53:24,312 - INFO - Epoch [11/130] Train Loss: 1.1368, Train Acc: 65.54%, Val Loss: 0.7680, Val Acc: 72.47%
2026-02-09 08:53:24,312 - INFO - Best model saved with accuracy: 72.47%
2026-02-09 08:53:43,737 - INFO - Epoch [12] Batch [0/35]                     Loss: 0.8031, Hard: 0.6484, Soft: 0.1546                     Acc: 68.75% LR: 0.000491                     Alpha: 0.5744425058364868                     Beta: 0.15239164233207703                     MemKD: 0.0
2026-02-09 08:53:47,285 - INFO - Epoch [12] Batch [20/35]                     Loss: 1.3555, Hard: 1.0668, Soft: 0.2887                     Acc: 69.94% LR: 0.000491                     Alpha: 0.5744425058364868                     Beta: 0.1592649221420288                     MemKD: 0.0
2026-02-09 08:54:13,687 - INFO - Epoch [12/130] Train Loss: 1.0053, Train Acc: 70.54%, Val Loss: 0.8071, Val Acc: 67.55%
2026-02-09 08:54:34,186 - INFO - Epoch [13] Batch [0/35]                     Loss: 1.4205, Hard: 1.1985, Soft: 0.2219                     Acc: 43.75% LR: 0.000490                     Alpha: 0.5744425058364868                     Beta: 0.16438056528568268                     MemKD: 0.0
2026-02-09 08:54:37,282 - INFO - Epoch [13] Batch [20/35]                     Loss: 1.4928, Hard: 1.1955, Soft: 0.2973                     Acc: 57.14% LR: 0.000490                     Alpha: 0.5744425058364868                     Beta: 0.17244981229305267                     MemKD: 0.0
2026-02-09 08:55:04,766 - INFO - Epoch [13/130] Train Loss: 1.1705, Train Acc: 61.43%, Val Loss: 0.7425, Val Acc: 72.34%
2026-02-09 08:55:26,942 - INFO - Epoch [14] Batch [0/35]                     Loss: 0.9414, Hard: 0.7910, Soft: 0.1504                     Acc: 75.00% LR: 0.000488                     Alpha: 0.5744425058364868                     Beta: 0.17853139340877533                     MemKD: 0.0
2026-02-09 08:55:30,487 - INFO - Epoch [14] Batch [20/35]                     Loss: 0.8886, Hard: 0.6930, Soft: 0.1956                     Acc: 66.07% LR: 0.000488                     Alpha: 0.5744425058364868                     Beta: 0.1859348714351654                     MemKD: 0.0
2026-02-09 08:55:58,493 - INFO - Epoch [14/130] Train Loss: 1.0540, Train Acc: 65.89%, Val Loss: 0.9272, Val Acc: 61.04%
2026-02-09 08:56:20,047 - INFO - Epoch [15] Batch [0/35]                     Loss: 1.0685, Hard: 0.8787, Soft: 0.1898                     Acc: 62.50% LR: 0.000486                     Alpha: 0.5744425058364868                     Beta: 0.1917547881603241                     MemKD: 0.0
2026-02-09 08:56:23,583 - INFO - Epoch [15] Batch [20/35]                     Loss: 1.0643, Hard: 0.8902, Soft: 0.1741                     Acc: 70.83% LR: 0.000486                     Alpha: 0.5744425058364868                     Beta: 0.19908101856708527                     MemKD: 0.0
2026-02-09 08:56:50,139 - INFO - Epoch [15/130] Train Loss: 1.0000, Train Acc: 70.36%, Val Loss: 0.7940, Val Acc: 69.81%
2026-02-09 08:57:12,550 - INFO - Epoch [16] Batch [0/35]                     Loss: 1.1095, Hard: 0.8781, Soft: 0.2314                     Acc: 68.75% LR: 0.000484                     Alpha: 0.5744425058364868                     Beta: 0.204265296459198                     MemKD: 0.0
2026-02-09 08:57:16,138 - INFO - Epoch [16] Batch [20/35]                     Loss: 1.1861, Hard: 0.9780, Soft: 0.2081                     Acc: 67.56% LR: 0.000484                     Alpha: 0.5744425058364868                     Beta: 0.2112647294998169                     MemKD: 0.0
2026-02-09 08:57:44,443 - INFO - Epoch [16/130] Train Loss: 1.0237, Train Acc: 67.68%, Val Loss: 1.2783, Val Acc: 53.59%
2026-02-09 08:58:05,432 - INFO - Epoch [17] Batch [0/35]                     Loss: 1.5671, Hard: 1.2509, Soft: 0.3162                     Acc: 50.00% LR: 0.000482                     Alpha: 0.5744425058364868                     Beta: 0.21687822043895721                     MemKD: 0.0
2026-02-09 08:58:08,918 - INFO - Epoch [17] Batch [20/35]                     Loss: 0.8225, Hard: 0.6799, Soft: 0.1427                     Acc: 68.75% LR: 0.000482                     Alpha: 0.5744425058364868                     Beta: 0.22472462058067322                     MemKD: 0.0
2026-02-09 08:58:36,932 - INFO - Epoch [17/130] Train Loss: 1.0065, Train Acc: 66.96%, Val Loss: 0.8197, Val Acc: 65.56%
2026-02-09 08:58:59,836 - INFO - Epoch [18] Batch [0/35]                     Loss: 1.2956, Hard: 1.0515, Soft: 0.2441                     Acc: 56.25% LR: 0.000479                     Alpha: 0.5744425058364868                     Beta: 0.23001404106616974                     MemKD: 0.0
2026-02-09 08:59:03,387 - INFO - Epoch [18] Batch [20/35]                     Loss: 1.2653, Hard: 1.0498, Soft: 0.2155                     Acc: 70.24% LR: 0.000479                     Alpha: 0.5744425058364868                     Beta: 0.23724880814552307                     MemKD: 0.0
2026-02-09 08:59:30,132 - INFO - Epoch [18/130] Train Loss: 0.9523, Train Acc: 69.11%, Val Loss: 0.6901, Val Acc: 73.14%
2026-02-09 08:59:30,132 - INFO - Best model saved with accuracy: 73.14%
2026-02-09 08:59:51,307 - INFO - Epoch [19] Batch [0/35]                     Loss: 0.7264, Hard: 0.5900, Soft: 0.1364                     Acc: 87.50% LR: 0.000477                     Alpha: 0.5744425058364868                     Beta: 0.24252468347549438                     MemKD: 0.0
2026-02-09 08:59:54,375 - INFO - Epoch [19] Batch [20/35]                     Loss: 0.6191, Hard: 0.5033, Soft: 0.1158                     Acc: 75.00% LR: 0.000477                     Alpha: 0.5744425058364868                     Beta: 0.24922290444374084                     MemKD: 0.0
2026-02-09 09:00:22,571 - INFO - Epoch [19/130] Train Loss: 0.9550, Train Acc: 71.25%, Val Loss: 0.6353, Val Acc: 77.66%
2026-02-09 09:00:22,572 - INFO - Best model saved with accuracy: 77.66%
2026-02-09 09:00:44,410 - INFO - Epoch [20] Batch [0/35]                     Loss: 0.7253, Hard: 0.6272, Soft: 0.0981                     Acc: 81.25% LR: 0.000474                     Alpha: 0.5744425058364868                     Beta: 0.25467514991760254                     MemKD: 0.0
2026-02-09 09:00:47,982 - INFO - Epoch [20] Batch [20/35]                     Loss: 1.3554, Hard: 1.1565, Soft: 0.1989                     Acc: 70.54% LR: 0.000474                     Alpha: 0.5744425058364868                     Beta: 0.26175495982170105                     MemKD: 0.0
2026-02-09 09:01:16,426 - INFO - Epoch [20/130] Train Loss: 0.9563, Train Acc: 70.89%, Val Loss: 0.7237, Val Acc: 70.61%
2026-02-09 09:01:16,499 - INFO - Checkpoint saved at epoch 20
2026-02-09 09:01:38,943 - INFO - Epoch [21] Batch [0/35]                     Loss: 0.7830, Hard: 0.6508, Soft: 0.1322                     Acc: 75.00% LR: 0.000471                     Alpha: 0.5744425058364868                     Beta: 0.26743581891059875                     MemKD: 0.0
2026-02-09 09:01:42,530 - INFO - Epoch [21] Batch [20/35]                     Loss: 0.4550, Hard: 0.3863, Soft: 0.0687                     Acc: 76.19% LR: 0.000471                     Alpha: 0.5744425058364868                     Beta: 0.27407264709472656                     MemKD: 0.0
2026-02-09 09:02:09,859 - INFO - Epoch [21/130] Train Loss: 0.8385, Train Acc: 74.46%, Val Loss: 0.6916, Val Acc: 73.80%
2026-02-09 09:02:32,706 - INFO - Epoch [22] Batch [0/35]                     Loss: 1.3988, Hard: 1.1555, Soft: 0.2433                     Acc: 62.50% LR: 0.000468                     Alpha: 0.5744425058364868                     Beta: 0.27878791093826294                     MemKD: 0.0
2026-02-09 09:02:36,307 - INFO - Epoch [22] Batch [20/35]                     Loss: 0.9703, Hard: 0.8252, Soft: 0.1451                     Acc: 76.19% LR: 0.000468                     Alpha: 0.5744425058364868                     Beta: 0.2851819396018982                     MemKD: 0.0
2026-02-09 09:03:02,960 - INFO - Epoch [22/130] Train Loss: 0.8591, Train Acc: 73.75%, Val Loss: 0.6389, Val Acc: 74.87%
2026-02-09 09:03:24,810 - INFO - Epoch [23] Batch [0/35]                     Loss: 0.7404, Hard: 0.6269, Soft: 0.1135                     Acc: 75.00% LR: 0.000465                     Alpha: 0.5744425058364868                     Beta: 0.2903534770011902                     MemKD: 0.0
2026-02-09 09:03:28,214 - INFO - Epoch [23] Batch [20/35]                     Loss: 0.7641, Hard: 0.6449, Soft: 0.1191                     Acc: 74.40% LR: 0.000465                     Alpha: 0.5744425058364868                     Beta: 0.29723092913627625                     MemKD: 0.0
2026-02-09 09:03:54,937 - INFO - Epoch [23/130] Train Loss: 0.8434, Train Acc: 74.64%, Val Loss: 0.8159, Val Acc: 68.35%
2026-02-09 09:04:16,289 - INFO - Epoch [24] Batch [0/35]                     Loss: 0.7389, Hard: 0.6022, Soft: 0.1366                     Acc: 75.00% LR: 0.000462                     Alpha: 0.5744425058364868                     Beta: 0.30229854583740234                     MemKD: 0.0
2026-02-09 09:04:19,310 - INFO - Epoch [24] Batch [20/35]                     Loss: 0.4264, Hard: 0.3545, Soft: 0.0719                     Acc: 75.89% LR: 0.000462                     Alpha: 0.5744425058364868                     Beta: 0.30898866057395935                     MemKD: 0.0
2026-02-09 09:04:45,303 - INFO - Epoch [24/130] Train Loss: 0.8182, Train Acc: 74.64%, Val Loss: 0.6980, Val Acc: 72.34%
2026-02-09 09:05:06,776 - INFO - Epoch [25] Batch [0/35]                     Loss: 1.0564, Hard: 0.8960, Soft: 0.1604                     Acc: 62.50% LR: 0.000459                     Alpha: 0.5744425058364868                     Beta: 0.31407949328422546                     MemKD: 0.0
2026-02-09 09:05:10,390 - INFO - Epoch [25] Batch [20/35]                     Loss: 0.4519, Hard: 0.3817, Soft: 0.0702                     Acc: 72.02% LR: 0.000459                     Alpha: 0.5744425058364868                     Beta: 0.32080012559890747                     MemKD: 0.0
2026-02-09 09:05:36,817 - INFO - Epoch [25/130] Train Loss: 0.8635, Train Acc: 72.68%, Val Loss: 0.7026, Val Acc: 74.34%
2026-02-09 09:05:58,178 - INFO - Epoch [26] Batch [0/35]                     Loss: 0.4971, Hard: 0.4248, Soft: 0.0723                     Acc: 81.25% LR: 0.000456                     Alpha: 0.5744425058364868                     Beta: 0.3260933756828308                     MemKD: 0.0
2026-02-09 09:06:01,780 - INFO - Epoch [26] Batch [20/35]                     Loss: 1.0131, Hard: 0.8656, Soft: 0.1476                     Acc: 78.57% LR: 0.000456                     Alpha: 0.5744425058364868                     Beta: 0.3322088420391083                     MemKD: 0.0
2026-02-09 09:06:29,049 - INFO - Epoch [26/130] Train Loss: 0.7523, Train Acc: 76.96%, Val Loss: 0.7513, Val Acc: 73.27%
2026-02-09 09:06:50,473 - INFO - Epoch [27] Batch [0/35]                     Loss: 0.4328, Hard: 0.3651, Soft: 0.0676                     Acc: 87.50% LR: 0.000452                     Alpha: 0.5744425058364868                     Beta: 0.3370122015476227                     MemKD: 0.0
2026-02-09 09:06:54,051 - INFO - Epoch [27] Batch [20/35]                     Loss: 0.4447, Hard: 0.3794, Soft: 0.0653                     Acc: 75.00% LR: 0.000452                     Alpha: 0.5744425058364868                     Beta: 0.34343191981315613                     MemKD: 0.0
2026-02-09 09:07:21,047 - INFO - Epoch [27/130] Train Loss: 0.8180, Train Acc: 73.04%, Val Loss: 0.6622, Val Acc: 71.68%
2026-02-09 09:07:43,275 - INFO - Epoch [28] Batch [0/35]                     Loss: 0.9122, Hard: 0.7409, Soft: 0.1714                     Acc: 68.75% LR: 0.000449                     Alpha: 0.5744425058364868                     Beta: 0.3485146760940552                     MemKD: 0.0
2026-02-09 09:07:46,843 - INFO - Epoch [28] Batch [20/35]                     Loss: 0.5714, Hard: 0.4784, Soft: 0.0930                     Acc: 76.19% LR: 0.000449                     Alpha: 0.5744425058364868                     Beta: 0.3552837371826172                     MemKD: 0.0
2026-02-09 09:08:14,627 - INFO - Epoch [28/130] Train Loss: 0.7330, Train Acc: 77.14%, Val Loss: 0.6038, Val Acc: 77.66%
2026-02-09 09:08:35,951 - INFO - Epoch [29] Batch [0/35]                     Loss: 0.5915, Hard: 0.5053, Soft: 0.0863                     Acc: 75.00% LR: 0.000445                     Alpha: 0.5744425058364868                     Beta: 0.3598363399505615                     MemKD: 0.0
2026-02-09 09:08:39,508 - INFO - Epoch [29] Batch [20/35]                     Loss: 0.5387, Hard: 0.4544, Soft: 0.0842                     Acc: 74.70% LR: 0.000445                     Alpha: 0.5744425058364868                     Beta: 0.36606135964393616                     MemKD: 0.0
2026-02-09 09:09:05,436 - INFO - Epoch [29/130] Train Loss: 0.7344, Train Acc: 76.07%, Val Loss: 0.7008, Val Acc: 72.21%
2026-02-09 09:09:27,437 - INFO - Epoch [30] Batch [0/35]                     Loss: 0.8562, Hard: 0.7150, Soft: 0.1412                     Acc: 62.50% LR: 0.000441                     Alpha: 0.5744425058364868                     Beta: 0.3705875277519226                     MemKD: 0.0
2026-02-09 09:09:30,590 - INFO - Epoch [30] Batch [20/35]                     Loss: 1.2438, Hard: 1.0297, Soft: 0.2141                     Acc: 77.08% LR: 0.000441                     Alpha: 0.5744425058364868                     Beta: 0.37667232751846313                     MemKD: 0.0
2026-02-09 09:09:56,712 - INFO - Epoch [30/130] Train Loss: 0.7556, Train Acc: 75.54%, Val Loss: 0.6355, Val Acc: 75.00%
2026-02-09 09:09:56,744 - INFO - Checkpoint saved at epoch 30
2026-02-09 09:10:17,265 - INFO - Epoch [31] Batch [0/35]                     Loss: 1.1001, Hard: 0.9168, Soft: 0.1834                     Acc: 68.75% LR: 0.000437                     Alpha: 0.5744425058364868                     Beta: 0.38156214356422424                     MemKD: 0.0
2026-02-09 09:10:20,815 - INFO - Epoch [31] Batch [20/35]                     Loss: 0.5823, Hard: 0.5048, Soft: 0.0776                     Acc: 76.79% LR: 0.000437                     Alpha: 0.5744425058364868                     Beta: 0.3883947730064392                     MemKD: 0.0
2026-02-09 09:10:48,881 - INFO - Epoch [31/130] Train Loss: 0.7586, Train Acc: 76.79%, Val Loss: 0.6275, Val Acc: 76.73%
2026-02-09 09:11:11,621 - INFO - Epoch [32] Batch [0/35]                     Loss: 0.7776, Hard: 0.6621, Soft: 0.1155                     Acc: 75.00% LR: 0.000433                     Alpha: 0.5744425058364868                     Beta: 0.3933057188987732                     MemKD: 0.0
2026-02-09 09:11:15,083 - INFO - Epoch [32] Batch [20/35]                     Loss: 0.5529, Hard: 0.4623, Soft: 0.0906                     Acc: 76.79% LR: 0.000433                     Alpha: 0.5744425058364868                     Beta: 0.39937400817871094                     MemKD: 0.0
2026-02-09 09:11:42,888 - INFO - Epoch [32/130] Train Loss: 0.7294, Train Acc: 78.21%, Val Loss: 0.5530, Val Acc: 79.12%
2026-02-09 09:11:42,888 - INFO - Best model saved with accuracy: 79.12%
2026-02-09 09:12:02,783 - INFO - Epoch [33] Batch [0/35]                     Loss: 0.5257, Hard: 0.4426, Soft: 0.0831                     Acc: 93.75% LR: 0.000429                     Alpha: 0.5744425058364868                     Beta: 0.40399298071861267                     MemKD: 0.0
2026-02-09 09:12:06,344 - INFO - Epoch [33] Batch [20/35]                     Loss: 0.7049, Hard: 0.5993, Soft: 0.1056                     Acc: 78.87% LR: 0.000429                     Alpha: 0.5744425058364868                     Beta: 0.4100624918937683                     MemKD: 0.0
2026-02-09 09:12:34,139 - INFO - Epoch [33/130] Train Loss: 0.7679, Train Acc: 77.14%, Val Loss: 0.7062, Val Acc: 72.47%
2026-02-09 09:12:55,493 - INFO - Epoch [34] Batch [0/35]                     Loss: 0.7605, Hard: 0.6533, Soft: 0.1072                     Acc: 68.75% LR: 0.000425                     Alpha: 0.5744425058364868                     Beta: 0.4155427813529968                     MemKD: 0.0
2026-02-09 09:12:59,186 - INFO - Epoch [34] Batch [20/35]                     Loss: 0.6618, Hard: 0.5637, Soft: 0.0981                     Acc: 78.57% LR: 0.000425                     Alpha: 0.5744425058364868                     Beta: 0.42171624302864075                     MemKD: 0.0
2026-02-09 09:13:26,743 - INFO - Epoch [34/130] Train Loss: 0.7279, Train Acc: 76.61%, Val Loss: 0.9874, Val Acc: 66.76%
2026-02-09 09:13:48,482 - INFO - Epoch [35] Batch [0/35]                     Loss: 1.4933, Hard: 1.2881, Soft: 0.2052                     Acc: 68.75% LR: 0.000420                     Alpha: 0.5744425058364868                     Beta: 0.4270097017288208                     MemKD: 0.0
2026-02-09 09:13:51,944 - INFO - Epoch [35] Batch [20/35]                     Loss: 0.5077, Hard: 0.4221, Soft: 0.0856                     Acc: 76.49% LR: 0.000420                     Alpha: 0.5744425058364868                     Beta: 0.4339308440685272                     MemKD: 0.0
2026-02-09 09:14:18,763 - INFO - Epoch [35/130] Train Loss: 0.7238, Train Acc: 78.39%, Val Loss: 0.6770, Val Acc: 75.40%
2026-02-09 09:14:40,769 - INFO - Epoch [36] Batch [0/35]                     Loss: 0.5508, Hard: 0.4596, Soft: 0.0912                     Acc: 75.00% LR: 0.000416                     Alpha: 0.5744425058364868                     Beta: 0.4384534955024719                     MemKD: 0.0
2026-02-09 09:14:43,889 - INFO - Epoch [36] Batch [20/35]                     Loss: 0.7537, Hard: 0.6469, Soft: 0.1068                     Acc: 77.98% LR: 0.000416                     Alpha: 0.5744425058364868                     Beta: 0.444163054227829                     MemKD: 0.0
2026-02-09 09:15:09,277 - INFO - Epoch [36/130] Train Loss: 0.6736, Train Acc: 79.29%, Val Loss: 0.5815, Val Acc: 76.06%
2026-02-09 09:15:30,401 - INFO - Epoch [37] Batch [0/35]                     Loss: 0.3662, Hard: 0.3045, Soft: 0.0618                     Acc: 93.75% LR: 0.000411                     Alpha: 0.5744425058364868                     Beta: 0.44858527183532715                     MemKD: 0.0
2026-02-09 09:15:33,933 - INFO - Epoch [37] Batch [20/35]                     Loss: 0.4202, Hard: 0.3633, Soft: 0.0569                     Acc: 80.65% LR: 0.000411                     Alpha: 0.5744425058364868                     Beta: 0.45377326011657715                     MemKD: 0.0
2026-02-09 09:16:02,031 - INFO - Epoch [37/130] Train Loss: 0.6122, Train Acc: 79.46%, Val Loss: 0.5252, Val Acc: 80.19%
2026-02-09 09:16:02,031 - INFO - Best model saved with accuracy: 80.19%
2026-02-09 09:16:24,297 - INFO - Epoch [38] Batch [0/35]                     Loss: 0.3845, Hard: 0.3244, Soft: 0.0601                     Acc: 87.50% LR: 0.000407                     Alpha: 0.5744425058364868                     Beta: 0.4576174020767212                     MemKD: 0.0
2026-02-09 09:16:27,979 - INFO - Epoch [38] Batch [20/35]                     Loss: 1.0007, Hard: 0.8489, Soft: 0.1519                     Acc: 82.44% LR: 0.000407                     Alpha: 0.5744425058364868                     Beta: 0.4629499614238739                     MemKD: 0.0
2026-02-09 09:16:54,682 - INFO - Epoch [38/130] Train Loss: 0.6269, Train Acc: 80.18%, Val Loss: 0.7865, Val Acc: 70.21%
2026-02-09 09:17:17,745 - INFO - Epoch [39] Batch [0/35]                     Loss: 0.6380, Hard: 0.5453, Soft: 0.0927                     Acc: 87.50% LR: 0.000402                     Alpha: 0.5744425058364868                     Beta: 0.46757975220680237                     MemKD: 0.0
2026-02-09 09:17:21,375 - INFO - Epoch [39] Batch [20/35]                     Loss: 0.4664, Hard: 0.3936, Soft: 0.0727                     Acc: 84.52% LR: 0.000402                     Alpha: 0.5744425058364868                     Beta: 0.47308021783828735                     MemKD: 0.0
2026-02-09 09:17:48,246 - INFO - Epoch [39/130] Train Loss: 0.5649, Train Acc: 83.04%, Val Loss: 0.4556, Val Acc: 83.91%
2026-02-09 09:17:48,246 - INFO - Best model saved with accuracy: 83.91%
2026-02-09 09:18:11,270 - INFO - Epoch [40] Batch [0/35]                     Loss: 0.3941, Hard: 0.3322, Soft: 0.0619                     Acc: 93.75% LR: 0.000397                     Alpha: 0.5744425058364868                     Beta: 0.4769446551799774                     MemKD: 0.0
2026-02-09 09:18:14,891 - INFO - Epoch [40] Batch [20/35]                     Loss: 0.4503, Hard: 0.3855, Soft: 0.0648                     Acc: 80.65% LR: 0.000397                     Alpha: 0.5744425058364868                     Beta: 0.4823955297470093                     MemKD: 0.0
2026-02-09 09:18:42,454 - INFO - Epoch [40/130] Train Loss: 0.6293, Train Acc: 79.64%, Val Loss: 0.5770, Val Acc: 79.12%
2026-02-09 09:18:42,489 - INFO - Checkpoint saved at epoch 40
2026-02-09 09:19:04,633 - INFO - Epoch [41] Batch [0/35]                     Loss: 0.3760, Hard: 0.3213, Soft: 0.0547                     Acc: 87.50% LR: 0.000392                     Alpha: 0.5744425058364868                     Beta: 0.48639845848083496                     MemKD: 0.0
2026-02-09 09:19:08,358 - INFO - Epoch [41] Batch [20/35]                     Loss: 0.6734, Hard: 0.5880, Soft: 0.0854                     Acc: 81.25% LR: 0.000392                     Alpha: 0.5744425058364868                     Beta: 0.4919663369655609                     MemKD: 0.0
2026-02-09 09:19:35,355 - INFO - Epoch [41/130] Train Loss: 0.6310, Train Acc: 80.89%, Val Loss: 0.4744, Val Acc: 82.45%
2026-02-09 09:19:58,492 - INFO - Epoch [42] Batch [0/35]                     Loss: 0.8460, Hard: 0.7604, Soft: 0.0856                     Acc: 68.75% LR: 0.000387                     Alpha: 0.5744425058364868                     Beta: 0.4961966276168823                     MemKD: 0.0
2026-02-09 09:20:01,551 - INFO - Epoch [42] Batch [20/35]                     Loss: 0.8930, Hard: 0.7784, Soft: 0.1146                     Acc: 78.57% LR: 0.000387                     Alpha: 0.5744425058364868                     Beta: 0.5013852715492249                     MemKD: 0.0
2026-02-09 09:20:29,319 - INFO - Epoch [42/130] Train Loss: 0.5798, Train Acc: 79.64%, Val Loss: 0.6038, Val Acc: 77.66%
2026-02-09 09:20:50,329 - INFO - Epoch [43] Batch [0/35]                     Loss: 0.5666, Hard: 0.4992, Soft: 0.0675                     Acc: 81.25% LR: 0.000382                     Alpha: 0.5744425058364868                     Beta: 0.5053389668464661                     MemKD: 0.0
2026-02-09 09:20:54,198 - INFO - Epoch [43] Batch [20/35]                     Loss: 0.8620, Hard: 0.7273, Soft: 0.1347                     Acc: 80.36% LR: 0.000382                     Alpha: 0.5744425058364868                     Beta: 0.5103374123573303                     MemKD: 0.0
2026-02-09 09:21:21,644 - INFO - Epoch [43/130] Train Loss: 0.5466, Train Acc: 81.25%, Val Loss: 0.8637, Val Acc: 71.54%
2026-02-09 09:21:43,907 - INFO - Epoch [44] Batch [0/35]                     Loss: 0.3009, Hard: 0.2600, Soft: 0.0408                     Acc: 93.75% LR: 0.000377                     Alpha: 0.5744425058364868                     Beta: 0.5141304135322571                     MemKD: 0.0
2026-02-09 09:21:47,536 - INFO - Epoch [44] Batch [20/35]                     Loss: 0.2697, Hard: 0.2317, Soft: 0.0380                     Acc: 85.12% LR: 0.000377                     Alpha: 0.5744425058364868                     Beta: 0.5185666680335999                     MemKD: 0.0
2026-02-09 09:22:14,791 - INFO - Epoch [44/130] Train Loss: 0.5126, Train Acc: 82.86%, Val Loss: 0.4628, Val Acc: 82.71%
2026-02-09 09:22:36,368 - INFO - Epoch [45] Batch [0/35]                     Loss: 0.5877, Hard: 0.5124, Soft: 0.0752                     Acc: 81.25% LR: 0.000371                     Alpha: 0.5744425058364868                     Beta: 0.5222364664077759                     MemKD: 0.0
2026-02-09 09:22:40,104 - INFO - Epoch [45] Batch [20/35]                     Loss: 1.1038, Hard: 0.9817, Soft: 0.1221                     Acc: 86.31% LR: 0.000371                     Alpha: 0.5744425058364868                     Beta: 0.5263076424598694                     MemKD: 0.0
2026-02-09 09:23:07,775 - INFO - Epoch [45/130] Train Loss: 0.5087, Train Acc: 84.82%, Val Loss: 0.5517, Val Acc: 79.79%
2026-02-09 09:23:29,551 - INFO - Epoch [46] Batch [0/35]                     Loss: 0.6049, Hard: 0.5350, Soft: 0.0699                     Acc: 75.00% LR: 0.000366                     Alpha: 0.5744425058364868                     Beta: 0.5299540758132935                     MemKD: 0.0
2026-02-09 09:23:33,362 - INFO - Epoch [46] Batch [20/35]                     Loss: 0.4932, Hard: 0.4321, Soft: 0.0611                     Acc: 83.04% LR: 0.000366                     Alpha: 0.5744425058364868                     Beta: 0.5351715683937073                     MemKD: 0.0
2026-02-09 09:24:01,643 - INFO - Epoch [46/130] Train Loss: 0.5475, Train Acc: 82.68%, Val Loss: 0.8936, Val Acc: 71.14%
2026-02-09 09:24:23,687 - INFO - Epoch [47] Batch [0/35]                     Loss: 0.6071, Hard: 0.5411, Soft: 0.0660                     Acc: 75.00% LR: 0.000361                     Alpha: 0.5744425058364868                     Beta: 0.538670003414154                     MemKD: 0.0
2026-02-09 09:24:27,281 - INFO - Epoch [47] Batch [20/35]                     Loss: 1.1141, Hard: 0.9933, Soft: 0.1207                     Acc: 82.14% LR: 0.000361                     Alpha: 0.5744425058364868                     Beta: 0.5434561371803284                     MemKD: 0.0
2026-02-09 09:24:53,915 - INFO - Epoch [47/130] Train Loss: 0.5420, Train Acc: 83.21%, Val Loss: 0.6990, Val Acc: 71.28%
2026-02-09 09:25:14,218 - INFO - Epoch [48] Batch [0/35]                     Loss: 0.7920, Hard: 0.7087, Soft: 0.0832                     Acc: 81.25% LR: 0.000355                     Alpha: 0.5744425058364868                     Beta: 0.5469273328781128                     MemKD: 0.0
2026-02-09 09:25:17,792 - INFO - Epoch [48] Batch [20/35]                     Loss: 0.2274, Hard: 0.1948, Soft: 0.0326                     Acc: 80.95% LR: 0.000355                     Alpha: 0.5744425058364868                     Beta: 0.5517309308052063                     MemKD: 0.0
2026-02-09 09:25:46,595 - INFO - Epoch [48/130] Train Loss: 0.5550, Train Acc: 81.61%, Val Loss: 0.5704, Val Acc: 79.26%
2026-02-09 09:26:08,174 - INFO - Epoch [49] Batch [0/35]                     Loss: 0.2880, Hard: 0.2505, Soft: 0.0375                     Acc: 93.75% LR: 0.000350                     Alpha: 0.5744425058364868                     Beta: 0.5552534461021423                     MemKD: 0.0
2026-02-09 09:26:11,736 - INFO - Epoch [49] Batch [20/35]                     Loss: 0.5792, Hard: 0.5131, Soft: 0.0661                     Acc: 81.55% LR: 0.000350                     Alpha: 0.5744425058364868                     Beta: 0.5599743723869324                     MemKD: 0.0
2026-02-09 09:26:38,577 - INFO - Epoch [49/130] Train Loss: 0.5661, Train Acc: 81.96%, Val Loss: 0.4823, Val Acc: 83.38%
2026-02-09 09:27:00,272 - INFO - Epoch [50] Batch [0/35]                     Loss: 0.6976, Hard: 0.6358, Soft: 0.0618                     Acc: 81.25% LR: 0.000344                     Alpha: 0.5744425058364868                     Beta: 0.5639263391494751                     MemKD: 0.0
2026-02-09 09:27:03,730 - INFO - Epoch [50] Batch [20/35]                     Loss: 0.3688, Hard: 0.3172, Soft: 0.0516                     Acc: 81.25% LR: 0.000344                     Alpha: 0.5744425058364868                     Beta: 0.5689945220947266                     MemKD: 0.0
2026-02-09 09:27:30,885 - INFO - Epoch [50/130] Train Loss: 0.5219, Train Acc: 82.50%, Val Loss: 0.6111, Val Acc: 78.46%
2026-02-09 09:27:30,936 - INFO - Checkpoint saved at epoch 50
2026-02-09 09:27:52,130 - INFO - Epoch [51] Batch [0/35]                     Loss: 0.3663, Hard: 0.3190, Soft: 0.0473                     Acc: 75.00% LR: 0.000339                     Alpha: 0.5744425058364868                     Beta: 0.5722025036811829                     MemKD: 0.0
2026-02-09 09:27:55,632 - INFO - Epoch [51] Batch [20/35]                     Loss: 0.3660, Hard: 0.3277, Soft: 0.0383                     Acc: 83.93% LR: 0.000339                     Alpha: 0.5744425058364868                     Beta: 0.5765076279640198                     MemKD: 0.0
2026-02-09 09:28:23,122 - INFO - Epoch [51/130] Train Loss: 0.4731, Train Acc: 83.75%, Val Loss: 0.4932, Val Acc: 79.79%
2026-02-09 09:28:44,699 - INFO - Epoch [52] Batch [0/35]                     Loss: 0.6635, Hard: 0.5916, Soft: 0.0719                     Acc: 87.50% LR: 0.000333                     Alpha: 0.5744425058364868                     Beta: 0.5796782970428467                     MemKD: 0.0
2026-02-09 09:28:48,236 - INFO - Epoch [52] Batch [20/35]                     Loss: 0.3358, Hard: 0.2899, Soft: 0.0458                     Acc: 81.85% LR: 0.000333                     Alpha: 0.5744425058364868                     Beta: 0.5842243432998657                     MemKD: 0.0
2026-02-09 09:29:15,679 - INFO - Epoch [52/130] Train Loss: 0.5028, Train Acc: 81.79%, Val Loss: 0.6356, Val Acc: 76.86%
2026-02-09 09:29:37,669 - INFO - Epoch [53] Batch [0/35]                     Loss: 0.2728, Hard: 0.2369, Soft: 0.0359                     Acc: 93.75% LR: 0.000327                     Alpha: 0.5744425058364868                     Beta: 0.5874978303909302                     MemKD: 0.0
2026-02-09 09:29:40,726 - INFO - Epoch [53] Batch [20/35]                     Loss: 0.2902, Hard: 0.2466, Soft: 0.0435                     Acc: 84.23% LR: 0.000327                     Alpha: 0.5744425058364868                     Beta: 0.5918551087379456                     MemKD: 0.0
2026-02-09 09:30:06,744 - INFO - Epoch [53/130] Train Loss: 0.4764, Train Acc: 83.93%, Val Loss: 0.6424, Val Acc: 78.06%
2026-02-09 09:30:28,089 - INFO - Epoch [54] Batch [0/35]                     Loss: 0.8873, Hard: 0.8073, Soft: 0.0801                     Acc: 81.25% LR: 0.000321                     Alpha: 0.5744425058364868                     Beta: 0.5950053930282593                     MemKD: 0.0
2026-02-09 09:30:31,635 - INFO - Epoch [54] Batch [20/35]                     Loss: 0.4037, Hard: 0.3628, Soft: 0.0408                     Acc: 83.04% LR: 0.000321                     Alpha: 0.5744425058364868                     Beta: 0.5991171598434448                     MemKD: 0.0
2026-02-09 09:30:58,312 - INFO - Epoch [54/130] Train Loss: 0.4678, Train Acc: 84.29%, Val Loss: 0.4615, Val Acc: 83.24%
2026-02-09 09:31:20,890 - INFO - Epoch [55] Batch [0/35]                     Loss: 0.5393, Hard: 0.4813, Soft: 0.0580                     Acc: 81.25% LR: 0.000316                     Alpha: 0.5744425058364868                     Beta: 0.6020795106887817                     MemKD: 0.0
2026-02-09 09:31:24,502 - INFO - Epoch [55] Batch [20/35]                     Loss: 0.5128, Hard: 0.4640, Soft: 0.0488                     Acc: 83.63% LR: 0.000316                     Alpha: 0.5744425058364868                     Beta: 0.6061659455299377                     MemKD: 0.0
2026-02-09 09:31:52,053 - INFO - Epoch [55/130] Train Loss: 0.5079, Train Acc: 83.21%, Val Loss: 0.5157, Val Acc: 81.65%
2026-02-09 09:32:14,389 - INFO - Epoch [56] Batch [0/35]                     Loss: 0.6091, Hard: 0.5505, Soft: 0.0586                     Acc: 75.00% LR: 0.000310                     Alpha: 0.5744425058364868                     Beta: 0.6093961596488953                     MemKD: 0.0
2026-02-09 09:32:17,923 - INFO - Epoch [56] Batch [20/35]                     Loss: 0.4298, Hard: 0.3660, Soft: 0.0638                     Acc: 81.55% LR: 0.000310                     Alpha: 0.5744425058364868                     Beta: 0.614035427570343                     MemKD: 0.0
2026-02-09 09:32:46,145 - INFO - Epoch [56/130] Train Loss: 0.5013, Train Acc: 83.39%, Val Loss: 0.4398, Val Acc: 85.11%
2026-02-09 09:32:46,146 - INFO - Best model saved with accuracy: 85.11%
2026-02-09 09:33:09,181 - INFO - Epoch [57] Batch [0/35]                     Loss: 0.5480, Hard: 0.4991, Soft: 0.0489                     Acc: 87.50% LR: 0.000304                     Alpha: 0.5744425058364868                     Beta: 0.6173602938652039                     MemKD: 0.0
2026-02-09 09:33:12,830 - INFO - Epoch [57] Batch [20/35]                     Loss: 0.4528, Hard: 0.4100, Soft: 0.0428                     Acc: 88.39% LR: 0.000304                     Alpha: 0.5744425058364868                     Beta: 0.6211904287338257                     MemKD: 0.0
2026-02-09 09:33:40,126 - INFO - Epoch [57/130] Train Loss: 0.4423, Train Acc: 87.14%, Val Loss: 0.6369, Val Acc: 73.67%
2026-02-09 09:34:00,740 - INFO - Epoch [58] Batch [0/35]                     Loss: 0.2140, Hard: 0.1876, Soft: 0.0264                     Acc: 93.75% LR: 0.000298                     Alpha: 0.5744425058364868                     Beta: 0.6240615844726562                     MemKD: 0.0
2026-02-09 09:34:04,323 - INFO - Epoch [58] Batch [20/35]                     Loss: 0.5609, Hard: 0.5143, Soft: 0.0466                     Acc: 86.61% LR: 0.000298                     Alpha: 0.5744425058364868                     Beta: 0.6277709007263184                     MemKD: 0.0
2026-02-09 09:34:32,407 - INFO - Epoch [58/130] Train Loss: 0.4767, Train Acc: 84.64%, Val Loss: 0.6121, Val Acc: 77.79%
2026-02-09 09:34:52,573 - INFO - Epoch [59] Batch [0/35]                     Loss: 0.4696, Hard: 0.4235, Soft: 0.0460                     Acc: 93.75% LR: 0.000292                     Alpha: 0.5744425058364868                     Beta: 0.6308451294898987                     MemKD: 0.0
2026-02-09 09:34:55,541 - INFO - Epoch [59] Batch [20/35]                     Loss: 0.1628, Hard: 0.1375, Soft: 0.0254                     Acc: 87.80% LR: 0.000292                     Alpha: 0.5744425058364868                     Beta: 0.6348673105239868                     MemKD: 0.0
2026-02-09 09:35:21,926 - INFO - Epoch [59/130] Train Loss: 0.4139, Train Acc: 86.96%, Val Loss: 0.4877, Val Acc: 80.85%
2026-02-09 09:35:43,609 - INFO - Epoch [60] Batch [0/35]                     Loss: 0.3282, Hard: 0.2917, Soft: 0.0366                     Acc: 87.50% LR: 0.000286                     Alpha: 0.5744425058364868                     Beta: 0.6374171376228333                     MemKD: 0.0
2026-02-09 09:35:47,184 - INFO - Epoch [60] Batch [20/35]                     Loss: 0.4056, Hard: 0.3516, Soft: 0.0540                     Acc: 83.93% LR: 0.000286                     Alpha: 0.5744425058364868                     Beta: 0.6411582231521606                     MemKD: 0.0
2026-02-09 09:36:14,378 - INFO - Epoch [60/130] Train Loss: 0.4574, Train Acc: 84.29%, Val Loss: 0.6923, Val Acc: 75.27%
2026-02-09 09:36:14,413 - INFO - Checkpoint saved at epoch 60
2026-02-09 09:36:35,026 - INFO - Epoch [61] Batch [0/35]                     Loss: 0.4978, Hard: 0.4501, Soft: 0.0477                     Acc: 87.50% LR: 0.000280                     Alpha: 0.5744425058364868                     Beta: 0.644075870513916                     MemKD: 0.0
2026-02-09 09:36:38,606 - INFO - Epoch [61] Batch [20/35]                     Loss: 0.7170, Hard: 0.6467, Soft: 0.0702                     Acc: 81.55% LR: 0.000280                     Alpha: 0.5744425058364868                     Beta: 0.6482812166213989                     MemKD: 0.0
2026-02-09 09:37:06,128 - INFO - Epoch [61/130] Train Loss: 0.5307, Train Acc: 81.61%, Val Loss: 0.5912, Val Acc: 78.72%
2026-02-09 09:37:28,484 - INFO - Epoch [62] Batch [0/35]                     Loss: 0.2794, Hard: 0.2534, Soft: 0.0260                     Acc: 87.50% LR: 0.000274                     Alpha: 0.5744425058364868                     Beta: 0.6518568992614746                     MemKD: 0.0
2026-02-09 09:37:32,074 - INFO - Epoch [62] Batch [20/35]                     Loss: 0.5180, Hard: 0.4636, Soft: 0.0544                     Acc: 83.04% LR: 0.000274                     Alpha: 0.5744425058364868                     Beta: 0.6559239625930786                     MemKD: 0.0
2026-02-09 09:37:58,319 - INFO - Epoch [62/130] Train Loss: 0.4894, Train Acc: 83.93%, Val Loss: 0.4613, Val Acc: 81.91%
2026-02-09 09:38:20,104 - INFO - Epoch [63] Batch [0/35]                     Loss: 0.2424, Hard: 0.2210, Soft: 0.0214                     Acc: 100.00% LR: 0.000268                     Alpha: 0.5744425058364868                     Beta: 0.658900797367096                     MemKD: 0.0
2026-02-09 09:38:23,618 - INFO - Epoch [63] Batch [20/35]                     Loss: 0.2791, Hard: 0.2442, Soft: 0.0349                     Acc: 89.58% LR: 0.000268                     Alpha: 0.5744425058364868                     Beta: 0.6623312830924988                     MemKD: 0.0
2026-02-09 09:38:51,174 - INFO - Epoch [63/130] Train Loss: 0.3846, Train Acc: 87.50%, Val Loss: 0.5184, Val Acc: 80.72%
2026-02-09 09:39:13,320 - INFO - Epoch [64] Batch [0/35]                     Loss: 0.3969, Hard: 0.3583, Soft: 0.0386                     Acc: 93.75% LR: 0.000262                     Alpha: 0.5744425058364868                     Beta: 0.6647015810012817                     MemKD: 0.0
2026-02-09 09:39:16,913 - INFO - Epoch [64] Batch [20/35]                     Loss: 0.2023, Hard: 0.1722, Soft: 0.0300                     Acc: 83.63% LR: 0.000262                     Alpha: 0.5744425058364868                     Beta: 0.6682807207107544                     MemKD: 0.0
2026-02-09 09:39:44,435 - INFO - Epoch [64/130] Train Loss: 0.4018, Train Acc: 85.54%, Val Loss: 0.4684, Val Acc: 83.64%
2026-02-09 09:40:05,466 - INFO - Epoch [65] Batch [0/35]                     Loss: 0.1291, Hard: 0.1047, Soft: 0.0244                     Acc: 100.00% LR: 0.000256                     Alpha: 0.5744425058364868                     Beta: 0.6707460880279541                     MemKD: 0.0
2026-02-09 09:40:08,528 - INFO - Epoch [65] Batch [20/35]                     Loss: 0.4123, Hard: 0.3565, Soft: 0.0558                     Acc: 87.80% LR: 0.000256                     Alpha: 0.5744425058364868                     Beta: 0.6739001274108887                     MemKD: 0.0
2026-02-09 09:40:34,265 - INFO - Epoch [65/130] Train Loss: 0.3814, Train Acc: 86.07%, Val Loss: 0.5030, Val Acc: 82.05%
2026-02-09 09:40:56,113 - INFO - Epoch [66] Batch [0/35]                     Loss: 0.2831, Hard: 0.2543, Soft: 0.0288                     Acc: 93.75% LR: 0.000250                     Alpha: 0.5744425058364868                     Beta: 0.676485002040863                     MemKD: 0.0
2026-02-09 09:40:59,587 - INFO - Epoch [66] Batch [20/35]                     Loss: 0.2764, Hard: 0.2538, Soft: 0.0227                     Acc: 85.71% LR: 0.000250                     Alpha: 0.5744425058364868                     Beta: 0.6797914505004883                     MemKD: 0.0
2026-02-09 09:41:25,707 - INFO - Epoch [66/130] Train Loss: 0.4314, Train Acc: 85.89%, Val Loss: 0.4498, Val Acc: 84.84%
2026-02-09 09:41:46,227 - INFO - Epoch [67] Batch [0/35]                     Loss: 0.3253, Hard: 0.2918, Soft: 0.0335                     Acc: 93.75% LR: 0.000244                     Alpha: 0.5744425058364868                     Beta: 0.6824953556060791                     MemKD: 0.0
2026-02-09 09:41:49,846 - INFO - Epoch [67] Batch [20/35]                     Loss: 0.2411, Hard: 0.2170, Soft: 0.0241                     Acc: 85.71% LR: 0.000244                     Alpha: 0.5744425058364868                     Beta: 0.685802698135376                     MemKD: 0.0
2026-02-09 09:42:17,506 - INFO - Epoch [67/130] Train Loss: 0.4407, Train Acc: 84.29%, Val Loss: 0.4355, Val Acc: 83.51%
2026-02-09 09:42:39,071 - INFO - Epoch [68] Batch [0/35]                     Loss: 0.5714, Hard: 0.5114, Soft: 0.0600                     Acc: 81.25% LR: 0.000238                     Alpha: 0.5744425058364868                     Beta: 0.6884859800338745                     MemKD: 0.0
2026-02-09 09:42:42,681 - INFO - Epoch [68] Batch [20/35]                     Loss: 0.2202, Hard: 0.1936, Soft: 0.0266                     Acc: 88.99% LR: 0.000238                     Alpha: 0.5744425058364868                     Beta: 0.6916660070419312                     MemKD: 0.0
2026-02-09 09:43:10,253 - INFO - Epoch [68/130] Train Loss: 0.4281, Train Acc: 86.25%, Val Loss: 0.7932, Val Acc: 72.87%
2026-02-09 09:43:31,943 - INFO - Epoch [69] Batch [0/35]                     Loss: 0.3545, Hard: 0.3185, Soft: 0.0360                     Acc: 87.50% LR: 0.000232                     Alpha: 0.5744425058364868                     Beta: 0.6942382454872131                     MemKD: 0.0
2026-02-09 09:43:35,582 - INFO - Epoch [69] Batch [20/35]                     Loss: 0.7276, Hard: 0.6663, Soft: 0.0613                     Acc: 85.42% LR: 0.000232                     Alpha: 0.5744425058364868                     Beta: 0.6976629495620728                     MemKD: 0.0
2026-02-09 09:44:02,530 - INFO - Epoch [69/130] Train Loss: 0.3839, Train Acc: 86.43%, Val Loss: 0.4508, Val Acc: 83.11%
2026-02-09 09:44:25,293 - INFO - Epoch [70] Batch [0/35]                     Loss: 0.6300, Hard: 0.5847, Soft: 0.0453                     Acc: 81.25% LR: 0.000226                     Alpha: 0.5744425058364868                     Beta: 0.700178325176239                     MemKD: 0.0
2026-02-09 09:44:28,848 - INFO - Epoch [70] Batch [20/35]                     Loss: 0.4370, Hard: 0.3886, Soft: 0.0484                     Acc: 87.20% LR: 0.000226                     Alpha: 0.5744425058364868                     Beta: 0.7031626105308533                     MemKD: 0.0
2026-02-09 09:44:56,755 - INFO - Epoch [70/130] Train Loss: 0.3664, Train Acc: 87.14%, Val Loss: 0.6131, Val Acc: 77.79%
2026-02-09 09:44:56,788 - INFO - Checkpoint saved at epoch 70
2026-02-09 09:45:17,448 - INFO - Epoch [71] Batch [0/35]                     Loss: 0.7248, Hard: 0.6652, Soft: 0.0596                     Acc: 75.00% LR: 0.000220                     Alpha: 0.5744425058364868                     Beta: 0.7053606510162354                     MemKD: 0.0
2026-02-09 09:45:20,583 - INFO - Epoch [71] Batch [20/35]                     Loss: 0.3594, Hard: 0.3295, Soft: 0.0299                     Acc: 86.31% LR: 0.000220                     Alpha: 0.5744425058364868                     Beta: 0.7082169651985168                     MemKD: 0.0
2026-02-09 09:45:46,732 - INFO - Epoch [71/130] Train Loss: 0.3796, Train Acc: 86.43%, Val Loss: 0.4594, Val Acc: 85.24%
2026-02-09 09:45:46,732 - INFO - Best model saved with accuracy: 85.24%
2026-02-09 09:46:08,891 - INFO - Epoch [72] Batch [0/35]                     Loss: 0.3267, Hard: 0.3028, Soft: 0.0239                     Acc: 87.50% LR: 0.000214                     Alpha: 0.5744425058364868                     Beta: 0.7104145884513855                     MemKD: 0.0
2026-02-09 09:46:12,525 - INFO - Epoch [72] Batch [20/35]                     Loss: 0.2898, Hard: 0.2634, Soft: 0.0264                     Acc: 86.90% LR: 0.000214                     Alpha: 0.5744425058364868                     Beta: 0.7132108807563782                     MemKD: 0.0
2026-02-09 09:46:39,591 - INFO - Epoch [72/130] Train Loss: 0.3604, Train Acc: 87.68%, Val Loss: 0.4767, Val Acc: 82.45%
2026-02-09 09:47:01,645 - INFO - Epoch [73] Batch [0/35]                     Loss: 0.2404, Hard: 0.2167, Soft: 0.0237                     Acc: 93.75% LR: 0.000208                     Alpha: 0.5744425058364868                     Beta: 0.7152010798454285                     MemKD: 0.0
2026-02-09 09:47:05,144 - INFO - Epoch [73] Batch [20/35]                     Loss: 0.4409, Hard: 0.4080, Soft: 0.0329                     Acc: 88.99% LR: 0.000208                     Alpha: 0.5744425058364868                     Beta: 0.7178309559822083                     MemKD: 0.0
2026-02-09 09:47:33,215 - INFO - Epoch [73/130] Train Loss: 0.3516, Train Acc: 87.86%, Val Loss: 0.4714, Val Acc: 85.24%
2026-02-09 09:47:54,854 - INFO - Epoch [74] Batch [0/35]                     Loss: 0.3575, Hard: 0.3267, Soft: 0.0308                     Acc: 93.75% LR: 0.000202                     Alpha: 0.5744425058364868                     Beta: 0.7196273803710938                     MemKD: 0.0
2026-02-09 09:47:58,409 - INFO - Epoch [74] Batch [20/35]                     Loss: 0.1357, Hard: 0.1179, Soft: 0.0178                     Acc: 89.88% LR: 0.000202                     Alpha: 0.5744425058364868                     Beta: 0.7223305702209473                     MemKD: 0.0
2026-02-09 09:48:26,941 - INFO - Epoch [74/130] Train Loss: 0.3396, Train Acc: 89.29%, Val Loss: 0.4920, Val Acc: 81.91%
2026-02-09 09:48:48,128 - INFO - Epoch [75] Batch [0/35]                     Loss: 0.1059, Hard: 0.0895, Soft: 0.0164                     Acc: 100.00% LR: 0.000196                     Alpha: 0.5744425058364868                     Beta: 0.7241639494895935                     MemKD: 0.0
2026-02-09 09:48:51,755 - INFO - Epoch [75] Batch [20/35]                     Loss: 0.3644, Hard: 0.3267, Soft: 0.0378                     Acc: 90.77% LR: 0.000196                     Alpha: 0.5744425058364868                     Beta: 0.7267526984214783                     MemKD: 0.0
2026-02-09 09:49:19,226 - INFO - Epoch [75/130] Train Loss: 0.2976, Train Acc: 91.43%, Val Loss: 0.4986, Val Acc: 82.05%
2026-02-09 09:49:41,227 - INFO - Epoch [76] Batch [0/35]                     Loss: 0.1498, Hard: 0.1306, Soft: 0.0192                     Acc: 93.75% LR: 0.000190                     Alpha: 0.5744425058364868                     Beta: 0.7286553978919983                     MemKD: 0.0
2026-02-09 09:49:44,881 - INFO - Epoch [76] Batch [20/35]                     Loss: 0.1665, Hard: 0.1445, Soft: 0.0220                     Acc: 88.69% LR: 0.000190                     Alpha: 0.5744425058364868                     Beta: 0.7309505343437195                     MemKD: 0.0
2026-02-09 09:50:10,853 - INFO - Epoch [76/130] Train Loss: 0.3399, Train Acc: 88.93%, Val Loss: 0.4328, Val Acc: 84.57%
2026-02-09 09:50:32,020 - INFO - Epoch [77] Batch [0/35]                     Loss: 0.2608, Hard: 0.2357, Soft: 0.0251                     Acc: 87.50% LR: 0.000184                     Alpha: 0.5744425058364868                     Beta: 0.7327269911766052                     MemKD: 0.0
2026-02-09 09:50:35,082 - INFO - Epoch [77] Batch [20/35]                     Loss: 0.5002, Hard: 0.4588, Soft: 0.0414                     Acc: 88.10% LR: 0.000184                     Alpha: 0.5744425058364868                     Beta: 0.7350265979766846                     MemKD: 0.0
2026-02-09 09:51:01,767 - INFO - Epoch [77/130] Train Loss: 0.3591, Train Acc: 87.68%, Val Loss: 0.4914, Val Acc: 83.51%
2026-02-09 09:51:24,975 - INFO - Epoch [78] Batch [0/35]                     Loss: 0.4408, Hard: 0.4103, Soft: 0.0305                     Acc: 87.50% LR: 0.000179                     Alpha: 0.5744425058364868                     Beta: 0.73695307970047                     MemKD: 0.0
2026-02-09 09:51:28,589 - INFO - Epoch [78] Batch [20/35]                     Loss: 0.5211, Hard: 0.4835, Soft: 0.0376                     Acc: 89.29% LR: 0.000179                     Alpha: 0.5744425058364868                     Beta: 0.7393269538879395                     MemKD: 0.0
2026-02-09 09:51:55,347 - INFO - Epoch [78/130] Train Loss: 0.3198, Train Acc: 91.07%, Val Loss: 0.4297, Val Acc: 84.84%
2026-02-09 09:52:16,250 - INFO - Epoch [79] Batch [0/35]                     Loss: 0.4282, Hard: 0.3967, Soft: 0.0315                     Acc: 87.50% LR: 0.000173                     Alpha: 0.5744425058364868                     Beta: 0.7409235835075378                     MemKD: 0.0
2026-02-09 09:52:19,869 - INFO - Epoch [79] Batch [20/35]                     Loss: 0.1798, Hard: 0.1604, Soft: 0.0195                     Acc: 85.42% LR: 0.000173                     Alpha: 0.5744425058364868                     Beta: 0.7433035373687744                     MemKD: 0.0
2026-02-09 09:52:47,544 - INFO - Epoch [79/130] Train Loss: 0.3575, Train Acc: 86.96%, Val Loss: 0.4790, Val Acc: 82.85%
2026-02-09 09:53:09,497 - INFO - Epoch [80] Batch [0/35]                     Loss: 0.2657, Hard: 0.2413, Soft: 0.0244                     Acc: 87.50% LR: 0.000167                     Alpha: 0.5744425058364868                     Beta: 0.7451153993606567                     MemKD: 0.0
2026-02-09 09:53:13,068 - INFO - Epoch [80] Batch [20/35]                     Loss: 0.6646, Hard: 0.6317, Soft: 0.0330                     Acc: 85.42% LR: 0.000167                     Alpha: 0.5744425058364868                     Beta: 0.7477045655250549                     MemKD: 0.0
2026-02-09 09:53:38,725 - INFO - Epoch [80/130] Train Loss: 0.3907, Train Acc: 87.50%, Val Loss: 0.4128, Val Acc: 85.51%
2026-02-09 09:53:38,725 - INFO - Best model saved with accuracy: 85.51%
2026-02-09 09:53:38,806 - INFO - Checkpoint saved at epoch 80
2026-02-09 09:54:01,646 - INFO - Epoch [81] Batch [0/35]                     Loss: 0.3530, Hard: 0.3251, Soft: 0.0279                     Acc: 87.50% LR: 0.000161                     Alpha: 0.5744425058364868                     Beta: 0.7496504783630371                     MemKD: 0.0
2026-02-09 09:54:05,175 - INFO - Epoch [81] Batch [20/35]                     Loss: 0.2846, Hard: 0.2624, Soft: 0.0222                     Acc: 88.69% LR: 0.000161                     Alpha: 0.5744425058364868                     Beta: 0.751931369304657                     MemKD: 0.0
2026-02-09 09:54:33,836 - INFO - Epoch [81/130] Train Loss: 0.3339, Train Acc: 87.68%, Val Loss: 0.5247, Val Acc: 81.25%
2026-02-09 09:54:55,535 - INFO - Epoch [82] Batch [0/35]                     Loss: 0.3092, Hard: 0.2795, Soft: 0.0298                     Acc: 93.75% LR: 0.000156                     Alpha: 0.5744425058364868                     Beta: 0.7535712122917175                     MemKD: 0.0
2026-02-09 09:54:58,596 - INFO - Epoch [82] Batch [20/35]                     Loss: 0.2420, Hard: 0.2185, Soft: 0.0235                     Acc: 87.20% LR: 0.000156                     Alpha: 0.5744425058364868                     Beta: 0.7556614875793457                     MemKD: 0.0
2026-02-09 09:55:24,823 - INFO - Epoch [82/130] Train Loss: 0.3537, Train Acc: 86.96%, Val Loss: 0.4433, Val Acc: 83.38%
2026-02-09 09:55:46,397 - INFO - Epoch [83] Batch [0/35]                     Loss: 0.1829, Hard: 0.1633, Soft: 0.0196                     Acc: 93.75% LR: 0.000150                     Alpha: 0.5744425058364868                     Beta: 0.7573657631874084                     MemKD: 0.0
2026-02-09 09:55:49,996 - INFO - Epoch [83] Batch [20/35]                     Loss: 0.2630, Hard: 0.2363, Soft: 0.0266                     Acc: 90.48% LR: 0.000150                     Alpha: 0.5744425058364868                     Beta: 0.7594060897827148                     MemKD: 0.0
2026-02-09 09:56:18,330 - INFO - Epoch [83/130] Train Loss: 0.2912, Train Acc: 91.07%, Val Loss: 0.4078, Val Acc: 84.84%
2026-02-09 09:56:41,090 - INFO - Epoch [84] Batch [0/35]                     Loss: 0.1797, Hard: 0.1556, Soft: 0.0240                     Acc: 93.75% LR: 0.000145                     Alpha: 0.5744425058364868                     Beta: 0.7609193921089172                     MemKD: 0.0
2026-02-09 09:56:44,605 - INFO - Epoch [84] Batch [20/35]                     Loss: 0.4085, Hard: 0.3748, Soft: 0.0337                     Acc: 91.67% LR: 0.000145                     Alpha: 0.5744425058364868                     Beta: 0.7627333998680115                     MemKD: 0.0
2026-02-09 09:57:11,017 - INFO - Epoch [84/130] Train Loss: 0.3576, Train Acc: 87.86%, Val Loss: 0.4747, Val Acc: 82.85%
2026-02-09 09:57:32,139 - INFO - Epoch [85] Batch [0/35]                     Loss: 0.2067, Hard: 0.1860, Soft: 0.0208                     Acc: 93.75% LR: 0.000139                     Alpha: 0.5744425058364868                     Beta: 0.7645130157470703                     MemKD: 0.0
2026-02-09 09:57:35,703 - INFO - Epoch [85] Batch [20/35]                     Loss: 0.2859, Hard: 0.2635, Soft: 0.0225                     Acc: 90.77% LR: 0.000139                     Alpha: 0.5744425058364868                     Beta: 0.7665123343467712                     MemKD: 0.0
2026-02-09 09:58:02,086 - INFO - Epoch [85/130] Train Loss: 0.3147, Train Acc: 89.64%, Val Loss: 0.4031, Val Acc: 86.17%
2026-02-09 09:58:02,086 - INFO - Best model saved with accuracy: 86.17%
2026-02-09 09:58:23,452 - INFO - Epoch [86] Batch [0/35]                     Loss: 0.2402, Hard: 0.2213, Soft: 0.0189                     Acc: 93.75% LR: 0.000134                     Alpha: 0.5744425058364868                     Beta: 0.7678574323654175                     MemKD: 0.0
2026-02-09 09:58:27,032 - INFO - Epoch [86] Batch [20/35]                     Loss: 0.3622, Hard: 0.3342, Soft: 0.0280                     Acc: 89.58% LR: 0.000134                     Alpha: 0.5744425058364868                     Beta: 0.769571840763092                     MemKD: 0.0
2026-02-09 09:58:54,744 - INFO - Epoch [86/130] Train Loss: 0.3451, Train Acc: 87.50%, Val Loss: 0.4156, Val Acc: 84.84%
2026-02-09 09:59:15,924 - INFO - Epoch [87] Batch [0/35]                     Loss: 0.2623, Hard: 0.2426, Soft: 0.0196                     Acc: 93.75% LR: 0.000129                     Alpha: 0.5744425058364868                     Beta: 0.7710803151130676                     MemKD: 0.0
2026-02-09 09:59:19,524 - INFO - Epoch [87] Batch [20/35]                     Loss: 0.1581, Hard: 0.1398, Soft: 0.0183                     Acc: 87.50% LR: 0.000129                     Alpha: 0.5744425058364868                     Beta: 0.7729771137237549                     MemKD: 0.0
2026-02-09 09:59:48,408 - INFO - Epoch [87/130] Train Loss: 0.2976, Train Acc: 89.29%, Val Loss: 0.3907, Val Acc: 85.24%
2026-02-09 10:00:10,555 - INFO - Epoch [88] Batch [0/35]                     Loss: 0.3331, Hard: 0.3021, Soft: 0.0310                     Acc: 87.50% LR: 0.000123                     Alpha: 0.5744425058364868                     Beta: 0.7742871642112732                     MemKD: 0.0
2026-02-09 10:00:13,599 - INFO - Epoch [88] Batch [20/35]                     Loss: 0.4067, Hard: 0.3803, Soft: 0.0265                     Acc: 88.10% LR: 0.000123                     Alpha: 0.5744425058364868                     Beta: 0.7758842706680298                     MemKD: 0.0
2026-02-09 10:00:38,826 - INFO - Epoch [88/130] Train Loss: 0.2683, Train Acc: 90.71%, Val Loss: 0.3957, Val Acc: 86.84%
2026-02-09 10:00:38,827 - INFO - Best model saved with accuracy: 86.84%
2026-02-09 10:01:00,433 - INFO - Epoch [89] Batch [0/35]                     Loss: 0.1251, Hard: 0.1105, Soft: 0.0145                     Acc: 93.75% LR: 0.000118                     Alpha: 0.5744425058364868                     Beta: 0.7769386172294617                     MemKD: 0.0
2026-02-09 10:01:03,963 - INFO - Epoch [89] Batch [20/35]                     Loss: 0.2461, Hard: 0.2250, Soft: 0.0211                     Acc: 88.10% LR: 0.000118                     Alpha: 0.5744425058364868                     Beta: 0.7784713506698608                     MemKD: 0.0
2026-02-09 10:01:31,605 - INFO - Epoch [89/130] Train Loss: 0.3235, Train Acc: 87.86%, Val Loss: 0.3924, Val Acc: 87.10%
2026-02-09 10:01:31,606 - INFO - Best model saved with accuracy: 87.10%
2026-02-09 10:01:53,234 - INFO - Epoch [90] Batch [0/35]                     Loss: 0.2981, Hard: 0.2734, Soft: 0.0247                     Acc: 93.75% LR: 0.000113                     Alpha: 0.5744425058364868                     Beta: 0.7797889113426208                     MemKD: 0.0
2026-02-09 10:01:56,953 - INFO - Epoch [90] Batch [20/35]                     Loss: 0.2812, Hard: 0.2568, Soft: 0.0244                     Acc: 90.48% LR: 0.000113                     Alpha: 0.5744425058364868                     Beta: 0.7812947630882263                     MemKD: 0.0
2026-02-09 10:02:25,269 - INFO - Epoch [90/130] Train Loss: 0.2919, Train Acc: 90.00%, Val Loss: 0.4676, Val Acc: 83.51%
2026-02-09 10:02:25,331 - INFO - Checkpoint saved at epoch 90
2026-02-09 10:02:46,244 - INFO - Epoch [91] Batch [0/35]                     Loss: 0.2331, Hard: 0.2144, Soft: 0.0187                     Acc: 93.75% LR: 0.000108                     Alpha: 0.5744425058364868                     Beta: 0.7824168801307678                     MemKD: 0.0
2026-02-09 10:02:49,814 - INFO - Epoch [91] Batch [20/35]                     Loss: 0.2532, Hard: 0.2330, Soft: 0.0202                     Acc: 91.37% LR: 0.000108                     Alpha: 0.5744425058364868                     Beta: 0.783866286277771                     MemKD: 0.0
2026-02-09 10:03:15,860 - INFO - Epoch [91/130] Train Loss: 0.2568, Train Acc: 91.96%, Val Loss: 0.4764, Val Acc: 82.58%
2026-02-09 10:03:37,239 - INFO - Epoch [92] Batch [0/35]                     Loss: 0.1393, Hard: 0.1261, Soft: 0.0133                     Acc: 93.75% LR: 0.000103                     Alpha: 0.5744425058364868                     Beta: 0.784858226776123                     MemKD: 0.0
2026-02-09 10:03:40,746 - INFO - Epoch [92] Batch [20/35]                     Loss: 0.1426, Hard: 0.1267, Soft: 0.0159                     Acc: 91.37% LR: 0.000103                     Alpha: 0.5744425058364868                     Beta: 0.78609299659729                     MemKD: 0.0
2026-02-09 10:04:08,470 - INFO - Epoch [92/130] Train Loss: 0.2639, Train Acc: 91.96%, Val Loss: 0.5819, Val Acc: 81.65%
2026-02-09 10:04:29,882 - INFO - Epoch [93] Batch [0/35]                     Loss: 0.2306, Hard: 0.2094, Soft: 0.0211                     Acc: 93.75% LR: 0.000098                     Alpha: 0.5744425058364868                     Beta: 0.7871276140213013                     MemKD: 0.0
2026-02-09 10:04:33,524 - INFO - Epoch [93] Batch [20/35]                     Loss: 0.3402, Hard: 0.3135, Soft: 0.0267                     Acc: 91.07% LR: 0.000098                     Alpha: 0.5744425058364868                     Beta: 0.7883136868476868                     MemKD: 0.0
2026-02-09 10:05:00,736 - INFO - Epoch [93/130] Train Loss: 0.2807, Train Acc: 90.54%, Val Loss: 0.3923, Val Acc: 87.10%
2026-02-09 10:05:22,923 - INFO - Epoch [94] Batch [0/35]                     Loss: 0.3499, Hard: 0.3256, Soft: 0.0243                     Acc: 87.50% LR: 0.000093                     Alpha: 0.5744425058364868                     Beta: 0.789350688457489                     MemKD: 0.0
2026-02-09 10:05:25,970 - INFO - Epoch [94] Batch [20/35]                     Loss: 0.2327, Hard: 0.2153, Soft: 0.0174                     Acc: 91.96% LR: 0.000093                     Alpha: 0.5744425058364868                     Beta: 0.7906926274299622                     MemKD: 0.0
2026-02-09 10:05:53,010 - INFO - Epoch [94/130] Train Loss: 0.2593, Train Acc: 92.32%, Val Loss: 0.4242, Val Acc: 86.04%
2026-02-09 10:06:15,801 - INFO - Epoch [95] Batch [0/35]                     Loss: 0.4026, Hard: 0.3698, Soft: 0.0328                     Acc: 87.50% LR: 0.000089                     Alpha: 0.5744425058364868                     Beta: 0.7916035056114197                     MemKD: 0.0
2026-02-09 10:06:19,373 - INFO - Epoch [95] Batch [20/35]                     Loss: 0.3062, Hard: 0.2865, Soft: 0.0197                     Acc: 91.67% LR: 0.000089                     Alpha: 0.5744425058364868                     Beta: 0.7928211688995361                     MemKD: 0.0
2026-02-09 10:06:45,918 - INFO - Epoch [95/130] Train Loss: 0.2374, Train Acc: 92.14%, Val Loss: 0.4173, Val Acc: 85.90%
2026-02-09 10:07:07,519 - INFO - Epoch [96] Batch [0/35]                     Loss: 0.3035, Hard: 0.2859, Soft: 0.0176                     Acc: 93.75% LR: 0.000084                     Alpha: 0.5744425058364868                     Beta: 0.7936230897903442                     MemKD: 0.0
2026-02-09 10:07:11,009 - INFO - Epoch [96] Batch [20/35]                     Loss: 0.1297, Hard: 0.1167, Soft: 0.0130                     Acc: 91.67% LR: 0.000084                     Alpha: 0.5744425058364868                     Beta: 0.7947237491607666                     MemKD: 0.0
2026-02-09 10:07:39,408 - INFO - Epoch [96/130] Train Loss: 0.2515, Train Acc: 92.50%, Val Loss: 0.4044, Val Acc: 85.90%
2026-02-09 10:08:01,432 - INFO - Epoch [97] Batch [0/35]                     Loss: 0.1575, Hard: 0.1399, Soft: 0.0177                     Acc: 100.00% LR: 0.000080                     Alpha: 0.5744425058364868                     Beta: 0.7955518364906311                     MemKD: 0.0
2026-02-09 10:08:04,982 - INFO - Epoch [97] Batch [20/35]                     Loss: 0.5588, Hard: 0.5293, Soft: 0.0295                     Acc: 89.58% LR: 0.000080                     Alpha: 0.5744425058364868                     Beta: 0.7966136336326599                     MemKD: 0.0
2026-02-09 10:08:32,217 - INFO - Epoch [97/130] Train Loss: 0.2782, Train Acc: 90.00%, Val Loss: 0.4294, Val Acc: 85.90%
2026-02-09 10:08:52,720 - INFO - Epoch [98] Batch [0/35]                     Loss: 0.2234, Hard: 0.2018, Soft: 0.0216                     Acc: 93.75% LR: 0.000075                     Alpha: 0.5744425058364868                     Beta: 0.7974674105644226                     MemKD: 0.0
2026-02-09 10:08:56,324 - INFO - Epoch [98] Batch [20/35]                     Loss: 0.1839, Hard: 0.1662, Soft: 0.0177                     Acc: 90.77% LR: 0.000075                     Alpha: 0.5744425058364868                     Beta: 0.7984399199485779                     MemKD: 0.0
2026-02-09 10:09:24,829 - INFO - Epoch [98/130] Train Loss: 0.2845, Train Acc: 89.29%, Val Loss: 0.4159, Val Acc: 86.44%
2026-02-09 10:09:47,163 - INFO - Epoch [99] Batch [0/35]                     Loss: 0.1873, Hard: 0.1674, Soft: 0.0199                     Acc: 93.75% LR: 0.000071                     Alpha: 0.5744425058364868                     Beta: 0.7992863655090332                     MemKD: 0.0
2026-02-09 10:09:50,843 - INFO - Epoch [99] Batch [20/35]                     Loss: 0.2826, Hard: 0.2619, Soft: 0.0207                     Acc: 91.37% LR: 0.000071                     Alpha: 0.5744425058364868                     Beta: 0.8002699613571167                     MemKD: 0.0
2026-02-09 10:10:17,348 - INFO - Epoch [99/130] Train Loss: 0.2595, Train Acc: 90.54%, Val Loss: 0.3835, Val Acc: 86.30%
2026-02-09 10:10:38,829 - INFO - Epoch [100] Batch [0/35]                     Loss: 0.3390, Hard: 0.3176, Soft: 0.0214                     Acc: 81.25% LR: 0.000067                     Alpha: 0.5744425058364868                     Beta: 0.8010833263397217                     MemKD: 0.0
2026-02-09 10:10:41,872 - INFO - Epoch [100] Batch [20/35]                     Loss: 0.1702, Hard: 0.1589, Soft: 0.0113                     Acc: 89.88% LR: 0.000067                     Alpha: 0.5744425058364868                     Beta: 0.8020477294921875                     MemKD: 0.0
2026-02-09 10:11:08,689 - INFO - Epoch [100/130] Train Loss: 0.2591, Train Acc: 91.25%, Val Loss: 0.3816, Val Acc: 88.43%
2026-02-09 10:11:08,689 - INFO - Best model saved with accuracy: 88.43%
2026-02-09 10:11:08,771 - INFO - Checkpoint saved at epoch 100
2026-02-09 10:11:30,117 - INFO - Epoch [101] Batch [0/35]                     Loss: 0.5742, Hard: 0.5367, Soft: 0.0376                     Acc: 87.50% LR: 0.000063                     Alpha: 0.5744425058364868                     Beta: 0.8026971220970154                     MemKD: 0.0
2026-02-09 10:11:33,723 - INFO - Epoch [101] Batch [20/35]                     Loss: 0.0650, Hard: 0.0529, Soft: 0.0120                     Acc: 92.26% LR: 0.000063                     Alpha: 0.5744425058364868                     Beta: 0.8035610318183899                     MemKD: 0.0
2026-02-09 10:12:02,265 - INFO - Epoch [101/130] Train Loss: 0.2558, Train Acc: 91.43%, Val Loss: 0.3750, Val Acc: 88.16%
2026-02-09 10:12:24,242 - INFO - Epoch [102] Batch [0/35]                     Loss: 0.2150, Hard: 0.1965, Soft: 0.0185                     Acc: 87.50% LR: 0.000059                     Alpha: 0.5744425058364868                     Beta: 0.8042071461677551                     MemKD: 0.0
2026-02-09 10:12:27,719 - INFO - Epoch [102] Batch [20/35]                     Loss: 0.2077, Hard: 0.1930, Soft: 0.0147                     Acc: 94.64% LR: 0.000059                     Alpha: 0.5744425058364868                     Beta: 0.8049651384353638                     MemKD: 0.0
2026-02-09 10:12:56,826 - INFO - Epoch [102/130] Train Loss: 0.2493, Train Acc: 91.43%, Val Loss: 0.3735, Val Acc: 87.63%
2026-02-09 10:13:18,907 - INFO - Epoch [103] Batch [0/35]                     Loss: 0.1235, Hard: 0.1043, Soft: 0.0192                     Acc: 93.75% LR: 0.000055                     Alpha: 0.5744425058364868                     Beta: 0.8055731058120728                     MemKD: 0.0
2026-02-09 10:13:22,537 - INFO - Epoch [103] Batch [20/35]                     Loss: 0.1978, Hard: 0.1810, Soft: 0.0168                     Acc: 91.67% LR: 0.000055                     Alpha: 0.5744425058364868                     Beta: 0.8063462376594543                     MemKD: 0.0
2026-02-09 10:13:50,972 - INFO - Epoch [103/130] Train Loss: 0.2606, Train Acc: 90.54%, Val Loss: 0.3949, Val Acc: 87.23%
2026-02-09 10:14:12,046 - INFO - Epoch [104] Batch [0/35]                     Loss: 0.2590, Hard: 0.2414, Soft: 0.0175                     Acc: 87.50% LR: 0.000051                     Alpha: 0.5744425058364868                     Beta: 0.8069628477096558                     MemKD: 0.0
2026-02-09 10:14:15,780 - INFO - Epoch [104] Batch [20/35]                     Loss: 0.3620, Hard: 0.3345, Soft: 0.0276                     Acc: 90.77% LR: 0.000051                     Alpha: 0.5744425058364868                     Beta: 0.807659924030304                     MemKD: 0.0
2026-02-09 10:14:42,431 - INFO - Epoch [104/130] Train Loss: 0.2353, Train Acc: 91.79%, Val Loss: 0.3665, Val Acc: 87.63%
2026-02-09 10:15:04,164 - INFO - Epoch [105] Batch [0/35]                     Loss: 0.1935, Hard: 0.1777, Soft: 0.0159                     Acc: 87.50% LR: 0.000048                     Alpha: 0.5744425058364868                     Beta: 0.8081840872764587                     MemKD: 0.0
2026-02-09 10:15:07,704 - INFO - Epoch [105] Batch [20/35]                     Loss: 0.1254, Hard: 0.1092, Soft: 0.0162                     Acc: 91.96% LR: 0.000048                     Alpha: 0.5744425058364868                     Beta: 0.8087925910949707                     MemKD: 0.0
2026-02-09 10:15:35,363 - INFO - Epoch [105/130] Train Loss: 0.2636, Train Acc: 91.43%, Val Loss: 0.3798, Val Acc: 86.97%
2026-02-09 10:15:56,626 - INFO - Epoch [106] Batch [0/35]                     Loss: 0.2209, Hard: 0.2017, Soft: 0.0192                     Acc: 93.75% LR: 0.000044                     Alpha: 0.5744425058364868                     Beta: 0.8093112707138062                     MemKD: 0.0
2026-02-09 10:15:59,801 - INFO - Epoch [106] Batch [20/35]                     Loss: 0.5978, Hard: 0.5690, Soft: 0.0288                     Acc: 88.69% LR: 0.000044                     Alpha: 0.5744425058364868                     Beta: 0.8099671006202698                     MemKD: 0.0
2026-02-09 10:16:28,532 - INFO - Epoch [106/130] Train Loss: 0.2883, Train Acc: 89.29%, Val Loss: 0.3732, Val Acc: 87.63%
2026-02-09 10:16:51,025 - INFO - Epoch [107] Batch [0/35]                     Loss: 0.3417, Hard: 0.3092, Soft: 0.0324                     Acc: 87.50% LR: 0.000041                     Alpha: 0.5744425058364868                     Beta: 0.8104631900787354                     MemKD: 0.0
2026-02-09 10:16:54,513 - INFO - Epoch [107] Batch [20/35]                     Loss: 0.1609, Hard: 0.1449, Soft: 0.0160                     Acc: 90.18% LR: 0.000041                     Alpha: 0.5744425058364868                     Beta: 0.8110876083374023                     MemKD: 0.0
2026-02-09 10:17:22,680 - INFO - Epoch [107/130] Train Loss: 0.2505, Train Acc: 91.79%, Val Loss: 0.3831, Val Acc: 86.97%
2026-02-09 10:17:45,362 - INFO - Epoch [108] Batch [0/35]                     Loss: 0.1894, Hard: 0.1716, Soft: 0.0178                     Acc: 93.75% LR: 0.000038                     Alpha: 0.5744425058364868                     Beta: 0.8115147948265076                     MemKD: 0.0
2026-02-09 10:17:48,922 - INFO - Epoch [108] Batch [20/35]                     Loss: 0.5199, Hard: 0.4908, Soft: 0.0290                     Acc: 93.45% LR: 0.000038                     Alpha: 0.5744425058364868                     Beta: 0.8120096325874329                     MemKD: 0.0
2026-02-09 10:18:14,845 - INFO - Epoch [108/130] Train Loss: 0.2554, Train Acc: 92.32%, Val Loss: 0.3730, Val Acc: 87.37%
2026-02-09 10:18:36,681 - INFO - Epoch [109] Batch [0/35]                     Loss: 0.1177, Hard: 0.1040, Soft: 0.0138                     Acc: 100.00% LR: 0.000035                     Alpha: 0.5744425058364868                     Beta: 0.8124223351478577                     MemKD: 0.0
2026-02-09 10:18:40,175 - INFO - Epoch [109] Batch [20/35]                     Loss: 0.1074, Hard: 0.0957, Soft: 0.0117                     Acc: 92.26% LR: 0.000035                     Alpha: 0.5744425058364868                     Beta: 0.8130022287368774                     MemKD: 0.0
2026-02-09 10:19:09,292 - INFO - Epoch [109/130] Train Loss: 0.2504, Train Acc: 91.61%, Val Loss: 0.3521, Val Acc: 88.30%
2026-02-09 10:19:31,254 - INFO - Epoch [110] Batch [0/35]                     Loss: 0.2163, Hard: 0.1950, Soft: 0.0212                     Acc: 93.75% LR: 0.000032                     Alpha: 0.5744425058364868                     Beta: 0.8133891224861145                     MemKD: 0.0
2026-02-09 10:19:34,832 - INFO - Epoch [110] Batch [20/35]                     Loss: 0.1475, Hard: 0.1345, Soft: 0.0130                     Acc: 91.07% LR: 0.000032                     Alpha: 0.5744425058364868                     Beta: 0.8138719797134399                     MemKD: 0.0
2026-02-09 10:20:01,781 - INFO - Epoch [110/130] Train Loss: 0.2408, Train Acc: 90.71%, Val Loss: 0.3630, Val Acc: 88.30%
2026-02-09 10:20:01,842 - INFO - Checkpoint saved at epoch 110
2026-02-09 10:20:24,972 - INFO - Epoch [111] Batch [0/35]                     Loss: 0.1797, Hard: 0.1603, Soft: 0.0194                     Acc: 93.75% LR: 0.000029                     Alpha: 0.5744425058364868                     Beta: 0.8142268061637878                     MemKD: 0.0
2026-02-09 10:20:28,033 - INFO - Epoch [111] Batch [20/35]                     Loss: 0.4773, Hard: 0.4496, Soft: 0.0276                     Acc: 92.26% LR: 0.000029                     Alpha: 0.5744425058364868                     Beta: 0.8146523833274841                     MemKD: 0.0
2026-02-09 10:20:55,186 - INFO - Epoch [111/130] Train Loss: 0.2447, Train Acc: 91.61%, Val Loss: 0.3896, Val Acc: 86.84%
2026-02-09 10:21:17,591 - INFO - Epoch [112] Batch [0/35]                     Loss: 0.1786, Hard: 0.1600, Soft: 0.0186                     Acc: 93.75% LR: 0.000026                     Alpha: 0.5744425058364868                     Beta: 0.8149633407592773                     MemKD: 0.0
2026-02-09 10:21:21,282 - INFO - Epoch [112] Batch [20/35]                     Loss: 0.0710, Hard: 0.0616, Soft: 0.0094                     Acc: 93.15% LR: 0.000026                     Alpha: 0.5744425058364868                     Beta: 0.8153389096260071                     MemKD: 0.0
2026-02-09 10:21:48,412 - INFO - Epoch [112/130] Train Loss: 0.2257, Train Acc: 92.86%, Val Loss: 0.3627, Val Acc: 87.63%
2026-02-09 10:22:09,724 - INFO - Epoch [113] Batch [0/35]                     Loss: 0.2809, Hard: 0.2609, Soft: 0.0200                     Acc: 87.50% LR: 0.000023                     Alpha: 0.5744425058364868                     Beta: 0.8155978322029114                     MemKD: 0.0
2026-02-09 10:22:13,310 - INFO - Epoch [113] Batch [20/35]                     Loss: 0.1717, Hard: 0.1576, Soft: 0.0141                     Acc: 90.18% LR: 0.000023                     Alpha: 0.5744425058364868                     Beta: 0.8159410953521729                     MemKD: 0.0
2026-02-09 10:22:44,226 - INFO - Epoch [113/130] Train Loss: 0.2489, Train Acc: 91.07%, Val Loss: 0.3662, Val Acc: 87.90%
2026-02-09 10:23:06,565 - INFO - Epoch [114] Batch [0/35]                     Loss: 0.4600, Hard: 0.4289, Soft: 0.0311                     Acc: 87.50% LR: 0.000021                     Alpha: 0.5744425058364868                     Beta: 0.8161891102790833                     MemKD: 0.0
2026-02-09 10:23:10,183 - INFO - Epoch [114] Batch [20/35]                     Loss: 0.4297, Hard: 0.4101, Soft: 0.0196                     Acc: 92.56% LR: 0.000021                     Alpha: 0.5744425058364868                     Beta: 0.8164902329444885                     MemKD: 0.0
2026-02-09 10:23:38,066 - INFO - Epoch [114/130] Train Loss: 0.2357, Train Acc: 91.43%, Val Loss: 0.3670, Val Acc: 87.23%
2026-02-09 10:23:59,867 - INFO - Epoch [115] Batch [0/35]                     Loss: 0.0962, Hard: 0.0802, Soft: 0.0160                     Acc: 93.75% LR: 0.000018                     Alpha: 0.5744425058364868                     Beta: 0.8167065978050232                     MemKD: 0.0
2026-02-09 10:24:03,522 - INFO - Epoch [115] Batch [20/35]                     Loss: 0.3000, Hard: 0.2779, Soft: 0.0221                     Acc: 89.88% LR: 0.000018                     Alpha: 0.5744425058364868                     Beta: 0.8169649243354797                     MemKD: 0.0
2026-02-09 10:24:30,536 - INFO - Epoch [115/130] Train Loss: 0.2445, Train Acc: 90.89%, Val Loss: 0.3649, Val Acc: 87.90%
2026-02-09 10:24:53,252 - INFO - Epoch [116] Batch [0/35]                     Loss: 0.3403, Hard: 0.3180, Soft: 0.0223                     Acc: 93.75% LR: 0.000016                     Alpha: 0.5744425058364868                     Beta: 0.8171795606613159                     MemKD: 0.0
2026-02-09 10:24:56,913 - INFO - Epoch [116] Batch [20/35]                     Loss: 0.0718, Hard: 0.0612, Soft: 0.0106                     Acc: 91.67% LR: 0.000016                     Alpha: 0.5744425058364868                     Beta: 0.8174259662628174                     MemKD: 0.0
2026-02-09 10:25:24,766 - INFO - Epoch [116/130] Train Loss: 0.2776, Train Acc: 91.43%, Val Loss: 0.3584, Val Acc: 88.16%
2026-02-09 10:25:45,943 - INFO - Epoch [117] Batch [0/35]                     Loss: 0.1184, Hard: 0.1042, Soft: 0.0142                     Acc: 93.75% LR: 0.000014                     Alpha: 0.5744425058364868                     Beta: 0.8176205158233643                     MemKD: 0.0
2026-02-09 10:25:49,057 - INFO - Epoch [117] Batch [20/35]                     Loss: 0.2200, Hard: 0.2046, Soft: 0.0153                     Acc: 91.37% LR: 0.000014                     Alpha: 0.5744425058364868                     Beta: 0.8178406953811646                     MemKD: 0.0
2026-02-09 10:26:16,990 - INFO - Epoch [117/130] Train Loss: 0.2303, Train Acc: 91.61%, Val Loss: 0.3748, Val Acc: 87.50%
2026-02-09 10:26:39,505 - INFO - Epoch [118] Batch [0/35]                     Loss: 0.1899, Hard: 0.1712, Soft: 0.0187                     Acc: 93.75% LR: 0.000012                     Alpha: 0.5744425058364868                     Beta: 0.8179853558540344                     MemKD: 0.0
2026-02-09 10:26:43,003 - INFO - Epoch [118] Batch [20/35]                     Loss: 0.1591, Hard: 0.1423, Soft: 0.0168                     Acc: 92.86% LR: 0.000012                     Alpha: 0.5744425058364868                     Beta: 0.8181561231613159                     MemKD: 0.0
2026-02-09 10:27:10,320 - INFO - Epoch [118/130] Train Loss: 0.2353, Train Acc: 92.68%, Val Loss: 0.3720, Val Acc: 87.77%
2026-02-09 10:27:31,888 - INFO - Epoch [119] Batch [0/35]                     Loss: 0.1553, Hard: 0.1398, Soft: 0.0155                     Acc: 93.75% LR: 0.000010                     Alpha: 0.5744425058364868                     Beta: 0.8182908296585083                     MemKD: 0.0
2026-02-09 10:27:35,494 - INFO - Epoch [119] Batch [20/35]                     Loss: 0.5425, Hard: 0.5084, Soft: 0.0341                     Acc: 93.15% LR: 0.000010                     Alpha: 0.5744425058364868                     Beta: 0.8184436559677124                     MemKD: 0.0
2026-02-09 10:28:02,343 - INFO - Epoch [119/130] Train Loss: 0.2298, Train Acc: 92.50%, Val Loss: 0.3636, Val Acc: 87.23%
2026-02-09 10:28:24,358 - INFO - Epoch [120] Batch [0/35]                     Loss: 0.4288, Hard: 0.4018, Soft: 0.0270                     Acc: 87.50% LR: 0.000009                     Alpha: 0.5744425058364868                     Beta: 0.8185615539550781                     MemKD: 0.0
2026-02-09 10:28:27,981 - INFO - Epoch [120] Batch [20/35]                     Loss: 0.1432, Hard: 0.1290, Soft: 0.0142                     Acc: 90.77% LR: 0.000009                     Alpha: 0.5744425058364868                     Beta: 0.8186880946159363                     MemKD: 0.0
2026-02-09 10:28:55,506 - INFO - Epoch [120/130] Train Loss: 0.2151, Train Acc: 92.32%, Val Loss: 0.3717, Val Acc: 87.23%
2026-02-09 10:28:55,567 - INFO - Checkpoint saved at epoch 120
2026-02-09 10:29:17,846 - INFO - Epoch [121] Batch [0/35]                     Loss: 0.3306, Hard: 0.3105, Soft: 0.0202                     Acc: 87.50% LR: 0.000007                     Alpha: 0.5744425058364868                     Beta: 0.8187719583511353                     MemKD: 0.0
2026-02-09 10:29:21,483 - INFO - Epoch [121] Batch [20/35]                     Loss: 0.4006, Hard: 0.3772, Soft: 0.0235                     Acc: 93.45% LR: 0.000007                     Alpha: 0.5744425058364868                     Beta: 0.8188609480857849                     MemKD: 0.0
2026-02-09 10:29:50,353 - INFO - Epoch [121/130] Train Loss: 0.2066, Train Acc: 93.04%, Val Loss: 0.3636, Val Acc: 88.03%
2026-02-09 10:30:12,115 - INFO - Epoch [122] Batch [0/35]                     Loss: 0.3407, Hard: 0.3239, Soft: 0.0167                     Acc: 81.25% LR: 0.000006                     Alpha: 0.5744425058364868                     Beta: 0.8189342617988586                     MemKD: 0.0
2026-02-09 10:30:15,491 - INFO - Epoch [122] Batch [20/35]                     Loss: 0.6035, Hard: 0.5680, Soft: 0.0355                     Acc: 91.67% LR: 0.000006                     Alpha: 0.5744425058364868                     Beta: 0.8190165758132935                     MemKD: 0.0
2026-02-09 10:30:43,181 - INFO - Epoch [122/130] Train Loss: 0.2123, Train Acc: 92.50%, Val Loss: 0.3726, Val Acc: 86.84%
2026-02-09 10:31:05,902 - INFO - Epoch [123] Batch [0/35]                     Loss: 0.6982, Hard: 0.6736, Soft: 0.0246                     Acc: 81.25% LR: 0.000005                     Alpha: 0.5744425058364868                     Beta: 0.8190832734107971                     MemKD: 0.0
2026-02-09 10:31:09,464 - INFO - Epoch [123] Batch [20/35]                     Loss: 0.4654, Hard: 0.4403, Soft: 0.0251                     Acc: 90.77% LR: 0.000005                     Alpha: 0.5744425058364868                     Beta: 0.8191527128219604                     MemKD: 0.0
2026-02-09 10:31:36,460 - INFO - Epoch [123/130] Train Loss: 0.2401, Train Acc: 92.86%, Val Loss: 0.3593, Val Acc: 88.56%
2026-02-09 10:31:36,460 - INFO - Best model saved with accuracy: 88.56%
2026-02-09 10:31:57,920 - INFO - Epoch [124] Batch [0/35]                     Loss: 0.0507, Hard: 0.0393, Soft: 0.0114                     Acc: 100.00% LR: 0.000004                     Alpha: 0.5744425058364868                     Beta: 0.8192026615142822                     MemKD: 0.0
2026-02-09 10:32:01,564 - INFO - Epoch [124] Batch [20/35]                     Loss: 0.1206, Hard: 0.1055, Soft: 0.0151                     Acc: 91.67% LR: 0.000004                     Alpha: 0.5744425058364868                     Beta: 0.8192532658576965                     MemKD: 0.0
2026-02-09 10:32:28,655 - INFO - Epoch [124/130] Train Loss: 0.2286, Train Acc: 91.79%, Val Loss: 0.3563, Val Acc: 88.16%
2026-02-09 10:32:49,063 - INFO - Epoch [125] Batch [0/35]                     Loss: 0.3537, Hard: 0.3336, Soft: 0.0200                     Acc: 87.50% LR: 0.000003                     Alpha: 0.5744425058364868                     Beta: 0.8192931413650513                     MemKD: 0.0
2026-02-09 10:32:52,673 - INFO - Epoch [125] Batch [20/35]                     Loss: 0.4645, Hard: 0.4361, Soft: 0.0284                     Acc: 91.96% LR: 0.000003                     Alpha: 0.5744425058364868                     Beta: 0.819334089756012                     MemKD: 0.0
2026-02-09 10:33:20,638 - INFO - Epoch [125/130] Train Loss: 0.2425, Train Acc: 91.25%, Val Loss: 0.3738, Val Acc: 87.50%
2026-02-09 10:33:42,448 - INFO - Epoch [126] Batch [0/35]                     Loss: 0.1501, Hard: 0.1364, Soft: 0.0138                     Acc: 93.75% LR: 0.000002                     Alpha: 0.5744425058364868                     Beta: 0.8193657398223877                     MemKD: 0.0
2026-02-09 10:33:46,027 - INFO - Epoch [126] Batch [20/35]                     Loss: 0.0506, Hard: 0.0397, Soft: 0.0109                     Acc: 91.37% LR: 0.000002                     Alpha: 0.5744425058364868                     Beta: 0.8193943500518799                     MemKD: 0.0
2026-02-09 10:34:13,843 - INFO - Epoch [126/130] Train Loss: 0.2447, Train Acc: 91.25%, Val Loss: 0.3714, Val Acc: 87.63%
2026-02-09 10:34:36,841 - INFO - Epoch [127] Batch [0/35]                     Loss: 0.1025, Hard: 0.0897, Soft: 0.0127                     Acc: 93.75% LR: 0.000001                     Alpha: 0.5744425058364868                     Beta: 0.8194154500961304                     MemKD: 0.0
2026-02-09 10:34:40,443 - INFO - Epoch [127] Batch [20/35]                     Loss: 0.1770, Hard: 0.1626, Soft: 0.0144                     Acc: 90.18% LR: 0.000001                     Alpha: 0.5744425058364868                     Beta: 0.8194348216056824                     MemKD: 0.0
2026-02-09 10:35:07,716 - INFO - Epoch [127/130] Train Loss: 0.2398, Train Acc: 91.61%, Val Loss: 0.3422, Val Acc: 89.36%
2026-02-09 10:35:07,717 - INFO - Best model saved with accuracy: 89.36%
2026-02-09 10:35:28,880 - INFO - Epoch [128] Batch [0/35]                     Loss: 0.1015, Hard: 0.0889, Soft: 0.0126                     Acc: 93.75% LR: 0.000001                     Alpha: 0.5744425058364868                     Beta: 0.8194476962089539                     MemKD: 0.0
2026-02-09 10:35:31,895 - INFO - Epoch [128] Batch [20/35]                     Loss: 0.2134, Hard: 0.1928, Soft: 0.0206                     Acc: 91.96% LR: 0.000001                     Alpha: 0.5744425058364868                     Beta: 0.8194580078125                     MemKD: 0.0
2026-02-09 10:36:00,873 - INFO - Epoch [128/130] Train Loss: 0.2470, Train Acc: 91.61%, Val Loss: 0.3644, Val Acc: 87.90%
2026-02-09 10:36:21,872 - INFO - Epoch [129] Batch [0/35]                     Loss: 0.7744, Hard: 0.7412, Soft: 0.0332                     Acc: 75.00% LR: 0.000000                     Alpha: 0.5744425058364868                     Beta: 0.819465696811676                     MemKD: 0.0
2026-02-09 10:36:25,334 - INFO - Epoch [129] Batch [20/35]                     Loss: 0.1429, Hard: 0.1253, Soft: 0.0176                     Acc: 91.37% LR: 0.000000                     Alpha: 0.5744425058364868                     Beta: 0.8194702863693237                     MemKD: 0.0
2026-02-09 10:36:54,080 - INFO - Epoch [129/130] Train Loss: 0.2481, Train Acc: 91.79%, Val Loss: 0.3491, Val Acc: 88.56%
2026-02-09 10:37:15,189 - INFO - Epoch [130] Batch [0/35]                     Loss: 0.2905, Hard: 0.2704, Soft: 0.0202                     Acc: 87.50% LR: 0.000000                     Alpha: 0.5744425058364868                     Beta: 0.8194739818572998                     MemKD: 0.0
2026-02-09 10:37:18,851 - INFO - Epoch [130] Batch [20/35]                     Loss: 0.2029, Hard: 0.1895, Soft: 0.0134                     Acc: 94.05% LR: 0.000000                     Alpha: 0.5744425058364868                     Beta: 0.8194751739501953                     MemKD: 0.0
2026-02-09 10:37:45,761 - INFO - Epoch [130/130] Train Loss: 0.2226, Train Acc: 92.50%, Val Loss: 0.3893, Val Acc: 87.10%
2026-02-09 10:37:45,836 - INFO - Checkpoint saved at epoch 130
2026-02-09 10:37:45,837 - INFO - ==================================================
2026-02-09 10:37:45,837 - INFO - Training finished! Best accuracy: 89.36%
2026-02-09 10:37:45,837 - INFO - ==================================================
