2026-02-07 00:12:55,157 - INFO - ==================================================
2026-02-07 00:12:55,158 - INFO - Distillation Training Configuration
2026-02-07 00:12:55,158 - INFO - ==================================================
2026-02-07 00:12:55,158 - INFO - GPUs: [4, 5, 6, 7]
2026-02-07 00:12:55,158 - INFO - World size: 4
2026-02-07 00:12:55,158 - INFO - Dataset: /media/hdd1/chuxiaohui/AI4Ocean_UATR/ShipsEar_622
2026-02-07 00:12:55,158 - INFO - Data type: wav_s@wav_t
2026-02-07 00:12:55,158 - INFO - Batch size: 16
2026-02-07 00:12:55,158 - INFO - Epochs: 100
2026-02-07 00:12:55,158 - INFO - Learning rate: 0.0005
2026-02-07 00:12:55,158 - INFO - Temperature: 2.0
2026-02-07 00:12:55,158 - INFO - Alpha: 0.3
2026-02-07 00:12:55,158 - INFO - Save dir: checkpoints/grid_shipsear/num_epochs100_weight_decay0.0001_batch_size16_lr0.0005_distill_typeTser_freezeFalse_USE_DYNAMIC_DISTILL_WEIGHTTrue_p_encoder0.3_p_classifier0.3
2026-02-07 00:12:55,158 - INFO - ==================================================
2026-02-07 00:12:55,189 - INFO - Train dataset size: 2240
2026-02-07 00:12:55,189 - INFO - Validation dataset size: 749
2026-02-07 00:12:56,277 - INFO - Student params: 316,299 (0.32M)
2026-02-07 00:12:56,277 - INFO - Teacher params: 164,415,877 (164.42M)
2026-02-07 00:12:56,277 - INFO - Trainable params: 164,687,249 (164.69M)
2026-02-07 00:12:56,775 - INFO - Start training...
2026-02-07 00:12:56,776 - INFO - No checkpoint found, start from scratch
2026-02-07 00:13:20,360 - INFO - Epoch [1] Batch [0/35]                     Loss: 1.7103, Hard: 1.7103, Soft: 0.9687                     Acc: 12.50% LR: 0.000500                     Alpha: 0.5744425058364868                     Beta: 0.0                     MemKD: 0.0
2026-02-07 00:13:28,181 - INFO - Epoch [1] Batch [20/35]                     Loss: 1.6369, Hard: 1.6369, Soft: 0.6894                     Acc: 33.04% LR: 0.000500                     Alpha: 0.5744425058364868                     Beta: 0.0                     MemKD: 0.0
2026-02-07 00:13:57,521 - INFO - Epoch [1/100] Train Loss: 1.4317, Train Acc: 36.61%, Val Loss: 1.3883, Val Acc: 43.75%
2026-02-07 00:13:57,522 - INFO - Best model saved with accuracy: 43.75%
2026-02-07 00:14:19,645 - INFO - Epoch [2] Batch [0/35]                     Loss: 1.1818, Hard: 1.1818, Soft: 0.3498                     Acc: 43.75% LR: 0.000500                     Alpha: 0.5744425058364868                     Beta: 0.0                     MemKD: 0.0
2026-02-07 00:14:27,340 - INFO - Epoch [2] Batch [20/35]                     Loss: 1.3079, Hard: 1.3079, Soft: 0.4496                     Acc: 44.35% LR: 0.000500                     Alpha: 0.5744425058364868                     Beta: 0.0                     MemKD: 0.0
2026-02-07 00:14:58,225 - INFO - Epoch [2/100] Train Loss: 1.2896, Train Acc: 45.00%, Val Loss: 1.1774, Val Acc: 51.20%
2026-02-07 00:14:58,226 - INFO - Best model saved with accuracy: 51.20%
2026-02-07 00:15:21,228 - INFO - Epoch [3] Batch [0/35]                     Loss: 1.1367, Hard: 1.1367, Soft: 0.3251                     Acc: 50.00% LR: 0.000500                     Alpha: 0.5744425058364868                     Beta: 0.0                     MemKD: 0.0
2026-02-07 00:15:28,961 - INFO - Epoch [3] Batch [20/35]                     Loss: 1.2990, Hard: 1.2990, Soft: 0.3735                     Acc: 43.75% LR: 0.000500                     Alpha: 0.5744425058364868                     Beta: 0.0                     MemKD: 0.0
2026-02-07 00:16:00,118 - INFO - Epoch [3/100] Train Loss: 1.2571, Train Acc: 46.61%, Val Loss: 1.0938, Val Acc: 54.39%
2026-02-07 00:16:00,118 - INFO - Best model saved with accuracy: 54.39%
2026-02-07 00:16:22,816 - INFO - Epoch [4] Batch [0/35]                     Loss: 1.0751, Hard: 1.0751, Soft: 0.2816                     Acc: 62.50% LR: 0.000499                     Alpha: 0.5744425058364868                     Beta: 0.0                     MemKD: 0.0
2026-02-07 00:16:30,606 - INFO - Epoch [4] Batch [20/35]                     Loss: 1.2954, Hard: 1.2954, Soft: 0.4315                     Acc: 50.60% LR: 0.000499                     Alpha: 0.5744425058364868                     Beta: 0.0                     MemKD: 0.0
2026-02-07 00:16:59,046 - INFO - Epoch [4/100] Train Loss: 1.1786, Train Acc: 53.39%, Val Loss: 1.0331, Val Acc: 56.78%
2026-02-07 00:16:59,046 - INFO - Best model saved with accuracy: 56.78%
2026-02-07 00:17:20,419 - INFO - Epoch [5] Batch [0/35]                     Loss: 1.1486, Hard: 1.1486, Soft: 0.3839                     Acc: 62.50% LR: 0.000498                     Alpha: 0.5744425058364868                     Beta: 0.0                     MemKD: 0.0
2026-02-07 00:17:28,164 - INFO - Epoch [5] Batch [20/35]                     Loss: 1.1116, Hard: 1.1116, Soft: 0.2743                     Acc: 53.87% LR: 0.000498                     Alpha: 0.5744425058364868                     Beta: 0.0                     MemKD: 0.0
2026-02-07 00:17:58,717 - INFO - Epoch [5/100] Train Loss: 1.1138, Train Acc: 54.64%, Val Loss: 0.9832, Val Acc: 61.84%
2026-02-07 00:17:58,717 - INFO - Best model saved with accuracy: 61.84%
2026-02-07 00:18:19,361 - INFO - Epoch [6] Batch [0/35]                     Loss: 1.0573, Hard: 1.0573, Soft: 0.3031                     Acc: 56.25% LR: 0.000497                     Alpha: 0.5744425058364868                     Beta: 0.0                     MemKD: 0.0
2026-02-07 00:18:27,134 - INFO - Epoch [6] Batch [20/35]                     Loss: 1.3859, Hard: 1.3859, Soft: 0.3829                     Acc: 61.61% LR: 0.000497                     Alpha: 0.5744425058364868                     Beta: 0.0                     MemKD: 0.0
2026-02-07 00:18:58,613 - INFO - Epoch [6/100] Train Loss: 1.0611, Train Acc: 60.89%, Val Loss: 0.9650, Val Acc: 59.04%
2026-02-07 00:19:20,768 - INFO - Epoch [7] Batch [0/35]                     Loss: 1.0113, Hard: 1.0113, Soft: 0.2193                     Acc: 62.50% LR: 0.000496                     Alpha: 0.5744425058364868                     Beta: 0.0                     MemKD: 0.0
2026-02-07 00:19:28,536 - INFO - Epoch [7] Batch [20/35]                     Loss: 1.0162, Hard: 1.0162, Soft: 0.2948                     Acc: 59.82% LR: 0.000496                     Alpha: 0.5744425058364868                     Beta: 0.0                     MemKD: 0.0
2026-02-07 00:19:59,416 - INFO - Epoch [7/100] Train Loss: 1.0634, Train Acc: 57.68%, Val Loss: 0.9550, Val Acc: 61.30%
2026-02-07 00:20:21,321 - INFO - Epoch [8] Batch [0/35]                     Loss: 0.8909, Hard: 0.8909, Soft: 0.2925                     Acc: 75.00% LR: 0.000494                     Alpha: 0.5744425058364868                     Beta: 0.0                     MemKD: 0.0
2026-02-07 00:20:29,053 - INFO - Epoch [8] Batch [20/35]                     Loss: 0.8207, Hard: 0.8207, Soft: 0.2136                     Acc: 58.04% LR: 0.000494                     Alpha: 0.5744425058364868                     Beta: 0.0                     MemKD: 0.0
2026-02-07 00:20:58,280 - INFO - Epoch [8/100] Train Loss: 1.0630, Train Acc: 59.64%, Val Loss: 0.9335, Val Acc: 63.56%
2026-02-07 00:20:58,280 - INFO - Best model saved with accuracy: 63.56%
2026-02-07 00:21:20,781 - INFO - Epoch [9] Batch [0/35]                     Loss: 0.8252, Hard: 0.8252, Soft: 0.1663                     Acc: 62.50% LR: 0.000492                     Alpha: 0.5744425058364868                     Beta: 0.0                     MemKD: 0.0
2026-02-07 00:21:28,406 - INFO - Epoch [9] Batch [20/35]                     Loss: 1.3995, Hard: 1.3995, Soft: 0.3966                     Acc: 61.01% LR: 0.000492                     Alpha: 0.5744425058364868                     Beta: 0.0                     MemKD: 0.0
2026-02-07 00:21:58,415 - INFO - Epoch [9/100] Train Loss: 0.9495, Train Acc: 62.86%, Val Loss: 0.9139, Val Acc: 63.03%
2026-02-07 00:22:20,783 - INFO - Epoch [10] Batch [0/35]                     Loss: 0.9738, Hard: 0.9738, Soft: 0.2635                     Acc: 62.50% LR: 0.000490                     Alpha: 0.5744425058364868                     Beta: 0.0                     MemKD: 0.0
2026-02-07 00:22:28,489 - INFO - Epoch [10] Batch [20/35]                     Loss: 1.2783, Hard: 1.2783, Soft: 0.2555                     Acc: 60.42% LR: 0.000490                     Alpha: 0.5744425058364868                     Beta: 0.0                     MemKD: 0.0
2026-02-07 00:22:58,914 - INFO - Epoch [10/100] Train Loss: 0.9194, Train Acc: 63.39%, Val Loss: 0.7938, Val Acc: 69.81%
2026-02-07 00:22:58,914 - INFO - Best model saved with accuracy: 69.81%
2026-02-07 00:22:58,979 - INFO - Checkpoint saved at epoch 10
2026-02-07 00:23:21,733 - INFO - Epoch [11] Batch [0/35]                     Loss: 0.5363, Hard: 0.5363, Soft: 0.1003                     Acc: 87.50% LR: 0.000488                     Alpha: 0.5744425058364868                     Beta: 0.0                     MemKD: 0.0
2026-02-07 00:23:29,427 - INFO - Epoch [11] Batch [20/35]                     Loss: 0.9963, Hard: 0.9963, Soft: 0.2255                     Acc: 64.29% LR: 0.000488                     Alpha: 0.5744425058364868                     Beta: 0.0                     MemKD: 0.0
2026-02-07 00:23:59,634 - INFO - Epoch [11/100] Train Loss: 0.9666, Train Acc: 61.79%, Val Loss: 0.8453, Val Acc: 67.82%
2026-02-07 00:24:22,202 - INFO - Epoch [12] Batch [0/35]                     Loss: 0.7230, Hard: 0.7230, Soft: 0.1769                     Acc: 62.50% LR: 0.000485                     Alpha: 0.5744425058364868                     Beta: 0.0                     MemKD: 0.0
2026-02-07 00:24:29,929 - INFO - Epoch [12] Batch [20/35]                     Loss: 1.1421, Hard: 1.1421, Soft: 0.3542                     Acc: 65.77% LR: 0.000485                     Alpha: 0.5744425058364868                     Beta: 0.0                     MemKD: 0.0
2026-02-07 00:25:01,004 - INFO - Epoch [12/100] Train Loss: 0.8556, Train Acc: 66.79%, Val Loss: 0.7797, Val Acc: 68.88%
2026-02-07 00:25:23,642 - INFO - Epoch [13] Batch [0/35]                     Loss: 1.2719, Hard: 1.2719, Soft: 0.2318                     Acc: 37.50% LR: 0.000482                     Alpha: 0.5744425058364868                     Beta: 0.0                     MemKD: 0.0
2026-02-07 00:25:31,308 - INFO - Epoch [13] Batch [20/35]                     Loss: 1.1899, Hard: 1.1899, Soft: 0.3196                     Acc: 56.55% LR: 0.000482                     Alpha: 0.5744425058364868                     Beta: 0.0                     MemKD: 0.0
2026-02-07 00:26:01,886 - INFO - Epoch [13/100] Train Loss: 0.9719, Train Acc: 61.07%, Val Loss: 0.7974, Val Acc: 69.81%
2026-02-07 00:26:24,217 - INFO - Epoch [14] Batch [0/35]                     Loss: 0.7319, Hard: 0.7319, Soft: 0.1360                     Acc: 75.00% LR: 0.000479                     Alpha: 0.5744425058364868                     Beta: 0.0                     MemKD: 0.0
2026-02-07 00:26:31,881 - INFO - Epoch [14] Batch [20/35]                     Loss: 0.6178, Hard: 0.6178, Soft: 0.2098                     Acc: 69.35% LR: 0.000479                     Alpha: 0.5744425058364868                     Beta: 0.0                     MemKD: 0.0
2026-02-07 00:27:02,536 - INFO - Epoch [14/100] Train Loss: 0.8662, Train Acc: 68.57%, Val Loss: 0.8367, Val Acc: 64.76%
2026-02-07 00:27:25,017 - INFO - Epoch [15] Batch [0/35]                     Loss: 0.8393, Hard: 0.8393, Soft: 0.2247                     Acc: 62.50% LR: 0.000476                     Alpha: 0.5744425058364868                     Beta: 0.0                     MemKD: 0.0
2026-02-07 00:27:32,699 - INFO - Epoch [15] Batch [20/35]                     Loss: 0.8319, Hard: 0.8319, Soft: 0.2231                     Acc: 68.45% LR: 0.000476                     Alpha: 0.5744425058364868                     Beta: 0.0                     MemKD: 0.0
2026-02-07 00:28:03,505 - INFO - Epoch [15/100] Train Loss: 0.8692, Train Acc: 66.96%, Val Loss: 0.8014, Val Acc: 68.75%
2026-02-07 00:28:26,678 - INFO - Epoch [16] Batch [0/35]                     Loss: 0.8639, Hard: 0.8639, Soft: 0.2678                     Acc: 68.75% LR: 0.000473                     Alpha: 0.5744425058364868                     Beta: 0.0                     MemKD: 0.0
2026-02-07 00:28:34,357 - INFO - Epoch [16] Batch [20/35]                     Loss: 0.8390, Hard: 0.8390, Soft: 0.1890                     Acc: 63.39% LR: 0.000473                     Alpha: 0.5744425058364868                     Beta: 0.0                     MemKD: 0.0
2026-02-07 00:29:05,095 - INFO - Epoch [16/100] Train Loss: 0.8615, Train Acc: 64.82%, Val Loss: 0.7444, Val Acc: 72.61%
2026-02-07 00:29:05,096 - INFO - Best model saved with accuracy: 72.61%
2026-02-07 00:29:26,530 - INFO - Epoch [17] Batch [0/35]                     Loss: 0.8827, Hard: 0.8827, Soft: 0.3100                     Acc: 62.50% LR: 0.000469                     Alpha: 0.5744425058364868                     Beta: 0.0                     MemKD: 0.0
2026-02-07 00:29:34,227 - INFO - Epoch [17] Batch [20/35]                     Loss: 0.7595, Hard: 0.7595, Soft: 0.2140                     Acc: 68.15% LR: 0.000469                     Alpha: 0.5744425058364868                     Beta: 0.0                     MemKD: 0.0
2026-02-07 00:30:05,517 - INFO - Epoch [17/100] Train Loss: 0.8330, Train Acc: 68.04%, Val Loss: 0.8256, Val Acc: 66.09%
2026-02-07 00:30:27,495 - INFO - Epoch [18] Batch [0/35]                     Loss: 1.1586, Hard: 1.1586, Soft: 0.3305                     Acc: 56.25% LR: 0.000465                     Alpha: 0.5744425058364868                     Beta: 0.0                     MemKD: 0.0
2026-02-07 00:30:35,260 - INFO - Epoch [18] Batch [20/35]                     Loss: 1.0381, Hard: 1.0381, Soft: 0.3086                     Acc: 69.35% LR: 0.000465                     Alpha: 0.5744425058364868                     Beta: 0.0                     MemKD: 0.0
2026-02-07 00:31:10,506 - INFO - Epoch [18/100] Train Loss: 0.8274, Train Acc: 68.93%, Val Loss: 0.8416, Val Acc: 66.09%
2026-02-07 00:31:33,306 - INFO - Epoch [19] Batch [0/35]                     Loss: 0.5406, Hard: 0.5406, Soft: 0.1565                     Acc: 87.50% LR: 0.000461                     Alpha: 0.5744425058364868                     Beta: 0.0                     MemKD: 0.0
2026-02-07 00:31:47,904 - INFO - Epoch [19] Batch [20/35]                     Loss: 0.6526, Hard: 0.6526, Soft: 0.2499                     Acc: 75.30% LR: 0.000461                     Alpha: 0.5744425058364868                     Beta: 0.0                     MemKD: 0.0
2026-02-07 00:32:25,505 - INFO - Epoch [19/100] Train Loss: 0.7897, Train Acc: 71.07%, Val Loss: 0.7551, Val Acc: 69.28%
2026-02-07 00:32:49,889 - INFO - Epoch [20] Batch [0/35]                     Loss: 0.6015, Hard: 0.6015, Soft: 0.1444                     Acc: 81.25% LR: 0.000457                     Alpha: 0.5744425058364868                     Beta: 0.0                     MemKD: 0.0
2026-02-07 00:33:03,693 - INFO - Epoch [20] Batch [20/35]                     Loss: 0.9766, Hard: 0.9766, Soft: 0.2161                     Acc: 69.64% LR: 0.000457                     Alpha: 0.5744425058364868                     Beta: 0.0                     MemKD: 0.0
2026-02-07 00:33:39,882 - INFO - Epoch [20/100] Train Loss: 0.7820, Train Acc: 69.29%, Val Loss: 0.7149, Val Acc: 71.68%
2026-02-07 00:33:39,918 - INFO - Checkpoint saved at epoch 20
2026-02-07 00:34:04,818 - INFO - Epoch [21] Batch [0/35]                     Loss: 0.6257, Hard: 0.6215, Soft: 0.1695                     Acc: 75.00% LR: 0.000452                     Alpha: 0.5744425058364868                     Beta: 0.0                     MemKD: 0.0
2026-02-07 00:34:18,539 - INFO - Epoch [21] Batch [20/35]                     Loss: 0.4466, Hard: 0.4439, Soft: 0.1053                     Acc: 75.00% LR: 0.000452                     Alpha: 0.5744425058364868                     Beta: 0.036995578557252884                     MemKD: 0.0
2026-02-07 00:34:56,893 - INFO - Epoch [21/100] Train Loss: 0.7498, Train Acc: 74.29%, Val Loss: 0.7348, Val Acc: 69.95%
2026-02-07 00:35:21,726 - INFO - Epoch [22] Batch [0/35]                     Loss: 1.4283, Hard: 1.4112, Soft: 0.3436                     Acc: 50.00% LR: 0.000448                     Alpha: 0.5744425058364868                     Beta: 0.06302893161773682                     MemKD: 0.0
2026-02-07 00:35:35,192 - INFO - Epoch [22] Batch [20/35]                     Loss: 0.8672, Hard: 0.8584, Soft: 0.1763                     Acc: 70.83% LR: 0.000448                     Alpha: 0.5744425058364868                     Beta: 0.09907330572605133                     MemKD: 0.0
2026-02-07 00:36:12,273 - INFO - Epoch [22/100] Train Loss: 0.8027, Train Acc: 70.71%, Val Loss: 0.8234, Val Acc: 66.49%
2026-02-07 00:36:35,958 - INFO - Epoch [23] Batch [0/35]                     Loss: 0.4920, Hard: 0.4822, Soft: 0.1295                     Acc: 93.75% LR: 0.000443                     Alpha: 0.5744425058364868                     Beta: 0.12358658760786057                     MemKD: 0.0
2026-02-07 00:36:50,132 - INFO - Epoch [23] Batch [20/35]                     Loss: 0.7605, Hard: 0.7490, Soft: 0.1536                     Acc: 75.30% LR: 0.000443                     Alpha: 0.5744425058364868                     Beta: 0.15348263084888458                     MemKD: 0.0
2026-02-07 00:37:27,214 - INFO - Epoch [23/100] Train Loss: 0.7137, Train Acc: 74.11%, Val Loss: 0.7191, Val Acc: 71.41%
2026-02-07 00:37:51,224 - INFO - Epoch [24] Batch [0/35]                     Loss: 0.5950, Hard: 0.5825, Soft: 0.1246                     Acc: 87.50% LR: 0.000438                     Alpha: 0.5744425058364868                     Beta: 0.17418316006660461                     MemKD: 0.0
2026-02-07 00:38:05,177 - INFO - Epoch [24] Batch [20/35]                     Loss: 0.3146, Hard: 0.3084, Soft: 0.0615                     Acc: 76.79% LR: 0.000438                     Alpha: 0.5744425058364868                     Beta: 0.20107285678386688                     MemKD: 0.0
2026-02-07 00:38:40,751 - INFO - Epoch [24/100] Train Loss: 0.7550, Train Acc: 73.75%, Val Loss: 0.7396, Val Acc: 71.94%
2026-02-07 00:39:03,729 - INFO - Epoch [25] Batch [0/35]                     Loss: 0.9154, Hard: 0.8912, Soft: 0.1940                     Acc: 56.25% LR: 0.000432                     Alpha: 0.5744425058364868                     Beta: 0.22125321626663208                     MemKD: 0.0
2026-02-07 00:39:11,408 - INFO - Epoch [25] Batch [20/35]                     Loss: 0.5098, Hard: 0.4946, Soft: 0.1218                     Acc: 72.02% LR: 0.000432                     Alpha: 0.5744425058364868                     Beta: 0.2460610568523407                     MemKD: 0.0
2026-02-07 00:39:41,039 - INFO - Epoch [25/100] Train Loss: 0.7175, Train Acc: 73.21%, Val Loss: 0.8088, Val Acc: 69.81%
2026-02-07 00:40:03,309 - INFO - Epoch [26] Batch [0/35]                     Loss: 0.6261, Hard: 0.6085, Soft: 0.1172                     Acc: 75.00% LR: 0.000427                     Alpha: 0.5744425058364868                     Beta: 0.26316574215888977                     MemKD: 0.0
2026-02-07 00:40:11,017 - INFO - Epoch [26] Batch [20/35]                     Loss: 0.9413, Hard: 0.9206, Soft: 0.1381                     Acc: 77.08% LR: 0.000427                     Alpha: 0.5744425058364868                     Beta: 0.28599676489830017                     MemKD: 0.0
2026-02-07 00:40:41,583 - INFO - Epoch [26/100] Train Loss: 0.6902, Train Acc: 75.71%, Val Loss: 0.7308, Val Acc: 71.68%
2026-02-07 00:41:05,055 - INFO - Epoch [27] Batch [0/35]                     Loss: 0.7059, Hard: 0.6891, Soft: 0.0960                     Acc: 68.75% LR: 0.000421                     Alpha: 0.5744425058364868                     Beta: 0.30192968249320984                     MemKD: 0.0
2026-02-07 00:41:18,985 - INFO - Epoch [27] Batch [20/35]                     Loss: 0.3581, Hard: 0.3470, Soft: 0.0630                     Acc: 72.02% LR: 0.000421                     Alpha: 0.5744425058364868                     Beta: 0.3246525228023529                     MemKD: 0.0
2026-02-07 00:41:55,491 - INFO - Epoch [27/100] Train Loss: 0.7538, Train Acc: 71.25%, Val Loss: 0.6359, Val Acc: 75.13%
2026-02-07 00:41:55,491 - INFO - Best model saved with accuracy: 75.13%
2026-02-07 00:42:19,940 - INFO - Epoch [28] Batch [0/35]                     Loss: 0.6394, Hard: 0.6143, Soft: 0.1256                     Acc: 75.00% LR: 0.000415                     Alpha: 0.5744425058364868                     Beta: 0.3404831886291504                     MemKD: 0.0
2026-02-07 00:42:34,183 - INFO - Epoch [28] Batch [20/35]                     Loss: 0.6314, Hard: 0.6123, Soft: 0.0959                     Acc: 75.30% LR: 0.000415                     Alpha: 0.5744425058364868                     Beta: 0.3612157702445984                     MemKD: 0.0
2026-02-07 00:43:11,567 - INFO - Epoch [28/100] Train Loss: 0.6788, Train Acc: 75.00%, Val Loss: 0.5882, Val Acc: 77.39%
2026-02-07 00:43:11,567 - INFO - Best model saved with accuracy: 77.39%
2026-02-07 00:43:36,122 - INFO - Epoch [29] Batch [0/35]                     Loss: 0.5933, Hard: 0.5741, Soft: 0.0852                     Acc: 75.00% LR: 0.000409                     Alpha: 0.5744425058364868                     Beta: 0.3755342960357666                     MemKD: 0.0
2026-02-07 00:43:50,079 - INFO - Epoch [29] Batch [20/35]                     Loss: 0.6364, Hard: 0.6071, Soft: 0.1304                     Acc: 71.73% LR: 0.000409                     Alpha: 0.5744425058364868                     Beta: 0.39515194296836853                     MemKD: 0.0
2026-02-07 00:44:26,119 - INFO - Epoch [29/100] Train Loss: 0.6789, Train Acc: 72.50%, Val Loss: 0.5834, Val Acc: 77.53%
2026-02-07 00:44:26,120 - INFO - Best model saved with accuracy: 77.53%
2026-02-07 00:44:50,819 - INFO - Epoch [30] Batch [0/35]                     Loss: 0.8874, Hard: 0.8474, Soft: 0.1597                     Acc: 62.50% LR: 0.000403                     Alpha: 0.5744425058364868                     Beta: 0.4091379940509796                     MemKD: 0.0
2026-02-07 00:45:04,774 - INFO - Epoch [30] Batch [20/35]                     Loss: 1.0167, Hard: 0.9755, Soft: 0.1650                     Acc: 78.87% LR: 0.000403                     Alpha: 0.5744425058364868                     Beta: 0.42653578519821167                     MemKD: 0.0
2026-02-07 00:45:40,856 - INFO - Epoch [30/100] Train Loss: 0.6687, Train Acc: 77.32%, Val Loss: 0.8145, Val Acc: 68.22%
2026-02-07 00:45:40,908 - INFO - Checkpoint saved at epoch 30
2026-02-07 00:46:03,708 - INFO - Epoch [31] Batch [0/35]                     Loss: 0.8792, Hard: 0.8397, Soft: 0.1435                     Acc: 68.75% LR: 0.000397                     Alpha: 0.5744425058364868                     Beta: 0.4394207298755646                     MemKD: 0.0
2026-02-07 00:46:17,495 - INFO - Epoch [31] Batch [20/35]                     Loss: 0.6386, Hard: 0.6136, Soft: 0.0909                     Acc: 75.00% LR: 0.000397                     Alpha: 0.5744425058364868                     Beta: 0.4576043486595154                     MemKD: 0.0
2026-02-07 00:46:53,630 - INFO - Epoch [31/100] Train Loss: 0.6667, Train Acc: 75.18%, Val Loss: 0.5278, Val Acc: 80.72%
2026-02-07 00:46:53,631 - INFO - Best model saved with accuracy: 80.72%
2026-02-07 00:47:17,984 - INFO - Epoch [32] Batch [0/35]                     Loss: 0.5792, Hard: 0.5538, Soft: 0.0847                     Acc: 75.00% LR: 0.000391                     Alpha: 0.5744425058364868                     Beta: 0.469977468252182                     MemKD: 0.0
2026-02-07 00:47:32,144 - INFO - Epoch [32] Batch [20/35]                     Loss: 0.6058, Hard: 0.5761, Soft: 0.0992                     Acc: 77.68% LR: 0.000391                     Alpha: 0.5744425058364868                     Beta: 0.48480167984962463                     MemKD: 0.0
2026-02-07 00:48:09,218 - INFO - Epoch [32/100] Train Loss: 0.6444, Train Acc: 76.96%, Val Loss: 0.6414, Val Acc: 75.53%
2026-02-07 00:48:34,040 - INFO - Epoch [33] Batch [0/35]                     Loss: 0.3931, Hard: 0.3729, Soft: 0.0622                     Acc: 93.75% LR: 0.000384                     Alpha: 0.5744425058364868                     Beta: 0.496390163898468                     MemKD: 0.0
2026-02-07 00:48:47,602 - INFO - Epoch [33] Batch [20/35]                     Loss: 0.7895, Hard: 0.7551, Soft: 0.1058                     Acc: 75.00% LR: 0.000384                     Alpha: 0.5744425058364868                     Beta: 0.5124000310897827                     MemKD: 0.0
2026-02-07 00:49:22,507 - INFO - Epoch [33/100] Train Loss: 0.7232, Train Acc: 73.93%, Val Loss: 0.7238, Val Acc: 72.87%
2026-02-07 00:49:44,624 - INFO - Epoch [34] Batch [0/35]                     Loss: 0.5409, Hard: 0.5130, Soft: 0.0798                     Acc: 87.50% LR: 0.000377                     Alpha: 0.5744425058364868                     Beta: 0.525724470615387                     MemKD: 0.0
2026-02-07 00:49:52,318 - INFO - Epoch [34] Batch [20/35]                     Loss: 0.6107, Hard: 0.5783, Soft: 0.0927                     Acc: 76.19% LR: 0.000377                     Alpha: 0.5744425058364868                     Beta: 0.5418999195098877                     MemKD: 0.0
2026-02-07 00:50:21,140 - INFO - Epoch [34/100] Train Loss: 0.6814, Train Acc: 75.54%, Val Loss: 0.6823, Val Acc: 71.81%
2026-02-07 00:50:41,713 - INFO - Epoch [35] Batch [0/35]                     Loss: 1.3541, Hard: 1.2906, Soft: 0.1693                     Acc: 50.00% LR: 0.000370                     Alpha: 0.5744425058364868                     Beta: 0.5542740225791931                     MemKD: 0.0
2026-02-07 00:50:49,436 - INFO - Epoch [35] Batch [20/35]                     Loss: 0.4738, Hard: 0.4471, Soft: 0.0713                     Acc: 75.30% LR: 0.000370                     Alpha: 0.5744425058364868                     Beta: 0.5698168873786926                     MemKD: 0.0
2026-02-07 00:51:20,575 - INFO - Epoch [35/100] Train Loss: 0.6701, Train Acc: 76.96%, Val Loss: 0.5577, Val Acc: 78.99%
2026-02-07 00:51:44,424 - INFO - Epoch [36] Batch [0/35]                     Loss: 0.4601, Hard: 0.4346, Soft: 0.0636                     Acc: 81.25% LR: 0.000363                     Alpha: 0.5744425058364868                     Beta: 0.580506443977356                     MemKD: 0.0
2026-02-07 00:51:52,122 - INFO - Epoch [36] Batch [20/35]                     Loss: 0.6935, Hard: 0.6639, Soft: 0.0739                     Acc: 77.38% LR: 0.000363                     Alpha: 0.5744425058364868                     Beta: 0.5942410826683044                     MemKD: 0.0
2026-02-07 00:52:22,427 - INFO - Epoch [36/100] Train Loss: 0.6648, Train Acc: 75.71%, Val Loss: 0.8792, Val Acc: 67.55%
2026-02-07 00:52:45,906 - INFO - Epoch [37] Batch [0/35]                     Loss: 0.3946, Hard: 0.3708, Soft: 0.0559                     Acc: 93.75% LR: 0.000356                     Alpha: 0.5744425058364868                     Beta: 0.6044527888298035                     MemKD: 0.0
2026-02-07 00:53:00,195 - INFO - Epoch [37] Batch [20/35]                     Loss: 0.7533, Hard: 0.7185, Soft: 0.0817                     Acc: 80.95% LR: 0.000356                     Alpha: 0.5744425058364868                     Beta: 0.6171025037765503                     MemKD: 0.0
2026-02-07 00:53:37,369 - INFO - Epoch [37/100] Train Loss: 0.6003, Train Acc: 80.00%, Val Loss: 0.5350, Val Acc: 79.65%
2026-02-07 00:53:59,648 - INFO - Epoch [38] Batch [0/35]                     Loss: 0.3424, Hard: 0.3230, Soft: 0.0432                     Acc: 93.75% LR: 0.000349                     Alpha: 0.5744425058364868                     Beta: 0.6260595917701721                     MemKD: 0.0
2026-02-07 00:54:13,458 - INFO - Epoch [38] Batch [20/35]                     Loss: 1.1152, Hard: 1.0706, Soft: 0.0992                     Acc: 83.63% LR: 0.000349                     Alpha: 0.5744425058364868                     Beta: 0.6365861296653748                     MemKD: 0.0
2026-02-07 00:54:50,750 - INFO - Epoch [38/100] Train Loss: 0.5607, Train Acc: 81.25%, Val Loss: 0.5359, Val Acc: 78.72%
2026-02-07 00:55:14,168 - INFO - Epoch [39] Batch [0/35]                     Loss: 0.4395, Hard: 0.4143, Soft: 0.0531                     Acc: 81.25% LR: 0.000342                     Alpha: 0.5744425058364868                     Beta: 0.6462284326553345                     MemKD: 0.0
2026-02-07 00:55:29,056 - INFO - Epoch [39] Batch [20/35]                     Loss: 0.4451, Hard: 0.4184, Soft: 0.0562                     Acc: 83.04% LR: 0.000342                     Alpha: 0.5744425058364868                     Beta: 0.6573108434677124                     MemKD: 0.0
2026-02-07 00:56:05,563 - INFO - Epoch [39/100] Train Loss: 0.5629, Train Acc: 81.25%, Val Loss: 0.5840, Val Acc: 76.06%
2026-02-07 00:56:28,857 - INFO - Epoch [40] Batch [0/35]                     Loss: 0.4744, Hard: 0.4466, Soft: 0.0555                     Acc: 87.50% LR: 0.000335                     Alpha: 0.5744425058364868                     Beta: 0.6658626794815063                     MemKD: 0.0
2026-02-07 00:56:43,346 - INFO - Epoch [40] Batch [20/35]                     Loss: 0.3333, Hard: 0.3135, Soft: 0.0397                     Acc: 79.17% LR: 0.000335                     Alpha: 0.5744425058364868                     Beta: 0.6773849725723267                     MemKD: 0.0
2026-02-07 00:57:20,342 - INFO - Epoch [40/100] Train Loss: 0.5924, Train Acc: 78.39%, Val Loss: 0.5453, Val Acc: 78.99%
2026-02-07 00:57:20,396 - INFO - Checkpoint saved at epoch 40
2026-02-07 00:57:43,836 - INFO - Epoch [41] Batch [0/35]                     Loss: 0.3377, Hard: 0.3185, Soft: 0.0367                     Acc: 93.75% LR: 0.000327                     Alpha: 0.5744425058364868                     Beta: 0.685644805431366                     MemKD: 0.0
2026-02-07 00:57:58,984 - INFO - Epoch [41] Batch [20/35]                     Loss: 0.5143, Hard: 0.4798, Soft: 0.0657                     Acc: 79.46% LR: 0.000327                     Alpha: 0.5744425058364868                     Beta: 0.6968308091163635                     MemKD: 0.0
2026-02-07 00:58:36,170 - INFO - Epoch [41/100] Train Loss: 0.5442, Train Acc: 81.61%, Val Loss: 0.6057, Val Acc: 77.66%
2026-02-07 00:58:59,537 - INFO - Epoch [42] Batch [0/35]                     Loss: 0.6706, Hard: 0.6416, Soft: 0.0526                     Acc: 81.25% LR: 0.000320                     Alpha: 0.5744425058364868                     Beta: 0.7045813798904419                     MemKD: 0.0
2026-02-07 00:59:14,394 - INFO - Epoch [42] Batch [20/35]                     Loss: 0.8463, Hard: 0.8096, Soft: 0.0668                     Acc: 83.93% LR: 0.000320                     Alpha: 0.5744425058364868                     Beta: 0.714171826839447                     MemKD: 0.0
2026-02-07 00:59:50,855 - INFO - Epoch [42/100] Train Loss: 0.5068, Train Acc: 82.86%, Val Loss: 0.6111, Val Acc: 76.86%
2026-02-07 01:00:13,989 - INFO - Epoch [43] Batch [0/35]                     Loss: 0.5105, Hard: 0.4870, Soft: 0.0409                     Acc: 87.50% LR: 0.000312                     Alpha: 0.5744425058364868                     Beta: 0.7211402654647827                     MemKD: 0.0
2026-02-07 01:00:28,459 - INFO - Epoch [43] Batch [20/35]                     Loss: 0.5087, Hard: 0.4747, Soft: 0.0591                     Acc: 82.44% LR: 0.000312                     Alpha: 0.5744425058364868                     Beta: 0.7311784029006958                     MemKD: 0.0
2026-02-07 01:01:05,858 - INFO - Epoch [43/100] Train Loss: 0.5360, Train Acc: 81.61%, Val Loss: 0.5903, Val Acc: 78.46%
2026-02-07 01:01:30,279 - INFO - Epoch [44] Batch [0/35]                     Loss: 0.3397, Hard: 0.3247, Soft: 0.0250                     Acc: 87.50% LR: 0.000305                     Alpha: 0.5744425058364868                     Beta: 0.7389299273490906                     MemKD: 0.0
2026-02-07 01:01:44,986 - INFO - Epoch [44] Batch [20/35]                     Loss: 0.4495, Hard: 0.4248, Soft: 0.0411                     Acc: 82.74% LR: 0.000305                     Alpha: 0.5744425058364868                     Beta: 0.7482015490531921                     MemKD: 0.0
2026-02-07 01:02:22,481 - INFO - Epoch [44/100] Train Loss: 0.5120, Train Acc: 81.07%, Val Loss: 0.5873, Val Acc: 78.46%
2026-02-07 01:02:46,952 - INFO - Epoch [45] Batch [0/35]                     Loss: 0.4582, Hard: 0.4339, Soft: 0.0388                     Acc: 87.50% LR: 0.000297                     Alpha: 0.5744425058364868                     Beta: 0.7560091018676758                     MemKD: 0.0
2026-02-07 01:03:02,284 - INFO - Epoch [45] Batch [20/35]                     Loss: 0.7678, Hard: 0.7340, Soft: 0.0541                     Acc: 84.82% LR: 0.000297                     Alpha: 0.5744425058364868                     Beta: 0.7642257213592529                     MemKD: 0.0
2026-02-07 01:03:38,975 - INFO - Epoch [45/100] Train Loss: 0.4863, Train Acc: 83.75%, Val Loss: 0.4819, Val Acc: 80.85%
2026-02-07 01:03:38,976 - INFO - Best model saved with accuracy: 80.85%
2026-02-07 01:04:03,322 - INFO - Epoch [46] Batch [0/35]                     Loss: 0.7227, Hard: 0.6891, Soft: 0.0516                     Acc: 75.00% LR: 0.000289                     Alpha: 0.5744425058364868                     Beta: 0.771141767501831                     MemKD: 0.0
2026-02-07 01:04:17,986 - INFO - Epoch [46] Batch [20/35]                     Loss: 0.2492, Hard: 0.2365, Soft: 0.0196                     Acc: 83.63% LR: 0.000289                     Alpha: 0.5744425058364868                     Beta: 0.7805845737457275                     MemKD: 0.0
2026-02-07 01:04:53,545 - INFO - Epoch [46/100] Train Loss: 0.4940, Train Acc: 81.79%, Val Loss: 0.5141, Val Acc: 79.92%
2026-02-07 01:05:15,535 - INFO - Epoch [47] Batch [0/35]                     Loss: 0.4342, Hard: 0.4146, Soft: 0.0291                     Acc: 81.25% LR: 0.000281                     Alpha: 0.5744425058364868                     Beta: 0.7865787744522095                     MemKD: 0.0
2026-02-07 01:05:29,996 - INFO - Epoch [47] Batch [20/35]                     Loss: 0.7210, Hard: 0.6919, Soft: 0.0431                     Acc: 80.36% LR: 0.000281                     Alpha: 0.5744425058364868                     Beta: 0.7955406308174133                     MemKD: 0.0
2026-02-07 01:06:08,049 - INFO - Epoch [47/100] Train Loss: 0.4939, Train Acc: 82.32%, Val Loss: 0.5828, Val Acc: 79.65%
2026-02-07 01:06:32,028 - INFO - Epoch [48] Batch [0/35]                     Loss: 0.7354, Hard: 0.7041, Soft: 0.0447                     Acc: 75.00% LR: 0.000274                     Alpha: 0.5744425058364868                     Beta: 0.8017244935035706                     MemKD: 0.0
2026-02-07 01:06:46,812 - INFO - Epoch [48] Batch [20/35]                     Loss: 0.4734, Hard: 0.4560, Soft: 0.0248                     Acc: 79.76% LR: 0.000274                     Alpha: 0.5744425058364868                     Beta: 0.8104398846626282                     MemKD: 0.0
2026-02-07 01:07:22,678 - INFO - Epoch [48/100] Train Loss: 0.5292, Train Acc: 80.89%, Val Loss: 0.4261, Val Acc: 83.11%
2026-02-07 01:07:22,679 - INFO - Best model saved with accuracy: 83.11%
2026-02-07 01:07:45,176 - INFO - Epoch [49] Batch [0/35]                     Loss: 0.3770, Hard: 0.3566, Soft: 0.0282                     Acc: 87.50% LR: 0.000266                     Alpha: 0.5744425058364868                     Beta: 0.8166796565055847                     MemKD: 0.0
2026-02-07 01:07:52,905 - INFO - Epoch [49] Batch [20/35]                     Loss: 0.5894, Hard: 0.5630, Soft: 0.0365                     Acc: 80.65% LR: 0.000266                     Alpha: 0.5744425058364868                     Beta: 0.8248125910758972                     MemKD: 0.0
2026-02-07 01:08:22,504 - INFO - Epoch [49/100] Train Loss: 0.5167, Train Acc: 83.21%, Val Loss: 0.6537, Val Acc: 74.34%
2026-02-07 01:08:45,197 - INFO - Epoch [50] Batch [0/35]                     Loss: 0.4365, Hard: 0.4195, Soft: 0.0227                     Acc: 87.50% LR: 0.000258                     Alpha: 0.5744425058364868                     Beta: 0.8313107490539551                     MemKD: 0.0
2026-02-07 01:08:52,862 - INFO - Epoch [50] Batch [20/35]                     Loss: 0.4271, Hard: 0.4097, Soft: 0.0232                     Acc: 83.93% LR: 0.000258                     Alpha: 0.5744425058364868                     Beta: 0.8396953344345093                     MemKD: 0.0
2026-02-07 01:09:22,029 - INFO - Epoch [50/100] Train Loss: 0.5093, Train Acc: 83.75%, Val Loss: 0.4572, Val Acc: 82.58%
2026-02-07 01:09:22,079 - INFO - Checkpoint saved at epoch 50
2026-02-07 01:09:43,634 - INFO - Epoch [51] Batch [0/35]                     Loss: 0.5033, Hard: 0.4823, Soft: 0.0271                     Acc: 87.50% LR: 0.000250                     Alpha: 0.5744425058364868                     Beta: 0.8450725674629211                     MemKD: 0.0
2026-02-07 01:09:51,302 - INFO - Epoch [51] Batch [20/35]                     Loss: 0.5472, Hard: 0.5286, Soft: 0.0240                     Acc: 82.74% LR: 0.000250                     Alpha: 0.5744425058364868                     Beta: 0.8524282574653625                     MemKD: 0.0
2026-02-07 01:10:21,313 - INFO - Epoch [51/100] Train Loss: 0.4813, Train Acc: 82.86%, Val Loss: 0.4559, Val Acc: 84.04%
2026-02-07 01:10:21,314 - INFO - Best model saved with accuracy: 84.04%
2026-02-07 01:10:43,744 - INFO - Epoch [52] Batch [0/35]                     Loss: 0.4486, Hard: 0.4283, Soft: 0.0254                     Acc: 87.50% LR: 0.000242                     Alpha: 0.5744425058364868                     Beta: 0.8580402731895447                     MemKD: 0.0
2026-02-07 01:10:51,460 - INFO - Epoch [52] Batch [20/35]                     Loss: 0.4476, Hard: 0.4267, Soft: 0.0261                     Acc: 80.65% LR: 0.000242                     Alpha: 0.5744425058364868                     Beta: 0.8656191825866699                     MemKD: 0.0
2026-02-07 01:11:22,790 - INFO - Epoch [52/100] Train Loss: 0.4956, Train Acc: 81.25%, Val Loss: 0.4553, Val Acc: 82.31%
2026-02-07 01:11:45,265 - INFO - Epoch [53] Batch [0/35]                     Loss: 0.3472, Hard: 0.3299, Soft: 0.0211                     Acc: 93.75% LR: 0.000234                     Alpha: 0.5744425058364868                     Beta: 0.8712848424911499                     MemKD: 0.0
2026-02-07 01:11:52,922 - INFO - Epoch [53] Batch [20/35]                     Loss: 0.5039, Hard: 0.4846, Soft: 0.0233                     Acc: 85.71% LR: 0.000234                     Alpha: 0.5744425058364868                     Beta: 0.8783405423164368                     MemKD: 0.0
2026-02-07 01:12:24,209 - INFO - Epoch [53/100] Train Loss: 0.4646, Train Acc: 84.64%, Val Loss: 0.4773, Val Acc: 81.38%
2026-02-07 01:12:46,715 - INFO - Epoch [54] Batch [0/35]                     Loss: 0.3304, Hard: 0.3143, Soft: 0.0190                     Acc: 93.75% LR: 0.000226                     Alpha: 0.5744425058364868                     Beta: 0.8838211894035339                     MemKD: 0.0
2026-02-07 01:12:54,361 - INFO - Epoch [54] Batch [20/35]                     Loss: 0.4418, Hard: 0.4273, Soft: 0.0170                     Acc: 84.52% LR: 0.000226                     Alpha: 0.5744425058364868                     Beta: 0.8904298543930054                     MemKD: 0.0
2026-02-07 01:13:25,060 - INFO - Epoch [54/100] Train Loss: 0.4475, Train Acc: 84.64%, Val Loss: 0.5307, Val Acc: 79.92%
2026-02-07 01:13:46,543 - INFO - Epoch [55] Batch [0/35]                     Loss: 0.3544, Hard: 0.3375, Soft: 0.0194                     Acc: 87.50% LR: 0.000219                     Alpha: 0.5744425058364868                     Beta: 0.8953617811203003                     MemKD: 0.0
2026-02-07 01:13:54,257 - INFO - Epoch [55] Batch [20/35]                     Loss: 0.4832, Hard: 0.4657, Soft: 0.0200                     Acc: 86.01% LR: 0.000219                     Alpha: 0.5744425058364868                     Beta: 0.9015784859657288                     MemKD: 0.0
2026-02-07 01:14:23,371 - INFO - Epoch [55/100] Train Loss: 0.4329, Train Acc: 85.18%, Val Loss: 0.5797, Val Acc: 77.13%
2026-02-07 01:14:45,476 - INFO - Epoch [56] Batch [0/35]                     Loss: 0.5178, Hard: 0.5008, Soft: 0.0189                     Acc: 87.50% LR: 0.000211                     Alpha: 0.5744425058364868                     Beta: 0.9061353206634521                     MemKD: 0.0
2026-02-07 01:14:53,152 - INFO - Epoch [56] Batch [20/35]                     Loss: 0.3580, Hard: 0.3408, Soft: 0.0191                     Acc: 81.55% LR: 0.000211                     Alpha: 0.5744425058364868                     Beta: 0.9122443199157715                     MemKD: 0.0
2026-02-07 01:15:23,336 - INFO - Epoch [56/100] Train Loss: 0.4516, Train Acc: 82.68%, Val Loss: 0.5180, Val Acc: 79.39%
2026-02-07 01:15:46,409 - INFO - Epoch [57] Batch [0/35]                     Loss: 0.5695, Hard: 0.5527, Soft: 0.0182                     Acc: 75.00% LR: 0.000203                     Alpha: 0.5744425058364868                     Beta: 0.9168182015419006                     MemKD: 0.0
2026-02-07 01:15:54,129 - INFO - Epoch [57] Batch [20/35]                     Loss: 0.2086, Hard: 0.1977, Soft: 0.0118                     Acc: 86.61% LR: 0.000203                     Alpha: 0.5744425058364868                     Beta: 0.9227480888366699                     MemKD: 0.0
2026-02-07 01:16:24,287 - INFO - Epoch [57/100] Train Loss: 0.4446, Train Acc: 84.82%, Val Loss: 0.5330, Val Acc: 79.39%
2026-02-07 01:16:46,088 - INFO - Epoch [58] Batch [0/35]                     Loss: 0.4937, Hard: 0.4800, Soft: 0.0144                     Acc: 75.00% LR: 0.000195                     Alpha: 0.5744425058364868                     Beta: 0.9269352555274963                     MemKD: 0.0
2026-02-07 01:16:53,783 - INFO - Epoch [58] Batch [20/35]                     Loss: 0.5060, Hard: 0.4941, Soft: 0.0125                     Acc: 86.31% LR: 0.000195                     Alpha: 0.5744425058364868                     Beta: 0.9324427843093872                     MemKD: 0.0
2026-02-07 01:17:24,803 - INFO - Epoch [58/100] Train Loss: 0.4436, Train Acc: 83.39%, Val Loss: 0.5051, Val Acc: 79.92%
2026-02-07 01:17:47,785 - INFO - Epoch [59] Batch [0/35]                     Loss: 0.3155, Hard: 0.3046, Soft: 0.0112                     Acc: 87.50% LR: 0.000188                     Alpha: 0.5744425058364868                     Beta: 0.9367944002151489                     MemKD: 0.0
2026-02-07 01:17:55,411 - INFO - Epoch [59] Batch [20/35]                     Loss: 0.2267, Hard: 0.2166, Soft: 0.0103                     Acc: 87.20% LR: 0.000188                     Alpha: 0.5744425058364868                     Beta: 0.9421800971031189                     MemKD: 0.0
2026-02-07 01:18:26,102 - INFO - Epoch [59/100] Train Loss: 0.3809, Train Acc: 85.89%, Val Loss: 0.4821, Val Acc: 80.85%
2026-02-07 01:18:48,864 - INFO - Epoch [60] Batch [0/35]                     Loss: 0.2874, Hard: 0.2772, Soft: 0.0102                     Acc: 87.50% LR: 0.000180                     Alpha: 0.5744425058364868                     Beta: 0.9458824992179871                     MemKD: 0.0
2026-02-07 01:18:56,522 - INFO - Epoch [60] Batch [20/35]                     Loss: 0.2753, Hard: 0.2666, Soft: 0.0087                     Acc: 83.63% LR: 0.000180                     Alpha: 0.5744425058364868                     Beta: 0.9510731101036072                     MemKD: 0.0
2026-02-07 01:19:25,671 - INFO - Epoch [60/100] Train Loss: 0.4213, Train Acc: 84.46%, Val Loss: 0.4241, Val Acc: 85.51%
2026-02-07 01:19:25,671 - INFO - Best model saved with accuracy: 85.51%
2026-02-07 01:19:25,712 - INFO - Checkpoint saved at epoch 60
2026-02-07 01:19:47,544 - INFO - Epoch [61] Batch [0/35]                     Loss: 0.6434, Hard: 0.6318, Soft: 0.0117                     Acc: 75.00% LR: 0.000173                     Alpha: 0.5744425058364868                     Beta: 0.9546777606010437                     MemKD: 0.0
2026-02-07 01:19:55,304 - INFO - Epoch [61] Batch [20/35]                     Loss: 0.5012, Hard: 0.4914, Soft: 0.0097                     Acc: 84.52% LR: 0.000173                     Alpha: 0.5744425058364868                     Beta: 0.9596852660179138                     MemKD: 0.0
2026-02-07 01:20:24,252 - INFO - Epoch [61/100] Train Loss: 0.4638, Train Acc: 83.57%, Val Loss: 0.4954, Val Acc: 81.78%
2026-02-07 01:20:44,465 - INFO - Epoch [62] Batch [0/35]                     Loss: 0.3142, Hard: 0.3054, Soft: 0.0088                     Acc: 87.50% LR: 0.000165                     Alpha: 0.5744425058364868                     Beta: 0.963981568813324                     MemKD: 0.0
2026-02-07 01:20:52,135 - INFO - Epoch [62] Batch [20/35]                     Loss: 0.4829, Hard: 0.4732, Soft: 0.0097                     Acc: 83.93% LR: 0.000165                     Alpha: 0.5744425058364868                     Beta: 0.968519926071167                     MemKD: 0.0
2026-02-07 01:21:22,514 - INFO - Epoch [62/100] Train Loss: 0.4203, Train Acc: 84.29%, Val Loss: 0.4491, Val Acc: 83.78%
2026-02-07 01:21:45,304 - INFO - Epoch [63] Batch [0/35]                     Loss: 0.2610, Hard: 0.2548, Soft: 0.0062                     Acc: 93.75% LR: 0.000158                     Alpha: 0.5744425058364868                     Beta: 0.9719428420066833                     MemKD: 0.0
2026-02-07 01:21:52,974 - INFO - Epoch [63] Batch [20/35]                     Loss: 0.1900, Hard: 0.1830, Soft: 0.0070                     Acc: 88.69% LR: 0.000158                     Alpha: 0.5744425058364868                     Beta: 0.975882351398468                     MemKD: 0.0
2026-02-07 01:22:22,761 - INFO - Epoch [63/100] Train Loss: 0.3766, Train Acc: 86.43%, Val Loss: 0.4491, Val Acc: 83.24%
2026-02-07 01:22:46,015 - INFO - Epoch [64] Batch [0/35]                     Loss: 0.6321, Hard: 0.6235, Soft: 0.0086                     Acc: 81.25% LR: 0.000151                     Alpha: 0.5744425058364868                     Beta: 0.9787424802780151                     MemKD: 0.0
2026-02-07 01:22:53,728 - INFO - Epoch [64] Batch [20/35]                     Loss: 0.2777, Hard: 0.2703, Soft: 0.0073                     Acc: 83.93% LR: 0.000151                     Alpha: 0.5744425058364868                     Beta: 0.9825923442840576                     MemKD: 0.0
2026-02-07 01:23:23,470 - INFO - Epoch [64/100] Train Loss: 0.3812, Train Acc: 85.00%, Val Loss: 0.4733, Val Acc: 82.71%
2026-02-07 01:23:43,716 - INFO - Epoch [65] Batch [0/35]                     Loss: 0.1246, Hard: 0.1183, Soft: 0.0063                     Acc: 100.00% LR: 0.000144                     Alpha: 0.5744425058364868                     Beta: 0.985289454460144                     MemKD: 0.0
2026-02-07 01:23:51,430 - INFO - Epoch [65] Batch [20/35]                     Loss: 0.4742, Hard: 0.4658, Soft: 0.0084                     Acc: 86.31% LR: 0.000144                     Alpha: 0.5744425058364868                     Beta: 0.9887304306030273                     MemKD: 0.0
2026-02-07 01:24:19,252 - INFO - Epoch [65/100] Train Loss: 0.3664, Train Acc: 86.07%, Val Loss: 0.5344, Val Acc: 78.86%
2026-02-07 01:24:42,094 - INFO - Epoch [66] Batch [0/35]                     Loss: 0.2232, Hard: 0.2172, Soft: 0.0060                     Acc: 87.50% LR: 0.000137                     Alpha: 0.5744425058364868                     Beta: 0.9913128018379211                     MemKD: 0.0
2026-02-07 01:24:50,010 - INFO - Epoch [66] Batch [20/35]                     Loss: 0.3644, Hard: 0.3586, Soft: 0.0058                     Acc: 84.52% LR: 0.000137                     Alpha: 0.5744425058364868                     Beta: 0.9944456219673157                     MemKD: 0.0
2026-02-07 01:25:20,991 - INFO - Epoch [66/100] Train Loss: 0.3926, Train Acc: 84.82%, Val Loss: 0.4764, Val Acc: 81.12%
2026-02-07 01:25:43,991 - INFO - Epoch [67] Batch [0/35]                     Loss: 0.3355, Hard: 0.3301, Soft: 0.0054                     Acc: 81.25% LR: 0.000130                     Alpha: 0.5744425058364868                     Beta: 0.997105598449707                     MemKD: 0.0
2026-02-07 01:25:51,663 - INFO - Epoch [67] Batch [20/35]                     Loss: 0.1350, Hard: 0.1304, Soft: 0.0046                     Acc: 85.42% LR: 0.000130                     Alpha: 0.5744425058364868                     Beta: 1.0001963376998901                     MemKD: 0.0
2026-02-07 01:26:21,544 - INFO - Epoch [67/100] Train Loss: 0.3800, Train Acc: 85.36%, Val Loss: 0.4313, Val Acc: 83.91%
2026-02-07 01:26:43,721 - INFO - Epoch [68] Batch [0/35]                     Loss: 0.7432, Hard: 0.7388, Soft: 0.0043                     Acc: 75.00% LR: 0.000123                     Alpha: 0.5744425058364868                     Beta: 1.0024898052215576                     MemKD: 0.0
2026-02-07 01:26:54,891 - INFO - Epoch [68] Batch [20/35]                     Loss: 0.5823, Hard: 0.5780, Soft: 0.0043                     Acc: 87.20% LR: 0.000123                     Alpha: 0.5744425058364868                     Beta: 1.0055136680603027                     MemKD: 0.0
2026-02-07 01:27:32,265 - INFO - Epoch [68/100] Train Loss: 0.3908, Train Acc: 85.89%, Val Loss: 0.4251, Val Acc: 85.51%
2026-02-07 01:27:56,069 - INFO - Epoch [69] Batch [0/35]                     Loss: 0.3530, Hard: 0.3492, Soft: 0.0038                     Acc: 81.25% LR: 0.000116                     Alpha: 0.5744425058364868                     Beta: 1.0077887773513794                     MemKD: 0.0
2026-02-07 01:28:10,348 - INFO - Epoch [69] Batch [20/35]                     Loss: 0.5409, Hard: 0.5379, Soft: 0.0030                     Acc: 85.42% LR: 0.000116                     Alpha: 0.5744425058364868                     Beta: 1.0107898712158203                     MemKD: 0.0
2026-02-07 01:28:47,269 - INFO - Epoch [69/100] Train Loss: 0.3894, Train Acc: 84.64%, Val Loss: 0.4035, Val Acc: 84.57%
2026-02-07 01:29:11,267 - INFO - Epoch [70] Batch [0/35]                     Loss: 0.3755, Hard: 0.3712, Soft: 0.0043                     Acc: 87.50% LR: 0.000109                     Alpha: 0.5744425058364868                     Beta: 1.0128717422485352                     MemKD: 0.0
2026-02-07 01:29:25,638 - INFO - Epoch [70] Batch [20/35]                     Loss: 0.2696, Hard: 0.2661, Soft: 0.0034                     Acc: 88.10% LR: 0.000109                     Alpha: 0.5744425058364868                     Beta: 1.015211582183838                     MemKD: 0.0
2026-02-07 01:30:03,322 - INFO - Epoch [70/100] Train Loss: 0.3099, Train Acc: 89.11%, Val Loss: 0.4237, Val Acc: 83.78%
2026-02-07 01:30:03,375 - INFO - Checkpoint saved at epoch 70
2026-02-07 01:30:27,550 - INFO - Epoch [71] Batch [0/35]                     Loss: 0.5983, Hard: 0.5961, Soft: 0.0022                     Acc: 75.00% LR: 0.000103                     Alpha: 0.5744425058364868                     Beta: 1.0168291330337524                     MemKD: 0.0
2026-02-07 01:30:42,086 - INFO - Epoch [71] Batch [20/35]                     Loss: 0.3598, Hard: 0.3560, Soft: 0.0038                     Acc: 85.71% LR: 0.000103                     Alpha: 0.5744425058364868                     Beta: 1.0190318822860718                     MemKD: 0.0
2026-02-07 01:31:19,854 - INFO - Epoch [71/100] Train Loss: 0.3772, Train Acc: 86.07%, Val Loss: 0.4272, Val Acc: 83.38%
2026-02-07 01:31:43,551 - INFO - Epoch [72] Batch [0/35]                     Loss: 0.3547, Hard: 0.3513, Soft: 0.0034                     Acc: 87.50% LR: 0.000097                     Alpha: 0.5744425058364868                     Beta: 1.0208264589309692                     MemKD: 0.0
2026-02-07 01:31:58,100 - INFO - Epoch [72] Batch [20/35]                     Loss: 0.2172, Hard: 0.2138, Soft: 0.0034                     Acc: 87.20% LR: 0.000097                     Alpha: 0.5744425058364868                     Beta: 1.0229153633117676                     MemKD: 0.0
2026-02-07 01:32:35,695 - INFO - Epoch [72/100] Train Loss: 0.3276, Train Acc: 87.86%, Val Loss: 0.4099, Val Acc: 83.78%
2026-02-07 01:32:58,917 - INFO - Epoch [73] Batch [0/35]                     Loss: 0.3398, Hard: 0.3367, Soft: 0.0031                     Acc: 81.25% LR: 0.000091                     Alpha: 0.5744425058364868                     Beta: 1.0244117975234985                     MemKD: 0.0
2026-02-07 01:33:13,570 - INFO - Epoch [73] Batch [20/35]                     Loss: 0.3773, Hard: 0.3756, Soft: 0.0018                     Acc: 86.31% LR: 0.000091                     Alpha: 0.5744425058364868                     Beta: 1.0263006687164307                     MemKD: 0.0
2026-02-07 01:33:50,614 - INFO - Epoch [73/100] Train Loss: 0.3609, Train Acc: 86.96%, Val Loss: 0.3855, Val Acc: 86.44%
2026-02-07 01:33:50,614 - INFO - Best model saved with accuracy: 86.44%
2026-02-07 01:34:14,256 - INFO - Epoch [74] Batch [0/35]                     Loss: 0.0948, Hard: 0.0925, Soft: 0.0023                     Acc: 100.00% LR: 0.000085                     Alpha: 0.5744425058364868                     Beta: 1.0276238918304443                     MemKD: 0.0
2026-02-07 01:34:29,052 - INFO - Epoch [74] Batch [20/35]                     Loss: 0.1046, Hard: 0.1016, Soft: 0.0030                     Acc: 90.18% LR: 0.000085                     Alpha: 0.5744425058364868                     Beta: 1.0293837785720825                     MemKD: 0.0
2026-02-07 01:35:05,573 - INFO - Epoch [74/100] Train Loss: 0.3288, Train Acc: 88.75%, Val Loss: 0.3848, Val Acc: 86.44%
2026-02-07 01:35:28,845 - INFO - Epoch [75] Batch [0/35]                     Loss: 0.2489, Hard: 0.2471, Soft: 0.0018                     Acc: 93.75% LR: 0.000079                     Alpha: 0.5744425058364868                     Beta: 1.030608892440796                     MemKD: 0.0
2026-02-07 01:35:43,399 - INFO - Epoch [75] Batch [20/35]                     Loss: 0.4433, Hard: 0.4438, Soft: -0.0005                     Acc: 89.29% LR: 0.000079                     Alpha: 0.5744425058364868                     Beta: 1.0321255922317505                     MemKD: 0.0
2026-02-07 01:36:20,169 - INFO - Epoch [75/100] Train Loss: 0.2719, Train Acc: 90.18%, Val Loss: 0.4023, Val Acc: 84.44%
2026-02-07 01:36:43,979 - INFO - Epoch [76] Batch [0/35]                     Loss: 0.1804, Hard: 0.1783, Soft: 0.0021                     Acc: 93.75% LR: 0.000073                     Alpha: 0.5744425058364868                     Beta: 1.0332732200622559                     MemKD: 0.0
2026-02-07 01:36:58,868 - INFO - Epoch [76] Batch [20/35]                     Loss: 0.2000, Hard: 0.1999, Soft: 0.0001                     Acc: 89.29% LR: 0.000073                     Alpha: 0.5744425058364868                     Beta: 1.0346041917800903                     MemKD: 0.0
2026-02-07 01:37:34,879 - INFO - Epoch [76/100] Train Loss: 0.3143, Train Acc: 88.57%, Val Loss: 0.4259, Val Acc: 84.57%
2026-02-07 01:37:58,058 - INFO - Epoch [77] Batch [0/35]                     Loss: 0.3411, Hard: 0.3387, Soft: 0.0024                     Acc: 87.50% LR: 0.000068                     Alpha: 0.5744425058364868                     Beta: 1.0356018543243408                     MemKD: 0.0
2026-02-07 01:38:12,264 - INFO - Epoch [77] Batch [20/35]                     Loss: 0.4348, Hard: 0.4361, Soft: -0.0013                     Acc: 85.12% LR: 0.000068                     Alpha: 0.5744425058364868                     Beta: 1.0369874238967896                     MemKD: 0.0
2026-02-07 01:38:50,117 - INFO - Epoch [77/100] Train Loss: 0.3663, Train Acc: 86.25%, Val Loss: 0.4353, Val Acc: 82.71%
2026-02-07 01:39:13,339 - INFO - Epoch [78] Batch [0/35]                     Loss: 0.2751, Hard: 0.2744, Soft: 0.0007                     Acc: 87.50% LR: 0.000062                     Alpha: 0.5744425058364868                     Beta: 1.0380290746688843                     MemKD: 0.0
2026-02-07 01:39:22,761 - INFO - Epoch [78] Batch [20/35]                     Loss: 0.5737, Hard: 0.5744, Soft: -0.0007                     Acc: 86.61% LR: 0.000062                     Alpha: 0.5744425058364868                     Beta: 1.0393537282943726                     MemKD: 0.0
2026-02-07 01:39:55,249 - INFO - Epoch [78/100] Train Loss: 0.2965, Train Acc: 88.57%, Val Loss: 0.3881, Val Acc: 85.77%
2026-02-07 01:40:18,548 - INFO - Epoch [79] Batch [0/35]                     Loss: 0.4261, Hard: 0.4261, Soft: 0.0000                     Acc: 75.00% LR: 0.000057                     Alpha: 0.5744425058364868                     Beta: 1.0403172969818115                     MemKD: 0.0
2026-02-07 01:40:33,100 - INFO - Epoch [79] Batch [20/35]                     Loss: 0.2428, Hard: 0.2413, Soft: 0.0015                     Acc: 86.90% LR: 0.000057                     Alpha: 0.5744425058364868                     Beta: 1.0414881706237793                     MemKD: 0.0
2026-02-07 01:41:09,712 - INFO - Epoch [79/100] Train Loss: 0.3167, Train Acc: 87.32%, Val Loss: 0.4189, Val Acc: 84.44%
2026-02-07 01:41:32,464 - INFO - Epoch [80] Batch [0/35]                     Loss: 0.3136, Hard: 0.3114, Soft: 0.0022                     Acc: 87.50% LR: 0.000052                     Alpha: 0.5744425058364868                     Beta: 1.0423623323440552                     MemKD: 0.0
2026-02-07 01:41:47,179 - INFO - Epoch [80] Batch [20/35]                     Loss: 0.5758, Hard: 0.5763, Soft: -0.0005                     Acc: 87.50% LR: 0.000052                     Alpha: 0.5744425058364868                     Beta: 1.043532371520996                     MemKD: 0.0
2026-02-07 01:42:24,290 - INFO - Epoch [80/100] Train Loss: 0.3647, Train Acc: 88.57%, Val Loss: 0.4099, Val Acc: 84.84%
2026-02-07 01:42:24,345 - INFO - Checkpoint saved at epoch 80
2026-02-07 01:42:47,412 - INFO - Epoch [81] Batch [0/35]                     Loss: 0.2230, Hard: 0.2227, Soft: 0.0004                     Acc: 93.75% LR: 0.000048                     Alpha: 0.5744425058364868                     Beta: 1.0443761348724365                     MemKD: 0.0
2026-02-07 01:43:02,154 - INFO - Epoch [81] Batch [20/35]                     Loss: 0.2019, Hard: 0.1993, Soft: 0.0026                     Acc: 86.01% LR: 0.000048                     Alpha: 0.5744425058364868                     Beta: 1.0453870296478271                     MemKD: 0.0
2026-02-07 01:43:38,872 - INFO - Epoch [81/100] Train Loss: 0.3454, Train Acc: 86.96%, Val Loss: 0.3576, Val Acc: 86.57%
2026-02-07 01:43:38,872 - INFO - Best model saved with accuracy: 86.57%
2026-02-07 01:44:03,070 - INFO - Epoch [82] Batch [0/35]                     Loss: 0.2650, Hard: 0.2653, Soft: -0.0003                     Acc: 87.50% LR: 0.000043                     Alpha: 0.5744425058364868                     Beta: 1.0461204051971436                     MemKD: 0.0
2026-02-07 01:44:18,085 - INFO - Epoch [82] Batch [20/35]                     Loss: 0.3376, Hard: 0.3374, Soft: 0.0002                     Acc: 88.99% LR: 0.000043                     Alpha: 0.5744425058364868                     Beta: 1.0469825267791748                     MemKD: 0.0
2026-02-07 01:44:54,396 - INFO - Epoch [82/100] Train Loss: 0.3345, Train Acc: 87.50%, Val Loss: 0.3696, Val Acc: 86.04%
2026-02-07 01:45:17,517 - INFO - Epoch [83] Batch [0/35]                     Loss: 0.3963, Hard: 0.3964, Soft: -0.0001                     Acc: 81.25% LR: 0.000039                     Alpha: 0.5744425058364868                     Beta: 1.0476514101028442                     MemKD: 0.0
2026-02-07 01:45:32,204 - INFO - Epoch [83] Batch [20/35]                     Loss: 0.1558, Hard: 0.1538, Soft: 0.0020                     Acc: 89.29% LR: 0.000039                     Alpha: 0.5744425058364868                     Beta: 1.048431634902954                     MemKD: 0.0
2026-02-07 01:46:09,249 - INFO - Epoch [83/100] Train Loss: 0.2887, Train Acc: 89.82%, Val Loss: 0.3604, Val Acc: 85.77%
2026-02-07 01:46:31,961 - INFO - Epoch [84] Batch [0/35]                     Loss: 0.2052, Hard: 0.2058, Soft: -0.0007                     Acc: 93.75% LR: 0.000035                     Alpha: 0.5744425058364868                     Beta: 1.0490039587020874                     MemKD: 0.0
2026-02-07 01:46:46,754 - INFO - Epoch [84] Batch [20/35]                     Loss: 0.3463, Hard: 0.3481, Soft: -0.0018                     Acc: 88.69% LR: 0.000035                     Alpha: 0.5744425058364868                     Beta: 1.0497026443481445                     MemKD: 0.0
2026-02-07 01:47:23,241 - INFO - Epoch [84/100] Train Loss: 0.3319, Train Acc: 87.32%, Val Loss: 0.4091, Val Acc: 84.71%
2026-02-07 01:47:46,098 - INFO - Epoch [85] Batch [0/35]                     Loss: 0.2184, Hard: 0.2170, Soft: 0.0015                     Acc: 87.50% LR: 0.000031                     Alpha: 0.5744425058364868                     Beta: 1.0502853393554688                     MemKD: 0.0
2026-02-07 01:47:57,003 - INFO - Epoch [85] Batch [20/35]                     Loss: 0.3314, Hard: 0.3329, Soft: -0.0015                     Acc: 89.88% LR: 0.000031                     Alpha: 0.5744425058364868                     Beta: 1.050912857055664                     MemKD: 0.0
2026-02-07 01:48:27,623 - INFO - Epoch [85/100] Train Loss: 0.3378, Train Acc: 89.29%, Val Loss: 0.3726, Val Acc: 85.51%
2026-02-07 01:48:48,984 - INFO - Epoch [86] Batch [0/35]                     Loss: 0.3381, Hard: 0.3392, Soft: -0.0011                     Acc: 81.25% LR: 0.000027                     Alpha: 0.5744425058364868                     Beta: 1.0513825416564941                     MemKD: 0.0
2026-02-07 01:48:56,620 - INFO - Epoch [86] Batch [20/35]                     Loss: 0.2686, Hard: 0.2696, Soft: -0.0010                     Acc: 88.99% LR: 0.000027                     Alpha: 0.5744425058364868                     Beta: 1.0519053936004639                     MemKD: 0.0
2026-02-07 01:49:26,669 - INFO - Epoch [86/100] Train Loss: 0.3155, Train Acc: 88.04%, Val Loss: 0.3719, Val Acc: 85.37%
2026-02-07 01:49:48,619 - INFO - Epoch [87] Batch [0/35]                     Loss: 0.1346, Hard: 0.1338, Soft: 0.0008                     Acc: 100.00% LR: 0.000024                     Alpha: 0.5744425058364868                     Beta: 1.0523370504379272                     MemKD: 0.0
2026-02-07 01:49:56,278 - INFO - Epoch [87] Batch [20/35]                     Loss: 0.1673, Hard: 0.1671, Soft: 0.0002                     Acc: 87.20% LR: 0.000024                     Alpha: 0.5744425058364868                     Beta: 1.0528210401535034                     MemKD: 0.0
2026-02-07 01:50:25,930 - INFO - Epoch [87/100] Train Loss: 0.3265, Train Acc: 88.39%, Val Loss: 0.3886, Val Acc: 83.64%
2026-02-07 01:50:47,965 - INFO - Epoch [88] Batch [0/35]                     Loss: 0.4201, Hard: 0.4231, Soft: -0.0029                     Acc: 87.50% LR: 0.000021                     Alpha: 0.5744425058364868                     Beta: 1.0531858205795288                     MemKD: 0.0
2026-02-07 01:50:55,635 - INFO - Epoch [88] Batch [20/35]                     Loss: 0.5327, Hard: 0.5349, Soft: -0.0022                     Acc: 89.29% LR: 0.000021                     Alpha: 0.5744425058364868                     Beta: 1.0535709857940674                     MemKD: 0.0
2026-02-07 01:51:25,614 - INFO - Epoch [88/100] Train Loss: 0.2733, Train Acc: 90.36%, Val Loss: 0.3677, Val Acc: 85.24%
2026-02-07 01:51:48,521 - INFO - Epoch [89] Batch [0/35]                     Loss: 0.1813, Hard: 0.1812, Soft: 0.0002                     Acc: 93.75% LR: 0.000018                     Alpha: 0.5744425058364868                     Beta: 1.0538300275802612                     MemKD: 0.0
2026-02-07 01:51:56,310 - INFO - Epoch [89] Batch [20/35]                     Loss: 0.2161, Hard: 0.2158, Soft: 0.0003                     Acc: 90.48% LR: 0.000018                     Alpha: 0.5744425058364868                     Beta: 1.0541540384292603                     MemKD: 0.0
2026-02-07 01:52:24,695 - INFO - Epoch [89/100] Train Loss: 0.3107, Train Acc: 89.82%, Val Loss: 0.3673, Val Acc: 84.44%
2026-02-07 01:52:46,074 - INFO - Epoch [90] Batch [0/35]                     Loss: 0.2041, Hard: 0.2045, Soft: -0.0004                     Acc: 93.75% LR: 0.000015                     Alpha: 0.5744425058364868                     Beta: 1.0543962717056274                     MemKD: 0.0
2026-02-07 01:52:53,765 - INFO - Epoch [90] Batch [20/35]                     Loss: 0.2368, Hard: 0.2374, Soft: -0.0007                     Acc: 88.39% LR: 0.000015                     Alpha: 0.5744425058364868                     Beta: 1.0546826124191284                     MemKD: 0.0
2026-02-07 01:53:25,130 - INFO - Epoch [90/100] Train Loss: 0.3095, Train Acc: 87.86%, Val Loss: 0.3739, Val Acc: 85.11%
2026-02-07 01:53:25,185 - INFO - Checkpoint saved at epoch 90
2026-02-07 01:53:48,105 - INFO - Epoch [91] Batch [0/35]                     Loss: 0.2613, Hard: 0.2609, Soft: 0.0004                     Acc: 81.25% LR: 0.000012                     Alpha: 0.5744425058364868                     Beta: 1.0548964738845825                     MemKD: 0.0
2026-02-07 01:54:02,566 - INFO - Epoch [91] Batch [20/35]                     Loss: 0.2754, Hard: 0.2747, Soft: 0.0007                     Acc: 87.80% LR: 0.000012                     Alpha: 0.5744425058364868                     Beta: 1.055130124092102                     MemKD: 0.0
2026-02-07 01:54:38,736 - INFO - Epoch [91/100] Train Loss: 0.2569, Train Acc: 89.46%, Val Loss: 0.3676, Val Acc: 85.64%
2026-02-07 01:55:01,824 - INFO - Epoch [92] Batch [0/35]                     Loss: 0.1258, Hard: 0.1242, Soft: 0.0016                     Acc: 100.00% LR: 0.000010                     Alpha: 0.5744425058364868                     Beta: 1.0552901029586792                     MemKD: 0.0
2026-02-07 01:55:16,350 - INFO - Epoch [92] Batch [20/35]                     Loss: 0.3606, Hard: 0.3635, Soft: -0.0029                     Acc: 88.99% LR: 0.000010                     Alpha: 0.5744425058364868                     Beta: 1.055459976196289                     MemKD: 0.0
2026-02-07 01:55:53,351 - INFO - Epoch [92/100] Train Loss: 0.2776, Train Acc: 89.82%, Val Loss: 0.3913, Val Acc: 84.44%
2026-02-07 01:56:15,231 - INFO - Epoch [93] Batch [0/35]                     Loss: 0.1190, Hard: 0.1177, Soft: 0.0012                     Acc: 100.00% LR: 0.000008                     Alpha: 0.5744425058364868                     Beta: 1.055594801902771                     MemKD: 0.0
2026-02-07 01:56:30,125 - INFO - Epoch [93] Batch [20/35]                     Loss: 0.3683, Hard: 0.3709, Soft: -0.0025                     Acc: 89.88% LR: 0.000008                     Alpha: 0.5744425058364868                     Beta: 1.0557360649108887                     MemKD: 0.0
2026-02-07 01:57:05,769 - INFO - Epoch [93/100] Train Loss: 0.2900, Train Acc: 88.93%, Val Loss: 0.3611, Val Acc: 86.44%
2026-02-07 01:57:28,726 - INFO - Epoch [94] Batch [0/35]                     Loss: 0.5427, Hard: 0.5469, Soft: -0.0042                     Acc: 81.25% LR: 0.000006                     Alpha: 0.5744425058364868                     Beta: 1.0558515787124634                     MemKD: 0.0
2026-02-07 01:57:43,575 - INFO - Epoch [94] Batch [20/35]                     Loss: 0.2276, Hard: 0.2279, Soft: -0.0002                     Acc: 88.39% LR: 0.000006                     Alpha: 0.5744425058364868                     Beta: 1.05596923828125                     MemKD: 0.0
2026-02-07 01:58:20,799 - INFO - Epoch [94/100] Train Loss: 0.2824, Train Acc: 89.29%, Val Loss: 0.3605, Val Acc: 85.64%
2026-02-07 01:58:43,875 - INFO - Epoch [95] Batch [0/35]                     Loss: 0.5519, Hard: 0.5564, Soft: -0.0046                     Acc: 75.00% LR: 0.000004                     Alpha: 0.5744425058364868                     Beta: 1.0560505390167236                     MemKD: 0.0
2026-02-07 01:58:58,579 - INFO - Epoch [95] Batch [20/35]                     Loss: 0.4473, Hard: 0.4491, Soft: -0.0018                     Acc: 88.99% LR: 0.000004                     Alpha: 0.5744425058364868                     Beta: 1.0561368465423584                     MemKD: 0.0
2026-02-07 01:59:35,432 - INFO - Epoch [95/100] Train Loss: 0.2888, Train Acc: 90.00%, Val Loss: 0.3660, Val Acc: 85.24%
2026-02-07 01:59:59,485 - INFO - Epoch [96] Batch [0/35]                     Loss: 0.2454, Hard: 0.2454, Soft: 0.0001                     Acc: 87.50% LR: 0.000003                     Alpha: 0.5744425058364868                     Beta: 1.0561975240707397                     MemKD: 0.0
2026-02-07 02:00:14,595 - INFO - Epoch [96] Batch [20/35]                     Loss: 0.1045, Hard: 0.1037, Soft: 0.0008                     Acc: 89.88% LR: 0.000003                     Alpha: 0.5744425058364868                     Beta: 1.0562559366226196                     MemKD: 0.0
2026-02-07 02:00:50,951 - INFO - Epoch [96/100] Train Loss: 0.2868, Train Acc: 90.36%, Val Loss: 0.3767, Val Acc: 86.17%
2026-02-07 02:01:14,928 - INFO - Epoch [97] Batch [0/35]                     Loss: 0.2867, Hard: 0.2871, Soft: -0.0004                     Acc: 87.50% LR: 0.000002                     Alpha: 0.5744425058364868                     Beta: 1.0562994480133057                     MemKD: 0.0
2026-02-07 02:01:29,514 - INFO - Epoch [97] Batch [20/35]                     Loss: 0.4995, Hard: 0.5025, Soft: -0.0029                     Acc: 87.50% LR: 0.000002                     Alpha: 0.5744425058364868                     Beta: 1.05633544921875                     MemKD: 0.0
2026-02-07 02:02:06,002 - INFO - Epoch [97/100] Train Loss: 0.3205, Train Acc: 88.04%, Val Loss: 0.3673, Val Acc: 85.90%
2026-02-07 02:02:29,468 - INFO - Epoch [98] Batch [0/35]                     Loss: 0.2759, Hard: 0.2772, Soft: -0.0013                     Acc: 87.50% LR: 0.000001                     Alpha: 0.5744425058364868                     Beta: 1.0563632249832153                     MemKD: 0.0
2026-02-07 02:02:43,919 - INFO - Epoch [98] Batch [20/35]                     Loss: 0.2355, Hard: 0.2373, Soft: -0.0018                     Acc: 91.07% LR: 0.000001                     Alpha: 0.5744425058364868                     Beta: 1.0563825368881226                     MemKD: 0.0
2026-02-07 02:03:21,141 - INFO - Epoch [98/100] Train Loss: 0.2861, Train Acc: 89.64%, Val Loss: 0.3611, Val Acc: 86.57%
2026-02-07 02:03:44,944 - INFO - Epoch [99] Batch [0/35]                     Loss: 0.1358, Hard: 0.1359, Soft: -0.0001                     Acc: 100.00% LR: 0.000000                     Alpha: 0.5744425058364868                     Beta: 1.056398630142212                     MemKD: 0.0
2026-02-07 02:03:59,695 - INFO - Epoch [99] Batch [20/35]                     Loss: 0.2784, Hard: 0.2775, Soft: 0.0009                     Acc: 89.88% LR: 0.000000                     Alpha: 0.5744425058364868                     Beta: 1.056408166885376                     MemKD: 0.0
2026-02-07 02:04:36,276 - INFO - Epoch [99/100] Train Loss: 0.2957, Train Acc: 89.64%, Val Loss: 0.3705, Val Acc: 86.17%
2026-02-07 02:05:00,080 - INFO - Epoch [100] Batch [0/35]                     Loss: 0.3173, Hard: 0.3184, Soft: -0.0011                     Acc: 81.25% LR: 0.000000                     Alpha: 0.5744425058364868                     Beta: 1.056415319442749                     MemKD: 0.0
2026-02-07 02:05:14,643 - INFO - Epoch [100] Batch [20/35]                     Loss: 0.3323, Hard: 0.3331, Soft: -0.0008                     Acc: 88.99% LR: 0.000000                     Alpha: 0.5744425058364868                     Beta: 1.05641770362854                     MemKD: 0.0
2026-02-07 02:05:51,488 - INFO - Epoch [100/100] Train Loss: 0.2953, Train Acc: 88.93%, Val Loss: 0.3665, Val Acc: 86.17%
2026-02-07 02:05:51,527 - INFO - Checkpoint saved at epoch 100
2026-02-07 02:05:51,527 - INFO - ==================================================
2026-02-07 02:05:51,527 - INFO - Training finished! Best accuracy: 86.57%
2026-02-07 02:05:51,527 - INFO - ==================================================
