2026-01-27 01:20:01,716 - INFO - ==================================================
2026-01-27 01:20:01,716 - INFO - Training Configuration
2026-01-27 01:20:01,716 - INFO - ==================================================
2026-01-27 01:20:01,716 - INFO - GPUs: [4, 5, 6, 7]
2026-01-27 01:20:01,716 - INFO - World size: 4
2026-01-27 01:20:01,716 - INFO - Dataset: /media/hdd1/chuxiaohui/AI4Ocean_UATR/DeepShip_622
2026-01-27 01:20:01,716 - INFO - Data type: wav
2026-01-27 01:20:01,716 - INFO - Batch size: 32
2026-01-27 01:20:01,716 - INFO - Epochs: 100
2026-01-27 01:20:01,716 - INFO - Learning rate: 0.001
2026-01-27 01:20:01,716 - INFO - Weight decay: 0.0001
2026-01-27 01:20:01,716 - INFO - Save dir: /media/hdd1/fubohan/Code/UATR/checkpoints/DeepShip/LNN_60epoch_Cos
2026-01-27 01:20:01,716 - INFO - ==================================================
2026-01-27 01:20:02,090 - INFO - Train dataset size: 31892
2026-01-27 01:20:02,090 - INFO - Validation dataset size: 10631
2026-01-27 01:20:02,978 - INFO - Total parameters: 0.32M
2026-01-27 01:20:02,979 - INFO - Trainable parameters: 0.27M
2026-01-27 01:20:02,979 - INFO - Start training...
2026-01-27 01:20:19,328 - INFO - Epoch [1/100] Batch [0/249] Loss: 1.3933 Acc: 28.12% LR: 0.001000
2026-01-27 01:20:20,764 - INFO - Epoch [1/100] Batch [10/249] Loss: 1.2279 Acc: 38.64% LR: 0.001000
2026-01-27 01:20:22,262 - INFO - Epoch [1/100] Batch [20/249] Loss: 1.2760 Acc: 44.35% LR: 0.001000
2026-01-27 01:20:23,652 - INFO - Epoch [1/100] Batch [30/249] Loss: 1.0839 Acc: 46.07% LR: 0.001000
2026-01-27 01:20:25,025 - INFO - Epoch [1/100] Batch [40/249] Loss: 1.0530 Acc: 47.03% LR: 0.001000
2026-01-27 01:20:26,420 - INFO - Epoch [1/100] Batch [50/249] Loss: 1.0760 Acc: 48.71% LR: 0.001000
2026-01-27 01:20:27,781 - INFO - Epoch [1/100] Batch [60/249] Loss: 1.1755 Acc: 49.49% LR: 0.001000
2026-01-27 01:20:29,270 - INFO - Epoch [1/100] Batch [70/249] Loss: 1.0483 Acc: 49.87% LR: 0.001000
2026-01-27 01:20:30,703 - INFO - Epoch [1/100] Batch [80/249] Loss: 1.0522 Acc: 50.27% LR: 0.001000
2026-01-27 01:20:32,244 - INFO - Epoch [1/100] Batch [90/249] Loss: 0.8459 Acc: 51.03% LR: 0.001000
2026-01-27 01:20:33,742 - INFO - Epoch [1/100] Batch [100/249] Loss: 0.8914 Acc: 51.08% LR: 0.001000
2026-01-27 01:20:35,248 - INFO - Epoch [1/100] Batch [110/249] Loss: 1.0722 Acc: 51.80% LR: 0.001000
2026-01-27 01:20:36,660 - INFO - Epoch [1/100] Batch [120/249] Loss: 0.9373 Acc: 51.94% LR: 0.001000
2026-01-27 01:20:38,157 - INFO - Epoch [1/100] Batch [130/249] Loss: 1.0406 Acc: 51.98% LR: 0.001000
2026-01-27 01:20:39,590 - INFO - Epoch [1/100] Batch [140/249] Loss: 1.0167 Acc: 52.22% LR: 0.001000
2026-01-27 01:20:40,980 - INFO - Epoch [1/100] Batch [150/249] Loss: 1.0358 Acc: 52.79% LR: 0.001000
2026-01-27 01:20:42,409 - INFO - Epoch [1/100] Batch [160/249] Loss: 0.8608 Acc: 53.28% LR: 0.001000
2026-01-27 01:20:43,814 - INFO - Epoch [1/100] Batch [170/249] Loss: 1.0473 Acc: 53.40% LR: 0.001000
2026-01-27 01:20:45,187 - INFO - Epoch [1/100] Batch [180/249] Loss: 0.8633 Acc: 53.68% LR: 0.001000
2026-01-27 01:20:46,551 - INFO - Epoch [1/100] Batch [190/249] Loss: 0.7495 Acc: 53.96% LR: 0.001000
2026-01-27 01:20:47,983 - INFO - Epoch [1/100] Batch [200/249] Loss: 0.7411 Acc: 54.21% LR: 0.001000
2026-01-27 01:20:49,354 - INFO - Epoch [1/100] Batch [210/249] Loss: 0.9063 Acc: 54.46% LR: 0.001000
2026-01-27 01:20:50,664 - INFO - Epoch [1/100] Batch [220/249] Loss: 0.9235 Acc: 54.65% LR: 0.001000
2026-01-27 01:20:52,082 - INFO - Epoch [1/100] Batch [230/249] Loss: 0.7344 Acc: 54.98% LR: 0.001000
2026-01-27 01:20:53,439 - INFO - Epoch [1/100] Batch [240/249] Loss: 0.9997 Acc: 55.20% LR: 0.001000
