2026-02-07 18:53:54,842 - INFO - ==================================================
2026-02-07 18:53:54,843 - INFO - Distillation Training Configuration
2026-02-07 18:53:54,843 - INFO - ==================================================
2026-02-07 18:53:54,843 - INFO - GPUs: [4, 5, 6, 7]
2026-02-07 18:53:54,843 - INFO - World size: 4
2026-02-07 18:53:54,843 - INFO - Dataset: /media/hdd1/chuxiaohui/AI4Ocean_UATR/ShipsEar_622
2026-02-07 18:53:54,843 - INFO - Data type: wav_s@wav_t
2026-02-07 18:53:54,843 - INFO - Batch size: 16
2026-02-07 18:53:54,843 - INFO - Epochs: 100
2026-02-07 18:53:54,843 - INFO - Learning rate: 0.0005
2026-02-07 18:53:54,843 - INFO - Temperature: 2.0
2026-02-07 18:53:54,843 - INFO - Alpha: 0.3
2026-02-07 18:53:54,843 - INFO - Save dir: checkpoints/grid_shipsear/num_epochs100_weight_decay0.0001_batch_size16_lr0.0005_distill_typeMemKD_freezeTrue_USE_DYNAMIC_DISTILL_WEIGHTTrue_p_encoder0.3_p_classifier0.3
2026-02-07 18:53:54,843 - INFO - ==================================================
2026-02-07 18:53:54,874 - INFO - Train dataset size: 2240
2026-02-07 18:53:54,874 - INFO - Validation dataset size: 749
2026-02-07 18:53:56,474 - INFO - Student params: 316,299 (0.32M)
2026-02-07 18:53:56,475 - INFO - Teacher params: 164,415,877 (164.42M)
2026-02-07 18:53:56,475 - INFO - Trainable params: 271,372 (0.27M)
2026-02-07 18:53:57,486 - INFO - Start training...
2026-02-07 18:53:57,487 - INFO - No checkpoint found, start from scratch
