2026-02-17 19:53:11,807 - INFO - ==================================================
2026-02-17 19:53:11,808 - INFO - Distillation Training Configuration
2026-02-17 19:53:11,808 - INFO - ==================================================
2026-02-17 19:53:11,808 - INFO - GPUs: [0, 1, 2, 3, 4, 5, 6, 7]
2026-02-17 19:53:11,808 - INFO - World size: 8
2026-02-17 19:53:11,808 - INFO - Dataset: /media/hdd1/chuxiaohui/AI4Ocean_UATR/ShipsEar_622
2026-02-17 19:53:11,808 - INFO - Data type: wav_s@wav_t
2026-02-17 19:53:11,808 - INFO - Batch size: 16
2026-02-17 19:53:11,808 - INFO - Epochs: 200
2026-02-17 19:53:11,808 - INFO - Learning rate: 0.0005
2026-02-17 19:53:11,808 - INFO - Temperature: 2.0
2026-02-17 19:53:11,808 - INFO - Alpha: 0.3
2026-02-17 19:53:11,808 - INFO - Save dir: checkpoints/grid_shipsear_v2/num_epochs200_weight_decay0.0001_batch_size16_lr0.0005_distill_typeMTSKD_Temp_freezeTrue_USE_DYNAMIC_DISTILL_WEIGHTFalse_p_encoder0.345_p_classifier0.255
2026-02-17 19:53:11,808 - INFO - ==================================================
2026-02-17 19:53:11,840 - INFO - Train dataset size: 2240
2026-02-17 19:53:11,840 - INFO - Validation dataset size: 749
2026-02-17 19:53:15,407 - INFO - Student params: 316,299 (0.32M)
2026-02-17 19:53:15,408 - INFO - Teacher params: 164,415,877 (164.42M)
2026-02-17 19:53:15,408 - INFO - Trainable params: 271,372 (0.27M)
2026-02-17 19:53:16,163 - INFO - Start training...
2026-02-17 19:53:16,164 - INFO - No checkpoint found, start from scratch
2026-02-17 19:53:40,038 - INFO - Epoch [1] Batch [0/17]                     Loss: 2.4047, Hard: 1.8278, Soft: 0.5769                     Acc: 12.50% LR: 0.000500                     Alpha: 0.5744425058364868                     Beta: 0.0                     MemKD: 0.5
2026-02-17 19:54:08,374 - INFO - Epoch [1/200] Train Loss: 1.7767, Train Acc: 41.54%, Val Loss: 1.5210, Val Acc: 37.63%
2026-02-17 19:54:08,374 - INFO - Best model saved with accuracy: 37.63%
2026-02-17 19:54:30,843 - INFO - Epoch [2] Batch [0/17]                     Loss: 1.5971, Hard: 1.3178, Soft: 0.2792                     Acc: 43.75% LR: 0.000500                     Alpha: 0.5744425058364868                     Beta: -0.005991332698613405                     MemKD: 0.501959502696991
2026-02-17 19:55:00,407 - INFO - Epoch [2/200] Train Loss: 1.5034, Train Acc: 48.16%, Val Loss: 1.3047, Val Acc: 45.35%
2026-02-17 19:55:00,407 - INFO - Best model saved with accuracy: 45.35%
2026-02-17 19:55:24,554 - INFO - Epoch [3] Batch [0/17]                     Loss: 1.3371, Hard: 1.1516, Soft: 0.1854                     Acc: 50.00% LR: 0.000500                     Alpha: 0.5744425058364868                     Beta: -0.014514326117932796                     MemKD: 0.5036226511001587
2026-02-17 19:55:52,749 - INFO - Epoch [3/200] Train Loss: 1.5256, Train Acc: 40.44%, Val Loss: 1.2314, Val Acc: 49.07%
2026-02-17 19:55:52,750 - INFO - Best model saved with accuracy: 49.07%
2026-02-17 19:56:15,316 - INFO - Epoch [4] Batch [0/17]                     Loss: 1.4983, Hard: 1.2777, Soft: 0.2206                     Acc: 25.00% LR: 0.000500                     Alpha: 0.5744425058364868                     Beta: -0.022914383560419083                     MemKD: 0.5053683519363403
2026-02-17 19:56:45,040 - INFO - Epoch [4/200] Train Loss: 1.4033, Train Acc: 47.79%, Val Loss: 1.1073, Val Acc: 55.85%
2026-02-17 19:56:45,041 - INFO - Best model saved with accuracy: 55.85%
2026-02-17 19:57:07,537 - INFO - Epoch [5] Batch [0/17]                     Loss: 1.3501, Hard: 1.1608, Soft: 0.1893                     Acc: 62.50% LR: 0.000500                     Alpha: 0.5744425058364868                     Beta: -0.031623102724552155                     MemKD: 0.5070036053657532
2026-02-17 19:57:36,107 - INFO - Epoch [5/200] Train Loss: 1.3141, Train Acc: 52.21%, Val Loss: 1.1072, Val Acc: 54.26%
2026-02-17 19:57:59,381 - INFO - Epoch [6] Batch [0/17]                     Loss: 1.2264, Hard: 1.0736, Soft: 0.1528                     Acc: 62.50% LR: 0.000499                     Alpha: 0.5744425058364868                     Beta: -0.04127264395356178                     MemKD: 0.5085441470146179
2026-02-17 19:58:29,306 - INFO - Epoch [6/200] Train Loss: 1.2766, Train Acc: 55.88%, Val Loss: 0.9925, Val Acc: 60.37%
2026-02-17 19:58:29,306 - INFO - Best model saved with accuracy: 60.37%
2026-02-17 19:58:51,726 - INFO - Epoch [7] Batch [0/17]                     Loss: 1.4045, Hard: 1.2279, Soft: 0.1766                     Acc: 50.00% LR: 0.000499                     Alpha: 0.5744425058364868                     Beta: -0.05111683905124664                     MemKD: 0.5099873542785645
2026-02-17 19:59:19,230 - INFO - Epoch [7/200] Train Loss: 1.2567, Train Acc: 54.78%, Val Loss: 1.0799, Val Acc: 56.12%
2026-02-17 19:59:42,209 - INFO - Epoch [8] Batch [0/17]                     Loss: 1.2308, Hard: 1.0736, Soft: 0.1573                     Acc: 62.50% LR: 0.000498                     Alpha: 0.5744425058364868                     Beta: -0.06029600277543068                     MemKD: 0.5114315152168274
2026-02-17 20:00:10,580 - INFO - Epoch [8/200] Train Loss: 1.2789, Train Acc: 54.78%, Val Loss: 0.9535, Val Acc: 61.30%
2026-02-17 20:00:10,580 - INFO - Best model saved with accuracy: 61.30%
2026-02-17 20:00:33,308 - INFO - Epoch [9] Batch [0/17]                     Loss: 1.0609, Hard: 0.9371, Soft: 0.1238                     Acc: 68.75% LR: 0.000498                     Alpha: 0.5744425058364868                     Beta: -0.06935988366603851                     MemKD: 0.5129726529121399
2026-02-17 20:01:02,936 - INFO - Epoch [9/200] Train Loss: 1.2498, Train Acc: 56.99%, Val Loss: 0.9452, Val Acc: 62.23%
2026-02-17 20:01:02,937 - INFO - Best model saved with accuracy: 62.23%
2026-02-17 20:01:27,393 - INFO - Epoch [10] Batch [0/17]                     Loss: 1.3298, Hard: 1.1269, Soft: 0.2029                     Acc: 68.75% LR: 0.000498                     Alpha: 0.5744425058364868                     Beta: -0.07898183166980743                     MemKD: 0.5143964886665344
2026-02-17 20:01:57,692 - INFO - Epoch [10/200] Train Loss: 1.0916, Train Acc: 61.40%, Val Loss: 0.8500, Val Acc: 66.49%
2026-02-17 20:01:57,692 - INFO - Best model saved with accuracy: 66.49%
2026-02-17 20:01:57,736 - INFO - Checkpoint saved at epoch 10
2026-02-17 20:02:20,525 - INFO - Epoch [11] Batch [0/17]                     Loss: 0.6981, Hard: 0.6442, Soft: 0.0539                     Acc: 75.00% LR: 0.000497                     Alpha: 0.5744425058364868                     Beta: -0.08958382159471512                     MemKD: 0.5156770944595337
2026-02-17 20:02:51,283 - INFO - Epoch [11/200] Train Loss: 1.0475, Train Acc: 62.13%, Val Loss: 0.8809, Val Acc: 66.49%
2026-02-17 20:03:15,143 - INFO - Epoch [12] Batch [0/17]                     Loss: 0.9644, Hard: 0.8673, Soft: 0.0971                     Acc: 62.50% LR: 0.000496                     Alpha: 0.5744425058364868                     Beta: -0.10096046328544617                     MemKD: 0.5166773200035095
2026-02-17 20:03:44,928 - INFO - Epoch [12/200] Train Loss: 0.9848, Train Acc: 67.28%, Val Loss: 0.8931, Val Acc: 65.82%
2026-02-17 20:04:08,122 - INFO - Epoch [13] Batch [0/17]                     Loss: 1.1140, Hard: 1.0109, Soft: 0.1031                     Acc: 56.25% LR: 0.000496                     Alpha: 0.5744425058364868                     Beta: -0.11220166832208633                     MemKD: 0.5175637006759644
2026-02-17 20:04:39,665 - INFO - Epoch [13/200] Train Loss: 1.1103, Train Acc: 62.13%, Val Loss: 0.8266, Val Acc: 68.09%
2026-02-17 20:04:39,665 - INFO - Best model saved with accuracy: 68.09%
2026-02-17 20:05:03,856 - INFO - Epoch [14] Batch [0/17]                     Loss: 0.6707, Hard: 0.6374, Soft: 0.0332                     Acc: 87.50% LR: 0.000495                     Alpha: 0.5744425058364868                     Beta: -0.12339170277118683                     MemKD: 0.5185872912406921
2026-02-17 20:05:33,409 - INFO - Epoch [14/200] Train Loss: 1.1069, Train Acc: 64.34%, Val Loss: 0.8165, Val Acc: 69.95%
2026-02-17 20:05:33,409 - INFO - Best model saved with accuracy: 69.95%
2026-02-17 20:05:56,496 - INFO - Epoch [15] Batch [0/17]                     Loss: 0.9898, Hard: 0.9306, Soft: 0.0592                     Acc: 62.50% LR: 0.000494                     Alpha: 0.5744425058364868                     Beta: -0.1343849003314972                     MemKD: 0.5195569396018982
2026-02-17 20:06:26,904 - INFO - Epoch [15/200] Train Loss: 0.9662, Train Acc: 66.18%, Val Loss: 0.9324, Val Acc: 65.56%
2026-02-17 20:06:50,725 - INFO - Epoch [16] Batch [0/17]                     Loss: 0.8069, Hard: 0.7850, Soft: 0.0218                     Acc: 75.00% LR: 0.000493                     Alpha: 0.5744425058364868                     Beta: -0.14575448632240295                     MemKD: 0.5202937126159668
2026-02-17 20:07:20,271 - INFO - Epoch [16/200] Train Loss: 0.8669, Train Acc: 68.38%, Val Loss: 0.7395, Val Acc: 73.01%
2026-02-17 20:07:20,271 - INFO - Best model saved with accuracy: 73.01%
2026-02-17 20:07:42,917 - INFO - Epoch [17] Batch [0/17]                     Loss: 0.9325, Hard: 0.8898, Soft: 0.0427                     Acc: 75.00% LR: 0.000492                     Alpha: 0.5744425058364868                     Beta: -0.15753567218780518                     MemKD: 0.5206369161605835
2026-02-17 20:08:13,717 - INFO - Epoch [17/200] Train Loss: 0.9676, Train Acc: 64.71%, Val Loss: 0.7811, Val Acc: 69.81%
2026-02-17 20:08:38,333 - INFO - Epoch [18] Batch [0/17]                     Loss: 0.7300, Hard: 0.6992, Soft: 0.0308                     Acc: 81.25% LR: 0.000491                     Alpha: 0.5744425058364868                     Beta: -0.16891807317733765                     MemKD: 0.5208789706230164
2026-02-17 20:09:08,677 - INFO - Epoch [18/200] Train Loss: 0.9481, Train Acc: 67.65%, Val Loss: 0.7344, Val Acc: 74.20%
2026-02-17 20:09:08,678 - INFO - Best model saved with accuracy: 74.20%
2026-02-17 20:09:31,538 - INFO - Epoch [19] Batch [0/17]                     Loss: 0.7241, Hard: 0.7301, Soft: -0.0060                     Acc: 68.75% LR: 0.000490                     Alpha: 0.5744425058364868                     Beta: -0.17998409271240234                     MemKD: 0.5210207104682922
2026-02-17 20:10:02,690 - INFO - Epoch [19/200] Train Loss: 0.8883, Train Acc: 68.38%, Val Loss: 0.8642, Val Acc: 67.15%
2026-02-17 20:10:26,692 - INFO - Epoch [20] Batch [0/17]                     Loss: 0.5369, Hard: 0.5764, Soft: -0.0395                     Acc: 81.25% LR: 0.000489                     Alpha: 0.5744425058364868                     Beta: -0.19071920216083527                     MemKD: 0.5211385488510132
2026-02-17 20:10:56,278 - INFO - Epoch [20/200] Train Loss: 0.8686, Train Acc: 66.91%, Val Loss: 0.7996, Val Acc: 69.41%
2026-02-17 20:10:56,325 - INFO - Checkpoint saved at epoch 20
2026-02-17 20:11:19,115 - INFO - Epoch [21] Batch [0/17]                     Loss: 1.0414, Hard: 0.9892, Soft: 0.0522                     Acc: 62.50% LR: 0.000488                     Alpha: 0.5744425058364868                     Beta: -0.20160825550556183                     MemKD: 0.5209782719612122
2026-02-17 20:11:50,068 - INFO - Epoch [21/200] Train Loss: 0.9461, Train Acc: 66.18%, Val Loss: 0.7189, Val Acc: 73.01%
2026-02-17 20:12:13,760 - INFO - Epoch [22] Batch [0/17]                     Loss: 0.7356, Hard: 0.7366, Soft: -0.0009                     Acc: 68.75% LR: 0.000487                     Alpha: 0.5744425058364868                     Beta: -0.21221280097961426                     MemKD: 0.5208080410957336
2026-02-17 20:12:41,125 - INFO - Epoch [22/200] Train Loss: 0.7978, Train Acc: 71.69%, Val Loss: 0.7469, Val Acc: 72.47%
2026-02-17 20:13:03,507 - INFO - Epoch [23] Batch [0/17]                     Loss: 0.5443, Hard: 0.5739, Soft: -0.0297                     Acc: 81.25% LR: 0.000485                     Alpha: 0.5744425058364868                     Beta: -0.2227783203125                     MemKD: 0.5203462243080139
2026-02-17 20:13:34,382 - INFO - Epoch [23/200] Train Loss: 0.7487, Train Acc: 72.79%, Val Loss: 0.7403, Val Acc: 71.54%
2026-02-17 20:13:58,260 - INFO - Epoch [24] Batch [0/17]                     Loss: 0.4138, Hard: 0.4949, Soft: -0.0811                     Acc: 87.50% LR: 0.000484                     Alpha: 0.5744425058364868                     Beta: -0.23336933553218842                     MemKD: 0.5196416974067688
2026-02-17 20:14:27,455 - INFO - Epoch [24/200] Train Loss: 0.7929, Train Acc: 68.38%, Val Loss: 0.6712, Val Acc: 75.27%
2026-02-17 20:14:27,455 - INFO - Best model saved with accuracy: 75.27%
2026-02-17 20:14:50,902 - INFO - Epoch [25] Batch [0/17]                     Loss: 0.7777, Hard: 0.7699, Soft: 0.0078                     Acc: 75.00% LR: 0.000482                     Alpha: 0.5744425058364868                     Beta: -0.2440405637025833                     MemKD: 0.5187271237373352
2026-02-17 20:15:22,062 - INFO - Epoch [25/200] Train Loss: 0.7843, Train Acc: 70.59%, Val Loss: 0.7781, Val Acc: 69.15%
2026-02-17 20:15:46,434 - INFO - Epoch [26] Batch [0/17]                     Loss: 0.7069, Hard: 0.7368, Soft: -0.0299                     Acc: 75.00% LR: 0.000481                     Alpha: 0.5744425058364868                     Beta: -0.25448647141456604                     MemKD: 0.5176201462745667
2026-02-17 20:16:17,263 - INFO - Epoch [26/200] Train Loss: 0.6832, Train Acc: 73.16%, Val Loss: 0.7341, Val Acc: 70.21%
2026-02-17 20:16:41,202 - INFO - Epoch [27] Batch [0/17]                     Loss: 0.5405, Hard: 0.6052, Soft: -0.0647                     Acc: 75.00% LR: 0.000479                     Alpha: 0.5744425058364868                     Beta: -0.26458004117012024                     MemKD: 0.5165170431137085
2026-02-17 20:17:12,649 - INFO - Epoch [27/200] Train Loss: 0.7873, Train Acc: 68.75%, Val Loss: 0.8308, Val Acc: 66.89%
2026-02-17 20:17:36,718 - INFO - Epoch [28] Batch [0/17]                     Loss: 0.8228, Hard: 0.8145, Soft: 0.0083                     Acc: 75.00% LR: 0.000478                     Alpha: 0.5744425058364868                     Beta: -0.27471885085105896                     MemKD: 0.515120267868042
2026-02-17 20:18:08,507 - INFO - Epoch [28/200] Train Loss: 0.6376, Train Acc: 72.79%, Val Loss: 0.7352, Val Acc: 71.81%
2026-02-17 20:18:32,127 - INFO - Epoch [29] Batch [0/17]                     Loss: 0.6013, Hard: 0.6713, Soft: -0.0701                     Acc: 75.00% LR: 0.000476                     Alpha: 0.5744425058364868                     Beta: -0.2849443256855011                     MemKD: 0.5134937167167664
2026-02-17 20:19:02,420 - INFO - Epoch [29/200] Train Loss: 0.7178, Train Acc: 71.69%, Val Loss: 0.7159, Val Acc: 72.21%
2026-02-17 20:19:26,492 - INFO - Epoch [30] Batch [0/17]                     Loss: 0.9619, Hard: 0.9389, Soft: 0.0231                     Acc: 62.50% LR: 0.000475                     Alpha: 0.5744425058364868                     Beta: -0.2948667109012604                     MemKD: 0.5118924379348755
2026-02-17 20:19:57,518 - INFO - Epoch [30/200] Train Loss: 0.6156, Train Acc: 72.79%, Val Loss: 0.7858, Val Acc: 73.01%
2026-02-17 20:19:57,553 - INFO - Checkpoint saved at epoch 30
2026-02-17 20:20:20,874 - INFO - Epoch [31] Batch [0/17]                     Loss: 0.8370, Hard: 0.8409, Soft: -0.0039                     Acc: 62.50% LR: 0.000473                     Alpha: 0.5744425058364868                     Beta: -0.30496060848236084                     MemKD: 0.5099830627441406
2026-02-17 20:20:51,929 - INFO - Epoch [31/200] Train Loss: 0.6748, Train Acc: 69.85%, Val Loss: 0.9773, Val Acc: 62.23%
2026-02-17 20:21:16,299 - INFO - Epoch [32] Batch [0/17]                     Loss: 0.7351, Hard: 0.7511, Soft: -0.0159                     Acc: 68.75% LR: 0.000471                     Alpha: 0.5744425058364868                     Beta: -0.31489700078964233                     MemKD: 0.5080020427703857
2026-02-17 20:21:46,760 - INFO - Epoch [32/200] Train Loss: 0.6606, Train Acc: 72.79%, Val Loss: 0.6240, Val Acc: 78.99%
2026-02-17 20:21:46,761 - INFO - Best model saved with accuracy: 78.99%
2026-02-17 20:22:10,527 - INFO - Epoch [33] Batch [0/17]                     Loss: 0.1685, Hard: 0.3494, Soft: -0.1810                     Acc: 100.00% LR: 0.000469                     Alpha: 0.5744425058364868                     Beta: -0.32466402649879456                     MemKD: 0.5059720277786255
2026-02-17 20:22:41,495 - INFO - Epoch [33/200] Train Loss: 0.5864, Train Acc: 73.90%, Val Loss: 0.7416, Val Acc: 71.68%
2026-02-17 20:23:05,274 - INFO - Epoch [34] Batch [0/17]                     Loss: 0.3744, Hard: 0.5240, Soft: -0.1496                     Acc: 75.00% LR: 0.000467                     Alpha: 0.5744425058364868                     Beta: -0.33455491065979004                     MemKD: 0.503605842590332
2026-02-17 20:23:36,479 - INFO - Epoch [34/200] Train Loss: 0.6332, Train Acc: 70.59%, Val Loss: 0.8591, Val Acc: 68.62%
2026-02-17 20:24:00,266 - INFO - Epoch [35] Batch [0/17]                     Loss: 0.6133, Hard: 0.6914, Soft: -0.0781                     Acc: 75.00% LR: 0.000465                     Alpha: 0.5744425058364868                     Beta: -0.34416496753692627                     MemKD: 0.5013786554336548
2026-02-17 20:24:31,039 - INFO - Epoch [35/200] Train Loss: 0.7057, Train Acc: 67.65%, Val Loss: 0.7161, Val Acc: 74.07%
2026-02-17 20:24:54,165 - INFO - Epoch [36] Batch [0/17]                     Loss: 0.4856, Hard: 0.6049, Soft: -0.1193                     Acc: 75.00% LR: 0.000463                     Alpha: 0.5744425058364868                     Beta: -0.3535081446170807                     MemKD: 0.4993094801902771
2026-02-17 20:25:24,034 - INFO - Epoch [36/200] Train Loss: 0.4561, Train Acc: 79.04%, Val Loss: 0.6051, Val Acc: 77.13%
2026-02-17 20:25:48,467 - INFO - Epoch [37] Batch [0/17]                     Loss: 0.7754, Hard: 0.8162, Soft: -0.0407                     Acc: 68.75% LR: 0.000461                     Alpha: 0.5744425058364868                     Beta: -0.3632924556732178                     MemKD: 0.4966909885406494
2026-02-17 20:26:19,906 - INFO - Epoch [37/200] Train Loss: 0.3978, Train Acc: 81.62%, Val Loss: 0.7429, Val Acc: 71.81%
2026-02-17 20:26:44,604 - INFO - Epoch [38] Batch [0/17]                     Loss: 0.3678, Hard: 0.5097, Soft: -0.1419                     Acc: 87.50% LR: 0.000459                     Alpha: 0.5744425058364868                     Beta: -0.3733305335044861                     MemKD: 0.4936835765838623
2026-02-17 20:27:15,232 - INFO - Epoch [38/200] Train Loss: 0.5346, Train Acc: 77.57%, Val Loss: 0.6553, Val Acc: 74.47%
2026-02-17 20:27:41,101 - INFO - Epoch [39] Batch [0/17]                     Loss: 0.1561, Hard: 0.3277, Soft: -0.1716                     Acc: 87.50% LR: 0.000457                     Alpha: 0.5744425058364868                     Beta: -0.38305339217185974                     MemKD: 0.49084559082984924
2026-02-17 20:28:13,608 - INFO - Epoch [39/200] Train Loss: 0.4165, Train Acc: 79.41%, Val Loss: 0.7900, Val Acc: 70.08%
2026-02-17 20:28:38,691 - INFO - Epoch [40] Batch [0/17]                     Loss: 0.1932, Hard: 0.3986, Soft: -0.2054                     Acc: 81.25% LR: 0.000455                     Alpha: 0.5744425058364868                     Beta: -0.3926735818386078                     MemKD: 0.488030344247818
2026-02-17 20:29:10,224 - INFO - Epoch [40/200] Train Loss: 0.5789, Train Acc: 73.90%, Val Loss: 0.6234, Val Acc: 75.53%
2026-02-17 20:29:10,260 - INFO - Checkpoint saved at epoch 40
2026-02-17 20:29:34,351 - INFO - Epoch [41] Batch [0/17]                     Loss: 0.1324, Hard: 0.3482, Soft: -0.2158                     Acc: 87.50% LR: 0.000452                     Alpha: 0.5744425058364868                     Beta: -0.4019679129123688                     MemKD: 0.48542556166648865
2026-02-17 20:30:06,928 - INFO - Epoch [41/200] Train Loss: 0.6064, Train Acc: 72.79%, Val Loss: 0.5965, Val Acc: 77.13%
2026-02-17 20:30:32,591 - INFO - Epoch [42] Batch [0/17]                     Loss: 0.7181, Hard: 0.8368, Soft: -0.1187                     Acc: 68.75% LR: 0.000450                     Alpha: 0.5744425058364868                     Beta: -0.41115912795066833                     MemKD: 0.482843279838562
2026-02-17 20:31:05,344 - INFO - Epoch [42/200] Train Loss: 0.4711, Train Acc: 77.21%, Val Loss: 0.6366, Val Acc: 76.20%
2026-02-17 20:31:29,679 - INFO - Epoch [43] Batch [0/17]                     Loss: 0.4141, Hard: 0.5830, Soft: -0.1689                     Acc: 68.75% LR: 0.000448                     Alpha: 0.5744425058364868                     Beta: -0.4203996956348419                     MemKD: 0.48014864325523376
2026-02-17 20:32:01,599 - INFO - Epoch [43/200] Train Loss: 0.4936, Train Acc: 73.90%, Val Loss: 0.5785, Val Acc: 78.59%
2026-02-17 20:32:26,658 - INFO - Epoch [44] Batch [0/17]                     Loss: 0.1595, Hard: 0.3941, Soft: -0.2346                     Acc: 87.50% LR: 0.000445                     Alpha: 0.5744425058364868                     Beta: -0.4295128285884857                     MemKD: 0.47751885652542114
2026-02-17 20:32:58,394 - INFO - Epoch [44/200] Train Loss: 0.4135, Train Acc: 77.94%, Val Loss: 0.5928, Val Acc: 76.20%
2026-02-17 20:33:22,216 - INFO - Epoch [45] Batch [0/17]                     Loss: 0.1918, Hard: 0.4416, Soft: -0.2497                     Acc: 87.50% LR: 0.000443                     Alpha: 0.5744425058364868                     Beta: -0.4387899339199066                     MemKD: 0.4746552109718323
2026-02-17 20:33:54,342 - INFO - Epoch [45/200] Train Loss: 0.3843, Train Acc: 79.78%, Val Loss: 0.6294, Val Acc: 76.86%
2026-02-17 20:34:19,108 - INFO - Epoch [46] Batch [0/17]                     Loss: 0.3392, Hard: 0.5173, Soft: -0.1781                     Acc: 87.50% LR: 0.000440                     Alpha: 0.5744425058364868                     Beta: -0.44822102785110474                     MemKD: 0.4715920090675354
2026-02-17 20:34:52,347 - INFO - Epoch [46/200] Train Loss: 0.3201, Train Acc: 82.72%, Val Loss: 0.5329, Val Acc: 80.85%
2026-02-17 20:34:52,348 - INFO - Best model saved with accuracy: 80.85%
2026-02-17 20:35:16,729 - INFO - Epoch [47] Batch [0/17]                     Loss: 1.2406, Hard: 1.2907, Soft: -0.0501                     Acc: 62.50% LR: 0.000438                     Alpha: 0.5744425058364868                     Beta: -0.45739418268203735                     MemKD: 0.46870192885398865
2026-02-17 20:35:49,206 - INFO - Epoch [47/200] Train Loss: 0.4879, Train Acc: 75.37%, Val Loss: 0.5741, Val Acc: 79.39%
2026-02-17 20:36:13,550 - INFO - Epoch [48] Batch [0/17]                     Loss: 0.6966, Hard: 0.8745, Soft: -0.1779                     Acc: 62.50% LR: 0.000435                     Alpha: 0.5744425058364868                     Beta: -0.4663257598876953                     MemKD: 0.46596604585647583
2026-02-17 20:36:46,409 - INFO - Epoch [48/200] Train Loss: 0.3725, Train Acc: 77.94%, Val Loss: 0.5455, Val Acc: 79.39%
2026-02-17 20:37:10,776 - INFO - Epoch [49] Batch [0/17]                     Loss: 0.3016, Hard: 0.5474, Soft: -0.2458                     Acc: 75.00% LR: 0.000432                     Alpha: 0.5744425058364868                     Beta: -0.47537875175476074                     MemKD: 0.46308404207229614
2026-02-17 20:37:43,623 - INFO - Epoch [49/200] Train Loss: 0.4001, Train Acc: 75.37%, Val Loss: 0.5361, Val Acc: 80.32%
2026-02-17 20:38:08,674 - INFO - Epoch [50] Batch [0/17]                     Loss: 0.3849, Hard: 0.6233, Soft: -0.2384                     Acc: 81.25% LR: 0.000430                     Alpha: 0.5744425058364868                     Beta: -0.4843735098838806                     MemKD: 0.46022072434425354
2026-02-17 20:38:39,500 - INFO - Epoch [50/200] Train Loss: 0.3300, Train Acc: 79.78%, Val Loss: 0.5773, Val Acc: 79.52%
2026-02-17 20:38:39,548 - INFO - Checkpoint saved at epoch 50
2026-02-17 20:39:03,432 - INFO - Epoch [51] Batch [0/17]                     Loss: 0.1313, Hard: 0.4165, Soft: -0.2852                     Acc: 87.50% LR: 0.000427                     Alpha: 0.5744425058364868                     Beta: -0.49334439635276794                     MemKD: 0.45733535289764404
2026-02-17 20:39:36,379 - INFO - Epoch [51/200] Train Loss: 0.3260, Train Acc: 78.68%, Val Loss: 0.7299, Val Acc: 70.21%
2026-02-17 20:40:01,138 - INFO - Epoch [52] Batch [0/17]                     Loss: 0.0475, Hard: 0.3482, Soft: -0.3007                     Acc: 81.25% LR: 0.000424                     Alpha: 0.5744425058364868                     Beta: -0.5023189783096313                     MemKD: 0.45443448424339294
2026-02-17 20:40:32,637 - INFO - Epoch [52/200] Train Loss: 0.2879, Train Acc: 79.04%, Val Loss: 0.5287, Val Acc: 80.98%
2026-02-17 20:40:32,638 - INFO - Best model saved with accuracy: 80.98%
2026-02-17 20:40:56,790 - INFO - Epoch [53] Batch [0/17]                     Loss: 0.2384, Hard: 0.5006, Soft: -0.2622                     Acc: 81.25% LR: 0.000421                     Alpha: 0.5744425058364868                     Beta: -0.511290431022644                     MemKD: 0.45150792598724365
2026-02-17 20:41:29,141 - INFO - Epoch [53/200] Train Loss: 0.2134, Train Acc: 83.09%, Val Loss: 0.5256, Val Acc: 80.85%
2026-02-17 20:41:54,094 - INFO - Epoch [54] Batch [0/17]                     Loss: -0.0953, Hard: 0.2638, Soft: -0.3591                     Acc: 93.75% LR: 0.000418                     Alpha: 0.5744425058364868                     Beta: -0.5201705098152161                     MemKD: 0.4486243724822998
2026-02-17 20:42:26,248 - INFO - Epoch [54/200] Train Loss: 0.2153, Train Acc: 80.51%, Val Loss: 0.6249, Val Acc: 77.66%
2026-02-17 20:42:51,101 - INFO - Epoch [55] Batch [0/17]                     Loss: 0.0996, Hard: 0.4267, Soft: -0.3271                     Acc: 75.00% LR: 0.000415                     Alpha: 0.5744425058364868                     Beta: -0.529063880443573                     MemKD: 0.4457007646560669
2026-02-17 20:43:23,684 - INFO - Epoch [55/200] Train Loss: 0.3593, Train Acc: 75.74%, Val Loss: 0.7017, Val Acc: 74.34%
2026-02-17 20:43:48,115 - INFO - Epoch [56] Batch [0/17]                     Loss: 0.0706, Hard: 0.3930, Soft: -0.3224                     Acc: 75.00% LR: 0.000412                     Alpha: 0.5744425058364868                     Beta: -0.5375906229019165                     MemKD: 0.4430083632469177
2026-02-17 20:44:19,881 - INFO - Epoch [56/200] Train Loss: 0.2534, Train Acc: 78.31%, Val Loss: 0.6472, Val Acc: 74.73%
2026-02-17 20:44:43,614 - INFO - Epoch [57] Batch [0/17]                     Loss: 0.1400, Hard: 0.4669, Soft: -0.3269                     Acc: 81.25% LR: 0.000409                     Alpha: 0.5744425058364868                     Beta: -0.5460050106048584                     MemKD: 0.4403612017631531
2026-02-17 20:45:16,416 - INFO - Epoch [57/200] Train Loss: 0.2726, Train Acc: 79.41%, Val Loss: 0.6553, Val Acc: 74.87%
2026-02-17 20:45:41,299 - INFO - Epoch [58] Batch [0/17]                     Loss: -0.0367, Hard: 0.3110, Soft: -0.3476                     Acc: 93.75% LR: 0.000406                     Alpha: 0.5744425058364868                     Beta: -0.5545101761817932                     MemKD: 0.43764811754226685
2026-02-17 20:46:14,114 - INFO - Epoch [58/200] Train Loss: 0.2810, Train Acc: 80.15%, Val Loss: 0.6246, Val Acc: 76.73%
2026-02-17 20:46:38,908 - INFO - Epoch [59] Batch [0/17]                     Loss: 0.3146, Hard: 0.6269, Soft: -0.3124                     Acc: 81.25% LR: 0.000403                     Alpha: 0.5744425058364868                     Beta: -0.562752366065979                     MemKD: 0.4350966215133667
2026-02-17 20:47:10,517 - INFO - Epoch [59/200] Train Loss: 0.1228, Train Acc: 83.82%, Val Loss: 0.5758, Val Acc: 77.66%
2026-02-17 20:47:35,518 - INFO - Epoch [60] Batch [0/17]                     Loss: 0.0829, Hard: 0.4156, Soft: -0.3327                     Acc: 81.25% LR: 0.000400                     Alpha: 0.5744425058364868                     Beta: -0.5711504220962524                     MemKD: 0.432428240776062
2026-02-17 20:48:09,735 - INFO - Epoch [60/200] Train Loss: 0.2226, Train Acc: 77.57%, Val Loss: 0.4821, Val Acc: 82.45%
2026-02-17 20:48:09,735 - INFO - Best model saved with accuracy: 82.45%
2026-02-17 20:48:09,835 - INFO - Checkpoint saved at epoch 60
2026-02-17 20:48:34,136 - INFO - Epoch [61] Batch [0/17]                     Loss: -0.0410, Hard: 0.3883, Soft: -0.4293                     Acc: 93.75% LR: 0.000397                     Alpha: 0.5744425058364868                     Beta: -0.5795943737030029                     MemKD: 0.4297287166118622
2026-02-17 20:49:04,930 - INFO - Epoch [61/200] Train Loss: 0.2891, Train Acc: 79.04%, Val Loss: 0.5392, Val Acc: 80.05%
2026-02-17 20:49:29,155 - INFO - Epoch [62] Batch [0/17]                     Loss: -0.0271, Hard: 0.3825, Soft: -0.4096                     Acc: 87.50% LR: 0.000394                     Alpha: 0.5744425058364868                     Beta: -0.5877540111541748                     MemKD: 0.42718422412872314
2026-02-17 20:50:01,922 - INFO - Epoch [62/200] Train Loss: 0.2520, Train Acc: 78.68%, Val Loss: 0.4898, Val Acc: 81.78%
2026-02-17 20:50:27,092 - INFO - Epoch [63] Batch [0/17]                     Loss: 0.1844, Hard: 0.5453, Soft: -0.3609                     Acc: 87.50% LR: 0.000391                     Alpha: 0.5744425058364868                     Beta: -0.59571772813797                     MemKD: 0.4247402548789978
2026-02-17 20:50:58,748 - INFO - Epoch [63/200] Train Loss: 0.1698, Train Acc: 79.78%, Val Loss: 0.6324, Val Acc: 75.27%
2026-02-17 20:51:23,573 - INFO - Epoch [64] Batch [0/17]                     Loss: 0.8635, Hard: 1.0425, Soft: -0.1791                     Acc: 50.00% LR: 0.000387                     Alpha: 0.5744425058364868                     Beta: -0.6036388278007507                     MemKD: 0.42229509353637695
2026-02-17 20:51:56,346 - INFO - Epoch [64/200] Train Loss: 0.2474, Train Acc: 75.37%, Val Loss: 0.6797, Val Acc: 76.73%
2026-02-17 20:52:22,085 - INFO - Epoch [65] Batch [0/17]                     Loss: -0.0924, Hard: 0.3272, Soft: -0.4197                     Acc: 87.50% LR: 0.000384                     Alpha: 0.5744425058364868                     Beta: -0.6115217804908752                     MemKD: 0.4198876619338989
2026-02-17 20:52:54,077 - INFO - Epoch [65/200] Train Loss: 0.1841, Train Acc: 78.68%, Val Loss: 0.5491, Val Acc: 79.52%
2026-02-17 20:53:19,182 - INFO - Epoch [66] Batch [0/17]                     Loss: -0.1752, Hard: 0.2818, Soft: -0.4570                     Acc: 87.50% LR: 0.000381                     Alpha: 0.5744425058364868                     Beta: -0.6193989515304565                     MemKD: 0.41746795177459717
2026-02-17 20:53:52,265 - INFO - Epoch [66/200] Train Loss: 0.0806, Train Acc: 83.82%, Val Loss: 0.4938, Val Acc: 82.31%
2026-02-17 20:54:17,984 - INFO - Epoch [67] Batch [0/17]                     Loss: -0.1263, Hard: 0.3383, Soft: -0.4646                     Acc: 87.50% LR: 0.000377                     Alpha: 0.5744425058364868                     Beta: -0.6273699998855591                     MemKD: 0.4149858057498932
2026-02-17 20:54:50,110 - INFO - Epoch [67/200] Train Loss: 0.1455, Train Acc: 82.35%, Val Loss: 0.5661, Val Acc: 80.45%
2026-02-17 20:55:14,780 - INFO - Epoch [68] Batch [0/17]                     Loss: 0.2565, Hard: 0.5727, Soft: -0.3162                     Acc: 75.00% LR: 0.000374                     Alpha: 0.5744425058364868                     Beta: -0.6350791454315186                     MemKD: 0.41261646151542664
2026-02-17 20:55:48,172 - INFO - Epoch [68/200] Train Loss: -0.0191, Train Acc: 84.19%, Val Loss: 0.5353, Val Acc: 78.19%
2026-02-17 20:56:13,688 - INFO - Epoch [69] Batch [0/17]                     Loss: -0.3075, Hard: 0.2052, Soft: -0.5127                     Acc: 93.75% LR: 0.000370                     Alpha: 0.5744425058364868                     Beta: -0.6429268717765808                     MemKD: 0.41015011072158813
2026-02-17 20:56:44,578 - INFO - Epoch [69/200] Train Loss: 0.1559, Train Acc: 79.41%, Val Loss: 0.5246, Val Acc: 79.12%
2026-02-17 20:57:09,233 - INFO - Epoch [70] Batch [0/17]                     Loss: 0.4464, Hard: 0.7953, Soft: -0.3489                     Acc: 75.00% LR: 0.000367                     Alpha: 0.5744425058364868                     Beta: -0.650580883026123                     MemKD: 0.4078075885772705
2026-02-17 20:57:42,848 - INFO - Epoch [70/200] Train Loss: 0.0774, Train Acc: 81.99%, Val Loss: 0.6706, Val Acc: 74.07%
2026-02-17 20:57:42,894 - INFO - Checkpoint saved at epoch 70
2026-02-17 20:58:07,929 - INFO - Epoch [71] Batch [0/17]                     Loss: -0.0944, Hard: 0.3698, Soft: -0.4641                     Acc: 87.50% LR: 0.000363                     Alpha: 0.5744425058364868                     Beta: -0.6580279469490051                     MemKD: 0.40558069944381714
2026-02-17 20:58:38,589 - INFO - Epoch [71/200] Train Loss: 0.0262, Train Acc: 83.09%, Val Loss: 0.6716, Val Acc: 73.80%
2026-02-17 20:59:03,220 - INFO - Epoch [72] Batch [0/17]                     Loss: 0.0942, Hard: 0.5053, Soft: -0.4111                     Acc: 75.00% LR: 0.000360                     Alpha: 0.5744425058364868                     Beta: -0.6655734181404114                     MemKD: 0.4032862186431885
2026-02-17 20:59:35,783 - INFO - Epoch [72/200] Train Loss: 0.1194, Train Acc: 79.04%, Val Loss: 0.4737, Val Acc: 82.45%
2026-02-17 21:00:01,314 - INFO - Epoch [73] Batch [0/17]                     Loss: 0.6037, Hard: 0.9536, Soft: -0.3499                     Acc: 62.50% LR: 0.000356                     Alpha: 0.5744425058364868                     Beta: -0.6729403734207153                     MemKD: 0.4010689854621887
2026-02-17 21:00:34,087 - INFO - Epoch [73/200] Train Loss: -0.0629, Train Acc: 81.99%, Val Loss: 0.6568, Val Acc: 73.80%
2026-02-17 21:00:58,941 - INFO - Epoch [74] Batch [0/17]                     Loss: -0.2341, Hard: 0.2878, Soft: -0.5218                     Acc: 93.75% LR: 0.000353                     Alpha: 0.5744425058364868                     Beta: -0.6803503632545471                     MemKD: 0.39881986379623413
2026-02-17 21:01:31,220 - INFO - Epoch [74/200] Train Loss: -0.0627, Train Acc: 83.46%, Val Loss: 0.7091, Val Acc: 75.53%
2026-02-17 21:01:56,888 - INFO - Epoch [75] Batch [0/17]                     Loss: -0.3008, Hard: 0.2549, Soft: -0.5558                     Acc: 93.75% LR: 0.000349                     Alpha: 0.5744425058364868                     Beta: -0.6878893971443176                     MemKD: 0.39650338888168335
2026-02-17 21:02:30,322 - INFO - Epoch [75/200] Train Loss: -0.0494, Train Acc: 85.29%, Val Loss: 0.5627, Val Acc: 80.59%
2026-02-17 21:02:55,402 - INFO - Epoch [76] Batch [0/17]                     Loss: 0.0945, Hard: 0.5384, Soft: -0.4439                     Acc: 81.25% LR: 0.000346                     Alpha: 0.5744425058364868                     Beta: -0.6952105164527893                     MemKD: 0.3942987322807312
2026-02-17 21:03:27,781 - INFO - Epoch [76/200] Train Loss: 0.0042, Train Acc: 81.62%, Val Loss: 0.4689, Val Acc: 83.24%
2026-02-17 21:03:27,782 - INFO - Best model saved with accuracy: 83.24%
2026-02-17 21:03:52,106 - INFO - Epoch [77] Batch [0/17]                     Loss: -0.2913, Hard: 0.2723, Soft: -0.5636                     Acc: 81.25% LR: 0.000342                     Alpha: 0.5744425058364868                     Beta: -0.7023561596870422                     MemKD: 0.39218372106552124
2026-02-17 21:04:23,911 - INFO - Epoch [77/200] Train Loss: 0.0014, Train Acc: 79.78%, Val Loss: 0.4819, Val Acc: 82.85%
2026-02-17 21:04:47,066 - INFO - Epoch [78] Batch [0/17]                     Loss: -0.2441, Hard: 0.3341, Soft: -0.5781                     Acc: 81.25% LR: 0.000338                     Alpha: 0.5744425058364868                     Beta: -0.7094286680221558                     MemKD: 0.390082985162735
2026-02-17 21:05:18,358 - INFO - Epoch [78/200] Train Loss: -0.1572, Train Acc: 87.50%, Val Loss: 0.5561, Val Acc: 80.59%
2026-02-17 21:05:44,043 - INFO - Epoch [79] Batch [0/17]                     Loss: 0.2267, Hard: 0.6443, Soft: -0.4175                     Acc: 75.00% LR: 0.000335                     Alpha: 0.5744425058364868                     Beta: -0.7164511680603027                     MemKD: 0.3879983127117157
2026-02-17 21:06:15,836 - INFO - Epoch [79/200] Train Loss: -0.0413, Train Acc: 83.46%, Val Loss: 0.9576, Val Acc: 66.89%
2026-02-17 21:06:40,427 - INFO - Epoch [80] Batch [0/17]                     Loss: -0.0801, Hard: 0.4709, Soft: -0.5510                     Acc: 81.25% LR: 0.000331                     Alpha: 0.5744425058364868                     Beta: -0.7233696579933167                     MemKD: 0.3859679698944092
2026-02-17 21:07:13,007 - INFO - Epoch [80/200] Train Loss: 0.0017, Train Acc: 81.62%, Val Loss: 0.4942, Val Acc: 81.65%
2026-02-17 21:07:13,047 - INFO - Checkpoint saved at epoch 80
2026-02-17 21:07:38,446 - INFO - Epoch [81] Batch [0/17]                     Loss: 0.1342, Hard: 0.5880, Soft: -0.4538                     Acc: 75.00% LR: 0.000327                     Alpha: 0.5744425058364868                     Beta: -0.7300923466682434                     MemKD: 0.3840310275554657
2026-02-17 21:08:09,385 - INFO - Epoch [81/200] Train Loss: -0.0284, Train Acc: 80.88%, Val Loss: 0.4637, Val Acc: 82.45%
2026-02-17 21:08:34,169 - INFO - Epoch [82] Batch [0/17]                     Loss: -0.1823, Hard: 0.3642, Soft: -0.5465                     Acc: 87.50% LR: 0.000324                     Alpha: 0.5744425058364868                     Beta: -0.7366611957550049                     MemKD: 0.38215410709381104
2026-02-17 21:09:06,068 - INFO - Epoch [82/200] Train Loss: -0.0926, Train Acc: 83.82%, Val Loss: 0.5462, Val Acc: 79.92%
2026-02-17 21:09:32,200 - INFO - Epoch [83] Batch [0/17]                     Loss: -0.4363, Hard: 0.1895, Soft: -0.6258                     Acc: 100.00% LR: 0.000320                     Alpha: 0.5744425058364868                     Beta: -0.743241012096405                     MemKD: 0.38026127219200134
2026-02-17 21:10:03,976 - INFO - Epoch [83/200] Train Loss: -0.1415, Train Acc: 86.40%, Val Loss: 0.6253, Val Acc: 76.06%
2026-02-17 21:10:29,005 - INFO - Epoch [84] Batch [0/17]                     Loss: -0.0720, Hard: 0.4414, Soft: -0.5134                     Acc: 87.50% LR: 0.000316                     Alpha: 0.5744425058364868                     Beta: -0.7498310208320618                     MemKD: 0.378366619348526
2026-02-17 21:11:01,053 - INFO - Epoch [84/200] Train Loss: -0.1017, Train Acc: 83.09%, Val Loss: 0.4943, Val Acc: 83.78%
2026-02-17 21:11:01,053 - INFO - Best model saved with accuracy: 83.78%
2026-02-17 21:11:25,997 - INFO - Epoch [85] Batch [0/17]                     Loss: 0.4990, Hard: 0.8931, Soft: -0.3941                     Acc: 75.00% LR: 0.000312                     Alpha: 0.5744425058364868                     Beta: -0.756295382976532                     MemKD: 0.3765200674533844
2026-02-17 21:11:56,962 - INFO - Epoch [85/200] Train Loss: -0.0058, Train Acc: 83.09%, Val Loss: 0.4649, Val Acc: 81.52%
2026-02-17 21:12:21,574 - INFO - Epoch [86] Batch [0/17]                     Loss: -0.0795, Hard: 0.4048, Soft: -0.4843                     Acc: 81.25% LR: 0.000308                     Alpha: 0.5744425058364868                     Beta: -0.7625281810760498                     MemKD: 0.3747764527797699
2026-02-17 21:12:53,304 - INFO - Epoch [86/200] Train Loss: -0.1221, Train Acc: 82.72%, Val Loss: 0.4734, Val Acc: 82.98%
2026-02-17 21:13:18,019 - INFO - Epoch [87] Batch [0/17]                     Loss: -0.4357, Hard: 0.2137, Soft: -0.6494                     Acc: 93.75% LR: 0.000305                     Alpha: 0.5744425058364868                     Beta: -0.7687305212020874                     MemKD: 0.37303367257118225
2026-02-17 21:13:50,122 - INFO - Epoch [87/200] Train Loss: -0.1066, Train Acc: 83.46%, Val Loss: 0.4867, Val Acc: 82.98%
2026-02-17 21:14:14,659 - INFO - Epoch [88] Batch [0/17]                     Loss: -0.3217, Hard: 0.2990, Soft: -0.6207                     Acc: 93.75% LR: 0.000301                     Alpha: 0.5744425058364868                     Beta: -0.7748612761497498                     MemKD: 0.3713221848011017
2026-02-17 21:14:46,306 - INFO - Epoch [88/200] Train Loss: -0.2447, Train Acc: 84.56%, Val Loss: 0.6862, Val Acc: 76.33%
2026-02-17 21:15:11,100 - INFO - Epoch [89] Batch [0/17]                     Loss: -0.3438, Hard: 0.2833, Soft: -0.6272                     Acc: 87.50% LR: 0.000297                     Alpha: 0.5744425058364868                     Beta: -0.7810396552085876                     MemKD: 0.3695753216743469
2026-02-17 21:15:42,991 - INFO - Epoch [89/200] Train Loss: -0.1906, Train Acc: 86.03%, Val Loss: 0.4769, Val Acc: 82.05%
2026-02-17 21:16:08,561 - INFO - Epoch [90] Batch [0/17]                     Loss: -0.2828, Hard: 0.3584, Soft: -0.6412                     Acc: 75.00% LR: 0.000293                     Alpha: 0.5744425058364868                     Beta: -0.7871072888374329                     MemKD: 0.3678695857524872
2026-02-17 21:16:40,455 - INFO - Epoch [90/200] Train Loss: -0.2441, Train Acc: 85.66%, Val Loss: 0.6056, Val Acc: 75.53%
2026-02-17 21:16:40,503 - INFO - Checkpoint saved at epoch 90
2026-02-17 21:17:03,985 - INFO - Epoch [91] Batch [0/17]                     Loss: -0.0226, Hard: 0.5581, Soft: -0.5807                     Acc: 68.75% LR: 0.000289                     Alpha: 0.5744425058364868                     Beta: -0.7931724786758423                     MemKD: 0.36616480350494385
2026-02-17 21:17:35,084 - INFO - Epoch [91/200] Train Loss: -0.2143, Train Acc: 84.56%, Val Loss: 0.5031, Val Acc: 82.18%
2026-02-17 21:18:00,183 - INFO - Epoch [92] Batch [0/17]                     Loss: -0.3468, Hard: 0.2993, Soft: -0.6462                     Acc: 87.50% LR: 0.000285                     Alpha: 0.5744425058364868                     Beta: -0.7990573644638062                     MemKD: 0.3645326495170593
2026-02-17 21:18:32,752 - INFO - Epoch [92/200] Train Loss: -0.3033, Train Acc: 88.97%, Val Loss: 0.5474, Val Acc: 78.99%
2026-02-17 21:18:56,728 - INFO - Epoch [93] Batch [0/17]                     Loss: -0.5775, Hard: 0.1119, Soft: -0.6894                     Acc: 100.00% LR: 0.000281                     Alpha: 0.5744425058364868                     Beta: -0.8049217462539673                     MemKD: 0.36290326714515686
2026-02-17 21:19:28,992 - INFO - Epoch [93/200] Train Loss: -0.2886, Train Acc: 90.07%, Val Loss: 0.4787, Val Acc: 82.58%
2026-02-17 21:19:54,661 - INFO - Epoch [94] Batch [0/17]                     Loss: -0.4420, Hard: 0.2314, Soft: -0.6734                     Acc: 93.75% LR: 0.000277                     Alpha: 0.5744425058364868                     Beta: -0.810724675655365                     MemKD: 0.36128485202789307
2026-02-17 21:20:26,266 - INFO - Epoch [94/200] Train Loss: -0.2741, Train Acc: 85.66%, Val Loss: 0.6477, Val Acc: 77.26%
2026-02-17 21:20:50,529 - INFO - Epoch [95] Batch [0/17]                     Loss: 0.3507, Hard: 0.7190, Soft: -0.3684                     Acc: 75.00% LR: 0.000274                     Alpha: 0.5744425058364868                     Beta: -0.8163815140724182                     MemKD: 0.35972923040390015
2026-02-17 21:21:23,132 - INFO - Epoch [95/200] Train Loss: -0.2696, Train Acc: 86.03%, Val Loss: 0.4606, Val Acc: 82.98%
2026-02-17 21:21:48,638 - INFO - Epoch [96] Batch [0/17]                     Loss: -0.5828, Hard: 0.1422, Soft: -0.7251                     Acc: 100.00% LR: 0.000270                     Alpha: 0.5744425058364868                     Beta: -0.8218916654586792                     MemKD: 0.3582286238670349
2026-02-17 21:22:19,982 - INFO - Epoch [96/200] Train Loss: -0.2964, Train Acc: 86.76%, Val Loss: 0.5377, Val Acc: 80.19%
2026-02-17 21:22:44,711 - INFO - Epoch [97] Batch [0/17]                     Loss: -0.2218, Hard: 0.3987, Soft: -0.6205                     Acc: 81.25% LR: 0.000266                     Alpha: 0.5744425058364868                     Beta: -0.8273512125015259                     MemKD: 0.35674312710762024
2026-02-17 21:23:16,364 - INFO - Epoch [97/200] Train Loss: -0.3514, Train Acc: 86.40%, Val Loss: 0.4409, Val Acc: 83.11%
2026-02-17 21:23:39,727 - INFO - Epoch [98] Batch [0/17]                     Loss: -0.2564, Hard: 0.3848, Soft: -0.6412                     Acc: 87.50% LR: 0.000262                     Alpha: 0.5744425058364868                     Beta: -0.832804262638092                     MemKD: 0.35526010394096375
2026-02-17 21:24:09,791 - INFO - Epoch [98/200] Train Loss: -0.3033, Train Acc: 84.19%, Val Loss: 0.7905, Val Acc: 74.73%
2026-02-17 21:24:33,439 - INFO - Epoch [99] Batch [0/17]                     Loss: -0.2021, Hard: 0.4168, Soft: -0.6189                     Acc: 81.25% LR: 0.000258                     Alpha: 0.5744425058364868                     Beta: -0.8381193280220032                     MemKD: 0.3538258373737335
2026-02-17 21:25:05,734 - INFO - Epoch [99/200] Train Loss: -0.3967, Train Acc: 90.07%, Val Loss: 0.5358, Val Acc: 80.19%
2026-02-17 21:25:30,388 - INFO - Epoch [100] Batch [0/17]                     Loss: -0.6439, Hard: 0.1301, Soft: -0.7740                     Acc: 100.00% LR: 0.000254                     Alpha: 0.5744425058364868                     Beta: -0.8434125781059265                     MemKD: 0.35240238904953003
2026-02-17 21:26:01,615 - INFO - Epoch [100/200] Train Loss: -0.2844, Train Acc: 86.03%, Val Loss: 0.4814, Val Acc: 83.51%
2026-02-17 21:26:01,663 - INFO - Checkpoint saved at epoch 100
2026-02-17 21:26:26,009 - INFO - Epoch [101] Batch [0/17]                     Loss: -0.4123, Hard: 0.3073, Soft: -0.7196                     Acc: 93.75% LR: 0.000250                     Alpha: 0.5744425058364868                     Beta: -0.848576545715332                     MemKD: 0.35101962089538574
2026-02-17 21:26:59,120 - INFO - Epoch [101/200] Train Loss: -0.3935, Train Acc: 88.97%, Val Loss: 0.4783, Val Acc: 83.78%
2026-02-17 21:27:24,395 - INFO - Epoch [102] Batch [0/17]                     Loss: -0.5378, Hard: 0.2006, Soft: -0.7384                     Acc: 93.75% LR: 0.000246                     Alpha: 0.5744425058364868                     Beta: -0.85364830493927                     MemKD: 0.34967494010925293
2026-02-17 21:27:55,409 - INFO - Epoch [102/200] Train Loss: -0.3057, Train Acc: 85.66%, Val Loss: 0.4740, Val Acc: 82.71%
2026-02-17 21:28:20,000 - INFO - Epoch [103] Batch [0/17]                     Loss: -0.6062, Hard: 0.1867, Soft: -0.7929                     Acc: 93.75% LR: 0.000242                     Alpha: 0.5744425058364868                     Beta: -0.8585885763168335                     MemKD: 0.34837234020233154
2026-02-17 21:28:52,772 - INFO - Epoch [103/200] Train Loss: -0.3806, Train Acc: 88.24%, Val Loss: 0.4208, Val Acc: 86.04%
2026-02-17 21:28:52,773 - INFO - Best model saved with accuracy: 86.04%
2026-02-17 21:29:18,773 - INFO - Epoch [104] Batch [0/17]                     Loss: -0.5300, Hard: 0.2386, Soft: -0.7686                     Acc: 87.50% LR: 0.000238                     Alpha: 0.5744425058364868                     Beta: -0.8634477257728577                     MemKD: 0.34708940982818604
2026-02-17 21:29:50,703 - INFO - Epoch [104/200] Train Loss: -0.3652, Train Acc: 87.13%, Val Loss: 0.5014, Val Acc: 81.12%
2026-02-17 21:30:15,056 - INFO - Epoch [105] Batch [0/17]                     Loss: -0.3812, Hard: 0.3727, Soft: -0.7540                     Acc: 87.50% LR: 0.000234                     Alpha: 0.5744425058364868                     Beta: -0.8682289123535156                     MemKD: 0.34584149718284607
2026-02-17 21:30:47,087 - INFO - Epoch [105/200] Train Loss: -0.3196, Train Acc: 85.29%, Val Loss: 0.5125, Val Acc: 80.45%
2026-02-17 21:31:12,693 - INFO - Epoch [106] Batch [0/17]                     Loss: -0.3873, Hard: 0.3499, Soft: -0.7372                     Acc: 81.25% LR: 0.000230                     Alpha: 0.5744425058364868                     Beta: -0.8729438185691833                     MemKD: 0.34461644291877747
2026-02-17 21:31:45,608 - INFO - Epoch [106/200] Train Loss: -0.4196, Train Acc: 90.44%, Val Loss: 0.4184, Val Acc: 85.11%
2026-02-17 21:32:09,215 - INFO - Epoch [107] Batch [0/17]                     Loss: -0.4956, Hard: 0.2749, Soft: -0.7705                     Acc: 87.50% LR: 0.000226                     Alpha: 0.5744425058364868                     Beta: -0.8775603771209717                     MemKD: 0.34342339634895325
2026-02-17 21:32:41,344 - INFO - Epoch [107/200] Train Loss: -0.4093, Train Acc: 88.60%, Val Loss: 0.4449, Val Acc: 82.85%
2026-02-17 21:33:06,693 - INFO - Epoch [108] Batch [0/17]                     Loss: -0.6940, Hard: 0.1547, Soft: -0.8487                     Acc: 100.00% LR: 0.000223                     Alpha: 0.5744425058364868                     Beta: -0.8821043968200684                     MemKD: 0.3422476053237915
2026-02-17 21:33:38,887 - INFO - Epoch [108/200] Train Loss: -0.3875, Train Acc: 86.40%, Val Loss: 0.4422, Val Acc: 84.31%
2026-02-17 21:34:03,118 - INFO - Epoch [109] Batch [0/17]                     Loss: -0.4695, Hard: 0.3058, Soft: -0.7753                     Acc: 93.75% LR: 0.000219                     Alpha: 0.5744425058364868                     Beta: -0.8865921497344971                     MemKD: 0.3410830795764923
2026-02-17 21:34:35,337 - INFO - Epoch [109/200] Train Loss: -0.4476, Train Acc: 86.76%, Val Loss: 0.5283, Val Acc: 81.12%
2026-02-17 21:34:59,767 - INFO - Epoch [110] Batch [0/17]                     Loss: -0.7491, Hard: 0.1010, Soft: -0.8501                     Acc: 100.00% LR: 0.000215                     Alpha: 0.5744425058364868                     Beta: -0.890955924987793                     MemKD: 0.3399641215801239
2026-02-17 21:35:31,191 - INFO - Epoch [110/200] Train Loss: -0.5037, Train Acc: 89.34%, Val Loss: 0.4909, Val Acc: 82.18%
2026-02-17 21:35:31,234 - INFO - Checkpoint saved at epoch 110
2026-02-17 21:35:55,872 - INFO - Epoch [111] Batch [0/17]                     Loss: -0.4100, Hard: 0.3257, Soft: -0.7357                     Acc: 81.25% LR: 0.000211                     Alpha: 0.5744425058364868                     Beta: -0.8953012228012085                     MemKD: 0.33884361386299133
2026-02-17 21:36:26,622 - INFO - Epoch [111/200] Train Loss: -0.4651, Train Acc: 87.13%, Val Loss: 0.5148, Val Acc: 80.85%
2026-02-17 21:36:51,146 - INFO - Epoch [112] Batch [0/17]                     Loss: -0.5934, Hard: 0.2009, Soft: -0.7942                     Acc: 93.75% LR: 0.000207                     Alpha: 0.5744425058364868                     Beta: -0.8995602130889893                     MemKD: 0.3377514183521271
2026-02-17 21:37:23,133 - INFO - Epoch [112/200] Train Loss: -0.4430, Train Acc: 87.13%, Val Loss: 0.4372, Val Acc: 83.91%
2026-02-17 21:37:47,829 - INFO - Epoch [113] Batch [0/17]                     Loss: -0.6935, Hard: 0.1750, Soft: -0.8686                     Acc: 93.75% LR: 0.000203                     Alpha: 0.5744425058364868                     Beta: -0.9036844372749329                     MemKD: 0.33670198917388916
2026-02-17 21:38:19,369 - INFO - Epoch [113/200] Train Loss: -0.3934, Train Acc: 84.56%, Val Loss: 0.4944, Val Acc: 81.91%
2026-02-17 21:38:43,891 - INFO - Epoch [114] Batch [0/17]                     Loss: -0.6521, Hard: 0.1812, Soft: -0.8333                     Acc: 93.75% LR: 0.000199                     Alpha: 0.5744425058364868                     Beta: -0.9076867699623108                     MemKD: 0.3356966972351074
2026-02-17 21:39:15,092 - INFO - Epoch [114/200] Train Loss: -0.3023, Train Acc: 83.82%, Val Loss: 0.4413, Val Acc: 83.64%
2026-02-17 21:39:40,405 - INFO - Epoch [115] Batch [0/17]                     Loss: -0.3612, Hard: 0.3927, Soft: -0.7540                     Acc: 81.25% LR: 0.000195                     Alpha: 0.5744425058364868                     Beta: -0.9115692973136902                     MemKD: 0.33472740650177
2026-02-17 21:40:12,247 - INFO - Epoch [115/200] Train Loss: -0.3722, Train Acc: 86.76%, Val Loss: 0.4975, Val Acc: 82.45%
2026-02-17 21:40:36,773 - INFO - Epoch [116] Batch [0/17]                     Loss: 0.0191, Hard: 0.6408, Soft: -0.6217                     Acc: 68.75% LR: 0.000192                     Alpha: 0.5744425058364868                     Beta: -0.9153640866279602                     MemKD: 0.33378374576568604
2026-02-17 21:41:08,931 - INFO - Epoch [116/200] Train Loss: -0.4503, Train Acc: 85.66%, Val Loss: 0.5132, Val Acc: 82.45%
2026-02-17 21:41:34,072 - INFO - Epoch [117] Batch [0/17]                     Loss: -0.6009, Hard: 0.2266, Soft: -0.8275                     Acc: 87.50% LR: 0.000188                     Alpha: 0.5744425058364868                     Beta: -0.9190970063209534                     MemKD: 0.33285436034202576
2026-02-17 21:42:05,220 - INFO - Epoch [117/200] Train Loss: -0.4684, Train Acc: 87.13%, Val Loss: 0.4249, Val Acc: 84.31%
2026-02-17 21:42:29,241 - INFO - Epoch [118] Batch [0/17]                     Loss: -0.3854, Hard: 0.3695, Soft: -0.7549                     Acc: 81.25% LR: 0.000184                     Alpha: 0.5744425058364868                     Beta: -0.9227890372276306                     MemKD: 0.3319288492202759
2026-02-17 21:43:00,774 - INFO - Epoch [118/200] Train Loss: -0.4569, Train Acc: 84.93%, Val Loss: 0.5423, Val Acc: 81.65%
2026-02-17 21:43:24,070 - INFO - Epoch [119] Batch [0/17]                     Loss: -0.5264, Hard: 0.2992, Soft: -0.8257                     Acc: 87.50% LR: 0.000180                     Alpha: 0.5744425058364868                     Beta: -0.9263899326324463                     MemKD: 0.33103224635124207
2026-02-17 21:43:55,056 - INFO - Epoch [119/200] Train Loss: -0.5488, Train Acc: 90.07%, Val Loss: 0.5173, Val Acc: 81.65%
2026-02-17 21:44:19,340 - INFO - Epoch [120] Batch [0/17]                     Loss: -0.4409, Hard: 0.3633, Soft: -0.8043                     Acc: 87.50% LR: 0.000176                     Alpha: 0.5744425058364868                     Beta: -0.9299271106719971                     MemKD: 0.33015307784080505
2026-02-17 21:44:52,580 - INFO - Epoch [120/200] Train Loss: -0.5728, Train Acc: 91.91%, Val Loss: 0.4554, Val Acc: 83.64%
2026-02-17 21:44:52,628 - INFO - Checkpoint saved at epoch 120
2026-02-17 21:45:17,663 - INFO - Epoch [121] Batch [0/17]                     Loss: -0.5719, Hard: 0.2985, Soft: -0.8704                     Acc: 87.50% LR: 0.000173                     Alpha: 0.5744425058364868                     Beta: -0.9334450960159302                     MemKD: 0.3292733430862427
2026-02-17 21:45:48,368 - INFO - Epoch [121/200] Train Loss: -0.5025, Train Acc: 88.60%, Val Loss: 0.4862, Val Acc: 82.05%
2026-02-17 21:46:12,699 - INFO - Epoch [122] Batch [0/17]                     Loss: -0.6156, Hard: 0.2272, Soft: -0.8428                     Acc: 93.75% LR: 0.000169                     Alpha: 0.5744425058364868                     Beta: -0.9368664622306824                     MemKD: 0.3284229040145874
2026-02-17 21:46:45,102 - INFO - Epoch [122/200] Train Loss: -0.5100, Train Acc: 89.71%, Val Loss: 0.4239, Val Acc: 84.44%
2026-02-17 21:47:10,495 - INFO - Epoch [123] Batch [0/17]                     Loss: -0.2612, Hard: 0.4693, Soft: -0.7305                     Acc: 81.25% LR: 0.000165                     Alpha: 0.5744425058364868                     Beta: -0.9401766061782837                     MemKD: 0.3276051878929138
2026-02-17 21:47:40,941 - INFO - Epoch [123/200] Train Loss: -0.4504, Train Acc: 86.40%, Val Loss: 0.4176, Val Acc: 84.57%
2026-02-17 21:48:05,136 - INFO - Epoch [124] Batch [0/17]                     Loss: -0.7133, Hard: 0.1524, Soft: -0.8658                     Acc: 100.00% LR: 0.000162                     Alpha: 0.5744425058364868                     Beta: -0.9433696866035461                     MemKD: 0.3268248736858368
2026-02-17 21:48:37,202 - INFO - Epoch [124/200] Train Loss: -0.5236, Train Acc: 88.97%, Val Loss: 0.4365, Val Acc: 84.44%
2026-02-17 21:49:01,793 - INFO - Epoch [125] Batch [0/17]                     Loss: -0.5065, Hard: 0.3100, Soft: -0.8165                     Acc: 87.50% LR: 0.000158                     Alpha: 0.5744425058364868                     Beta: -0.9464986324310303                     MemKD: 0.326060950756073
2026-02-17 21:49:33,432 - INFO - Epoch [125/200] Train Loss: -0.4289, Train Acc: 84.56%, Val Loss: 0.5130, Val Acc: 80.05%
2026-02-17 21:49:57,488 - INFO - Epoch [126] Batch [0/17]                     Loss: -0.4707, Hard: 0.4021, Soft: -0.8728                     Acc: 75.00% LR: 0.000154                     Alpha: 0.5744425058364868                     Beta: -0.949522852897644                     MemKD: 0.3253285884857178
2026-02-17 21:50:29,587 - INFO - Epoch [126/200] Train Loss: -0.5228, Train Acc: 88.97%, Val Loss: 0.4161, Val Acc: 85.37%
2026-02-17 21:50:55,265 - INFO - Epoch [127] Batch [0/17]                     Loss: -0.7566, Hard: 0.1525, Soft: -0.9090                     Acc: 93.75% LR: 0.000151                     Alpha: 0.5744425058364868                     Beta: -0.9524824023246765                     MemKD: 0.3246147036552429
2026-02-17 21:51:28,221 - INFO - Epoch [127/200] Train Loss: -0.5625, Train Acc: 90.81%, Val Loss: 0.4769, Val Acc: 83.11%
2026-02-17 21:51:52,610 - INFO - Epoch [128] Batch [0/17]                     Loss: -0.4416, Hard: 0.3637, Soft: -0.8053                     Acc: 93.75% LR: 0.000147                     Alpha: 0.5744425058364868                     Beta: -0.9554021954536438                     MemKD: 0.3239091634750366
2026-02-17 21:52:24,340 - INFO - Epoch [128/200] Train Loss: -0.5689, Train Acc: 90.44%, Val Loss: 0.4499, Val Acc: 83.51%
2026-02-17 21:52:50,563 - INFO - Epoch [129] Batch [0/17]                     Loss: -0.5604, Hard: 0.2768, Soft: -0.8372                     Acc: 87.50% LR: 0.000144                     Alpha: 0.5744425058364868                     Beta: -0.9582889676094055                     MemKD: 0.32320356369018555
2026-02-17 21:53:23,412 - INFO - Epoch [129/200] Train Loss: -0.5360, Train Acc: 87.50%, Val Loss: 0.3910, Val Acc: 86.44%
2026-02-17 21:53:23,413 - INFO - Best model saved with accuracy: 86.44%
2026-02-17 21:53:46,470 - INFO - Epoch [130] Batch [0/17]                     Loss: -0.6824, Hard: 0.2028, Soft: -0.8853                     Acc: 93.75% LR: 0.000140                     Alpha: 0.5744425058364868                     Beta: -0.9610754251480103                     MemKD: 0.32253074645996094
2026-02-17 21:54:18,496 - INFO - Epoch [130/200] Train Loss: -0.5734, Train Acc: 89.34%, Val Loss: 0.4450, Val Acc: 84.31%
2026-02-17 21:54:18,539 - INFO - Checkpoint saved at epoch 130
2026-02-17 21:54:43,713 - INFO - Epoch [131] Batch [0/17]                     Loss: -0.4435, Hard: 0.3480, Soft: -0.7916                     Acc: 87.50% LR: 0.000137                     Alpha: 0.5744425058364868                     Beta: -0.9638069272041321                     MemKD: 0.3218723237514496
2026-02-17 21:55:15,035 - INFO - Epoch [131/200] Train Loss: -0.5605, Train Acc: 87.87%, Val Loss: 0.4278, Val Acc: 85.77%
2026-02-17 21:55:38,652 - INFO - Epoch [132] Batch [0/17]                     Loss: -0.3829, Hard: 0.4110, Soft: -0.7939                     Acc: 87.50% LR: 0.000133                     Alpha: 0.5744425058364868                     Beta: -0.9664505124092102                     MemKD: 0.32123568654060364
2026-02-17 21:56:09,981 - INFO - Epoch [132/200] Train Loss: -0.5276, Train Acc: 88.24%, Val Loss: 0.3841, Val Acc: 85.90%
2026-02-17 21:56:35,570 - INFO - Epoch [133] Batch [0/17]                     Loss: -0.6647, Hard: 0.2241, Soft: -0.8887                     Acc: 93.75% LR: 0.000130                     Alpha: 0.5744425058364868                     Beta: -0.9690093994140625                     MemKD: 0.3206237852573395
2026-02-17 21:57:06,462 - INFO - Epoch [133/200] Train Loss: -0.5766, Train Acc: 89.34%, Val Loss: 0.4370, Val Acc: 85.51%
2026-02-17 21:57:30,973 - INFO - Epoch [134] Batch [0/17]                     Loss: -0.4756, Hard: 0.3475, Soft: -0.8231                     Acc: 81.25% LR: 0.000126                     Alpha: 0.5744425058364868                     Beta: -0.9715190529823303                     MemKD: 0.32002386450767517
2026-02-17 21:58:03,622 - INFO - Epoch [134/200] Train Loss: -0.5904, Train Acc: 89.34%, Val Loss: 0.4917, Val Acc: 83.51%
2026-02-17 21:58:28,509 - INFO - Epoch [135] Batch [0/17]                     Loss: -0.6729, Hard: 0.2481, Soft: -0.9210                     Acc: 87.50% LR: 0.000123                     Alpha: 0.5744425058364868                     Beta: -0.9739475846290588                     MemKD: 0.3194458782672882
2026-02-17 21:58:59,906 - INFO - Epoch [135/200] Train Loss: -0.5255, Train Acc: 87.87%, Val Loss: 0.4077, Val Acc: 85.37%
2026-02-17 21:59:24,196 - INFO - Epoch [136] Batch [0/17]                     Loss: -0.5168, Hard: 0.3288, Soft: -0.8457                     Acc: 81.25% LR: 0.000119                     Alpha: 0.5744425058364868                     Beta: -0.9763126969337463                     MemKD: 0.31888478994369507
2026-02-17 21:59:55,519 - INFO - Epoch [136/200] Train Loss: -0.5735, Train Acc: 86.76%, Val Loss: 0.4506, Val Acc: 82.58%
2026-02-17 22:00:21,071 - INFO - Epoch [137] Batch [0/17]                     Loss: -0.7428, Hard: 0.1768, Soft: -0.9196                     Acc: 93.75% LR: 0.000116                     Alpha: 0.5744425058364868                     Beta: -0.9785829186439514                     MemKD: 0.3183489143848419
2026-02-17 22:00:53,355 - INFO - Epoch [137/200] Train Loss: -0.5028, Train Acc: 87.50%, Val Loss: 0.4020, Val Acc: 85.77%
2026-02-17 22:01:17,340 - INFO - Epoch [138] Batch [0/17]                     Loss: -0.6802, Hard: 0.2458, Soft: -0.9260                     Acc: 93.75% LR: 0.000113                     Alpha: 0.5744425058364868                     Beta: -0.9807935357093811                     MemKD: 0.3178263306617737
2026-02-17 22:01:48,725 - INFO - Epoch [138/200] Train Loss: -0.5827, Train Acc: 90.44%, Val Loss: 0.3805, Val Acc: 85.90%
2026-02-17 22:02:13,697 - INFO - Epoch [139] Batch [0/17]                     Loss: -0.2352, Hard: 0.5545, Soft: -0.7897                     Acc: 75.00% LR: 0.000109                     Alpha: 0.5744425058364868                     Beta: -0.9829389452934265                     MemKD: 0.3173208236694336
2026-02-17 22:02:45,284 - INFO - Epoch [139/200] Train Loss: -0.5395, Train Acc: 86.03%, Val Loss: 0.4263, Val Acc: 85.90%
2026-02-17 22:03:10,494 - INFO - Epoch [140] Batch [0/17]                     Loss: -0.4694, Hard: 0.3851, Soft: -0.8545                     Acc: 81.25% LR: 0.000106                     Alpha: 0.5744425058364868                     Beta: -0.9850246906280518                     MemKD: 0.31683120131492615
2026-02-17 22:03:43,049 - INFO - Epoch [140/200] Train Loss: -0.6429, Train Acc: 90.44%, Val Loss: 0.4071, Val Acc: 86.04%
2026-02-17 22:03:43,098 - INFO - Checkpoint saved at epoch 140
2026-02-17 22:04:07,492 - INFO - Epoch [141] Batch [0/17]                     Loss: -0.9207, Hard: 0.1017, Soft: -1.0224                     Acc: 93.75% LR: 0.000103                     Alpha: 0.5744425058364868                     Beta: -0.9870398640632629                     MemKD: 0.3163592219352722
2026-02-17 22:04:39,468 - INFO - Epoch [141/200] Train Loss: -0.5671, Train Acc: 88.97%, Val Loss: 0.4242, Val Acc: 86.70%
2026-02-17 22:04:39,468 - INFO - Best model saved with accuracy: 86.70%
2026-02-17 22:05:04,852 - INFO - Epoch [142] Batch [0/17]                     Loss: -0.9453, Hard: 0.0340, Soft: -0.9794                     Acc: 100.00% LR: 0.000100                     Alpha: 0.5744425058364868                     Beta: -0.9890201687812805                     MemKD: 0.31589436531066895
2026-02-17 22:05:36,286 - INFO - Epoch [142/200] Train Loss: -0.6499, Train Acc: 90.81%, Val Loss: 0.4273, Val Acc: 84.57%
2026-02-17 22:06:01,189 - INFO - Epoch [143] Batch [0/17]                     Loss: -0.8103, Hard: 0.1620, Soft: -0.9723                     Acc: 93.75% LR: 0.000097                     Alpha: 0.5744425058364868                     Beta: -0.990924060344696                     MemKD: 0.3154473900794983
2026-02-17 22:06:34,135 - INFO - Epoch [143/200] Train Loss: -0.5996, Train Acc: 88.60%, Val Loss: 0.4177, Val Acc: 83.78%
2026-02-17 22:06:59,378 - INFO - Epoch [144] Batch [0/17]                     Loss: -0.6553, Hard: 0.2595, Soft: -0.9148                     Acc: 87.50% LR: 0.000094                     Alpha: 0.5744425058364868                     Beta: -0.9927753210067749                     MemKD: 0.3150140345096588
2026-02-17 22:07:29,629 - INFO - Epoch [144/200] Train Loss: -0.6746, Train Acc: 91.18%, Val Loss: 0.3755, Val Acc: 86.70%
2026-02-17 22:07:54,399 - INFO - Epoch [145] Batch [0/17]                     Loss: -0.6295, Hard: 0.2401, Soft: -0.8696                     Acc: 93.75% LR: 0.000091                     Alpha: 0.5744425058364868                     Beta: -0.9945628643035889                     MemKD: 0.3145974576473236
2026-02-17 22:08:27,789 - INFO - Epoch [145/200] Train Loss: -0.6297, Train Acc: 89.34%, Val Loss: 0.4159, Val Acc: 86.04%
2026-02-17 22:08:51,396 - INFO - Epoch [146] Batch [0/17]                     Loss: -0.3597, Hard: 0.4469, Soft: -0.8066                     Acc: 87.50% LR: 0.000088                     Alpha: 0.5744425058364868                     Beta: -0.99628084897995                     MemKD: 0.3141985535621643
2026-02-17 22:09:21,521 - INFO - Epoch [146/200] Train Loss: -0.5641, Train Acc: 88.60%, Val Loss: 0.3881, Val Acc: 86.04%
2026-02-17 22:09:44,929 - INFO - Epoch [147] Batch [0/17]                     Loss: -0.7060, Hard: 0.2141, Soft: -0.9200                     Acc: 87.50% LR: 0.000085                     Alpha: 0.5744425058364868                     Beta: -0.9979422092437744                     MemKD: 0.31381314992904663
2026-02-17 22:10:18,180 - INFO - Epoch [147/200] Train Loss: -0.6487, Train Acc: 87.13%, Val Loss: 0.3985, Val Acc: 86.04%
2026-02-17 22:10:42,661 - INFO - Epoch [148] Batch [0/17]                     Loss: -0.7892, Hard: 0.1999, Soft: -0.9891                     Acc: 87.50% LR: 0.000082                     Alpha: 0.5744425058364868                     Beta: -0.9995389580726624                     MemKD: 0.3134443759918213
2026-02-17 22:11:14,066 - INFO - Epoch [148/200] Train Loss: -0.6806, Train Acc: 90.07%, Val Loss: 0.4230, Val Acc: 83.78%
2026-02-17 22:11:38,615 - INFO - Epoch [149] Batch [0/17]                     Loss: -0.7213, Hard: 0.2394, Soft: -0.9606                     Acc: 93.75% LR: 0.000079                     Alpha: 0.5744425058364868                     Beta: -1.0010993480682373                     MemKD: 0.31308096647262573
2026-02-17 22:12:10,472 - INFO - Epoch [149/200] Train Loss: -0.6645, Train Acc: 89.71%, Val Loss: 0.4253, Val Acc: 85.90%
2026-02-17 22:12:35,497 - INFO - Epoch [150] Batch [0/17]                     Loss: -0.8778, Hard: 0.1618, Soft: -1.0396                     Acc: 93.75% LR: 0.000076                     Alpha: 0.5744425058364868                     Beta: -1.0025933980941772                     MemKD: 0.312733918428421
2026-02-17 22:13:06,594 - INFO - Epoch [150/200] Train Loss: -0.6581, Train Acc: 90.44%, Val Loss: 0.4026, Val Acc: 84.71%
2026-02-17 22:13:06,634 - INFO - Checkpoint saved at epoch 150
2026-02-17 22:13:30,868 - INFO - Epoch [151] Batch [0/17]                     Loss: -0.7559, Hard: 0.2274, Soft: -0.9833                     Acc: 93.75% LR: 0.000073                     Alpha: 0.5744425058364868                     Beta: -1.0040394067764282                     MemKD: 0.31239914894104004
2026-02-17 22:14:02,635 - INFO - Epoch [151/200] Train Loss: -0.6801, Train Acc: 89.34%, Val Loss: 0.3874, Val Acc: 86.84%
2026-02-17 22:14:02,635 - INFO - Best model saved with accuracy: 86.84%
2026-02-17 22:14:27,404 - INFO - Epoch [152] Batch [0/17]                     Loss: -0.7069, Hard: 0.1941, Soft: -0.9010                     Acc: 93.75% LR: 0.000070                     Alpha: 0.5744425058364868                     Beta: -1.005419373512268                     MemKD: 0.3120812177658081
2026-02-17 22:14:58,329 - INFO - Epoch [152/200] Train Loss: -0.7597, Train Acc: 93.01%, Val Loss: 0.4059, Val Acc: 84.04%
2026-02-17 22:15:22,371 - INFO - Epoch [153] Batch [0/17]                     Loss: -0.6268, Hard: 0.2705, Soft: -0.8974                     Acc: 87.50% LR: 0.000068                     Alpha: 0.5744425058364868                     Beta: -1.006769061088562                     MemKD: 0.3117685616016388
2026-02-17 22:15:53,889 - INFO - Epoch [153/200] Train Loss: -0.6056, Train Acc: 87.50%, Val Loss: 0.4282, Val Acc: 85.51%
2026-02-17 22:16:19,031 - INFO - Epoch [154] Batch [0/17]                     Loss: -0.8511, Hard: 0.1495, Soft: -1.0006                     Acc: 100.00% LR: 0.000065                     Alpha: 0.5744425058364868                     Beta: -1.0080437660217285                     MemKD: 0.31147709488868713
2026-02-17 22:16:51,003 - INFO - Epoch [154/200] Train Loss: -0.6980, Train Acc: 90.81%, Val Loss: 0.4034, Val Acc: 86.04%
2026-02-17 22:17:13,929 - INFO - Epoch [155] Batch [0/17]                     Loss: -0.7994, Hard: 0.1628, Soft: -0.9622                     Acc: 87.50% LR: 0.000062                     Alpha: 0.5744425058364868                     Beta: -1.009268879890442                     MemKD: 0.31119614839553833
2026-02-17 22:17:45,607 - INFO - Epoch [155/200] Train Loss: -0.7990, Train Acc: 93.01%, Val Loss: 0.3827, Val Acc: 87.10%
2026-02-17 22:17:45,607 - INFO - Best model saved with accuracy: 87.10%
2026-02-17 22:18:11,239 - INFO - Epoch [156] Batch [0/17]                     Loss: -0.5969, Hard: 0.3189, Soft: -0.9158                     Acc: 87.50% LR: 0.000060                     Alpha: 0.5744425058364868                     Beta: -1.0104641914367676                     MemKD: 0.3109196424484253
2026-02-17 22:18:42,643 - INFO - Epoch [156/200] Train Loss: -0.6552, Train Acc: 88.60%, Val Loss: 0.4054, Val Acc: 86.04%
2026-02-17 22:19:07,483 - INFO - Epoch [157] Batch [0/17]                     Loss: -0.7320, Hard: 0.2051, Soft: -0.9370                     Acc: 93.75% LR: 0.000057                     Alpha: 0.5744425058364868                     Beta: -1.0115938186645508                     MemKD: 0.31066158413887024
2026-02-17 22:19:39,844 - INFO - Epoch [157/200] Train Loss: -0.6916, Train Acc: 91.18%, Val Loss: 0.4092, Val Acc: 86.17%
2026-02-17 22:20:05,266 - INFO - Epoch [158] Batch [0/17]                     Loss: -0.5667, Hard: 0.3660, Soft: -0.9327                     Acc: 75.00% LR: 0.000055                     Alpha: 0.5744425058364868                     Beta: -1.0126746892929077                     MemKD: 0.31041449308395386
2026-02-17 22:20:36,291 - INFO - Epoch [158/200] Train Loss: -0.6091, Train Acc: 88.24%, Val Loss: 0.3956, Val Acc: 85.51%
2026-02-17 22:21:00,100 - INFO - Epoch [159] Batch [0/17]                     Loss: -0.9552, Hard: 0.0746, Soft: -1.0298                     Acc: 100.00% LR: 0.000052                     Alpha: 0.5744425058364868                     Beta: -1.0136820077896118                     MemKD: 0.31018662452697754
2026-02-17 22:21:31,965 - INFO - Epoch [159/200] Train Loss: -0.6490, Train Acc: 90.07%, Val Loss: 0.3993, Val Acc: 85.51%
2026-02-17 22:21:56,545 - INFO - Epoch [160] Batch [0/17]                     Loss: -0.8658, Hard: 0.1213, Soft: -0.9871                     Acc: 100.00% LR: 0.000050                     Alpha: 0.5744425058364868                     Beta: -1.0146489143371582                     MemKD: 0.309967041015625
2026-02-17 22:22:27,090 - INFO - Epoch [160/200] Train Loss: -0.6573, Train Acc: 91.54%, Val Loss: 0.3978, Val Acc: 86.04%
2026-02-17 22:22:27,137 - INFO - Checkpoint saved at epoch 160
2026-02-17 22:22:51,402 - INFO - Epoch [161] Batch [0/17]                     Loss: -0.5453, Hard: 0.3506, Soft: -0.8959                     Acc: 81.25% LR: 0.000048                     Alpha: 0.5744425058364868                     Beta: -1.0155671834945679                     MemKD: 0.3097587823867798
2026-02-17 22:23:23,759 - INFO - Epoch [161/200] Train Loss: -0.7001, Train Acc: 90.07%, Val Loss: 0.3764, Val Acc: 87.23%
2026-02-17 22:23:23,759 - INFO - Best model saved with accuracy: 87.23%
2026-02-17 22:23:49,146 - INFO - Epoch [162] Batch [0/17]                     Loss: -0.9777, Hard: 0.0658, Soft: -1.0435                     Acc: 100.00% LR: 0.000045                     Alpha: 0.5744425058364868                     Beta: -1.0164563655853271                     MemKD: 0.30955690145492554
2026-02-17 22:24:20,503 - INFO - Epoch [162/200] Train Loss: -0.7754, Train Acc: 94.49%, Val Loss: 0.3791, Val Acc: 86.57%
2026-02-17 22:24:44,508 - INFO - Epoch [163] Batch [0/17]                     Loss: -0.6480, Hard: 0.3050, Soft: -0.9530                     Acc: 93.75% LR: 0.000043                     Alpha: 0.5744425058364868                     Beta: -1.0173124074935913                     MemKD: 0.3093622326850891
2026-02-17 22:25:15,663 - INFO - Epoch [163/200] Train Loss: -0.7828, Train Acc: 93.75%, Val Loss: 0.4397, Val Acc: 85.77%
2026-02-17 22:25:40,146 - INFO - Epoch [164] Batch [0/17]                     Loss: -0.8550, Hard: 0.1483, Soft: -1.0033                     Acc: 100.00% LR: 0.000041                     Alpha: 0.5744425058364868                     Beta: -1.0181325674057007                     MemKD: 0.3091745674610138
2026-02-17 22:26:11,898 - INFO - Epoch [164/200] Train Loss: -0.7533, Train Acc: 93.75%, Val Loss: 0.4426, Val Acc: 86.30%
2026-02-17 22:26:36,736 - INFO - Epoch [165] Batch [0/17]                     Loss: -0.4015, Hard: 0.4202, Soft: -0.8217                     Acc: 75.00% LR: 0.000039                     Alpha: 0.5744425058364868                     Beta: -1.018903136253357                     MemKD: 0.308999627828598
2026-02-17 22:27:08,129 - INFO - Epoch [165/200] Train Loss: -0.6903, Train Acc: 89.71%, Val Loss: 0.3723, Val Acc: 86.17%
2026-02-17 22:27:31,991 - INFO - Epoch [166] Batch [0/17]                     Loss: -0.7328, Hard: 0.2397, Soft: -0.9725                     Acc: 87.50% LR: 0.000037                     Alpha: 0.5744425058364868                     Beta: -1.0196244716644287                     MemKD: 0.30883699655532837
2026-02-17 22:28:03,893 - INFO - Epoch [166/200] Train Loss: -0.7309, Train Acc: 92.65%, Val Loss: 0.4129, Val Acc: 84.44%
2026-02-17 22:28:29,977 - INFO - Epoch [167] Batch [0/17]                     Loss: -0.7930, Hard: 0.1988, Soft: -0.9917                     Acc: 87.50% LR: 0.000035                     Alpha: 0.5744425058364868                     Beta: -1.0203096866607666                     MemKD: 0.30868223309516907
2026-02-17 22:29:00,989 - INFO - Epoch [167/200] Train Loss: -0.6764, Train Acc: 90.44%, Val Loss: 0.3967, Val Acc: 85.64%
2026-02-17 22:29:25,451 - INFO - Epoch [168] Batch [0/17]                     Loss: -1.0317, Hard: 0.0541, Soft: -1.0858                     Acc: 100.00% LR: 0.000033                     Alpha: 0.5744425058364868                     Beta: -1.020951271057129                     MemKD: 0.3085378408432007
2026-02-17 22:29:58,846 - INFO - Epoch [168/200] Train Loss: -0.7139, Train Acc: 93.01%, Val Loss: 0.4025, Val Acc: 85.77%
2026-02-17 22:30:22,635 - INFO - Epoch [169] Batch [0/17]                     Loss: -0.8370, Hard: 0.1736, Soft: -1.0106                     Acc: 100.00% LR: 0.000031                     Alpha: 0.5744425058364868                     Beta: -1.0215506553649902                     MemKD: 0.30840349197387695
2026-02-17 22:30:52,438 - INFO - Epoch [169/200] Train Loss: -0.7510, Train Acc: 94.12%, Val Loss: 0.3809, Val Acc: 86.57%
2026-02-17 22:31:16,373 - INFO - Epoch [170] Batch [0/17]                     Loss: -0.7884, Hard: 0.2091, Soft: -0.9975                     Acc: 93.75% LR: 0.000029                     Alpha: 0.5744425058364868                     Beta: -1.0221269130706787                     MemKD: 0.30827340483665466
2026-02-17 22:31:48,602 - INFO - Epoch [170/200] Train Loss: -0.6976, Train Acc: 89.71%, Val Loss: 0.3913, Val Acc: 86.30%
2026-02-17 22:31:48,673 - INFO - Checkpoint saved at epoch 170
2026-02-17 22:32:13,415 - INFO - Epoch [171] Batch [0/17]                     Loss: -1.0047, Hard: 0.0463, Soft: -1.0510                     Acc: 100.00% LR: 0.000027                     Alpha: 0.5744425058364868                     Beta: -1.0226608514785767                     MemKD: 0.30815356969833374
2026-02-17 22:32:44,440 - INFO - Epoch [171/200] Train Loss: -0.7678, Train Acc: 93.38%, Val Loss: 0.3924, Val Acc: 86.44%
2026-02-17 22:33:08,517 - INFO - Epoch [172] Batch [0/17]                     Loss: -0.6456, Hard: 0.3035, Soft: -0.9491                     Acc: 93.75% LR: 0.000025                     Alpha: 0.5744425058364868                     Beta: -1.0231671333312988                     MemKD: 0.3080395758152008
2026-02-17 22:33:40,163 - INFO - Epoch [172/200] Train Loss: -0.6880, Train Acc: 90.81%, Val Loss: 0.3975, Val Acc: 86.70%
2026-02-17 22:34:04,108 - INFO - Epoch [173] Batch [0/17]                     Loss: -0.3214, Hard: 0.4999, Soft: -0.8213                     Acc: 81.25% LR: 0.000024                     Alpha: 0.5744425058364868                     Beta: -1.0236338376998901                     MemKD: 0.30793502926826477
2026-02-17 22:34:34,912 - INFO - Epoch [173/200] Train Loss: -0.6095, Train Acc: 89.71%, Val Loss: 0.4118, Val Acc: 86.30%
2026-02-17 22:34:59,242 - INFO - Epoch [174] Batch [0/17]                     Loss: -0.7632, Hard: 0.2203, Soft: -0.9834                     Acc: 87.50% LR: 0.000022                     Alpha: 0.5744425058364868                     Beta: -1.024064302444458                     MemKD: 0.3078392446041107
2026-02-17 22:35:31,963 - INFO - Epoch [174/200] Train Loss: -0.7370, Train Acc: 90.81%, Val Loss: 0.3993, Val Acc: 85.90%
2026-02-17 22:35:56,313 - INFO - Epoch [175] Batch [0/17]                     Loss: -0.8400, Hard: 0.1835, Soft: -1.0235                     Acc: 87.50% LR: 0.000021                     Alpha: 0.5744425058364868                     Beta: -1.0244637727737427                     MemKD: 0.30775055289268494
2026-02-17 22:36:27,037 - INFO - Epoch [175/200] Train Loss: -0.6973, Train Acc: 89.71%, Val Loss: 0.3809, Val Acc: 86.70%
2026-02-17 22:36:51,533 - INFO - Epoch [176] Batch [0/17]                     Loss: -0.7267, Hard: 0.2752, Soft: -1.0019                     Acc: 87.50% LR: 0.000019                     Alpha: 0.5744425058364868                     Beta: -1.0248384475708008                     MemKD: 0.3076672852039337
2026-02-17 22:37:24,763 - INFO - Epoch [176/200] Train Loss: -0.6890, Train Acc: 89.34%, Val Loss: 0.3784, Val Acc: 87.50%
2026-02-17 22:37:24,764 - INFO - Best model saved with accuracy: 87.50%
2026-02-17 22:37:50,621 - INFO - Epoch [177] Batch [0/17]                     Loss: -0.4551, Hard: 0.4500, Soft: -0.9051                     Acc: 87.50% LR: 0.000018                     Alpha: 0.5744425058364868                     Beta: -1.0251859426498413                     MemKD: 0.30758994817733765
2026-02-17 22:38:22,937 - INFO - Epoch [177/200] Train Loss: -0.6188, Train Acc: 87.50%, Val Loss: 0.3855, Val Acc: 86.84%
2026-02-17 22:38:47,480 - INFO - Epoch [178] Batch [0/17]                     Loss: -0.7598, Hard: 0.2075, Soft: -0.9673                     Acc: 87.50% LR: 0.000016                     Alpha: 0.5744425058364868                     Beta: -1.0255032777786255                     MemKD: 0.30751943588256836
2026-02-17 22:39:19,230 - INFO - Epoch [178/200] Train Loss: -0.7972, Train Acc: 91.54%, Val Loss: 0.3757, Val Acc: 86.04%
2026-02-17 22:39:44,153 - INFO - Epoch [179] Batch [0/17]                     Loss: -0.7252, Hard: 0.2179, Soft: -0.9431                     Acc: 93.75% LR: 0.000015                     Alpha: 0.5744425058364868                     Beta: -1.0258007049560547                     MemKD: 0.3074529469013214
2026-02-17 22:40:15,550 - INFO - Epoch [179/200] Train Loss: -0.6575, Train Acc: 91.91%, Val Loss: 0.3714, Val Acc: 87.63%
2026-02-17 22:40:15,551 - INFO - Best model saved with accuracy: 87.63%
2026-02-17 22:40:40,096 - INFO - Epoch [180] Batch [0/17]                     Loss: -0.6516, Hard: 0.2549, Soft: -0.9066                     Acc: 87.50% LR: 0.000013                     Alpha: 0.5744425058364868                     Beta: -1.026067852973938                     MemKD: 0.3073936998844147
2026-02-17 22:41:12,193 - INFO - Epoch [180/200] Train Loss: -0.6655, Train Acc: 89.71%, Val Loss: 0.3857, Val Acc: 86.57%
2026-02-17 22:41:12,242 - INFO - Checkpoint saved at epoch 180
2026-02-17 22:41:38,039 - INFO - Epoch [181] Batch [0/17]                     Loss: -0.6955, Hard: 0.2300, Soft: -0.9254                     Acc: 93.75% LR: 0.000012                     Alpha: 0.5744425058364868                     Beta: -1.0263092517852783                     MemKD: 0.3073404133319855
2026-02-17 22:42:11,121 - INFO - Epoch [181/200] Train Loss: -0.7822, Train Acc: 92.65%, Val Loss: 0.3829, Val Acc: 86.30%
2026-02-17 22:42:35,319 - INFO - Epoch [182] Batch [0/17]                     Loss: -0.6927, Hard: 0.2923, Soft: -0.9850                     Acc: 87.50% LR: 0.000011                     Alpha: 0.5744425058364868                     Beta: -1.0265318155288696                     MemKD: 0.3072909414768219
2026-02-17 22:43:07,116 - INFO - Epoch [182/200] Train Loss: -0.7192, Train Acc: 90.07%, Val Loss: 0.3869, Val Acc: 86.04%
2026-02-17 22:43:31,987 - INFO - Epoch [183] Batch [0/17]                     Loss: -0.7430, Hard: 0.2484, Soft: -0.9914                     Acc: 87.50% LR: 0.000010                     Alpha: 0.5744425058364868                     Beta: -1.0267339944839478                     MemKD: 0.30724605917930603
2026-02-17 22:44:04,353 - INFO - Epoch [183/200] Train Loss: -0.7414, Train Acc: 90.07%, Val Loss: 0.3794, Val Acc: 87.10%
2026-02-17 22:44:28,410 - INFO - Epoch [184] Batch [0/17]                     Loss: -0.4584, Hard: 0.4189, Soft: -0.8773                     Acc: 81.25% LR: 0.000009                     Alpha: 0.5744425058364868                     Beta: -1.026915192604065                     MemKD: 0.30720582604408264
2026-02-17 22:44:59,710 - INFO - Epoch [184/200] Train Loss: -0.7729, Train Acc: 90.07%, Val Loss: 0.3742, Val Acc: 87.77%
2026-02-17 22:44:59,711 - INFO - Best model saved with accuracy: 87.77%
2026-02-17 22:45:24,447 - INFO - Epoch [185] Batch [0/17]                     Loss: -0.4480, Hard: 0.3535, Soft: -0.8015                     Acc: 81.25% LR: 0.000008                     Alpha: 0.5744425058364868                     Beta: -1.027077317237854                     MemKD: 0.30716973543167114
2026-02-17 22:45:55,642 - INFO - Epoch [185/200] Train Loss: -0.7410, Train Acc: 90.81%, Val Loss: 0.3840, Val Acc: 86.30%
2026-02-17 22:46:20,164 - INFO - Epoch [186] Batch [0/17]                     Loss: -0.4616, Hard: 0.4499, Soft: -0.9115                     Acc: 81.25% LR: 0.000007                     Alpha: 0.5744425058364868                     Beta: -1.0272204875946045                     MemKD: 0.3071379065513611
2026-02-17 22:46:51,397 - INFO - Epoch [186/200] Train Loss: -0.6347, Train Acc: 89.71%, Val Loss: 0.3651, Val Acc: 87.23%
2026-02-17 22:47:15,935 - INFO - Epoch [187] Batch [0/17]                     Loss: -0.8439, Hard: 0.1427, Soft: -0.9866                     Acc: 93.75% LR: 0.000006                     Alpha: 0.5744425058364868                     Beta: -1.0273436307907104                     MemKD: 0.30711087584495544
2026-02-17 22:47:47,454 - INFO - Epoch [187/200] Train Loss: -0.7529, Train Acc: 92.28%, Val Loss: 0.3747, Val Acc: 86.70%
2026-02-17 22:48:12,842 - INFO - Epoch [188] Batch [0/17]                     Loss: -0.6250, Hard: 0.3210, Soft: -0.9460                     Acc: 81.25% LR: 0.000005                     Alpha: 0.5744425058364868                     Beta: -1.0274525880813599                     MemKD: 0.3070867657661438
2026-02-17 22:48:44,470 - INFO - Epoch [188/200] Train Loss: -0.7059, Train Acc: 89.34%, Val Loss: 0.3805, Val Acc: 86.30%
2026-02-17 22:49:08,911 - INFO - Epoch [189] Batch [0/17]                     Loss: -0.5307, Hard: 0.3763, Soft: -0.9070                     Acc: 87.50% LR: 0.000004                     Alpha: 0.5744425058364868                     Beta: -1.0275460481643677                     MemKD: 0.3070661127567291
2026-02-17 22:49:41,007 - INFO - Epoch [189/200] Train Loss: -0.7133, Train Acc: 90.07%, Val Loss: 0.3824, Val Acc: 87.10%
2026-02-17 22:50:05,279 - INFO - Epoch [190] Batch [0/17]                     Loss: -0.7236, Hard: 0.2503, Soft: -0.9739                     Acc: 93.75% LR: 0.000004                     Alpha: 0.5744425058364868                     Beta: -1.027626395225525                     MemKD: 0.3070484697818756
2026-02-17 22:50:37,403 - INFO - Epoch [190/200] Train Loss: -0.6227, Train Acc: 86.03%, Val Loss: 0.3709, Val Acc: 86.84%
2026-02-17 22:50:37,444 - INFO - Checkpoint saved at epoch 190
2026-02-17 22:51:02,481 - INFO - Epoch [191] Batch [0/17]                     Loss: -0.7002, Hard: 0.2706, Soft: -0.9708                     Acc: 93.75% LR: 0.000003                     Alpha: 0.5744425058364868                     Beta: -1.0276923179626465                     MemKD: 0.30703410506248474
2026-02-17 22:51:34,419 - INFO - Epoch [191/200] Train Loss: -0.7365, Train Acc: 90.81%, Val Loss: 0.3724, Val Acc: 87.23%
2026-02-17 22:51:58,710 - INFO - Epoch [192] Batch [0/17]                     Loss: -0.7447, Hard: 0.2389, Soft: -0.9837                     Acc: 87.50% LR: 0.000002                     Alpha: 0.5744425058364868                     Beta: -1.027747392654419                     MemKD: 0.3070219159126282
2026-02-17 22:52:28,571 - INFO - Epoch [192/200] Train Loss: -0.7771, Train Acc: 93.01%, Val Loss: 0.3713, Val Acc: 87.23%
2026-02-17 22:52:53,385 - INFO - Epoch [193] Batch [0/17]                     Loss: -0.7935, Hard: 0.1684, Soft: -0.9620                     Acc: 87.50% LR: 0.000002                     Alpha: 0.5744425058364868                     Beta: -1.02779221534729                     MemKD: 0.30701199173927307
2026-02-17 22:53:26,013 - INFO - Epoch [193/200] Train Loss: -0.7695, Train Acc: 91.91%, Val Loss: 0.3759, Val Acc: 87.77%
2026-02-17 22:53:49,791 - INFO - Epoch [194] Batch [0/17]                     Loss: -0.1229, Hard: 0.6208, Soft: -0.7437                     Acc: 75.00% LR: 0.000002                     Alpha: 0.5744425058364868                     Beta: -1.0278286933898926                     MemKD: 0.30700403451919556
2026-02-17 22:54:21,241 - INFO - Epoch [194/200] Train Loss: -0.7234, Train Acc: 92.28%, Val Loss: 0.3694, Val Acc: 87.23%
2026-02-17 22:54:45,485 - INFO - Epoch [195] Batch [0/17]                     Loss: -0.0184, Hard: 0.7370, Soft: -0.7555                     Acc: 75.00% LR: 0.000001                     Alpha: 0.5744425058364868                     Beta: -1.0278551578521729                     MemKD: 0.3069981336593628
2026-02-17 22:55:17,705 - INFO - Epoch [195/200] Train Loss: -0.6778, Train Acc: 89.34%, Val Loss: 0.3878, Val Acc: 86.84%
2026-02-17 22:55:42,807 - INFO - Epoch [196] Batch [0/17]                     Loss: -0.9852, Hard: 0.0675, Soft: -1.0528                     Acc: 100.00% LR: 0.000001                     Alpha: 0.5744425058364868                     Beta: -1.0278754234313965                     MemKD: 0.3069938123226166
2026-02-17 22:56:13,812 - INFO - Epoch [196/200] Train Loss: -0.8186, Train Acc: 91.54%, Val Loss: 0.3813, Val Acc: 86.44%
2026-02-17 22:56:38,179 - INFO - Epoch [197] Batch [0/17]                     Loss: -0.9499, Hard: 0.0992, Soft: -1.0491                     Acc: 100.00% LR: 0.000000                     Alpha: 0.5744425058364868                     Beta: -1.027889609336853                     MemKD: 0.3069908022880554
2026-02-17 22:57:10,840 - INFO - Epoch [197/200] Train Loss: -0.7211, Train Acc: 89.71%, Val Loss: 0.3701, Val Acc: 86.57%
2026-02-17 22:57:35,200 - INFO - Epoch [198] Batch [0/17]                     Loss: -0.6376, Hard: 0.3020, Soft: -0.9396                     Acc: 87.50% LR: 0.000000                     Alpha: 0.5744425058364868                     Beta: -1.0278977155685425                     MemKD: 0.3069888651371002
2026-02-17 22:58:05,913 - INFO - Epoch [198/200] Train Loss: -0.7523, Train Acc: 91.91%, Val Loss: 0.3663, Val Acc: 87.23%
2026-02-17 22:58:29,915 - INFO - Epoch [199] Batch [0/17]                     Loss: -0.8053, Hard: 0.1633, Soft: -0.9686                     Acc: 93.75% LR: 0.000000                     Alpha: 0.5744425058364868                     Beta: -1.0279017686843872                     MemKD: 0.3069877624511719
2026-02-17 22:59:01,029 - INFO - Epoch [199/200] Train Loss: -0.7782, Train Acc: 92.65%, Val Loss: 0.3757, Val Acc: 86.44%
2026-02-17 22:59:25,426 - INFO - Epoch [200] Batch [0/17]                     Loss: -0.6667, Hard: 0.2715, Soft: -0.9382                     Acc: 93.75% LR: 0.000000                     Alpha: 0.5744425058364868                     Beta: -1.0279037952423096                     MemKD: 0.30698734521865845
2026-02-17 22:59:56,470 - INFO - Epoch [200/200] Train Loss: -0.6937, Train Acc: 90.07%, Val Loss: 0.3658, Val Acc: 87.10%
2026-02-17 22:59:56,527 - INFO - Checkpoint saved at epoch 200
2026-02-17 22:59:56,527 - INFO - ==================================================
2026-02-17 22:59:56,527 - INFO - Training finished! Best accuracy: 87.77%
2026-02-17 22:59:56,527 - INFO - ==================================================
