2026-02-12 21:51:31,266 - INFO - ==================================================
2026-02-12 21:51:31,266 - INFO - Distillation Training Configuration
2026-02-12 21:51:31,266 - INFO - ==================================================
2026-02-12 21:51:31,266 - INFO - GPUs: [4, 5, 6, 7]
2026-02-12 21:51:31,266 - INFO - World size: 4
2026-02-12 21:51:31,266 - INFO - Dataset: /media/hdd1/chuxiaohui/AI4Ocean_UATR/DeepShip_622
2026-02-12 21:51:31,266 - INFO - Data type: wav_s@wav_t
2026-02-12 21:51:31,266 - INFO - Batch size: 16
2026-02-12 21:51:31,266 - INFO - Epochs: 100
2026-02-12 21:51:31,266 - INFO - Learning rate: 0.0005
2026-02-12 21:51:31,266 - INFO - Temperature: 2.0
2026-02-12 21:51:31,266 - INFO - Alpha: 0.3
2026-02-12 21:51:31,267 - INFO - Save dir: checkpoints/grid_deepship_0/num_epochs100_weight_decay0.0001_batch_size16_lr0.0005_distill_typeMemKD_freezeFalse_USE_DYNAMIC_DISTILL_WEIGHTFalse_p_encoder0.3_p_classifier0.5
2026-02-12 21:51:31,267 - INFO - ==================================================
2026-02-12 21:51:31,529 - INFO - Train dataset size: 31892
2026-02-12 21:51:31,529 - INFO - Validation dataset size: 10631
2026-02-12 21:51:33,441 - INFO - Student params: 316,234 (0.32M)
2026-02-12 21:51:33,441 - INFO - Teacher params: 164,415,748 (164.42M)
2026-02-12 21:51:33,441 - INFO - Trainable params: 164,686,990 (164.69M)
2026-02-12 21:51:34,522 - INFO - Start training...
2026-02-12 21:51:34,523 - INFO - No checkpoint found, start from scratch
