2026-02-06 21:05:19,152 - INFO - ==================================================
2026-02-06 21:05:19,153 - INFO - Distillation Training Configuration
2026-02-06 21:05:19,153 - INFO - ==================================================
2026-02-06 21:05:19,153 - INFO - GPUs: [4, 5, 6, 7]
2026-02-06 21:05:19,153 - INFO - World size: 4
2026-02-06 21:05:19,153 - INFO - Dataset: /media/hdd1/chuxiaohui/AI4Ocean_UATR/ShipsEar_622
2026-02-06 21:05:19,153 - INFO - Data type: wav_s@wav_t
2026-02-06 21:05:19,153 - INFO - Batch size: 16
2026-02-06 21:05:19,153 - INFO - Epochs: 100
2026-02-06 21:05:19,153 - INFO - Learning rate: 0.0005
2026-02-06 21:05:19,153 - INFO - Temperature: 2.0
2026-02-06 21:05:19,153 - INFO - Alpha: 0.3
2026-02-06 21:05:19,153 - INFO - Save dir: checkpoints/grid_shipsear/num_epochs100_weight_decay0.0001_batch_size16_lr0.0005_distill_typeTser_freezeTrue_USE_DYNAMIC_DISTILL_WEIGHTTrue_p_encoder0.1_p_classifier0.2
2026-02-06 21:05:19,153 - INFO - ==================================================
2026-02-06 21:05:19,185 - INFO - Train dataset size: 2240
2026-02-06 21:05:19,185 - INFO - Validation dataset size: 749
2026-02-06 21:05:21,504 - INFO - Student params: 316,299 (0.32M)
2026-02-06 21:05:21,504 - INFO - Teacher params: 164,415,877 (164.42M)
2026-02-06 21:05:21,505 - INFO - Trainable params: 271,372 (0.27M)
2026-02-06 21:05:22,482 - INFO - Start training...
2026-02-06 21:05:22,483 - INFO - 🔥 Resume from: checkpoints/grid_shipsear/num_epochs100_weight_decay0.0001_batch_size16_lr0.0005_distill_typeTser_freezeTrue_USE_DYNAMIC_DISTILL_WEIGHTTrue_p_encoder0.1_p_classifier0.2/checkpoint_epoch_30.pth
2026-02-06 21:05:22,719 - INFO - Resume epoch: 31
2026-02-06 21:05:22,719 - INFO - Best acc: 77.92553191489361
2026-02-06 21:05:46,578 - INFO - Epoch [31] Batch [0/35]                     Loss: 0.7426, Hard: 0.6855, Soft: 0.2075                     Acc: 75.00% LR: 0.000397                     Alpha: 0.5744425058364868                     Beta: 0.0                     MemKD: 0.0
2026-02-06 21:05:50,582 - INFO - Epoch [31] Batch [20/35]                     Loss: 0.3900, Hard: 0.3646, Soft: 0.0923                     Acc: 78.57% LR: 0.000397                     Alpha: 0.5744425058364868                     Beta: 0.014440678991377354                     MemKD: 0.0
2026-02-06 21:06:19,547 - INFO - Epoch [31/100] Train Loss: 0.6039, Train Acc: 78.21%, Val Loss: 0.6699, Val Acc: 71.94%
2026-02-06 21:06:42,847 - INFO - Epoch [32] Batch [0/35]                     Loss: 0.6100, Hard: 0.5613, Soft: 0.1625                     Acc: 75.00% LR: 0.000391                     Alpha: 0.5744425058364868                     Beta: 0.02607474848628044                     MemKD: 0.0
2026-02-06 21:06:46,932 - INFO - Epoch [32] Batch [20/35]                     Loss: 0.4583, Hard: 0.4153, Soft: 0.1432                     Acc: 78.27% LR: 0.000391                     Alpha: 0.5744425058364868                     Beta: 0.04157952964305878                     MemKD: 0.0
2026-02-06 21:07:16,855 - INFO - Epoch [32/100] Train Loss: 0.5875, Train Acc: 79.29%, Val Loss: 0.6500, Val Acc: 76.73%
2026-02-06 21:07:40,129 - INFO - Epoch [33] Batch [0/35]                     Loss: 0.5317, Hard: 0.4917, Soft: 0.1229                     Acc: 87.50% LR: 0.000384                     Alpha: 0.5744425058364868                     Beta: 0.053402479737997055                     MemKD: 0.0
2026-02-06 21:07:44,231 - INFO - Epoch [33] Batch [20/35]                     Loss: 0.6708, Hard: 0.6228, Soft: 0.1478                     Acc: 80.06% LR: 0.000384                     Alpha: 0.5744425058364868                     Beta: 0.0688365176320076                     MemKD: 0.0
2026-02-06 21:08:14,657 - INFO - Epoch [33/100] Train Loss: 0.6126, Train Acc: 79.11%, Val Loss: 0.6507, Val Acc: 72.47%
2026-02-06 21:08:37,453 - INFO - Epoch [34] Batch [0/35]                     Loss: 0.6344, Hard: 0.5777, Soft: 0.1619                     Acc: 75.00% LR: 0.000377                     Alpha: 0.5744425058364868                     Beta: 0.08146051317453384                     MemKD: 0.0
2026-02-06 21:08:41,480 - INFO - Epoch [34] Batch [20/35]                     Loss: 0.6401, Hard: 0.5818, Soft: 0.1666                     Acc: 80.65% LR: 0.000377                     Alpha: 0.5744425058364868                     Beta: 0.09658397734165192                     MemKD: 0.0
2026-02-06 21:09:10,640 - INFO - Epoch [34/100] Train Loss: 0.5925, Train Acc: 79.64%, Val Loss: 0.8849, Val Acc: 67.15%
2026-02-06 21:09:33,320 - INFO - Epoch [35] Batch [0/35]                     Loss: 1.2316, Hard: 1.1122, Soft: 0.3182                     Acc: 56.25% LR: 0.000370                     Alpha: 0.5744425058364868                     Beta: 0.1082439199090004                     MemKD: 0.0
2026-02-06 21:09:37,317 - INFO - Epoch [35] Batch [20/35]                     Loss: 0.4849, Hard: 0.4453, Soft: 0.1054                     Acc: 77.98% LR: 0.000370                     Alpha: 0.5744425058364868                     Beta: 0.12353689223527908                     MemKD: 0.0
2026-02-06 21:10:07,570 - INFO - Epoch [35/100] Train Loss: 0.6184, Train Acc: 78.21%, Val Loss: 0.6615, Val Acc: 74.47%
2026-02-06 21:10:30,417 - INFO - Epoch [36] Batch [0/35]                     Loss: 0.5332, Hard: 0.4849, Soft: 0.1208                     Acc: 81.25% LR: 0.000363                     Alpha: 0.5744425058364868                     Beta: 0.13412940502166748                     MemKD: 0.0
2026-02-06 21:10:34,197 - INFO - Epoch [36] Batch [20/35]                     Loss: 0.6705, Hard: 0.6108, Soft: 0.1493                     Acc: 80.95% LR: 0.000363                     Alpha: 0.5744425058364868                     Beta: 0.14723214507102966                     MemKD: 0.0
2026-02-06 21:11:03,529 - INFO - Epoch [36/100] Train Loss: 0.5585, Train Acc: 81.79%, Val Loss: 0.5521, Val Acc: 78.46%
2026-02-06 21:11:03,529 - INFO - Best model saved with accuracy: 78.46%
2026-02-06 21:11:26,318 - INFO - Epoch [37] Batch [0/35]                     Loss: 0.2952, Hard: 0.2678, Soft: 0.0645                     Acc: 87.50% LR: 0.000356                     Alpha: 0.5744425058364868                     Beta: 0.1568618267774582                     MemKD: 0.0
2026-02-06 21:11:30,364 - INFO - Epoch [37] Batch [20/35]                     Loss: 0.7167, Hard: 0.6581, Soft: 0.1380                     Acc: 83.33% LR: 0.000356                     Alpha: 0.5744425058364868                     Beta: 0.16842935979366302                     MemKD: 0.0
2026-02-06 21:12:00,090 - INFO - Epoch [37/100] Train Loss: 0.5162, Train Acc: 84.11%, Val Loss: 0.5446, Val Acc: 78.72%
2026-02-06 21:12:00,091 - INFO - Best model saved with accuracy: 78.72%
2026-02-06 21:12:22,123 - INFO - Epoch [38] Batch [0/35]                     Loss: 0.1913, Hard: 0.1623, Soft: 0.0643                     Acc: 100.00% LR: 0.000349                     Alpha: 0.5744425058364868                     Beta: 0.1768464893102646                     MemKD: 0.0
2026-02-06 21:12:26,110 - INFO - Epoch [38] Batch [20/35]                     Loss: 0.9089, Hard: 0.8109, Soft: 0.2179                     Acc: 85.42% LR: 0.000349                     Alpha: 0.5744425058364868                     Beta: 0.18792808055877686                     MemKD: 0.0
2026-02-06 21:12:55,546 - INFO - Epoch [38/100] Train Loss: 0.4985, Train Acc: 84.82%, Val Loss: 0.6773, Val Acc: 73.01%
2026-02-06 21:13:18,892 - INFO - Epoch [39] Batch [0/35]                     Loss: 0.5209, Hard: 0.4640, Soft: 0.1197                     Acc: 68.75% LR: 0.000342                     Alpha: 0.5744425058364868                     Beta: 0.1974024921655655                     MemKD: 0.0
2026-02-06 21:13:23,173 - INFO - Epoch [39] Batch [20/35]                     Loss: 0.2368, Hard: 0.1997, Soft: 0.0783                     Acc: 81.85% LR: 0.000342                     Alpha: 0.5744425058364868                     Beta: 0.21015788614749908                     MemKD: 0.0
2026-02-06 21:13:51,903 - INFO - Epoch [39/100] Train Loss: 0.5477, Train Acc: 81.96%, Val Loss: 0.6141, Val Acc: 77.39%
2026-02-06 21:14:15,676 - INFO - Epoch [40] Batch [0/35]                     Loss: 0.4759, Hard: 0.4153, Soft: 0.1211                     Acc: 87.50% LR: 0.000335                     Alpha: 0.5744425058364868                     Beta: 0.21947409212589264                     MemKD: 0.0
2026-02-06 21:14:19,667 - INFO - Epoch [40] Batch [20/35]                     Loss: 0.2959, Hard: 0.2618, Soft: 0.0682                     Acc: 82.14% LR: 0.000335                     Alpha: 0.5744425058364868                     Beta: 0.23066380620002747                     MemKD: 0.0
2026-02-06 21:14:49,342 - INFO - Epoch [40/100] Train Loss: 0.5127, Train Acc: 82.14%, Val Loss: 0.5391, Val Acc: 79.26%
2026-02-06 21:14:49,343 - INFO - Best model saved with accuracy: 79.26%
2026-02-06 21:14:49,412 - INFO - Checkpoint saved at epoch 40
2026-02-06 21:15:12,245 - INFO - Epoch [41] Batch [0/35]                     Loss: 0.4374, Hard: 0.3867, Soft: 0.0967                     Acc: 81.25% LR: 0.000327                     Alpha: 0.5744425058364868                     Beta: 0.23862746357917786                     MemKD: 0.0
2026-02-06 21:15:16,208 - INFO - Epoch [41] Batch [20/35]                     Loss: 0.5643, Hard: 0.4993, Soft: 0.1238                     Acc: 82.74% LR: 0.000327                     Alpha: 0.5744425058364868                     Beta: 0.25008848309516907                     MemKD: 0.0
2026-02-06 21:15:46,323 - INFO - Epoch [41/100] Train Loss: 0.5256, Train Acc: 83.93%, Val Loss: 0.7582, Val Acc: 74.47%
2026-02-06 21:16:08,788 - INFO - Epoch [42] Batch [0/35]                     Loss: 0.4020, Hard: 0.3571, Soft: 0.0816                     Acc: 87.50% LR: 0.000320                     Alpha: 0.5744425058364868                     Beta: 0.25797080993652344                     MemKD: 0.0
2026-02-06 21:16:12,991 - INFO - Epoch [42] Batch [20/35]                     Loss: 0.8129, Hard: 0.7169, Soft: 0.1745                     Acc: 86.31% LR: 0.000320                     Alpha: 0.5744425058364868                     Beta: 0.2675408124923706                     MemKD: 0.0
2026-02-06 21:16:42,225 - INFO - Epoch [42/100] Train Loss: 0.4340, Train Acc: 86.61%, Val Loss: 0.6037, Val Acc: 75.53%
2026-02-06 21:17:04,858 - INFO - Epoch [43] Batch [0/35]                     Loss: 0.3933, Hard: 0.3526, Soft: 0.0706                     Acc: 87.50% LR: 0.000312                     Alpha: 0.5744425058364868                     Beta: 0.2741181552410126                     MemKD: 0.0
2026-02-06 21:17:08,807 - INFO - Epoch [43] Batch [20/35]                     Loss: 0.8860, Hard: 0.7704, Soft: 0.2011                     Acc: 82.44% LR: 0.000312                     Alpha: 0.5744425058364868                     Beta: 0.2841204106807709                     MemKD: 0.0
2026-02-06 21:17:36,620 - INFO - Epoch [43/100] Train Loss: 0.4747, Train Acc: 84.11%, Val Loss: 0.7887, Val Acc: 73.40%
2026-02-06 21:17:59,494 - INFO - Epoch [44] Batch [0/35]                     Loss: 0.2271, Hard: 0.1962, Soft: 0.0516                     Acc: 100.00% LR: 0.000305                     Alpha: 0.5744425058364868                     Beta: 0.2916842997074127                     MemKD: 0.0
2026-02-06 21:18:03,431 - INFO - Epoch [44] Batch [20/35]                     Loss: 0.4531, Hard: 0.3943, Soft: 0.0981                     Acc: 88.39% LR: 0.000305                     Alpha: 0.5744425058364868                     Beta: 0.2998681366443634                     MemKD: 0.0
2026-02-06 21:18:32,577 - INFO - Epoch [44/100] Train Loss: 0.4294, Train Acc: 86.79%, Val Loss: 0.5237, Val Acc: 79.26%
2026-02-06 21:18:55,206 - INFO - Epoch [45] Batch [0/35]                     Loss: 0.6650, Hard: 0.5878, Soft: 0.1235                     Acc: 81.25% LR: 0.000297                     Alpha: 0.5744425058364868                     Beta: 0.30681726336479187                     MemKD: 0.0
2026-02-06 21:18:59,264 - INFO - Epoch [45] Batch [20/35]                     Loss: 0.6950, Hard: 0.6205, Soft: 0.1192                     Acc: 87.50% LR: 0.000297                     Alpha: 0.5744425058364868                     Beta: 0.3143368363380432                     MemKD: 0.0
2026-02-06 21:19:29,252 - INFO - Epoch [45/100] Train Loss: 0.4300, Train Acc: 86.07%, Val Loss: 0.6265, Val Acc: 76.06%
2026-02-06 21:19:51,884 - INFO - Epoch [46] Batch [0/35]                     Loss: 0.7626, Hard: 0.6673, Soft: 0.1467                     Acc: 81.25% LR: 0.000289                     Alpha: 0.5744425058364868                     Beta: 0.32103654742240906                     MemKD: 0.0
2026-02-06 21:19:55,893 - INFO - Epoch [46] Batch [20/35]                     Loss: 0.2288, Hard: 0.1958, Soft: 0.0508                     Acc: 85.12% LR: 0.000289                     Alpha: 0.5744425058364868                     Beta: 0.3303478956222534                     MemKD: 0.0
2026-02-06 21:20:25,237 - INFO - Epoch [46/100] Train Loss: 0.4386, Train Acc: 86.07%, Val Loss: 0.5288, Val Acc: 79.92%
2026-02-06 21:20:25,237 - INFO - Best model saved with accuracy: 79.92%
2026-02-06 21:20:49,150 - INFO - Epoch [47] Batch [0/35]                     Loss: 0.2796, Hard: 0.2424, Soft: 0.0552                     Acc: 93.75% LR: 0.000281                     Alpha: 0.5744425058364868                     Beta: 0.33609721064567566                     MemKD: 0.0
2026-02-06 21:20:52,211 - INFO - Epoch [47] Batch [20/35]                     Loss: 0.8954, Hard: 0.8021, Soft: 0.1382                     Acc: 83.93% LR: 0.000281                     Alpha: 0.5744425058364868                     Beta: 0.3447968363761902                     MemKD: 0.0
2026-02-06 21:21:20,578 - INFO - Epoch [47/100] Train Loss: 0.4412, Train Acc: 86.07%, Val Loss: 0.6328, Val Acc: 77.79%
2026-02-06 21:21:44,050 - INFO - Epoch [48] Batch [0/35]                     Loss: 0.8394, Hard: 0.7393, Soft: 0.1430                     Acc: 75.00% LR: 0.000274                     Alpha: 0.5744425058364868                     Beta: 0.3504623770713806                     MemKD: 0.0
2026-02-06 21:21:48,273 - INFO - Epoch [48] Batch [20/35]                     Loss: 0.1361, Hard: 0.1061, Soft: 0.0428                     Acc: 86.61% LR: 0.000274                     Alpha: 0.5744425058364868                     Beta: 0.35868918895721436                     MemKD: 0.0
2026-02-06 21:22:17,847 - INFO - Epoch [48/100] Train Loss: 0.4701, Train Acc: 84.82%, Val Loss: 0.6433, Val Acc: 77.26%
2026-02-06 21:22:41,494 - INFO - Epoch [49] Batch [0/35]                     Loss: 0.3735, Hard: 0.3214, Soft: 0.0718                     Acc: 93.75% LR: 0.000266                     Alpha: 0.5744425058364868                     Beta: 0.3647802770137787                     MemKD: 0.0
2026-02-06 21:22:45,671 - INFO - Epoch [49] Batch [20/35]                     Loss: 0.7601, Hard: 0.6798, Soft: 0.1107                     Acc: 81.85% LR: 0.000266                     Alpha: 0.5744425058364868                     Beta: 0.3733726143836975                     MemKD: 0.0
2026-02-06 21:23:16,208 - INFO - Epoch [49/100] Train Loss: 0.4515, Train Acc: 85.00%, Val Loss: 0.5663, Val Acc: 77.93%
2026-02-06 21:23:40,172 - INFO - Epoch [50] Batch [0/35]                     Loss: 0.4126, Hard: 0.3578, Soft: 0.0731                     Acc: 93.75% LR: 0.000258                     Alpha: 0.5744425058364868                     Beta: 0.3795250952243805                     MemKD: 0.0
2026-02-06 21:23:44,212 - INFO - Epoch [50] Batch [20/35]                     Loss: 0.2506, Hard: 0.2106, Soft: 0.0534                     Acc: 86.90% LR: 0.000258                     Alpha: 0.5744425058364868                     Beta: 0.3873634338378906                     MemKD: 0.0
2026-02-06 21:24:14,784 - INFO - Epoch [50/100] Train Loss: 0.4562, Train Acc: 86.96%, Val Loss: 0.7287, Val Acc: 75.53%
2026-02-06 21:24:14,856 - INFO - Checkpoint saved at epoch 50
2026-02-06 21:24:38,481 - INFO - Epoch [51] Batch [0/35]                     Loss: 0.2820, Hard: 0.2320, Soft: 0.0645                     Acc: 87.50% LR: 0.000250                     Alpha: 0.5744425058364868                     Beta: 0.39275237917900085                     MemKD: 0.0
2026-02-06 21:24:42,611 - INFO - Epoch [51] Batch [20/35]                     Loss: 0.3534, Hard: 0.3067, Soft: 0.0603                     Acc: 87.20% LR: 0.000250                     Alpha: 0.5744425058364868                     Beta: 0.39980605244636536                     MemKD: 0.0
2026-02-06 21:25:11,634 - INFO - Epoch [51/100] Train Loss: 0.4084, Train Acc: 87.32%, Val Loss: 0.4958, Val Acc: 81.78%
2026-02-06 21:25:11,634 - INFO - Best model saved with accuracy: 81.78%
2026-02-06 21:25:34,752 - INFO - Epoch [52] Batch [0/35]                     Loss: 0.7352, Hard: 0.6284, Soft: 0.1334                     Acc: 81.25% LR: 0.000242                     Alpha: 0.5744425058364868                     Beta: 0.4051298201084137                     MemKD: 0.0
2026-02-06 21:25:38,742 - INFO - Epoch [52] Batch [20/35]                     Loss: 0.3373, Hard: 0.2778, Soft: 0.0744                     Acc: 86.01% LR: 0.000242                     Alpha: 0.5744425058364868                     Beta: 0.4123130440711975                     MemKD: 0.0
2026-02-06 21:26:08,984 - INFO - Epoch [52/100] Train Loss: 0.4363, Train Acc: 85.18%, Val Loss: 0.5043, Val Acc: 81.52%
2026-02-06 21:26:32,614 - INFO - Epoch [53] Batch [0/35]                     Loss: 0.3291, Hard: 0.2762, Soft: 0.0641                     Acc: 87.50% LR: 0.000234                     Alpha: 0.5744425058364868                     Beta: 0.4173521101474762                     MemKD: 0.0
2026-02-06 21:26:36,667 - INFO - Epoch [53] Batch [20/35]                     Loss: 0.3046, Hard: 0.2572, Soft: 0.0574                     Acc: 87.50% LR: 0.000234                     Alpha: 0.5744425058364868                     Beta: 0.4239303171634674                     MemKD: 0.0
2026-02-06 21:27:06,034 - INFO - Epoch [53/100] Train Loss: 0.3982, Train Acc: 86.79%, Val Loss: 0.5382, Val Acc: 79.52%
2026-02-06 21:27:29,055 - INFO - Epoch [54] Batch [0/35]                     Loss: 0.7183, Hard: 0.6223, Soft: 0.1130                     Acc: 81.25% LR: 0.000226                     Alpha: 0.5744425058364868                     Beta: 0.42888545989990234                     MemKD: 0.0
2026-02-06 21:27:33,013 - INFO - Epoch [54] Batch [20/35]                     Loss: 0.2641, Hard: 0.2217, Soft: 0.0499                     Acc: 86.90% LR: 0.000226                     Alpha: 0.5744425058364868                     Beta: 0.43534108996391296                     MemKD: 0.0
2026-02-06 21:28:03,157 - INFO - Epoch [54/100] Train Loss: 0.4122, Train Acc: 87.50%, Val Loss: 0.5897, Val Acc: 77.39%
2026-02-06 21:28:25,758 - INFO - Epoch [55] Batch [0/35]                     Loss: 0.3086, Hard: 0.2650, Soft: 0.0499                     Acc: 87.50% LR: 0.000219                     Alpha: 0.5744425058364868                     Beta: 0.44000789523124695                     MemKD: 0.0
2026-02-06 21:28:29,926 - INFO - Epoch [55] Batch [20/35]                     Loss: 0.5590, Hard: 0.4887, Soft: 0.0803                     Acc: 86.01% LR: 0.000219                     Alpha: 0.5744425058364868                     Beta: 0.4462701082229614                     MemKD: 0.0
2026-02-06 21:29:00,129 - INFO - Epoch [55/100] Train Loss: 0.4284, Train Acc: 85.54%, Val Loss: 0.5997, Val Acc: 78.59%
2026-02-06 21:29:23,498 - INFO - Epoch [56] Batch [0/35]                     Loss: 0.5137, Hard: 0.4411, Soft: 0.0806                     Acc: 87.50% LR: 0.000211                     Alpha: 0.5744425058364868                     Beta: 0.45094922184944153                     MemKD: 0.0
2026-02-06 21:29:27,682 - INFO - Epoch [56] Batch [20/35]                     Loss: 0.2370, Hard: 0.1777, Soft: 0.0659                     Acc: 86.31% LR: 0.000211                     Alpha: 0.5744425058364868                     Beta: 0.4571990668773651                     MemKD: 0.0
2026-02-06 21:29:56,689 - INFO - Epoch [56/100] Train Loss: 0.4091, Train Acc: 87.32%, Val Loss: 0.4892, Val Acc: 82.85%
2026-02-06 21:29:56,690 - INFO - Best model saved with accuracy: 82.85%
2026-02-06 21:30:19,215 - INFO - Epoch [57] Batch [0/35]                     Loss: 0.4684, Hard: 0.4111, Soft: 0.0619                     Acc: 87.50% LR: 0.000203                     Alpha: 0.5744425058364868                     Beta: 0.461579829454422                     MemKD: 0.0
2026-02-06 21:30:23,362 - INFO - Epoch [57] Batch [20/35]                     Loss: 0.1954, Hard: 0.1569, Soft: 0.0416                     Acc: 88.10% LR: 0.000203                     Alpha: 0.5744425058364868                     Beta: 0.4675597548484802                     MemKD: 0.0
2026-02-06 21:30:52,730 - INFO - Epoch [57/100] Train Loss: 0.3947, Train Acc: 88.75%, Val Loss: 0.6375, Val Acc: 76.06%
2026-02-06 21:31:15,368 - INFO - Epoch [58] Batch [0/35]                     Loss: 0.1646, Hard: 0.1337, Soft: 0.0325                     Acc: 100.00% LR: 0.000195                     Alpha: 0.5744425058364868                     Beta: 0.4714146554470062                     MemKD: 0.0
2026-02-06 21:31:19,344 - INFO - Epoch [58] Batch [20/35]                     Loss: 0.2922, Hard: 0.2454, Soft: 0.0492                     Acc: 89.29% LR: 0.000195                     Alpha: 0.5744425058364868                     Beta: 0.4763505160808563                     MemKD: 0.0
2026-02-06 21:31:48,418 - INFO - Epoch [58/100] Train Loss: 0.3995, Train Acc: 86.79%, Val Loss: 0.5639, Val Acc: 79.12%
2026-02-06 21:32:11,807 - INFO - Epoch [59] Batch [0/35]                     Loss: 0.2961, Hard: 0.2488, Soft: 0.0485                     Acc: 87.50% LR: 0.000188                     Alpha: 0.5744425058364868                     Beta: 0.48043733835220337                     MemKD: 0.0
2026-02-06 21:32:14,821 - INFO - Epoch [59] Batch [20/35]                     Loss: 0.3974, Hard: 0.3323, Soft: 0.0667                     Acc: 90.18% LR: 0.000188                     Alpha: 0.5744425058364868                     Beta: 0.48563554883003235                     MemKD: 0.0
2026-02-06 21:32:42,351 - INFO - Epoch [59/100] Train Loss: 0.3276, Train Acc: 90.54%, Val Loss: 0.4893, Val Acc: 80.45%
2026-02-06 21:33:04,884 - INFO - Epoch [60] Batch [0/35]                     Loss: 0.2377, Hard: 0.1902, Soft: 0.0475                     Acc: 93.75% LR: 0.000180                     Alpha: 0.5744425058364868                     Beta: 0.48890331387519836                     MemKD: 0.0
2026-02-06 21:33:08,821 - INFO - Epoch [60] Batch [20/35]                     Loss: 0.1503, Hard: 0.1090, Soft: 0.0414                     Acc: 87.20% LR: 0.000180                     Alpha: 0.5744425058364868                     Beta: 0.493895947933197                     MemKD: 0.0
2026-02-06 21:33:39,248 - INFO - Epoch [60/100] Train Loss: 0.3987, Train Acc: 87.86%, Val Loss: 0.5448, Val Acc: 79.65%
2026-02-06 21:33:39,286 - INFO - Checkpoint saved at epoch 60
2026-02-06 21:34:01,780 - INFO - Epoch [61] Batch [0/35]                     Loss: 0.7448, Hard: 0.6582, Soft: 0.0866                     Acc: 75.00% LR: 0.000173                     Alpha: 0.5744425058364868                     Beta: 0.4974650740623474                     MemKD: 0.0
2026-02-06 21:34:05,783 - INFO - Epoch [61] Batch [20/35]                     Loss: 0.5519, Hard: 0.4811, Soft: 0.0709                     Acc: 84.82% LR: 0.000173                     Alpha: 0.5744425058364868                     Beta: 0.5024269223213196                     MemKD: 0.0
2026-02-06 21:34:35,799 - INFO - Epoch [61/100] Train Loss: 0.4460, Train Acc: 84.46%, Val Loss: 0.6006, Val Acc: 78.06%
2026-02-06 21:34:58,871 - INFO - Epoch [62] Batch [0/35]                     Loss: 0.2686, Hard: 0.2258, Soft: 0.0428                     Acc: 87.50% LR: 0.000165                     Alpha: 0.5744425058364868                     Beta: 0.5067330002784729                     MemKD: 0.0
2026-02-06 21:35:02,953 - INFO - Epoch [62] Batch [20/35]                     Loss: 0.4130, Hard: 0.3499, Soft: 0.0631                     Acc: 87.80% LR: 0.000165                     Alpha: 0.5744425058364868                     Beta: 0.5111125707626343                     MemKD: 0.0
2026-02-06 21:35:32,281 - INFO - Epoch [62/100] Train Loss: 0.3958, Train Acc: 87.68%, Val Loss: 0.5506, Val Acc: 79.26%
2026-02-06 21:35:54,857 - INFO - Epoch [63] Batch [0/35]                     Loss: 0.1473, Hard: 0.1232, Soft: 0.0241                     Acc: 100.00% LR: 0.000158                     Alpha: 0.5744425058364868                     Beta: 0.5144476294517517                     MemKD: 0.0
2026-02-06 21:35:59,015 - INFO - Epoch [63] Batch [20/35]                     Loss: 0.1651, Hard: 0.1268, Soft: 0.0382                     Acc: 87.50% LR: 0.000158                     Alpha: 0.5744425058364868                     Beta: 0.5182895660400391                     MemKD: 0.0
2026-02-06 21:36:28,301 - INFO - Epoch [63/100] Train Loss: 0.3440, Train Acc: 87.86%, Val Loss: 0.5228, Val Acc: 81.78%
2026-02-06 21:36:51,555 - INFO - Epoch [64] Batch [0/35]                     Loss: 0.5124, Hard: 0.4440, Soft: 0.0685                     Acc: 81.25% LR: 0.000151                     Alpha: 0.5744425058364868                     Beta: 0.52102130651474                     MemKD: 0.0
2026-02-06 21:36:55,487 - INFO - Epoch [64] Batch [20/35]                     Loss: 0.1476, Hard: 0.1095, Soft: 0.0381                     Acc: 87.20% LR: 0.000151                     Alpha: 0.5744425058364868                     Beta: 0.5249608159065247                     MemKD: 0.0
2026-02-06 21:37:23,828 - INFO - Epoch [64/100] Train Loss: 0.3463, Train Acc: 88.75%, Val Loss: 0.5600, Val Acc: 81.12%
2026-02-06 21:37:46,871 - INFO - Epoch [65] Batch [0/35]                     Loss: 0.0977, Hard: 0.0670, Soft: 0.0308                     Acc: 100.00% LR: 0.000144                     Alpha: 0.5744425058364868                     Beta: 0.527329683303833                     MemKD: 0.0
2026-02-06 21:37:50,781 - INFO - Epoch [65] Batch [20/35]                     Loss: 0.5972, Hard: 0.5095, Soft: 0.0877                     Acc: 90.18% LR: 0.000144                     Alpha: 0.5744425058364868                     Beta: 0.5304386615753174                     MemKD: 0.0
2026-02-06 21:38:20,635 - INFO - Epoch [65/100] Train Loss: 0.3186, Train Acc: 90.36%, Val Loss: 0.4787, Val Acc: 82.58%
2026-02-06 21:38:44,458 - INFO - Epoch [66] Batch [0/35]                     Loss: 0.1119, Hard: 0.0842, Soft: 0.0277                     Acc: 100.00% LR: 0.000137                     Alpha: 0.5744425058364868                     Beta: 0.5329376459121704                     MemKD: 0.0
2026-02-06 21:38:48,498 - INFO - Epoch [66] Batch [20/35]                     Loss: 0.1045, Hard: 0.0793, Soft: 0.0253                     Acc: 91.96% LR: 0.000137                     Alpha: 0.5744425058364868                     Beta: 0.5356831550598145                     MemKD: 0.0
2026-02-06 21:39:17,198 - INFO - Epoch [66/100] Train Loss: 0.2978, Train Acc: 91.07%, Val Loss: 0.4783, Val Acc: 81.52%
2026-02-06 21:39:40,291 - INFO - Epoch [67] Batch [0/35]                     Loss: 0.2413, Hard: 0.2006, Soft: 0.0407                     Acc: 93.75% LR: 0.000130                     Alpha: 0.5744425058364868                     Beta: 0.5378182530403137                     MemKD: 0.0
2026-02-06 21:39:44,271 - INFO - Epoch [67] Batch [20/35]                     Loss: 0.2210, Hard: 0.1881, Soft: 0.0329                     Acc: 91.67% LR: 0.000130                     Alpha: 0.5744425058364868                     Beta: 0.5404213070869446                     MemKD: 0.0
2026-02-06 21:40:14,699 - INFO - Epoch [67/100] Train Loss: 0.3254, Train Acc: 89.82%, Val Loss: 0.5391, Val Acc: 80.85%
2026-02-06 21:40:37,260 - INFO - Epoch [68] Batch [0/35]                     Loss: 0.7386, Hard: 0.6335, Soft: 0.1051                     Acc: 68.75% LR: 0.000123                     Alpha: 0.5744425058364868                     Beta: 0.5426733493804932                     MemKD: 0.0
2026-02-06 21:40:41,464 - INFO - Epoch [68] Batch [20/35]                     Loss: 0.1886, Hard: 0.1499, Soft: 0.0387                     Acc: 91.07% LR: 0.000123                     Alpha: 0.5744425058364868                     Beta: 0.5454856753349304                     MemKD: 0.0
2026-02-06 21:41:10,221 - INFO - Epoch [68/100] Train Loss: 0.3258, Train Acc: 89.64%, Val Loss: 0.4827, Val Acc: 83.11%
2026-02-06 21:41:10,221 - INFO - Best model saved with accuracy: 83.11%
2026-02-06 21:41:33,359 - INFO - Epoch [69] Batch [0/35]                     Loss: 0.1228, Hard: 0.0925, Soft: 0.0303                     Acc: 100.00% LR: 0.000116                     Alpha: 0.5744425058364868                     Beta: 0.5475488901138306                     MemKD: 0.0
2026-02-06 21:41:37,605 - INFO - Epoch [69] Batch [20/35]                     Loss: 0.6197, Hard: 0.5503, Soft: 0.0694                     Acc: 89.29% LR: 0.000116                     Alpha: 0.5744425058364868                     Beta: 0.5502279996871948                     MemKD: 0.0
2026-02-06 21:42:08,353 - INFO - Epoch [69/100] Train Loss: 0.3342, Train Acc: 89.29%, Val Loss: 0.4948, Val Acc: 82.71%
2026-02-06 21:42:31,898 - INFO - Epoch [70] Batch [0/35]                     Loss: 0.3764, Hard: 0.3171, Soft: 0.0593                     Acc: 81.25% LR: 0.000109                     Alpha: 0.5744425058364868                     Beta: 0.5523794293403625                     MemKD: 0.0
2026-02-06 21:42:35,965 - INFO - Epoch [70] Batch [20/35]                     Loss: 0.2834, Hard: 0.2390, Soft: 0.0444                     Acc: 91.67% LR: 0.000109                     Alpha: 0.5744425058364868                     Beta: 0.5546234250068665                     MemKD: 0.0
2026-02-06 21:43:05,266 - INFO - Epoch [70/100] Train Loss: 0.2721, Train Acc: 91.43%, Val Loss: 0.4728, Val Acc: 84.04%
2026-02-06 21:43:05,267 - INFO - Best model saved with accuracy: 84.04%
2026-02-06 21:43:05,316 - INFO - Checkpoint saved at epoch 70
2026-02-06 21:43:27,530 - INFO - Epoch [71] Batch [0/35]                     Loss: 0.4922, Hard: 0.4388, Soft: 0.0534                     Acc: 87.50% LR: 0.000103                     Alpha: 0.5744425058364868                     Beta: 0.5560921430587769                     MemKD: 0.0
2026-02-06 21:43:30,538 - INFO - Epoch [71] Batch [20/35]                     Loss: 0.2805, Hard: 0.2286, Soft: 0.0519                     Acc: 88.99% LR: 0.000103                     Alpha: 0.5744425058364868                     Beta: 0.5581278204917908                     MemKD: 0.0
2026-02-06 21:43:55,275 - INFO - Epoch [71/100] Train Loss: 0.3537, Train Acc: 88.93%, Val Loss: 0.4928, Val Acc: 83.11%
2026-02-06 21:44:18,655 - INFO - Epoch [72] Batch [0/35]                     Loss: 0.4182, Hard: 0.3700, Soft: 0.0482                     Acc: 87.50% LR: 0.000097                     Alpha: 0.5744425058364868                     Beta: 0.5598594546318054                     MemKD: 0.0
2026-02-06 21:44:21,669 - INFO - Epoch [72] Batch [20/35]                     Loss: 0.2817, Hard: 0.2381, Soft: 0.0436                     Acc: 91.37% LR: 0.000097                     Alpha: 0.5744425058364868                     Beta: 0.5618682503700256                     MemKD: 0.0
2026-02-06 21:44:48,255 - INFO - Epoch [72/100] Train Loss: 0.2854, Train Acc: 91.61%, Val Loss: 0.4397, Val Acc: 83.91%
2026-02-06 21:45:11,332 - INFO - Epoch [73] Batch [0/35]                     Loss: 0.2982, Hard: 0.2505, Soft: 0.0477                     Acc: 87.50% LR: 0.000091                     Alpha: 0.5744425058364868                     Beta: 0.5632484555244446                     MemKD: 0.0
2026-02-06 21:45:14,473 - INFO - Epoch [73] Batch [20/35]                     Loss: 0.2973, Hard: 0.2495, Soft: 0.0478                     Acc: 94.35% LR: 0.000091                     Alpha: 0.5744425058364868                     Beta: 0.5647912621498108                     MemKD: 0.0
2026-02-06 21:45:41,891 - INFO - Epoch [73/100] Train Loss: 0.2514, Train Acc: 93.93%, Val Loss: 0.4571, Val Acc: 84.84%
2026-02-06 21:45:41,891 - INFO - Best model saved with accuracy: 84.84%
2026-02-06 21:46:04,951 - INFO - Epoch [74] Batch [0/35]                     Loss: 0.0898, Hard: 0.0574, Soft: 0.0324                     Acc: 100.00% LR: 0.000085                     Alpha: 0.5744425058364868                     Beta: 0.5658966302871704                     MemKD: 0.0
2026-02-06 21:46:07,963 - INFO - Epoch [74] Batch [20/35]                     Loss: 0.0774, Hard: 0.0521, Soft: 0.0253                     Acc: 91.67% LR: 0.000085                     Alpha: 0.5744425058364868                     Beta: 0.5673953294754028                     MemKD: 0.0
2026-02-06 21:46:34,701 - INFO - Epoch [74/100] Train Loss: 0.2939, Train Acc: 91.25%, Val Loss: 0.4616, Val Acc: 82.98%
2026-02-06 21:46:56,559 - INFO - Epoch [75] Batch [0/35]                     Loss: 0.1452, Hard: 0.1123, Soft: 0.0329                     Acc: 100.00% LR: 0.000079                     Alpha: 0.5744425058364868                     Beta: 0.5685550570487976                     MemKD: 0.0
2026-02-06 21:46:59,647 - INFO - Epoch [75] Batch [20/35]                     Loss: 0.2872, Hard: 0.2406, Soft: 0.0466                     Acc: 91.96% LR: 0.000079                     Alpha: 0.5744425058364868                     Beta: 0.5701972842216492                     MemKD: 0.0
2026-02-06 21:47:26,497 - INFO - Epoch [75/100] Train Loss: 0.2818, Train Acc: 91.96%, Val Loss: 0.4734, Val Acc: 83.91%
2026-02-06 21:47:49,113 - INFO - Epoch [76] Batch [0/35]                     Loss: 0.2394, Hard: 0.1947, Soft: 0.0446                     Acc: 93.75% LR: 0.000073                     Alpha: 0.5744425058364868                     Beta: 0.5714399814605713                     MemKD: 0.0
2026-02-06 21:47:53,106 - INFO - Epoch [76] Batch [20/35]                     Loss: 0.1264, Hard: 0.0940, Soft: 0.0324                     Acc: 91.96% LR: 0.000073                     Alpha: 0.5744425058364868                     Beta: 0.5728726983070374                     MemKD: 0.0
2026-02-06 21:48:23,057 - INFO - Epoch [76/100] Train Loss: 0.2772, Train Acc: 92.32%, Val Loss: 0.4879, Val Acc: 83.11%
2026-02-06 21:48:47,120 - INFO - Epoch [77] Batch [0/35]                     Loss: 0.2553, Hard: 0.2162, Soft: 0.0390                     Acc: 87.50% LR: 0.000068                     Alpha: 0.5744425058364868                     Beta: 0.573809802532196                     MemKD: 0.0
2026-02-06 21:48:51,074 - INFO - Epoch [77] Batch [20/35]                     Loss: 0.8583, Hard: 0.7658, Soft: 0.0925                     Acc: 88.69% LR: 0.000068                     Alpha: 0.5744425058364868                     Beta: 0.5750124454498291                     MemKD: 0.0
2026-02-06 21:49:20,050 - INFO - Epoch [77/100] Train Loss: 0.3148, Train Acc: 89.82%, Val Loss: 0.4940, Val Acc: 83.64%
2026-02-06 21:49:42,084 - INFO - Epoch [78] Batch [0/35]                     Loss: 0.2276, Hard: 0.1863, Soft: 0.0413                     Acc: 93.75% LR: 0.000062                     Alpha: 0.5744425058364868                     Beta: 0.5760294198989868                     MemKD: 0.0
2026-02-06 21:49:46,139 - INFO - Epoch [78] Batch [20/35]                     Loss: 0.5795, Hard: 0.5186, Soft: 0.0610                     Acc: 90.48% LR: 0.000062                     Alpha: 0.5744425058364868                     Beta: 0.5773141980171204                     MemKD: 0.0
2026-02-06 21:50:14,880 - INFO - Epoch [78/100] Train Loss: 0.2622, Train Acc: 92.14%, Val Loss: 0.4800, Val Acc: 84.31%
2026-02-06 21:50:38,031 - INFO - Epoch [79] Batch [0/35]                     Loss: 0.2197, Hard: 0.1873, Soft: 0.0324                     Acc: 93.75% LR: 0.000057                     Alpha: 0.5744425058364868                     Beta: 0.5781406164169312                     MemKD: 0.0
2026-02-06 21:50:42,260 - INFO - Epoch [79] Batch [20/35]                     Loss: 0.1768, Hard: 0.1449, Soft: 0.0319                     Acc: 92.56% LR: 0.000057                     Alpha: 0.5744425058364868                     Beta: 0.5791688561439514                     MemKD: 0.0
2026-02-06 21:51:12,171 - INFO - Epoch [79/100] Train Loss: 0.2632, Train Acc: 91.61%, Val Loss: 0.4792, Val Acc: 82.71%
2026-02-06 21:51:35,023 - INFO - Epoch [80] Batch [0/35]                     Loss: 0.2017, Hard: 0.1701, Soft: 0.0317                     Acc: 93.75% LR: 0.000052                     Alpha: 0.5744425058364868                     Beta: 0.5799400210380554                     MemKD: 0.0
2026-02-06 21:51:39,191 - INFO - Epoch [80] Batch [20/35]                     Loss: 0.5127, Hard: 0.4705, Soft: 0.0422                     Acc: 90.48% LR: 0.000052                     Alpha: 0.5744425058364868                     Beta: 0.5810253024101257                     MemKD: 0.0
2026-02-06 21:52:08,235 - INFO - Epoch [80/100] Train Loss: 0.3121, Train Acc: 91.25%, Val Loss: 0.5168, Val Acc: 81.38%
2026-02-06 21:52:08,289 - INFO - Checkpoint saved at epoch 80
2026-02-06 21:52:32,069 - INFO - Epoch [81] Batch [0/35]                     Loss: 0.1681, Hard: 0.1400, Soft: 0.0281                     Acc: 93.75% LR: 0.000048                     Alpha: 0.5744425058364868                     Beta: 0.5818359851837158                     MemKD: 0.0
2026-02-06 21:52:36,154 - INFO - Epoch [81] Batch [20/35]                     Loss: 0.1307, Hard: 0.1120, Soft: 0.0187                     Acc: 90.77% LR: 0.000048                     Alpha: 0.5744425058364868                     Beta: 0.5828399062156677                     MemKD: 0.0
2026-02-06 21:53:05,820 - INFO - Epoch [81/100] Train Loss: 0.3059, Train Acc: 91.07%, Val Loss: 0.4456, Val Acc: 84.57%
2026-02-06 21:53:29,567 - INFO - Epoch [82] Batch [0/35]                     Loss: 0.2755, Hard: 0.2337, Soft: 0.0418                     Acc: 87.50% LR: 0.000043                     Alpha: 0.5744425058364868                     Beta: 0.5835347175598145                     MemKD: 0.0
2026-02-06 21:53:33,636 - INFO - Epoch [82] Batch [20/35]                     Loss: 0.2849, Hard: 0.2390, Soft: 0.0459                     Acc: 90.77% LR: 0.000043                     Alpha: 0.5744425058364868                     Beta: 0.584312915802002                     MemKD: 0.0
2026-02-06 21:54:04,169 - INFO - Epoch [82/100] Train Loss: 0.2605, Train Acc: 90.71%, Val Loss: 0.4443, Val Acc: 84.57%
2026-02-06 21:54:27,206 - INFO - Epoch [83] Batch [0/35]                     Loss: 0.3118, Hard: 0.2701, Soft: 0.0418                     Acc: 87.50% LR: 0.000039                     Alpha: 0.5744425058364868                     Beta: 0.5849325656890869                     MemKD: 0.0
2026-02-06 21:54:31,258 - INFO - Epoch [83] Batch [20/35]                     Loss: 0.1579, Hard: 0.1287, Soft: 0.0292                     Acc: 93.75% LR: 0.000039                     Alpha: 0.5744425058364868                     Beta: 0.5855804681777954                     MemKD: 0.0
2026-02-06 21:54:59,667 - INFO - Epoch [83/100] Train Loss: 0.2159, Train Acc: 93.75%, Val Loss: 0.4569, Val Acc: 83.91%
2026-02-06 21:55:23,278 - INFO - Epoch [84] Batch [0/35]                     Loss: 0.1510, Hard: 0.1154, Soft: 0.0357                     Acc: 100.00% LR: 0.000035                     Alpha: 0.5744425058364868                     Beta: 0.5860658288002014                     MemKD: 0.0
2026-02-06 21:55:27,242 - INFO - Epoch [84] Batch [20/35]                     Loss: 0.2302, Hard: 0.1859, Soft: 0.0443                     Acc: 91.67% LR: 0.000035                     Alpha: 0.5744425058364868                     Beta: 0.5867054462432861                     MemKD: 0.0
2026-02-06 21:55:56,588 - INFO - Epoch [84/100] Train Loss: 0.3211, Train Acc: 89.11%, Val Loss: 0.4754, Val Acc: 83.78%
2026-02-06 21:56:20,128 - INFO - Epoch [85] Batch [0/35]                     Loss: 0.2047, Hard: 0.1743, Soft: 0.0304                     Acc: 93.75% LR: 0.000031                     Alpha: 0.5744425058364868                     Beta: 0.5872933864593506                     MemKD: 0.0
2026-02-06 21:56:24,149 - INFO - Epoch [85] Batch [20/35]                     Loss: 0.3654, Hard: 0.3199, Soft: 0.0455                     Acc: 90.48% LR: 0.000031                     Alpha: 0.5744425058364868                     Beta: 0.5879254937171936                     MemKD: 0.0
2026-02-06 21:56:52,726 - INFO - Epoch [85/100] Train Loss: 0.2665, Train Acc: 91.25%, Val Loss: 0.4482, Val Acc: 85.51%
2026-02-06 21:56:52,727 - INFO - Best model saved with accuracy: 85.51%
2026-02-06 21:57:16,281 - INFO - Epoch [86] Batch [0/35]                     Loss: 0.1634, Hard: 0.1341, Soft: 0.0293                     Acc: 100.00% LR: 0.000027                     Alpha: 0.5744425058364868                     Beta: 0.5883335471153259                     MemKD: 0.0
2026-02-06 21:57:20,297 - INFO - Epoch [86] Batch [20/35]                     Loss: 0.4228, Hard: 0.3688, Soft: 0.0540                     Acc: 92.86% LR: 0.000027                     Alpha: 0.5744425058364868                     Beta: 0.5888025760650635                     MemKD: 0.0
2026-02-06 21:57:50,157 - INFO - Epoch [86/100] Train Loss: 0.2940, Train Acc: 90.54%, Val Loss: 0.4640, Val Acc: 84.04%
2026-02-06 21:58:13,182 - INFO - Epoch [87] Batch [0/35]                     Loss: 0.3822, Hard: 0.3390, Soft: 0.0432                     Acc: 93.75% LR: 0.000024                     Alpha: 0.5744425058364868                     Beta: 0.5892422199249268                     MemKD: 0.0
2026-02-06 21:58:17,272 - INFO - Epoch [87] Batch [20/35]                     Loss: 0.1173, Hard: 0.0899, Soft: 0.0274                     Acc: 89.58% LR: 0.000024                     Alpha: 0.5744425058364868                     Beta: 0.5897592306137085                     MemKD: 0.0
2026-02-06 21:58:46,022 - INFO - Epoch [87/100] Train Loss: 0.3148, Train Acc: 90.18%, Val Loss: 0.4687, Val Acc: 84.84%
2026-02-06 21:59:08,928 - INFO - Epoch [88] Batch [0/35]                     Loss: 0.1877, Hard: 0.1559, Soft: 0.0318                     Acc: 93.75% LR: 0.000021                     Alpha: 0.5744425058364868                     Beta: 0.5901486873626709                     MemKD: 0.0
2026-02-06 21:59:11,911 - INFO - Epoch [88] Batch [20/35]                     Loss: 0.2945, Hard: 0.2581, Soft: 0.0363                     Acc: 93.15% LR: 0.000021                     Alpha: 0.5744425058364868                     Beta: 0.5905119776725769                     MemKD: 0.0
2026-02-06 21:59:37,689 - INFO - Epoch [88/100] Train Loss: 0.2304, Train Acc: 93.21%, Val Loss: 0.4708, Val Acc: 83.51%
2026-02-06 21:59:58,691 - INFO - Epoch [89] Batch [0/35]                     Loss: 0.1150, Hard: 0.0924, Soft: 0.0226                     Acc: 100.00% LR: 0.000018                     Alpha: 0.5744425058364868                     Beta: 0.590754508972168                     MemKD: 0.0
2026-02-06 22:00:01,686 - INFO - Epoch [89] Batch [20/35]                     Loss: 0.1848, Hard: 0.1615, Soft: 0.0233                     Acc: 91.37% LR: 0.000018                     Alpha: 0.5744425058364868                     Beta: 0.5910739302635193                     MemKD: 0.0
2026-02-06 22:00:28,150 - INFO - Epoch [89/100] Train Loss: 0.2798, Train Acc: 91.07%, Val Loss: 0.4514, Val Acc: 84.71%
2026-02-06 22:00:50,566 - INFO - Epoch [90] Batch [0/35]                     Loss: 0.3188, Hard: 0.2713, Soft: 0.0475                     Acc: 87.50% LR: 0.000015                     Alpha: 0.5744425058364868                     Beta: 0.5913282632827759                     MemKD: 0.0
2026-02-06 22:00:53,610 - INFO - Epoch [90] Batch [20/35]                     Loss: 0.3289, Hard: 0.2821, Soft: 0.0468                     Acc: 93.45% LR: 0.000015                     Alpha: 0.5744425058364868                     Beta: 0.5916001200675964                     MemKD: 0.0
2026-02-06 22:01:21,114 - INFO - Epoch [90/100] Train Loss: 0.2709, Train Acc: 92.68%, Val Loss: 0.4760, Val Acc: 83.38%
2026-02-06 22:01:21,166 - INFO - Checkpoint saved at epoch 90
2026-02-06 22:01:43,544 - INFO - Epoch [91] Batch [0/35]                     Loss: 0.3161, Hard: 0.2825, Soft: 0.0336                     Acc: 93.75% LR: 0.000012                     Alpha: 0.5744425058364868                     Beta: 0.5917994379997253                     MemKD: 0.0
2026-02-06 22:01:47,496 - INFO - Epoch [91] Batch [20/35]                     Loss: 0.1334, Hard: 0.1072, Soft: 0.0262                     Acc: 92.56% LR: 0.000012                     Alpha: 0.5744425058364868                     Beta: 0.5920224189758301                     MemKD: 0.0
2026-02-06 22:02:15,638 - INFO - Epoch [91/100] Train Loss: 0.2274, Train Acc: 92.68%, Val Loss: 0.4477, Val Acc: 84.44%
2026-02-06 22:02:38,167 - INFO - Epoch [92] Batch [0/35]                     Loss: 0.2100, Hard: 0.1736, Soft: 0.0364                     Acc: 93.75% LR: 0.000010                     Alpha: 0.5744425058364868                     Beta: 0.5921748876571655                     MemKD: 0.0
2026-02-06 22:02:42,175 - INFO - Epoch [92] Batch [20/35]                     Loss: 0.1930, Hard: 0.1624, Soft: 0.0307                     Acc: 91.67% LR: 0.000010                     Alpha: 0.5744425058364868                     Beta: 0.5923498272895813                     MemKD: 0.0
2026-02-06 22:03:10,577 - INFO - Epoch [92/100] Train Loss: 0.2769, Train Acc: 90.71%, Val Loss: 0.4557, Val Acc: 84.97%
2026-02-06 22:03:33,200 - INFO - Epoch [93] Batch [0/35]                     Loss: 0.2344, Hard: 0.1971, Soft: 0.0373                     Acc: 87.50% LR: 0.000008                     Alpha: 0.5744425058364868                     Beta: 0.5925008654594421                     MemKD: 0.0
2026-02-06 22:03:37,181 - INFO - Epoch [93] Batch [20/35]                     Loss: 0.3067, Hard: 0.2660, Soft: 0.0407                     Acc: 94.94% LR: 0.000008                     Alpha: 0.5744425058364868                     Beta: 0.5926376581192017                     MemKD: 0.0
2026-02-06 22:04:06,661 - INFO - Epoch [93/100] Train Loss: 0.2421, Train Acc: 93.75%, Val Loss: 0.4406, Val Acc: 85.77%
2026-02-06 22:04:06,661 - INFO - Best model saved with accuracy: 85.77%
2026-02-06 22:04:30,757 - INFO - Epoch [94] Batch [0/35]                     Loss: 0.3650, Hard: 0.3187, Soft: 0.0463                     Acc: 87.50% LR: 0.000006                     Alpha: 0.5744425058364868                     Beta: 0.592744767665863                     MemKD: 0.0
2026-02-06 22:04:34,754 - INFO - Epoch [94] Batch [20/35]                     Loss: 0.1728, Hard: 0.1397, Soft: 0.0330                     Acc: 93.75% LR: 0.000006                     Alpha: 0.5744425058364868                     Beta: 0.5928474068641663                     MemKD: 0.0
2026-02-06 22:05:04,880 - INFO - Epoch [94/100] Train Loss: 0.2087, Train Acc: 93.93%, Val Loss: 0.4594, Val Acc: 84.57%
2026-02-06 22:05:28,161 - INFO - Epoch [95] Batch [0/35]                     Loss: 0.3524, Hard: 0.3069, Soft: 0.0455                     Acc: 87.50% LR: 0.000004                     Alpha: 0.5744425058364868                     Beta: 0.5929168462753296                     MemKD: 0.0
2026-02-06 22:05:32,149 - INFO - Epoch [95] Batch [20/35]                     Loss: 0.2388, Hard: 0.2054, Soft: 0.0334                     Acc: 90.48% LR: 0.000004                     Alpha: 0.5744425058364868                     Beta: 0.5929967164993286                     MemKD: 0.0
2026-02-06 22:06:02,528 - INFO - Epoch [95/100] Train Loss: 0.2625, Train Acc: 90.54%, Val Loss: 0.4564, Val Acc: 84.04%
2026-02-06 22:06:25,322 - INFO - Epoch [96] Batch [0/35]                     Loss: 0.1777, Hard: 0.1472, Soft: 0.0304                     Acc: 93.75% LR: 0.000003                     Alpha: 0.5744425058364868                     Beta: 0.5930556654930115                     MemKD: 0.0
2026-02-06 22:06:29,325 - INFO - Epoch [96] Batch [20/35]                     Loss: 0.2193, Hard: 0.1879, Soft: 0.0314                     Acc: 92.86% LR: 0.000003                     Alpha: 0.5744425058364868                     Beta: 0.5931087732315063                     MemKD: 0.0
2026-02-06 22:06:58,810 - INFO - Epoch [96/100] Train Loss: 0.2293, Train Acc: 93.57%, Val Loss: 0.4601, Val Acc: 84.44%
2026-02-06 22:07:21,796 - INFO - Epoch [97] Batch [0/35]                     Loss: 0.2302, Hard: 0.1964, Soft: 0.0337                     Acc: 93.75% LR: 0.000002                     Alpha: 0.5744425058364868                     Beta: 0.593148946762085                     MemKD: 0.0
2026-02-06 22:07:25,850 - INFO - Epoch [97] Batch [20/35]                     Loss: 0.4289, Hard: 0.3795, Soft: 0.0493                     Acc: 89.88% LR: 0.000002                     Alpha: 0.5744425058364868                     Beta: 0.5931842923164368                     MemKD: 0.0
2026-02-06 22:07:55,488 - INFO - Epoch [97/100] Train Loss: 0.2877, Train Acc: 90.71%, Val Loss: 0.4506, Val Acc: 84.84%
2026-02-06 22:08:19,334 - INFO - Epoch [98] Batch [0/35]                     Loss: 0.4632, Hard: 0.4029, Soft: 0.0603                     Acc: 81.25% LR: 0.000001                     Alpha: 0.5744425058364868                     Beta: 0.593214750289917                     MemKD: 0.0
2026-02-06 22:08:23,376 - INFO - Epoch [98] Batch [20/35]                     Loss: 0.3186, Hard: 0.2733, Soft: 0.0453                     Acc: 93.45% LR: 0.000001                     Alpha: 0.5744425058364868                     Beta: 0.5932347774505615                     MemKD: 0.0
2026-02-06 22:08:52,320 - INFO - Epoch [98/100] Train Loss: 0.2250, Train Acc: 93.39%, Val Loss: 0.4483, Val Acc: 85.24%
2026-02-06 22:09:15,950 - INFO - Epoch [99] Batch [0/35]                     Loss: 0.2247, Hard: 0.1804, Soft: 0.0442                     Acc: 93.75% LR: 0.000000                     Alpha: 0.5744425058364868                     Beta: 0.5932484865188599                     MemKD: 0.0
2026-02-06 22:09:19,954 - INFO - Epoch [99] Batch [20/35]                     Loss: 0.2926, Hard: 0.2568, Soft: 0.0357                     Acc: 92.56% LR: 0.000000                     Alpha: 0.5744425058364868                     Beta: 0.5932564735412598                     MemKD: 0.0
2026-02-06 22:09:49,242 - INFO - Epoch [99/100] Train Loss: 0.2285, Train Acc: 92.68%, Val Loss: 0.4489, Val Acc: 84.71%
2026-02-06 22:10:12,346 - INFO - Epoch [100] Batch [0/35]                     Loss: 0.4565, Hard: 0.4005, Soft: 0.0560                     Acc: 81.25% LR: 0.000000                     Alpha: 0.5744425058364868                     Beta: 0.5932623744010925                     MemKD: 0.0
2026-02-06 22:10:16,201 - INFO - Epoch [100] Batch [20/35]                     Loss: 0.2538, Hard: 0.2137, Soft: 0.0400                     Acc: 92.26% LR: 0.000000                     Alpha: 0.5744425058364868                     Beta: 0.5932647585868835                     MemKD: 0.0
2026-02-06 22:10:45,445 - INFO - Epoch [100/100] Train Loss: 0.2255, Train Acc: 93.04%, Val Loss: 0.4512, Val Acc: 84.97%
2026-02-06 22:10:45,499 - INFO - Checkpoint saved at epoch 100
2026-02-06 22:10:45,499 - INFO - ==================================================
2026-02-06 22:10:45,499 - INFO - Training finished! Best accuracy: 85.77%
2026-02-06 22:10:45,499 - INFO - ==================================================
