2026-04-06 11:21:34,567 - INFO - ==================================================
2026-04-06 11:21:34,567 - INFO - Comparison Distillation Training (DeepShip)
2026-04-06 11:21:34,567 - INFO - ==================================================
2026-04-06 11:21:34,567 - INFO - GPUs: [4, 5, 6, 7]
2026-04-06 11:21:34,567 - INFO - World size: 4
2026-04-06 11:21:34,567 - INFO - Dataset: /media/hdd1/chuxiaohui/AI4Ocean_UATR/DeepShip_622
2026-04-06 11:21:34,567 - INFO - Distillation method: sp
2026-04-06 11:21:34,567 - INFO - Temperature: 4.0
2026-04-06 11:21:34,567 - INFO - Alpha: 0.5
2026-04-06 11:21:34,567 - INFO - Save dir: /media/hdd1/fubohan/Code/UATR/checkpoints/DeepShip/comparison_distillation_sp
2026-04-06 11:21:34,567 - INFO - ==================================================
2026-04-06 11:21:34,985 - INFO - Train dataset size: 31892
2026-04-06 11:21:34,985 - INFO - Validation dataset size: 10631
2026-04-06 11:21:36,073 - INFO - Student params: 316,234 (0.32M)
2026-04-06 11:21:36,073 - INFO - Teacher params: 164,415,748 (164.42M)
2026-04-06 11:21:36,575 - INFO - Start training with method: sp...
2026-04-06 11:21:36,576 - INFO - No checkpoint found, start from scratch
2026-04-06 11:22:00,611 - INFO - Epoch [1] Batch [0/498] Loss: 0.7323, Hard: 1.4225, Soft: 0.0421 Acc: 31.25% LR: 0.000500
2026-04-06 11:22:02,115 - INFO - Epoch [1] Batch [10/498] Loss: 0.6854, Hard: 1.3502, Soft: 0.0205 Acc: 34.09% LR: 0.000500
2026-04-06 11:22:03,629 - INFO - Epoch [1] Batch [20/498] Loss: 0.7263, Hard: 1.4331, Soft: 0.0195 Acc: 33.33% LR: 0.000500
2026-04-06 11:22:05,177 - INFO - Epoch [1] Batch [30/498] Loss: 0.5934, Hard: 1.1710, Soft: 0.0159 Acc: 33.27% LR: 0.000500
2026-04-06 11:22:06,790 - INFO - Epoch [1] Batch [40/498] Loss: 0.6452, Hard: 1.2568, Soft: 0.0336 Acc: 33.84% LR: 0.000500
2026-04-06 11:22:08,373 - INFO - Epoch [1] Batch [50/498] Loss: 0.6703, Hard: 1.3255, Soft: 0.0152 Acc: 34.19% LR: 0.000500
2026-04-06 11:22:09,971 - INFO - Epoch [1] Batch [60/498] Loss: 0.6020, Hard: 1.1823, Soft: 0.0216 Acc: 36.17% LR: 0.000500
2026-04-06 11:22:11,539 - INFO - Epoch [1] Batch [70/498] Loss: 0.5463, Hard: 1.0704, Soft: 0.0221 Acc: 37.85% LR: 0.000500
2026-04-06 11:22:13,072 - INFO - Epoch [1] Batch [80/498] Loss: 0.8236, Hard: 1.6345, Soft: 0.0126 Acc: 39.20% LR: 0.000500
2026-04-06 11:22:14,655 - INFO - Epoch [1] Batch [90/498] Loss: 0.5925, Hard: 1.1657, Soft: 0.0193 Acc: 40.32% LR: 0.000500
2026-04-06 11:22:16,262 - INFO - Epoch [1] Batch [100/498] Loss: 0.6023, Hard: 1.1833, Soft: 0.0212 Acc: 41.15% LR: 0.000500
2026-04-06 11:22:17,916 - INFO - Epoch [1] Batch [110/498] Loss: 0.6481, Hard: 1.2761, Soft: 0.0202 Acc: 41.67% LR: 0.000500
2026-04-06 11:22:19,489 - INFO - Epoch [1] Batch [120/498] Loss: 0.5622, Hard: 1.1085, Soft: 0.0158 Acc: 41.99% LR: 0.000500
2026-04-06 11:22:21,059 - INFO - Epoch [1] Batch [130/498] Loss: 0.5238, Hard: 1.0267, Soft: 0.0209 Acc: 42.41% LR: 0.000500
2026-04-06 11:22:22,651 - INFO - Epoch [1] Batch [140/498] Loss: 0.6002, Hard: 1.1855, Soft: 0.0149 Acc: 42.46% LR: 0.000500
2026-04-06 11:22:24,213 - INFO - Epoch [1] Batch [150/498] Loss: 0.6474, Hard: 1.2727, Soft: 0.0220 Acc: 42.51% LR: 0.000500
2026-04-06 11:22:25,747 - INFO - Epoch [1] Batch [160/498] Loss: 0.5000, Hard: 0.9835, Soft: 0.0165 Acc: 42.74% LR: 0.000500
2026-04-06 11:22:27,320 - INFO - Epoch [1] Batch [170/498] Loss: 0.7102, Hard: 1.3986, Soft: 0.0218 Acc: 42.91% LR: 0.000500
2026-04-06 11:22:28,808 - INFO - Epoch [1] Batch [180/498] Loss: 0.6563, Hard: 1.2968, Soft: 0.0158 Acc: 42.85% LR: 0.000500
2026-04-06 11:22:30,361 - INFO - Epoch [1] Batch [190/498] Loss: 0.5947, Hard: 1.1696, Soft: 0.0198 Acc: 43.16% LR: 0.000500
2026-04-06 11:22:31,901 - INFO - Epoch [1] Batch [200/498] Loss: 0.5573, Hard: 1.0966, Soft: 0.0180 Acc: 43.41% LR: 0.000500
2026-04-06 11:22:33,366 - INFO - Epoch [1] Batch [210/498] Loss: 0.7175, Hard: 1.4167, Soft: 0.0184 Acc: 43.81% LR: 0.000500
2026-04-06 11:22:34,884 - INFO - Epoch [1] Batch [220/498] Loss: 0.4271, Hard: 0.8386, Soft: 0.0156 Acc: 43.92% LR: 0.000500
2026-04-06 11:22:36,383 - INFO - Epoch [1] Batch [230/498] Loss: 0.5578, Hard: 1.0954, Soft: 0.0201 Acc: 43.94% LR: 0.000500
2026-04-06 11:22:37,893 - INFO - Epoch [1] Batch [240/498] Loss: 0.5067, Hard: 0.9939, Soft: 0.0195 Acc: 44.24% LR: 0.000500
2026-04-06 11:22:39,426 - INFO - Epoch [1] Batch [250/498] Loss: 0.4907, Hard: 0.9615, Soft: 0.0200 Acc: 44.52% LR: 0.000500
2026-04-06 11:22:40,995 - INFO - Epoch [1] Batch [260/498] Loss: 0.5668, Hard: 1.1186, Soft: 0.0149 Acc: 44.56% LR: 0.000500
2026-04-06 11:22:42,572 - INFO - Epoch [1] Batch [270/498] Loss: 0.4651, Hard: 0.9110, Soft: 0.0192 Acc: 45.00% LR: 0.000500
2026-04-06 11:22:44,127 - INFO - Epoch [1] Batch [280/498] Loss: 0.6408, Hard: 1.2631, Soft: 0.0185 Acc: 45.02% LR: 0.000500
2026-04-06 11:22:45,664 - INFO - Epoch [1] Batch [290/498] Loss: 0.6745, Hard: 1.3330, Soft: 0.0160 Acc: 45.19% LR: 0.000500
2026-04-06 11:22:47,207 - INFO - Epoch [1] Batch [300/498] Loss: 0.6365, Hard: 1.2490, Soft: 0.0240 Acc: 45.43% LR: 0.000500
2026-04-06 11:22:48,773 - INFO - Epoch [1] Batch [310/498] Loss: 0.5795, Hard: 1.1405, Soft: 0.0185 Acc: 45.64% LR: 0.000500
2026-04-06 11:22:50,317 - INFO - Epoch [1] Batch [320/498] Loss: 0.5315, Hard: 1.0481, Soft: 0.0149 Acc: 45.87% LR: 0.000500
2026-04-06 11:22:51,876 - INFO - Epoch [1] Batch [330/498] Loss: 0.6927, Hard: 1.3691, Soft: 0.0164 Acc: 45.98% LR: 0.000500
2026-04-06 11:22:53,389 - INFO - Epoch [1] Batch [340/498] Loss: 0.6456, Hard: 1.2771, Soft: 0.0142 Acc: 46.04% LR: 0.000500
2026-04-06 11:22:54,895 - INFO - Epoch [1] Batch [350/498] Loss: 0.6015, Hard: 1.1847, Soft: 0.0182 Acc: 46.12% LR: 0.000500
2026-04-06 11:22:56,402 - INFO - Epoch [1] Batch [360/498] Loss: 0.5284, Hard: 1.0452, Soft: 0.0116 Acc: 46.09% LR: 0.000500
2026-04-06 11:22:57,915 - INFO - Epoch [1] Batch [370/498] Loss: 0.6212, Hard: 1.2271, Soft: 0.0153 Acc: 46.39% LR: 0.000500
2026-04-06 11:22:59,414 - INFO - Epoch [1] Batch [380/498] Loss: 0.8162, Hard: 1.6177, Soft: 0.0148 Acc: 46.36% LR: 0.000500
2026-04-06 11:23:00,919 - INFO - Epoch [1] Batch [390/498] Loss: 0.5131, Hard: 1.0132, Soft: 0.0129 Acc: 46.63% LR: 0.000500
2026-04-06 11:23:02,437 - INFO - Epoch [1] Batch [400/498] Loss: 0.5552, Hard: 1.0961, Soft: 0.0143 Acc: 46.85% LR: 0.000500
2026-04-06 11:23:03,988 - INFO - Epoch [1] Batch [410/498] Loss: 0.5401, Hard: 1.0653, Soft: 0.0149 Acc: 47.11% LR: 0.000500
2026-04-06 11:23:05,497 - INFO - Epoch [1] Batch [420/498] Loss: 0.5292, Hard: 1.0424, Soft: 0.0160 Acc: 47.25% LR: 0.000500
2026-04-06 11:23:06,989 - INFO - Epoch [1] Batch [430/498] Loss: 0.4968, Hard: 0.9797, Soft: 0.0139 Acc: 47.22% LR: 0.000500
2026-04-06 11:23:08,486 - INFO - Epoch [1] Batch [440/498] Loss: 0.5187, Hard: 1.0228, Soft: 0.0146 Acc: 47.35% LR: 0.000500
2026-04-06 11:23:09,980 - INFO - Epoch [1] Batch [450/498] Loss: 0.5026, Hard: 0.9859, Soft: 0.0194 Acc: 47.42% LR: 0.000500
2026-04-06 11:23:11,484 - INFO - Epoch [1] Batch [460/498] Loss: 0.6382, Hard: 1.2552, Soft: 0.0212 Acc: 47.42% LR: 0.000500
2026-04-06 11:23:13,040 - INFO - Epoch [1] Batch [470/498] Loss: 0.4880, Hard: 0.9617, Soft: 0.0143 Acc: 47.58% LR: 0.000500
2026-04-06 11:23:14,567 - INFO - Epoch [1] Batch [480/498] Loss: 0.4497, Hard: 0.8840, Soft: 0.0155 Acc: 47.73% LR: 0.000500
2026-04-06 11:23:16,067 - INFO - Epoch [1] Batch [490/498] Loss: 0.5453, Hard: 1.0749, Soft: 0.0157 Acc: 47.77% LR: 0.000500
2026-04-06 11:23:56,142 - DEBUG - AUC/F1 计算信息:
2026-04-06 11:23:56,143 - DEBUG -   all_labels shape: (10632,)
2026-04-06 11:23:56,143 - DEBUG -   all_preds shape: (10632, 4)
2026-04-06 11:23:56,143 - DEBUG -   unique_labels: 4
2026-04-06 11:23:56,143 - DEBUG -   unique_preds: 4
2026-04-06 11:23:56,143 - DEBUG -   pred_probs shape: (10632, 4)
2026-04-06 11:23:56,164 - DEBUG -   AUC 计算成功: 0.7746398406651687
2026-04-06 11:23:56,168 - DEBUG -   F1 计算成功: 0.45062053535578034
2026-04-06 11:23:56,168 - INFO - Epoch [1/200] Train Loss: 0.5817, Train Acc: 0.48%, Val Loss: 1.0865, Val Acc: 50.93%, Val AUC: 77.46%, Val F1: 45.06%
2026-04-06 11:23:56,168 - INFO - Best model saved! Acc: 50.93%, AUC: 77.46%, F1: 45.06%
2026-04-06 11:24:17,125 - INFO - Epoch [2] Batch [0/498] Loss: 0.4559, Hard: 0.8978, Soft: 0.0140 Acc: 56.25% LR: 0.000500
2026-04-06 11:24:18,659 - INFO - Epoch [2] Batch [10/498] Loss: 0.6663, Hard: 1.3166, Soft: 0.0160 Acc: 50.00% LR: 0.000500
2026-04-06 11:24:20,172 - INFO - Epoch [2] Batch [20/498] Loss: 0.5532, Hard: 1.0896, Soft: 0.0167 Acc: 52.08% LR: 0.000500
2026-04-06 11:24:21,680 - INFO - Epoch [2] Batch [30/498] Loss: 0.3506, Hard: 0.6824, Soft: 0.0188 Acc: 54.03% LR: 0.000500
2026-04-06 11:24:23,182 - INFO - Epoch [2] Batch [40/498] Loss: 0.4137, Hard: 0.8129, Soft: 0.0145 Acc: 56.55% LR: 0.000500
2026-04-06 11:24:24,683 - INFO - Epoch [2] Batch [50/498] Loss: 0.6468, Hard: 1.2747, Soft: 0.0189 Acc: 55.51% LR: 0.000500
2026-04-06 11:24:26,177 - INFO - Epoch [2] Batch [60/498] Loss: 0.4488, Hard: 0.8831, Soft: 0.0145 Acc: 56.35% LR: 0.000500
2026-04-06 11:24:27,707 - INFO - Epoch [2] Batch [70/498] Loss: 0.5840, Hard: 1.1525, Soft: 0.0155 Acc: 55.02% LR: 0.000500
2026-04-06 11:24:29,197 - INFO - Epoch [2] Batch [80/498] Loss: 0.5382, Hard: 1.0601, Soft: 0.0163 Acc: 54.01% LR: 0.000500
2026-04-06 11:24:30,679 - INFO - Epoch [2] Batch [90/498] Loss: 0.5253, Hard: 1.0348, Soft: 0.0158 Acc: 53.71% LR: 0.000500
2026-04-06 11:24:32,188 - INFO - Epoch [2] Batch [100/498] Loss: 0.6803, Hard: 1.3478, Soft: 0.0128 Acc: 53.22% LR: 0.000500
2026-04-06 11:24:33,693 - INFO - Epoch [2] Batch [110/498] Loss: 0.5827, Hard: 1.1525, Soft: 0.0130 Acc: 52.87% LR: 0.000500
2026-04-06 11:24:35,247 - INFO - Epoch [2] Batch [120/498] Loss: 0.6633, Hard: 1.3075, Soft: 0.0191 Acc: 52.58% LR: 0.000500
2026-04-06 11:24:36,799 - INFO - Epoch [2] Batch [130/498] Loss: 0.4722, Hard: 0.9282, Soft: 0.0162 Acc: 52.86% LR: 0.000500
2026-04-06 11:24:38,303 - INFO - Epoch [2] Batch [140/498] Loss: 0.5654, Hard: 1.1150, Soft: 0.0158 Acc: 52.57% LR: 0.000500
2026-04-06 11:24:39,816 - INFO - Epoch [2] Batch [150/498] Loss: 0.6089, Hard: 1.2063, Soft: 0.0114 Acc: 52.52% LR: 0.000500
2026-04-06 11:24:41,327 - INFO - Epoch [2] Batch [160/498] Loss: 0.5557, Hard: 1.0969, Soft: 0.0146 Acc: 52.52% LR: 0.000500
2026-04-06 11:24:42,823 - INFO - Epoch [2] Batch [170/498] Loss: 0.6740, Hard: 1.3339, Soft: 0.0141 Acc: 52.67% LR: 0.000500
2026-04-06 11:24:44,342 - INFO - Epoch [2] Batch [180/498] Loss: 0.5776, Hard: 1.1377, Soft: 0.0175 Acc: 52.49% LR: 0.000500
2026-04-06 11:24:45,833 - INFO - Epoch [2] Batch [190/498] Loss: 0.4033, Hard: 0.7866, Soft: 0.0199 Acc: 52.95% LR: 0.000500
2026-04-06 11:24:47,596 - INFO - Epoch [2] Batch [200/498] Loss: 0.5687, Hard: 1.1234, Soft: 0.0140 Acc: 52.67% LR: 0.000500
2026-04-06 11:24:49,694 - INFO - Epoch [2] Batch [210/498] Loss: 0.6795, Hard: 1.3381, Soft: 0.0209 Acc: 52.81% LR: 0.000500
2026-04-06 11:24:51,799 - INFO - Epoch [2] Batch [220/498] Loss: 0.5870, Hard: 1.1595, Soft: 0.0146 Acc: 52.88% LR: 0.000500
2026-04-06 11:24:53,522 - INFO - Epoch [2] Batch [230/498] Loss: 0.4528, Hard: 0.8875, Soft: 0.0181 Acc: 53.11% LR: 0.000500
2026-04-06 11:24:55,138 - INFO - Epoch [2] Batch [240/498] Loss: 0.7171, Hard: 1.4169, Soft: 0.0173 Acc: 53.40% LR: 0.000500
2026-04-06 11:24:56,637 - INFO - Epoch [2] Batch [250/498] Loss: 0.5400, Hard: 1.0660, Soft: 0.0139 Acc: 53.26% LR: 0.000500
2026-04-06 11:24:58,154 - INFO - Epoch [2] Batch [260/498] Loss: 0.4083, Hard: 0.8025, Soft: 0.0142 Acc: 53.38% LR: 0.000500
2026-04-06 11:24:59,724 - INFO - Epoch [2] Batch [270/498] Loss: 0.6530, Hard: 1.2906, Soft: 0.0153 Acc: 53.37% LR: 0.000500
2026-04-06 11:25:01,242 - INFO - Epoch [2] Batch [280/498] Loss: 0.4895, Hard: 0.9679, Soft: 0.0111 Acc: 53.63% LR: 0.000500
2026-04-06 11:25:02,792 - INFO - Epoch [2] Batch [290/498] Loss: 0.5484, Hard: 1.0814, Soft: 0.0155 Acc: 53.57% LR: 0.000500
2026-04-06 11:25:04,288 - INFO - Epoch [2] Batch [300/498] Loss: 0.5633, Hard: 1.1087, Soft: 0.0178 Acc: 53.65% LR: 0.000500
2026-04-06 11:25:05,766 - INFO - Epoch [2] Batch [310/498] Loss: 0.5958, Hard: 1.1779, Soft: 0.0137 Acc: 53.62% LR: 0.000500
2026-04-06 11:25:07,246 - INFO - Epoch [2] Batch [320/498] Loss: 0.4955, Hard: 0.9798, Soft: 0.0111 Acc: 53.50% LR: 0.000500
2026-04-06 11:25:08,763 - INFO - Epoch [2] Batch [330/498] Loss: 0.5297, Hard: 1.0461, Soft: 0.0133 Acc: 53.32% LR: 0.000500
2026-04-06 11:25:10,313 - INFO - Epoch [2] Batch [340/498] Loss: 0.6558, Hard: 1.2926, Soft: 0.0189 Acc: 53.23% LR: 0.000500
2026-04-06 11:25:11,868 - INFO - Epoch [2] Batch [350/498] Loss: 0.4392, Hard: 0.8664, Soft: 0.0120 Acc: 53.31% LR: 0.000500
2026-04-06 11:25:13,375 - INFO - Epoch [2] Batch [360/498] Loss: 0.3545, Hard: 0.6928, Soft: 0.0162 Acc: 53.45% LR: 0.000500
2026-04-06 11:25:14,870 - INFO - Epoch [2] Batch [370/498] Loss: 0.6032, Hard: 1.1913, Soft: 0.0150 Acc: 53.55% LR: 0.000500
2026-04-06 11:25:16,365 - INFO - Epoch [2] Batch [380/498] Loss: 0.5283, Hard: 1.0389, Soft: 0.0178 Acc: 53.48% LR: 0.000500
2026-04-06 11:25:17,859 - INFO - Epoch [2] Batch [390/498] Loss: 0.3895, Hard: 0.7603, Soft: 0.0187 Acc: 53.63% LR: 0.000500
2026-04-06 11:25:19,350 - INFO - Epoch [2] Batch [400/498] Loss: 0.4048, Hard: 0.7964, Soft: 0.0133 Acc: 53.76% LR: 0.000500
2026-04-06 11:25:20,856 - INFO - Epoch [2] Batch [410/498] Loss: 0.4772, Hard: 0.9384, Soft: 0.0160 Acc: 53.66% LR: 0.000500
2026-04-06 11:25:22,363 - INFO - Epoch [2] Batch [420/498] Loss: 0.4653, Hard: 0.9134, Soft: 0.0173 Acc: 53.71% LR: 0.000500
2026-04-06 11:25:23,861 - INFO - Epoch [2] Batch [430/498] Loss: 0.5941, Hard: 1.1736, Soft: 0.0146 Acc: 53.80% LR: 0.000500
2026-04-06 11:25:25,386 - INFO - Epoch [2] Batch [440/498] Loss: 0.5308, Hard: 1.0465, Soft: 0.0151 Acc: 54.00% LR: 0.000500
2026-04-06 11:25:26,886 - INFO - Epoch [2] Batch [450/498] Loss: 0.4966, Hard: 0.9786, Soft: 0.0147 Acc: 54.17% LR: 0.000500
2026-04-06 11:25:28,408 - INFO - Epoch [2] Batch [460/498] Loss: 0.4414, Hard: 0.8678, Soft: 0.0150 Acc: 54.12% LR: 0.000500
2026-04-06 11:25:29,917 - INFO - Epoch [2] Batch [470/498] Loss: 0.3941, Hard: 0.7766, Soft: 0.0116 Acc: 54.21% LR: 0.000500
2026-04-06 11:25:31,482 - INFO - Epoch [2] Batch [480/498] Loss: 0.5653, Hard: 1.1136, Soft: 0.0171 Acc: 54.31% LR: 0.000500
2026-04-06 11:25:33,049 - INFO - Epoch [2] Batch [490/498] Loss: 0.5425, Hard: 1.0677, Soft: 0.0173 Acc: 54.38% LR: 0.000500
2026-04-06 11:26:11,975 - DEBUG - AUC/F1 计算信息:
2026-04-06 11:26:11,975 - DEBUG -   all_labels shape: (10632,)
2026-04-06 11:26:11,975 - DEBUG -   all_preds shape: (10632, 4)
2026-04-06 11:26:11,975 - DEBUG -   unique_labels: 4
2026-04-06 11:26:11,976 - DEBUG -   unique_preds: 4
2026-04-06 11:26:11,976 - DEBUG -   pred_probs shape: (10632, 4)
2026-04-06 11:26:11,993 - DEBUG -   AUC 计算成功: 0.8253726601903676
2026-04-06 11:26:11,996 - DEBUG -   F1 计算成功: 0.5295680789688066
2026-04-06 11:26:11,997 - INFO - Epoch [2/200] Train Loss: 0.5260, Train Acc: 0.54%, Val Loss: 0.9542, Val Acc: 57.08%, Val AUC: 82.54%, Val F1: 52.96%
2026-04-06 11:26:11,997 - INFO - Best model saved! Acc: 57.08%, AUC: 82.54%, F1: 52.96%
2026-04-06 11:26:35,216 - INFO - Epoch [3] Batch [0/498] Loss: 0.5786, Hard: 1.1444, Soft: 0.0128 Acc: 37.50% LR: 0.000500
2026-04-06 11:26:36,731 - INFO - Epoch [3] Batch [10/498] Loss: 0.4279, Hard: 0.8417, Soft: 0.0142 Acc: 58.52% LR: 0.000500
2026-04-06 11:26:38,233 - INFO - Epoch [3] Batch [20/498] Loss: 0.6195, Hard: 1.2213, Soft: 0.0177 Acc: 59.52% LR: 0.000500
2026-04-06 11:26:39,748 - INFO - Epoch [3] Batch [30/498] Loss: 0.5282, Hard: 1.0406, Soft: 0.0157 Acc: 58.06% LR: 0.000500
2026-04-06 11:26:41,267 - INFO - Epoch [3] Batch [40/498] Loss: 0.6485, Hard: 1.2841, Soft: 0.0130 Acc: 57.16% LR: 0.000500
2026-04-06 11:26:42,783 - INFO - Epoch [3] Batch [50/498] Loss: 0.5722, Hard: 1.1284, Soft: 0.0160 Acc: 55.76% LR: 0.000500
2026-04-06 11:26:44,285 - INFO - Epoch [3] Batch [60/498] Loss: 0.5046, Hard: 0.9945, Soft: 0.0147 Acc: 55.23% LR: 0.000500
2026-04-06 11:26:45,811 - INFO - Epoch [3] Batch [70/498] Loss: 0.5181, Hard: 1.0167, Soft: 0.0196 Acc: 55.11% LR: 0.000500
2026-04-06 11:26:47,391 - INFO - Epoch [3] Batch [80/498] Loss: 0.7675, Hard: 1.5208, Soft: 0.0141 Acc: 55.79% LR: 0.000500
2026-04-06 11:26:48,930 - INFO - Epoch [3] Batch [90/498] Loss: 0.4457, Hard: 0.8755, Soft: 0.0160 Acc: 56.52% LR: 0.000500
2026-04-06 11:26:50,446 - INFO - Epoch [3] Batch [100/498] Loss: 0.5763, Hard: 1.1355, Soft: 0.0171 Acc: 55.75% LR: 0.000500
2026-04-06 11:26:51,963 - INFO - Epoch [3] Batch [110/498] Loss: 0.4409, Hard: 0.8696, Soft: 0.0122 Acc: 55.86% LR: 0.000500
2026-04-06 11:26:53,476 - INFO - Epoch [3] Batch [120/498] Loss: 0.5840, Hard: 1.1540, Soft: 0.0141 Acc: 56.10% LR: 0.000500
2026-04-06 11:26:55,010 - INFO - Epoch [3] Batch [130/498] Loss: 0.4633, Hard: 0.9118, Soft: 0.0148 Acc: 55.92% LR: 0.000500
2026-04-06 11:26:56,615 - INFO - Epoch [3] Batch [140/498] Loss: 0.4840, Hard: 0.9510, Soft: 0.0171 Acc: 55.85% LR: 0.000500
2026-04-06 11:26:58,247 - INFO - Epoch [3] Batch [150/498] Loss: 0.4892, Hard: 0.9658, Soft: 0.0125 Acc: 55.59% LR: 0.000500
2026-04-06 11:26:59,774 - INFO - Epoch [3] Batch [160/498] Loss: 0.6860, Hard: 1.3602, Soft: 0.0119 Acc: 55.90% LR: 0.000500
2026-04-06 11:27:01,306 - INFO - Epoch [3] Batch [170/498] Loss: 0.6720, Hard: 1.3268, Soft: 0.0171 Acc: 55.70% LR: 0.000500
2026-04-06 11:27:02,859 - INFO - Epoch [3] Batch [180/498] Loss: 0.4083, Hard: 0.8033, Soft: 0.0133 Acc: 55.66% LR: 0.000500
2026-04-06 11:27:04,401 - INFO - Epoch [3] Batch [190/498] Loss: 0.3612, Hard: 0.7084, Soft: 0.0140 Acc: 55.60% LR: 0.000500
2026-04-06 11:27:05,965 - INFO - Epoch [3] Batch [200/498] Loss: 0.5386, Hard: 1.0631, Soft: 0.0140 Acc: 55.72% LR: 0.000500
2026-04-06 11:27:07,489 - INFO - Epoch [3] Batch [210/498] Loss: 0.5772, Hard: 1.1365, Soft: 0.0180 Acc: 55.72% LR: 0.000500
2026-04-06 11:27:09,027 - INFO - Epoch [3] Batch [220/498] Loss: 0.5692, Hard: 1.1243, Soft: 0.0141 Acc: 56.19% LR: 0.000500
2026-04-06 11:27:10,558 - INFO - Epoch [3] Batch [230/498] Loss: 0.5546, Hard: 1.0952, Soft: 0.0140 Acc: 55.98% LR: 0.000500
2026-04-06 11:27:12,075 - INFO - Epoch [3] Batch [240/498] Loss: 0.5124, Hard: 1.0107, Soft: 0.0141 Acc: 55.76% LR: 0.000500
2026-04-06 11:27:13,567 - INFO - Epoch [3] Batch [250/498] Loss: 0.4992, Hard: 0.9869, Soft: 0.0116 Acc: 55.55% LR: 0.000500
2026-04-06 11:27:15,076 - INFO - Epoch [3] Batch [260/498] Loss: 0.6040, Hard: 1.1912, Soft: 0.0167 Acc: 55.56% LR: 0.000500
2026-04-06 11:27:16,571 - INFO - Epoch [3] Batch [270/498] Loss: 0.7363, Hard: 1.4604, Soft: 0.0123 Acc: 55.58% LR: 0.000500
2026-04-06 11:27:18,064 - INFO - Epoch [3] Batch [280/498] Loss: 0.5295, Hard: 1.0471, Soft: 0.0120 Acc: 55.69% LR: 0.000500
2026-04-06 11:27:19,569 - INFO - Epoch [3] Batch [290/498] Loss: 0.4461, Hard: 0.8773, Soft: 0.0149 Acc: 55.80% LR: 0.000500
2026-04-06 11:27:21,081 - INFO - Epoch [3] Batch [300/498] Loss: 0.4339, Hard: 0.8545, Soft: 0.0133 Acc: 55.79% LR: 0.000500
2026-04-06 11:27:22,575 - INFO - Epoch [3] Batch [310/498] Loss: 0.8124, Hard: 1.6127, Soft: 0.0122 Acc: 55.71% LR: 0.000500
2026-04-06 11:27:24,071 - INFO - Epoch [3] Batch [320/498] Loss: 0.3855, Hard: 0.7525, Soft: 0.0185 Acc: 55.78% LR: 0.000500
2026-04-06 11:27:25,574 - INFO - Epoch [3] Batch [330/498] Loss: 0.4746, Hard: 0.9329, Soft: 0.0162 Acc: 55.76% LR: 0.000500
2026-04-06 11:27:27,067 - INFO - Epoch [3] Batch [340/498] Loss: 0.4729, Hard: 0.9309, Soft: 0.0148 Acc: 55.88% LR: 0.000500
2026-04-06 11:27:28,567 - INFO - Epoch [3] Batch [350/498] Loss: 0.4197, Hard: 0.8277, Soft: 0.0117 Acc: 55.80% LR: 0.000500
2026-04-06 11:27:30,110 - INFO - Epoch [3] Batch [360/498] Loss: 0.4600, Hard: 0.9057, Soft: 0.0142 Acc: 55.85% LR: 0.000500
2026-04-06 11:27:31,610 - INFO - Epoch [3] Batch [370/498] Loss: 0.5611, Hard: 1.1097, Soft: 0.0126 Acc: 56.06% LR: 0.000500
2026-04-06 11:27:33,172 - INFO - Epoch [3] Batch [380/498] Loss: 0.4953, Hard: 0.9756, Soft: 0.0150 Acc: 56.04% LR: 0.000500
2026-04-06 11:27:34,739 - INFO - Epoch [3] Batch [390/498] Loss: 0.6996, Hard: 1.3847, Soft: 0.0144 Acc: 56.14% LR: 0.000500
2026-04-06 11:27:36,313 - INFO - Epoch [3] Batch [400/498] Loss: 0.4815, Hard: 0.9513, Soft: 0.0117 Acc: 56.03% LR: 0.000500
2026-04-06 11:27:37,852 - INFO - Epoch [3] Batch [410/498] Loss: 0.3570, Hard: 0.6925, Soft: 0.0214 Acc: 56.20% LR: 0.000500
2026-04-06 11:27:39,430 - INFO - Epoch [3] Batch [420/498] Loss: 0.5288, Hard: 1.0446, Soft: 0.0130 Acc: 56.28% LR: 0.000500
2026-04-06 11:27:40,970 - INFO - Epoch [3] Batch [430/498] Loss: 0.5135, Hard: 1.0157, Soft: 0.0114 Acc: 56.34% LR: 0.000500
2026-04-06 11:27:42,495 - INFO - Epoch [3] Batch [440/498] Loss: 0.5302, Hard: 1.0490, Soft: 0.0115 Acc: 56.32% LR: 0.000500
2026-04-06 11:27:44,007 - INFO - Epoch [3] Batch [450/498] Loss: 0.4831, Hard: 0.9522, Soft: 0.0141 Acc: 56.33% LR: 0.000500
2026-04-06 11:27:45,479 - INFO - Epoch [3] Batch [460/498] Loss: 0.5569, Hard: 1.0980, Soft: 0.0158 Acc: 56.29% LR: 0.000500
2026-04-06 11:27:47,031 - INFO - Epoch [3] Batch [470/498] Loss: 0.3951, Hard: 0.7766, Soft: 0.0135 Acc: 56.32% LR: 0.000500
2026-04-06 11:27:48,592 - INFO - Epoch [3] Batch [480/498] Loss: 0.5404, Hard: 1.0672, Soft: 0.0136 Acc: 56.26% LR: 0.000500
2026-04-06 11:27:50,109 - INFO - Epoch [3] Batch [490/498] Loss: 0.4182, Hard: 0.8227, Soft: 0.0138 Acc: 56.19% LR: 0.000500
2026-04-06 11:28:29,313 - DEBUG - AUC/F1 计算信息:
2026-04-06 11:28:29,316 - DEBUG -   all_labels shape: (10632,)
2026-04-06 11:28:29,316 - DEBUG -   all_preds shape: (10632, 4)
2026-04-06 11:28:29,316 - DEBUG -   unique_labels: 4
2026-04-06 11:28:29,316 - DEBUG -   unique_preds: 4
2026-04-06 11:28:29,316 - DEBUG -   pred_probs shape: (10632, 4)
2026-04-06 11:28:29,330 - DEBUG -   AUC 计算成功: 0.8522118321543729
2026-04-06 11:28:29,333 - DEBUG -   F1 计算成功: 0.5805637793952115
2026-04-06 11:28:29,333 - INFO - Epoch [3/200] Train Loss: 0.4982, Train Acc: 0.56%, Val Loss: 0.8879, Val Acc: 60.59%, Val AUC: 85.22%, Val F1: 58.06%
2026-04-06 11:28:29,333 - INFO - Best model saved! Acc: 60.59%, AUC: 85.22%, F1: 58.06%
