2026-02-12 21:41:53,422 - INFO - ==================================================
2026-02-12 21:41:53,423 - INFO - Distillation Training Configuration
2026-02-12 21:41:53,423 - INFO - ==================================================
2026-02-12 21:41:53,423 - INFO - GPUs: [4, 5, 6, 7]
2026-02-12 21:41:53,423 - INFO - World size: 4
2026-02-12 21:41:53,423 - INFO - Dataset: /media/hdd1/chuxiaohui/AI4Ocean_UATR/DeepShip_622
2026-02-12 21:41:53,423 - INFO - Data type: wav_s@wav_t
2026-02-12 21:41:53,423 - INFO - Batch size: 16
2026-02-12 21:41:53,423 - INFO - Epochs: 100
2026-02-12 21:41:53,423 - INFO - Learning rate: 0.0005
2026-02-12 21:41:53,423 - INFO - Temperature: 2.0
2026-02-12 21:41:53,423 - INFO - Alpha: 0.3
2026-02-12 21:41:53,423 - INFO - Save dir: checkpoints/grid_deepship_0/num_epochs100_weight_decay0.0001_batch_size16_lr0.0005_distill_typeMemKD_freezeFalse_USE_DYNAMIC_DISTILL_WEIGHTTrue_p_encoder0.1_p_classifier0.5
2026-02-12 21:41:53,423 - INFO - ==================================================
2026-02-12 21:41:53,687 - INFO - Train dataset size: 31892
2026-02-12 21:41:53,687 - INFO - Validation dataset size: 10631
2026-02-12 21:41:54,975 - INFO - Student params: 316,234 (0.32M)
2026-02-12 21:41:54,975 - INFO - Teacher params: 164,415,748 (164.42M)
2026-02-12 21:41:54,975 - INFO - Trainable params: 164,686,990 (164.69M)
2026-02-12 21:41:55,498 - INFO - Start training...
2026-02-12 21:41:55,499 - INFO - No checkpoint found, start from scratch
