2026-02-09 21:11:54,560 - INFO - ==================================================
2026-02-09 21:11:54,561 - INFO - Distillation Training Configuration
2026-02-09 21:11:54,561 - INFO - ==================================================
2026-02-09 21:11:54,561 - INFO - GPUs: [4, 5, 6, 7]
2026-02-09 21:11:54,561 - INFO - World size: 4
2026-02-09 21:11:54,561 - INFO - Dataset: /media/hdd1/chuxiaohui/AI4Ocean_UATR/ShipsEar_622
2026-02-09 21:11:54,561 - INFO - Data type: wav_s@wav_t
2026-02-09 21:11:54,561 - INFO - Batch size: 16
2026-02-09 21:11:54,561 - INFO - Epochs: 130
2026-02-09 21:11:54,561 - INFO - Learning rate: 0.0005
2026-02-09 21:11:54,561 - INFO - Temperature: 2.0
2026-02-09 21:11:54,561 - INFO - Alpha: 0.3
2026-02-09 21:11:54,561 - INFO - Save dir: checkpoints/grid_shipsear_v2/num_epochs130_weight_decay0.0001_batch_size16_lr0.0005_distill_typeTser_freezeTrue_USE_DYNAMIC_DISTILL_WEIGHTFalse_p_encoder0.3_p_classifier0.25
2026-02-09 21:11:54,561 - INFO - ==================================================
2026-02-09 21:11:54,593 - INFO - Train dataset size: 2240
2026-02-09 21:11:54,593 - INFO - Validation dataset size: 749
2026-02-09 21:11:55,797 - INFO - Student params: 316,299 (0.32M)
2026-02-09 21:11:55,797 - INFO - Teacher params: 164,415,877 (164.42M)
2026-02-09 21:11:55,797 - INFO - Trainable params: 271,372 (0.27M)
2026-02-09 21:11:56,338 - INFO - Start training...
2026-02-09 21:11:56,339 - INFO - No checkpoint found, start from scratch
2026-02-09 21:12:20,240 - INFO - Epoch [1] Batch [0/35]                     Loss: 2.6492, Hard: 1.6834, Soft: 0.9658                     Acc: 12.50% LR: 0.000500                     Alpha: 0.5744425058364868                     Beta: 0.0                     MemKD: 0.0
2026-02-09 21:12:23,277 - INFO - Epoch [1] Batch [20/35]                     Loss: 2.0948, Hard: 1.5206, Soft: 0.5742                     Acc: 35.42% LR: 0.000500                     Alpha: 0.5744425058364868                     Beta: 0.009300791658461094                     MemKD: 0.0
2026-02-09 21:12:52,012 - INFO - Epoch [1/130] Train Loss: 1.9387, Train Acc: 39.46%, Val Loss: 1.4124, Val Acc: 44.41%
2026-02-09 21:12:52,013 - INFO - Best model saved with accuracy: 44.41%
2026-02-09 21:13:14,237 - INFO - Epoch [2] Batch [0/35]                     Loss: 1.5466, Hard: 1.1930, Soft: 0.3536                     Acc: 50.00% LR: 0.000500                     Alpha: 0.5744425058364868                     Beta: 0.015875358134508133                     MemKD: 0.0
2026-02-09 21:13:18,054 - INFO - Epoch [2] Batch [20/35]                     Loss: 2.0957, Hard: 1.5628, Soft: 0.5329                     Acc: 50.60% LR: 0.000500                     Alpha: 0.5744425058364868                     Beta: 0.023913435637950897                     MemKD: 0.0
2026-02-09 21:13:49,413 - INFO - Epoch [2/130] Train Loss: 1.6644, Train Acc: 47.86%, Val Loss: 1.2494, Val Acc: 49.34%
2026-02-09 21:13:49,414 - INFO - Best model saved with accuracy: 49.34%
2026-02-09 21:14:13,177 - INFO - Epoch [3] Batch [0/35]                     Loss: 1.3292, Hard: 1.0420, Soft: 0.2872                     Acc: 50.00% LR: 0.000500                     Alpha: 0.5744425058364868                     Beta: 0.03011372685432434                     MemKD: 0.0
2026-02-09 21:14:16,900 - INFO - Epoch [3] Batch [20/35]                     Loss: 1.3837, Hard: 1.1067, Soft: 0.2770                     Acc: 44.64% LR: 0.000500                     Alpha: 0.5744425058364868                     Beta: 0.038690418004989624                     MemKD: 0.0
2026-02-09 21:14:45,921 - INFO - Epoch [3/130] Train Loss: 1.5949, Train Acc: 46.25%, Val Loss: 1.0477, Val Acc: 59.57%
2026-02-09 21:14:45,921 - INFO - Best model saved with accuracy: 59.57%
2026-02-09 21:15:11,618 - INFO - Epoch [4] Batch [0/35]                     Loss: 1.3367, Hard: 1.0744, Soft: 0.2623                     Acc: 62.50% LR: 0.000499                     Alpha: 0.5744425058364868                     Beta: 0.0449289046227932                     MemKD: 0.0
2026-02-09 21:15:15,391 - INFO - Epoch [4] Batch [20/35]                     Loss: 1.6916, Hard: 1.2922, Soft: 0.3994                     Acc: 52.08% LR: 0.000499                     Alpha: 0.5744425058364868                     Beta: 0.05286051705479622                     MemKD: 0.0
2026-02-09 21:15:45,962 - INFO - Epoch [4/130] Train Loss: 1.4742, Train Acc: 52.86%, Val Loss: 1.0486, Val Acc: 55.59%
2026-02-09 21:16:09,328 - INFO - Epoch [5] Batch [0/35]                     Loss: 1.4266, Hard: 1.0945, Soft: 0.3321                     Acc: 68.75% LR: 0.000499                     Alpha: 0.5744425058364868                     Beta: 0.058884549885988235                     MemKD: 0.0
2026-02-09 21:16:12,997 - INFO - Epoch [5] Batch [20/35]                     Loss: 1.3245, Hard: 1.0843, Soft: 0.2402                     Acc: 57.74% LR: 0.000499                     Alpha: 0.5744425058364868                     Beta: 0.06704072654247284                     MemKD: 0.0
2026-02-09 21:16:43,082 - INFO - Epoch [5/130] Train Loss: 1.3928, Train Acc: 56.61%, Val Loss: 0.9711, Val Acc: 59.44%
2026-02-09 21:17:07,023 - INFO - Epoch [6] Batch [0/35]                     Loss: 1.3095, Hard: 1.0401, Soft: 0.2694                     Acc: 50.00% LR: 0.000498                     Alpha: 0.5744425058364868                     Beta: 0.07278265058994293                     MemKD: 0.0
2026-02-09 21:17:10,222 - INFO - Epoch [6] Batch [20/35]                     Loss: 1.8389, Hard: 1.4133, Soft: 0.4256                     Acc: 57.44% LR: 0.000498                     Alpha: 0.5744425058364868                     Beta: 0.08063849806785583                     MemKD: 0.0
2026-02-09 21:17:39,387 - INFO - Epoch [6/130] Train Loss: 1.3287, Train Acc: 58.21%, Val Loss: 0.9643, Val Acc: 60.11%
2026-02-09 21:17:39,388 - INFO - Best model saved with accuracy: 60.11%
2026-02-09 21:18:02,876 - INFO - Epoch [7] Batch [0/35]                     Loss: 1.2056, Hard: 0.9988, Soft: 0.2067                     Acc: 62.50% LR: 0.000497                     Alpha: 0.5744425058364868                     Beta: 0.08643771708011627                     MemKD: 0.0
2026-02-09 21:18:06,465 - INFO - Epoch [7] Batch [20/35]                     Loss: 1.3918, Hard: 1.1103, Soft: 0.2815                     Acc: 56.85% LR: 0.000497                     Alpha: 0.5744425058364868                     Beta: 0.09419994056224823                     MemKD: 0.0
2026-02-09 21:18:37,184 - INFO - Epoch [7/130] Train Loss: 1.3335, Train Acc: 57.32%, Val Loss: 0.9463, Val Acc: 64.49%
2026-02-09 21:18:37,185 - INFO - Best model saved with accuracy: 64.49%
2026-02-09 21:19:02,173 - INFO - Epoch [8] Batch [0/35]                     Loss: 0.9786, Hard: 0.7534, Soft: 0.2252                     Acc: 81.25% LR: 0.000496                     Alpha: 0.5744425058364868                     Beta: 0.10034802556037903                     MemKD: 0.0
2026-02-09 21:19:05,886 - INFO - Epoch [8] Batch [20/35]                     Loss: 1.0309, Hard: 0.8154, Soft: 0.2155                     Acc: 61.61% LR: 0.000496                     Alpha: 0.5744425058364868                     Beta: 0.10841722041368484                     MemKD: 0.0
2026-02-09 21:19:34,822 - INFO - Epoch [8/130] Train Loss: 1.2689, Train Acc: 61.43%, Val Loss: 0.9570, Val Acc: 63.43%
2026-02-09 21:19:58,055 - INFO - Epoch [9] Batch [0/35]                     Loss: 0.9229, Hard: 0.7574, Soft: 0.1656                     Acc: 75.00% LR: 0.000495                     Alpha: 0.5744425058364868                     Beta: 0.11421824246644974                     MemKD: 0.0
2026-02-09 21:20:01,781 - INFO - Epoch [9] Batch [20/35]                     Loss: 1.7515, Hard: 1.3951, Soft: 0.3563                     Acc: 60.71% LR: 0.000495                     Alpha: 0.5744425058364868                     Beta: 0.12188038229942322                     MemKD: 0.0
2026-02-09 21:20:32,133 - INFO - Epoch [9/130] Train Loss: 1.2217, Train Acc: 61.79%, Val Loss: 0.8530, Val Acc: 68.88%
2026-02-09 21:20:32,133 - INFO - Best model saved with accuracy: 68.88%
2026-02-09 21:20:55,251 - INFO - Epoch [10] Batch [0/35]                     Loss: 1.1051, Hard: 0.8469, Soft: 0.2582                     Acc: 62.50% LR: 0.000494                     Alpha: 0.5744425058364868                     Beta: 0.12787923216819763                     MemKD: 0.0
2026-02-09 21:20:59,000 - INFO - Epoch [10] Batch [20/35]                     Loss: 1.5104, Hard: 1.2458, Soft: 0.2646                     Acc: 61.31% LR: 0.000494                     Alpha: 0.5744425058364868                     Beta: 0.13564111292362213                     MemKD: 0.0
2026-02-09 21:21:29,172 - INFO - Epoch [10/130] Train Loss: 1.1387, Train Acc: 63.21%, Val Loss: 1.0268, Val Acc: 57.98%
2026-02-09 21:21:29,224 - INFO - Checkpoint saved at epoch 10
2026-02-09 21:21:54,124 - INFO - Epoch [11] Batch [0/35]                     Loss: 0.7108, Hard: 0.5861, Soft: 0.1247                     Acc: 87.50% LR: 0.000493                     Alpha: 0.5744425058364868                     Beta: 0.14139866828918457                     MemKD: 0.0
2026-02-09 21:21:57,878 - INFO - Epoch [11] Batch [20/35]                     Loss: 1.4344, Hard: 1.1794, Soft: 0.2551                     Acc: 61.01% LR: 0.000493                     Alpha: 0.5744425058364868                     Beta: 0.14899277687072754                     MemKD: 0.0
2026-02-09 21:22:27,918 - INFO - Epoch [11/130] Train Loss: 1.1859, Train Acc: 61.61%, Val Loss: 0.8502, Val Acc: 67.55%
2026-02-09 21:22:50,312 - INFO - Epoch [12] Batch [0/35]                     Loss: 0.8282, Hard: 0.6655, Soft: 0.1627                     Acc: 68.75% LR: 0.000491                     Alpha: 0.5744425058364868                     Beta: 0.15486401319503784                     MemKD: 0.0
2026-02-09 21:22:53,394 - INFO - Epoch [12] Batch [20/35]                     Loss: 1.4237, Hard: 1.1271, Soft: 0.2966                     Acc: 66.96% LR: 0.000491                     Alpha: 0.5744425058364868                     Beta: 0.16182835400104523                     MemKD: 0.0
2026-02-09 21:23:22,771 - INFO - Epoch [12/130] Train Loss: 1.0459, Train Acc: 66.79%, Val Loss: 0.7631, Val Acc: 70.48%
2026-02-09 21:23:22,772 - INFO - Best model saved with accuracy: 70.48%
2026-02-09 21:23:47,245 - INFO - Epoch [13] Batch [0/35]                     Loss: 1.5516, Hard: 1.3061, Soft: 0.2456                     Acc: 43.75% LR: 0.000490                     Alpha: 0.5744425058364868                     Beta: 0.16711926460266113                     MemKD: 0.0
2026-02-09 21:23:51,009 - INFO - Epoch [13] Batch [20/35]                     Loss: 1.5543, Hard: 1.2551, Soft: 0.2992                     Acc: 56.55% LR: 0.000490                     Alpha: 0.5744425058364868                     Beta: 0.17547312378883362                     MemKD: 0.0
2026-02-09 21:24:19,455 - INFO - Epoch [13/130] Train Loss: 1.2324, Train Acc: 60.18%, Val Loss: 1.0174, Val Acc: 58.64%
2026-02-09 21:24:41,989 - INFO - Epoch [14] Batch [0/35]                     Loss: 0.9773, Hard: 0.8055, Soft: 0.1719                     Acc: 62.50% LR: 0.000488                     Alpha: 0.5744425058364868                     Beta: 0.1819118708372116                     MemKD: 0.0
2026-02-09 21:24:45,580 - INFO - Epoch [14] Batch [20/35]                     Loss: 0.8157, Hard: 0.6534, Soft: 0.1622                     Acc: 63.10% LR: 0.000488                     Alpha: 0.5744425058364868                     Beta: 0.18987441062927246                     MemKD: 0.0
2026-02-09 21:25:15,148 - INFO - Epoch [14/130] Train Loss: 1.1298, Train Acc: 62.86%, Val Loss: 0.8480, Val Acc: 65.82%
2026-02-09 21:25:39,649 - INFO - Epoch [15] Batch [0/35]                     Loss: 1.1855, Hard: 0.9603, Soft: 0.2253                     Acc: 68.75% LR: 0.000486                     Alpha: 0.5744425058364868                     Beta: 0.19606323540210724                     MemKD: 0.0
2026-02-09 21:25:43,385 - INFO - Epoch [15] Batch [20/35]                     Loss: 0.9795, Hard: 0.8170, Soft: 0.1625                     Acc: 70.24% LR: 0.000486                     Alpha: 0.5744425058364868                     Beta: 0.2037176489830017                     MemKD: 0.0
2026-02-09 21:26:12,808 - INFO - Epoch [15/130] Train Loss: 1.0605, Train Acc: 68.75%, Val Loss: 0.8405, Val Acc: 66.36%
2026-02-09 21:26:35,304 - INFO - Epoch [16] Batch [0/35]                     Loss: 0.9685, Hard: 0.7886, Soft: 0.1799                     Acc: 75.00% LR: 0.000484                     Alpha: 0.5744425058364868                     Beta: 0.2092895656824112                     MemKD: 0.0
2026-02-09 21:26:38,806 - INFO - Epoch [16] Batch [20/35]                     Loss: 0.9529, Hard: 0.7697, Soft: 0.1832                     Acc: 68.15% LR: 0.000484                     Alpha: 0.5744425058364868                     Beta: 0.2163742333650589                     MemKD: 0.0
2026-02-09 21:27:09,509 - INFO - Epoch [16/130] Train Loss: 1.0043, Train Acc: 68.57%, Val Loss: 0.8159, Val Acc: 66.22%
2026-02-09 21:27:33,276 - INFO - Epoch [17] Batch [0/35]                     Loss: 1.3127, Hard: 1.0367, Soft: 0.2760                     Acc: 56.25% LR: 0.000482                     Alpha: 0.5744425058364868                     Beta: 0.2217656821012497                     MemKD: 0.0
2026-02-09 21:27:36,306 - INFO - Epoch [17] Batch [20/35]                     Loss: 0.7597, Hard: 0.6267, Soft: 0.1330                     Acc: 69.05% LR: 0.000482                     Alpha: 0.5744425058364868                     Beta: 0.22904306650161743                     MemKD: 0.0
2026-02-09 21:28:04,361 - INFO - Epoch [17/130] Train Loss: 1.0464, Train Acc: 66.43%, Val Loss: 0.7916, Val Acc: 69.55%
2026-02-09 21:28:28,280 - INFO - Epoch [18] Batch [0/35]                     Loss: 1.3179, Hard: 1.0792, Soft: 0.2387                     Acc: 56.25% LR: 0.000479                     Alpha: 0.5744425058364868                     Beta: 0.2344885617494583                     MemKD: 0.0
2026-02-09 21:28:32,035 - INFO - Epoch [18] Batch [20/35]                     Loss: 1.3400, Hard: 1.1147, Soft: 0.2253                     Acc: 64.29% LR: 0.000479                     Alpha: 0.5744425058364868                     Beta: 0.2426910102367401                     MemKD: 0.0
2026-02-09 21:29:03,195 - INFO - Epoch [18/130] Train Loss: 1.0508, Train Acc: 66.25%, Val Loss: 0.9007, Val Acc: 64.36%
2026-02-09 21:29:26,858 - INFO - Epoch [19] Batch [0/35]                     Loss: 0.6884, Hard: 0.5612, Soft: 0.1272                     Acc: 81.25% LR: 0.000477                     Alpha: 0.5744425058364868                     Beta: 0.2484179586172104                     MemKD: 0.0
2026-02-09 21:29:30,449 - INFO - Epoch [19] Batch [20/35]                     Loss: 0.9040, Hard: 0.7241, Soft: 0.1799                     Acc: 73.51% LR: 0.000477                     Alpha: 0.5744425058364868                     Beta: 0.25514984130859375                     MemKD: 0.0
2026-02-09 21:29:58,139 - INFO - Epoch [19/130] Train Loss: 0.9575, Train Acc: 70.89%, Val Loss: 0.7128, Val Acc: 72.61%
2026-02-09 21:29:58,139 - INFO - Best model saved with accuracy: 72.61%
2026-02-09 21:30:22,767 - INFO - Epoch [20] Batch [0/35]                     Loss: 0.7710, Hard: 0.6522, Soft: 0.1187                     Acc: 68.75% LR: 0.000474                     Alpha: 0.5744425058364868                     Beta: 0.2605244517326355                     MemKD: 0.0
2026-02-09 21:30:26,554 - INFO - Epoch [20] Batch [20/35]                     Loss: 1.2071, Hard: 1.0185, Soft: 0.1885                     Acc: 71.43% LR: 0.000474                     Alpha: 0.5744425058364868                     Beta: 0.2673466205596924                     MemKD: 0.0
2026-02-09 21:30:57,295 - INFO - Epoch [20/130] Train Loss: 0.9555, Train Acc: 70.71%, Val Loss: 0.7307, Val Acc: 70.35%
2026-02-09 21:30:57,357 - INFO - Checkpoint saved at epoch 20
2026-02-09 21:31:20,255 - INFO - Epoch [21] Batch [0/35]                     Loss: 0.7325, Hard: 0.6124, Soft: 0.1201                     Acc: 75.00% LR: 0.000471                     Alpha: 0.5744425058364868                     Beta: 0.27293938398361206                     MemKD: 0.0
2026-02-09 21:31:23,916 - INFO - Epoch [21] Batch [20/35]                     Loss: 0.5153, Hard: 0.4415, Soft: 0.0738                     Acc: 76.19% LR: 0.000471                     Alpha: 0.5744425058364868                     Beta: 0.2798681855201721                     MemKD: 0.0
2026-02-09 21:31:53,928 - INFO - Epoch [21/130] Train Loss: 0.9036, Train Acc: 73.93%, Val Loss: 0.6896, Val Acc: 73.40%
2026-02-09 21:31:53,929 - INFO - Best model saved with accuracy: 73.40%
2026-02-09 21:32:18,593 - INFO - Epoch [22] Batch [0/35]                     Loss: 1.2403, Hard: 1.0430, Soft: 0.1972                     Acc: 62.50% LR: 0.000468                     Alpha: 0.5744425058364868                     Beta: 0.28482571244239807                     MemKD: 0.0
2026-02-09 21:32:22,257 - INFO - Epoch [22] Batch [20/35]                     Loss: 0.9311, Hard: 0.7912, Soft: 0.1399                     Acc: 72.02% LR: 0.000468                     Alpha: 0.5744425058364868                     Beta: 0.2914855182170868                     MemKD: 0.0
2026-02-09 21:32:51,136 - INFO - Epoch [22/130] Train Loss: 0.9242, Train Acc: 71.07%, Val Loss: 0.6817, Val Acc: 72.87%
2026-02-09 21:33:13,013 - INFO - Epoch [23] Batch [0/35]                     Loss: 0.6928, Hard: 0.5802, Soft: 0.1126                     Acc: 81.25% LR: 0.000465                     Alpha: 0.5744425058364868                     Beta: 0.2969363331794739                     MemKD: 0.0
2026-02-09 21:33:16,066 - INFO - Epoch [23] Batch [20/35]                     Loss: 0.8310, Hard: 0.7139, Soft: 0.1171                     Acc: 74.40% LR: 0.000465                     Alpha: 0.5744425058364868                     Beta: 0.304064005613327                     MemKD: 0.0
2026-02-09 21:33:44,662 - INFO - Epoch [23/130] Train Loss: 0.8708, Train Acc: 73.21%, Val Loss: 0.8500, Val Acc: 68.22%
2026-02-09 21:34:08,585 - INFO - Epoch [24] Batch [0/35]                     Loss: 0.7707, Hard: 0.6325, Soft: 0.1382                     Acc: 75.00% LR: 0.000462                     Alpha: 0.5744425058364868                     Beta: 0.30918940901756287                     MemKD: 0.0
2026-02-09 21:34:12,317 - INFO - Epoch [24] Batch [20/35]                     Loss: 0.3660, Hard: 0.2932, Soft: 0.0728                     Acc: 69.05% LR: 0.000462                     Alpha: 0.5744425058364868                     Beta: 0.3162587285041809                     MemKD: 0.0
2026-02-09 21:34:41,855 - INFO - Epoch [24/130] Train Loss: 0.9216, Train Acc: 68.93%, Val Loss: 0.8535, Val Acc: 67.42%
2026-02-09 21:35:04,067 - INFO - Epoch [25] Batch [0/35]                     Loss: 1.2243, Hard: 1.0412, Soft: 0.1831                     Acc: 62.50% LR: 0.000459                     Alpha: 0.5744425058364868                     Beta: 0.3217979669570923                     MemKD: 0.0
2026-02-09 21:35:07,829 - INFO - Epoch [25] Batch [20/35]                     Loss: 0.3731, Hard: 0.3112, Soft: 0.0619                     Acc: 71.43% LR: 0.000459                     Alpha: 0.5744425058364868                     Beta: 0.3284398019313812                     MemKD: 0.0
2026-02-09 21:35:39,346 - INFO - Epoch [25/130] Train Loss: 0.8629, Train Acc: 71.61%, Val Loss: 0.5909, Val Acc: 77.79%
2026-02-09 21:35:39,346 - INFO - Best model saved with accuracy: 77.79%
2026-02-09 21:36:02,350 - INFO - Epoch [26] Batch [0/35]                     Loss: 0.4772, Hard: 0.4161, Soft: 0.0611                     Acc: 81.25% LR: 0.000456                     Alpha: 0.5744425058364868                     Beta: 0.3333609700202942                     MemKD: 0.0
2026-02-09 21:36:05,993 - INFO - Epoch [26] Batch [20/35]                     Loss: 0.9216, Hard: 0.7942, Soft: 0.1273                     Acc: 76.49% LR: 0.000456                     Alpha: 0.5744425058364868                     Beta: 0.3396855890750885                     MemKD: 0.0
2026-02-09 21:36:36,208 - INFO - Epoch [26/130] Train Loss: 0.7859, Train Acc: 74.82%, Val Loss: 0.7816, Val Acc: 68.09%
2026-02-09 21:37:00,607 - INFO - Epoch [27] Batch [0/35]                     Loss: 0.4896, Hard: 0.4242, Soft: 0.0654                     Acc: 87.50% LR: 0.000452                     Alpha: 0.5744425058364868                     Beta: 0.34468936920166016                     MemKD: 0.0
2026-02-09 21:37:04,406 - INFO - Epoch [27] Batch [20/35]                     Loss: 0.5354, Hard: 0.4560, Soft: 0.0794                     Acc: 73.21% LR: 0.000452                     Alpha: 0.5744425058364868                     Beta: 0.35120972990989685                     MemKD: 0.0
2026-02-09 21:37:36,401 - INFO - Epoch [27/130] Train Loss: 0.8600, Train Acc: 72.14%, Val Loss: 0.6357, Val Acc: 75.53%
2026-02-09 21:37:59,362 - INFO - Epoch [28] Batch [0/35]                     Loss: 0.9188, Hard: 0.7417, Soft: 0.1772                     Acc: 68.75% LR: 0.000449                     Alpha: 0.5744425058364868                     Beta: 0.3563469350337982                     MemKD: 0.0
2026-02-09 21:38:02,498 - INFO - Epoch [28] Batch [20/35]                     Loss: 0.6780, Hard: 0.5829, Soft: 0.0952                     Acc: 72.92% LR: 0.000449                     Alpha: 0.5744425058364868                     Beta: 0.3635769784450531                     MemKD: 0.0
2026-02-09 21:38:30,746 - INFO - Epoch [28/130] Train Loss: 0.8400, Train Acc: 73.04%, Val Loss: 0.6546, Val Acc: 73.94%
2026-02-09 21:38:53,955 - INFO - Epoch [29] Batch [0/35]                     Loss: 0.6462, Hard: 0.5544, Soft: 0.0918                     Acc: 75.00% LR: 0.000445                     Alpha: 0.5744425058364868                     Beta: 0.3686749041080475                     MemKD: 0.0
2026-02-09 21:38:57,746 - INFO - Epoch [29] Batch [20/35]                     Loss: 0.8144, Hard: 0.6745, Soft: 0.1399                     Acc: 73.21% LR: 0.000445                     Alpha: 0.5744425058364868                     Beta: 0.3755188286304474                     MemKD: 0.0
2026-02-09 21:39:27,862 - INFO - Epoch [29/130] Train Loss: 0.7700, Train Acc: 74.82%, Val Loss: 0.5953, Val Acc: 76.99%
2026-02-09 21:39:51,456 - INFO - Epoch [30] Batch [0/35]                     Loss: 0.6297, Hard: 0.5295, Soft: 0.1002                     Acc: 81.25% LR: 0.000441                     Alpha: 0.5744425058364868                     Beta: 0.3801524043083191                     MemKD: 0.0
2026-02-09 21:39:55,125 - INFO - Epoch [30] Batch [20/35]                     Loss: 1.1469, Hard: 0.9536, Soft: 0.1933                     Acc: 78.27% LR: 0.000441                     Alpha: 0.5744425058364868                     Beta: 0.3858206272125244                     MemKD: 0.0
2026-02-09 21:40:25,251 - INFO - Epoch [30/130] Train Loss: 0.7970, Train Acc: 73.57%, Val Loss: 0.6991, Val Acc: 73.80%
2026-02-09 21:40:25,335 - INFO - Checkpoint saved at epoch 30
2026-02-09 21:40:49,739 - INFO - Epoch [31] Batch [0/35]                     Loss: 0.9253, Hard: 0.7823, Soft: 0.1430                     Acc: 68.75% LR: 0.000437                     Alpha: 0.5744425058364868                     Beta: 0.390835702419281                     MemKD: 0.0
2026-02-09 21:40:53,450 - INFO - Epoch [31] Batch [20/35]                     Loss: 0.8268, Hard: 0.7157, Soft: 0.1111                     Acc: 75.60% LR: 0.000437                     Alpha: 0.5744425058364868                     Beta: 0.3976536691188812                     MemKD: 0.0
2026-02-09 21:41:23,327 - INFO - Epoch [31/130] Train Loss: 0.7689, Train Acc: 75.00%, Val Loss: 0.6774, Val Acc: 72.61%
2026-02-09 21:41:46,319 - INFO - Epoch [32] Batch [0/35]                     Loss: 0.6783, Hard: 0.5722, Soft: 0.1061                     Acc: 75.00% LR: 0.000433                     Alpha: 0.5744425058364868                     Beta: 0.40251877903938293                     MemKD: 0.0
2026-02-09 21:41:49,939 - INFO - Epoch [32] Batch [20/35]                     Loss: 0.6036, Hard: 0.5088, Soft: 0.0948                     Acc: 76.19% LR: 0.000433                     Alpha: 0.5744425058364868                     Beta: 0.40862974524497986                     MemKD: 0.0
2026-02-09 21:42:21,056 - INFO - Epoch [32/130] Train Loss: 0.7393, Train Acc: 76.61%, Val Loss: 0.7544, Val Acc: 68.62%
2026-02-09 21:42:45,411 - INFO - Epoch [33] Batch [0/35]                     Loss: 0.6654, Hard: 0.5690, Soft: 0.0964                     Acc: 87.50% LR: 0.000429                     Alpha: 0.5744425058364868                     Beta: 0.4131876528263092                     MemKD: 0.0
2026-02-09 21:42:48,979 - INFO - Epoch [33] Batch [20/35]                     Loss: 0.9824, Hard: 0.8583, Soft: 0.1240                     Acc: 75.89% LR: 0.000429                     Alpha: 0.5744425058364868                     Beta: 0.4194462299346924                     MemKD: 0.0
2026-02-09 21:43:17,942 - INFO - Epoch [33/130] Train Loss: 0.8059, Train Acc: 75.00%, Val Loss: 0.7683, Val Acc: 73.94%
2026-02-09 21:43:41,222 - INFO - Epoch [34] Batch [0/35]                     Loss: 0.5794, Hard: 0.5086, Soft: 0.0709                     Acc: 75.00% LR: 0.000425                     Alpha: 0.5744425058364868                     Beta: 0.42494121193885803                     MemKD: 0.0
2026-02-09 21:43:44,424 - INFO - Epoch [34] Batch [20/35]                     Loss: 0.5137, Hard: 0.4508, Soft: 0.0629                     Acc: 77.68% LR: 0.000425                     Alpha: 0.5744425058364868                     Beta: 0.43084633350372314                     MemKD: 0.0
2026-02-09 21:44:13,734 - INFO - Epoch [34/130] Train Loss: 0.7504, Train Acc: 76.25%, Val Loss: 0.6105, Val Acc: 76.86%
2026-02-09 21:44:35,919 - INFO - Epoch [35] Batch [0/35]                     Loss: 1.2854, Hard: 1.0905, Soft: 0.1949                     Acc: 62.50% LR: 0.000420                     Alpha: 0.5744425058364868                     Beta: 0.43601006269454956                     MemKD: 0.0
2026-02-09 21:44:38,954 - INFO - Epoch [35] Batch [20/35]                     Loss: 0.6016, Hard: 0.5023, Soft: 0.0993                     Acc: 73.81% LR: 0.000420                     Alpha: 0.5744425058364868                     Beta: 0.4424823820590973                     MemKD: 0.0
2026-02-09 21:45:07,148 - INFO - Epoch [35/130] Train Loss: 0.7271, Train Acc: 75.00%, Val Loss: 0.5701, Val Acc: 78.86%
2026-02-09 21:45:07,148 - INFO - Best model saved with accuracy: 78.86%
2026-02-09 21:45:30,840 - INFO - Epoch [36] Batch [0/35]                     Loss: 0.5509, Hard: 0.4607, Soft: 0.0902                     Acc: 81.25% LR: 0.000416                     Alpha: 0.5744425058364868                     Beta: 0.44708001613616943                     MemKD: 0.0
2026-02-09 21:45:33,913 - INFO - Epoch [36] Batch [20/35]                     Loss: 1.0491, Hard: 0.9088, Soft: 0.1403                     Acc: 76.79% LR: 0.000416                     Alpha: 0.5744425058364868                     Beta: 0.4527265727519989                     MemKD: 0.0
2026-02-09 21:46:02,958 - INFO - Epoch [36/130] Train Loss: 0.7578, Train Acc: 75.89%, Val Loss: 0.7290, Val Acc: 73.14%
2026-02-09 21:46:25,004 - INFO - Epoch [37] Batch [0/35]                     Loss: 0.3907, Hard: 0.3389, Soft: 0.0518                     Acc: 93.75% LR: 0.000411                     Alpha: 0.5744425058364868                     Beta: 0.45761001110076904                     MemKD: 0.0
2026-02-09 21:46:28,029 - INFO - Epoch [37] Batch [20/35]                     Loss: 0.6751, Hard: 0.5992, Soft: 0.0759                     Acc: 79.17% LR: 0.000411                     Alpha: 0.5744425058364868                     Beta: 0.4635237157344818                     MemKD: 0.0
2026-02-09 21:46:55,221 - INFO - Epoch [37/130] Train Loss: 0.6843, Train Acc: 78.75%, Val Loss: 0.5683, Val Acc: 78.46%
2026-02-09 21:47:18,915 - INFO - Epoch [38] Batch [0/35]                     Loss: 0.4167, Hard: 0.3538, Soft: 0.0629                     Acc: 87.50% LR: 0.000407                     Alpha: 0.5744425058364868                     Beta: 0.46776044368743896                     MemKD: 0.0
2026-02-09 21:47:22,033 - INFO - Epoch [38] Batch [20/35]                     Loss: 1.1865, Hard: 1.0286, Soft: 0.1579                     Acc: 82.74% LR: 0.000407                     Alpha: 0.5744425058364868                     Beta: 0.4729597568511963                     MemKD: 0.0
2026-02-09 21:47:49,403 - INFO - Epoch [38/130] Train Loss: 0.6708, Train Acc: 80.18%, Val Loss: 0.8300, Val Acc: 69.02%
2026-02-09 21:48:11,315 - INFO - Epoch [39] Batch [0/35]                     Loss: 0.6502, Hard: 0.5570, Soft: 0.0932                     Acc: 81.25% LR: 0.000402                     Alpha: 0.5744425058364868                     Beta: 0.47769975662231445                     MemKD: 0.0
2026-02-09 21:48:14,270 - INFO - Epoch [39] Batch [20/35]                     Loss: 0.4899, Hard: 0.4182, Soft: 0.0717                     Acc: 81.55% LR: 0.000402                     Alpha: 0.5744425058364868                     Beta: 0.4832272231578827                     MemKD: 0.0
2026-02-09 21:48:41,870 - INFO - Epoch [39/130] Train Loss: 0.6034, Train Acc: 80.54%, Val Loss: 0.5696, Val Acc: 76.46%
2026-02-09 21:49:06,012 - INFO - Epoch [40] Batch [0/35]                     Loss: 0.5951, Hard: 0.5120, Soft: 0.0832                     Acc: 81.25% LR: 0.000397                     Alpha: 0.5744425058364868                     Beta: 0.4870738089084625                     MemKD: 0.0
2026-02-09 21:49:09,079 - INFO - Epoch [40] Batch [20/35]                     Loss: 0.4190, Hard: 0.3659, Soft: 0.0531                     Acc: 76.79% LR: 0.000397                     Alpha: 0.5744425058364868                     Beta: 0.4926498830318451                     MemKD: 0.0
2026-02-09 21:49:36,307 - INFO - Epoch [40/130] Train Loss: 0.6929, Train Acc: 77.50%, Val Loss: 0.5766, Val Acc: 77.13%
2026-02-09 21:49:36,363 - INFO - Checkpoint saved at epoch 40
2026-02-09 21:49:59,318 - INFO - Epoch [41] Batch [0/35]                     Loss: 0.3328, Hard: 0.2915, Soft: 0.0412                     Acc: 93.75% LR: 0.000392                     Alpha: 0.5744425058364868                     Beta: 0.4969802498817444                     MemKD: 0.0
2026-02-09 21:50:02,287 - INFO - Epoch [41] Batch [20/35]                     Loss: 0.3910, Hard: 0.3270, Soft: 0.0641                     Acc: 80.36% LR: 0.000392                     Alpha: 0.5744425058364868                     Beta: 0.5025674700737                     MemKD: 0.0
2026-02-09 21:50:30,933 - INFO - Epoch [41/130] Train Loss: 0.6227, Train Acc: 80.71%, Val Loss: 0.5666, Val Acc: 77.39%
2026-02-09 21:50:54,154 - INFO - Epoch [42] Batch [0/35]                     Loss: 0.7199, Hard: 0.6373, Soft: 0.0826                     Acc: 75.00% LR: 0.000387                     Alpha: 0.5744425058364868                     Beta: 0.5064247846603394                     MemKD: 0.0
2026-02-09 21:50:57,196 - INFO - Epoch [42] Batch [20/35]                     Loss: 0.9481, Hard: 0.8180, Soft: 0.1301                     Acc: 80.36% LR: 0.000387                     Alpha: 0.5744425058364868                     Beta: 0.5115711092948914                     MemKD: 0.0
2026-02-09 21:51:24,774 - INFO - Epoch [42/130] Train Loss: 0.6141, Train Acc: 80.54%, Val Loss: 0.6503, Val Acc: 71.41%
2026-02-09 21:51:46,862 - INFO - Epoch [43] Batch [0/35]                     Loss: 0.5984, Hard: 0.5345, Soft: 0.0639                     Acc: 87.50% LR: 0.000382                     Alpha: 0.5744425058364868                     Beta: 0.5155635476112366                     MemKD: 0.0
2026-02-09 21:51:49,902 - INFO - Epoch [43] Batch [20/35]                     Loss: 0.7457, Hard: 0.6369, Soft: 0.1088                     Acc: 78.27% LR: 0.000382                     Alpha: 0.5744425058364868                     Beta: 0.5210049748420715                     MemKD: 0.0
2026-02-09 21:52:19,981 - INFO - Epoch [43/130] Train Loss: 0.6228, Train Acc: 78.04%, Val Loss: 0.8123, Val Acc: 69.55%
2026-02-09 21:52:42,822 - INFO - Epoch [44] Batch [0/35]                     Loss: 0.6464, Hard: 0.5823, Soft: 0.0641                     Acc: 81.25% LR: 0.000377                     Alpha: 0.5744425058364868                     Beta: 0.5251209735870361                     MemKD: 0.0
2026-02-09 21:52:45,919 - INFO - Epoch [44] Batch [20/35]                     Loss: 0.4814, Hard: 0.4105, Soft: 0.0708                     Acc: 81.55% LR: 0.000377                     Alpha: 0.5744425058364868                     Beta: 0.5300689935684204                     MemKD: 0.0
2026-02-09 21:53:13,182 - INFO - Epoch [44/130] Train Loss: 0.5816, Train Acc: 80.18%, Val Loss: 0.5413, Val Acc: 79.65%
2026-02-09 21:53:13,182 - INFO - Best model saved with accuracy: 79.65%
2026-02-09 21:53:37,117 - INFO - Epoch [45] Batch [0/35]                     Loss: 0.8004, Hard: 0.7111, Soft: 0.0892                     Acc: 81.25% LR: 0.000371                     Alpha: 0.5744425058364868                     Beta: 0.5340365767478943                     MemKD: 0.0
2026-02-09 21:53:40,174 - INFO - Epoch [45] Batch [20/35]                     Loss: 0.9373, Hard: 0.8423, Soft: 0.0949                     Acc: 85.12% LR: 0.000371                     Alpha: 0.5744425058364868                     Beta: 0.5382484197616577                     MemKD: 0.0
2026-02-09 21:54:09,409 - INFO - Epoch [45/130] Train Loss: 0.5537, Train Acc: 83.04%, Val Loss: 0.6369, Val Acc: 76.73%
2026-02-09 21:54:32,715 - INFO - Epoch [46] Batch [0/35]                     Loss: 0.9402, Hard: 0.8246, Soft: 0.1156                     Acc: 68.75% LR: 0.000366                     Alpha: 0.5744425058364868                     Beta: 0.5419445633888245                     MemKD: 0.0
2026-02-09 21:54:35,945 - INFO - Epoch [46] Batch [20/35]                     Loss: 0.4172, Hard: 0.3600, Soft: 0.0571                     Acc: 79.76% LR: 0.000366                     Alpha: 0.5744425058364868                     Beta: 0.5474066734313965                     MemKD: 0.0
2026-02-09 21:55:04,166 - INFO - Epoch [46/130] Train Loss: 0.6070, Train Acc: 78.57%, Val Loss: 0.5352, Val Acc: 79.12%
2026-02-09 21:55:28,558 - INFO - Epoch [47] Batch [0/35]                     Loss: 0.5205, Hard: 0.4663, Soft: 0.0541                     Acc: 87.50% LR: 0.000361                     Alpha: 0.5744425058364868                     Beta: 0.550961434841156                     MemKD: 0.0
2026-02-09 21:55:31,640 - INFO - Epoch [47] Batch [20/35]                     Loss: 1.0275, Hard: 0.9262, Soft: 0.1013                     Acc: 79.17% LR: 0.000361                     Alpha: 0.5744425058364868                     Beta: 0.5560228824615479                     MemKD: 0.0
2026-02-09 21:56:00,768 - INFO - Epoch [47/130] Train Loss: 0.5754, Train Acc: 80.54%, Val Loss: 0.5240, Val Acc: 79.52%
2026-02-09 21:56:22,809 - INFO - Epoch [48] Batch [0/35]                     Loss: 0.7717, Hard: 0.6982, Soft: 0.0735                     Acc: 75.00% LR: 0.000355                     Alpha: 0.5744425058364868                     Beta: 0.5594616532325745                     MemKD: 0.0
2026-02-09 21:56:25,848 - INFO - Epoch [48] Batch [20/35]                     Loss: 0.3451, Hard: 0.3085, Soft: 0.0367                     Acc: 78.27% LR: 0.000355                     Alpha: 0.5744425058364868                     Beta: 0.5645284056663513                     MemKD: 0.0
2026-02-09 21:56:53,075 - INFO - Epoch [48/130] Train Loss: 0.6098, Train Acc: 80.00%, Val Loss: 0.6489, Val Acc: 76.99%
2026-02-09 21:57:16,209 - INFO - Epoch [49] Batch [0/35]                     Loss: 0.4768, Hard: 0.4225, Soft: 0.0543                     Acc: 87.50% LR: 0.000350                     Alpha: 0.5744425058364868                     Beta: 0.5684038996696472                     MemKD: 0.0
2026-02-09 21:57:19,277 - INFO - Epoch [49] Batch [20/35]                     Loss: 0.6657, Hard: 0.5752, Soft: 0.0905                     Acc: 79.76% LR: 0.000350                     Alpha: 0.5744425058364868                     Beta: 0.5732511281967163                     MemKD: 0.0
2026-02-09 21:57:47,510 - INFO - Epoch [49/130] Train Loss: 0.6212, Train Acc: 80.36%, Val Loss: 0.4993, Val Acc: 81.52%
2026-02-09 21:57:47,510 - INFO - Best model saved with accuracy: 81.52%
2026-02-09 21:58:09,837 - INFO - Epoch [50] Batch [0/35]                     Loss: 0.7045, Hard: 0.6269, Soft: 0.0776                     Acc: 81.25% LR: 0.000344                     Alpha: 0.5744425058364868                     Beta: 0.5773428082466125                     MemKD: 0.0
2026-02-09 21:58:12,807 - INFO - Epoch [50] Batch [20/35]                     Loss: 0.5646, Hard: 0.5007, Soft: 0.0639                     Acc: 83.63% LR: 0.000344                     Alpha: 0.5744425058364868                     Beta: 0.5822577476501465                     MemKD: 0.0
2026-02-09 21:58:41,086 - INFO - Epoch [50/130] Train Loss: 0.5477, Train Acc: 83.93%, Val Loss: 0.5112, Val Acc: 80.45%
2026-02-09 21:58:41,145 - INFO - Checkpoint saved at epoch 50
2026-02-09 21:59:04,390 - INFO - Epoch [51] Batch [0/35]                     Loss: 0.5846, Hard: 0.5182, Soft: 0.0664                     Acc: 81.25% LR: 0.000339                     Alpha: 0.5744425058364868                     Beta: 0.5853854417800903                     MemKD: 0.0
2026-02-09 21:59:07,414 - INFO - Epoch [51] Batch [20/35]                     Loss: 0.6529, Hard: 0.5909, Soft: 0.0619                     Acc: 80.36% LR: 0.000339                     Alpha: 0.5744425058364868                     Beta: 0.5898155570030212                     MemKD: 0.0
2026-02-09 21:59:35,134 - INFO - Epoch [51/130] Train Loss: 0.5298, Train Acc: 81.43%, Val Loss: 0.4547, Val Acc: 82.05%
2026-02-09 21:59:35,134 - INFO - Best model saved with accuracy: 82.05%
2026-02-09 21:59:57,503 - INFO - Epoch [52] Batch [0/35]                     Loss: 0.5270, Hard: 0.4528, Soft: 0.0743                     Acc: 81.25% LR: 0.000333                     Alpha: 0.5744425058364868                     Beta: 0.5931161046028137                     MemKD: 0.0
2026-02-09 22:00:00,477 - INFO - Epoch [52] Batch [20/35]                     Loss: 0.2749, Hard: 0.2382, Soft: 0.0367                     Acc: 81.25% LR: 0.000333                     Alpha: 0.5744425058364868                     Beta: 0.5975771546363831                     MemKD: 0.0
2026-02-09 22:00:28,873 - INFO - Epoch [52/130] Train Loss: 0.5463, Train Acc: 80.54%, Val Loss: 0.4907, Val Acc: 81.91%
2026-02-09 22:00:52,955 - INFO - Epoch [53] Batch [0/35]                     Loss: 0.3361, Hard: 0.2949, Soft: 0.0412                     Acc: 87.50% LR: 0.000327                     Alpha: 0.5744425058364868                     Beta: 0.6010882258415222                     MemKD: 0.0
2026-02-09 22:00:56,108 - INFO - Epoch [53] Batch [20/35]                     Loss: 0.4888, Hard: 0.4377, Soft: 0.0512                     Acc: 84.82% LR: 0.000327                     Alpha: 0.5744425058364868                     Beta: 0.6055787801742554                     MemKD: 0.0
2026-02-09 22:01:23,229 - INFO - Epoch [53/130] Train Loss: 0.5021, Train Acc: 83.93%, Val Loss: 0.6738, Val Acc: 75.40%
2026-02-09 22:01:45,320 - INFO - Epoch [54] Batch [0/35]                     Loss: 0.8778, Hard: 0.8027, Soft: 0.0750                     Acc: 75.00% LR: 0.000321                     Alpha: 0.5744425058364868                     Beta: 0.6087191700935364                     MemKD: 0.0
2026-02-09 22:01:48,297 - INFO - Epoch [54] Batch [20/35]                     Loss: 0.2868, Hard: 0.2533, Soft: 0.0335                     Acc: 83.63% LR: 0.000321                     Alpha: 0.5744425058364868                     Beta: 0.6128325462341309                     MemKD: 0.0
2026-02-09 22:02:17,548 - INFO - Epoch [54/130] Train Loss: 0.5033, Train Acc: 83.04%, Val Loss: 0.4220, Val Acc: 83.11%
2026-02-09 22:02:17,548 - INFO - Best model saved with accuracy: 83.11%
2026-02-09 22:02:39,950 - INFO - Epoch [55] Batch [0/35]                     Loss: 0.4362, Hard: 0.3882, Soft: 0.0480                     Acc: 87.50% LR: 0.000316                     Alpha: 0.5744425058364868                     Beta: 0.6159610152244568                     MemKD: 0.0
2026-02-09 22:02:42,939 - INFO - Epoch [55] Batch [20/35]                     Loss: 0.3897, Hard: 0.3463, Soft: 0.0434                     Acc: 84.23% LR: 0.000316                     Alpha: 0.5744425058364868                     Beta: 0.6201316714286804                     MemKD: 0.0
2026-02-09 22:03:08,893 - INFO - Epoch [55/130] Train Loss: 0.5214, Train Acc: 82.50%, Val Loss: 0.4576, Val Acc: 81.38%
2026-02-09 22:03:31,489 - INFO - Epoch [56] Batch [0/35]                     Loss: 0.5529, Hard: 0.4931, Soft: 0.0598                     Acc: 75.00% LR: 0.000310                     Alpha: 0.5744425058364868                     Beta: 0.6232455968856812                     MemKD: 0.0
2026-02-09 22:03:34,444 - INFO - Epoch [56] Batch [20/35]                     Loss: 0.3369, Hard: 0.2887, Soft: 0.0481                     Acc: 79.76% LR: 0.000310                     Alpha: 0.5744425058364868                     Beta: 0.6280116438865662                     MemKD: 0.0
2026-02-09 22:04:01,641 - INFO - Epoch [56/130] Train Loss: 0.5346, Train Acc: 81.96%, Val Loss: 0.5096, Val Acc: 80.19%
2026-02-09 22:04:24,033 - INFO - Epoch [57] Batch [0/35]                     Loss: 1.0376, Hard: 0.9575, Soft: 0.0801                     Acc: 75.00% LR: 0.000304                     Alpha: 0.5744425058364868                     Beta: 0.6312968730926514                     MemKD: 0.0
2026-02-09 22:04:26,973 - INFO - Epoch [57] Batch [20/35]                     Loss: 0.3336, Hard: 0.3082, Soft: 0.0253                     Acc: 83.93% LR: 0.000304                     Alpha: 0.5744425058364868                     Beta: 0.6357115507125854                     MemKD: 0.0
2026-02-09 22:04:53,577 - INFO - Epoch [57/130] Train Loss: 0.4838, Train Acc: 83.75%, Val Loss: 0.6483, Val Acc: 74.73%
2026-02-09 22:05:14,952 - INFO - Epoch [58] Batch [0/35]                     Loss: 0.3200, Hard: 0.2883, Soft: 0.0317                     Acc: 87.50% LR: 0.000298                     Alpha: 0.5744425058364868                     Beta: 0.6384097337722778                     MemKD: 0.0
2026-02-09 22:05:17,904 - INFO - Epoch [58] Batch [20/35]                     Loss: 0.4323, Hard: 0.3982, Soft: 0.0341                     Acc: 83.93% LR: 0.000298                     Alpha: 0.5744425058364868                     Beta: 0.6421942114830017                     MemKD: 0.0
2026-02-09 22:05:45,185 - INFO - Epoch [58/130] Train Loss: 0.5065, Train Acc: 82.14%, Val Loss: 0.5072, Val Acc: 80.59%
2026-02-09 22:06:06,508 - INFO - Epoch [59] Batch [0/35]                     Loss: 0.3324, Hard: 0.3015, Soft: 0.0309                     Acc: 87.50% LR: 0.000292                     Alpha: 0.5744425058364868                     Beta: 0.6454290747642517                     MemKD: 0.0
2026-02-09 22:06:09,429 - INFO - Epoch [59] Batch [20/35]                     Loss: 0.1879, Hard: 0.1594, Soft: 0.0285                     Acc: 86.31% LR: 0.000292                     Alpha: 0.5744425058364868                     Beta: 0.6493492126464844                     MemKD: 0.0
2026-02-09 22:06:36,276 - INFO - Epoch [59/130] Train Loss: 0.4436, Train Acc: 86.43%, Val Loss: 0.4890, Val Acc: 82.05%
2026-02-09 22:06:57,744 - INFO - Epoch [60] Batch [0/35]                     Loss: 0.4903, Hard: 0.4311, Soft: 0.0592                     Acc: 87.50% LR: 0.000286                     Alpha: 0.5744425058364868                     Beta: 0.6519522070884705                     MemKD: 0.0
2026-02-09 22:07:00,674 - INFO - Epoch [60] Batch [20/35]                     Loss: 0.4115, Hard: 0.3630, Soft: 0.0485                     Acc: 81.85% LR: 0.000286                     Alpha: 0.5744425058364868                     Beta: 0.6561290621757507                     MemKD: 0.0
2026-02-09 22:07:27,201 - INFO - Epoch [60/130] Train Loss: 0.5396, Train Acc: 81.79%, Val Loss: 0.5049, Val Acc: 80.45%
2026-02-09 22:07:27,258 - INFO - Checkpoint saved at epoch 60
2026-02-09 22:07:49,130 - INFO - Epoch [61] Batch [0/35]                     Loss: 0.6059, Hard: 0.5546, Soft: 0.0513                     Acc: 75.00% LR: 0.000280                     Alpha: 0.5744425058364868                     Beta: 0.6591957807540894                     MemKD: 0.0
2026-02-09 22:07:52,045 - INFO - Epoch [61] Batch [20/35]                     Loss: 0.8276, Hard: 0.7548, Soft: 0.0729                     Acc: 83.04% LR: 0.000280                     Alpha: 0.5744425058364868                     Beta: 0.6630920171737671                     MemKD: 0.0
2026-02-09 22:08:18,334 - INFO - Epoch [61/130] Train Loss: 0.5199, Train Acc: 81.79%, Val Loss: 0.5540, Val Acc: 79.52%
2026-02-09 22:08:41,182 - INFO - Epoch [62] Batch [0/35]                     Loss: 0.2704, Hard: 0.2469, Soft: 0.0235                     Acc: 87.50% LR: 0.000274                     Alpha: 0.5744425058364868                     Beta: 0.6665762066841125                     MemKD: 0.0
2026-02-09 22:08:44,173 - INFO - Epoch [62] Batch [20/35]                     Loss: 0.5494, Hard: 0.4975, Soft: 0.0519                     Acc: 83.93% LR: 0.000274                     Alpha: 0.5744425058364868                     Beta: 0.6703897714614868                     MemKD: 0.0
2026-02-09 22:09:12,402 - INFO - Epoch [62/130] Train Loss: 0.4909, Train Acc: 84.29%, Val Loss: 0.6212, Val Acc: 76.99%
2026-02-09 22:09:34,375 - INFO - Epoch [63] Batch [0/35]                     Loss: 0.3609, Hard: 0.3252, Soft: 0.0357                     Acc: 87.50% LR: 0.000268                     Alpha: 0.5744425058364868                     Beta: 0.6733376979827881                     MemKD: 0.0
2026-02-09 22:09:37,319 - INFO - Epoch [63] Batch [20/35]                     Loss: 0.2333, Hard: 0.2079, Soft: 0.0254                     Acc: 85.42% LR: 0.000268                     Alpha: 0.5744425058364868                     Beta: 0.6771401166915894                     MemKD: 0.0
2026-02-09 22:10:04,319 - INFO - Epoch [63/130] Train Loss: 0.4359, Train Acc: 84.82%, Val Loss: 0.4378, Val Acc: 83.78%
2026-02-09 22:10:04,320 - INFO - Best model saved with accuracy: 83.78%
2026-02-09 22:10:25,966 - INFO - Epoch [64] Batch [0/35]                     Loss: 0.5183, Hard: 0.4724, Soft: 0.0459                     Acc: 75.00% LR: 0.000262                     Alpha: 0.5744425058364868                     Beta: 0.679552435874939                     MemKD: 0.0
2026-02-09 22:10:28,963 - INFO - Epoch [64] Batch [20/35]                     Loss: 0.2997, Hard: 0.2585, Soft: 0.0412                     Acc: 85.12% LR: 0.000262                     Alpha: 0.5744425058364868                     Beta: 0.6830391883850098                     MemKD: 0.0
2026-02-09 22:10:56,387 - INFO - Epoch [64/130] Train Loss: 0.4417, Train Acc: 85.00%, Val Loss: 0.5310, Val Acc: 80.05%
2026-02-09 22:11:18,109 - INFO - Epoch [65] Batch [0/35]                     Loss: 0.1894, Hard: 0.1608, Soft: 0.0286                     Acc: 100.00% LR: 0.000256                     Alpha: 0.5744425058364868                     Beta: 0.6855948567390442                     MemKD: 0.0
2026-02-09 22:11:21,038 - INFO - Epoch [65] Batch [20/35]                     Loss: 0.5857, Hard: 0.5287, Soft: 0.0569                     Acc: 87.80% LR: 0.000256                     Alpha: 0.5744425058364868                     Beta: 0.6890321969985962                     MemKD: 0.0
2026-02-09 22:11:47,678 - INFO - Epoch [65/130] Train Loss: 0.4127, Train Acc: 86.79%, Val Loss: 0.4815, Val Acc: 81.52%
2026-02-09 22:12:08,424 - INFO - Epoch [66] Batch [0/35]                     Loss: 0.3867, Hard: 0.3548, Soft: 0.0319                     Acc: 87.50% LR: 0.000250                     Alpha: 0.5744425058364868                     Beta: 0.6916773915290833                     MemKD: 0.0
2026-02-09 22:12:11,418 - INFO - Epoch [66] Batch [20/35]                     Loss: 0.3132, Hard: 0.2872, Soft: 0.0260                     Acc: 86.31% LR: 0.000250                     Alpha: 0.5744425058364868                     Beta: 0.6950848698616028                     MemKD: 0.0
2026-02-09 22:12:36,876 - INFO - Epoch [66/130] Train Loss: 0.4193, Train Acc: 85.89%, Val Loss: 0.4882, Val Acc: 78.72%
2026-02-09 22:12:58,313 - INFO - Epoch [67] Batch [0/35]                     Loss: 0.4405, Hard: 0.3970, Soft: 0.0435                     Acc: 75.00% LR: 0.000244                     Alpha: 0.5744425058364868                     Beta: 0.6976439952850342                     MemKD: 0.0
2026-02-09 22:13:01,318 - INFO - Epoch [67] Batch [20/35]                     Loss: 0.5060, Hard: 0.4620, Soft: 0.0440                     Acc: 84.82% LR: 0.000244                     Alpha: 0.5744425058364868                     Beta: 0.7010131478309631                     MemKD: 0.0
2026-02-09 22:13:28,814 - INFO - Epoch [67/130] Train Loss: 0.5046, Train Acc: 82.86%, Val Loss: 0.4718, Val Acc: 83.11%
2026-02-09 22:13:50,623 - INFO - Epoch [68] Batch [0/35]                     Loss: 0.6478, Hard: 0.5860, Soft: 0.0618                     Acc: 75.00% LR: 0.000238                     Alpha: 0.5744425058364868                     Beta: 0.7039555907249451                     MemKD: 0.0
2026-02-09 22:13:53,584 - INFO - Epoch [68] Batch [20/35]                     Loss: 0.3043, Hard: 0.2780, Soft: 0.0263                     Acc: 87.50% LR: 0.000238                     Alpha: 0.5744425058364868                     Beta: 0.7071871757507324                     MemKD: 0.0
2026-02-09 22:14:21,466 - INFO - Epoch [68/130] Train Loss: 0.4377, Train Acc: 86.07%, Val Loss: 1.0080, Val Acc: 69.55%
2026-02-09 22:14:44,108 - INFO - Epoch [69] Batch [0/35]                     Loss: 0.2793, Hard: 0.2519, Soft: 0.0273                     Acc: 93.75% LR: 0.000232                     Alpha: 0.5744425058364868                     Beta: 0.7096598148345947                     MemKD: 0.0
2026-02-09 22:14:47,062 - INFO - Epoch [69] Batch [20/35]                     Loss: 0.5903, Hard: 0.5408, Soft: 0.0494                     Acc: 84.82% LR: 0.000232                     Alpha: 0.5744425058364868                     Beta: 0.7132446765899658                     MemKD: 0.0
2026-02-09 22:15:13,805 - INFO - Epoch [69/130] Train Loss: 0.4366, Train Acc: 85.00%, Val Loss: 0.4557, Val Acc: 82.98%
2026-02-09 22:15:35,774 - INFO - Epoch [70] Batch [0/35]                     Loss: 0.9909, Hard: 0.9219, Soft: 0.0690                     Acc: 56.25% LR: 0.000226                     Alpha: 0.5744425058364868                     Beta: 0.7157825827598572                     MemKD: 0.0
2026-02-09 22:15:38,731 - INFO - Epoch [70] Batch [20/35]                     Loss: 0.4132, Hard: 0.3695, Soft: 0.0438                     Acc: 86.01% LR: 0.000226                     Alpha: 0.5744425058364868                     Beta: 0.7189021110534668                     MemKD: 0.0
2026-02-09 22:16:07,060 - INFO - Epoch [70/130] Train Loss: 0.3986, Train Acc: 86.07%, Val Loss: 0.7219, Val Acc: 74.73%
2026-02-09 22:16:07,118 - INFO - Checkpoint saved at epoch 70
2026-02-09 22:16:29,870 - INFO - Epoch [71] Batch [0/35]                     Loss: 0.7171, Hard: 0.6660, Soft: 0.0511                     Acc: 75.00% LR: 0.000220                     Alpha: 0.5744425058364868                     Beta: 0.7211686372756958                     MemKD: 0.0
2026-02-09 22:16:32,894 - INFO - Epoch [71] Batch [20/35]                     Loss: 0.4265, Hard: 0.3943, Soft: 0.0323                     Acc: 84.52% LR: 0.000220                     Alpha: 0.5744425058364868                     Beta: 0.7242435216903687                     MemKD: 0.0
2026-02-09 22:17:00,075 - INFO - Epoch [71/130] Train Loss: 0.4464, Train Acc: 84.82%, Val Loss: 0.4371, Val Acc: 83.78%
2026-02-09 22:17:23,013 - INFO - Epoch [72] Batch [0/35]                     Loss: 0.4634, Hard: 0.4314, Soft: 0.0320                     Acc: 87.50% LR: 0.000214                     Alpha: 0.5744425058364868                     Beta: 0.726614773273468                     MemKD: 0.0
2026-02-09 22:17:26,029 - INFO - Epoch [72] Batch [20/35]                     Loss: 0.2606, Hard: 0.2374, Soft: 0.0232                     Acc: 85.71% LR: 0.000214                     Alpha: 0.5744425058364868                     Beta: 0.7298603653907776                     MemKD: 0.0
2026-02-09 22:17:52,788 - INFO - Epoch [72/130] Train Loss: 0.4172, Train Acc: 86.25%, Val Loss: 0.3991, Val Acc: 85.11%
2026-02-09 22:17:52,788 - INFO - Best model saved with accuracy: 85.11%
2026-02-09 22:18:14,464 - INFO - Epoch [73] Batch [0/35]                     Loss: 0.3554, Hard: 0.3284, Soft: 0.0270                     Acc: 87.50% LR: 0.000208                     Alpha: 0.5744425058364868                     Beta: 0.7320253849029541                     MemKD: 0.0
2026-02-09 22:18:17,441 - INFO - Epoch [73] Batch [20/35]                     Loss: 0.4601, Hard: 0.4279, Soft: 0.0322                     Acc: 87.80% LR: 0.000208                     Alpha: 0.5744425058364868                     Beta: 0.7346369624137878                     MemKD: 0.0
2026-02-09 22:18:43,731 - INFO - Epoch [73/130] Train Loss: 0.4048, Train Acc: 86.61%, Val Loss: 0.5386, Val Acc: 79.52%
2026-02-09 22:19:05,365 - INFO - Epoch [74] Batch [0/35]                     Loss: 0.1469, Hard: 0.1234, Soft: 0.0235                     Acc: 100.00% LR: 0.000202                     Alpha: 0.5744425058364868                     Beta: 0.7366383075714111                     MemKD: 0.0
2026-02-09 22:19:08,341 - INFO - Epoch [74] Batch [20/35]                     Loss: 0.2825, Hard: 0.2557, Soft: 0.0268                     Acc: 87.80% LR: 0.000202                     Alpha: 0.5744425058364868                     Beta: 0.7394082546234131                     MemKD: 0.0
2026-02-09 22:19:35,792 - INFO - Epoch [74/130] Train Loss: 0.3989, Train Acc: 87.32%, Val Loss: 0.5175, Val Acc: 83.64%
2026-02-09 22:19:57,795 - INFO - Epoch [75] Batch [0/35]                     Loss: 0.1719, Hard: 0.1547, Soft: 0.0172                     Acc: 93.75% LR: 0.000196                     Alpha: 0.5744425058364868                     Beta: 0.741350531578064                     MemKD: 0.0
2026-02-09 22:20:00,739 - INFO - Epoch [75] Batch [20/35]                     Loss: 0.3614, Hard: 0.3230, Soft: 0.0384                     Acc: 90.48% LR: 0.000196                     Alpha: 0.5744425058364868                     Beta: 0.7438481450080872                     MemKD: 0.0
2026-02-09 22:20:26,576 - INFO - Epoch [75/130] Train Loss: 0.3465, Train Acc: 88.75%, Val Loss: 0.5010, Val Acc: 81.52%
2026-02-09 22:20:49,039 - INFO - Epoch [76] Batch [0/35]                     Loss: 0.2173, Hard: 0.1971, Soft: 0.0202                     Acc: 93.75% LR: 0.000190                     Alpha: 0.5744425058364868                     Beta: 0.7459266185760498                     MemKD: 0.0
2026-02-09 22:20:51,958 - INFO - Epoch [76] Batch [20/35]                     Loss: 0.2556, Hard: 0.2302, Soft: 0.0254                     Acc: 88.39% LR: 0.000190                     Alpha: 0.5744425058364868                     Beta: 0.7484351992607117                     MemKD: 0.0
2026-02-09 22:21:18,110 - INFO - Epoch [76/130] Train Loss: 0.3917, Train Acc: 88.39%, Val Loss: 0.6677, Val Acc: 75.00%
2026-02-09 22:21:40,805 - INFO - Epoch [77] Batch [0/35]                     Loss: 0.2966, Hard: 0.2695, Soft: 0.0272                     Acc: 87.50% LR: 0.000184                     Alpha: 0.5744425058364868                     Beta: 0.7503174543380737                     MemKD: 0.0
2026-02-09 22:21:43,788 - INFO - Epoch [77] Batch [20/35]                     Loss: 0.7882, Hard: 0.7400, Soft: 0.0482                     Acc: 87.20% LR: 0.000184                     Alpha: 0.5744425058364868                     Beta: 0.7528087496757507                     MemKD: 0.0
2026-02-09 22:22:11,758 - INFO - Epoch [77/130] Train Loss: 0.3842, Train Acc: 87.50%, Val Loss: 0.4459, Val Acc: 82.71%
2026-02-09 22:22:34,148 - INFO - Epoch [78] Batch [0/35]                     Loss: 0.5209, Hard: 0.4868, Soft: 0.0341                     Acc: 81.25% LR: 0.000179                     Alpha: 0.5744425058364868                     Beta: 0.754681408405304                     MemKD: 0.0
2026-02-09 22:22:37,190 - INFO - Epoch [78] Batch [20/35]                     Loss: 0.6670, Hard: 0.6239, Soft: 0.0431                     Acc: 86.90% LR: 0.000179                     Alpha: 0.5744425058364868                     Beta: 0.7569727897644043                     MemKD: 0.0
2026-02-09 22:23:04,555 - INFO - Epoch [78/130] Train Loss: 0.3465, Train Acc: 88.21%, Val Loss: 0.3992, Val Acc: 84.97%
2026-02-09 22:23:25,705 - INFO - Epoch [79] Batch [0/35]                     Loss: 0.3753, Hard: 0.3513, Soft: 0.0240                     Acc: 81.25% LR: 0.000173                     Alpha: 0.5744425058364868                     Beta: 0.7586250305175781                     MemKD: 0.0
2026-02-09 22:23:28,687 - INFO - Epoch [79] Batch [20/35]                     Loss: 0.2403, Hard: 0.2185, Soft: 0.0218                     Acc: 86.01% LR: 0.000173                     Alpha: 0.5744425058364868                     Beta: 0.761060893535614                     MemKD: 0.0
2026-02-09 22:23:55,933 - INFO - Epoch [79/130] Train Loss: 0.3556, Train Acc: 87.68%, Val Loss: 0.4085, Val Acc: 84.84%
2026-02-09 22:24:18,909 - INFO - Epoch [80] Batch [0/35]                     Loss: 0.3701, Hard: 0.3451, Soft: 0.0250                     Acc: 81.25% LR: 0.000167                     Alpha: 0.5744425058364868                     Beta: 0.762751579284668                     MemKD: 0.0
2026-02-09 22:24:21,880 - INFO - Epoch [80] Batch [20/35]                     Loss: 0.6281, Hard: 0.5989, Soft: 0.0292                     Acc: 83.93% LR: 0.000167                     Alpha: 0.5744425058364868                     Beta: 0.765137791633606                     MemKD: 0.0
2026-02-09 22:24:48,978 - INFO - Epoch [80/130] Train Loss: 0.4141, Train Acc: 85.36%, Val Loss: 0.4046, Val Acc: 86.04%
2026-02-09 22:24:48,978 - INFO - Best model saved with accuracy: 86.04%
2026-02-09 22:24:49,046 - INFO - Checkpoint saved at epoch 80
2026-02-09 22:25:10,632 - INFO - Epoch [81] Batch [0/35]                     Loss: 0.3048, Hard: 0.2792, Soft: 0.0256                     Acc: 87.50% LR: 0.000161                     Alpha: 0.5744425058364868                     Beta: 0.7669511437416077                     MemKD: 0.0
2026-02-09 22:25:13,562 - INFO - Epoch [81] Batch [20/35]                     Loss: 0.3703, Hard: 0.3484, Soft: 0.0219                     Acc: 86.01% LR: 0.000161                     Alpha: 0.5744425058364868                     Beta: 0.7692264318466187                     MemKD: 0.0
2026-02-09 22:25:40,932 - INFO - Epoch [81/130] Train Loss: 0.3742, Train Acc: 85.18%, Val Loss: 0.3829, Val Acc: 85.51%
2026-02-09 22:26:03,256 - INFO - Epoch [82] Batch [0/35]                     Loss: 0.3157, Hard: 0.2887, Soft: 0.0270                     Acc: 87.50% LR: 0.000156                     Alpha: 0.5744425058364868                     Beta: 0.7709386944770813                     MemKD: 0.0
2026-02-09 22:26:06,247 - INFO - Epoch [82] Batch [20/35]                     Loss: 0.3096, Hard: 0.2860, Soft: 0.0236                     Acc: 86.31% LR: 0.000156                     Alpha: 0.5744425058364868                     Beta: 0.7731783390045166                     MemKD: 0.0
2026-02-09 22:26:32,393 - INFO - Epoch [82/130] Train Loss: 0.3729, Train Acc: 85.89%, Val Loss: 0.5245, Val Acc: 81.78%
2026-02-09 22:26:54,115 - INFO - Epoch [83] Batch [0/35]                     Loss: 0.3567, Hard: 0.3323, Soft: 0.0244                     Acc: 87.50% LR: 0.000150                     Alpha: 0.5744425058364868                     Beta: 0.7747908234596252                     MemKD: 0.0
2026-02-09 22:26:57,098 - INFO - Epoch [83] Batch [20/35]                     Loss: 0.2692, Hard: 0.2434, Soft: 0.0258                     Acc: 88.69% LR: 0.000150                     Alpha: 0.5744425058364868                     Beta: 0.7768285870552063                     MemKD: 0.0
2026-02-09 22:27:25,001 - INFO - Epoch [83/130] Train Loss: 0.3298, Train Acc: 89.82%, Val Loss: 0.4208, Val Acc: 82.98%
2026-02-09 22:27:47,505 - INFO - Epoch [84] Batch [0/35]                     Loss: 0.2603, Hard: 0.2342, Soft: 0.0261                     Acc: 93.75% LR: 0.000145                     Alpha: 0.5744425058364868                     Beta: 0.7783812880516052                     MemKD: 0.0
2026-02-09 22:27:50,440 - INFO - Epoch [84] Batch [20/35]                     Loss: 0.2614, Hard: 0.2382, Soft: 0.0233                     Acc: 88.10% LR: 0.000145                     Alpha: 0.5744425058364868                     Beta: 0.7803277373313904                     MemKD: 0.0
2026-02-09 22:28:17,263 - INFO - Epoch [84/130] Train Loss: 0.3800, Train Acc: 86.25%, Val Loss: 0.4144, Val Acc: 85.51%
2026-02-09 22:28:39,445 - INFO - Epoch [85] Batch [0/35]                     Loss: 0.4761, Hard: 0.4421, Soft: 0.0340                     Acc: 81.25% LR: 0.000139                     Alpha: 0.5744425058364868                     Beta: 0.7820215225219727                     MemKD: 0.0
2026-02-09 22:28:42,454 - INFO - Epoch [85] Batch [20/35]                     Loss: 0.2161, Hard: 0.1958, Soft: 0.0203                     Acc: 88.99% LR: 0.000139                     Alpha: 0.5744425058364868                     Beta: 0.7840657234191895                     MemKD: 0.0
2026-02-09 22:29:09,894 - INFO - Epoch [85/130] Train Loss: 0.3593, Train Acc: 88.04%, Val Loss: 0.4854, Val Acc: 81.52%
2026-02-09 22:29:30,895 - INFO - Epoch [86] Batch [0/35]                     Loss: 0.2237, Hard: 0.2039, Soft: 0.0198                     Acc: 93.75% LR: 0.000134                     Alpha: 0.5744425058364868                     Beta: 0.7855705618858337                     MemKD: 0.0
2026-02-09 22:29:33,867 - INFO - Epoch [86] Batch [20/35]                     Loss: 0.3389, Hard: 0.3149, Soft: 0.0240                     Acc: 87.80% LR: 0.000134                     Alpha: 0.5744425058364868                     Beta: 0.7874935865402222                     MemKD: 0.0
2026-02-09 22:30:00,448 - INFO - Epoch [86/130] Train Loss: 0.3991, Train Acc: 86.25%, Val Loss: 0.3936, Val Acc: 85.11%
2026-02-09 22:30:21,550 - INFO - Epoch [87] Batch [0/35]                     Loss: 0.1926, Hard: 0.1743, Soft: 0.0183                     Acc: 93.75% LR: 0.000129                     Alpha: 0.5744425058364868                     Beta: 0.7891367673873901                     MemKD: 0.0
2026-02-09 22:30:24,564 - INFO - Epoch [87] Batch [20/35]                     Loss: 0.2630, Hard: 0.2450, Soft: 0.0179                     Acc: 85.12% LR: 0.000129                     Alpha: 0.5744425058364868                     Beta: 0.7912273406982422                     MemKD: 0.0
2026-02-09 22:30:52,014 - INFO - Epoch [87/130] Train Loss: 0.3839, Train Acc: 86.96%, Val Loss: 0.4393, Val Acc: 82.18%
2026-02-09 22:31:13,795 - INFO - Epoch [88] Batch [0/35]                     Loss: 0.1805, Hard: 0.1615, Soft: 0.0190                     Acc: 87.50% LR: 0.000123                     Alpha: 0.5744425058364868                     Beta: 0.7927870154380798                     MemKD: 0.0
2026-02-09 22:31:16,810 - INFO - Epoch [88] Batch [20/35]                     Loss: 0.3440, Hard: 0.3226, Soft: 0.0213                     Acc: 88.69% LR: 0.000123                     Alpha: 0.5744425058364868                     Beta: 0.7943876385688782                     MemKD: 0.0
2026-02-09 22:31:43,999 - INFO - Epoch [88/130] Train Loss: 0.2923, Train Acc: 89.64%, Val Loss: 0.4030, Val Acc: 84.31%
2026-02-09 22:32:06,529 - INFO - Epoch [89] Batch [0/35]                     Loss: 0.2571, Hard: 0.2351, Soft: 0.0221                     Acc: 93.75% LR: 0.000118                     Alpha: 0.5744425058364868                     Beta: 0.7955101728439331                     MemKD: 0.0
2026-02-09 22:32:09,495 - INFO - Epoch [89] Batch [20/35]                     Loss: 0.3145, Hard: 0.2923, Soft: 0.0222                     Acc: 88.39% LR: 0.000118                     Alpha: 0.5744425058364868                     Beta: 0.7971268892288208                     MemKD: 0.0
2026-02-09 22:32:35,814 - INFO - Epoch [89/130] Train Loss: 0.3566, Train Acc: 87.14%, Val Loss: 0.3865, Val Acc: 86.44%
2026-02-09 22:32:35,814 - INFO - Best model saved with accuracy: 86.44%
2026-02-09 22:32:57,919 - INFO - Epoch [90] Batch [0/35]                     Loss: 0.2552, Hard: 0.2331, Soft: 0.0221                     Acc: 93.75% LR: 0.000113                     Alpha: 0.5744425058364868                     Beta: 0.798424482345581                     MemKD: 0.0
2026-02-09 22:33:00,897 - INFO - Epoch [90] Batch [20/35]                     Loss: 0.2593, Hard: 0.2398, Soft: 0.0195                     Acc: 88.39% LR: 0.000113                     Alpha: 0.5744425058364868                     Beta: 0.8000273704528809                     MemKD: 0.0
2026-02-09 22:33:28,621 - INFO - Epoch [90/130] Train Loss: 0.3232, Train Acc: 87.50%, Val Loss: 0.4271, Val Acc: 83.64%
2026-02-09 22:33:28,673 - INFO - Checkpoint saved at epoch 90
2026-02-09 22:33:48,571 - INFO - Epoch [91] Batch [0/35]                     Loss: 0.3111, Hard: 0.2863, Soft: 0.0249                     Acc: 87.50% LR: 0.000108                     Alpha: 0.5744425058364868                     Beta: 0.8011090755462646                     MemKD: 0.0
2026-02-09 22:33:51,551 - INFO - Epoch [91] Batch [20/35]                     Loss: 0.2457, Hard: 0.2278, Soft: 0.0178                     Acc: 87.50% LR: 0.000108                     Alpha: 0.5744425058364868                     Beta: 0.8026819825172424                     MemKD: 0.0
2026-02-09 22:34:17,918 - INFO - Epoch [91/130] Train Loss: 0.3149, Train Acc: 88.75%, Val Loss: 0.3978, Val Acc: 85.51%
2026-02-09 22:34:40,165 - INFO - Epoch [92] Batch [0/35]                     Loss: 0.1806, Hard: 0.1665, Soft: 0.0141                     Acc: 93.75% LR: 0.000103                     Alpha: 0.5744425058364868                     Beta: 0.8037508726119995                     MemKD: 0.0
2026-02-09 22:34:43,160 - INFO - Epoch [92] Batch [20/35]                     Loss: 0.2501, Hard: 0.2259, Soft: 0.0243                     Acc: 87.80% LR: 0.000103                     Alpha: 0.5744425058364868                     Beta: 0.8051375150680542                     MemKD: 0.0
2026-02-09 22:35:09,387 - INFO - Epoch [92/130] Train Loss: 0.3415, Train Acc: 87.32%, Val Loss: 0.4187, Val Acc: 85.64%
2026-02-09 22:35:31,543 - INFO - Epoch [93] Batch [0/35]                     Loss: 0.3006, Hard: 0.2768, Soft: 0.0238                     Acc: 93.75% LR: 0.000098                     Alpha: 0.5744425058364868                     Beta: 0.8063264489173889                     MemKD: 0.0
2026-02-09 22:35:34,529 - INFO - Epoch [93] Batch [20/35]                     Loss: 0.2390, Hard: 0.2187, Soft: 0.0203                     Acc: 91.07% LR: 0.000098                     Alpha: 0.5744425058364868                     Beta: 0.8075883984565735                     MemKD: 0.0
2026-02-09 22:36:01,837 - INFO - Epoch [93/130] Train Loss: 0.2853, Train Acc: 90.36%, Val Loss: 0.4144, Val Acc: 85.24%
2026-02-09 22:36:23,996 - INFO - Epoch [94] Batch [0/35]                     Loss: 0.5334, Hard: 0.4997, Soft: 0.0336                     Acc: 81.25% LR: 0.000093                     Alpha: 0.5744425058364868                     Beta: 0.8085770606994629                     MemKD: 0.0
2026-02-09 22:36:26,917 - INFO - Epoch [94] Batch [20/35]                     Loss: 0.2767, Hard: 0.2580, Soft: 0.0187                     Acc: 89.29% LR: 0.000093                     Alpha: 0.5744425058364868                     Beta: 0.8098921179771423                     MemKD: 0.0
2026-02-09 22:36:53,051 - INFO - Epoch [94/130] Train Loss: 0.2981, Train Acc: 90.00%, Val Loss: 0.4090, Val Acc: 85.51%
2026-02-09 22:37:16,086 - INFO - Epoch [95] Batch [0/35]                     Loss: 0.6714, Hard: 0.6307, Soft: 0.0407                     Acc: 87.50% LR: 0.000089                     Alpha: 0.5744425058364868                     Beta: 0.8108146786689758                     MemKD: 0.0
2026-02-09 22:37:19,204 - INFO - Epoch [95] Batch [20/35]                     Loss: 0.3840, Hard: 0.3668, Soft: 0.0172                     Acc: 88.99% LR: 0.000089                     Alpha: 0.5744425058364868                     Beta: 0.8121285438537598                     MemKD: 0.0
2026-02-09 22:37:47,099 - INFO - Epoch [95/130] Train Loss: 0.3202, Train Acc: 88.57%, Val Loss: 0.3789, Val Acc: 84.31%
2026-02-09 22:38:09,317 - INFO - Epoch [96] Batch [0/35]                     Loss: 0.1926, Hard: 0.1779, Soft: 0.0147                     Acc: 87.50% LR: 0.000084                     Alpha: 0.5744425058364868                     Beta: 0.8130270838737488                     MemKD: 0.0
2026-02-09 22:38:12,273 - INFO - Epoch [96] Batch [20/35]                     Loss: 0.2420, Hard: 0.2253, Soft: 0.0167                     Acc: 89.88% LR: 0.000084                     Alpha: 0.5744425058364868                     Beta: 0.8141874670982361                     MemKD: 0.0
2026-02-09 22:38:40,103 - INFO - Epoch [96/130] Train Loss: 0.3046, Train Acc: 89.46%, Val Loss: 0.4297, Val Acc: 84.04%
2026-02-09 22:39:02,608 - INFO - Epoch [97] Batch [0/35]                     Loss: 0.2217, Hard: 0.2043, Soft: 0.0174                     Acc: 87.50% LR: 0.000080                     Alpha: 0.5744425058364868                     Beta: 0.8150848746299744                     MemKD: 0.0
2026-02-09 22:39:05,634 - INFO - Epoch [97] Batch [20/35]                     Loss: 0.6812, Hard: 0.6499, Soft: 0.0313                     Acc: 88.39% LR: 0.000080                     Alpha: 0.5744425058364868                     Beta: 0.8161841034889221                     MemKD: 0.0
2026-02-09 22:39:31,278 - INFO - Epoch [97/130] Train Loss: 0.2965, Train Acc: 89.29%, Val Loss: 0.3847, Val Acc: 86.57%
2026-02-09 22:39:31,278 - INFO - Best model saved with accuracy: 86.57%
2026-02-09 22:39:53,814 - INFO - Epoch [98] Batch [0/35]                     Loss: 0.2959, Hard: 0.2759, Soft: 0.0200                     Acc: 93.75% LR: 0.000075                     Alpha: 0.5744425058364868                     Beta: 0.816994309425354                     MemKD: 0.0
2026-02-09 22:39:56,833 - INFO - Epoch [98] Batch [20/35]                     Loss: 0.1190, Hard: 0.1070, Soft: 0.0120                     Acc: 89.58% LR: 0.000075                     Alpha: 0.5744425058364868                     Beta: 0.818049430847168                     MemKD: 0.0
2026-02-09 22:40:24,165 - INFO - Epoch [98/130] Train Loss: 0.3168, Train Acc: 89.46%, Val Loss: 0.4481, Val Acc: 84.31%
2026-02-09 22:40:46,762 - INFO - Epoch [99] Batch [0/35]                     Loss: 0.1543, Hard: 0.1350, Soft: 0.0192                     Acc: 93.75% LR: 0.000071                     Alpha: 0.5744425058364868                     Beta: 0.8188579082489014                     MemKD: 0.0
2026-02-09 22:40:49,732 - INFO - Epoch [99] Batch [20/35]                     Loss: 0.3647, Hard: 0.3485, Soft: 0.0162                     Acc: 88.69% LR: 0.000071                     Alpha: 0.5744425058364868                     Beta: 0.819885790348053                     MemKD: 0.0
2026-02-09 22:41:16,702 - INFO - Epoch [99/130] Train Loss: 0.3001, Train Acc: 90.00%, Val Loss: 0.4131, Val Acc: 84.97%
2026-02-09 22:41:39,251 - INFO - Epoch [100] Batch [0/35]                     Loss: 0.2583, Hard: 0.2401, Soft: 0.0182                     Acc: 87.50% LR: 0.000067                     Alpha: 0.5744425058364868                     Beta: 0.8206489086151123                     MemKD: 0.0
2026-02-09 22:41:42,208 - INFO - Epoch [100] Batch [20/35]                     Loss: 0.2725, Hard: 0.2519, Soft: 0.0206                     Acc: 90.48% LR: 0.000067                     Alpha: 0.5744425058364868                     Beta: 0.8215499520301819                     MemKD: 0.0
2026-02-09 22:42:09,280 - INFO - Epoch [100/130] Train Loss: 0.2776, Train Acc: 90.00%, Val Loss: 0.4068, Val Acc: 85.37%
2026-02-09 22:42:09,332 - INFO - Checkpoint saved at epoch 100
2026-02-09 22:42:30,289 - INFO - Epoch [101] Batch [0/35]                     Loss: 1.0723, Hard: 1.0261, Soft: 0.0462                     Acc: 75.00% LR: 0.000063                     Alpha: 0.5744425058364868                     Beta: 0.8222187161445618                     MemKD: 0.0
2026-02-09 22:42:33,265 - INFO - Epoch [101] Batch [20/35]                     Loss: 0.1534, Hard: 0.1374, Soft: 0.0159                     Acc: 89.29% LR: 0.000063                     Alpha: 0.5744425058364868                     Beta: 0.8231122493743896                     MemKD: 0.0
2026-02-09 22:43:00,576 - INFO - Epoch [101/130] Train Loss: 0.2988, Train Acc: 89.64%, Val Loss: 0.4256, Val Acc: 84.31%
2026-02-09 22:43:23,334 - INFO - Epoch [102] Batch [0/35]                     Loss: 0.0754, Hard: 0.0637, Soft: 0.0117                     Acc: 100.00% LR: 0.000059                     Alpha: 0.5744425058364868                     Beta: 0.8237782716751099                     MemKD: 0.0
2026-02-09 22:43:26,329 - INFO - Epoch [102] Batch [20/35]                     Loss: 0.2909, Hard: 0.2754, Soft: 0.0155                     Acc: 92.86% LR: 0.000059                     Alpha: 0.5744425058364868                     Beta: 0.8245385885238647                     MemKD: 0.0
2026-02-09 22:43:54,143 - INFO - Epoch [102/130] Train Loss: 0.2701, Train Acc: 90.54%, Val Loss: 0.3699, Val Acc: 85.90%
2026-02-09 22:44:15,625 - INFO - Epoch [103] Batch [0/35]                     Loss: 0.1923, Hard: 0.1738, Soft: 0.0186                     Acc: 93.75% LR: 0.000055                     Alpha: 0.5744425058364868                     Beta: 0.8251751661300659                     MemKD: 0.0
2026-02-09 22:44:18,598 - INFO - Epoch [103] Batch [20/35]                     Loss: 0.1162, Hard: 0.1062, Soft: 0.0099                     Acc: 90.18% LR: 0.000055                     Alpha: 0.5744425058364868                     Beta: 0.8259339928627014                     MemKD: 0.0
2026-02-09 22:44:46,061 - INFO - Epoch [103/130] Train Loss: 0.2953, Train Acc: 89.82%, Val Loss: 0.3841, Val Acc: 85.90%
2026-02-09 22:45:08,323 - INFO - Epoch [104] Batch [0/35]                     Loss: 0.3135, Hard: 0.2957, Soft: 0.0178                     Acc: 93.75% LR: 0.000051                     Alpha: 0.5744425058364868                     Beta: 0.8265408873558044                     MemKD: 0.0
2026-02-09 22:45:11,301 - INFO - Epoch [104] Batch [20/35]                     Loss: 0.3266, Hard: 0.2998, Soft: 0.0268                     Acc: 90.77% LR: 0.000051                     Alpha: 0.5744425058364868                     Beta: 0.8272740840911865                     MemKD: 0.0
2026-02-09 22:45:38,144 - INFO - Epoch [104/130] Train Loss: 0.2751, Train Acc: 90.89%, Val Loss: 0.3815, Val Acc: 85.51%
2026-02-09 22:45:58,385 - INFO - Epoch [105] Batch [0/35]                     Loss: 0.4969, Hard: 0.4754, Soft: 0.0216                     Acc: 81.25% LR: 0.000048                     Alpha: 0.5744425058364868                     Beta: 0.8278322219848633                     MemKD: 0.0
2026-02-09 22:46:01,412 - INFO - Epoch [105] Batch [20/35]                     Loss: 0.2336, Hard: 0.2099, Soft: 0.0237                     Acc: 91.37% LR: 0.000048                     Alpha: 0.5744425058364868                     Beta: 0.8284446597099304                     MemKD: 0.0
2026-02-09 22:46:29,760 - INFO - Epoch [105/130] Train Loss: 0.3034, Train Acc: 89.46%, Val Loss: 0.3818, Val Acc: 86.17%
2026-02-09 22:46:52,326 - INFO - Epoch [106] Batch [0/35]                     Loss: 0.2944, Hard: 0.2749, Soft: 0.0195                     Acc: 93.75% LR: 0.000044                     Alpha: 0.5744425058364868                     Beta: 0.8289656043052673                     MemKD: 0.0
2026-02-09 22:46:55,264 - INFO - Epoch [106] Batch [20/35]                     Loss: 0.4527, Hard: 0.4217, Soft: 0.0310                     Acc: 86.01% LR: 0.000044                     Alpha: 0.5744425058364868                     Beta: 0.8296764492988586                     MemKD: 0.0
2026-02-09 22:47:21,722 - INFO - Epoch [106/130] Train Loss: 0.3223, Train Acc: 87.68%, Val Loss: 0.3907, Val Acc: 85.64%
2026-02-09 22:47:43,878 - INFO - Epoch [107] Batch [0/35]                     Loss: 0.3401, Hard: 0.3145, Soft: 0.0255                     Acc: 81.25% LR: 0.000041                     Alpha: 0.5744425058364868                     Beta: 0.8301911950111389                     MemKD: 0.0
2026-02-09 22:47:46,876 - INFO - Epoch [107] Batch [20/35]                     Loss: 0.2062, Hard: 0.1926, Soft: 0.0136                     Acc: 88.69% LR: 0.000041                     Alpha: 0.5744425058364868                     Beta: 0.8308238387107849                     MemKD: 0.0
2026-02-09 22:48:13,991 - INFO - Epoch [107/130] Train Loss: 0.3042, Train Acc: 89.82%, Val Loss: 0.3979, Val Acc: 85.90%
2026-02-09 22:48:36,380 - INFO - Epoch [108] Batch [0/35]                     Loss: 0.2232, Hard: 0.2046, Soft: 0.0186                     Acc: 93.75% LR: 0.000038                     Alpha: 0.5744425058364868                     Beta: 0.8312827348709106                     MemKD: 0.0
2026-02-09 22:48:39,371 - INFO - Epoch [108] Batch [20/35]                     Loss: 0.4489, Hard: 0.4237, Soft: 0.0252                     Acc: 94.05% LR: 0.000038                     Alpha: 0.5744425058364868                     Beta: 0.831770658493042                     MemKD: 0.0
2026-02-09 22:49:05,290 - INFO - Epoch [108/130] Train Loss: 0.2666, Train Acc: 92.50%, Val Loss: 0.3825, Val Acc: 87.50%
2026-02-09 22:49:05,290 - INFO - Best model saved with accuracy: 87.50%
2026-02-09 22:49:25,311 - INFO - Epoch [109] Batch [0/35]                     Loss: 0.2399, Hard: 0.2256, Soft: 0.0143                     Acc: 93.75% LR: 0.000035                     Alpha: 0.5744425058364868                     Beta: 0.8321823477745056                     MemKD: 0.0
2026-02-09 22:49:28,266 - INFO - Epoch [109] Batch [20/35]                     Loss: 0.0584, Hard: 0.0498, Soft: 0.0086                     Acc: 92.26% LR: 0.000035                     Alpha: 0.5744425058364868                     Beta: 0.8327611684799194                     MemKD: 0.0
2026-02-09 22:49:54,504 - INFO - Epoch [109/130] Train Loss: 0.3091, Train Acc: 90.71%, Val Loss: 0.3698, Val Acc: 87.63%
2026-02-09 22:49:54,505 - INFO - Best model saved with accuracy: 87.63%
2026-02-09 22:50:16,934 - INFO - Epoch [110] Batch [0/35]                     Loss: 0.3736, Hard: 0.3507, Soft: 0.0229                     Acc: 81.25% LR: 0.000032                     Alpha: 0.5744425058364868                     Beta: 0.8331712484359741                     MemKD: 0.0
2026-02-09 22:50:19,947 - INFO - Epoch [110] Batch [20/35]                     Loss: 0.1755, Hard: 0.1635, Soft: 0.0120                     Acc: 89.29% LR: 0.000032                     Alpha: 0.5744425058364868                     Beta: 0.8336869478225708                     MemKD: 0.0
2026-02-09 22:50:47,117 - INFO - Epoch [110/130] Train Loss: 0.2652, Train Acc: 90.36%, Val Loss: 0.3788, Val Acc: 87.10%
2026-02-09 22:50:47,185 - INFO - Checkpoint saved at epoch 110
2026-02-09 22:51:08,403 - INFO - Epoch [111] Batch [0/35]                     Loss: 0.2280, Hard: 0.2066, Soft: 0.0213                     Acc: 87.50% LR: 0.000029                     Alpha: 0.5744425058364868                     Beta: 0.8340284824371338                     MemKD: 0.0
2026-02-09 22:51:11,427 - INFO - Epoch [111] Batch [20/35]                     Loss: 0.4988, Hard: 0.4730, Soft: 0.0258                     Acc: 91.67% LR: 0.000029                     Alpha: 0.5744425058364868                     Beta: 0.8344272971153259                     MemKD: 0.0
2026-02-09 22:51:38,182 - INFO - Epoch [111/130] Train Loss: 0.2392, Train Acc: 91.25%, Val Loss: 0.3898, Val Acc: 86.44%
2026-02-09 22:51:59,622 - INFO - Epoch [112] Batch [0/35]                     Loss: 0.1314, Hard: 0.1171, Soft: 0.0143                     Acc: 93.75% LR: 0.000026                     Alpha: 0.5744425058364868                     Beta: 0.8347266912460327                     MemKD: 0.0
2026-02-09 22:52:02,611 - INFO - Epoch [112] Batch [20/35]                     Loss: 0.1293, Hard: 0.1175, Soft: 0.0117                     Acc: 90.18% LR: 0.000026                     Alpha: 0.5744425058364868                     Beta: 0.8351283073425293                     MemKD: 0.0
2026-02-09 22:52:29,366 - INFO - Epoch [112/130] Train Loss: 0.2725, Train Acc: 90.36%, Val Loss: 0.3805, Val Acc: 86.84%
2026-02-09 22:52:50,858 - INFO - Epoch [113] Batch [0/35]                     Loss: 0.3093, Hard: 0.2904, Soft: 0.0189                     Acc: 87.50% LR: 0.000023                     Alpha: 0.5744425058364868                     Beta: 0.8354004621505737                     MemKD: 0.0
2026-02-09 22:52:53,816 - INFO - Epoch [113] Batch [20/35]                     Loss: 0.2839, Hard: 0.2673, Soft: 0.0165                     Acc: 90.48% LR: 0.000023                     Alpha: 0.5744425058364868                     Beta: 0.8357489705085754                     MemKD: 0.0
2026-02-09 22:53:20,986 - INFO - Epoch [113/130] Train Loss: 0.2808, Train Acc: 89.64%, Val Loss: 0.3999, Val Acc: 86.44%
2026-02-09 22:53:41,565 - INFO - Epoch [114] Batch [0/35]                     Loss: 0.1839, Hard: 0.1693, Soft: 0.0146                     Acc: 93.75% LR: 0.000021                     Alpha: 0.5744425058364868                     Beta: 0.8360263109207153                     MemKD: 0.0
2026-02-09 22:53:44,540 - INFO - Epoch [114] Batch [20/35]                     Loss: 0.5132, Hard: 0.4909, Soft: 0.0222                     Acc: 92.26% LR: 0.000021                     Alpha: 0.5744425058364868                     Beta: 0.8363274931907654                     MemKD: 0.0
2026-02-09 22:54:12,063 - INFO - Epoch [114/130] Train Loss: 0.2707, Train Acc: 91.79%, Val Loss: 0.3698, Val Acc: 87.37%
2026-02-09 22:54:34,467 - INFO - Epoch [115] Batch [0/35]                     Loss: 0.0892, Hard: 0.0750, Soft: 0.0142                     Acc: 100.00% LR: 0.000018                     Alpha: 0.5744425058364868                     Beta: 0.836561918258667                     MemKD: 0.0
2026-02-09 22:54:37,467 - INFO - Epoch [115] Batch [20/35]                     Loss: 0.4413, Hard: 0.4165, Soft: 0.0248                     Acc: 91.07% LR: 0.000018                     Alpha: 0.5744425058364868                     Beta: 0.8368303775787354                     MemKD: 0.0
2026-02-09 22:55:03,910 - INFO - Epoch [115/130] Train Loss: 0.2924, Train Acc: 90.18%, Val Loss: 0.3694, Val Acc: 86.84%
2026-02-09 22:55:26,661 - INFO - Epoch [116] Batch [0/35]                     Loss: 0.2863, Hard: 0.2681, Soft: 0.0182                     Acc: 87.50% LR: 0.000016                     Alpha: 0.5744425058364868                     Beta: 0.8370528221130371                     MemKD: 0.0
2026-02-09 22:55:29,679 - INFO - Epoch [116] Batch [20/35]                     Loss: 0.1231, Hard: 0.1132, Soft: 0.0099                     Acc: 88.99% LR: 0.000016                     Alpha: 0.5744425058364868                     Beta: 0.8373140096664429                     MemKD: 0.0
2026-02-09 22:55:55,777 - INFO - Epoch [116/130] Train Loss: 0.3061, Train Acc: 89.64%, Val Loss: 0.3659, Val Acc: 86.97%
2026-02-09 22:56:17,987 - INFO - Epoch [117] Batch [0/35]                     Loss: 0.0930, Hard: 0.0812, Soft: 0.0119                     Acc: 100.00% LR: 0.000014                     Alpha: 0.5744425058364868                     Beta: 0.8375053405761719                     MemKD: 0.0
2026-02-09 22:56:20,979 - INFO - Epoch [117] Batch [20/35]                     Loss: 0.3285, Hard: 0.3092, Soft: 0.0193                     Acc: 89.29% LR: 0.000014                     Alpha: 0.5744425058364868                     Beta: 0.8377366662025452                     MemKD: 0.0
2026-02-09 22:56:46,436 - INFO - Epoch [117/130] Train Loss: 0.2981, Train Acc: 90.00%, Val Loss: 0.3889, Val Acc: 84.84%
2026-02-09 22:57:08,395 - INFO - Epoch [118] Batch [0/35]                     Loss: 0.3408, Hard: 0.3196, Soft: 0.0212                     Acc: 93.75% LR: 0.000012                     Alpha: 0.5744425058364868                     Beta: 0.8378952145576477                     MemKD: 0.0
2026-02-09 22:57:11,366 - INFO - Epoch [118] Batch [20/35]                     Loss: 0.2361, Hard: 0.2180, Soft: 0.0181                     Acc: 89.29% LR: 0.000012                     Alpha: 0.5744425058364868                     Beta: 0.838080883026123                     MemKD: 0.0
2026-02-09 22:57:38,596 - INFO - Epoch [118/130] Train Loss: 0.2893, Train Acc: 89.64%, Val Loss: 0.3669, Val Acc: 86.84%
2026-02-09 22:58:00,105 - INFO - Epoch [119] Batch [0/35]                     Loss: 0.2372, Hard: 0.2201, Soft: 0.0171                     Acc: 87.50% LR: 0.000010                     Alpha: 0.5744425058364868                     Beta: 0.8382212519645691                     MemKD: 0.0
2026-02-09 22:58:03,105 - INFO - Epoch [119] Batch [20/35]                     Loss: 0.5580, Hard: 0.5245, Soft: 0.0335                     Acc: 91.37% LR: 0.000010                     Alpha: 0.5744425058364868                     Beta: 0.838377058506012                     MemKD: 0.0
2026-02-09 22:58:29,139 - INFO - Epoch [119/130] Train Loss: 0.2589, Train Acc: 91.07%, Val Loss: 0.3639, Val Acc: 86.97%
2026-02-09 22:58:50,198 - INFO - Epoch [120] Batch [0/35]                     Loss: 0.5016, Hard: 0.4767, Soft: 0.0249                     Acc: 87.50% LR: 0.000009                     Alpha: 0.5744425058364868                     Beta: 0.8385013937950134                     MemKD: 0.0
2026-02-09 22:58:53,148 - INFO - Epoch [120] Batch [20/35]                     Loss: 0.1007, Hard: 0.0913, Soft: 0.0094                     Acc: 90.48% LR: 0.000009                     Alpha: 0.5744425058364868                     Beta: 0.8386332988739014                     MemKD: 0.0
2026-02-09 22:59:21,566 - INFO - Epoch [120/130] Train Loss: 0.2630, Train Acc: 91.79%, Val Loss: 0.3747, Val Acc: 86.70%
2026-02-09 22:59:21,619 - INFO - Checkpoint saved at epoch 120
2026-02-09 22:59:43,405 - INFO - Epoch [121] Batch [0/35]                     Loss: 0.1721, Hard: 0.1610, Soft: 0.0111                     Acc: 93.75% LR: 0.000007                     Alpha: 0.5744425058364868                     Beta: 0.8387237787246704                     MemKD: 0.0
2026-02-09 22:59:46,388 - INFO - Epoch [121] Batch [20/35]                     Loss: 0.3737, Hard: 0.3534, Soft: 0.0203                     Acc: 91.96% LR: 0.000007                     Alpha: 0.5744425058364868                     Beta: 0.838814914226532                     MemKD: 0.0
2026-02-09 23:00:13,352 - INFO - Epoch [121/130] Train Loss: 0.2240, Train Acc: 92.68%, Val Loss: 0.3609, Val Acc: 87.50%
2026-02-09 23:00:36,854 - INFO - Epoch [122] Batch [0/35]                     Loss: 0.3840, Hard: 0.3655, Soft: 0.0185                     Acc: 81.25% LR: 0.000006                     Alpha: 0.5744425058364868                     Beta: 0.8388893604278564                     MemKD: 0.0
2026-02-09 23:00:39,840 - INFO - Epoch [122] Batch [20/35]                     Loss: 0.5906, Hard: 0.5557, Soft: 0.0349                     Acc: 91.96% LR: 0.000006                     Alpha: 0.5744425058364868                     Beta: 0.8389760255813599                     MemKD: 0.0
2026-02-09 23:01:05,330 - INFO - Epoch [122/130] Train Loss: 0.2520, Train Acc: 91.43%, Val Loss: 0.3796, Val Acc: 86.57%
2026-02-09 23:01:27,491 - INFO - Epoch [123] Batch [0/35]                     Loss: 0.6185, Hard: 0.5964, Soft: 0.0221                     Acc: 75.00% LR: 0.000005                     Alpha: 0.5744425058364868                     Beta: 0.8390451669692993                     MemKD: 0.0
2026-02-09 23:01:30,480 - INFO - Epoch [123] Batch [20/35]                     Loss: 0.4873, Hard: 0.4613, Soft: 0.0261                     Acc: 88.39% LR: 0.000005                     Alpha: 0.5744425058364868                     Beta: 0.8391166925430298                     MemKD: 0.0
2026-02-09 23:01:58,430 - INFO - Epoch [123/130] Train Loss: 0.2559, Train Acc: 91.43%, Val Loss: 0.3612, Val Acc: 87.10%
2026-02-09 23:02:20,896 - INFO - Epoch [124] Batch [0/35]                     Loss: 0.1388, Hard: 0.1259, Soft: 0.0129                     Acc: 93.75% LR: 0.000004                     Alpha: 0.5744425058364868                     Beta: 0.839167594909668                     MemKD: 0.0
2026-02-09 23:02:23,908 - INFO - Epoch [124] Batch [20/35]                     Loss: 0.2173, Hard: 0.2008, Soft: 0.0164                     Acc: 91.37% LR: 0.000004                     Alpha: 0.5744425058364868                     Beta: 0.8392193913459778                     MemKD: 0.0
2026-02-09 23:02:50,550 - INFO - Epoch [124/130] Train Loss: 0.2742, Train Acc: 90.54%, Val Loss: 0.3627, Val Acc: 87.77%
2026-02-09 23:02:50,551 - INFO - Best model saved with accuracy: 87.77%
2026-02-09 23:03:11,573 - INFO - Epoch [125] Batch [0/35]                     Loss: 0.4814, Hard: 0.4577, Soft: 0.0237                     Acc: 87.50% LR: 0.000003                     Alpha: 0.5744425058364868                     Beta: 0.839260458946228                     MemKD: 0.0
2026-02-09 23:03:14,525 - INFO - Epoch [125] Batch [20/35]                     Loss: 0.5472, Hard: 0.5177, Soft: 0.0295                     Acc: 88.69% LR: 0.000003                     Alpha: 0.5744425058364868                     Beta: 0.8393054604530334                     MemKD: 0.0
2026-02-09 23:03:40,988 - INFO - Epoch [125/130] Train Loss: 0.3082, Train Acc: 88.21%, Val Loss: 0.3788, Val Acc: 87.10%
2026-02-09 23:04:03,014 - INFO - Epoch [126] Batch [0/35]                     Loss: 0.3147, Hard: 0.2985, Soft: 0.0162                     Acc: 93.75% LR: 0.000002                     Alpha: 0.5744425058364868                     Beta: 0.8393397331237793                     MemKD: 0.0
2026-02-09 23:04:06,024 - INFO - Epoch [126] Batch [20/35]                     Loss: 0.1798, Hard: 0.1673, Soft: 0.0125                     Acc: 89.58% LR: 0.000002                     Alpha: 0.5744425058364868                     Beta: 0.8393707275390625                     MemKD: 0.0
2026-02-09 23:04:33,620 - INFO - Epoch [126/130] Train Loss: 0.2749, Train Acc: 89.64%, Val Loss: 0.3664, Val Acc: 86.97%
2026-02-09 23:04:54,932 - INFO - Epoch [127] Batch [0/35]                     Loss: 0.1229, Hard: 0.1116, Soft: 0.0113                     Acc: 93.75% LR: 0.000001                     Alpha: 0.5744425058364868                     Beta: 0.83939129114151                     MemKD: 0.0
2026-02-09 23:04:57,913 - INFO - Epoch [127] Batch [20/35]                     Loss: 0.2723, Hard: 0.2568, Soft: 0.0155                     Acc: 89.88% LR: 0.000001                     Alpha: 0.5744425058364868                     Beta: 0.8394098281860352                     MemKD: 0.0
2026-02-09 23:05:24,910 - INFO - Epoch [127/130] Train Loss: 0.2889, Train Acc: 90.54%, Val Loss: 0.3574, Val Acc: 87.23%
2026-02-09 23:05:46,399 - INFO - Epoch [128] Batch [0/35]                     Loss: 0.1030, Hard: 0.0915, Soft: 0.0115                     Acc: 100.00% LR: 0.000001                     Alpha: 0.5744425058364868                     Beta: 0.8394231796264648                     MemKD: 0.0
2026-02-09 23:05:49,365 - INFO - Epoch [128] Batch [20/35]                     Loss: 0.1531, Hard: 0.1354, Soft: 0.0177                     Acc: 90.18% LR: 0.000001                     Alpha: 0.5744425058364868                     Beta: 0.8394334316253662                     MemKD: 0.0
2026-02-09 23:06:16,690 - INFO - Epoch [128/130] Train Loss: 0.2775, Train Acc: 90.18%, Val Loss: 0.3594, Val Acc: 87.23%
2026-02-09 23:06:39,141 - INFO - Epoch [129] Batch [0/35]                     Loss: 0.5558, Hard: 0.5309, Soft: 0.0250                     Acc: 81.25% LR: 0.000000                     Alpha: 0.5744425058364868                     Beta: 0.8394414782524109                     MemKD: 0.0
2026-02-09 23:06:42,197 - INFO - Epoch [129] Batch [20/35]                     Loss: 0.1747, Hard: 0.1577, Soft: 0.0170                     Acc: 91.07% LR: 0.000000                     Alpha: 0.5744425058364868                     Beta: 0.8394462466239929                     MemKD: 0.0
2026-02-09 23:07:09,450 - INFO - Epoch [129/130] Train Loss: 0.2646, Train Acc: 90.18%, Val Loss: 0.3521, Val Acc: 86.97%
2026-02-09 23:07:31,121 - INFO - Epoch [130] Batch [0/35]                     Loss: 0.2715, Hard: 0.2557, Soft: 0.0158                     Acc: 87.50% LR: 0.000000                     Alpha: 0.5744425058364868                     Beta: 0.8394498229026794                     MemKD: 0.0
2026-02-09 23:07:34,114 - INFO - Epoch [130] Batch [20/35]                     Loss: 0.2728, Hard: 0.2571, Soft: 0.0157                     Acc: 92.26% LR: 0.000000                     Alpha: 0.5744425058364868                     Beta: 0.839451014995575                     MemKD: 0.0
2026-02-09 23:08:00,358 - INFO - Epoch [130/130] Train Loss: 0.2568, Train Acc: 90.54%, Val Loss: 0.3815, Val Acc: 86.04%
2026-02-09 23:08:00,422 - INFO - Checkpoint saved at epoch 130
2026-02-09 23:08:00,422 - INFO - ==================================================
2026-02-09 23:08:00,422 - INFO - Training finished! Best accuracy: 87.77%
2026-02-09 23:08:00,422 - INFO - ==================================================
